
Gurobi 11.0.2 (win64) logging started Tue Oct 15 00:25:50 2024

Set parameter LogFile to value ".\Experiments\Track_k_e_none_2_reruns\Logs\Track_k_e_none_2_reruns_r3_c2.log"
Set parameter TimeLimit to value 21600
Gurobi Optimizer version 11.0.2 build v11.0.2rc0 (win64 - Windows 10.0 (19045.2))

CPU model: Intel(R) Core(TM) i7-10750H CPU @ 2.60GHz, instruction set [SSE2|AVX|AVX2]
Thread count: 6 physical cores, 12 logical processors, using up to 12 threads

Optimize a model with 250 rows, 462 columns and 920 nonzeros
Model fingerprint: 0x197f40af
Model has 6 quadratic objective terms
Model has 68 quadratic constraints
Model has 116 general constraints
Variable types: 458 continuous, 4 integer (4 binary)
Coefficient statistics:
  Matrix range     [9e-06, 1e+02]
  QMatrix range    [1e+00, 1e+00]
  QLMatrix range   [1e+00, 1e+00]
  Objective range  [1e-02, 2e-01]
  QObjective range [2e+00, 2e+00]
  Bounds range     [8e-05, 3e+00]
  RHS range        [8e-05, 1e+02]
  QRHS range       [1e-06, 1e-06]
Presolve removed 97 rows and 150 columns
Presolve time: 0.00s
Presolved: 292 rows, 319 columns, 739 nonzeros
Presolved model has 130 SOS constraint(s)
Presolved model has 31 bilinear constraint(s)
Presolved model has 4 nonlinear constraint(s)
Warning: Model contains variables with very large bounds participating
         in nonlinear terms.
         Presolve was not able to compute smaller bounds for these variables.
         Consider bounding these variables or reformulating the model.


Solving non-convex MINLP

Variable types: 189 continuous, 130 integer (130 binary)

Root relaxation: objective 3.053145e-04, 96 iterations, 0.00 seconds (0.00 work units)

    Nodes    |    Current Node    |     Objective Bounds      |     Work
 Expl Unexpl |  Obj  Depth IntInf | Incumbent    BestBd   Gap | It/Node Time

     0     0    0.00031    0   86          -    0.00031      -     -    0s
     0     0    0.00031    0   84          -    0.00031      -     -    0s
     0     0    0.00031    0   84          -    0.00031      -     -    0s
     0     0    0.00031    0   84          -    0.00031      -     -    0s
     0     0    0.00031    0   84          -    0.00031      -     -    0s
     0     0    0.00031    0   84          -    0.00031      -     -    0s
     0     0    0.00031    0   84          -    0.00031      -     -    0s
     0     0    0.00031    0   84          -    0.00031      -     -    0s
     0     0    0.00031    0   84          -    0.00031      -     -    0s
     0     2    0.00031    0   84          -    0.00031      -     -    0s
 192995  4725    0.00031 3002   10          -    0.00031      -   0.3    5s
 393205  7187 infeasible  103               -    0.00031      -   0.2   10s
 564543 10417    0.00031  923    9          -    0.00031      -   0.3   15s
 712287 12182 infeasible  167               -    0.00031      -   0.4   20s
 841018 12040 infeasible 2454               -    0.00031      -   0.5   25s
 948197 11773    0.00031 1605    9          -    0.00031      -   0.6   30s
 1083455 11648 infeasible 2986               -    0.00031      -   0.6   35s
 1216251 11534    0.00031  155   17          -    0.00031      -   0.6   40s
 1340911 11752    0.00031 12368    9          -    0.00031      -   0.7   45s
 1466612 11512    0.00031  165   17          -    0.00031      -   0.7   50s
 1579042 11181 infeasible 15624               -    0.00031      -   0.7   55s
 1706894 12039 infeasible  165               -    0.00031      -   0.8   60s
 1823049 11450    0.00031 21110    9          -    0.00031      -   0.8   65s
 1939992 11387    0.00031 23569    9          -    0.00031      -   0.8   70s
 2082667 11964 infeasible  169               -    0.00031      -   0.8   75s
 2213280 11584    0.00031 19851    9          -    0.00031      -   0.8   80s
 2336923 11468 infeasible 25593               -    0.00031      -   0.8   85s
 2492890 12572 infeasible  348               -    0.00031      -   0.8   90s
 2659142 12069 infeasible  401               -    0.00031      -   0.8   95s
 2757350 11931    0.00031 3380   11          -    0.00031      -   0.9  100s
 2898369 12246    0.00031  344   13          -    0.00031      -   0.9  105s
 3016269 11744    0.00031 30848    9          -    0.00031      -   0.9  110s
 3115312 11736    0.00031  342   13          -    0.00031      -   0.9  115s
 3239105 12315    0.00031 12927   11          -    0.00031      -   0.9  120s
 3344531 11749 infeasible 15346               -    0.00031      -   1.0  125s
 3451133 11380 infeasible 10523               -    0.00031      -   1.0  130s
 3544996 11228    0.00031  169   13          -    0.00031      -   1.0  135s
 3634275 11126 infeasible 15930               -    0.00031      -   1.0  140s
 3730163 11113    0.00031 25019   11          -    0.00031      -   1.1  145s
 3823331 10865 infeasible 20309               -    0.00031      -   1.1  150s
 3933798 11300 infeasible 22653               -    0.00031      -   1.1  155s
 4055351 11378 infeasible 25325               -    0.00031      -   1.1  160s
 4175240 11133 infeasible 2049               -    0.00031      -   1.1  165s
 4292412 11075    0.00031 7859   15          -    0.00031      -   1.1  170s
 4405041 11029    0.00031 2199   15          -    0.00031      -   1.1  175s
 4509272 10885 infeasible 27218               -    0.00031      -   1.1  180s
 4607370 10641 infeasible  155               -    0.00031      -   1.1  185s
 4726291 11222 infeasible   77               -    0.00031      -   1.1  190s
 4885954 12735 infeasible 2236               -    0.00031      -   1.1  195s
 5044142 16717    0.00031  127   18          -    0.00031      -   1.1  200s
 5189502 17934 infeasible  158               -    0.00031      -   1.1  205s
 5311984 17401    0.00031  165   19          -    0.00031      -   1.1  210s
 5450886 18193    0.00031  169   14          -    0.00031      -   1.1  215s
 5628404 17547 infeasible  132               -    0.00031      -   1.1  220s
 5790652 17322    0.00031  166   19          -    0.00031      -   1.1  225s
 5935543 18779 infeasible  112               -    0.00031      -   1.1  230s
 6101513 19433    0.00031  180   20          -    0.00031      -   1.1  235s
 6268886 18325    0.00031  183   20          -    0.00031      -   1.0  240s
 6427363 17454 infeasible  164               -    0.00031      -   1.0  245s
 6593181 16894 infeasible  176               -    0.00031      -   1.0  250s
 6772852 17076    0.00031  151   19          -    0.00031      -   1.0  255s
 6935622 16720 infeasible  167               -    0.00031      -   1.0  260s
 7111571 17514    0.00031  107   18          -    0.00031      -   1.0  265s
 7290741 17339 infeasible  126               -    0.00031      -   1.0  270s
 7487061 17257 infeasible  128               -    0.00031      -   1.0  275s
 7670731 17411    0.00031  181   14          -    0.00031      -   1.0  280s
 7826031 18274    0.00031  163   12          -    0.00031      -   1.0  285s
 7993392 18695 infeasible 1795               -    0.00031      -   1.0  290s
 8144795 21338 infeasible  115               -    0.00031      -   1.0  295s
 8292882 24711    0.00031  169   11          -    0.00031      -   1.0  300s
 8454277 26841 infeasible  392               -    0.00031      -   0.9  305s
 8610942 29614 infeasible   74               -    0.00031      -   0.9  310s
 8795528 31717    0.00031  332    8          -    0.00031      -   0.9  315s
 8943163 34456    0.00031 1418    6          -    0.00031      -   0.9  320s
 9051409 34642    0.00031  326   16          -    0.00031      -   0.9  325s
 9161211 34584    0.00031 15467   15          -    0.00031      -   1.0  330s
 9273203 34387    0.00031 16131    6          -    0.00031      -   1.0  335s
 9400847 34123    0.00031  326   16          -    0.00031      -   1.0  340s
 9518532 34023 infeasible 18307               -    0.00031      -   1.0  345s
 9638996 33765 infeasible  313               -    0.00031      -   1.0  350s
 9758548 33750    0.00031  337   18          -    0.00031      -   1.0  355s
 9871026 33930 infeasible  324               -    0.00031      -   1.0  360s
 9983078 33702 infeasible 18799               -    0.00031      -   1.0  365s
 10088175 33404 infeasible  334               -    0.00031      -   1.0  370s
 10203026 34035    0.00031 28081   13          -    0.00031      -   1.0  375s
 10333543 35429 infeasible  156               -    0.00031      -   1.1  380s
 10509293 35291 infeasible  179               -    0.00031      -   1.1  385s
 10664818 35255    0.00031  322   16          -    0.00031      -   1.1  390s
 10792122 34864    0.00031 3666    9          -    0.00031      -   1.1  395s
 10898928 34900    0.00031 6936    9          -    0.00031      -   1.1  400s
 11015097 34674    0.00031  323   16          -    0.00031      -   1.1  405s
 11151282 34906 infeasible 11914               -    0.00031      -   1.1  410s
 11292802 34121 infeasible  154               -    0.00031      -   1.1  415s
 11433524 34481    0.00031 17663    9          -    0.00031      -   1.1  420s
 11576004 34245    0.00031  162   14          -    0.00031      -   1.1  425s
 11713920 33971    0.00031  153   12          -    0.00031      -   1.1  430s
 11853003 33965    0.00031  155   14          -    0.00031      -   1.1  435s
 11998618 35011 infeasible  254               -    0.00031      -   1.1  440s
 12142011 34582 infeasible  261               -    0.00031      -   1.1  445s
 12286569 35138 infeasible  263               -    0.00031      -   1.2  450s
 12454386 35199    0.00031  236   14          -    0.00031      -   1.2  455s
 12629197 35545    0.00031  245    8          -    0.00031      -   1.2  460s
 12807167 35251    0.00031  244   10          -    0.00031      -   1.2  465s
 12985219 34792    0.00031  255   14          -    0.00031      -   1.2  470s
 13154447 34725    0.00031  237   14          -    0.00031      -   1.2  475s
 13335411 34595 infeasible  251               -    0.00031      -   1.2  480s
 13513465 33870    0.00031  247   14          -    0.00031      -   1.2  485s
 13690876 33643 infeasible  163               -    0.00031      -   1.2  490s
 13855353 33866    0.00031  320   13          -    0.00031      -   1.2  495s
 14002016 35094    0.00031  201   13          -    0.00031      -   1.2  500s
 14174201 35350 infeasible  206               -    0.00031      -   1.2  505s
 14346386 35267 infeasible  213               -    0.00031      -   1.1  510s
 14525623 35233    0.00031  204    9          -    0.00031      -   1.1  515s
 14705605 35103    0.00031  204   13          -    0.00031      -   1.1  520s
 14885678 35461 infeasible  204               -    0.00031      -   1.1  525s
 15066665 35171 infeasible  197               -    0.00031      -   1.1  530s
 15240863 35172    0.00031  197   13          -    0.00031      -   1.1  535s
 15412961 34406 infeasible  208               -    0.00031      -   1.1  540s
 15586731 35723 infeasible  207               -    0.00031      -   1.1  545s
 15762370 35370 infeasible  209               -    0.00031      -   1.1  550s
 15935564 34691 infeasible  210               -    0.00031      -   1.1  555s
 16110977 35283    0.00031  206   13          -    0.00031      -   1.1  560s
 16286335 34315    0.00031  203   13          -    0.00031      -   1.1  565s
 16443600 34974    0.00031  204   10          -    0.00031      -   1.1  570s
 16605560 34170 infeasible  323               -    0.00031      -   1.1  575s
 16772802 34791 infeasible  208               -    0.00031      -   1.1  580s
 16937218 34163    0.00031  202   14          -    0.00031      -   1.1  585s
 17101893 35428 infeasible  192               -    0.00031      -   1.1  590s
 17271935 35086    0.00031  195   14          -    0.00031      -   1.1  595s
 17440289 35403 infeasible  184               -    0.00031      -   1.1  600s
 17615929 34532 infeasible  196               -    0.00031      -   1.1  605s
 17790615 34039 infeasible  190               -    0.00031      -   1.1  610s
 17944323 34219 infeasible  326               -    0.00031      -   1.1  615s
 18112392 34203 infeasible  318               -    0.00031      -   1.1  620s
 18270284 35018    0.00031  194   13          -    0.00031      -   1.1  625s
 18448170 35110    0.00031  198   13          -    0.00031      -   1.1  630s
 18625010 34662    0.00031  186   13          -    0.00031      -   1.1  635s
 18804571 34140    0.00031  194   13          -    0.00031      -   1.1  640s
 18982094 33843    0.00031  190   13          -    0.00031      -   1.1  645s
 19134477 33539    0.00031  196   13          -    0.00031      -   1.1  650s
 19296099 34973 infeasible  175               -    0.00031      -   1.1  655s
 19458662 34307    0.00031  184    9          -    0.00031      -   1.1  660s
 19606567 34012    0.00031  179   11          -    0.00031      -   1.1  665s
 19762374 34251    0.00031  188   13          -    0.00031      -   1.1  670s
 19920286 34097    0.00031  177   13          -    0.00031      -   1.1  675s
 20075412 34026 infeasible  200               -    0.00031      -   1.1  680s
 20221782 35256 infeasible  311               -    0.00031      -   1.1  685s
 20353029 34953 infeasible  205               -    0.00031      -   1.1  690s
 20499708 34822    0.00031  203   14          -    0.00031      -   1.1  695s
 20644918 34439    0.00031 22669    7          -    0.00031      -   1.1  700s
 20788419 34603 infeasible  210               -    0.00031      -   1.1  705s
 20927980 34488    0.00031  211   10          -    0.00031      -   1.1  710s
 21073298 33968 infeasible  220               -    0.00031      -   1.1  715s
 21230340 34555 infeasible  212               -    0.00031      -   1.1  720s
 21388241 34429 infeasible  217               -    0.00031      -   1.2  725s
 21539781 33738    0.00031  208   14          -    0.00031      -   1.2  730s
 21689417 33946 infeasible  222               -    0.00031      -   1.2  735s
 21846333 33356 infeasible  483               -    0.00031      -   1.2  740s
 21995994 33426    0.00031  325   13          -    0.00031      -   1.2  745s
 22139804 34522    0.00031  320   15          -    0.00031      -   1.2  750s
 22287276 33865 infeasible  330               -    0.00031      -   1.2  755s
 22436907 33748 infeasible  326               -    0.00031      -   1.2  760s
 22584693 33900    0.00031  328   13          -    0.00031      -   1.2  765s
 22734527 33604 infeasible  325               -    0.00031      -   1.2  770s
 22883975 32731 infeasible  339               -    0.00031      -   1.2  775s
 23039066 32568    0.00031  171   20          -    0.00031      -   1.2  780s
 23215631 33203 infeasible   63               -    0.00031      -   1.2  785s
 23291770 32322    0.00031 1083    8          -    0.00031      -   1.2  790s
 23365256 32247    0.00031 5366    9          -    0.00031      -   1.2  795s
 23453971 32140    0.00031 3808    6          -    0.00031      -   1.2  800s
 23544951 32011 infeasible 5259               -    0.00031      -   1.2  805s
 23646912 31869    0.00031 11563    6          -    0.00031      -   1.2  810s
 23740621 31752 infeasible 2831               -    0.00031      -   1.3  815s
 23835064 31670 infeasible 8789               -    0.00031      -   1.3  820s
 23929486 31585 infeasible 10181               -    0.00031      -   1.3  825s
 24022861 31532    0.00031  845   11          -    0.00031      -   1.3  830s
 24115544 31450 infeasible 11235               -    0.00031      -   1.3  835s
 24201466 31532    0.00031 2205   11          -    0.00031      -   1.3  840s
 24294134 31530 infeasible 5398               -    0.00031      -   1.3  845s
 24400030 31572 infeasible 5082               -    0.00031      -   1.3  850s
 24503492 31587 infeasible 1858               -    0.00031      -   1.3  855s
 24602378 31611    0.00031 5222   11          -    0.00031      -   1.3  860s
 24709429 31640    0.00031 1754   11          -    0.00031      -   1.3  865s
 24806859 31692 infeasible 1114               -    0.00031      -   1.3  870s
 24910614 31712 infeasible 7184               -    0.00031      -   1.3  875s
 25020874 31747    0.00031  625   11          -    0.00031      -   1.3  880s
 25137893 31771 infeasible  617               -    0.00031      -   1.3  885s
 25252046 31818    0.00031 6606   17          -    0.00031      -   1.3  890s
 25370813 31836 infeasible 3082               -    0.00031      -   1.4  895s
 25476844 31853 infeasible 2365               -    0.00031      -   1.4  900s
 25572166 31869 infeasible 5595               -    0.00031      -   1.4  905s
 25681732 31896 infeasible 2026               -    0.00031      -   1.4  910s
 25792983 31902    0.00031 1953   11          -    0.00031      -   1.4  915s
 25901497 31931 infeasible 1836               -    0.00031      -   1.4  920s
 26006748 31945    0.00031 5255   11          -    0.00031      -   1.4  925s
 26126832 32013 infeasible 5022               -    0.00031      -   1.4  930s
 26248856 32061 infeasible 1359               -    0.00031      -   1.4  935s
 26384777 32129 infeasible 7196               -    0.00031      -   1.4  940s
 26514434 32170 infeasible  608               -    0.00031      -   1.4  945s
 26637460 32222    0.00031  475   17          -    0.00031      -   1.4  950s
 26763189 32261    0.00031 6553   11          -    0.00031      -   1.4  955s
 26893322 32301    0.00031 3001   11          -    0.00031      -   1.4  960s
 27029712 32344    0.00031 2550   11          -    0.00031      -   1.4  965s
 27151996 32409 infeasible 2329               -    0.00031      -   1.4  970s
 27280121 32423    0.00031 5226   17          -    0.00031      -   1.4  975s
 27406612 32450    0.00031 4911   17          -    0.00031      -   1.4  980s
 27532190 32472    0.00031 1591   11          -    0.00031      -   1.4  985s
 27647742 32505    0.00031 1207   11          -    0.00031      -   1.4  990s
 27771746 32516    0.00031 1045   11          -    0.00031      -   1.4  995s
 27902313 32533 infeasible  658               -    0.00031      -   1.4 1000s
 28019098 32532    0.00031 6412   11          -    0.00031      -   1.4 1005s
 28143813 32556    0.00031 2835   11          -    0.00031      -   1.4 1010s
 28274867 32578    0.00031 5716   17          -    0.00031      -   1.4 1015s
 28397303 32626 infeasible 2428               -    0.00031      -   1.4 1020s
 28527802 32638    0.00031 5218   11          -    0.00031      -   1.4 1025s
 28654376 32660    0.00031 1856   11          -    0.00031      -   1.4 1030s
 28794251 32705 infeasible 4481               -    0.00031      -   1.4 1035s
 28930643 32707    0.00031 3982   11          -    0.00031      -   1.4 1040s
 29065260 32732    0.00031 3516   11          -    0.00031      -   1.4 1045s
 29189432 32752 infeasible 6383               -    0.00031      -   1.4 1050s
 29307634 32789    0.00031 2163   11          -    0.00031      -   1.4 1055s
 29444624 32810 infeasible 4627               -    0.00031      -   1.4 1060s
 29576194 32806    0.00031 7406   11          -    0.00031      -   1.3 1065s
 29702053 32804 infeasible  699               -    0.00031      -   1.3 1070s
 29829408 32796    0.00031 3421   11          -    0.00031      -   1.3 1075s
 29963472 32792 infeasible 6253               -    0.00031      -   1.3 1080s
 30098413 32787 infeasible 5768               -    0.00031      -   1.3 1085s
 30233968 32799    0.00031 5142   11          -    0.00031      -   1.3 1090s
 30366127 32803 infeasible 7966               -    0.00031      -   1.3 1095s
 30498399 32804    0.00031 1091   17          -    0.00031      -   1.3 1100s
 30633418 32792    0.00031 13074   11          -    0.00031      -   1.3 1105s
 30765759 32808    0.00031 6404   11          -    0.00031      -   1.3 1110s
 30899490 32817 infeasible 6019               -    0.00031      -   1.3 1115s
 31032756 32823 infeasible 8714               -    0.00031      -   1.3 1120s
 31172475 32833 infeasible 8236               -    0.00031      -   1.3 1125s
 31308900 32852 infeasible 1474               -    0.00031      -   1.3 1130s
 31444758 32832    0.00031 1006   11          -    0.00031      -   1.3 1135s
 31583230 32822 infeasible  513               -    0.00031      -   1.3 1140s
 31718458 32833    0.00031 6396   11          -    0.00031      -   1.3 1145s
 31850726 32819 infeasible 9156               -    0.00031      -   1.3 1150s
 31984638 32844 infeasible 18181               -    0.00031      -   1.3 1155s
 32119504 32823 infeasible 8249               -    0.00031      -   1.3 1160s
 32259080 32848 infeasible 14095               -    0.00031      -   1.3 1165s
 32391054 32829 infeasible  545               -    0.00031      -   1.3 1170s
 32527490 32832 infeasible 12552               -    0.00031      -   1.3 1175s
 32657941 32820    0.00031 5819   11          -    0.00031      -   1.3 1180s
 32792412 32823 infeasible 11656               -    0.00031      -   1.3 1185s
 32923234 32814 infeasible 11056               -    0.00031      -   1.3 1190s
 33058324 32814 infeasible 10552               -    0.00031      -   1.3 1195s
 33184359 32804    0.00031 10003   11          -    0.00031      -   1.3 1200s
 33311012 32809    0.00031 9529   11          -    0.00031      -   1.3 1205s
 33446142 32806    0.00031 21749   11          -    0.00031      -   1.3 1210s
 33581924 32816    0.00031 11631   11          -    0.00031      -   1.3 1215s
 33719142 32827    0.00031 4673   17          -    0.00031      -   1.3 1220s
 33856399 32840    0.00031 16696   11          -    0.00031      -   1.3 1225s
 33982696 32832 infeasible 19073               -    0.00031      -   1.3 1230s
 34105005 32840    0.00031 12031   11          -    0.00031      -   1.3 1235s
 34237221 32816    0.00031 1810   17          -    0.00031      -   1.3 1240s
 34368830 32826    0.00031 26211   11          -    0.00031      -   1.3 1245s
 34503113 32837 infeasible  363               -    0.00031      -   1.3 1250s
 34626217 32830    0.00031 9253   11          -    0.00031      -   1.3 1255s
 34752287 32824    0.00031 8781   11          -    0.00031      -   1.3 1260s
 34886220 32820    0.00031 5072   11          -    0.00031      -   1.3 1265s
 35019024 32813 infeasible 10683               -    0.00031      -   1.3 1270s
 35151190 32810 infeasible 13160               -    0.00031      -   1.2 1275s
 35284477 32802 infeasible 21839               -    0.00031      -   1.2 1280s
 35417225 32811 infeasible 18122               -    0.00031      -   1.2 1285s
 35553046 32802 infeasible 17544               -    0.00031      -   1.2 1290s
 35684800 32815 infeasible 10324               -    0.00031      -   1.2 1295s
 35820329 32812    0.00031 12789   11          -    0.00031      -   1.2 1300s
 35954857 32803 infeasible 15229               -    0.00031      -   1.2 1305s
 36086361 32813    0.00031 24054   11          -    0.00031      -   1.2 1310s
 36216853 32814 infeasible 14196               -    0.00031      -   1.2 1315s
 36349310 32816    0.00031 29478   11          -    0.00031      -   1.2 1320s
 36488477 32821 infeasible 3634               -    0.00031      -   1.2 1325s
 36623937 32816    0.00031 9189   11          -    0.00031      -   1.2 1330s
 36763081 32806    0.00031 18129   11          -    0.00031      -   1.2 1335s
 36898640 32789    0.00031 23675   11          -    0.00031      -   1.2 1340s
 37033416 32783    0.00031 13620   11          -    0.00031      -   1.2 1345s
 37166993 32792 infeasible 3545               -    0.00031      -   1.2 1350s
 37305515 32785 infeasible 22027               -    0.00031      -   1.2 1355s
 37439040 32773 infeasible 15203               -    0.00031      -   1.2 1360s
 37577742 32778 infeasible 17890               -    0.00031      -   1.2 1365s
 37714628 32790 infeasible 1735               -    0.00031      -   1.2 1370s
 37851542 32808 infeasible 10876               -    0.00031      -   1.2 1375s
 37989454 32864 infeasible 1479               -    0.00031      -   1.2 1380s
 38125513 32878 infeasible 23209               -    0.00031      -   1.2 1385s
 38257056 32883    0.00031 13271   11          -    0.00031      -   1.2 1390s
 38395040 32889 infeasible 19086               -    0.00031      -   1.2 1395s
 38534131 32911    0.00031 31103   17          -    0.00031      -   1.2 1400s
 38671192 32912 infeasible 17830               -    0.00031      -   1.2 1405s
 38805931 32918 infeasible 4734               -    0.00031      -   1.2 1410s
 38939068 32931 infeasible 16914               -    0.00031      -   1.2 1415s
 39061715 32936    0.00031 28458   11          -    0.00031      -   1.2 1420s
 39200822 32947 infeasible 8930               -    0.00031      -   1.2 1425s
 39340051 32950    0.00031 11534   17          -    0.00031      -   1.2 1430s
 39479265 32964    0.00031 7822   11          -    0.00031      -   1.2 1435s
 39617761 32970 infeasible 26251               -    0.00031      -   1.2 1440s
 39752753 32990 infeasible 13194               -    0.00031      -   1.2 1445s
 39890570 32988    0.00031 15808   11          -    0.00031      -   1.2 1450s
 40027812 33015    0.00031 30967   17          -    0.00031      -   1.2 1455s
 40164302 33012 infeasible 5234               -    0.00031      -   1.2 1460s
 40300106 33024 infeasible 1593               -    0.00031      -   1.2 1465s
 40432290 33008    0.00031  918   11          -    0.00031      -   1.2 1470s
 40561822 33013    0.00031 22670   11          -    0.00031      -   1.2 1475s
 40699837 33013 infeasible 6354               -    0.00031      -   1.2 1480s
 40838857 32997 infeasible 31085               -    0.00031      -   1.2 1485s
 40978018 33001    0.00031 20994   11          -    0.00031      -   1.2 1490s
 41117207 33003 infeasible 14091               -    0.00031      -   1.2 1495s
 41258341 33005    0.00031 16801   11          -    0.00031      -   1.2 1500s
 41397325 33014    0.00031 6751   11          -    0.00031      -   1.2 1505s
 41536453 33001    0.00031 12545   17          -    0.00031      -   1.1 1510s
 41675592 32987    0.00031 8828   11          -    0.00031      -   1.1 1515s
 41814781 32996    0.00031 5108   11          -    0.00031      -   1.1 1520s
 41952004 32996    0.00031 13939   11          -    0.00031      -   1.1 1525s
 42091101 32999    0.00031 22870   11          -    0.00031      -   1.1 1530s
 42230280 33010    0.00031 25487   17          -    0.00031      -   1.1 1535s
 42369467 33023    0.00031 24920   17          -    0.00031      -   1.1 1540s
 42506648 33025    0.00031 8490   11          -    0.00031      -   1.1 1545s
 42643974 33030 infeasible 20482               -    0.00031      -   1.1 1550s
 42783098 33042 infeasible 13608               -    0.00031      -   1.1 1555s
 42922231 33030    0.00031 22553   11          -    0.00031      -   1.1 1560s
 43061429 33028    0.00031 6190   11          -    0.00031      -   1.1 1565s
 43198675 33004 infeasible 2421               -    0.00031      -   1.1 1570s
 43328421 33014 infeasible 23610               -    0.00031      -   1.1 1575s
 43442418 33026    0.00031 9505   11          -    0.00031      -   1.1 1580s
 43558732 33019 infeasible 17752               -    0.00031      -   1.1 1585s
 43677771 33011    0.00031 25882   11          -    0.00031      -   1.1 1590s
 43796260 33005    0.00031 21290   11          -    0.00031      -   1.1 1595s
 43927795 33017    0.00031 29912   11          -    0.00031      -   1.1 1600s
 44055764 33026 infeasible 3598               -    0.00031      -   1.1 1605s
 44193010 33024    0.00031 25085   11          -    0.00031      -   1.1 1610s
 44332062 33002    0.00031 15047   11          -    0.00031      -   1.1 1615s
 44471280 33009    0.00031 20834   11          -    0.00031      -   1.1 1620s
 44608468 33012    0.00031 1253   11          -    0.00031      -   1.1 1625s
 44747634 33012    0.00031 16526   11          -    0.00031      -   1.1 1630s
 44884829 33018 infeasible 6413               -    0.00031      -   1.1 1635s
 45012666 33026    0.00031 8563   11          -    0.00031      -   1.1 1640s
 45148054 33023 infeasible 17328               -    0.00031      -   1.1 1645s
 45287273 33008    0.00031 29429   11          -    0.00031      -   1.1 1650s
 45422573 33022    0.00031 16067   11          -    0.00031      -   1.1 1655s
 45561642 33026 infeasible 21826               -    0.00031      -   1.1 1660s
 45700786 33018    0.00031 14951   11          -    0.00031      -   1.1 1665s
 45838030 33017    0.00031 8000   11          -    0.00031      -   1.1 1670s
 45975343 33017    0.00031 7391   11          -    0.00031      -   1.1 1675s
 46116223 33023    0.00031 29062   11          -    0.00031      -   1.1 1680s
 46253493 33024    0.00031 15775   11          -    0.00031      -   1.1 1685s
 46390772 33021 infeasible 5654               -    0.00031      -   1.1 1690s
 46529923 33014    0.00031 8226   11          -    0.00031      -   1.1 1695s
 46669058 33014 infeasible 7671               -    0.00031      -   1.1 1700s
 46808179 32995 infeasible 7134               -    0.00031      -   1.1 1705s
 46943545 33006    0.00031 25398   11          -    0.00031      -   1.1 1710s
 47080882 33012    0.00031 18461   11          -    0.00031      -   1.1 1715s
 47218078 32995    0.00031 14651   11          -    0.00031      -   1.1 1720s
 47357235 33001 infeasible 26754               -    0.00031      -   1.1 1725s
 47496366 33015 infeasible 29369               -    0.00031      -   1.1 1730s
 47633682 33024    0.00031 12933   11          -    0.00031      -   1.1 1735s
 47771003 33023 infeasible 31258               -    0.00031      -   1.1 1740s
 47910208 33032    0.00031 18074   11          -    0.00031      -   1.1 1745s
 48049342 33025    0.00031 23834   11          -    0.00031      -   1.1 1750s
 48188372 33021    0.00031 16948   11          -    0.00031      -   1.1 1755s
 48327571 33006    0.00031 13241   17          -    0.00031      -   1.1 1760s
 48466729 33001 infeasible 6374               -    0.00031      -   1.1 1765s
 48605835 32988    0.00031 31131   17          -    0.00031      -   1.1 1770s
 48743080 32989    0.00031 8371   17          -    0.00031      -   1.1 1775s
 48884116 32993    0.00031 17388   11          -    0.00031      -   1.1 1780s
 49011971 32993 infeasible 16362               -    0.00031      -   1.1 1785s
 49145494 32980    0.00031 28230   11          -    0.00031      -   1.1 1790s
 49286452 32974    0.00031 24585   11          -    0.00031      -   1.0 1795s
 49423726 32984    0.00031 17618   11          -    0.00031      -   1.0 1800s
 49564790 32992    0.00031 10820   11          -    0.00031      -   1.0 1805s
 49701901 33005 infeasible 22840               -    0.00031      -   1.0 1810s
 49840366 33010 infeasible 31838               -    0.00031      -   1.0 1815s
 49973621 33016 infeasible 18729               -    0.00031      -   1.0 1820s
 50111528 33023    0.00031 11845   11          -    0.00031      -   1.0 1825s
 50249954 33021 infeasible 27200               -    0.00031      -   1.0 1830s
 50385063 33031 infeasible 23658               -    0.00031      -   1.0 1835s
 50520186 33033    0.00031 23216   11          -    0.00031      -   1.0 1840s
 50654046 33020 infeasible 29036               -    0.00031      -   1.0 1845s
 50791298 33017    0.00031 18928   11          -    0.00031      -   1.0 1850s
 50930517 33024 infeasible 12043               -    0.00031      -   1.0 1855s
 51067665 33029 infeasible 1944               -    0.00031      -   1.0 1860s
 51204933 33022 infeasible 29769               -    0.00031      -   1.0 1865s
 51342280 33027    0.00031 22808   11          -    0.00031      -   1.0 1870s
 51479533 33024 infeasible 28492               -    0.00031      -   1.0 1875s
 51616797 33028    0.00031 5722   11          -    0.00031      -   1.0 1880s
 51754083 33026    0.00031 27225   11          -    0.00031      -   1.0 1885s
 51888588 33031    0.00031 4612   11          -    0.00031      -   1.0 1890s
 52024465 33023 infeasible 7196               -    0.00031      -   1.0 1895s
 52163562 33021    0.00031 12954   11          -    0.00031      -   1.0 1900s
 52300176 33001 infeasible 28179               -    0.00031      -   1.0 1905s
 52433409 33003 infeasible 30875               -    0.00031      -   1.0 1910s
 52565577 32999    0.00031 5493   17          -    0.00031      -   1.0 1915s
 52704785 32990    0.00031 14432   11          -    0.00031      -   1.0 1920s
 52838387 32994    0.00031 29370   11          -    0.00031      -   1.0 1925s
 52973814 33001    0.00031 22282   11          -    0.00031      -   1.0 1930s
 53112899 33012 infeasible 31198               -    0.00031      -   1.0 1935s
 53249338 33022 infeasible 8713               -    0.00031      -   1.0 1940s
 53386010 33020    0.00031 20868   17          -    0.00031      -   1.0 1945s
 53511207 33031 infeasible 17141               -    0.00031      -   1.0 1950s
 53649600 33039 infeasible 29343               -    0.00031      -   1.0 1955s
 53788713 33040    0.00031 22473   11          -    0.00031      -   1.0 1960s
 53928212 33027 infeasible 18722               -    0.00031      -   1.0 1965s
 54049481 33019 infeasible 14421               -    0.00031      -   1.0 1970s
 54179639 33022 infeasible 13631               -    0.00031      -   1.0 1975s
 54317001 33017    0.00031 16118   17          -    0.00031      -   1.0 1980s
 54454389 33014    0.00031 9110   11          -    0.00031      -   1.0 1985s
 54589799 33024 infeasible 21030               -    0.00031      -   1.0 1990s
 54730796 33053    0.00031 26860   11          -    0.00031      -   1.0 1995s
 54869914 33064    0.00031 23123   11          -    0.00031      -   1.0 2000s
 55004431 33059    0.00031 25822   11          -    0.00031      -   1.0 2005s
 55142244 33064 infeasible 19028               -    0.00031      -   1.0 2010s
 55283219 33077    0.00031 18519   11          -    0.00031      -   1.0 2015s
 55422395 33090 infeasible 27463               -    0.00031      -   1.0 2020s
 55552277 33082 infeasible 23895               -    0.00031      -   1.0 2025s
 55685924 33097    0.00031 17176   11          -    0.00031      -   1.0 2030s
 55814385 33111    0.00031 26259   11          -    0.00031      -   1.0 2035s
 55952781 33109 infeasible 9951               -    0.00031      -   1.0 2040s
 56093822 33115    0.00031 12630   11          -    0.00031      -   1.0 2045s
 56231011 33121 infeasible 18307               -    0.00031      -   1.0 2050s
 56370262 33113    0.00031 5119   11          -    0.00031      -   1.0 2055s
 56501550 33116    0.00031 10999   11          -    0.00031      -   1.0 2060s
 56626714 33119 infeasible 4487               -    0.00031      -   1.0 2065s
 56754836 33142 infeasible 13595               -    0.00031      -   1.0 2070s
 56892843 33131    0.00031 16231   17          -    0.00031      -   1.0 2075s
 57031914 33128    0.00031 12540   17          -    0.00031      -   1.0 2080s
 57169222 33134 infeasible 27702               -    0.00031      -   1.0 2085s
 57310149 33117 infeasible 30377               -    0.00031      -   1.0 2090s
 57444719 33128 infeasible 4638               -    0.00031      -   1.0 2095s
 57579854 33126    0.00031 19951   11          -    0.00031      -   1.0 2100s
 57714901 33140 infeasible 16407               -    0.00031      -   1.0 2105s
 57852746 33140 infeasible 31640               -    0.00031      -   1.0 2110s
 57989726 33160    0.00031 18372   11          -    0.00031      -   1.0 2115s
 58124352 33152    0.00031 14701   11          -    0.00031      -   1.0 2120s
 58262085 33165    0.00031 30000   11          -    0.00031      -   1.0 2125s
 58401350 33167 infeasible  991               -    0.00031      -   1.0 2130s
 58540403 33166    0.00031 13102   11          -    0.00031      -   1.0 2135s
 58679543 33163    0.00031 31512   11          -    0.00031      -   1.0 2140s
 58816822 33162 infeasible 18234               -    0.00031      -   1.0 2145s
 58945831 33173 infeasible 23681               -    0.00031      -   1.0 2150s
 59077213 33170 infeasible 29392               -    0.00031      -   1.0 2155s
 59212180 33181 infeasible 6751               -    0.00031      -   1.0 2160s
 59345581 33171 infeasible 22084               -    0.00031      -   1.0 2165s
 59483400 33170    0.00031 11977   11          -    0.00031      -   1.0 2170s
 59620592 33163    0.00031 8204   17          -    0.00031      -   1.0 2175s
 59755984 33156 infeasible 26480               -    0.00031      -   1.0 2180s
 59893301 33153 infeasible 6864               -    0.00031      -   1.0 2185s
 60026790 33165 infeasible 31355               -    0.00031      -   1.0 2190s
 60160580 33165    0.00031 8697   17          -    0.00031      -   1.0 2195s
 60290021 33170 infeasible 11510               -    0.00031      -   1.0 2200s
 60428231 33169    0.00031 26765   17          -    0.00031      -   1.0 2205s
 60565425 33156    0.00031 3989   11          -    0.00031      -   1.0 2210s
 60704591 33162    0.00031 28727   11          -    0.00031      -   1.0 2215s
 60841874 33155 infeasible 18603               -    0.00031      -   1.0 2220s
 60980399 33167 infeasible 8616               -    0.00031      -   1.0 2225s
 61110939 33159 infeasible 30257               -    0.00031      -   1.0 2230s
 61244793 33166 infeasible 14054               -    0.00031      -   1.0 2235s
 61374358 33175    0.00031 29111   11          -    0.00031      -   1.0 2240s
 61500134 33180    0.00031 28302   17          -    0.00031      -   1.0 2245s
 61638057 33188    0.00031 24581   11          -    0.00031      -   1.0 2250s
 61770619 33176 infeasible 17670               -    0.00031      -   1.0 2255s
 61906429 33193    0.00031 17175   11          -    0.00031      -   1.0 2260s
 62045564 33212 infeasible 13477               -    0.00031      -   1.0 2265s
 62180116 33215    0.00031 22481   11          -    0.00031      -   1.0 2270s
 62310292 33223    0.00031 2989   11          -    0.00031      -   1.0 2275s
 62437733 33228    0.00031 18610   11          -    0.00031      -   1.0 2280s
 62574231 33229 infeasible 30809               -    0.00031      -   1.0 2285s
 62711434 33225 infeasible 8017               -    0.00031      -   1.0 2290s
 62852529 33232    0.00031 29690   11          -    0.00031      -   1.0 2295s
 62989793 33227    0.00031 29040   11          -    0.00031      -   1.0 2300s
 63127006 33214    0.00031 31556   11          -    0.00031      -   1.0 2305s
 63266224 33209 infeasible 12039               -    0.00031      -   1.0 2310s
 63400060 33213 infeasible 5260               -    0.00031      -   1.0 2315s
 63529556 33210 infeasible 27068               -    0.00031      -   1.0 2320s
 63664867 33205    0.00031 23525   11          -    0.00031      -   1.0 2325s
 63802728 33192    0.00031 22960   11          -    0.00031      -   1.0 2330s
 63928702 33210 infeasible 2907               -    0.00031      -   1.0 2335s
 64061439 33206    0.00031 30755   11          -    0.00031      -   1.0 2340s
 64197212 33219    0.00031 30263   11          -    0.00031      -   1.0 2345s
 64336576 33211 infeasible 1268               -    0.00031      -   1.0 2350s
 64473732 33219 infeasible 10091               -    0.00031      -   1.0 2355s
 64612878 33217    0.00031 6371   11          -    0.00031      -   0.9 2360s
 64751275 33212    0.00031 9062   11          -    0.00031      -   0.9 2365s
 64876148 33206    0.00031 5295   11          -    0.00031      -   0.9 2370s
 65010644 33197    0.00031 30066   11          -    0.00031      -   0.9 2375s
 65149758 33194 infeasible 4205               -    0.00031      -   0.9 2380s
 65283911 33206 infeasible 9960               -    0.00031      -   0.9 2385s
 65406483 33206    0.00031 15766   11          -    0.00031      -   0.9 2390s
 65534451 33199 infeasible 9247               -    0.00031      -   0.9 2395s
 65669712 33205 infeasible 31014               -    0.00031      -   0.9 2400s
 65798597 33200 infeasible 30669               -    0.00031      -   0.9 2405s
 65935284 33193    0.00031 4877   11          -    0.00031      -   0.9 2410s
 66068072 33193    0.00031 29489   11          -    0.00031      -   0.9 2415s
 66196360 33204    0.00031 25885   11          -    0.00031      -   0.9 2420s
 66328201 33201 infeasible 31912               -    0.00031      -   0.9 2425s
 66462292 33199    0.00031 24866   11          -    0.00031      -   0.9 2430s
 66599543 33198    0.00031 8465   11          -    0.00031      -   0.9 2435s
 66738686 33208    0.00031 26861   11          -    0.00031      -   0.9 2440s
 66875970 33207 infeasible 29399               -    0.00031      -   0.9 2445s
 67013227 33218 infeasible 28769               -    0.00031      -   0.9 2450s
 67152312 33227    0.00031 12440   11          -    0.00031      -   0.9 2455s
 67287694 33232 infeasible 21216               -    0.00031      -   0.9 2460s
 67407101 33239    0.00031 1168   11          -    0.00031      -   0.9 2465s
 67528939 33231 infeasible 31927               -    0.00031      -   0.9 2470s
 67656543 33232    0.00031 21726   11          -    0.00031      -   0.9 2475s
 67790572 33218    0.00031 5153   11          -    0.00031      -   0.9 2480s
 67923452 33204 infeasible 20270               -    0.00031      -   0.9 2485s
 68057155 33220 infeasible 3915               -    0.00031      -   0.9 2490s
 68188981 33236    0.00031 28310   11          -    0.00031      -   0.9 2495s
 68326193 33239    0.00031 18208   11          -    0.00031      -   0.9 2500s
 68463421 33244 infeasible 14431               -    0.00031      -   0.9 2505s
 68600709 33221    0.00031 13802   11          -    0.00031      -   0.9 2510s
 68727438 33233    0.00031 12832   11          -    0.00031      -   0.9 2515s
 68850740 33223    0.00031 2732   17          -    0.00031      -   0.9 2520s
 68983437 33228    0.00031 17882   11          -    0.00031      -   0.9 2525s
 69122550 33230 infeasible 10990               -    0.00031      -   0.9 2530s
 69259039 33254 infeasible 26238               -    0.00031      -   0.9 2535s
 69389695 33252    0.00031 6801   11          -    0.00031      -   0.9 2540s
 69519883 33257    0.00031 31521   11          -    0.00031      -   0.9 2545s
 69646394 33264    0.00031 20967   11          -    0.00031      -   0.9 2550s
 69783659 33264 infeasible 7693               -    0.00031      -   0.9 2555s
 69920979 33260 infeasible 10215               -    0.00031      -   0.9 2560s
 70056277 33264    0.00031 25561   11          -    0.00031      -   0.9 2565s
 70183757 33253    0.00031 25400   17          -    0.00031      -   0.9 2570s
 70322108 33257 infeasible 18617               -    0.00031      -   0.9 2575s
 70460671 33247 infeasible 14945               -    0.00031      -   0.9 2580s
 70597590 33256 infeasible 5120               -    0.00031      -   0.9 2585s
 70729737 33256 infeasible 13764               -    0.00031      -   0.9 2590s
 70870739 33270 infeasible 13297               -    0.00031      -   0.9 2595s
 71009928 33270 infeasible 9581               -    0.00031      -   0.9 2600s
 71149003 33265    0.00031 18522   17          -    0.00031      -   0.9 2605s
 71283618 33250    0.00031 17995   17          -    0.00031      -   0.9 2610s
 71419449 33256    0.00031 20724   11          -    0.00031      -   0.9 2615s
 71556766 33250    0.00031 20083   11          -    0.00031      -   0.9 2620s
 71695901 33261    0.00031 22668   11          -    0.00031      -   0.9 2625s
 71832369 33276    0.00031 18995   11          -    0.00031      -   0.9 2630s
 71967788 33264    0.00031 21744   11          -    0.00031      -   0.9 2635s
 72107320 33268    0.00031 24359   11          -    0.00031      -   0.9 2640s
 72246357 33267 infeasible 8033               -    0.00031      -   0.9 2645s
 72385588 33259    0.00031 10647   11          -    0.00031      -   0.9 2650s
 72523920 33270    0.00031 16608   11          -    0.00031      -   0.9 2655s
 72659767 33286 infeasible 28711               -    0.00031      -   0.9 2660s
 72788550 33295 infeasible 9030               -    0.00031      -   0.9 2665s
 72913061 33301    0.00031 23921   11          -    0.00031      -   0.9 2670s
 73046560 33320    0.00031 19963   11          -    0.00031      -   0.9 2675s
 73185673 33323 infeasible 3604               -    0.00031      -   0.9 2680s
 73322940 33307 infeasible 25103               -    0.00031      -   0.9 2685s
 73462112 33312    0.00031 18200   11          -    0.00031      -   0.9 2690s
 73603126 33319    0.00031 27222   17          -    0.00031      -   0.9 2695s
 73729060 33325    0.00031 16619   11          -    0.00031      -   0.9 2700s
 73868201 33338 infeasible 3406               -    0.00031      -   0.9 2705s
 74007365 33327    0.00031 18648   11          -    0.00031      -   0.9 2710s
 74146558 33319    0.00031 27559   11          -    0.00031      -   0.9 2715s
 74284986 33309 infeasible 20731               -    0.00031      -   0.9 2720s
 74420020 33307    0.00031 23511   17          -    0.00031      -   0.9 2725s
 74555945 33300    0.00031 19760   17          -    0.00031      -   0.9 2730s
 74693400 33299 infeasible 28606               -    0.00031      -   0.9 2735s
 74829027 33307 infeasible 27827               -    0.00031      -   0.9 2740s
 74967969 33308 infeasible 8229               -    0.00031      -   0.9 2745s
 75103346 33295 infeasible 20199               -    0.00031      -   0.9 2750s
 75242413 33298 infeasible 16496               -    0.00031      -   0.9 2755s
 75381589 33290    0.00031 19126   17          -    0.00031      -   0.9 2760s
 75520726 33302    0.00031 24902   11          -    0.00031      -   0.9 2765s
 75645887 33301 infeasible 11870               -    0.00031      -   0.9 2770s
 75773202 33299    0.00031 24142   11          -    0.00031      -   0.9 2775s
 75912370 33296    0.00031 20409   17          -    0.00031      -   0.9 2780s
 76049605 33302    0.00031 29273   11          -    0.00031      -   0.9 2785s
 76188765 33311 infeasible 9758               -    0.00031      -   0.9 2790s
 76321521 33313    0.00031 2897   11          -    0.00031      -   0.9 2795s
 76457332 33313    0.00031 8714   11          -    0.00031      -   0.9 2800s
 76591864 33304 infeasible 11390               -    0.00031      -   0.9 2805s
 76725399 33304    0.00031 4442   11          -    0.00031      -   0.9 2810s
 76860239 33311    0.00031 26166   17          -    0.00031      -   0.9 2815s
 76990605 33305 infeasible 13176               -    0.00031      -   0.9 2820s
 77118677 33296 infeasible 31624               -    0.00031      -   0.9 2825s
 77254026 33310    0.00031 15257   11          -    0.00031      -   0.9 2830s
 77381036 33308 infeasible 21021               -    0.00031      -   0.9 2835s
 77514193 33316    0.00031 7947   11          -    0.00031      -   0.9 2840s
 77641064 33320    0.00031 1215   17          -    0.00031      -   0.9 2845s
 77769292 33323 infeasible 29083               -    0.00031      -   0.9 2850s
 77901125 33312 infeasible 9545               -    0.00031      -   0.9 2855s
 78034859 33317    0.00031 27656   11          -    0.00031      -   0.9 2860s
 78171407 33307    0.00031 23919   11          -    0.00031      -   0.9 2865s
 78299194 33332 infeasible 1474               -    0.00031      -   0.9 2870s
 78427114 33338    0.00031 7467   17          -    0.00031      -   0.9 2875s
 78552397 33326 infeasible 10214               -    0.00031      -   0.9 2880s
 78677468 33337 infeasible 6198               -    0.00031      -   0.9 2885s
 78816740 33325    0.00031 5625   11          -    0.00031      -   0.9 2890s
 78955860 33331    0.00031 27191   11          -    0.00031      -   0.9 2895s
 79095053 33332 infeasible 29814               -    0.00031      -   0.9 2900s
 79230005 33320    0.00031 13435   11          -    0.00031      -   0.9 2905s
 79358619 33361    0.00031 9897   17          -    0.00031      -   0.9 2910s
 79492059 33369 infeasible 28473               -    0.00031      -   0.9 2915s
 79627178 33367 infeasible 24891               -    0.00031      -   0.9 2920s
 79758532 33368 infeasible 5251               -    0.00031      -   0.9 2925s
 79898313 33388    0.00031 1607   17          -    0.00031      -   0.9 2930s
 80037316 33388    0.00031 23191   11          -    0.00031      -   0.9 2935s
 80171250 33395 infeasible 25824               -    0.00031      -   0.9 2940s
 80300909 33392    0.00031 25483   11          -    0.00031      -   0.9 2945s
 80435423 33391    0.00031 2674   11          -    0.00031      -   0.9 2950s
 80574401 33403 infeasible 17909               -    0.00031      -   0.9 2955s
 80715420 33394    0.00031 30088   11          -    0.00031      -   0.9 2960s
 80851960 33402    0.00031 4345   11          -    0.00031      -   0.9 2965s
 80985160 33392    0.00031 19644   11          -    0.00031      -   0.9 2970s
 81120153 33385 infeasible 31913               -    0.00031      -   0.9 2975s
 81255969 33381    0.00031 25013   11          -    0.00031      -   0.9 2980s
 81389834 33378 infeasible 11992               -    0.00031      -   0.9 2985s
 81514290 33387    0.00031 8552    6          -    0.00031      -   0.9 2990s
 81634503 33389    0.00031 1790   17          -    0.00031      -   0.9 2995s
 81763823 33375 infeasible 17218               -    0.00031      -   0.9 3000s
 81889310 33385    0.00031 16904   17          -    0.00031      -   0.9 3005s
 82019242 33380 infeasible 22625               -    0.00031      -   0.9 3010s
 82145009 33379    0.00031 12842   11          -    0.00031      -   0.9 3015s
 82278063 33370 infeasible 18844               -    0.00031      -   0.9 3020s
 82417316 33374 infeasible 18270               -    0.00031      -   0.9 3025s
 82553025 33362    0.00031 11551   17          -    0.00031      -   0.9 3030s
 82683116 33371    0.00031 14295   11          -    0.00031      -   0.9 3035s
 82814388 33356 infeasible 23138               -    0.00031      -   0.9 3040s
 82949508 33354    0.00031 16388   11          -    0.00031      -   0.9 3045s
 83078308 33349 infeasible 22054               -    0.00031      -   0.9 3050s
 83205509 33355    0.00031 24848   11          -    0.00031      -   0.9 3055s
 83341959 33371 infeasible 8641               -    0.00031      -   0.9 3060s
 83464891 33359    0.00031 10763   11          -    0.00031      -   0.9 3065s
 83589390 33361    0.00031 26053   11          -    0.00031      -   0.9 3070s
 83721861 33377    0.00031 28849   11          -    0.00031      -   0.9 3075s
 83857152 33378 infeasible 22029               -    0.00031      -   0.9 3080s
 83985614 33382    0.00031 12080   11          -    0.00031      -   0.9 3085s
 84117808 33382 infeasible 24285               -    0.00031      -   0.9 3090s
 84257385 33387 infeasible 23751               -    0.00031      -   0.9 3095s
 84394562 33391    0.00031 29430   17          -    0.00031      -   0.9 3100s
 84532132 33407 infeasible 12970               -    0.00031      -   0.9 3105s
 84668779 33398    0.00031 15466   11          -    0.00031      -   0.9 3110s
 84802149 33398 infeasible 18635               -    0.00031      -   0.9 3115s
 84935072 33405 infeasible 18250               -    0.00031      -   0.9 3120s
 85064130 33392 infeasible 21008               -    0.00031      -   0.9 3125s
 85190945 33375 infeasible 26862               -    0.00031      -   0.9 3130s
 85318221 33384 infeasible 7485               -    0.00031      -   0.9 3135s
 85450107 33393    0.00031 3846   11          -    0.00031      -   0.9 3140s
 85581081 33399 infeasible 3232               -    0.00031      -   0.9 3145s
 85703823 33394 infeasible 12231               -    0.00031      -   0.9 3150s
 85826708 33395    0.00031 30888   11          -    0.00031      -   0.9 3155s
 85957919 33397    0.00031 8386   11          -    0.00031      -   0.9 3160s
 86092887 33393 infeasible 17137               -    0.00031      -   0.9 3165s
 86227831 33393    0.00031 19868   11          -    0.00031      -   0.9 3170s
 86359451 33401    0.00031 12924   17          -    0.00031      -   0.9 3175s
 86490242 33398 infeasible 2959               -    0.00031      -   0.9 3180s
 86619526 33407    0.00031 14893   11          -    0.00031      -   0.9 3185s
 86749228 33395 infeasible 14327               -    0.00031      -   0.9 3190s
 86885095 33390 infeasible 10620               -    0.00031      -   0.9 3195s
 87017738 33377    0.00031 16426   11          -    0.00031      -   0.9 3200s
 87150956 33376    0.00031 31764   11          -    0.00031      -   0.9 3205s
 87279575 33359    0.00031 6048   17          -    0.00031      -   0.9 3210s
 87411353 33374 infeasible 21388               -    0.00031      -   0.9 3215s
 87536409 33369    0.00031 8027   11          -    0.00031      -   0.9 3220s
 87668302 33364    0.00031 17062   11          -    0.00031      -   0.9 3225s
 87808113 33376 infeasible 16566               -    0.00031      -   0.9 3230s
 87938995 33374    0.00031 6363   11          -    0.00031      -   0.9 3235s
 88072084 33411    0.00031 5915   11          -    0.00031      -   0.9 3240s
 88192552 33417    0.00031 21193   17          -    0.00031      -   0.9 3245s
 88307042 33425    0.00031 17736    8          -    0.00031      -   0.9 3250s
 88430248 33421    0.00031 4962   11          -    0.00031      -   0.9 3255s
 88554137 33431 infeasible 13786               -    0.00031      -   0.9 3260s
 88689985 33452 infeasible 16512               -    0.00031      -   0.9 3265s
 88823800 33456    0.00031 28870   11          -    0.00031      -   0.9 3270s
 88939589 33470    0.00031 9867   11          -    0.00031      -   0.9 3275s
 89069789 33480 infeasible 9631               -    0.00031      -   0.9 3280s
 89199251 33501    0.00031 2775   17          -    0.00031      -   0.9 3285s
 89328883 33547 infeasible 5757               -    0.00031      -   0.9 3290s
 89467454 33575    0.00031 2123   11          -    0.00031      -   0.9 3295s
 89601880 33582    0.00031 20525   11          -    0.00031      -   0.9 3300s
 89735478 33583 infeasible 10506               -    0.00031      -   0.9 3305s
 89870604 33598 infeasible 6847               -    0.00031      -   0.9 3310s
 89995450 33602 infeasible 3164               -    0.00031      -   0.9 3315s
 90121981 33598 infeasible 2779               -    0.00031      -   0.9 3320s
 90246947 33602    0.00031 24836   11          -    0.00031      -   0.9 3325s
 90373534 33586    0.00031 30565   11          -    0.00031      -   0.9 3330s
 90505177 33597 infeasible 29996               -    0.00031      -   0.9 3335s
 90632314 33609 infeasible 4460               -    0.00031      -   0.9 3340s
 90760538 33611    0.00031 7490   11          -    0.00031      -   0.9 3345s
 90894339 33607 infeasible 22898               -    0.00031      -   0.9 3350s
 91029253 33621    0.00031  393   11          -    0.00031      -   0.9 3355s
 91160640 33623    0.00031 28513   11          -    0.00031      -   0.9 3360s
 91293188 33622 infeasible 2807               -    0.00031      -   0.9 3365s
 91419144 33643 infeasible 18422               -    0.00031      -   0.9 3370s
 91539678 33635 infeasible 24614               -    0.00031      -   0.9 3375s
 91657474 33633    0.00031 4906   11          -    0.00031      -   0.9 3380s
 91793981 33639    0.00031 26503   17          -    0.00031      -   0.9 3385s
 91928589 33657    0.00031 19552   11          -    0.00031      -   0.9 3390s
 92057189 33694 infeasible 3270               -    0.00031      -   0.9 3395s
 92191007 33741 infeasible 3000               -    0.00031      -   0.9 3400s
 92319198 33748 infeasible 24689               -    0.00031      -   0.9 3405s
 92448262 33767    0.00031 2163   11          -    0.00031      -   0.9 3410s
 92570545 33769 infeasible 30372               -    0.00031      -   0.9 3415s
 92695598 33789 infeasible 11090               -    0.00031      -   0.9 3420s
 92827518 33781 infeasible 4118               -    0.00031      -   0.9 3425s
 92951123 33788 infeasible 9636               -    0.00031      -   0.9 3430s
 93077016 33795    0.00031 2438   11          -    0.00031      -   0.9 3435s
 93214871 33809    0.00031 5003   17          -    0.00031      -   0.9 3440s
 93340954 33812 infeasible 4364               -    0.00031      -   0.9 3445s
 93471251 33824    0.00031 16639   11          -    0.00031      -   0.9 3450s
 93594689 33831 infeasible 3086               -    0.00031      -   0.9 3455s
 93720041 33868 infeasible 8591               -    0.00031      -   0.9 3460s
 93846275 33860    0.00031 5050   17          -    0.00031      -   0.9 3465s
 93972304 33883 infeasible 10964               -    0.00031      -   0.9 3470s
 94108380 33913    0.00031 7383   17          -    0.00031      -   0.9 3475s
 94235853 33938    0.00031 13323   11          -    0.00031      -   0.9 3480s
 94359941 33951    0.00031  447   17          -    0.00031      -   0.9 3485s
 94483719 33959 infeasible 12696               -    0.00031      -   0.9 3490s
 94603807 33947    0.00031 12620   11          -    0.00031      -   0.9 3495s
 94725287 33948    0.00031 18332   11          -    0.00031      -   0.9 3500s
 94853264 33946    0.00031 5226   11          -    0.00031      -   0.9 3505s
 94979821 33932 infeasible 4828               -    0.00031      -   0.9 3510s
 95101893 33930    0.00031 7488   17          -    0.00031      -   0.9 3515s
 95231090 33924 infeasible 4026               -    0.00031      -   0.9 3520s
 95364003 33936 infeasible 3674               -    0.00031      -   0.9 3525s
 95490639 33938    0.00031 16031   11          -    0.00031      -   0.9 3530s
 95621227 33942    0.00031 25041   17          -    0.00031      -   0.9 3535s
 95747357 33940    0.00031 14991   11          -    0.00031      -   0.9 3540s
 95863137 33944 infeasible 21077               -    0.00031      -   0.9 3545s
 95985236 33958 infeasible 17776               -    0.00031      -   0.9 3550s
 96095900 33965 infeasible 23948               -    0.00031      -   0.9 3555s
 96216562 33943 infeasible 14350               -    0.00031      -   0.9 3560s
 96334928 33949 infeasible 2143               -    0.00031      -   0.9 3565s
 96433267 33945    0.00031 14242   11          -    0.00031      -   0.9 3570s
 96549283 33944 infeasible 29812               -    0.00031      -   0.9 3575s
 96669650 33957 infeasible 7207               -    0.00031      -   0.9 3580s
 96796819 33969    0.00031 6866   11          -    0.00031      -   0.9 3585s
 96920631 33936    0.00031 3311   17          -    0.00031      -   0.9 3590s
 97044398 33928    0.00031 3116   11          -    0.00031      -   0.9 3595s
 97157206 33925 infeasible 15550               -    0.00031      -   0.9 3600s
 97280590 33931 infeasible 5954               -    0.00031      -   0.9 3605s
 97412922 33930 infeasible 8664               -    0.00031      -   0.9 3610s
 97528872 33925 infeasible 13991               -    0.00031      -   0.9 3615s
 97644352 33932    0.00031 1154   17          -    0.00031      -   0.9 3620s
 97761654 33938    0.00031 10123   17          -    0.00031      -   0.9 3625s
 97875101 33936    0.00031 6637   17          -    0.00031      -   0.9 3630s
 97994009 33936    0.00031 12504   11          -    0.00031      -   0.9 3635s
 98108028 33947    0.00031 5527   11          -    0.00031      -   0.9 3640s
 98210191 33949 infeasible 2716               -    0.00031      -   0.9 3645s
 98334984 33952 infeasible 17914               -    0.00031      -   0.9 3650s
 98457439 33961 infeasible 13890               -    0.00031      -   0.9 3655s
 98576923 33962    0.00031  754   11          -    0.00031      -   0.9 3660s
 98708253 33958 infeasible 19256               -    0.00031      -   0.9 3665s
 98829792 33962 infeasible 9257               -    0.00031      -   0.9 3670s
 98956533 33948 infeasible 8810               -    0.00031      -   0.9 3675s
 99081771 33943    0.00031 5422   11          -    0.00031      -   0.9 3680s
 99205735 33953    0.00031 1627   11          -    0.00031      -   0.9 3685s
 99337617 33962    0.00031 17099   17          -    0.00031      -   0.9 3690s
 99468098 33957 infeasible 29383               -    0.00031      -   0.9 3695s
 99602584 33944 infeasible 3615               -    0.00031      -   0.9 3700s
 99729796 33992 infeasible 28430               -    0.00031      -   0.9 3705s
 99849094 34014    0.00031 18534   11          -    0.00031      -   0.9 3710s
 99965745 34035 infeasible 27838               -    0.00031      -   0.9 3715s
 100082101 34078    0.00031 11493   11          -    0.00031      -   0.9 3720s
 100194242 34105    0.00031 17718   17          -    0.00031      -   0.9 3725s
 100300631 34112    0.00031 5106   11          -    0.00031      -   0.9 3730s
 100400878 34099 infeasible 27412               -    0.00031      -   0.9 3735s
 100509776 34105    0.00031 11542   11          -    0.00031      -   0.9 3740s
 100625290 34103    0.00031 4851   11          -    0.00031      -   0.9 3745s
 100731978 34092    0.00031 11143   11          -    0.00031      -   0.9 3750s
 100844668 34113 infeasible 26657               -    0.00031      -   0.9 3755s
 100957105 34111    0.00031 4210   17          -    0.00031      -   0.9 3760s
 101063471 34105 infeasible  972               -    0.00031      -   0.9 3765s
 101173166 34119 infeasible 7326               -    0.00031      -   0.9 3770s
 101274866 34149 infeasible 4262               -    0.00031      -   0.9 3775s
 101368558 34151    0.00031 17001   17          -    0.00031      -   0.9 3780s
 101475959 34156 infeasible 20146               -    0.00031      -   0.9 3785s
 101588159 34150 infeasible 17051               -    0.00031      -   0.9 3790s
 101684671 34194    0.00031 1090   17          -    0.00031      -   0.9 3795s
 101780905 34197 infeasible 23441               -    0.00031      -   1.0 3800s
 101887106 34179 infeasible 4628               -    0.00031      -   1.0 3805s
 101999004 34241 infeasible 14013               -    0.00031      -   1.0 3810s
 102104775 34247    0.00031 4590   11          -    0.00031      -   1.0 3815s
 102201295 34281    0.00031 17542   11          -    0.00031      -   1.0 3820s
 102302861 34329    0.00031 8341   11          -    0.00031      -   1.0 3825s
 102397959 34328    0.00031 5155   11          -    0.00031      -   1.0 3830s
 102489445 34336 infeasible 11806               -    0.00031      -   1.0 3835s
 102598384 34320 infeasible 30870               -    0.00031      -   1.0 3840s
 102698628 34337    0.00031 9010   11          -    0.00031      -   1.0 3845s
 102792427 34359 infeasible 6166               -    0.00031      -   1.0 3850s
 102893434 34375    0.00031 3386   11          -    0.00031      -   1.0 3855s
 102992537 34367    0.00031 13562   11          -    0.00031      -   1.0 3860s
 103096087 34409 infeasible 13730               -    0.00031      -   1.0 3865s
 103182448 34401 infeasible 4516               -    0.00031      -   1.0 3870s
 103288046 34411 infeasible 17372               -    0.00031      -   1.0 3875s
 103383478 34449 infeasible 30452               -    0.00031      -   1.0 3880s
 103480122 34443 infeasible 24349               -    0.00031      -   1.0 3885s
 103582214 34464    0.00031 2548   11          -    0.00031      -   1.0 3890s
 103683864 34491 infeasible 21610               -    0.00031      -   1.0 3895s
 103778933 34520 infeasible  473               -    0.00031      -   1.0 3900s
 103872058 34537    0.00031 16529   11          -    0.00031      -   1.0 3905s
 103967493 34536 infeasible 1317               -    0.00031      -   1.0 3910s
 104081171 34579 infeasible 4375               -    0.00031      -   1.0 3915s
 104175737 34547    0.00031 11013   11          -    0.00031      -   1.0 3920s
 104280710 34549 infeasible 11232               -    0.00031      -   1.0 3925s
 104380586 34532 infeasible 8270               -    0.00031      -   1.0 3930s
 104491841 34549 infeasible 1959               -    0.00031      -   1.0 3935s
 104599841 34547 infeasible 14667               -    0.00031      -   1.0 3940s
 104703516 34523    0.00031 20900   11          -    0.00031      -   1.0 3945s
 104807839 34555    0.00031 2210   11          -    0.00031      -   1.0 3950s
 104906684 34555    0.00031 5474   11          -    0.00031      -   1.0 3955s
 105009862 34544    0.00031 14855   11          -    0.00031      -   1.0 3960s
 105113086 34556    0.00031 2054   11          -    0.00031      -   1.0 3965s
 105213752 34552    0.00031 11797   11          -    0.00031      -   1.0 3970s
 105317773 34520    0.00031 25098   11          -    0.00031      -   1.0 3975s
 105400721 34527    0.00031 8869   11          -    0.00031      -   1.0 3980s
 105504172 34538 infeasible 2677               -    0.00031      -   1.0 3985s
 105615871 34520    0.00031 5878   11          -    0.00031      -   1.0 3990s
 105715567 34525    0.00031 31428   11          -    0.00031      -   1.0 3995s
 105813517 34521    0.00031 3303   17          -    0.00031      -   1.0 4000s
 105914669 34499    0.00031 12845   11          -    0.00031      -   1.0 4005s
 106031480 34493    0.00031 6296   11          -    0.00031      -   1.0 4010s
 106138598 34498    0.00031 15919   11          -    0.00031      -   1.0 4015s
 106244422 34494 infeasible 3352               -    0.00031      -   1.0 4020s
 106344677 34487    0.00031 3605   11          -    0.00031      -   1.0 4025s
 106459557 34495    0.00031 16297    6          -    0.00031      -   1.0 4030s
 106556997 34490    0.00031 4472   17          -    0.00031      -   1.0 4035s
 106670941 34475    0.00031 29634   17          -    0.00031      -   1.0 4040s
 106786294 34492    0.00031 7582   11          -    0.00031      -   1.0 4045s
 106884948 34468    0.00031 20364   11          -    0.00031      -   1.0 4050s
 106991308 34465    0.00031 10922   11          -    0.00031      -   1.1 4055s
 107102124 34455 infeasible 10968               -    0.00031      -   1.1 4060s
 107210302 34443    0.00031 7767   11          -    0.00031      -   1.1 4065s
 107322197 34446    0.00031 4787   11          -    0.00031      -   1.1 4070s
 107425375 34444    0.00031 11056   11          -    0.00031      -   1.1 4075s
 107541326 34446    0.00031 20277   11          -    0.00031      -   1.1 4080s
 107646759 34444 infeasible 7622               -    0.00031      -   1.1 4085s
 107752984 34433    0.00031 10882   11          -    0.00031      -   1.1 4090s
 107855629 34431    0.00031 27035   17          -    0.00031      -   1.1 4095s
 107968283 34422    0.00031 20625   17          -    0.00031      -   1.1 4100s
 108087308 34404 infeasible 14363               -    0.00031      -   1.1 4105s
 108186207 34405 infeasible 14333               -    0.00031      -   1.1 4110s
 108302517 34406    0.00031 4635   17          -    0.00031      -   1.1 4115s
 108399869 34403 infeasible 14225               -    0.00031      -   1.1 4120s
 108517145 34391 infeasible 1552               -    0.00031      -   1.1 4125s
 108635563 34384 infeasible 4711               -    0.00031      -   1.1 4130s
 108741397 34465 infeasible 8098               -    0.00031      -   1.1 4135s
 108859125 34439    0.00031 17313   11          -    0.00031      -   1.1 4140s
 108973317 34457 infeasible 4656               -    0.00031      -   1.1 4145s
 109093149 34445 infeasible 4532               -    0.00031      -   1.1 4150s
 109212210 34434    0.00031 17149   11          -    0.00031      -   1.1 4155s
 109321525 34409 infeasible 10467               -    0.00031      -   1.1 4160s
 109426413 34386 infeasible 3979               -    0.00031      -   1.1 4165s
 109538285 34388 infeasible 3948               -    0.00031      -   1.1 4170s
 109653686 34369 infeasible 25618               -    0.00031      -   1.1 4175s
 109770544 34374 infeasible 16119               -    0.00031      -   1.1 4180s
 109885872 34373 infeasible 19155               -    0.00031      -   1.1 4185s
 110003726 34354 infeasible 19099               -    0.00031      -   1.1 4190s
 110126077 34349 infeasible 22210               -    0.00031      -   1.1 4195s
 110236603 34348 infeasible 9547               -    0.00031      -   1.1 4200s
 110348678 34332 infeasible 12753               -    0.00031      -   1.1 4205s
 110462653 34328 infeasible 25331               -    0.00031      -   1.1 4210s
 110579281 34328    0.00031 15903   17          -    0.00031      -   1.1 4215s
 110691371 34304 infeasible 15954               -    0.00031      -   1.1 4220s
 110821221 34310    0.00031 18868   17          -    0.00031      -   1.1 4225s
 110938835 34312    0.00031 15654   17          -    0.00031      -   1.1 4230s
 111054375 34319 infeasible 12436               -    0.00031      -   1.1 4235s
 111163152 34326    0.00031 31511   11          -    0.00031      -   1.1 4240s
 111275548 34315 infeasible 18989               -    0.00031      -   1.1 4245s
 111384557 34340    0.00031 31552   17          -    0.00031      -   1.1 4250s
 111499654 34337 infeasible 28449               -    0.00031      -   1.1 4255s
 111621326 34344 infeasible 18883               -    0.00031      -   1.1 4260s
 111730790 34331    0.00031 28070   11          -    0.00031      -   1.1 4265s
 111849729 34337 infeasible 18528               -    0.00031      -   1.1 4270s
 111977966 34351 infeasible 21385               -    0.00031      -   1.1 4275s
 112092477 34348 infeasible 21221               -    0.00031      -   1.1 4280s
 112206751 34339 infeasible 30711               -    0.00031      -   1.1 4285s
 112326755 34348    0.00031 30724   11          -    0.00031      -   1.1 4290s
 112444808 34331 infeasible 21214               -    0.00031      -   1.1 4295s
 112557660 34327 infeasible 20894               -    0.00031      -   1.1 4300s
 112677588 34321    0.00031 20778   11          -    0.00031      -   1.1 4305s
 112784312 34325    0.00031 1868   11          -    0.00031      -   1.1 4310s
 112890239 34332 infeasible 5335               -    0.00031      -   1.1 4315s
 113013782 34333    0.00031 8387   11          -    0.00031      -   1.1 4320s
 113128972 34335 infeasible 14318               -    0.00031      -   1.1 4325s
 113245684 34315    0.00031 23755   11          -    0.00031      -   1.1 4330s
 113365139 34318    0.00031 30118   11          -    0.00031      -   1.1 4335s
 113489127 34300    0.00031 1533   11          -    0.00031      -   1.1 4340s
 113604907 34294 infeasible 7167               -    0.00031      -   1.1 4345s
 113728116 34302    0.00031 25824   11          -    0.00031      -   1.1 4350s
 113848509 34300    0.00031 13089   11          -    0.00031      -   1.1 4355s
 113961006 34291    0.00031 13085   11          -    0.00031      -   1.1 4360s
 114075063 34289    0.00031 18954   11          -    0.00031      -   1.1 4365s
 114201739 34286    0.00031 12232   11          -    0.00031      -   1.1 4370s
 114320293 34282 infeasible 27962               -    0.00031      -   1.1 4375s
 114437140 34285    0.00031 21755   11          -    0.00031      -   1.1 4380s
 114556902 34275    0.00031 24896   11          -    0.00031      -   1.1 4385s
 114669897 34270 infeasible 21616               -    0.00031      -   1.1 4390s
 114786701 34276 infeasible 18343               -    0.00031      -   1.1 4395s
 114918946 34254    0.00031 14885   11          -    0.00031      -   1.1 4400s
 115056524 34243    0.00031 11377   11          -    0.00031      -   1.1 4405s
 115190429 34228 infeasible 26811               -    0.00031      -   1.1 4410s
 115316989 34233 infeasible 26540               -    0.00031      -   1.1 4415s
 115449191 34218 infeasible 10511               -    0.00031      -   1.1 4420s
 115574704 34211    0.00031 13536   11          -    0.00031      -   1.1 4425s
 115689662 34209    0.00031 19719   11          -    0.00031      -   1.1 4430s
 115805285 34192    0.00031  875   11          -    0.00031      -   1.1 4435s
 115911849 34194    0.00031 4310   11          -    0.00031      -   1.1 4440s
 116030700 34179    0.00031 26246   11          -    0.00031      -   1.1 4445s
 116156529 34165 infeasible 10370               -    0.00031      -   1.1 4450s
 116278802 34160    0.00031 29219   11          -    0.00031      -   1.1 4455s
 116402852 34153    0.00031 22792   11          -    0.00031      -   1.1 4460s
 116532058 34147    0.00031 13020   11          -    0.00031      -   1.1 4465s
 116660653 34142    0.00031 31747   11          -    0.00031      -   1.1 4470s
 116777737 34137 infeasible 25415               -    0.00031      -   1.1 4475s
 116901461 34130    0.00031 12634   17          -    0.00031      -   1.1 4480s
 117026989 34121    0.00031 18350   11          -    0.00031      -   1.1 4485s
 117148095 34121 infeasible 27655               -    0.00031      -   1.1 4490s
 117270879 34120 infeasible 5456               -    0.00031      -   1.1 4495s
 117384533 34112 infeasible 30562               -    0.00031      -   1.1 4500s
 117500005 34114 infeasible 27183               -    0.00031      -   1.1 4505s
 117623412 34091 infeasible 20770               -    0.00031      -   1.1 4510s
 117730494 34093    0.00031 17100   11          -    0.00031      -   1.1 4515s
 117836703 34086    0.00031 7672   17          -    0.00031      -   1.1 4520s
 117945699 34110 infeasible 19888               -    0.00031      -   1.1 4525s
 118065061 34093    0.00031 29033   11          -    0.00031      -   1.1 4530s
 118177214 34084 infeasible 25734               -    0.00031      -   1.1 4535s
 118283808 34076    0.00031 25756   11          -    0.00031      -   1.1 4540s
 118405086 34083    0.00031 16019   11          -    0.00031      -   1.1 4545s
 118530502 34074 infeasible 18944               -    0.00031      -   1.1 4550s
 118654996 34061 infeasible 18586               -    0.00031      -   1.1 4555s
 118779184 34066    0.00031 24619   11          -    0.00031      -   1.1 4560s
 118902082 34051 infeasible 8534               -    0.00031      -   1.1 4565s
 119019145 34055    0.00031 5216   11          -    0.00031      -   1.1 4570s
 119153931 34042    0.00031 14257   17          -    0.00031      -   1.1 4575s
 119284112 34044 infeasible 23262               -    0.00031      -   1.1 4580s
 119405795 34039    0.00031 19907   11          -    0.00031      -   1.1 4585s
 119508480 34030    0.00031 29106   11          -    0.00031      -   1.1 4590s
 119624259 34026    0.00031 19852   17          -    0.00031      -   1.1 4595s
 119747643 34018 infeasible 25863               -    0.00031      -   1.1 4600s
 119874521 34007    0.00031 28769   11          -    0.00031      -   1.1 4605s
 119992481 33997    0.00031 15677   17          -    0.00031      -   1.1 4610s
 120122093 33996 infeasible 18756               -    0.00031      -   1.1 4615s
 120245302 34004    0.00031 18732   17          -    0.00031      -   1.1 4620s
 120359828 33985    0.00031 21642   11          -    0.00031      -   1.1 4625s
 120483506 33963    0.00031 30933   11          -    0.00031      -   1.1 4630s
 120613444 33955    0.00031 30654   11          -    0.00031      -   1.1 4635s
 120739846 33963    0.00031 11420   17          -    0.00031      -   1.1 4640s
 120860393 33956 infeasible 27126               -    0.00031      -   1.1 4645s
 120986139 33951 infeasible 23810               -    0.00031      -   1.1 4650s
 121107505 33950 infeasible 4654               -    0.00031      -   1.1 4655s
 121235172 33945 infeasible 29690               -    0.00031      -   1.1 4660s
 121358624 33943    0.00031 26456   11          -    0.00031      -   1.1 4665s
 121469518 33948 infeasible 14051               -    0.00031      -   1.1 4670s
 121580289 33960    0.00031 26737   11          -    0.00031      -   1.1 4675s
 121696773 33957    0.00031 26755   11          -    0.00031      -   1.1 4680s
 121827468 33947 infeasible 26529               -    0.00031      -   1.1 4685s
 121953292 33946 infeasible 13688               -    0.00031      -   1.1 4690s
 122082349 33924    0.00031 13235   11          -    0.00031      -   1.1 4695s
 122202242 33926    0.00031 28833   17          -    0.00031      -   1.1 4700s
 122326899 33917    0.00031 22402   17          -    0.00031      -   1.1 4705s
 122445163 33936    0.00031 31039   11          -    0.00031      -   1.1 4710s
 122570536 33931    0.00031 17759   11          -    0.00031      -   1.1 4715s
 122688022 33929 infeasible 17567               -    0.00031      -   1.1 4720s
 122807519 33917    0.00031 17546   11          -    0.00031      -   1.1 4725s
 122927691 33902 infeasible 30014               -    0.00031      -   1.1 4730s
 123050027 33895 infeasible 26753               -    0.00031      -   1.1 4735s
 123166262 33890 infeasible 23567               -    0.00031      -   1.1 4740s
 123287824 33879    0.00031 4274   17          -    0.00031      -   1.1 4745s
 123403399 33869    0.00031 7056   11          -    0.00031      -   1.1 4750s
 123526574 33868 infeasible 22730               -    0.00031      -   1.1 4755s
 123654005 33872    0.00031 9888   17          -    0.00031      -   1.1 4760s
 123780599 33961    0.00031 19089   11          -    0.00031      -   1.1 4765s
 123899438 33984 infeasible 15701               -    0.00031      -   1.1 4770s
 124017894 34006 infeasible 28158               -    0.00031      -   1.1 4775s
 124144945 34073    0.00031 15289   11          -    0.00031      -   1.1 4780s
 124265542 34089    0.00031 27547   11          -    0.00031      -   1.1 4785s
 124382447 34123 infeasible 18002               -    0.00031      -   1.1 4790s
 124509828 34104    0.00031 30405   17          -    0.00031      -   1.1 4795s
 124634095 34126 infeasible 30235               -    0.00031      -   1.1 4800s
 124766565 34123 infeasible 17270               -    0.00031      -   1.1 4805s
 124899855 34163 infeasible 26229               -    0.00031      -   1.1 4810s
 125012518 34167    0.00031 17135   17          -    0.00031      -   1.1 4815s
 125135568 34157 infeasible 16995               -    0.00031      -   1.1 4820s
 125253282 34204    0.00031 7118   11          -    0.00031      -   1.1 4825s
 125367533 34197    0.00031 19560   17          -    0.00031      -   1.1 4830s
 125502234 34230    0.00031 12557   11          -    0.00031      -   1.1 4835s
 125633968 34190 infeasible 27780               -    0.00031      -   1.1 4840s
 125757650 34336    0.00031 30595   17          -    0.00031      -   1.1 4845s
 125883118 34519 infeasible 30091               -    0.00031      -   1.1 4850s
 126017345 34865 infeasible 20181               -    0.00031      -   1.1 4855s
 126153007 35773 infeasible   98               -    0.00031      -   1.1 4860s
 126288258 36408    0.00031   69   14          -    0.00031      -   1.1 4865s
 126388395 36447    0.00031 6181    9          -    0.00031      -   1.1 4870s
 126472759 36283    0.00031 7508    9          -    0.00031      -   1.1 4875s
 126555886 36265 infeasible 9788               -    0.00031      -   1.1 4880s
 126644327 36126    0.00031   66   23          -    0.00031      -   1.1 4885s
 126741446 36659 infeasible 31781               -    0.00031      -   1.2 4890s
 126832072 37423 infeasible 2050               -    0.00031      -   1.2 4895s
 126917185 37517 infeasible 10805               -    0.00031      -   1.2 4900s
 127019601 37546    0.00031   61   12          -    0.00031      -   1.2 4905s
 127114090 37928 infeasible 11836               -    0.00031      -   1.2 4910s
 127236142 38436    0.00031 11315   15          -    0.00031      -   1.2 4915s
 127354285 38163    0.00031  307   18          -    0.00031      -   1.2 4920s
 127463516 37742 infeasible 14887               -    0.00031      -   1.2 4925s
 127559348 37845 infeasible  146               -    0.00031      -   1.2 4930s
 127668620 38229 infeasible 27350               -    0.00031      -   1.2 4935s
 127769406 37504 infeasible 3102               -    0.00031      -   1.2 4940s
 127863476 37155 infeasible  314               -    0.00031      -   1.2 4945s
 127940975 36903    0.00031 25020   15          -    0.00031      -   1.2 4950s
 128011309 36707    0.00031 2478    9          -    0.00031      -   1.2 4955s
 128082592 36624 infeasible 2138               -    0.00031      -   1.2 4960s
 128162543 36454 infeasible 4796               -    0.00031      -   1.2 4965s
 128243047 36340    0.00031 4204    9          -    0.00031      -   1.2 4970s
 128326773 36273 infeasible 3812               -    0.00031      -   1.2 4975s
 128407718 36193    0.00031 3546    6          -    0.00031      -   1.2 4980s
 128486856 36209 infeasible 31131               -    0.00031      -   1.2 4985s
 128570563 36309 infeasible 8980               -    0.00031      -   1.2 4990s
 128653175 36343 infeasible 18337               -    0.00031      -   1.2 4995s
 128743049 36852    0.00031 27238    9          -    0.00031      -   1.2 5000s
 128828549 36643 infeasible 16710               -    0.00031      -   1.2 5005s
 128911045 36603    0.00031 9903    9          -    0.00031      -   1.2 5010s
 128991207 36482 infeasible 12404               -    0.00031      -   1.2 5015s
 129072605 36374    0.00031 21681    9          -    0.00031      -   1.2 5020s
 129156732 36434 infeasible 14745               -    0.00031      -   1.2 5025s
 129238061 36783    0.00031 20649   11          -    0.00031      -   1.3 5030s
 129324889 37319 infeasible 10688               -    0.00031      -   1.3 5035s
 129428124 38655 infeasible  324               -    0.00031      -   1.3 5040s
 129564870 39211 infeasible 8855               -    0.00031      -   1.3 5045s
 129690518 39471 infeasible  328               -    0.00031      -   1.3 5050s
 129830101 39152 infeasible 23691               -    0.00031      -   1.3 5055s
 129971865 39543    0.00031  313   18          -    0.00031      -   1.3 5060s
 130147580 39267 infeasible 26110               -    0.00031      -   1.3 5065s
 130313763 41955 infeasible 27897               -    0.00031      -   1.3 5070s
 130474508 43104 infeasible 29351               -    0.00031      -   1.3 5075s
 130664012 43411    0.00031 31057    9          -    0.00031      -   1.3 5080s
 130856397 42606    0.00031  100   12          -    0.00031      -   1.3 5085s
 131058315 42536 infeasible  106               -    0.00031      -   1.3 5090s
 131255482 41401 infeasible  321               -    0.00031      -   1.3 5095s
 131456038 41737 infeasible 4151               -    0.00031      -   1.3 5100s
 131665658 42851 infeasible  103               -    0.00031      -   1.3 5105s
 131866543 42422 infeasible 15857               -    0.00031      -   1.3 5110s
 132077917 42257    0.00031  113   12          -    0.00031      -   1.3 5115s
 132297746 42202 infeasible 27787               -    0.00031      -   1.3 5120s
 132517335 42035    0.00031  103   12          -    0.00031      -   1.2 5125s
 132724659 42509 infeasible  115               -    0.00031      -   1.2 5130s
 132931249 42180    0.00031  105    8          -    0.00031      -   1.2 5135s
 133117266 42433    0.00031  106   14          -    0.00031      -   1.2 5140s
 133305606 41831 infeasible   98               -    0.00031      -   1.2 5145s
 133515849 42301    0.00031  102    6          -    0.00031      -   1.2 5150s
 133735756 41762 infeasible  170               -    0.00031      -   1.2 5155s
 133941040 41765 infeasible   77               -    0.00031      -   1.2 5160s
 134060567 41218 infeasible 1865               -    0.00031      -   1.2 5165s
 134147557 41139    0.00031 3846   15          -    0.00031      -   1.2 5170s
 134236931 41448    0.00031   67   16          -    0.00031      -   1.2 5175s
 134319484 41403 infeasible 5960               -    0.00031      -   1.2 5180s
 134410656 41679 infeasible 7696               -    0.00031      -   1.3 5185s
 134524454 41529    0.00031 9683    9          -    0.00031      -   1.3 5190s
 134636341 43418    0.00031 8713    9          -    0.00031      -   1.3 5195s
 134823530 43884 infeasible 10774               -    0.00031      -   1.3 5200s
 135002548 43388 infeasible 12852               -    0.00031      -   1.3 5205s
 135175618 43310 infeasible  102               -    0.00031      -   1.3 5210s
 135350194 43105 infeasible  125               -    0.00031      -   1.3 5215s
 135509943 42896    0.00031 20955    9          -    0.00031      -   1.3 5220s
 135661248 42738 infeasible   91               -    0.00031      -   1.3 5225s
 135821377 42357 infeasible  104               -    0.00031      -   1.3 5230s
 135945574 42180 infeasible 23036               -    0.00031      -   1.3 5235s
 136064724 42178 infeasible 25022               -    0.00031      -   1.3 5240s
 136186077 42086    0.00031 26594   15          -    0.00031      -   1.3 5245s
 136307902 42480 infeasible   99               -    0.00031      -   1.3 5250s
 136512600 43279 infeasible  125               -    0.00031      -   1.3 5255s
 136700581 42897 infeasible  106               -    0.00031      -   1.3 5260s
 136895755 42358    0.00031   96   15          -    0.00031      -   1.3 5265s
 137082677 42746 infeasible  118               -    0.00031      -   1.3 5270s
 137259171 41994 infeasible 29146               -    0.00031      -   1.3 5275s
 137396906 42084    0.00031 31262    9          -    0.00031      -   1.3 5280s
 137568266 42008 infeasible   93               -    0.00031      -   1.3 5285s
 137772698 42656 infeasible  122               -    0.00031      -   1.3 5290s
 137981999 42705    0.00031   86    9          -    0.00031      -   1.3 5295s
 138193951 41986    0.00031   97   13          -    0.00031      -   1.3 5300s
 138404864 41879 infeasible  103               -    0.00031      -   1.3 5305s
 138609501 41881    0.00031   95   13          -    0.00031      -   1.3 5310s
 138821466 41462 infeasible 10968               -    0.00031      -   1.3 5315s
 138985686 42447    0.00031 12890    9          -    0.00031      -   1.3 5320s
 139094523 42757 infeasible 8260               -    0.00031      -   1.3 5325s
 139220481 44216    0.00031 27424   17          -    0.00031      -   1.3 5330s
 139371823 44370 infeasible  128               -    0.00031      -   1.3 5335s
 139506213 44587 infeasible  182               -    0.00031      -   1.3 5340s
 139646224 44386 infeasible 8187               -    0.00031      -   1.3 5345s
 139771198 46198    0.00031  117    8          -    0.00031      -   1.3 5350s
 139919480 45662 infeasible 23952               -    0.00031      -   1.3 5355s
 140052220 46052 infeasible  129               -    0.00031      -   1.3 5360s
 140188849 45738    0.00031 17769    9          -    0.00031      -   1.3 5365s
 140322961 45721    0.00031 28940    9          -    0.00031      -   1.3 5370s
 140451769 45115 infeasible 30828               -    0.00031      -   1.3 5375s
 140598540 45092 infeasible  123               -    0.00031      -   1.3 5380s
 140744508 45130 infeasible 21176               -    0.00031      -   1.3 5385s
 140893095 45564 infeasible  129               -    0.00031      -   1.3 5390s
 141047068 45119    0.00031  127   10          -    0.00031      -   1.3 5395s
 141219803 45501 infeasible  128               -    0.00031      -   1.3 5400s
 141390535 45016 infeasible 30447               -    0.00031      -   1.3 5405s
 141547675 45460    0.00031  141   10          -    0.00031      -   1.3 5410s
 141720603 45167    0.00031  133   10          -    0.00031      -   1.3 5415s
 141905750 44715    0.00031  136   12          -    0.00031      -   1.3 5420s
 142108353 44985    0.00031  140    6          -    0.00031      -   1.3 5425s
 142271432 44988 infeasible  115               -    0.00031      -   1.3 5430s
 142384549 44694 infeasible   77               -    0.00031      -   1.3 5435s
 142459463 44499 infeasible 3018               -    0.00031      -   1.3 5440s
 142539180 44362    0.00031 3223    7          -    0.00031      -   1.3 5445s
 142621783 44294 infeasible 3294               -    0.00031      -   1.3 5450s
 142706435 44205 infeasible 6723               -    0.00031      -   1.3 5455s
 142789895 44131    0.00031 9773    9          -    0.00031      -   1.3 5460s
 142873612 44108    0.00031 3061   11          -    0.00031      -   1.3 5465s
 142957597 44096 infeasible 6659               -    0.00031      -   1.3 5470s
 143039475 44111 infeasible 9790               -    0.00031      -   1.3 5475s
 143123346 44121 infeasible 3863               -    0.00031      -   1.3 5480s
 143205316 44084 infeasible 7001               -    0.00031      -   1.3 5485s
 143290983 44014    0.00031 4179    7          -    0.00031      -   1.3 5490s
 143376199 43977 infeasible 11018               -    0.00031      -   1.3 5495s
 143458252 43966    0.00031 8042   11          -    0.00031      -   1.3 5500s
 143543836 43985 infeasible 11309               -    0.00031      -   1.3 5505s
 143622057 43969    0.00031 4662    7          -    0.00031      -   1.3 5510s
 143703711 43937    0.00031 14288    9          -    0.00031      -   1.3 5515s
 143785378 43892    0.00031 20641    9          -    0.00031      -   1.3 5520s
 143866120 43933 infeasible 11118               -    0.00031      -   1.3 5525s
 143949759 43940 infeasible 8387               -    0.00031      -   1.3 5530s
 144033866 43925    0.00031 15057    7          -    0.00031      -   1.3 5535s
 144119470 43908    0.00031 5974   11          -    0.00031      -   1.3 5540s
 144204965 43909    0.00031 15585    9          -    0.00031      -   1.3 5545s
 144286630 43959    0.00031 9623   11          -    0.00031      -   1.3 5550s
 144367451 44021 infeasible 18851               -    0.00031      -   1.4 5555s
 144451353 43990 infeasible 15954               -    0.00031      -   1.4 5560s
 144530825 43970    0.00031 15721    9          -    0.00031      -   1.4 5565s
 144611283 43937 infeasible 9394               -    0.00031      -   1.4 5570s
 144690023 43963    0.00031 12586    7          -    0.00031      -   1.4 5575s
 144767948 43989 infeasible 14773               -    0.00031      -   1.4 5580s
 144853516 43955    0.00031 2672    7          -    0.00031      -   1.4 5585s
 144939255 43919 infeasible 25162               -    0.00031      -   1.4 5590s
 145024441 43906 infeasible 10001               -    0.00031      -   1.4 5595s
 145105193 43959    0.00031 5643    7          -    0.00031      -   1.4 5600s
 145190715 43957 infeasible 18660               -    0.00031      -   1.4 5605s
 145274299 43902    0.00031 6660    7          -    0.00031      -   1.4 5610s
 145353017 43902    0.00031 13160   11          -    0.00031      -   1.4 5615s
 145432715 43972    0.00031 27810   11          -    0.00031      -   1.4 5620s
 145514741 43924    0.00031 24941    7          -    0.00031      -   1.4 5625s
 145596706 43991    0.00031 21637    9          -    0.00031      -   1.4 5630s
 145675812 44111 infeasible 15314               -    0.00031      -   1.4 5635s
 145760664 44145    0.00031 9793   11          -    0.00031      -   1.4 5640s
 145833257 44270    0.00031 3845    7          -    0.00031      -   1.4 5645s
 145919968 44319 infeasible 26317               -    0.00031      -   1.4 5650s
 146001245 44345    0.00031 7082    7          -    0.00031      -   1.4 5655s
 146074660 44433    0.00031 9789    7          -    0.00031      -   1.4 5660s
 146146572 44433    0.00031 28093    7          -    0.00031      -   1.4 5665s
 146233118 44484    0.00031 24977    9          -    0.00031      -   1.4 5670s
 146315426 44570 infeasible 24929               -    0.00031      -   1.4 5675s
 146395172 44592 infeasible 12390               -    0.00031      -   1.4 5680s
 146479189 44709    0.00031 15730    7          -    0.00031      -   1.4 5685s
 146559445 44775    0.00031 18387    9          -    0.00031      -   1.4 5690s
 146642500 44840    0.00031 27903    7          -    0.00031      -   1.4 5695s
 146728569 44861 infeasible 19022               -    0.00031      -   1.4 5700s
 146812211 44929 infeasible 31378               -    0.00031      -   1.4 5705s
 146895793 44973 infeasible 21712               -    0.00031      -   1.4 5710s
 146973347 44997    0.00031 27754    7          -    0.00031      -   1.5 5715s
 147059808 44971 infeasible 21994               -    0.00031      -   1.5 5720s
 147145446 44954 infeasible 10098               -    0.00031      -   1.5 5725s
 147228555 44975    0.00031 20691   11          -    0.00031      -   1.5 5730s
 147302155 44983    0.00031 21373   11          -    0.00031      -   1.5 5735s
 147384692 44982    0.00031 2624    7          -    0.00031      -   1.5 5740s
 147460572 44995 infeasible 5374               -    0.00031      -   1.5 5745s
 147541196 45051    0.00031 27407    9          -    0.00031      -   1.5 5750s
 147619888 45212 infeasible 1987               -    0.00031      -   1.5 5755s
 147707785 45391 infeasible 11776               -    0.00031      -   1.5 5760s
 147792945 45689 infeasible 21220               -    0.00031      -   1.5 5765s
 147880146 46248    0.00031 1517    7          -    0.00031      -   1.5 5770s
 147966801 46814 infeasible 16492               -    0.00031      -   1.5 5775s
 148059353 47480    0.00031 18886    7          -    0.00031      -   1.5 5780s
*148089446   723              93       0.0003053    0.00031  0.00%   1.5 5786s

Explored 148090504 nodes (219564077 simplex iterations) in 5786.24 seconds (2652.20 work units)
Thread count was 12 (of 12 available processors)

Solution count 1: 0.000305314 

Optimal solution found (tolerance 1.00e-04)
Best objective 3.053144895828e-04, best bound 3.053144895828e-04, gap 0.0000%
