
Gurobi 11.0.2 (win64) logging started Tue Oct 15 00:19:08 2024

Set parameter LogFile to value ".\Experiments\Track_k_e_none_2_reruns\Logs\Track_k_e_none_2_reruns_r3_c1.log"
Set parameter TimeLimit to value 21600
Gurobi Optimizer version 11.0.2 build v11.0.2rc0 (win64 - Windows 10.0 (19045.2))

CPU model: Intel(R) Core(TM) i7-10750H CPU @ 2.60GHz, instruction set [SSE2|AVX|AVX2]
Thread count: 6 physical cores, 12 logical processors, using up to 12 threads

Optimize a model with 246 rows, 462 columns and 916 nonzeros
Model fingerprint: 0xb52bb629
Model has 6 quadratic objective terms
Model has 68 quadratic constraints
Model has 116 general constraints
Variable types: 458 continuous, 4 integer (4 binary)
Coefficient statistics:
  Matrix range     [9e-06, 1e+02]
  QMatrix range    [1e+00, 1e+00]
  QLMatrix range   [1e+00, 1e+00]
  Objective range  [1e-02, 2e-01]
  QObjective range [2e+00, 2e+00]
  Bounds range     [8e-05, 9e+01]
  RHS range        [8e-05, 1e+02]
  QRHS range       [1e-06, 1e-06]
Presolve removed 15 rows and 174 columns
Presolve time: 0.01s
Presolved: 472 rows, 297 columns, 1186 nonzeros
Presolved model has 2 SOS constraint(s)
Presolved model has 2 quadratic objective terms
Presolved model has 57 bilinear constraint(s)
Presolved model has 4 nonlinear constraint(s)
Warning: Model contains variables with very large bounds participating
         in nonlinear terms.
         Presolve was not able to compute smaller bounds for these variables.
         Consider bounding these variables or reformulating the model.


Solving non-convex MINLP

Variable types: 231 continuous, 66 integer (66 binary)

Root relaxation: objective 2.058065e-04, 311 iterations, 0.00 seconds (0.00 work units)

    Nodes    |    Current Node    |     Objective Bounds      |     Work
 Expl Unexpl |  Obj  Depth IntInf | Incumbent    BestBd   Gap | It/Node Time

     0     0    0.00021    0   34          -    0.00021      -     -    0s
     0     0    0.00021    0   63          -    0.00021      -     -    0s
     0     0    0.00021    0   87          -    0.00021      -     -    0s
     0     0    0.00021    0   87          -    0.00021      -     -    0s
     0     0    0.00021    0   86          -    0.00021      -     -    0s
     0     0    0.00021    0   84          -    0.00021      -     -    0s
     0     0    0.00021    0   85          -    0.00021      -     -    0s
     0     0    0.00021    0   83          -    0.00021      -     -    0s
     0     2    0.00021    0   83          -    0.00021      -     -    0s
H 2876   844                       0.0008520    0.00021  75.8%  16.4    0s
H16271  2321                       0.0008350    0.00021  75.4%  32.3    4s
 19365  3035 infeasible   45         0.00084    0.00021  75.4%  32.0    5s
 39198  5747 infeasible   59         0.00084    0.00021  75.4%  30.8   10s
 61609  9416    0.00021   47   34    0.00084    0.00021  75.4%  29.8   15s
*62627  9137              67       0.0007525    0.00021  72.7%  29.8   15s
H75409 10558                       0.0007478    0.00021  72.5%  29.3   18s
 85182 12005    0.00021   33   42    0.00075    0.00021  72.5%  28.8   20s
 106083 15428    0.00071   47   37    0.00075    0.00021  72.5%  28.9   25s
 125374 19153     cutoff   34         0.00075    0.00021  72.5%  29.2   30s
 147686 22594    0.00021   47   34    0.00075    0.00021  72.5%  29.4   35s
H152034 23170                       0.0007337    0.00021  72.0%  29.4   36s
 166075 25511 infeasible   59         0.00073    0.00021  72.0%  29.6   40s
H166469 25511                       0.0007337    0.00021  72.0%  29.7   40s
 186638 29043    0.00021   46   32    0.00073    0.00021  72.0%  29.8   45s
 208830 32775    0.00027   59   44    0.00073    0.00021  72.0%  29.9   50s
 230112 37405    0.00021   29   42    0.00073    0.00021  72.0%  30.0   55s
 252529 42028    0.00063   63   26    0.00073    0.00021  72.0%  30.1   60s
 274239 46366    0.00021   64   49    0.00073    0.00021  72.0%  30.1   65s
 295449 50619     cutoff   45         0.00073    0.00021  72.0%  30.0   70s
 315694 54851 infeasible   68         0.00073    0.00021  72.0%  30.0   75s
 337516 59034    0.00021   33   35    0.00073    0.00021  72.0%  29.8   80s
H359191 63658                       0.0007337    0.00021  72.0%  29.7   84s
 361325 63766 infeasible   66         0.00073    0.00021  72.0%  29.7   85s
 377449 66855    0.00021   44   35    0.00073    0.00021  72.0%  29.7   90s
 398414 71607     cutoff   49         0.00073    0.00021  72.0%  29.5   95s
 420552 74756 infeasible   50         0.00073    0.00021  72.0%  29.4  100s
 442090 80187     cutoff   77         0.00073    0.00021  72.0%  29.5  105s
 465763 86246    0.00062   66   45    0.00073    0.00021  72.0%  29.6  110s
 486479 91224     cutoff   72         0.00073    0.00021  72.0%  29.7  115s
 510223 96320     cutoff   64         0.00073    0.00021  72.0%  29.8  120s
 533169 101531     cutoff   64         0.00073    0.00021  72.0%  29.7  125s
 558879 107230 infeasible   69         0.00073    0.00021  72.0%  29.6  130s
 584219 112838 infeasible   84         0.00073    0.00021  72.0%  29.6  135s
 605078 116711    0.00021   48   56    0.00073    0.00021  72.0%  29.4  140s
 625615 121277    0.00057   66   43    0.00073    0.00021  72.0%  29.3  145s
 646921 125639     cutoff   58         0.00073    0.00021  72.0%  29.2  150s
H651355 126426                       0.0007337    0.00021  71.9%  29.2  151s
 667387 129927    0.00021   54   48    0.00073    0.00021  71.9%  29.2  155s
H680475 132809                       0.0007337    0.00021  71.9%  29.1  158s
 687557 133703 infeasible   81         0.00073    0.00021  71.9%  29.1  160s
 708088 137266    0.00021   46   32    0.00073    0.00021  71.9%  29.1  165s
H718666 138805                       0.0007337    0.00021  71.9%  29.0  167s
 731260 140326 infeasible   64         0.00073    0.00021  71.9%  29.0  170s
 748557 144296    0.00021   58   53    0.00073    0.00021  71.9%  29.0  175s
 772605 148480    0.00021   37   35    0.00073    0.00021  71.9%  29.0  180s
 795199 153176     cutoff   36         0.00073    0.00021  71.9%  29.2  185s
H797852 153482                       0.0007337    0.00021  71.9%  29.2  185s
 814132 156401     cutoff   42         0.00073    0.00021  71.9%  29.2  190s
 832462 160371    0.00021   36   54    0.00073    0.00021  71.9%  29.1  195s
 856777 165759    0.00037   79   35    0.00073    0.00021  71.9%  28.9  200s
 877291 169830    0.00021   47   64    0.00073    0.00021  71.9%  29.0  205s
 897551 173055    0.00031   62   33    0.00073    0.00021  71.9%  29.0  210s
H910550 174682                       0.0007337    0.00021  71.9%  29.0  212s
 920835 176960 infeasible   62         0.00073    0.00021  71.9%  28.9  215s
H920850 176960                       0.0007337    0.00021  71.9%  28.9  215s
 943806 181289     cutoff   74         0.00073    0.00021  71.9%  28.8  220s
 964192 184488    0.00021   71   49    0.00073    0.00021  71.9%  28.8  225s
 987601 189338    0.00027   50   46    0.00073    0.00021  71.9%  28.8  230s
 1009816 193465    0.00021   40   36    0.00073    0.00021  71.9%  28.7  235s
 1033314 197422    0.00021   52   47    0.00073    0.00021  71.9%  28.8  240s
 1053878 201392    0.00021   41   48    0.00073    0.00021  71.9%  28.8  245s
 1075070 205808    0.00021   59   42    0.00073    0.00021  71.9%  28.8  250s
 1097218 210081     cutoff   38         0.00073    0.00021  71.9%  28.7  255s
 1121024 215637 infeasible   60         0.00073    0.00021  71.9%  28.6  260s
 1143167 220625 infeasible   48         0.00073    0.00021  71.9%  28.6  265s
 1163741 225318    0.00021   73   45    0.00073    0.00021  71.9%  28.5  270s
 1188447 230604    0.00021   68   54    0.00073    0.00021  71.9%  28.5  275s
H1209529 232516                       0.0007055    0.00021  70.8%  28.4  279s
 1210444 233009    0.00021   53   40    0.00071    0.00021  70.8%  28.4  280s
H1212619 232221                       0.0006981    0.00021  70.5%  28.4  281s
 1231401 235010     cutoff   50         0.00070    0.00021  70.5%  28.3  285s
 1250364 240480 infeasible   53         0.00070    0.00021  70.5%  28.2  290s
H1260888 242938                       0.0006981    0.00021  70.5%  28.2  291s
H1265480 237558                       0.0006519    0.00021  68.4%  28.2  293s
 1272422 239454    0.00030   52   54    0.00065    0.00021  68.4%  28.2  295s
H1280395 240191                       0.0006472    0.00021  68.2%  28.2  297s
 1286684 242009    0.00021   34   38    0.00065    0.00021  68.2%  28.2  300s
 1309783 246783 infeasible   57         0.00065    0.00021  68.2%  28.1  305s
 1335260 251745    0.00027   52   46    0.00065    0.00021  68.2%  28.1  310s
 1356123 256080    0.00021   60   47    0.00065    0.00021  68.2%  28.0  315s
 1380412 260977     cutoff   66         0.00065    0.00021  68.2%  28.0  320s
 1403802 266086    0.00021   54   43    0.00065    0.00021  68.2%  27.9  325s
 1424684 269972    0.00021   33   47    0.00065    0.00021  68.2%  27.9  330s
 1446995 274488 infeasible   57         0.00065    0.00021  68.2%  27.9  335s
H1460894 275073                       0.0006364    0.00021  67.7%  27.9  337s
 1471646 277607    0.00029   44   31    0.00064    0.00021  67.7%  27.8  340s
 1490766 280542    0.00021   33   30    0.00064    0.00021  67.7%  27.8  345s
 1512672 283796    0.00021   57   41    0.00064    0.00021  67.7%  27.8  350s
H1522562 284908                       0.0006364    0.00021  67.7%  27.7  351s
 1534021 287172    0.00021   37   44    0.00064    0.00021  67.7%  27.7  355s
H1537863 287596                       0.0006364    0.00021  67.7%  27.7  355s
 1555144 290936 infeasible   48         0.00064    0.00021  67.7%  27.7  360s
H1557355 291606                       0.0006364    0.00021  67.7%  27.6  361s
H1559278 291758                       0.0006364    0.00021  67.7%  27.6  361s
H1561961 292618                       0.0006362    0.00021  67.7%  27.6  362s
 1573199 295170 infeasible   63         0.00064    0.00021  67.7%  27.6  365s
 1594323 298830     cutoff   67         0.00064    0.00021  67.7%  27.6  370s
H1614760 302098                       0.0006362    0.00021  67.7%  27.5  374s
 1617033 302502     cutoff   45         0.00064    0.00021  67.7%  27.5  375s
 1637461 304605 infeasible   36         0.00064    0.00021  67.7%  27.5  380s
 1659494 307597 infeasible   31         0.00064    0.00021  67.7%  27.5  385s
 1680943 310878    0.00023   50   43    0.00064    0.00021  67.7%  27.5  390s
H1681172 310878                       0.0006362    0.00021  67.7%  27.5  390s
H1686023 311715                       0.0006362    0.00021  67.6%  27.5  391s
 1701246 313926    0.00028   56   43    0.00064    0.00021  67.6%  27.5  395s
H1719606   650                       0.0002058    0.00021  0.00%  27.5  400s

Cutting planes:
  Cover: 3
  Implied bound: 16
  Clique: 7
  MIR: 7
  Flow cover: 24
  RLT: 27
  Relax-and-lift: 2
  PSD: 1

Explored 1719623 nodes (47259591 simplex iterations) in 400.36 seconds (198.97 work units)
Thread count was 12 (of 12 available processors)

Solution count 10: 0.000205807 0.000636177 0.000636415 ... 0.000733669

Optimal solution found (tolerance 1.00e-04)
Best objective 2.058065039989e-04, best bound 2.058065039989e-04, gap 0.0000%
