
Gurobi 11.0.2 (win64) logging started Thu Oct 31 23:44:11 2024

Set parameter LogFile to value ".\Experiments\Verification_16\Logs\vit_6_1_6_12_i4_r3_c3.log"
Set parameter TimeLimit to value 43200
Gurobi Optimizer version 11.0.2 build v11.0.2rc0 (win64 - Windows 10.0 (19045.2))

CPU model: Intel(R) Core(TM) i7-10750H CPU @ 2.60GHz, instruction set [SSE2|AVX|AVX2]
Thread count: 6 physical cores, 12 logical processors, using up to 12 threads

Optimize a model with 1125 rows, 2205 columns and 4166 nonzeros
Model fingerprint: 0x9cff0aae
Model has 658 quadratic constraints
Model has 210 general constraints
Variable types: 2205 continuous, 0 integer (0 binary)
Coefficient statistics:
  Matrix range     [1e-03, 6e+00]
  QMatrix range    [1e+00, 1e+00]
  QLMatrix range   [1e+00, 1e+00]
  Objective range  [1e+00, 1e+00]
  Bounds range     [4e-162, 4e+02]
  RHS range        [1e-02, 2e+00]
  QRHS range       [1e-06, 1e-06]
Presolve removed 850 rows and 1249 columns
Presolve time: 0.02s
Presolved: 3058 rows, 957 columns, 8985 nonzeros
Presolved model has 533 bilinear constraint(s)
Presolved model has 145 nonlinear constraint(s)
Warning: Model contains variables with very large bounds participating
         in nonlinear terms.
         Presolve was not able to compute smaller bounds for these variables.
         Consider bounding these variables or reformulating the model.


Solving non-convex MINLP

Variable types: 945 continuous, 12 integer (12 binary)

Root relaxation: objective -5.042496e+01, 1287 iterations, 0.04 seconds (0.05 work units)

    Nodes    |    Current Node    |     Objective Bounds      |     Work
 Expl Unexpl |  Obj  Depth IntInf | Incumbent    BestBd   Gap | It/Node Time

     0     0  -50.42496    0  657          -  -50.42496      -     -    0s
     0     0  -50.42496    0  649          -  -50.42496      -     -    0s
     0     0  -50.42496    0  648          -  -50.42496      -     -    0s
     0     0  -50.42496    0  645          -  -50.42496      -     -    0s
     0     0  -50.42496    0  647          -  -50.42496      -     -    0s
     0     0  -50.42496    0  638          -  -50.42496      -     -    0s
     0     0  -50.42496    0  649          -  -50.42496      -     -    0s
     0     0  -50.42496    0  649          -  -50.42496      -     -    0s
     0     0  -50.42478    0  645          -  -50.42478      -     -    4s
     0     2  -50.42478    0  645          -  -50.42478      -     -    5s
  1082   676  -50.33888   34  647          -  -50.42445      -  77.6   10s
  1890  1074   -3.82879   80    4          -  -50.26757      -  78.4   19s
  1894  1077  -39.96431   54    4          -  -50.26757      -  78.3   20s
  1898  1081   -9.31124   50    5          -  -50.26701      -  79.4   28s
  1902  1084  -50.26701    6    5          -  -50.26701      -  79.2   34s
  1905  1088  -50.26701   10    4          -  -50.26701      -  80.1   35s
  1908  1090  -32.35507   50    4          -  -49.57118      -  80.0   42s
  1912  1093  -47.57994   35    4          -  -47.57994      -  81.1   45s
  1914  1095  -47.45388   38    4          -  -47.45388      -  81.1   50s
  1921  1100  -44.63168   13    2          -  -44.63168      -  81.9   58s
  1927  1106    2.41618   76    2          -   -9.93015      -  82.7   65s
  1933  1111   -8.49508   48    2          -   -8.49508      -  83.6   73s
  1939  1116   -3.29257   17    2          -   -3.29257      -  84.5   79s
H 1941  1062                      11.8808636   -3.29257   128%  85.5   80s
  1944  1064    9.82200   35    1   11.88086    9.82200  17.3%  85.3   86s
  1949  1069   10.80667   10    1   11.88086   10.80667  9.04%  86.2   93s
  2416  1254   11.52171  121  605   11.88086   10.81478  8.97%  90.3   95s
  4833  1679 infeasible  131        11.88086   10.81491  8.97%   117  100s
  8412  3478   11.74216  126  614   11.88086   10.83626  8.79%   120  105s
 12595  5445   11.56533  127  590   11.88086   10.83740  8.78%   121  110s
 17451  7059   11.54801  130  589   11.88086   10.83938  8.77%   117  115s
 20985  8423   11.36700  121  615   11.88086   10.84064  8.76%   118  120s
 24967 10226     cutoff  138        11.88086   10.84195  8.74%   122  125s
 28309 11354   11.84133  140  599   11.88086   10.84326  8.73%   122  130s
 32943 12754 infeasible  129        11.88086   10.84451  8.72%   125  136s
 36751 13743     cutoff  141        11.88086   10.84594  8.71%   126  141s
 40309 14773   11.64633  127  572   11.88086   10.84861  8.69%   127  146s
 43023 15548   11.86728  136  603   11.88086   10.84996  8.68%   127  150s
 47188 16979   10.86163  123  617   11.88086   10.85131  8.67%   126  155s
 51018 18265 infeasible  141        11.88086   10.85237  8.66%   125  160s
 54667 19729     cutoff  138        11.88086   10.85364  8.65%   126  166s
 58682 21281   11.72506  133  585   11.88086   10.85452  8.64%   126  171s
 62379 22590     cutoff  136        11.88086   10.85568  8.63%   126  176s
 66202 24015   11.65021  133  598   11.88086   10.85688  8.62%   127  181s
 70587 25341   10.87071  132  585   11.88086   10.85794  8.61%   126  186s
 74832 26444     cutoff  130        11.88086   10.85931  8.60%   125  191s
 78872 27694   11.80721  129  602   11.88086   10.86013  8.59%   125  196s
 81708 28597   11.53617  124  603   11.88086   10.86142  8.58%   124  200s
 85382 29624   11.87097  143  564   11.88086   10.86305  8.57%   124  205s
 88719 30440     cutoff  141        11.88086   10.86437  8.56%   124  210s
 92391 31535   11.86575  143  550   11.88086   10.86673  8.54%   124  215s
 96350 32379   11.79174  141  583   11.88086   10.86826  8.52%   125  221s
 100217 33274   11.80801  140  584   11.88086   10.86965  8.51%   125  226s
 103591 34236     cutoff  142        11.88086   10.87155  8.50%   125  231s
 106053 34764   11.83205  132  573   11.88086   10.87268  8.49%   126  235s
 110329 35577 infeasible  132        11.88086   10.87510  8.47%   125  240s
 113869 36152   11.83186  139  560   11.88086   10.87879  8.43%   126  245s
 118193 37120   11.70233  129  593   11.88086   10.88298  8.40%   125  251s
 121676 37630 infeasible  143        11.88086   10.88813  8.36%   125  256s
 124209 38405     cutoff  135        11.88086   10.93938  7.92%   125  260s
 128038 39179   11.81287  128  599   11.88086   10.99207  7.48%   125  266s
 132025 39666   11.64968  126  606   11.88086   11.00756  7.35%   125  271s
 134664 40223   11.79921  129  586   11.88086   11.03429  7.13%   124  275s
 138928 42508   11.85095  142  569   11.88086   11.17964  5.90%   124  280s
 143731 44720 infeasible  135        11.88086   11.22654  5.51%   122  285s
 147889 46828   11.65009  128  618   11.88086   11.22769  5.50%   121  290s
 153501 49284   11.87108  139  567   11.88086   11.22947  5.48%   119  296s
 157066 50713   11.50877  124  610   11.88086   11.23056  5.47%   118  300s
 161416 52554   11.25264  124  599   11.88086   11.24450  5.36%   118  306s
 164293 53786   11.56376  128  610   11.88086   11.25193  5.29%   118  310s
 167568 55116   11.78177  132  587   11.88086   11.26069  5.22%   118  315s
 171651 56691 infeasible  122        11.88086   11.26672  5.17%   118  320s
 175661 58215   11.66097  132  590   11.88086   11.27147  5.13%   117  325s
 179615 59514   11.82373  137  556   11.88086   11.27914  5.06%   116  330s
 183462 60921   11.87401  136  585   11.88086   11.28617  5.01%   116  335s
 187423 62203   11.44918  126  615   11.88086   11.28886  4.98%   116  340s
 190869 63545   11.61785  130  600   11.88086   11.28995  4.97%   115  345s
 194748 65318     cutoff  142        11.88086   11.29081  4.97%   115  350s
 199443 67196   11.84958  132  581   11.88086   11.29163  4.96%   115  356s
 203618 68603     cutoff  141        11.88086   11.29222  4.95%   114  361s
 207153 69807 infeasible  132        11.88086   11.29336  4.94%   114  366s
 209575 70574   11.84948  136  568   11.88086   11.29393  4.94%   114  370s
 213598 71751   11.63310  132  603   11.88086   11.29499  4.93%   114  376s
 215922 72663   11.87851  123  579   11.88086   11.29551  4.93%   114  380s
 219528 73778     cutoff  140        11.88086   11.29667  4.92%   114  386s
 221979 74570   11.31190  120  607   11.88086   11.29831  4.90%   114  390s
 225746 75816   11.67706  142  586   11.88086   11.30228  4.87%   114  395s
 229542 76943   11.47535  128  597   11.88086   11.30415  4.85%   113  400s
 233542 78169   11.30708  119  615   11.88086   11.30564  4.84%   113  406s
 236038 79066 infeasible  129        11.88086   11.30705  4.83%   113  410s
 239676 80261   11.32206  124  592   11.88086   11.30861  4.82%   113  415s
 243824 80952   11.32047  127  605   11.88086   11.31096  4.80%   113  420s
 247037 81794     cutoff  143        11.88086   11.31245  4.78%   113  425s
 250716 82614     cutoff  140        11.88086   11.31354  4.78%   113  431s
 254386 83710 infeasible  140        11.88086   11.31451  4.77%   114  436s
 257145 84460     cutoff  135        11.88086   11.31633  4.75%   113  440s
 260974 85408     cutoff  130        11.88086   11.31746  4.74%   114  445s
 264419 86189   11.66230  131  610   11.88086   11.31845  4.73%   114  451s
 267348 86830   11.32041  127  603   11.88086   11.31951  4.72%   114  455s
 272175 87781   11.83561  135  589   11.88086   11.32066  4.72%   113  461s
 275597 88802   11.68765  134  620   11.88086   11.32225  4.70%   113  466s
 278998 89905   11.33227  125  612   11.88086   11.32371  4.69%   114  471s
 281604 90442     cutoff  137        11.88086   11.32433  4.68%   114  475s
 285223 91585     cutoff  135        11.88086   11.32644  4.67%   114  480s
 288645 92769     cutoff  135        11.88086   11.32801  4.65%   114  486s
 291071 93510 infeasible  134        11.88086   11.32855  4.65%   114  490s
 294871 94560   11.51816  136  598   11.88086   11.32981  4.64%   115  496s
 297544 95411     cutoff  138        11.88086   11.33088  4.63%   115  500s
 301443 96365   11.70123  132  573   11.88086   11.33318  4.61%   115  506s
 304642 97533   11.71191  136  599   11.88086   11.33580  4.59%   115  511s
 307032 98207   11.63635  129  601   11.88086   11.33642  4.58%   115  515s
 310410 99223     cutoff  135        11.88086   11.33741  4.57%   116  521s
 312905 100012   11.33848  128  607   11.88086   11.33822  4.57%   116  525s
 315563 100847   11.73128  139  598   11.88086   11.33954  4.56%   116  532s
 318151 101548   11.69355  134  577   11.88086   11.34099  4.54%   117  536s
 320579 102224   11.86988  143  595   11.88086   11.34252  4.53%   117  540s
 323516 103156   11.78455  130  583   11.88086   11.34349  4.52%   117  545s
 327742 104699   11.85106  141  587   11.88086   11.34465  4.51%   117  551s
 330216 105305 infeasible  136        11.88086   11.34505  4.51%   117  556s
 332751 106104   11.84693  133  587   11.88086   11.34605  4.50%   118  560s
 336906 107228   11.70054  133  597   11.88086   11.34868  4.48%   118  565s
 340282 108162     cutoff  140        11.88086   11.35047  4.46%   118  571s
 342910 109002   11.53937  131  605   11.88086   11.35138  4.46%   118  575s
 345495 109581   11.79171  137  583   11.88086   11.35188  4.45%   118  580s
 349629 110849   11.55176  132  598   11.88086   11.35287  4.44%   119  586s
 352033 111577   11.55218  138  584   11.88086   11.35333  4.44%   119  590s
 356537 113144   11.40174  129  594   11.88086   11.35404  4.43%   119  596s
 359381 114092 infeasible  134        11.88086   11.35471  4.43%   119  600s
 363193 115229   11.54179  131  582   11.88086   11.35533  4.42%   120  606s
 365578 115889   11.70106  140  591   11.88086   11.35586  4.42%   120  611s
 368076 116544   11.69333  126  603   11.88086   11.35635  4.41%   120  615s
 370779 117251     cutoff  138        11.88086   11.35693  4.41%   121  620s
 374970 118502   11.88056  142  567   11.88086   11.35779  4.40%   121  627s
 376417 118789   11.61133  132  591   11.88086   11.35803  4.40%   121  630s
 380842 119851     cutoff  144        11.88086   11.35849  4.40%   121  637s
 383559 120731   11.84756  141  567   11.88086   11.35890  4.39%   122  641s
 386675 121642   11.38040  129  580   11.88086   11.35931  4.39%   122  646s
 389760 122538   11.85029  139  590   11.88086   11.35956  4.39%   122  652s
 391095 122926   11.70960  134  595   11.88086   11.35976  4.39%   123  655s
 394364 123738   11.36263  129  610   11.88086   11.36015  4.38%   123  660s
 397396 124357     cutoff  144        11.88086   11.36058  4.38%   123  665s
 400176 125311   11.54766  129  598   11.88086   11.36087  4.38%   123  670s
 403205 126372     cutoff  142        11.88086   11.36126  4.37%   124  675s
 406400 127316   11.37697  132  582   11.88086   11.36155  4.37%   124  680s
 409506 128221   11.86326  140  589   11.88086   11.36186  4.37%   124  685s
 412622 129183 infeasible  136        11.88086   11.36230  4.36%   124  690s
 415847 130011   11.53598  134  594   11.88086   11.36261  4.36%   124  695s
 419030 130905 infeasible  134        11.88086   11.36291  4.36%   125  700s
 422533 131844     cutoff  147        11.88086   11.36330  4.36%   125  707s
 424151 132324   11.53887  140  586   11.88086   11.36337  4.36%   125  710s
 427810 133263 infeasible  146        11.88086   11.36375  4.35%   125  715s
 430981 134190   11.63610  133  595   11.88086   11.36406  4.35%   125  721s
 434139 135172     cutoff  145        11.88086   11.36425  4.35%   125  726s
 437525 135973 infeasible  133        11.88086   11.36449  4.35%   125  732s
 440709 136829   11.86457  146  566   11.88086   11.36461  4.35%   125  737s
 443964 137562   11.55055  133  585   11.88086   11.36491  4.34%   126  742s
 445569 137935     cutoff  136        11.88086   11.36503  4.34%   126  745s
 448719 138702   11.87484  137  566   11.88086   11.36531  4.34%   126  750s
 451832 139681     cutoff  145        11.88086   11.36557  4.34%   126  756s
 455295 140472     cutoff  144        11.88086   11.36582  4.34%   126  762s
 457215 140866 infeasible  138        11.88086   11.36597  4.33%   126  765s
 460813 141603   11.37085  126  604   11.88086   11.36616  4.33%   126  771s
 464051 142518   11.87260  151  553   11.88086   11.36631  4.33%   127  777s
 467817 143513 infeasible  139        11.88086   11.36653  4.33%   127  782s
 469616 143924     cutoff  133        11.88086   11.36666  4.33%   127  785s
 473217 144859     cutoff  144        11.88086   11.36683  4.33%   127  790s
 476671 145665   11.37125  127  591   11.88086   11.36706  4.32%   127  795s
 479675 146443   11.71287  131  614   11.88086   11.36730  4.32%   127  800s
 482611 147251     cutoff  146        11.88086   11.36754  4.32%   127  806s
 485817 148114   11.54837  140  598   11.88086   11.36775  4.32%   128  811s
 488989 148994   11.70985  128  597   11.88086   11.36808  4.32%   128  817s
 490719 149459   11.54838  132  597   11.88086   11.36818  4.32%   128  820s
 494384 150290   11.54487  136  598   11.88086   11.36844  4.31%   128  826s
 497846 151236   11.54778  129  599   11.88086   11.36875  4.31%   129  831s
 501423 152263   11.54367  137  587   11.88086   11.36900  4.31%   129  837s
 503234 152739   11.80738  140  585   11.88086   11.36913  4.31%   129  840s
 506774 153689   11.81721  126  598   11.88086   11.36939  4.30%   129  846s
 509969 154504   11.86158  136  587   11.88086   11.36963  4.30%   129  851s
 513222 155219   11.86377  142  569   11.88086   11.36994  4.30%   129  857s
 514990 155686     cutoff  138        11.88086   11.37006  4.30%   130  860s
 518516 156606   11.64944  133  585   11.88086   11.37040  4.30%   130  865s
 522136 157421   11.58639  139  595   11.88086   11.37076  4.29%   130  871s
 523668 157834   11.86222  137  593   11.88086   11.37090  4.29%   130  875s
 527179 158524 infeasible  140        11.88086   11.37112  4.29%   130  881s
 530522 159118   11.37986  131  585   11.88086   11.37140  4.29%   131  887s
 532255 159516   11.37494  126  600   11.88086   11.37150  4.29%   131  890s
 535828 160426   11.54413  136  586   11.88086   11.37175  4.29%   131  897s
 539516 161261   11.54147  133  594   11.88086   11.37206  4.28%   131  902s
 540952 161667   11.55408  131  589   11.88086   11.37214  4.28%   131  905s
 544621 162584 infeasible  148        11.88086   11.37236  4.28%   132  911s
 548485 163453   11.71636  134  591   11.88086   11.37269  4.28%   132  917s
 550456 163785     cutoff  144        11.88086   11.37278  4.28%   132  920s
 553703 164321   11.74371  143  573   11.88086   11.37296  4.27%   132  927s
 556749 165068   11.54363  129  601   11.88086   11.37318  4.27%   132  932s
 558323 165426   11.54860  133  585   11.88086   11.37330  4.27%   133  936s
 561731 166309   11.74402  140  580   11.88086   11.37357  4.27%   133  942s
 563480 166610     cutoff  141        11.88086   11.37372  4.27%   133  945s
 566806 167414   11.54510  140  572   11.88086   11.37392  4.27%   133  952s
 570430 168269   11.71214  130  597   11.88086   11.37430  4.26%   134  957s
 572142 168674     cutoff  137        11.88086   11.37444  4.26%   134  960s
 575613 169488   11.37627  128  582   11.88086   11.37471  4.26%   134  966s
 579066 170270   11.74174  140  571   11.88086   11.37499  4.26%   134  973s
 580739 170627     cutoff  139        11.88086   11.37512  4.26%   134  976s
 583912 171312     cutoff  138        11.88086   11.37537  4.25%   135  982s
 585615 171950     cutoff  142        11.88086   11.37549  4.25%   135  985s
 589078 172488     cutoff  146        11.88086   11.37570  4.25%   135  991s
 592626 173387   11.88068  142  562   11.88086   11.37603  4.25%   135  997s
 594328 173805     cutoff  135        11.88086   11.37615  4.25%   135 1000s
 598261 174543     cutoff  142        11.88086   11.37649  4.25%   135 1007s
 599902 174972   11.54690  141  578   11.88086   11.37657  4.24%   135 1010s
 603406 175601   11.55689  136  587   11.88086   11.37679  4.24%   136 1016s
 606669 176349   11.55205  137  582   11.88086   11.37705  4.24%   136 1023s
 608532 176702   11.65019  126  601   11.88086   11.37717  4.24%   136 1026s
 611765 177387     cutoff  145        11.88086   11.37750  4.24%   136 1032s
 613338 177743   11.54825  138  576   11.88086   11.37772  4.23%   136 1035s
 616636 178453     cutoff  137        11.88086   11.37798  4.23%   136 1042s
 618278 178728   11.87614  144  574   11.88086   11.37816  4.23%   137 1045s
 621333 179511     cutoff  140        11.88086   11.37840  4.23%   137 1052s
 623112 179930   11.74881  140  567   11.88086   11.37859  4.23%   137 1056s
 626715 180680   11.71903  137  584   11.88086   11.37886  4.23%   137 1063s
 628583 181092     cutoff  141        11.88086   11.37902  4.22%   137 1067s
 630553 181513     cutoff  143        11.88086   11.37919  4.22%   138 1070s
 633996 182309   11.54865  135  581   11.88086   11.37946  4.22%   138 1076s
 635560 182593     cutoff  142        11.88086   11.37952  4.22%   138 1080s
 638857 183343   11.55612  136  581   11.88086   11.37972  4.22%   138 1087s
 640680 183693     cutoff  142        11.88086   11.37988  4.22%   138 1090s
 643857 184285     cutoff  142        11.88086   11.38006  4.22%   139 1097s
 645464 184607     cutoff  142        11.88086   11.38019  4.21%   139 1100s
 648868 185253   11.73859  136  598   11.88086   11.38043  4.21%   139 1108s
 650490 185516     cutoff  142        11.88086   11.38056  4.21%   139 1111s
 652241 185882     cutoff  142        11.88086   11.38070  4.21%   140 1115s
 655550 186397 infeasible  136        11.88086   11.38097  4.21%   140 1122s
 657066 186768   11.38802  118  610   11.88086   11.38110  4.21%   140 1125s
 660784 187469     cutoff  138        11.88086   11.38132  4.20%   140 1133s
 662578 187772   11.76077  141  593   11.88086   11.38146  4.20%   140 1137s
 664201 188111     cutoff  141        11.88086   11.38154  4.20%   141 1140s
 667391 188727   11.38316  135  581   11.88086   11.38174  4.20%   141 1148s
 668960 189038   11.65831  133  592   11.88086   11.38186  4.20%   141 1151s
 670647 189440     cutoff  141        11.88086   11.38196  4.20%   141 1155s
 674292 190063   11.74733  138  598   11.88086   11.38222  4.20%   141 1161s
 677567 190718   11.55316  138  594   11.88086   11.38256  4.19%   142 1168s
 679297 190987     cutoff  137        11.88086   11.38272  4.19%   142 1171s
 682702 191616     cutoff  135        11.88086   11.38306  4.19%   142 1178s
 684239 191990   11.77446  136  567   11.88086   11.38313  4.19%   142 1181s
 687567 192638     cutoff  141        11.88086   11.38358  4.19%   142 1188s
 689263 192907     cutoff  140        11.88086   11.38364  4.19%   142 1191s
 691066 193201   11.55253  136  575   11.88086   11.38384  4.18%   143 1196s
 694097 193822     cutoff  143        11.88086   11.38411  4.18%   143 1202s
 695823 194071   11.38565  131  578   11.88086   11.38422  4.18%   143 1205s
 698807 194724   11.56329  137  580   11.88086   11.38451  4.18%   143 1211s
 702083 195220   11.88084  144  554   11.88086   11.38471  4.18%   143 1218s
 703621 195568   11.38922  130  588   11.88086   11.38482  4.18%   144 1221s
 707179 196264     cutoff  144        11.88086   11.38518  4.17%   144 1227s
 709193 196574   11.55386  131  595   11.88086   11.38526  4.17%   144 1230s
 712575 197106   11.39769  129  595   11.88086   11.38555  4.17%   144 1237s
 714451 197368 infeasible  136        11.88086   11.38569  4.17%   144 1240s
 717899 198076     cutoff  142        11.88086   11.38602  4.17%   145 1247s
 719545 198306   11.38727  133  588   11.88086   11.38604  4.16%   145 1251s
 720957 198670   11.73476  140  561   11.88086   11.38626  4.16%   145 1255s
 724828 199321     cutoff  140        11.88086   11.38653  4.16%   145 1262s
 726342 199566   11.78340  139  603   11.88086   11.38671  4.16%   145 1266s
 729676 199953     cutoff  141        11.88086   11.38692  4.16%   146 1273s
 731220 200257   11.73646  140  583   11.88086   11.38710  4.16%   146 1276s
 732858 200501     cutoff  143        11.88086   11.38719  4.16%   146 1280s
 736146 200932     cutoff  134        11.88086   11.38743  4.15%   146 1288s
 737865 201184     cutoff  145        11.88086   11.38768  4.15%   147 1291s
 739389 201393 infeasible  141        11.88086   11.38779  4.15%   147 1295s
 742742 201873     cutoff  143        11.88086   11.38809  4.15%   147 1302s
 744374 202137   11.79986  140  576   11.88086   11.38823  4.15%   147 1306s
 747380 202540   11.75226  144  580   11.88086   11.38851  4.14%   148 1313s
 748991 202804 infeasible  136        11.88086   11.38874  4.14%   148 1317s
 750703 203293   11.87553  144  567   11.88086   11.38898  4.14%   148 1321s
 754705 203946   11.55872  138  569   11.88086   11.38926  4.14%   148 1328s
 756337 204218   11.75734  143  587   11.88086   11.38944  4.14%   148 1331s
 757939 204462   11.73381  136  573   11.88086   11.38952  4.14%   148 1335s
 761115 204932     cutoff  146        11.88086   11.38992  4.13%   149 1341s
 762585 205065   11.73611  138  585   11.88086   11.39004  4.13%   149 1345s
 765546 205351   11.72601  131  600   11.88086   11.39033  4.13%   149 1351s
 766906 205615     cutoff  140        11.88086   11.39060  4.13%   149 1355s
 770213 206155   11.74419  141  577   11.88086   11.39093  4.12%   150 1363s
 771952 206362   11.39533  131  592   11.88086   11.39109  4.12%   150 1366s
 773437 206677   11.40670  129  587   11.88086   11.39125  4.12%   150 1370s
 776710 207165   11.73415  142  570   11.88086   11.39154  4.12%   150 1378s
 778298 207524     cutoff  142        11.88086   11.39183  4.12%   151 1382s
 780271 207839 infeasible  137        11.88086   11.39191  4.12%   151 1386s
 781876 208104   11.70886  137  592   11.88086   11.39207  4.11%   151 1390s
 785187 208696   11.56426  137  583   11.88086   11.39236  4.11%   151 1397s
 786839 209007 infeasible  140        11.88086   11.39254  4.11%   151 1401s
 788608 209269     cutoff  144        11.88086   11.39271  4.11%   151 1405s
 791852 209766     cutoff  139        11.88086   11.39319  4.10%   152 1412s
 793353 209981   11.73960  140  586   11.88086   11.39335  4.10%   152 1416s
 794828 210230   11.64549  139  577   11.88086   11.39362  4.10%   152 1420s
 797976 210721     cutoff  140        11.88086   11.39388  4.10%   152 1427s
 799710 211035 infeasible  138        11.88086   11.39410  4.10%   152 1431s
 802809 211641 infeasible  138        11.88086   11.39455  4.09%   152 1438s
 804472 211924   11.60324  135  596   11.88086   11.39469  4.09%   153 1442s
 805893 212237   11.74560  143  571   11.88086   11.39479  4.09%   153 1445s
 809063 212825     cutoff  139        11.88086   11.39535  4.09%   153 1452s
 810812 213115 infeasible  137        11.88086   11.39553  4.08%   153 1456s
 814141 213741     cutoff  139        11.88086   11.39603  4.08%   153 1463s
 815662 213978 infeasible  142        11.88086   11.39616  4.08%   153 1467s
 817293 214251     cutoff  142        11.88086   11.39630  4.08%   154 1470s
 820487 214668   11.56743  138  587   11.88086   11.39664  4.08%   154 1478s
 822103 214863   11.69360  137  585   11.88086   11.39682  4.07%   154 1481s
 823540 215131   11.74635  139  589   11.88086   11.39708  4.07%   154 1485s
 826858 215561     cutoff  132        11.88086   11.39731  4.07%   155 1493s
 828406 215982     cutoff  141        11.88086   11.39738  4.07%   155 1497s
 830389 216305     cutoff  139        11.88086   11.39755  4.07%   155 1501s
 832234 216646   11.78091  140  556   11.88086   11.39770  4.07%   155 1505s
 835964 217382   11.74100  140  580   11.88086   11.39802  4.06%   155 1513s
 837837 217702   11.60926  138  597   11.88086   11.39812  4.06%   155 1517s
 839585 218010     cutoff  142        11.88086   11.39828  4.06%   155 1521s
 843004 218711   11.74674  141  583   11.88086   11.39850  4.06%   156 1528s
 844780 218976     cutoff  143        11.88086   11.39858  4.06%   156 1531s
 847854 219458     cutoff  137        11.88086   11.39887  4.06%   156 1537s
 849551 219728 infeasible  143        11.88086   11.39900  4.06%   156 1540s
 852720 220166   11.74585  142  580   11.88086   11.39923  4.05%   157 1548s
 854099 220447     cutoff  140        11.88086   11.39939  4.05%   157 1552s
 855790 220669     cutoff  141        11.88086   11.39961  4.05%   157 1555s
 858965 221328   11.74840  140  593   11.88086   11.39987  4.05%   157 1563s
 860997 221742   11.75077  139  577   11.88086   11.40000  4.05%   157 1567s
 862885 222117   11.40121  134  596   11.88086   11.40015  4.05%   157 1571s
 864878 222361     cutoff  140        11.88086   11.40033  4.04%   158 1575s
 868579 223170   11.76378  140  590   11.88086   11.40049  4.04%   158 1583s
 870341 223468   11.75334  142  577   11.88086   11.40059  4.04%   158 1589s
 872031 223798   11.57904  136  584   11.88086   11.40073  4.04%   158 1593s
 873849 224161     cutoff  142        11.88086   11.40083  4.04%   158 1596s
 875864 224393   11.79963  129  589   11.88086   11.40092  4.04%   158 1600s
 879168 224892   11.72967  126  603   11.88086   11.40116  4.04%   159 1608s
 880961 225142     cutoff  142        11.88086   11.40122  4.04%   159 1612s
 882635 225438     cutoff  143        11.88086   11.40130  4.04%   159 1616s
 886469 225962     cutoff  143        11.88086   11.40153  4.03%   159 1623s
 888333 226231     cutoff  146        11.88086   11.40166  4.03%   160 1627s
 890110 226433   11.58424  138  581   11.88086   11.40173  4.03%   160 1630s
 893464 227023     cutoff  143        11.88086   11.40189  4.03%   160 1638s
 895344 227307   11.40446  136  584   11.88086   11.40202  4.03%   160 1642s
 897000 227553     cutoff  145        11.88086   11.40213  4.03%   160 1646s
 898856 227831   11.57958  137  584   11.88086   11.40223  4.03%   161 1650s
 902340 228530   11.42673  136  581   11.88086   11.40246  4.03%   161 1658s
 904339 229033   11.74470  145  579   11.88086   11.40255  4.03%   161 1662s
 906390 229330     cutoff  132        11.88086   11.40266  4.03%   161 1667s
 908179 229568   11.74661  144  576   11.88086   11.40278  4.02%   161 1671s
 909897 229908     cutoff  144        11.88086   11.40291  4.02%   161 1675s
 913532 230466     cutoff  146        11.88086   11.40316  4.02%   162 1684s
 915459 230812   11.75249  142  570   11.88086   11.40325  4.02%   162 1688s
 917433 231069   11.74400  143  569   11.88086   11.40337  4.02%   162 1692s
 919142 231277 infeasible  141        11.88086   11.40348  4.02%   162 1696s
 921008 231559   11.73501  140  591   11.88086   11.40361  4.02%   162 1700s
 924715 232049     cutoff  144        11.88086   11.40382  4.02%   162 1707s
 926748 232353     cutoff  137        11.88086   11.40390  4.01%   163 1712s
 928602 232651   11.74814  143  587   11.88086   11.40407  4.01%   163 1716s
 930510 233006     cutoff  144        11.88086   11.40419  4.01%   163 1720s
 934265 233575 infeasible  139        11.88086   11.40439  4.01%   163 1727s
 936052 233799 infeasible  139        11.88086   11.40455  4.01%   163 1730s
 939779 234348     cutoff  140        11.88086   11.40479  4.01%   163 1738s
 941553 234607 infeasible  143        11.88086   11.40493  4.01%   163 1743s
 943390 234875     cutoff  137        11.88086   11.40510  4.00%   163 1747s
 945226 235147     cutoff  144        11.88086   11.40522  4.00%   164 1751s
 948559 235510     cutoff  145        11.88086   11.40545  4.00%   164 1758s
 950101 235709     cutoff  140        11.88086   11.40557  4.00%   164 1762s
 951746 235959   11.75864  138  599   11.88086   11.40578  4.00%   164 1767s
 953480 236307 infeasible  137        11.88086   11.40591  4.00%   164 1772s
 955398 236637     cutoff  141        11.88086   11.40608  4.00%   164 1776s
 957318 237042     cutoff  144        11.88086   11.40626  3.99%   164 1780s
 959403 237459   11.75347  140  573   11.88086   11.40641  3.99%   164 1785s
 963159 238032     cutoff  136        11.88086   11.40662  3.99%   165 1793s
 964905 238289   11.58418  137  580   11.88086   11.40681  3.99%   165 1797s
 966600 238648     cutoff  142        11.88086   11.40699  3.99%   165 1801s
 968447 238898     cutoff  140        11.88086   11.40713  3.99%   165 1805s
 971583 239344   11.58626  138  569   11.88086   11.40744  3.98%   165 1811s
 973005 239609     cutoff  144        11.88086   11.40758  3.98%   165 1815s
 976258 240108   11.77128  140  582   11.88086   11.40789  3.98%   165 1823s
 977893 240396   11.56613  128  588   11.88086   11.40800  3.98%   166 1827s
 979431 240748     cutoff  141        11.88086   11.40817  3.98%   166 1831s
 981105 241100     cutoff  140        11.88086   11.40833  3.98%   166 1835s
 984770 241616 infeasible  140        11.88086   11.40871  3.97%   166 1842s
 986279 241918   11.68616  139  582   11.88086   11.40882  3.97%   166 1845s
 989695 242559     cutoff  144        11.88086   11.40916  3.97%   166 1852s
 991434 242807     cutoff  137        11.88086   11.40935  3.97%   166 1855s
 994465 243279   11.60985  137  590   11.88086   11.40952  3.97%   167 1862s
 996010 243459   11.61201  138  578   11.88086   11.40975  3.97%   167 1866s
 997508 243811   11.56743  126  606   11.88086   11.40995  3.96%   167 1870s
 1001110 244202   11.75132  141  573   11.88086   11.41037  3.96%   167 1877s
 1002733 244406   11.75207  138  595   11.88086   11.41056  3.96%   167 1880s
 1006022 245074   11.75599  141  581   11.88086   11.41084  3.96%   167 1888s
 1007879 245283     cutoff  142        11.88086   11.41103  3.95%   167 1892s
 1009332 245477     cutoff  138        11.88086   11.41122  3.95%   167 1897s
 1010740 245638   11.59055  137  572   11.88086   11.41139  3.95%   167 1902s
 1012181 245870 infeasible  129        11.88086   11.41156  3.95%   167 1906s
 1013713 246010     cutoff  145        11.88086   11.41159  3.95%   168 1910s
 1015077 246191     cutoff  143        11.88086   11.41182  3.95%   168 1915s
 1017840 246621 infeasible  135        11.88086   11.41208  3.95%   168 1922s
 1019394 246751     cutoff  143        11.88086   11.41232  3.94%   168 1926s
 1020942 246915     cutoff  134        11.88086   11.41249  3.94%   168 1930s
 1024249 247577 infeasible  144        11.88086   11.41282  3.94%   168 1937s
 1026062 247810     cutoff  143        11.88086   11.41301  3.94%   169 1941s
 1027691 248094     cutoff  140        11.88086   11.41314  3.94%   169 1945s
 1031137 248688   11.69576  137  592   11.88086   11.41357  3.93%   169 1952s
 1032927 249019   11.77326  141  580   11.88086   11.41379  3.93%   169 1956s
 1034808 249242 infeasible  140        11.88086   11.41391  3.93%   169 1960s
 1037812 249719   11.76799  142  565   11.88086   11.41422  3.93%   169 1968s
 1039516 250003     cutoff  145        11.88086   11.41437  3.93%   169 1973s
 1041182 250344   11.78179  140  581   11.88086   11.41457  3.92%   169 1977s
 1043065 250553     cutoff  144        11.88086   11.41469  3.92%   169 1981s
 1044598 250827   11.58828  138  578   11.88086   11.41486  3.92%   170 1985s
 1048154 251435     cutoff  138        11.88086   11.41525  3.92%   170 1992s
 1049990 251615   11.61385  138  584   11.88086   11.41542  3.92%   170 1995s
 1053442 252190   11.61048  138  584   11.88086   11.41571  3.92%   170 2002s
 1055101 252436     cutoff  143        11.88086   11.41587  3.91%   170 2006s
 1058221 252856     cutoff  144        11.88086   11.41626  3.91%   170 2012s
 1059617 253181   11.80049  143  570   11.88086   11.41644  3.91%   170 2016s
 1061388 253587   11.60271  137  577   11.88086   11.41658  3.91%   170 2020s
 1065040 254153 infeasible  131        11.88086   11.41693  3.90%   171 2026s

Explored 1066242 nodes (181901942 simplex iterations) in 2026.69 seconds (1808.44 work units)
Thread count was 12 (of 12 available processors)

Solution count 1: 11.8809 

Solve interrupted
Best objective 1.188086363724e+01, best bound 1.141706950349e+01, gap 3.9037%
