
Gurobi 11.0.2 (win64) logging started Sun Nov  3 03:54:57 2024

Set parameter LogFile to value ".\Experiments\Verification_16\Logs\vit_6_2_6_12_i4_r2_c4.log"
Set parameter TimeLimit to value 43200
Gurobi Optimizer version 11.0.2 build v11.0.2rc0 (win64 - Windows 10.0 (19045.2))

CPU model: Intel(R) Core(TM) i7-10750H CPU @ 2.60GHz, instruction set [SSE2|AVX|AVX2]
Thread count: 6 physical cores, 12 logical processors, using up to 12 threads

Optimize a model with 5385 rows, 4537 columns and 17436 nonzeros
Model fingerprint: 0x5fdc133b
Model has 1238 quadratic constraints
Model has 420 general constraints
Variable types: 4237 continuous, 300 integer (300 binary)
Coefficient statistics:
  Matrix range     [1e-05, 1e+02]
  QMatrix range    [1e+00, 1e+00]
  QLMatrix range   [1e+00, 1e+00]
  Objective range  [1e+00, 1e+00]
  Bounds range     [1e-226, 5e+02]
  RHS range        [2e-03, 5e+02]
  QRHS range       [1e-06, 1e-06]
Presolve removed 2758 rows and 1912 columns
Presolve time: 0.04s
Presolved: 8375 rows, 2626 columns, 24288 nonzeros
Presolved model has 1113 bilinear constraint(s)
Presolved model has 288 nonlinear constraint(s)

Solving non-convex MINLP

Variable types: 2357 continuous, 269 integer (269 binary)

Root relaxation: objective -4.100561e+01, 3322 iterations, 0.25 seconds (0.31 work units)

    Nodes    |    Current Node    |     Objective Bounds      |     Work
 Expl Unexpl |  Obj  Depth IntInf | Incumbent    BestBd   Gap | It/Node Time

     0     0  -41.00561    0 1191          -  -41.00561      -     -    0s
     0     0  -41.00561    0 1239          -  -41.00561      -     -    1s
     0     0  -41.00561    0 1231          -  -41.00561      -     -    1s
     0     0  -41.00561    0 1172          -  -41.00561      -     -    1s
     0     0  -41.00561    0 1201          -  -41.00561      -     -    1s
     0     0  -41.00561    0 1187          -  -41.00561      -     -    2s
     0     0  -41.00561    0 1162          -  -41.00561      -     -    2s
     0     0  -41.00561    0 1157          -  -41.00561      -     -    2s
     0     0  -41.00561    0 1149          -  -41.00561      -     -    4s
     0     0  -41.00561    0 1147          -  -41.00561      -     -    4s
     0     0  -41.00561    0 1148          -  -41.00561      -     -    4s
     0     0  -41.00561    0 1147          -  -41.00561      -     -    5s
     0     0  -41.00561    0 1138          -  -41.00561      -     -    5s
     0     0  -41.00561    0 1146          -  -41.00561      -     -   11s
     0     2  -41.00561    0 1146          -  -41.00561      -     -   26s
   108   105  -41.00561   15 1133          -  -41.00561      -   364   30s
   351   451  -41.00544   36 1108          -  -41.00561      -   379   37s
   552   675  -41.00544   54 1101          -  -41.00561      -   413   42s
   787   825  -41.00544   79 1098          -  -41.00561      -   486   48s
   987   971  -41.00544  107 1077          -  -41.00561      -   558   57s
  1173  1239  -41.00544  130 1083          -  -41.00561      -   601   66s
  1497  1513 infeasible  150               -  -41.00561      -   630   74s
  1876  1515  -41.00561   46    1          -  -41.00561      -   639   82s
  1883  1520  -41.00561   42    7          -  -41.00561      -   636   85s
  1893  1527  -41.00544   66    6          -  -41.00561      -   633   93s
  1894  1530  -41.00561   14  973          -  -41.00561      -   640  103s
  1924  1548  -41.00561   18  979          -  -41.00561      -   637  105s
  2063  1663  -41.00561   28  957          -  -41.00561      -   626  111s
  2147  1765  -41.00561   32  965          -  -41.00561      -   630  120s
  2359  1944  -41.00561   49 1005          -  -41.00561      -   603  127s
  2695  2109  -41.00522   77 1020          -  -41.00561      -   581  135s
  3025  2309  -41.00522  107 1045          -  -41.00561      -   571  146s
  3415  2492  -41.00522  134 1087          -  -41.00561      -   548  159s
  3829  2590 infeasible  171               -  -41.00561      -   531  169s
  4190  2557  -41.00401   42 1007          -  -41.00561      -   526  179s
  4421  2905  -41.00401   78 1040          -  -41.00561      -   536  190s
  4890  3180  -41.00401  124 1082          -  -41.00561      -   528  208s
  5391  3021  -41.00401  194 1123          -  -41.00561      -   526  221s
  5403  3582  -41.00401  194 1137          -  -41.00561      -   525  233s
  6094  3717  -41.00401  246 1049          -  -41.00561      -   503  245s
  6590  3998  -41.00401  257 1072          -  -41.00561      -   498  261s
  7115  4291 infeasible  267               -  -41.00561      -   495  278s
  7574  4725  -41.00179   62  996          -  -41.00561      -   496  295s
  8164  5358  -41.00179  128 1004          -  -41.00561      -   495  309s
  8881  5691 infeasible  180               -  -41.00561      -   488  326s
  9342  6253 infeasible  206               -  -41.00561      -   492  343s
 10106  6962 infeasible   48               -  -41.00561      -   488  365s
 10901  7421  -41.00561  121 1091          -  -41.00561      -   486  387s
 11556  8045  -41.00561  145 1117          -  -41.00561      -   483  408s
 12348  8587 infeasible  169               -  -41.00561      -   480  429s
 13084  9275 infeasible   81               -  -41.00561      -   481  449s
 13880 10081 infeasible   97               -  -41.00561      -   481  470s
 14962 10935  -41.00278   70 1029          -  -41.00561      -   473  491s
 16072 11606  -41.00278  119 1090          -  -41.00561      -   462  513s
 16989 11721  -41.00278  162 1126          -  -41.00561      -   458  548s
 17200 12081  -41.00260  178 1137          -  -41.00561      -   460  569s
 17878 12893 infeasible  188               -  -41.00561      -   461  591s
 18974 13699  -41.00060  101 1058          -  -41.00561      -   458  613s
 19994 14403  -41.00060  179 1096          -  -41.00561      -   456  637s
 20956 15014  -41.00060  207 1085          -  -41.00561      -   452  660s
 21795 15710 infeasible  233               -  -41.00561      -   452  684s
 22697 16416  -41.00468  192 1137          -  -41.00561      -   449  705s
 23679 16991  -41.00504   55 1027          -  -41.00561      -   446  725s
 24568 17587  -41.00504  101 1083          -  -41.00561      -   446  748s
 25314 18236 infeasible  159               -  -41.00561      -   448  773s
 26207 19293  -41.00561  197 1094          -  -41.00561      -   447  798s
 27452 20078  -41.00561  254 1085          -  -41.00561      -   441  827s
 28453 20409  -41.00560  225 1118          -  -41.00561      -   440  852s
 28864 21154 infeasible  250               -  -41.00561      -   439  875s
 29911 21845  -41.00180   36  968          -  -41.00561      -   435  903s
 30856 22301  -41.00081  103 1038          -  -41.00561      -   433  931s
 31558 22821  -41.00081  154 1145          -  -41.00561      -   433  955s
 32346 23360  -41.00081  179 1101          -  -41.00561      -   434  977s
 33301 24146 infeasible  236               -  -41.00561      -   432 1010s
 34249 24716  -41.00552   73 1036          -  -41.00561      -   433 1032s
 35123 25108  -41.00552  131 1072          -  -41.00561      -   431 1052s
 35639 25779  -40.99924   38  985          -  -41.00561      -   436 1079s
 36460 26522  -40.99924  105 1043          -  -41.00561      -   437 1106s
 37391 26986  -40.99924  154 1104          -  -41.00561      -   436 1131s
 38111 27393  -40.99924  176 1100          -  -41.00561      -   438 1156s
 38550 28155  -40.99924  179 1082          -  -41.00561      -   437 1182s
 39456 28878 infeasible  225               -  -41.00561      -   438 1227s
 40433 29776  -41.00561   97 1079          -  -41.00561      -   439 1251s
 41613 30398  -41.00559  189 1093          -  -41.00561      -   436 1274s
 42377 30830  -41.00559  206 1102          -  -41.00561      -   440 1299s
 43115 31317  -41.00559   23 1017          -  -41.00561      -   441 1328s
 43864 31940  -41.00559  105 1016          -  -41.00561      -   443 1355s
 44597 32694 infeasible  142               -  -41.00561      -   447 1384s
 45475 33257  -41.00559  108 1048          -  -41.00561      -   448 1417s
 46252 33882 infeasible  183               -  -41.00561      -   450 1448s
 47203 33967  -41.00559  210 1102          -  -41.00561      -   449 1473s
 47502 34578  -41.00559  219 1077          -  -41.00561      -   450 1504s
 48359 35415 infeasible  254               -  -41.00561      -   451 1537s
 49468 36277  -41.00504   37  977          -  -41.00561      -   450 1564s
 50488 36873  -41.00504  121 1093          -  -41.00561      -   450 1592s
 51336 37335  -41.00504  149 1051          -  -41.00561      -   452 1619s
 52003 38037 infeasible  150               -  -41.00561      -   454 1650s
 52927 38852  -41.00504  174 1099          -  -41.00561      -   455 1678s
 53958 39547 infeasible  207               -  -41.00561      -   454 1707s
 54817 40252 infeasible  235               -  -41.00561      -   455 1738s
 55786 40649  -41.00559  137 1091          -  -41.00561      -   455 1765s
 56263 41366  -41.00559  169 1143          -  -41.00561      -   455 1794s
 57287 41753  -41.00559  220 1086          -  -41.00561      -   453 1831s
 57912 42484  -41.00504   41 1007          -  -41.00561      -   455 1861s
 58855 43048  -41.00504  107 1048          -  -41.00561      -   455 1900s
 59671 43757 infeasible  199               -  -41.00561      -   456 1929s
 60612 44456  -41.00559  160 1069          -  -41.00561      -   457 1956s
 61533 45240  -41.00559  228 1127          -  -41.00561      -   457 1984s
 62647 45990  -41.00447   52  999          -  -41.00561      -   456 2015s
 63667 46655  -41.00447  130 1085          -  -41.00561      -   455 2043s
 64558 47023  -41.00447  180 1123          -  -41.00561      -   455 2077s
 65014 47623  -41.00447  202 1086          -  -41.00561      -   456 2104s
 65748 48359  -41.00447  259 1113          -  -41.00561      -   458 2135s
 66780 48984  -41.00447  378 1114          -  -41.00561      -   458 2181s
 67563 49667  -41.00500   87 1029          -  -41.00561      -   460 2212s
 68344 50499  -41.00500  152 1060          -  -41.00561      -   462 2245s
 69337 51084  -41.00559  160 1136          -  -41.00561      -   462 2291s
 70174 51540  -41.00559  199 1128          -  -41.00561      -   464 2323s
 70842 52125  -41.00559  141 1060          -  -41.00561      -   466 2358s
 71569 52398  -41.00559  202 1131          -  -41.00561      -   468 2404s
 71928 53276  -41.00559  211 1106          -  -41.00561      -   470 2436s
 73104 54107 infeasible  310               -  -41.00561      -   469 2469s
 74179 54676 infeasible  339               -  -41.00561      -   469 2512s
 74988 55392 infeasible   18               -  -41.00561      -   471 2546s
 75832 56074  -41.00559  110 1074          -  -41.00561      -   473 2579s
 76669 57014  -41.00559  123 1056          -  -41.00561      -   475 2614s
 77803 57762  -41.00559  215 1055          -  -41.00561      -   475 2649s
 78745 58328  -40.99954  166 1055          -  -41.00561      -   476 2686s
 79559 58686 infeasible  219               -  -41.00561      -   476 2721s
 80103 59261  -41.00559  108 1017          -  -41.00561      -   476 2757s
 80820 59919  -41.00559  178 1099          -  -41.00561      -   478 2789s
 81640 60595  -41.00559  221 1100          -  -41.00561      -   479 2820s
 82612 61190  -40.99954  157 1109          -  -41.00561      -   480 2851s
 83441 62071  -40.99954  187 1062          -  -41.00561      -   481 2883s
 84492 62605  -40.99939  238 1075          -  -41.00561      -   482 2914s
 85290 63162  -41.00358  134 1119          -  -41.00561      -   483 2963s
 86139 63511  -41.00542  108 1062          -  -41.00561      -   484 2994s
 86552 64232  -41.00542  139 1097          -  -41.00561      -   485 3027s
 87472 65035 infeasible  199               -  -41.00561      -   486 3060s
 88595 65601  -41.00542  148 1118          -  -41.00561      -   486 3099s
 89329 66341 infeasible  229               -  -41.00561      -   488 3132s
 90257 67145  -41.00542  119 1060          -  -41.00561      -   489 3165s
 91273 67741  -40.99907  136 1106          -  -41.00561      -   490 3204s
 92167 68575  -40.99907  197 1095          -  -41.00561      -   491 3240s
 93253 69059 infeasible  264               -  -41.00561      -   491 3271s
 93919 69685  -41.00559   53 1013          -  -41.00561      -   491 3316s
 94687 70341  -41.00559  124 1102          -  -41.00561      -   494 3350s
 95607 71045 infeasible  173               -  -41.00561      -   494 3393s
 96611 71844  -41.00371   76 1110          -  -41.00561      -   495 3434s
 97556 72682  -41.00371  120 1083          -  -41.00561      -   497 3472s
 98572 73158  -41.00371  165 1063          -  -41.00561      -   497 3529s
 99328 73798  -41.00175   45 1002          -  -41.00561      -   498 3571s
 100020 74432  -41.00128  108 1057          -  -41.00561      -   498 3613s
 100906 75274  -41.00128  173 1113          -  -41.00561      -   500 3653s
 101860 75955 infeasible  243               -  -41.00561      -   501 3696s
 102788 76713  -41.00504  128 1111          -  -41.00561      -   501 3747s
 103754 77316  -40.98824  144 1111          -  -41.00561      -   502 3789s
 104533 78091  -40.98824  160 1052          -  -41.00561      -   504 3829s
 105660 78949  -41.00559   55 1026          -  -41.00561      -   503 3873s
 106732 79449  -41.00559  132 1117          -  -41.00561      -   504 3919s
 107326 79995  -41.00559  169 1095          -  -41.00561      -   504 3966s
 108118 80635  -41.00559  206 1089          -  -41.00561      -   506 4000s
 109116 81270 infeasible  259               -  -41.00561      -   506 4032s
 110005 82152  -41.00559   27  978          -  -41.00561      -   507 4082s
 110963 83073  -41.00559  122 1097          -  -41.00561      -   509 4115s
 112084 83694  -40.99954  134 1138          -  -41.00561      -   510 4148s
 112997 84215  -40.99954  190 1092          -  -41.00561      -   510 4181s
 113574 84908  -40.99954  252 1060          -  -41.00561      -   510 4215s
 114407 85695  -41.00559   20 1017          -  -41.00561      -   512 4266s
 115347 86467  -41.00189   99 1064          -  -41.00561      -   513 4298s
 116249 87000  -41.00189  154 1079          -  -41.00561      -   514 4336s
 117126 87665  -41.00189  201 1123          -  -41.00561      -   515 4370s
 117943 88316 infeasible  212               -  -41.00561      -   516 4405s
 118856 88795  -40.99954  205 1069          -  -41.00561      -   517 4439s
 119439 89778  -41.00546   55  996          -  -41.00561      -   518 4478s
 120586 90424  -41.00545  107 1033          -  -41.00561      -   518 4512s
 121486 90995 infeasible  131               -  -41.00561      -   519 4545s
 122274 91734  -40.99954  174 1054          -  -41.00561      -   520 4580s
 123225 92599  -40.99954  226 1028          -  -41.00561      -   522 4614s
 124292 93449  -41.00545  113 1093          -  -41.00561      -   522 4664s
 125262 94115  -41.00464  158 1103          -  -41.00561      -   524 4698s
 126030 95027  -41.00464  185 1129          -  -41.00561      -   524 4731s
 127110 95958 infeasible  235               -  -41.00561      -   524 4770s
 128247 96889  -41.00052  119 1092          -  -41.00561      -   524 4803s
 129466 97654  -40.99954  116 1073          -  -41.00561      -   524 4834s
 130361 98419  -40.99954  156 1123          -  -41.00561      -   525 4867s
 131348 98984  -41.00545   81 1059          -  -41.00561      -   526 4902s
 132131 99405  -41.00545  150 1085          -  -41.00561      -   527 4936s
 132732 99939  -41.00545  175 1095          -  -41.00561      -   527 4982s
 133438 100764  -41.00545  192 1101          -  -41.00561      -   529 5020s
 134503 101346  -40.99954  132 1031          -  -41.00561      -   529 5054s
 135341 102161  -41.00559  101 1116          -  -41.00561      -   531 5088s
 136336 102899  -41.00510  167 1038          -  -41.00561      -   531 5123s
 137261 103763  -41.00510  181 1061          -  -41.00561      -   532 5156s
 138407 104346  -41.00510  131 1070          -  -41.00561      -   532 5189s
 139074 104969  -41.00510  158 1014          -  -41.00561      -   532 5231s
 139903 105466  -41.00510  210 1066          -  -41.00561      -   533 5264s
 140672 106156  -41.00510  224 1049          -  -41.00561      -   534 5302s
 141568 106983  -41.00504  117 1077          -  -41.00561      -   534 5364s
 142615 107857  -41.00504   46 1293          -  -41.00561      -   535 5419s
 143643 108537  -40.99954  135 1277          -  -41.00561      -   536 5461s
 144593 108925  -41.00504   46 1221          -  -41.00561      -   537 5496s
 145073 109789  -41.00504  102 1023          -  -41.00561      -   538 5533s
 146093 110473  -41.00504  168 1094          -  -41.00561      -   539 5571s
 146931 111269  -41.00504  195 1102          -  -41.00561      -   540 5610s
 147909 111873  -41.00504  275 1093          -  -41.00561      -   540 5652s
 148781 112576  -41.00504   33  959          -  -41.00561      -   541 5691s
 149664 113210  -41.00504  100 1085          -  -41.00561      -   542 5729s
 150480 114097  -41.00504  139 1100          -  -41.00561      -   542 5766s
 151545 114835  -40.99954  165 1097          -  -41.00561      -   543 5802s
 152500 115564  -40.99954  250 1075          -  -41.00561      -   543 5838s
 153505 116310  -41.00510   99 1060          -  -41.00561      -   544 5877s
 154384 116970  -41.00510  137 1114          -  -41.00561      -   545 5912s
 155238 117625  -40.99954  107 1086          -  -41.00561      -   546 5948s
 156019 118274  -40.99954  165 1153          -  -41.00561      -   546 5984s
 156942 119045  -40.99954  199 1108          -  -41.00561      -   547 6020s
 157907 120073  -41.00546   99 1043          -  -41.00561      -   548 6057s
 159097 120611  -41.00546  150 1076          -  -41.00561      -   548 6107s
 159917 121369  -41.00504   44  999          -  -41.00561      -   549 6147s
 160899 121932  -41.00504  129 1117          -  -41.00561      -   550 6184s
 161611 122305  -41.00504  156 1075          -  -41.00561      -   551 6219s
 162108 123092  -41.00559   98 1149          -  -41.00561      -   552 6270s
 163103 123587  -41.00559  165 1086          -  -41.00561      -   553 6309s
 163744 124459  -41.00559  208 1093          -  -41.00561      -   554 6348s
 164848 125275  -40.98306  117 1090          -  -41.00561      -   555 6390s
 165980 126082  -40.98306  194 1100          -  -41.00561      -   555 6427s
 167019 126555  -41.00504  122 1112          -  -41.00561      -   555 6465s
 167598 127491  -41.00504  157 1096          -  -41.00561      -   556 6504s
 168856 128257  -40.97133   40 1028          -  -41.00561      -   556 6540s
 169806 129003  -40.97133  111 1092          -  -41.00561      -   556 6575s
 170736 129729  -41.00401   89 1116          -  -41.00561      -   557 6610s
 171582 130477  -41.00401  141 1118          -  -41.00561      -   558 6646s
 172550 131234  -41.00546   88 1033          -  -41.00561      -   558 6682s
 173453 131663  -41.00546  137 1071          -  -41.00561      -   559 6717s
 174028 132455  -41.00504  115 1092          -  -41.00561      -   560 6753s
 174978 133278 infeasible  188               -  -41.00561      -   560 6790s
 176059 134151  -40.99794  109 1110          -  -41.00561      -   560 6827s
 177096 135089  -40.99933  103 1125          -  -41.00561      -   560 6865s
 178206 135661  -40.99645  161 1122          -  -41.00561      -   560 6898s
 179032 136339  -40.99645  213 1082          -  -41.00561      -   560 6931s
 179928 136856 infeasible  226               -  -41.00561      -   561 6966s
 180521 137664  -40.99954  146 1088          -  -41.00561      -   561 7000s
 181525 138486 infeasible  199               -  -41.00561      -   562 7035s
 182509 139233  -41.00550  100 1086          -  -41.00561      -   562 7070s
 183461 139870  -41.00550  183 1092          -  -41.00561      -   563 7104s
 184366 140537 infeasible  248               -  -41.00561      -   563 7139s
 185117 141177  -41.00542  114 1070          -  -41.00561      -   564 7176s
 185869 141609  -41.00542  147 1071          -  -41.00561      -   565 7211s
 186446 142261  -41.00542  194 1145          -  -41.00561      -   566 7247s
 187391 142949  -41.00256   83 1125          -  -41.00561      -   566 7282s
 188183 143724  -41.00256  149 1103          -  -41.00561      -   567 7318s
 189244 144301 infeasible  204               -  -41.00561      -   567 7354s
 190079 145014  -41.00559   69 1067          -  -41.00561      -   568 7391s
 190971 145544  -41.00545  139 1039          -  -41.00561      -   569 7427s
 191671 146373  -41.00559   68 1166          -  -41.00561      -   569 7463s
 192754 147151  -41.00538  134 1088          -  -41.00561      -   569 7500s
 193706 147865  -41.00538  251 1095          -  -41.00561      -   569 7537s
 194758 148422  -41.00538  292 1084          -  -41.00561      -   569 7572s
 195595 148984  -41.00504   98 1078          -  -41.00561      -   569 7608s
 196449 149531 infeasible  157               -  -41.00561      -   570 7642s
 197194 150026  -41.00559   45 1040          -  -41.00561      -   571 7680s
 197813 150932  -41.00559  112 1040          -  -41.00561      -   571 7717s
 198969 151682  -41.00559  162 1079          -  -41.00561      -   571 7751s
 199857 152343  -41.00559  198 1081          -  -41.00561      -   571 7787s
 200680 153159  -41.00559  224 1087          -  -41.00561      -   572 7823s
 201750 153700  -41.00559  260 1083          -  -41.00561      -   572 7858s
 202615 154125 infeasible  299               -  -41.00561      -   572 7893s
 203154 154827  -40.99954  136 1184          -  -41.00561      -   572 7930s
 204094 155342  -40.99954  238 1081          -  -41.00561      -   573 7966s
 204825 155915  -41.00060  135 1128          -  -41.00561      -   574 8003s
 205574 156601  -41.00060  201 1084          -  -41.00561      -   575 8043s
 206498 157180  -41.00287   92 1028          -  -41.00561      -   575 8128s
 207357 157624  -41.00510  150 1060          -  -41.00561      -   576 8191s
 207980 158484 infeasible  192               -  -41.00561      -   576 8239s
 209090 159201  -41.00516   73 1016          -  -41.00561      -   576 8289s
 209987 159862  -41.00516  127 1111          -  -41.00561      -   577 8342s
 210820 160564  -41.00516  140 1080          -  -41.00561      -   577 8388s
 211789 161146  -41.00516  159 1055          -  -41.00561      -   577 8439s
 212659 161525  -41.00516  199 1061          -  -41.00561      -   578 8484s
 213197 162321  -41.00510  110 1076          -  -41.00561      -   578 8592s
 214229 162976 infeasible  159               -  -41.00561      -   579 8636s
 215100 163633  -41.00510  200 1048          -  -41.00561      -   580 8678s
 216038 164398  -40.99907  103 1113          -  -41.00561      -   581 8727s
 216997 164991  -41.00559   32 1232          -  -41.00561      -   581 8770s
 217683 165818  -41.00559  122 1113          -  -41.00561      -   581 8820s
 218726 166381  -41.00559  183 1048          -  -41.00561      -   582 8869s
 219465 167008  -41.00504   44 1207          -  -41.00561      -   583 8914s
 220254 167725  -41.00504  124 1048          -  -41.00561      -   584 8969s
 221107 168396  -41.00504  100 1049          -  -41.00561      -   585 9022s
 221964 168707  -41.00553  115 1068          -  -41.00561      -   586 9067s
 222493 169710  -40.99954  110 1139          -  -41.00561      -   586 9113s
 223840 170368 infeasible  184               -  -41.00561      -   585 9158s
 224707 171281  -40.99954   76 1186          -  -41.00561      -   586 9213s
 225892 172049  -41.00060  122 1116          -  -41.00561      -   586 9256s
 226900 172819  -41.00060  188 1087          -  -41.00561      -   587 9302s
 227906 173689  -41.00060  149 1116          -  -41.00561      -   587 9345s
 229010 174469  -40.99954  146 1070          -  -41.00561      -   587 9396s
 230005 175251  -40.99954  178 1111          -  -41.00561      -   588 9438s
 231069 176015 infeasible  141               -  -41.00561      -   588 9489s
 232063 176461  -41.00504  123 1081          -  -41.00561      -   588 9533s
 232635 177290  -41.00252   53 1110          -  -41.00561      -   588 9594s
 233642 178179  -41.00251  119 1080          -  -41.00561      -   589 9636s
 234739 178829  -41.00251  168 1083          -  -41.00561      -   589 9711s
 235519 179173  -40.84316   41 1238          -  -41.00561      -   590 9750s
 236121 179970  -40.83596   63 1201          -  -41.00561      -   591 9798s
 237068 180208  -40.83413   82 1112          -  -41.00561      -   591 9842s
 237342 180846  -40.83413   87 1118          -  -41.00561      -   592 9896s
 238336 181511  -40.83381   91 1160          -  -41.00561      -   592 9941s
 239241 182088  -40.83058   96 1113          -  -41.00561      -   593 9999s
 240191 182938  -40.83026  121 1155          -  -41.00561      -   594 10045s
 241259 183476  -40.98427  106 1059          -  -41.00561      -   594 10094s
 242121 184067  -41.00559   46  979          -  -41.00561      -   597 10151s
 242926 184694  -41.00559   84  996          -  -41.00561      -   600 10197s
 243706 185337  -41.00559  165  981          -  -41.00561      -   603 10245s
 244632 185763  -41.00559  124 1004          -  -41.00561      -   606 10295s
 245210 186276  -41.00559   90 1100          -  -41.00561      -   608 10344s
 246143 186774 infeasible  162               -  -41.00561      -   611 10398s
 246825 187526  -41.00559  103 1035          -  -41.00561      -   614 10448s
 247821 188255  -41.00559  170  987          -  -41.00561      -   617 10498s
 248766 188762  -41.00559   97 1014          -  -41.00561      -   620 10550s
 249447 189469  -41.00559  129  997          -  -41.00561      -   622 10636s
 250406 190010 infeasible  219               -  -41.00561      -   625 10687s
 251144 190670  -41.00559  143 1058          -  -41.00561      -   628 10740s
 252060 191267  -41.00559   85  969          -  -41.00561      -   631 10792s
 252807 191982  -41.00559  122  997          -  -41.00561      -   634 10847s
 253866 192613 infeasible   69               -  -41.00561      -   636 10899s
 254735 193295  -41.00559  121 1046          -  -41.00561      -   639 10951s
 255719 194063  -41.00559  177  986          -  -41.00561      -   642 11002s
 256697 194559  -41.00559  124 1003          -  -41.00561      -   645 11057s
 257431 195201  -41.00559  166 1022          -  -41.00561      -   647 11111s
 258291 195936  -41.00559  159 1026          -  -41.00561      -   650 11175s
 259308 196417  -41.00559   74 1222          -  -41.00561      -   653 11229s
 259931 196928 infeasible  126               -  -41.00561      -   657 11281s
 260532 197625  -41.00559  135 1025          -  -41.00561      -   659 11336s
 261474 198345  -41.00559  126 1035          -  -41.00561      -   662 11410s
 262426 199241  -41.00559   92 1036          -  -41.00561      -   665 11468s
 263640 199691 infeasible  163               -  -41.00561      -   668 11517s
 264724 200016  -41.00559  113 1068          -  -41.00561      -   670 11571s
 265129 200420 infeasible  151               -  -41.00561      -   672 11623s
 265915 200525  -41.00559  106 1041          -  -41.00561      -   674 11669s
 266743 200456  -40.99993  111 1004          -  -41.00561      -   676 11728s
 267592 200214  -40.99993  146 1023          -  -41.00561      -   677 11767s
 268358 200007  -41.00559   69 1055          -  -41.00561      -   677 11806s
 269195 199584  -41.00559  139 1031          -  -41.00561      -   676 11842s
 270004 199010  -41.00559  147 1083          -  -41.00560      -   675 11878s
 278409 190068 infeasible  207               -  -41.00560      -   656 11895s
 279729 190083  -41.00559  148 1169          -  -41.00559      -   653 11900s
 279777 190098  -41.00395  159 1123          -  -41.00559      -   653 11907s
 279806 190107  -41.00559  160 1117          -  -41.00559      -   653 11929s
 279839 190119 infeasible  162               -  -41.00559      -   653 11933s
 279873 190113 infeasible  186               -  -41.00559      -   654 11936s
 279917 190113 infeasible  184               -  -41.00559      -   654 11944s
 279963 190122 infeasible  112               -  -41.00559      -   654 11951s
 279986 190139 infeasible  247               -  -41.00559      -   654 11956s
 280074 190188 infeasible  217               -  -41.00559      -   654 12005s
 280120 190210 infeasible  244               -  -41.00559      -   654 12038s
 280184 190234 infeasible  209               -  -41.00559      -   655 12040s
 280306 190322  -41.00545  144 1161          -  -41.00559      -   655 12046s
 280436 190374  -41.00545  152 1033          -  -41.00559      -   655 12052s
 280484 190402  -41.00545  156 1035          -  -41.00559      -   655 12055s
 280556 190430  -41.00545  164 1007          -  -41.00559      -   655 12060s
 280668 190473  -41.00545  167 1032          -  -41.00559      -   655 12066s
 280731 190501  -41.00545  170 1014          -  -41.00559      -   655 12072s
 280781 190503 infeasible  176               -  -41.00559      -   656 12134s
 280819 190513 infeasible  175               -  -41.00559      -   656 12137s
 280847 190531  -41.00545  179 1020          -  -41.00559      -   656 12140s
 280931 190604  -41.00464  181 1012          -  -41.00559      -   656 12146s
 281002 190646  -41.00545  181 1017          -  -41.00559      -   657 12150s
 281156 190710 infeasible  185               -  -41.00559      -   657 12157s
 281202 190802  -41.00464  191 1038          -  -41.00559      -   657 12160s
 281430 190931  -41.00456  203  994          -  -41.00559      -   657 12168s
 281545 190987  -41.00464  202 1001          -  -41.00559      -   657 12172s
 281639 191028  -41.00456  206 1009          -  -41.00559      -   657 12176s
 281700 191072 infeasible  214               -  -41.00559      -   657 12180s
 281832 191145 infeasible  176               -  -41.00559      -   658 12190s
 282008 191194 infeasible  165               -  -41.00559      -   658 12199s
 282148 191197 infeasible  173               -  -41.00559      -   658 12212s
 282165 191250  -41.00547  121 1137          -  -41.00559      -   658 12216s
 282232 191262  -41.00542  127 1096          -  -41.00559      -   658 12229s
 282300 191303  -41.00542  132 1085          -  -41.00559      -   658 12244s
 282361 191363  -41.00542  133 1060          -  -41.00559      -   659 12250s
 282431 191445  -41.00542  138 1051          -  -41.00559      -   659 12255s
 282527 191544  -41.00542  142 1076          -  -41.00559      -   659 12260s
 282650 191573  postponed  146               -  -41.00559      -   660 12266s
 282803 191618  -41.00542  144 1037          -  -41.00559      -   660 12305s
 282904 191688  -41.00542  149 1030          -  -41.00559      -   660 12315s
 282992 191746  -41.00542  152  983          -  -41.00559      -   660 12320s
 283068 191834 infeasible  157               -  -41.00559      -   660 12326s
 283206 191905  -41.00542  171  987          -  -41.00559      -   660 12339s
 283337 191953  -41.00542  180 1003          -  -41.00559      -   661 12349s
 283503 191934  -41.00542  187 1018          -  -41.00559      -   661 12356s
 283654 191921 infeasible  238               -  -41.00559      -   661 12368s
 283789 191833 infeasible  183               -  -41.00559      -   661 12380s
 283957 191862 infeasible  200               -  -41.00559      -   661 12388s
 284122 191957  -41.00075   57  996          -  -41.00559      -   661 12396s
 284257 191957  -41.00075   67 1017          -  -41.00559      -   662 12406s
 284398 192064  -41.00075   67  992          -  -41.00559      -   662 12418s
 284535 192167  -41.00075   70 1007          -  -41.00559      -   662 12486s
 284684 192229  -41.00075   79 1012          -  -41.00559      -   663 12495s
 284778 192235  -41.00075   87 1116          -  -41.00559      -   663 12512s
 284784 192363  -41.00075   85 1026          -  -41.00559      -   663 12521s
 284930 192533  -41.00075   94 1005          -  -41.00559      -   664 12531s
 285136 192694  -41.00075  105 1009          -  -41.00559      -   664 12540s
 285339 192750  -41.00075  114 1018          -  -41.00559      -   665 12577s
 285487 192813  -41.00075  120 1062          -  -41.00559      -   665 12588s
 285646 192934  -41.00075   57 1039          -  -41.00559      -   666 12600s
 285823 193037  -41.00075   66 1006          -  -41.00559      -   666 12612s
 286018 193233  -41.00075   82 1024          -  -41.00559      -   667 12624s
 286252 193384  -41.00075   95 1026          -  -41.00559      -   667 12637s
 286491 193422  -41.00075  102 1059          -  -41.00559      -   668 12688s
 286701 193468  -41.00075  111 1032          -  -41.00559      -   669 12727s
 286891 193600  -41.00075  121 1045          -  -41.00559      -   669 12813s
 287143 193698  -41.00075  125 1051          -  -41.00559      -   670 12830s
 287373 193803  -41.00075  147 1049          -  -41.00559      -   671 12902s
 287581 193858  -41.00559  156 1025          -  -41.00559      -   672 12951s
 287664 194059  -41.00559  170 1004          -  -41.00559      -   672 12972s
 287977 194221  -41.00559  159 1144          -  -41.00559      -   673 12993s
 288171 194456  -41.00559  174 1072          -  -41.00559      -   674 13014s
 288530 194552  -41.00559  198 1084          -  -41.00559      -   675 13041s
 288860 194753 infeasible  213               -  -41.00559      -   676 13085s
 289216 194931  -41.00559   40 1011          -  -41.00559      -   676 13117s
 289524 195211  -41.00559   66 1003          -  -41.00559      -   678 13205s
 290013 195346  -41.00559   96 1025          -  -41.00559      -   679 13235s
 290222 195571  -41.00559  108 1064          -  -41.00559      -   679 13267s
 290607 195876  -41.00559  133 1039          -  -41.00559      -   680 13340s
 291180 196158  -41.00528  165 1112          -  -41.00559      -   681 13389s
 291726 196556  -41.00528  181 1082          -  -41.00559      -   683 13428s
 292330 197014  -41.00340  162 1060          -  -41.00559      -   684 13469s
 292988 197365  -41.00388  191 1120          -  -41.00559      -   686 13513s
 293603 197594  -41.00545  149 1060          -  -41.00559      -   687 13571s
 293946 197936 infeasible  202               -  -41.00559      -   688 13624s
 294686 198294  -41.00545   72  993          -  -41.00559      -   690 13695s
 295282 198673  -41.00545  105 1008          -  -41.00559      -   692 13756s
 296249 199257  -41.00545  153 1002          -  -41.00559      -   694 13894s
 297467 199844  -41.00559  149 1139          -  -41.00559      -   695 13980s
 298482 200115  -41.00528  203 1119          -  -41.00559      -   697 14055s
 299207 200624  -41.00558  210 1121          -  -41.00559      -   699 14170s
 300204 201279 infeasible  219               -  -41.00559      -   702 14259s
 301404 201857  -40.99987   77 1000          -  -41.00559      -   704 14351s
 302604 202436  -40.99987  136  979          -  -41.00559      -   706 14465s
 303981 203277  -41.00559  219 1085          -  -41.00559      -   708 14613s
 305530 203666 infeasible  262               -  -41.00559      -   711 14716s
 306621 204140 infeasible  189               -  -41.00559      -   712 14835s
 308089 204537 infeasible  213               -  -41.00559      -   714 14956s
 309422 205124 infeasible  228               -  -41.00559      -   717 15082s
 311303 205778 infeasible  252               -  -41.00559      -   719 15240s
 313024 205946 infeasible  171               -  -41.00559      -   722 15403s
 314266 206170  -41.00544  189 1113          -  -41.00559      -   724 15600s
 315607 206023 infeasible  191               -  -41.00559      -   726 15792s
 317000 206493  -41.00350  161 1106          -  -41.00559      -   728 16000s
 318650 206827 infeasible  170               -  -41.00559      -   731 16215s
 320242 207060 infeasible  141               -  -41.00559      -   734 16404s
 321680 207101  -41.00528  224 1125          -  -41.00559      -   737 16674s
 322859 207491 infeasible  197               -  -41.00559      -   740 16898s
 323947 208024 infeasible  186               -  -41.00559      -   743 17161s
 325952 208607  -41.00491  154 1090          -  -41.00559      -   747 17372s
 327718 210224 infeasible  117               -  -41.00559      -   752 17582s
 330703 211337 infeasible  191               -  -41.00559      -   758 17800s
 333048 212329  -41.00545  126 1043          -  -41.00559      -   763 18029s
 335640 213773  -41.00489  149 1150          -  -41.00559      -   766 18197s
 337556 214650  -41.00559  144  989          -  -41.00559      -   772 18370s
 339201 216088  -41.00559  161 1089          -  -41.00559      -   776 18590s
 341963 217204 infeasible  253               -  -41.00559      -   780 18770s
 344609 218214  -41.00559  211 1026          -  -41.00559      -   782 18950s
 346917 219166  -41.00559  158 1069          -  -41.00559      -   784 19153s
 349933 220152  -41.00559  173  985          -  -41.00559      -   784 19302s
 352515 220912 infeasible  242               -  -41.00559      -   785 19537s
 355127 221571  -41.00559  168 1086          -  -41.00559      -   785 19674s
 356010 221571 infeasible  171               -  -41.00559      -   786 19675s
 357068 222061  -41.00559  228 1108          -  -41.00559      -   787 19855s
 358991 222484  -41.00559  272 1016          -  -41.00559      -   789 20059s
 360808 222711 infeasible  254               -  -41.00559      -   790 20231s
 362209 223157  -41.00559  155 1141          -  -41.00559      -   791 20407s
 364472 223694  -41.00559  265 1074          -  -41.00559      -   792 20629s
 367078 224377  -41.00559  301 1124          -  -41.00559      -   793 20799s
 368706 225166  -41.00559  311 1125          -  -41.00559      -   794 20973s
 371225 225840  -41.00559  271 1100          -  -41.00559      -   793 21149s
 373373 226379  -41.00559  296 1074          -  -41.00559      -   794 21395s
 376041 227190  -41.00559  230  993          -  -41.00559      -   794 21544s
 378072 227841  -41.00559  262 1126          -  -41.00559      -   796 21715s
 380696 228139  -41.00559  294 1081          -  -41.00559      -   796 21883s
 382212 228674 infeasible  236               -  -41.00559      -   797 22071s
 384255 229293 infeasible  248               -  -41.00559      -   798 22282s
 386633 229942  -41.00559  131 1145          -  -41.00559      -   799 22423s
 388693 230442 infeasible  306               -  -41.00559      -   800 22660s
 391436 230941 infeasible  258               -  -41.00559      -   800 22800s
 393623 231759  -41.00559  252 1086          -  -41.00559      -   799 22938s
 396557 231920 infeasible  274               -  -41.00559      -   799 23074s
 397906 232030  -41.00559  210 1034          -  -41.00559      -   800 23222s
 399510 232545 infeasible  162               -  -41.00559      -   800 23368s
 401261 233008  -41.00559  275 1064          -  -41.00559      -   800 23628s
 403346 234349 infeasible  259               -  -41.00559      -   800 23787s
 406630 235142  -41.00559  291 1053          -  -41.00559      -   799 23955s
 408667 235287 infeasible  257               -  -41.00559      -   800 24111s
 410431 235822  -41.00559  224 1080          -  -41.00559      -   800 24245s
 412554 236264  -41.00559  301 1079          -  -41.00559      -   799 24380s
 414460 236770  -41.00559  223 1094          -  -41.00559      -   800 24542s
 416196 237453 infeasible  276               -  -41.00559      -   802 24700s
 418638 238149  -41.00559  229 1075          -  -41.00559      -   802 24857s
 421054 238779 infeasible  241               -  -41.00559      -   802 24985s
 423493 239029  -41.00559  244 1116          -  -41.00559      -   801 25180s
 425352 239462  -41.00559  271 1072          -  -41.00559      -   802 25349s
 427384 239870  -41.00559  254 1003          -  -41.00559      -   801 25481s
 429592 240426 infeasible  322               -  -41.00559      -   802 25676s
 431876 241282  -40.99723  307 1071          -  -41.00559      -   801 25803s
 435080 241593 infeasible  271               -  -41.00559      -   800 25921s
 436261 242159 infeasible  282               -  -41.00559      -   801 26059s
 438579 242542 infeasible  290               -  -41.00559      -   801 26233s
 440554 243262 infeasible  312               -  -41.00559      -   801 26355s
 443049 243923  -41.00559  266 1089          -  -41.00559      -   801 26473s
 445923 244356  -41.00559  273 1024          -  -41.00559      -   800 26584s
 447881 244548 infeasible  293               -  -41.00559      -   800 26748s
 449026 245265 infeasible  283               -  -41.00559      -   800 26868s
 451426 245921 infeasible  295               -  -41.00559      -   799 26984s
 453995 246295  -41.00559  238 1013          -  -41.00559      -   798 27117s
 455779 246963  -41.00559  268 1064          -  -41.00559      -   798 27222s
 457958 247300  -41.00559  163 1037          -  -41.00559      -   798 27328s
 459745 247855  -41.00559  256 1026          -  -41.00559      -   798 27432s
 461850 248196 infeasible  257               -  -41.00559      -   798 27544s
 463371 248710  -41.00558  326 1110          -  -41.00559      -   798 27653s
 465676 249284 infeasible  241               -  -41.00559      -   798 27756s
 467915 249878  -41.00559  248 1070          -  -41.00559      -   798 27856s
 470178 250361  -41.00559  259 1026          -  -41.00559      -   797 27955s
 472270 250704  -41.00559  167  981          -  -41.00559      -   797 28062s
 473566 251164  -41.00559  292 1053          -  -41.00559      -   797 28274s
 475267 251600  -41.00559  263 1088          -  -41.00559      -   797 28411s
 477223 252149 infeasible  238               -  -41.00559      -   797 28526s
 479623 252787  -41.00559  246 1111          -  -41.00559      -   796 28631s
 481362 253291  -40.99561  311 1073          -  -41.00559      -   796 28741s
 483523 253782 infeasible  255               -  -41.00559      -   796 28858s
 485683 254491 infeasible  247               -  -41.00559      -   796 28964s
 488093 255049  -41.00559  248 1064          -  -41.00559      -   795 29114s
 489942 255367  -41.00559  206 1061          -  -41.00559      -   796 29269s
 491182 256159 infeasible  281               -  -41.00559      -   796 29393s
 493682 256709 infeasible  278               -  -41.00559      -   795 29503s
 495756 257186  -41.00559  186 1104          -  -41.00559      -   795 29624s
 497544 257728  -41.00559  243 1110          -  -41.00559      -   795 29791s
 499582 258371 infeasible  226               -  -41.00559      -   795 29900s
 502010 258910 infeasible  259               -  -41.00559      -   795 30053s
 503896 259509 infeasible  226               -  -41.00559      -   794 30191s
 505775 260113  -41.00559  244 1081          -  -41.00559      -   794 30300s
 507405 260623  -41.00559  261 1016          -  -41.00559      -   795 30415s
 509537 260988 infeasible  243               -  -41.00559      -   795 30640s
 511300 261511  -41.00559  241 1026          -  -41.00559      -   795 30751s
 512697 261910 infeasible  251               -  -41.00559      -   795 30995s
 514910 262394  -40.99065  251 1074          -  -41.00559      -   795 31195s
 517355 262676  -41.00559  215 1154          -  -41.00559      -   795 31378s
 518992 262724 infeasible  282               -  -41.00559      -   796 31539s
 520410 262740 infeasible  242               -  -41.00559      -   796 31725s
 522004 263040  -41.00559  212 1059          -  -41.00559      -   796 32012s
 524332 262940 infeasible  255               -  -41.00559      -   797 32254s
 525381 262753 infeasible  212               -  -41.00559      -   798 32511s
 527296 262902  -41.00559  229 1035          -  -41.00559      -   799 32722s
 529340 263839  -41.00195  277 1079          -  -41.00559      -   800 32956s
 531815 264442 infeasible  181               -  -41.00559      -   801 33174s
 534028 264951 infeasible  205               -  -41.00559      -   803 33418s
 536338 265716  -41.00559  165 1052          -  -41.00559      -   804 33726s
 538921 266619  -41.00559  166 1019          -  -41.00559      -   806 34040s
 541405 267432 infeasible  283               -  -41.00559      -   807 34341s
 543630 267663 infeasible  254               -  -41.00559      -   809 34592s
 544729 268282 infeasible  183               -  -41.00559      -   810 34867s
 547099 268902 infeasible  227               -  -41.00559      -   812 35174s
 549547 270502  -41.00559  168 1117          -  -41.00559      -   814 35428s
 552255 271932  -41.00113  213  993          -  -41.00559      -   818 35670s
 554513 272913  -41.00542   97 1033          -  -41.00559      -   822 35903s
 555970 274597 infeasible  204               -  -41.00559      -   825 36152s
 558690 276360  -41.00559  135 1037          -  -41.00559      -   830 36390s
 560973 277962  -41.00559  136 1037          -  -41.00559      -   835 36661s
 563619 279870  -41.00493   54  973          -  -41.00559      -   839 36898s
 566143 281104 infeasible  204               -  -41.00559      -   843 37136s
 568019 282733  -41.00545  101 1045          -  -41.00559      -   846 37384s
 570636 284571  -41.00559  194 1074          -  -41.00559      -   850 37629s
 573389 286335  -40.99677  130 1048          -  -41.00559      -   853 37854s
 575739 287767  -41.00559  177 1030          -  -41.00559      -   858 38084s
 578015 288861  -41.00198  185  998          -  -41.00559      -   861 38328s
 579827 290527  -41.00549  142 1069          -  -41.00559      -   864 38584s
 582221 292080  -41.00545  113 1058          -  -41.00559      -   868 38832s
 584531 293510  -41.00486  175 1003          -  -41.00559      -   872 39067s
 586457 294848  -41.00559  142 1090          -  -41.00559      -   876 39312s
 588449 296284 infeasible  150               -  -41.00559      -   879 39570s
 590460 298052  -41.00558  190 1063          -  -41.00559      -   884 39831s
 593118 299635  -41.00550  143 1016          -  -41.00559      -   888 40081s
 595269 300917  -41.00545  138  987          -  -41.00559      -   892 40382s
 597455 302694  -41.00550   43 1039          -  -41.00559      -   895 40662s
 600126 304076  -40.99589  166  980          -  -41.00559      -   899 41019s
 602508 305293  -41.00549   98  983          -  -41.00559      -   902 41331s
 604537 306203 infeasible  133               -  -41.00559      -   905 41636s
 605819 307578  -41.00559  134 1254          -  -41.00559      -   908 41996s
 607713 308771 infeasible  171               -  -41.00559      -   912 42338s
 609408 310023  -41.00559  205 1139          -  -41.00559      -   915 42799s
 611147 311549  -41.00559  243 1135          -  -41.00559      -   919 43200s

Cutting planes:
  Learned: 144
  Gomory: 3
  Cover: 3
  Implied bound: 125
  MIR: 251
  Mixing: 3
  Flow cover: 433
  Inf proof: 1
  RLT: 22086

Explored 613279 nodes (565800718 simplex iterations) in 43200.21 seconds (74141.13 work units)
Thread count was 12 (of 12 available processors)

Solution count 0

Time limit reached
Best objective -, best bound -4.100559211889e+01, gap -
