
Gurobi 11.0.2 (win64) logging started Mon Nov 25 23:50:43 2024

Set parameter LogFile to value ".\Experiments\Verification_16_eps0.0001\Logs\vit_12_2_6_12_i4_r1_c3.log"
Set parameter TimeLimit to value 43200
Gurobi Optimizer version 11.0.2 build v11.0.2rc0 (win64 - Windows 10.0 (19045.2))

CPU model: Intel(R) Core(TM) i7-10750H CPU @ 2.60GHz, instruction set [SSE2|AVX|AVX2]
Thread count: 6 physical cores, 12 logical processors, using up to 12 threads

Optimize a model with 3963 rows, 7591 columns and 19326 nonzeros
Model fingerprint: 0x3358e20c
Model has 2150 quadratic constraints
Model has 420 general constraints
Variable types: 7291 continuous, 300 integer (300 binary)
Coefficient statistics:
  Matrix range     [1e-05, 2e+02]
  QMatrix range    [1e+00, 1e+00]
  QLMatrix range   [1e+00, 1e+00]
  Objective range  [1e+00, 1e+00]
  Bounds range     [4e-05, 2e+03]
  RHS range        [4e-05, 2e+02]
  QRHS range       [1e-06, 1e-06]
Presolve removed 2448 rows and 3920 columns
Presolve time: 0.12s
Presolved: 10123 rows, 3672 columns, 34721 nonzeros
Presolved model has 1883 bilinear constraint(s)
Presolved model has 268 nonlinear constraint(s)

Solving non-convex MINLP

Variable types: 3445 continuous, 227 integer (226 binary)

Root relaxation: objective 7.456084e+01, 5247 iterations, 0.79 seconds (0.64 work units)

    Nodes    |    Current Node    |     Objective Bounds      |     Work
 Expl Unexpl |  Obj  Depth IntInf | Incumbent    BestBd   Gap | It/Node Time

     0     0   74.56084    0 1730          -   74.56084      -     -    3s
     0     0   74.56084    0 1707          -   74.56084      -     -    5s
     0     0   74.56084    0 1684          -   74.56084      -     -    5s
     0     0   74.56084    0 1708          -   74.56084      -     -    6s
     0     0   74.56084    0 1689          -   74.56084      -     -    7s
     0     0   74.56084    0 1707          -   74.56084      -     -    8s
     0     0   74.56084    0 1692          -   74.56084      -     -    9s
     0     0   74.56084    0 1667          -   74.56084      -     -   10s
     0     0   74.56084    0 1657          -   74.56084      -     -   21s
     0     2   74.56084    0 1657          -   74.56084      -     -   29s
     5     4 infeasible    3               -   74.56084      -  1786   34s
     9     8   74.56084    4 1685          -   74.56084      -  4360   41s
    13    14   74.56084    5 1700          -   74.56084      -  6078   48s
    19    20   74.56084    6 1661          -   74.56084      -  5981   50s
    38    43   74.56084    9 1652          -   74.56084      -  3580  109s
    48    79   74.56084   10 1650          -   74.56084      -  3091  113s
    84   106   74.56084   17 1645          -   74.56084      -  2119  127s
   113   237   74.56084   19 1640          -   74.56084      -  1805  147s
   246   390   74.56084   42 1563          -   74.56084      -  1428  190s
   399   537   74.56084   57 1514          -   74.56084      -  1724  265s
   556   690   74.56076   71 1500          -   74.56084      -  2288  361s
   783   999   74.56084   88 1498          -   74.56084      -  2227  425s
  1146  1320   74.56084   93 1565          -   74.56084      -  2099  515s
  1547  1322   74.56084    5    9          -   74.56084      -  1977  520s
  1548  1322   74.56082   62   43          -   74.56082      -  1976  548s
  1549  1323   74.56082   34    0          -   74.56082      -  1974  558s
  1551  1324   74.56082   38    9          -   74.56082      -  1972  562s
  1553  1326   74.56082   43    7          -   74.56082      -  1969  565s
  1557  1328   74.56082   64    6          -   74.56082      -  1964  571s
  1560  1330   74.56082   48    7          -   74.56082      -  1961  585s
  1561  1331   74.56082   67    7          -   74.56082      -  1959  605s
  1562  1335   74.56082   12 1676          -   74.56082      -  2001  668s
  1564  1338   74.56082   13 1673          -   74.56082      -  2011  673s
  1568  1343   74.56082   14 1650          -   74.56082      -  2025  683s
  1574  1347   74.56082   15 1646          -   74.56082      -  2038  686s
  1586  1355   74.56082   16 1650          -   74.56082      -  2036  692s
  1592  1359   74.56082   16 1638          -   74.56082      -  2041  699s
  1598  1365   74.56082   17 1632          -   74.56082      -  2051  702s
  1614  1375   74.56082   18 1688          -   74.56082      -  2046  745s
  1622  1385   74.56082   18 1606          -   74.56082      -  2073  755s
  1636  1414   74.56082   19 1611          -   74.56082      -  2079  771s
  1680  1490   74.56082   22 1610          -   74.56082      -  2078  811s
  1781  1678   74.56082   28 1594          -   74.56082      -  2081  881s
  2060  1856 infeasible   43               -   74.56082      -  2012 1006s
  2381  2090   74.56082   73 1568          -   74.56082      -  1985 1126s
  2792  2179   74.56053  101 1612          -   74.56082      -  1943 1205s
  3106  2293   74.56082  114 1569          -   74.56082      -  1969 1328s
  3469  2323   74.56082  133 1579          -   74.56082      -  1988 1459s
  3686  2270   74.56082  142 1605          -   74.56082      -  2081 1544s
  3705  2650   74.56082  143 1585          -   74.56082      -  2082 1672s
  4262  2709   74.56082   88 1557          -   74.56082      -  2010 1837s
  4576  2822   74.56082   98 1607          -   74.56082      -  2057 2024s
  4878  3161 infeasible   95               -   74.56082      -  2093 2198s
  5502  3260   74.56078  115 1550          -   74.56082      -  2021 2367s
  5901  3490 infeasible  166               -   74.56082      -  2034 2532s
  6230  3731 infeasible  175               -   74.56082      -  2064 2712s
  6661  4042 infeasible  190               -   74.56082      -  2091 2880s
  7166  4394   74.56082  118 1523          -   74.56082      -  2088 3055s
  7674  4701   74.56082  152 1548          -   74.56082      -  2091 3291s
  8069  5064   74.56082  185 1580          -   74.56082      -  2123 3483s
  8570  5402   74.56082  198 1541          -   74.56082      -  2151 3694s
  8726  5402   74.56082  122 1534          -   74.56082      -  2160 3695s
  9044  5810   74.56082   65 1572          -   74.56082      -  2180 3932s
  9540  6261   74.56082  114 1550          -   74.56082      -  2194 4141s
 10079  6399   74.55931  138 1591          -   74.56082      -  2208 4396s
 10271  6877   74.56082  146 1577          -   74.56082      -  2234 4688s
 10905  7579 infeasible  159               -   74.56082      -  2251 4913s
 11861  8124   74.56082  164 1695          -   74.56082      -  2212 5134s
 12576  8507   74.56082  168 1615          -   74.56082      -  2211 5418s
 13095  8759   74.56082  178 1578          -   74.56082      -  2255 5683s
 13537  9064   74.56029  190 1636          -   74.56082      -  2320 5970s
 14086  9472   74.56011  223 1624          -   74.56082      -  2356 6287s
 14674  9968 infeasible  142               -   74.56082      -  2400 6598s
 15324 10838   74.56082   84 1558          -   74.56082      -  2391 6908s
 16492 11401 infeasible  131               -   74.56082      -  2363 7258s
 17129 11883 infeasible  181               -   74.56082      -  2406 7610s
 17899 12392   74.56082  215 1555          -   74.56082      -  2433 7949s
 18492 12929   74.56082  246 1564          -   74.56082      -  2475 8363s
 19439 13340   74.56082  141 1522          -   74.56082      -  2463 8739s
 20004 13586   74.56082  167 1630          -   74.56082      -  2489 9088s
 20380 14065   74.56082  186 1589          -   74.56082      -  2522 9514s
 21005 14811 infeasible  246               -   74.56082      -  2554 9901s
 22025 16101   74.55926  187 1601          -   74.56082      -  2553 10263s
 23685 17102   74.55877  258 1658          -   74.56082      -  2497 10595s
 24882 17697   74.55876  299 1642          -   74.56082      -  2479 10932s
 25687 17958   74.56082  168 1547          -   74.56082      -  2490 11265s
 26084 18378   74.56082  190 1591          -   74.56082      -  2511 11620s
 26754 19217   74.56082  216 1619          -   74.56082      -  2539 11806s
 27883 19372   74.56082  255 1588          -   74.56082      -  2526 11863s

Cutting planes:
  Learned: 4
  Implied bound: 15
  MIR: 1
  Flow cover: 3
  RLT: 587

Explored 28084 nodes (71293189 simplex iterations) in 11863.97 seconds (8095.24 work units)
Thread count was 12 (of 12 available processors)

Solution count 0

Solve interrupted
Best objective -, best bound 7.456082056686e+01, gap -
