
Gurobi 11.0.2 (win64) logging started Sat Nov 23 21:01:51 2024

Set parameter LogFile to value ".\Experiments\Verification_16_eps0.0001\Logs\vit_6_2_6_12_i4_r1_c4.log"
Set parameter TimeLimit to value 43200
Gurobi Optimizer version 11.0.2 build v11.0.2rc0 (win64 - Windows 10.0 (19045.2))

CPU model: Intel(R) Core(TM) i7-10750H CPU @ 2.60GHz, instruction set [SSE2|AVX|AVX2]
Thread count: 6 physical cores, 12 logical processors, using up to 12 threads

Optimize a model with 4665 rows, 4537 columns and 15276 nonzeros
Model fingerprint: 0x01c09e71
Model has 1238 quadratic constraints
Model has 420 general constraints
Variable types: 4237 continuous, 300 integer (300 binary)
Coefficient statistics:
  Matrix range     [1e-05, 1e+02]
  QMatrix range    [1e+00, 1e+00]
  QLMatrix range   [1e+00, 1e+00]
  Objective range  [1e+00, 1e+00]
  Bounds range     [1e-226, 5e+02]
  RHS range        [1e-04, 5e+02]
  QRHS range       [1e-06, 1e-06]
Presolve removed 2596 rows and 1996 columns
Presolve time: 0.03s
Presolved: 7742 rows, 2542 columns, 22660 nonzeros
Presolved model has 1113 bilinear constraint(s)
Presolved model has 273 nonlinear constraint(s)

Solving non-convex MINLP

Variable types: 2315 continuous, 227 integer (227 binary)

Root relaxation: objective 4.100558e+01, 3247 iterations, 0.18 seconds (0.24 work units)

    Nodes    |    Current Node    |     Objective Bounds      |     Work
 Expl Unexpl |  Obj  Depth IntInf | Incumbent    BestBd   Gap | It/Node Time

     0     0   41.00558    0  829          -   41.00558      -     -    0s
     0     0   41.00558    0  824          -   41.00558      -     -    0s
     0     0   41.00558    0  798          -   41.00558      -     -    0s
     0     0   41.00558    0  815          -   41.00558      -     -    1s
     0     0   41.00558    0  807          -   41.00558      -     -    1s
     0     0   41.00558    0  795          -   41.00558      -     -    1s
     0     0   41.00558    0  794          -   41.00558      -     -    1s
     0     0   41.00558    0  794          -   41.00558      -     -    1s
     0     0   41.00558    0  796          -   41.00558      -     -    2s
     0     0   41.00558    0  774          -   41.00558      -     -    2s
     0     0   40.82703    0  986          -   40.82703      -     -    7s
     0     2   40.82703    0  986          -   40.82703      -     -   16s
    33    32   40.82703    8  954          -   40.82703      -  1478   20s
   107   180   40.82703   18  958          -   40.82703      -  1168   28s
   235   292   40.82703   30  955          -   40.82703      -   929   37s
   427   506   40.82703   45  978          -   40.82703      -   930   45s
   810   695   40.82703   77  955          -   40.82703      -   809   53s
  1213   727   40.82703   13 1002          -   40.82703      -   753   61s
  1685   958 infeasible   27               -   40.82703      -   693   69s
  2057   960   40.76012   81   11          -   40.76012      -   682   75s
  2073   971   40.75981   89    6          -   40.75981      -   677   80s
  2078   975   40.75981   74    4          -   40.75981      -   684   86s
  2098   990   40.69467   33    4          -   40.69467      -   684   96s
  2118  1005   40.51408   20   24          -   40.51408      -   682  103s
  2119  1006   40.33072   16   14          -   40.33072      -   681  111s
  2135  1018   40.31340   46   21          -   40.31340      -   690  120s
  2160  1037   40.16437   84    0          -   40.16437      -   685  125s
  2161  1037   40.16359   35   17          -   40.16359      -   685  130s
  2179  1050   40.01000   32   13          -   40.01000      -   682  137s
  2180  1051   40.01000   34    9          -   40.01000      -   682  140s
  2196  1063   39.06458   42   14          -   39.06458      -   679  145s
  2205  1069   38.70025   22    4          -   38.70025      -   676  150s
  2217  1079   38.65724   71   11          -   38.65724      -   675  155s
  2235  1091   38.19404   46    6          -   38.19404      -   670  160s
  2245  1099   38.19404   31    8          -   38.19404      -   670  165s
  2261  1111   37.76246   35    0          -   37.76246      -   668  170s
  2264  1113   36.45827   53    3          -   36.45827      -   667  175s
  2277  1121   36.45827   44    3          -   36.45827      -   663  180s
  2280  1127   36.45827  123  943          -   36.45827      -   665  186s
  2514  1213 infeasible  143               -   35.88455      -   636  190s
  2741  1324   -0.84729  171  944          -   35.88455      -   602  195s
  3318  1344 infeasible  179               -   35.88455      -   545  200s
  4511  1664   -1.16926  130  952          -    8.74955      -   449  205s
  5734  2125    1.09465  133  966          -    5.77156      -   387  210s
  7216  3108 infeasible  190               -    3.55651      -   331  215s
  9050  4290   -0.50996  136  967          -    2.91536      -   284  220s
 10815  5341   -0.87435  168  926          -    2.53871      -   252  225s
 12490  6413   -4.34435  212  907          -    2.50366      -   234  230s
 13865  7448   -1.03850  148  931          -    2.32425      -   222  235s
 15545  8379 infeasible  214               -    2.21123      -   210  241s
 16698  9230 infeasible  170               -    2.06006      -   203  245s
 18756 10615    1.98758  146  963          -    2.05987      -   192  251s
 20041 11629   -0.72308  146  962          -    2.05986      -   187  255s
 22127 13003   -3.75807  213  910          -    2.05983      -   179  260s
 24134 14374 infeasible  145               -    2.05807      -   172  266s
 25793 15605   -2.78386  214  937          -    2.05807      -   169  271s
 27004 16270   -1.33101  173  948          -    2.05714      -   167  275s
 28871 17461 infeasible  233               -    2.05541      -   163  280s
 30668 18737 infeasible  181               -    2.05510      -   160  286s
 32212 19412   -1.35006  173  953          -    2.05429      -   159  296s
 33619 20856   -2.53750  206  927          -    2.05313      -   157  301s
 34860 21579   -0.85955  155  954          -    2.05313      -   155  305s
 36771 22856   -1.94679  192  930          -    2.05106      -   153  310s
 38859 24258 infeasible  219               -    2.04145      -   150  316s
 39944 24917   -0.74876  151  953          -    2.04145      -   149  320s
 41053 25701   -0.89265  157  944          -    2.04145      -   149  325s
 43101 27281 infeasible  183               -    2.01965      -   147  331s
 44595 28094   -1.99224  181  943          -    1.98895      -   145  335s
 46515 29263 infeasible  156               -    1.98849      -   143  340s
 48320 30618   -4.15913  234  899          -    1.98849      -   142  346s
 49905 31497   -1.57631  195  921          -    1.98848      -   142  351s
 51670 32731   -1.89321  189  930          -    1.98848      -   141  356s
 52917 33562   -3.91023  242  899          -    1.98848      -   140  360s
 55105 35303   -0.84060  157  956          -    1.98774      -   138  365s
 57293 36898   -1.95372  193  932          -    1.98774      -   137  370s
 58569 37583   -3.83597  216  909          -    1.98774      -   136  375s
 60234 38860   -1.33683  171  949          -    1.98774      -   135  380s
 62091 40050   -2.28212  206  914          -    1.98626      -   134  386s
 63889 41345 infeasible  182               -    1.98583      -   133  391s
 66075 42707 infeasible  170               -    1.98573      -   131  396s
 67428 43673   -0.88899  166  933          -    1.98573      -   131  400s
 69226 44877   -1.55148  183  941          -    1.98573      -   130  405s
 71390 46657   -1.57644  183  939          -    1.98501      -   128  410s
 73504 47835   -3.52524  218  925          -    1.98501      -   127  416s
 74190 47841   -1.58885  177  954          -    1.98501      -   127  423s
 74863 48756 infeasible  197               -    1.98501      -   127  426s
 76128 49414   -0.87477  164  946          -    1.98501      -   126  430s
 77965 50585 infeasible  157               -    1.98499      -   125  435s
 79905 51863   -1.43026  185  921          -    1.98498      -   125  440s
 81977 53256    1.34567  158  944          -    1.98497      -   124  445s
 83942 54503   -0.96395  186  933          -    1.98497      -   123  450s
 85570 55681   -2.90636  221  911          -    1.98480      -   123  455s
 87416 56962   -0.90811  155  968          -    1.98478      -   122  460s
 89257 58124 infeasible  190               -    1.98452      -   122  465s
 91879 60013   -2.97179  213  916          -    1.98256      -   121  471s
 93736 61180   -2.00705  185  941          -    1.98238      -   120  476s
 95476 62327 infeasible  204               -    1.98129      -   120  481s
 97422 63627 infeasible  214               -    1.98087      -   119  485s
 99465 64822   -3.87019  213  907          -    1.98080      -   119  490s
 101306 66112   -2.24324  173  936          -    1.98078      -   118  495s
 103382 67508   -1.99787  195  935          -    1.98067      -   117  500s
 105673 68876    1.32608  152  944          -    1.98061      -   117  506s
 107288 70070   -0.98544  158  954          -    1.98026      -   117  511s
 108976 71339   -2.02440  198  919          -    1.98026      -   117  515s
 110705 72415   -1.40692  180  924          -    1.97958      -   116  520s
 112290 73390 infeasible  199               -    1.97875      -   116  525s
 113957 74657    1.37956  148  943          -    1.97668      -   116  530s
 115742 75869   -3.50865  213  901          -    1.97376      -   116  535s
 118136 77381   -0.94479  163  944          -    1.96642      -   116  541s
 120038 78579   -0.97162  155  951          -    1.96092      -   116  546s
 121739 79780   -1.59918  180  932          -    1.95978      -   115  551s
 124041 81297   -0.99516  172  939          -    1.93712      -   115  556s
 126086 82509    1.32845  149  947          -    1.92941      -   114  561s
 127587 83412   -0.77760  158  947          -    1.92687      -   114  566s
 129245 84098   -0.95124  176  943          -    1.92347      -   114  576s
 130521 85185 infeasible  168               -    1.92235      -   114  580s
 132306 86495   -0.93806  160  965          -    1.91789      -   114  585s
 134438 87789   -0.98259  164  943          -    1.91782      -   113  590s
 136606 89133 infeasible  188               -    1.91075      -   113  595s
 138355 90322 infeasible  160               -    1.90158      -   113  600s
 140734 91925 infeasible  237               -    1.89742      -   112  606s
 142448 92588   -1.95997  169  925          -    1.88398      -   112  611s
