
Gurobi 11.0.2 (win64) logging started Thu Nov 21 20:03:38 2024

Set parameter LogFile to value ".\Experiments\Reactor_\Logs\reactor_r1_c1.log"
Set parameter TimeLimit to value 43200
Gurobi Optimizer version 11.0.2 build v11.0.2rc0 (win64 - Windows 10.0 (19045.2))

CPU model: Intel(R) Core(TM) i7-10750H CPU @ 2.60GHz, instruction set [SSE2|AVX|AVX2]
Thread count: 6 physical cores, 12 logical processors, using up to 12 threads

Optimize a model with 39109 rows, 179643 columns and 752523 nonzeros
Model fingerprint: 0x6726ed35
Model has 32011 quadratic constraints
Model has 996 general constraints
Variable types: 179255 continuous, 388 integer (388 binary)
Coefficient statistics:
  Matrix range     [1e-13, 3e+03]
  QMatrix range    [1e+00, 1e+00]
  QLMatrix range   [1e+00, 1e+00]
  Objective range  [1e+00, 1e+00]
  Bounds range     [1e-13, 3e+03]
  RHS range        [4e-11, 3e+03]
  QRHS range       [1e-05, 1e+00]
Warning: Model contains large matrix coefficient range
         Consider reformulating model or setting NumericFocus parameter
         to avoid numerical issues.
Presolve removed 24383 rows and 135504 columns
Presolve time: 2.05s
Presolved: 127243 rows, 44140 columns, 946781 nonzeros
Presolved model has 28183 bilinear constraint(s)
Presolved model has 880 nonlinear constraint(s)
Warning: Model contains variables with very large bounds participating
         in nonlinear terms.
         Presolve was not able to compute smaller bounds for these variables.
         Consider bounding these variables or reformulating the model.


Solving non-convex MINLP

Variable types: 43976 continuous, 164 integer (164 binary)

Deterministic concurrent LP optimizer: primal simplex, dual simplex, and barrier
Showing barrier log only...

Root barrier log...

Ordering time: 4.12s

Barrier statistics:
 Dense cols : 42
 AA' NZ     : 5.328e+06
 Factor NZ  : 2.649e+07 (roughly 300 MB of memory)
 Factor Ops : 1.690e+10 (less than 1 second per iteration)
 Threads    : 4

                  Objective                Residual
Iter       Primal          Dual         Primal    Dual     Compl     Time
   0   1.93224107e-01  1.44628936e+04  2.68e+02 0.00e+00  5.07e-01   148s
   1   6.47837058e-02  2.99157353e+03  6.18e+01 6.36e-05  1.00e-01   148s
   2   2.88347383e-02  2.70104193e+02  9.44e-01 4.80e-15  2.74e-03   148s
   3   4.13171500e-02  1.02292623e+01  2.42e-02 1.67e-16  8.48e-05   149s
   4   4.35170850e-02  3.98263474e-01  7.31e-04 1.18e-16  2.60e-06   149s
   5   4.36161144e-02  6.18900451e-02  1.02e-05 1.07e-16  1.08e-07   150s
   6   4.36176158e-02  4.38722580e-02  1.53e-12 5.69e-14  1.46e-09   150s
   7   4.36176173e-02  4.36178719e-02  1.20e-12 8.56e-17  1.46e-12   151s
   8   4.36176173e-02  4.36176176e-02  1.16e-12 6.94e-18  1.46e-15   151s

Barrier solved model in 8 iterations and 151.39 seconds (154.97 work units)
Optimal objective 4.36176173e-02


Root crossover log...

       0 DPushes remaining with DInf 0.0000000e+00               152s

   25906 PPushes remaining with PInf 0.0000000e+00               152s
    2395 PPushes remaining with PInf 7.0724561e+01               155s
      90 PPushes remaining with PInf 2.4419968e+02               161s

  Push phase complete: Pinf 2.4419968e+02, Dinf 0.0000000e+00    161s


Root simplex log...

Iteration    Objective       Primal Inf.    Dual Inf.      Time
   25819    4.3617617e-02   2.241548e+04   0.000000e+00    161s
   26189    4.3617617e-02   1.562287e+10   0.000000e+00    165s
Warning: Markowitz tolerance tightened to 0.5
   26796    4.3597128e-02   9.915024e+08   0.000000e+00    170s
   27351    4.3578084e-02   7.610241e+08   0.000000e+00    176s
   27906    4.3572746e-02   2.179080e+10   0.000000e+00    182s
   28461    4.3563491e-02   3.060225e+08   0.000000e+00    187s
   29053    4.3559177e-02   9.555918e+07   0.000000e+00    191s
   29423    4.3557748e-02   2.235158e+07   0.000000e+00    195s
   29995    4.3555168e-02   4.825290e+07   0.000000e+00    200s
   30552    4.3553720e-02   2.186336e+07   0.000000e+00    205s
   31675    4.3550434e-02   6.343968e+06   0.000000e+00    211s
   32263    4.3548322e-02   1.924810e+07   0.000000e+00    215s
   33423    4.3547665e-02   2.733200e+06   0.000000e+00    221s
   34504    4.3546823e-02   4.925780e+06   0.000000e+00    226s
   35919    4.3545857e-02   6.190838e+06   0.000000e+00    231s
   36474    4.3543975e-02   9.902194e+06   0.000000e+00    236s
   37024    4.3541256e-02   2.119276e+08   0.000000e+00    240s
   39506    4.3540058e-02   3.335355e+08   0.000000e+00    246s
Concurrent spin time: 0.01s

Solved with dual simplex

Root relaxation: objective 4.361762e-02, 41924 iterations, 106.16 seconds (115.92 work units)

    Nodes    |    Current Node    |     Objective Bounds      |     Work
 Expl Unexpl |  Obj  Depth IntInf | Incumbent    BestBd   Gap | It/Node Time

     0     0    0.04362    0 18493          -    0.04362      -     -  247s
     0     0    0.04362    0 18233          -    0.04362      -     -  380s
     0     0    0.04362    0 18620          -    0.04362      -     -  489s
     0     0    0.04362    0 18587          -    0.04362      -     -  680s
     0     0    0.04362    0 18653          -    0.04362      -     - 1266s
     0     0    0.04362    0 18575          -    0.04362      -     - 1312s
     0     0    0.04362    0 18393          -    0.04362      -     - 1401s
     0     0    0.04362    0 18419          -    0.04362      -     - 1439s
     0     0    0.04362    0 18676          -    0.04362      -     - 1517s
     0     0    0.04362    0 18676          -    0.04362      -     - 1552s
     0     2    0.04362    0 18676          -    0.04362      -     - 21920s
     1     4    0.04362    1 18580          -    0.04362      - 14868 22407s
     3     8    0.04362    2 18335          -    0.04362      - 12785 22915s
     7    14    0.04362    3 18460          -    0.04362      - 14959 23329s
    13    20    0.04362    4 18476          -    0.04362      - 15900 23836s
    19    26    0.04362    4 18429          -    0.04362      - 15172 24869s
    25    32    0.04362    5 18460          -    0.04362      - 14679 25031s
    31    40    0.04362    5 18445          -    0.04362      - 13832 25158s
    39    46    0.04362    6 18284          -    0.04362      - 12996 25361s
    45    80    0.04362    7 18473          -    0.04362      - 12898 25786s
    79   127    0.04362   10 17878          -    0.04362      - 10663 26784s
   126   363    0.04362   16 17532          -    0.04362      - 10371 29326s
   362   840    0.04362   31 17874          -    0.04362      -  8159 34039s
   839  1238  postponed   65               -    0.04362      -  7543 37919s
  1241  1623    0.04362   71 17568          -    0.04362      -  7321 42683s
  1642  1765  postponed   80               -    0.04362      -  7224 43200s

Cutting planes:
  RLT: 774

Explored 1786 nodes (12667847 simplex iterations) in 43200.26 seconds (87531.78 work units)
Thread count was 12 (of 12 available processors)

Solution count 0

Time limit reached
Best objective -, best bound 4.361761729599e-02, gap -
