
Gurobi 11.0.2 (win64) logging started Mon Nov 25 18:23:03 2024

Set parameter LogFile to value ".\Experiments\Verification_16_eps0.0001_2\Logs\vit_12_2_6_12_i4_r1_c3.log"
Set parameter TimeLimit to value 43200
Gurobi Optimizer version 11.0.2 build v11.0.2rc0 (win64 - Windows 10.0 (19045.2))

CPU model: Intel(R) Core(TM) i7-10750H CPU @ 2.60GHz, instruction set [SSE2|AVX|AVX2]
Thread count: 6 physical cores, 12 logical processors, using up to 12 threads

Optimize a model with 3963 rows, 7591 columns and 19326 nonzeros
Model fingerprint: 0x3358e20c
Model has 2150 quadratic constraints
Model has 420 general constraints
Variable types: 7291 continuous, 300 integer (300 binary)
Coefficient statistics:
  Matrix range     [1e-05, 2e+02]
  QMatrix range    [1e+00, 1e+00]
  QLMatrix range   [1e+00, 1e+00]
  Objective range  [1e+00, 1e+00]
  Bounds range     [4e-05, 2e+03]
  RHS range        [4e-05, 2e+02]
  QRHS range       [1e-06, 1e-06]
Presolve removed 2448 rows and 3920 columns
Presolve time: 0.08s
Presolved: 10123 rows, 3672 columns, 34721 nonzeros
Presolved model has 1883 bilinear constraint(s)
Presolved model has 268 nonlinear constraint(s)

Solving non-convex MINLP

Variable types: 3445 continuous, 227 integer (226 binary)

Root relaxation: objective 7.456084e+01, 5247 iterations, 0.52 seconds (0.64 work units)

    Nodes    |    Current Node    |     Objective Bounds      |     Work
 Expl Unexpl |  Obj  Depth IntInf | Incumbent    BestBd   Gap | It/Node Time

     0     0   74.56084    0 1730          -   74.56084      -     -    2s
     0     0   74.56084    0 1707          -   74.56084      -     -    3s
     0     0   74.56084    0 1684          -   74.56084      -     -    3s
     0     0   74.56084    0 1708          -   74.56084      -     -    4s
     0     0   74.56084    0 1689          -   74.56084      -     -    4s
     0     0   74.56084    0 1707          -   74.56084      -     -    4s
     0     0   74.56084    0 1692          -   74.56084      -     -    5s
     0     0   74.56084    0 1667          -   74.56084      -     -    5s
     0     0   74.56084    0 1657          -   74.56084      -     -   11s
     0     2   74.56084    0 1657          -   74.56084      -     -   17s
     9     8   74.56084    4 1685          -   74.56084      -  4360   22s
    13    14   74.56084    5 1700          -   74.56084      -  6078   25s
    38    43   74.56084    9 1652          -   74.56084      -  3580   59s
    48    79   74.56084   10 1650          -   74.56084      -  3091   62s
    84   106   74.56084   17 1645          -   74.56084      -  2119   68s
   113   237   74.56084   19 1640          -   74.56084      -  1805   78s
   246   390   74.56084   42 1563          -   74.56084      -  1428   98s
   399   537   74.56084   57 1514          -   74.56084      -  1724  129s
   556   690   74.56076   71 1500          -   74.56084      -  2288  175s
   783   999   74.56084   88 1498          -   74.56084      -  2227  223s
  1146  1320   74.56084   93 1565          -   74.56084      -  2099  269s
  1547  1322   74.56084    5    9          -   74.56084      -  1977  272s
  1548  1322   74.56082   62   43          -   74.56082      -  1976  287s
  1549  1323   74.56082   34    0          -   74.56082      -  1974  291s
  1557  1328   74.56082   64    6          -   74.56082      -  1964  295s
  1560  1330   74.56082   48    7          -   74.56082      -  1961  303s
  1561  1331   74.56082   67    7          -   74.56082      -  1959  313s
  1562  1335   74.56082   12 1676          -   74.56082      -  2001  345s
  1568  1343   74.56082   14 1650          -   74.56082      -  2025  351s
  1586  1355   74.56082   16 1650          -   74.56082      -  2036  355s
  1606  1370   74.56082   17 1625          -   74.56082      -  2048  360s
  1614  1375   74.56082   18 1688          -   74.56082      -  2046  378s
  1622  1385   74.56082   18 1606          -   74.56082      -  2073  381s
  1636  1414   74.56082   19 1611          -   74.56082      -  2079  388s
  1680  1490   74.56082   22 1610          -   74.56082      -  2078  403s
  1781  1678   74.56082   28 1594          -   74.56082      -  2081  432s
  2060  1856 infeasible   43               -   74.56082      -  2012  484s
  2381  2090   74.56082   73 1568          -   74.56082      -  1985  531s
  2792  2179   74.56053  101 1612          -   74.56082      -  1943  578s
  3106  2293   74.56082  114 1569          -   74.56082      -  1969  627s
  3469  2323   74.56082  133 1579          -   74.56082      -  1988  671s
  3686  2270   74.56082  142 1605          -   74.56082      -  2081  721s
  3705  2650   74.56082  143 1585          -   74.56082      -  2082  771s
  4262  2709   74.56082   88 1557          -   74.56082      -  2010  842s
  4576  2822   74.56082   98 1607          -   74.56082      -  2057  920s
  4878  3161 infeasible   95               -   74.56082      -  2093  998s
  5502  3260   74.56078  115 1550          -   74.56082      -  2021 1065s
  5901  3490 infeasible  166               -   74.56082      -  2034 1136s
  6230  3731 infeasible  175               -   74.56082      -  2064 1201s
  6661  4042 infeasible  190               -   74.56082      -  2091 1277s
  7166  4394   74.56082  118 1523          -   74.56082      -  2088 1348s
  7674  4701   74.56082  152 1548          -   74.56082      -  2091 1446s
  8069  5064   74.56082  185 1580          -   74.56082      -  2123 1522s
  8570  5402   74.56082  198 1541          -   74.56082      -  2151 1598s
  9044  5810   74.56082   65 1572          -   74.56082      -  2180 1685s
  9540  6261   74.56082  114 1550          -   74.56082      -  2194 1772s
 10079  6399   74.55931  138 1591          -   74.56082      -  2208 1875s
 10271  6877   74.56082  146 1577          -   74.56082      -  2234 1987s
 10905  7579 infeasible  159               -   74.56082      -  2251 2084s
 11861  8124   74.56082  164 1695          -   74.56082      -  2212 2265s
 12576  8507   74.56082  168 1615          -   74.56082      -  2211 2498s
 13095  8759   74.56082  178 1578          -   74.56082      -  2255 2744s
 13537  9064   74.56029  190 1636          -   74.56082      -  2320 2991s
 14086  9472   74.56011  223 1624          -   74.56082      -  2356 3264s
 14674  9968 infeasible  142               -   74.56082      -  2400 3540s
 15324 10838   74.56082   84 1558          -   74.56082      -  2391 3824s
 16492 11401 infeasible  131               -   74.56082      -  2363 4108s
 17129 11883 infeasible  181               -   74.56082      -  2406 4416s
 17899 12392   74.56082  215 1555          -   74.56082      -  2433 4706s
 18492 12929   74.56082  246 1564          -   74.56082      -  2475 5053s
 19439 13340   74.56082  141 1522          -   74.56082      -  2463 5369s
 20004 13586   74.56082  167 1630          -   74.56082      -  2489 5675s
 20380 14065   74.56082  186 1589          -   74.56082      -  2522 6039s
 21005 14811 infeasible  246               -   74.56082      -  2554 6352s
 22025 16101   74.55926  187 1601          -   74.56082      -  2553 6657s
 23685 17102   74.55877  258 1658          -   74.56082      -  2497 6943s
 24882 17697   74.55876  299 1642          -   74.56082      -  2479 7215s
 25687 17958   74.56082  168 1547          -   74.56082      -  2490 7504s
 26084 18378   74.56082  190 1591          -   74.56082      -  2511 7825s
 26754 19217   74.56082  216 1619          -   74.56082      -  2539 8147s
 27883 19590   74.56082  255 1588          -   74.56082      -  2526 8463s
 28410 20977   74.56082  239 1550          -   74.56082      -  2562 8776s
 30221 21619   74.54831  200 1636          -   74.56082      -  2492 9056s
 31293 22618   74.56044  149 1558          -   74.56082      -  2481 9377s
 32550 22987   74.55473  156 1563          -   74.56082      -  2460 9652s
 33043 23455   74.55465  172 1626          -   74.56082      -  2462 9930s
 33657 24792   74.54589  207 1656          -   74.56082      -  2481 10210s
 35408 25245 infeasible  324               -   74.56082      -  2425 10461s
 36185 26242   74.53783  362 1620          -   74.56082      -  2431 10706s
 37518 27043   74.55942  168 1644          -   74.56082      -  2403 10945s
 38613 27463 infeasible  178               -   74.56082      -  2386 11175s
 39255 27772   74.55926  141 1744          -   74.56082      -  2397 11408s
 39682 28209 infeasible  149               -   74.56082      -  2401 11656s
 40309 29200   74.55911  178 1625          -   74.56082      -  2415 11911s
 41646 30341   74.55925  175 1647          -   74.56082      -  2389 12149s
 43073 30837   74.55949  225 1630          -   74.56082      -  2358 12383s
 43781 31402   74.56082  169 1537          -   74.56082      -  2364 12614s
 44514 31851 infeasible  186               -   74.56082      -  2368 12855s
 45159 32382   74.56082  117 1561          -   74.56082      -  2377 13098s
 45932 32529 infeasible  169               -   74.56082      -  2379 13351s
 46185 33416 infeasible  187               -   74.56082      -  2391 13609s
 47306 33952   74.55821  200 1688          -   74.56082      -  2380 13857s
 47992 34359   74.55906  210 1650          -   74.56082      -  2387 14123s
 48543 35088   74.55803  255 1679          -   74.56082      -  2404 14376s
 49574 35802   74.55751  277 1678          -   74.56082      -  2398 14618s
 50496 36307   74.56082  114 1601          -   74.56082      -  2394 14886s
 51267 36694   74.56023  146 1638          -   74.56082      -  2399 15151s
 51806 37251   74.55086  173 1727          -   74.56082      -  2415 15411s
 52551 37787   74.54935  195 1664          -   74.56082      -  2409 15698s
 53279 38254   74.56082  188 1560          -   74.56082      -  2416 15978s
 53992 39250   74.55951  156 1648          -   74.56082      -  2424 16258s
 55186 39961   74.55926  271 1644          -   74.56082      -  2413 16536s
 56079 40598   74.55971  174 1681          -   74.56082      -  2414 16816s
 56854 41312   74.55970  202 1666          -   74.56082      -  2419 17102s
 57764 41775   74.55967  246 1663          -   74.56082      -  2418 17380s
 58409 42289   74.55881  255 1659          -   74.56082      -  2416 17671s
 59205 43069   74.56082  113 1585          -   74.56082      -  2422 17960s
 60205 43978 infeasible  195               -   74.56082      -  2421 18272s
 61348 44615   74.55932  163 1633          -   74.56082      -  2414 18548s
 62199 45015   74.55933  275 1592          -   74.56082      -  2417 18830s
 62697 45614   74.55923  294 1605          -   74.56082      -  2432 19125s
 63524 46142   74.55914  309 1597          -   74.56082      -  2436 19403s
 64194 46624   74.55890  341 1590          -   74.56082      -  2435 19576s
 64882 47244   74.35040   96 1613          -   74.56082      -  2445 19745s
 65758 48041 infeasible  172               -   74.56082      -  2450 20067s
 66823 48906   74.56037  103 1574          -   74.56082      -  2448 20292s
 67890 49824   74.55939  143 1665          -   74.56082      -  2445 20543s
 69140 50217   74.53887  189 1600          -   74.56082      -  2435 20853s
 69677 51069   74.56082  192 1550          -   74.56082      -  2438 21206s
 70927 51653   74.56082  212 1559          -   74.56082      -  2427 21502s
 71791 52748 infeasible  184               -   74.56082      -  2430 21816s
 73234 53243 infeasible   84               -   74.56082      -  2414 22083s
 73923 53864   74.55898  145 1679          -   74.56082      -  2421 22405s
 74770 54201 infeasible  300               -   74.56082      -  2422 22716s
 75343 54479   74.56082  119 1541          -   74.56082      -  2430 23030s
 75743 55044   74.56082  134 1668          -   74.56082      -  2436 23372s
 76560 55538   74.56082  159 1589          -   74.56082      -  2440 23709s
 77386 55878 infeasible  102               -   74.56082      -  2444 24055s
 77820 56594   74.53274  131 1672          -   74.56082      -  2460 24387s
 78812 57211 infeasible  162               -   74.56082      -  2461 24759s
 79637 57792   74.50797  166 1662          -   74.56082      -  2467 25102s
 80434 58383   74.48078  211 1643          -   74.56082      -  2474 25449s
 81235 59131   74.56023  121 1578          -   74.56082      -  2470 25805s
 82239 59684   74.54304  159 1611          -   74.56082      -  2470 26182s
 83054 60432   74.56082  154 1598          -   74.56082      -  2474 26561s
 84006 61205   74.55988  151 1668          -   74.56082      -  2475 26936s
 84953 61801   74.55841  295 1688          -   74.56082      -  2477 27314s
 85767 62364   74.55844  234 1640          -   74.56082      -  2480 27685s
 86638 63004   74.55994  116 1674          -   74.56082      -  2483 28057s
 87554 63777   74.55985  177 1621          -   74.56082      -  2477 28434s
 88639 64356   74.55941  211 1609          -   74.56082      -  2476 28811s
 89604 65546   74.54318  213 1721          -   74.56082      -  2478 29139s
 91212 66161   74.55901  190 1619          -   74.56082      -  2461 29440s
 92123 67270   74.56082   85 1570          -   74.56082      -  2460 29775s
 93608 67596 infeasible  122               -   74.56082      -  2447 30081s
 94148 68179 infeasible  138               -   74.56082      -  2446 30417s
 95051 68562   74.56082  115 1544          -   74.56082      -  2445 30737s
 95590 69042   74.56082  145 1577          -   74.56082      -  2452 31072s
 96368 69555   74.56082  179 1580          -   74.56082      -  2454 31327s

Cutting planes:
  Learned: 4
  Implied bound: 15
  MIR: 1
  Flow cover: 3
  RLT: 587

Explored 97155 nodes (238264619 simplex iterations) in 31328.00 seconds (25178.72 work units)
Thread count was 12 (of 12 available processors)

Solution count 0

Solve interrupted
Best objective -, best bound 7.456082056686e+01, gap -
