
Gurobi 11.0.2 (win64) logging started Thu Oct 31 11:17:49 2024

Set parameter LogFile to value ".\Experiments\Verification_16\Logs\vit_6_1_6_12_i4_r2_c4.log"
Set parameter TimeLimit to value 43200
Gurobi Optimizer version 11.0.2 build v11.0.2rc0 (win64 - Windows 10.0 (19045.2))

CPU model: Intel(R) Core(TM) i7-10750H CPU @ 2.60GHz, instruction set [SSE2|AVX|AVX2]
Thread count: 6 physical cores, 12 logical processors, using up to 12 threads

Optimize a model with 1155 rows, 2205 columns and 4316 nonzeros
Model fingerprint: 0x5f6a1240
Model has 658 quadratic constraints
Model has 210 general constraints
Variable types: 2205 continuous, 0 integer (0 binary)
Coefficient statistics:
  Matrix range     [1e-03, 6e+00]
  QMatrix range    [1e+00, 1e+00]
  QLMatrix range   [1e+00, 1e+00]
  Objective range  [1e+00, 1e+00]
  Bounds range     [4e-162, 4e+02]
  RHS range        [1e-02, 2e+00]
  QRHS range       [1e-06, 1e-06]
Presolve removed 844 rows and 1243 columns
Presolve time: 0.03s
Presolved: 3094 rows, 963 columns, 9195 nonzeros
Presolved model has 533 bilinear constraint(s)
Presolved model has 145 nonlinear constraint(s)

Solving non-convex MINLP

Variable types: 951 continuous, 12 integer (12 binary)

Root relaxation: objective -5.042493e+01, 1490 iterations, 0.06 seconds (0.07 work units)

    Nodes    |    Current Node    |     Objective Bounds      |     Work
 Expl Unexpl |  Obj  Depth IntInf | Incumbent    BestBd   Gap | It/Node Time

     0     0  -50.42493    0  655          -  -50.42493      -     -    0s
     0     0  -50.42447    0  653          -  -50.42447      -     -    0s
     0     0  -50.42447    0  656          -  -50.42447      -     -    0s
     0     0  -50.42447    0  655          -  -50.42447      -     -    0s
     0     0  -50.42447    0  654          -  -50.42447      -     -    0s
     0     0  -50.42436    0  659          -  -50.42436      -     -    6s
     0     2  -50.42436    0  659          -  -50.42436      -     -    6s
   287   232  -50.34598   22  639          -  -50.42436      -   129   10s
  2017  1809  -49.43655  201    4          -  -50.42430      -  32.7   18s
  2030  1818  -50.37420   13    8          -  -50.37420      -  32.5   20s
  2049  1832  -50.28397   81    4          -  -50.28397      -  34.4   30s
  2070  1847  -49.87632   43    4          -  -49.87632      -  35.7   39s
  2081  1856  -49.43476  181    5          -  -49.87632      -  36.9   41s
  2082  1856  -49.56282  134    5          -  -49.56282      -  36.9   47s
  2095  1867  -49.42984  244    5          -  -49.42984      -  38.3   50s
  2096  1867  -49.42984   27    5          -  -49.42984      -  38.3   55s
  2104  1873  -48.78698   13    6          -  -48.78698      -  38.2   63s
  2108  1876  -46.54737   92    5          -  -46.54737      -  39.4   66s
  2120  1884  -45.27512  114    6          -  -45.27512      -  39.2   75s
  2133  1894  -12.61098   48    5          -  -12.61098      -  40.5   85s
  2143  1902   -7.79695  105    4          -   -7.79695      -  41.9   95s
  2153  1910   -7.79695   45    4          -   -7.79695      -  43.4  106s
  2166  1920    4.98013   93    2          -    4.98013      -  44.3  116s
H 2168  1826                      11.8808636    4.98013  58.1%  46.6  116s
  2177  1832    7.96905  138    2   11.88086    7.96905  32.9%  46.4  125s
  3770  2399     cutoff  165        11.88086   11.03704  7.10%  70.2  130s
  6874  3044 infeasible  160        11.88086   11.05172  6.98%  75.6  135s
 10152  4407 infeasible  152        11.88086   11.05792  6.93%  78.9  140s
 14064  6424 infeasible  152        11.88086   11.06814  6.84%  80.3  145s
 18288  8760   11.76362  161  603   11.88086   11.46088  3.53%  80.9  150s
 21546 10504   11.76001  171  579   11.88086   11.53188  2.94%  78.8  155s
 25391 12864   11.82383  163  589   11.88086   11.54380  2.84%  77.9  160s
 29526 15486   11.71351  161  582   11.88086   11.54411  2.83%  79.7  165s
 33162 17367   11.84142  163  576   11.88086   11.54426  2.83%  80.4  170s
 37300 19690   11.82054  167  577   11.88086   11.54467  2.83%  80.0  175s
 41241 21882   11.66952  156  583   11.88086   11.54496  2.83%  79.7  180s
 45305 23902   11.83129  165  577   11.88086   11.54542  2.82%  79.2  185s
 49075 26313   11.85371  171  585   11.88086   11.54571  2.82%  78.9  190s
 51887 28221   11.78755  165  593   11.88086   11.54621  2.82%  82.0  195s
 55543 30321   11.56784  154  599   11.88086   11.54636  2.82%  83.1  200s
 59979 33120     cutoff  165        11.88086   11.54693  2.81%  83.2  207s
 62841 34844 infeasible  183        11.88086   11.54710  2.81%  83.8  211s
 65863 36726   11.75832  163  599   11.88086   11.54731  2.81%  84.1  215s
 70684 39062 infeasible  171        11.88086   11.54752  2.81%  83.2  221s
 73498 40647 infeasible  183        11.88086   11.54759  2.81%  83.2  225s
 78034 42905   11.68228  159  584   11.88086   11.54785  2.80%  82.6  230s
 82498 45254 infeasible  186        11.88086   11.54807  2.80%  81.9  235s
 86604 47354     cutoff  162        11.88086   11.54823  2.80%  81.6  240s
 90853 49222 infeasible  169        11.88086   11.54872  2.80%  80.9  245s
 94667 51347   11.76774  163  580   11.88086   11.54919  2.79%  81.1  250s
 98740 53350   11.77200  166  574   11.88086   11.54968  2.79%  80.7  255s
 103921 56122 infeasible  164        11.88086   11.55044  2.78%  80.7  261s
 108017 58398   11.68426  159  592   11.88086   11.55057  2.78%  80.7  266s
 112305 60727   11.56352  153  595   11.88086   11.55113  2.78%  80.5  271s
 115001 61959   11.86325  177  549   11.88086   11.55127  2.77%  80.4  275s
 118963 64285 infeasible  184        11.88086   11.55165  2.77%  80.5  280s
 122739 66752   11.82135  172  573   11.88086   11.55203  2.77%  80.7  285s
 127186 69122   11.69379  159  579   11.88086   11.55231  2.77%  80.4  291s
 131272 71214   11.87965  174  565   11.88086   11.55253  2.76%  80.3  296s
 133848 72488   11.78802  162  588   11.88086   11.55300  2.76%  80.4  300s
 137804 74819   11.85708  170  568   11.88086   11.55334  2.76%  80.3  305s
 141048 76596   11.87147  183  556   11.88086   11.55407  2.75%  80.8  310s
 144851 78866   11.68552  159  603   11.88086   11.55502  2.74%  80.9  315s
 148106 80832   11.76332  163  589   11.88086   11.55541  2.74%  81.6  320s
 152042 82927 infeasible  184        11.88086   11.55666  2.73%  81.7  325s
 156428 85279   11.68022  159  597   11.88086   11.55707  2.73%  81.6  331s
 159240 86672   11.56167  157  603   11.88086   11.55745  2.72%  81.6  335s
 163408 88595 infeasible  168        11.88086   11.55917  2.71%  81.3  340s
 167151 90603   11.82458  167  578   11.88086   11.56019  2.70%  81.5  346s
 171688 93071   11.69268  157  591   11.88086   11.56044  2.70%  81.6  352s
 174883 94718   11.77390  162  595   11.88086   11.56060  2.70%  81.7  356s
 177952 96502   11.87906  187  541   11.88086   11.56070  2.69%  81.8  360s
 181437 98127   11.75254  160  587   11.88086   11.56091  2.69%  81.7  365s
 186226 100855   11.56254  156  583   11.88086   11.56112  2.69%  81.8  371s
 189873 102673   11.70376  156  577   11.88086   11.56131  2.69%  81.7  375s
 193193 104580   11.83548  176  586   11.88086   11.56143  2.69%  81.8  380s
 198844 106989   11.77666  164  587   11.88086   11.56158  2.69%  81.6  386s
 201816 108627   11.84208  174  586   11.88086   11.56165  2.69%  81.9  391s
 205189 110574   11.87247  181  550   11.88086   11.56173  2.69%  82.1  396s
 209145 112379   11.83597  163  582   11.88086   11.56192  2.68%  81.9  401s
 212853 114248   11.84300  182  569   11.88086   11.56217  2.68%  81.9  406s
 216576 116085   11.75486  164  563   11.88086   11.56231  2.68%  81.9  411s
 220109 118321 infeasible  171        11.88086   11.56241  2.68%  82.0  416s
 223893 120183 infeasible  172        11.88086   11.56249  2.68%  81.9  422s
 225802 121180   11.87675  172  563   11.88086   11.56256  2.68%  81.8  425s
 229452 122936   11.81052  164  569   11.88086   11.56269  2.68%  81.7  431s
 232996 124768 infeasible  167        11.88086   11.56285  2.68%  81.7  435s
 235835 126509 infeasible  181        11.88086   11.56289  2.68%  82.1  441s
 239438 128117   11.86905  169  570   11.88086   11.56295  2.68%  82.1  446s
 242825 130206 infeasible  160        11.88086   11.56316  2.67%  82.1  451s
 246660 132073   11.79644  165  575   11.88086   11.56323  2.67%  82.0  456s
 250128 133879 infeasible  165        11.88086   11.56336  2.67%  82.0  461s
 253766 135816   11.85392  170  580   11.88086   11.56352  2.67%  82.0  465s
 257719 137805   11.65779  153  596   11.88086   11.56365  2.67%  81.8  470s
 263121 140435   11.86531  183  531   11.88086   11.56390  2.67%  81.8  477s
 266771 142229     cutoff  177        11.88086   11.56406  2.67%  81.7  481s
 270459 144194     cutoff  174        11.88086   11.56421  2.67%  81.7  486s
 274141 146085 infeasible  177        11.88086   11.56437  2.66%  81.6  491s
 277622 147849   11.81156  176  568   11.88086   11.56441  2.66%  81.6  495s
 281203 149878   11.68026  159  593   11.88086   11.56447  2.66%  81.6  500s
 286668 152634   11.86994  174  588   11.88086   11.56458  2.66%  81.5  507s
 290235 154418 infeasible  156        11.88086   11.56465  2.66%  81.6  511s
 293389 156233   11.79600  167  566   11.88086   11.56472  2.66%  81.8  516s
 296909 158143   11.73566  166  581   11.88086   11.56484  2.66%  81.9  521s
 300643 160200   11.59563  154  590   11.88086   11.56491  2.66%  82.0  526s
 304772 162129 infeasible  167        11.88086   11.56503  2.66%  81.8  532s
 306464 162958   11.83418  164  585   11.88086   11.56509  2.66%  81.9  535s
 309942 164819 infeasible  172        11.88086   11.56520  2.66%  82.0  540s
 313165 166763   11.83976  184  561   11.88086   11.56522  2.66%  82.3  546s
 317154 168777 infeasible  180        11.88086   11.56530  2.66%  82.2  552s
 319166 169706   11.87070  171  588   11.88086   11.56537  2.66%  82.2  555s
 322795 171649 infeasible  184        11.88086   11.56542  2.66%  82.2  560s
 326107 173426   11.83026  165  577   11.88086   11.56550  2.65%  82.4  567s
 327795 174281   11.68965  157  579   11.88086   11.56560  2.65%  82.5  570s
 331609 176317   11.85224  168  555   11.88086   11.56568  2.65%  82.5  575s
 334680 178137   11.78773  169  578   11.88086   11.56572  2.65%  82.9  580s
 338076 179883   11.81795  165  590   11.88086   11.56576  2.65%  83.1  586s
 342285 181798   11.68066  158  597   11.88086   11.56595  2.65%  83.0  592s
 344173 182627   11.82015  164  590   11.88086   11.56603  2.65%  83.1  595s
 348201 184544   11.82035  163  581   11.88086   11.56613  2.65%  83.0  601s
 351864 185961   11.76839  158  576   11.88086   11.56623  2.65%  83.0  606s
 355357 187908   11.73644  161  585   11.88086   11.56628  2.65%  83.0  611s
 358695 189596   11.86272  168  583   11.88086   11.56635  2.65%  83.2  616s
 362515 191738   11.82808  166  582   11.88086   11.56642  2.65%  83.2  621s
 366389 193701   11.76510  165  587   11.88086   11.56647  2.65%  83.2  626s
 370324 195693   11.75655  158  589   11.88086   11.56653  2.65%  83.1  631s
 373715 197370 infeasible  172        11.88086   11.56659  2.65%  83.2  636s
 377550 199222   11.69649  158  592   11.88086   11.56667  2.64%  83.2  641s
 381364 201091 infeasible  169        11.88086   11.56675  2.64%  83.1  645s
 385034 203111   11.73029  163  590   11.88086   11.56682  2.64%  83.1  650s
 388472 204806   11.81145  160  598   11.88086   11.56683  2.64%  83.1  655s
 391943 206485   11.81093  171  575   11.88086   11.56687  2.64%  83.2  660s
 395993 208373     cutoff  177        11.88086   11.56695  2.64%  83.1  666s
 399531 210088 infeasible  183        11.88086   11.56698  2.64%  83.2  670s
 403198 211919   11.74215  162  598   11.88086   11.56707  2.64%  83.2  675s
 407021 213643   11.73651  159  593   11.88086   11.56713  2.64%  83.1  680s
 410491 215336   11.83784  171  580   11.88086   11.56719  2.64%  83.2  685s
 414090 217224   11.86389  181  566   11.88086   11.56725  2.64%  83.2  690s
 419818 219944   11.84755  180  582   11.88086   11.56733  2.64%  83.1  697s
 421367 220804   11.81567  161  607   11.88086   11.56735  2.64%  83.2  702s
 422853 221805   11.69154  159  592   11.88086   11.56737  2.64%  83.3  705s
 426695 223811 infeasible  161        11.88086   11.56740  2.64%  83.4  711s
 430016 225593 infeasible  178        11.88086   11.56747  2.64%  83.5  716s
 434008 227598   11.84581  171  567   11.88086   11.56754  2.64%  83.5  721s
 437925 229463   11.84811  163  575   11.88086   11.56764  2.64%  83.4  726s
 441649 231326 infeasible  177        11.88086   11.56773  2.64%  83.4  730s
 445297 233099   11.87285  172  592   11.88086   11.56780  2.64%  83.4  735s
 449339 234968   11.72529  163  581   11.88086   11.56790  2.63%  83.3  740s
 452957 236556   11.76956  164  581   11.88086   11.56797  2.63%  83.3  745s
 458519 239246   11.85255  171  548   11.88086   11.56814  2.63%  83.2  752s
 462446 240937   11.78559  164  577   11.88086   11.56827  2.63%  83.1  757s
 465687 242810   11.78674  175  583   11.88086   11.56836  2.63%  83.2  762s
 469293 244592     cutoff  171        11.88086   11.56844  2.63%  83.2  767s
 472943 246507 infeasible  189        11.88086   11.56853  2.63%  83.2  771s
 476587 248296   11.67666  154  594   11.88086   11.56861  2.63%  83.2  776s
 480104 249982     cutoff  179        11.88086   11.56870  2.63%  83.3  781s
 483761 251734   11.73331  163  583   11.88086   11.56877  2.63%  83.3  787s
 485881 252752   11.87285  179  541   11.88086   11.56883  2.63%  83.3  790s
 489582 254301     cutoff  175        11.88086   11.56891  2.63%  83.2  796s
 493133 255918   11.80925  168  555   11.88086   11.56901  2.62%  83.3  802s
 495041 256571   11.87687  171  573   11.88086   11.56905  2.62%  83.2  805s
 498803 258207   11.84469  167  588   11.88086   11.56915  2.62%  83.2  811s
 502250 260012 infeasible  190        11.88086   11.56925  2.62%  83.3  816s
 505790 261654   11.83160  163  578   11.88086   11.56930  2.62%  83.3  821s
 508756 263355   11.85701  170  575   11.88086   11.56935  2.62%  83.5  826s
 512562 265406 infeasible  170        11.88086   11.56942  2.62%  83.6  831s
 516032 266923     cutoff  168        11.88086   11.56948  2.62%  83.6  836s
 519658 269048   11.72847  158  591   11.88086   11.56955  2.62%  83.7  842s
 521165 269932   11.86533  181  560   11.88086   11.56955  2.62%  83.8  845s
 524606 271709   11.85633  164  553   11.88086   11.56956  2.62%  84.0  851s
 528586 273609   11.87932  168  564   11.88086   11.56967  2.62%  84.0  856s
 530714 274666     cutoff  162        11.88086   11.56974  2.62%  84.0  863s
 532489 275710   11.74050  163  592   11.88086   11.56977  2.62%  84.1  866s
 536368 277475   11.82185  170  591   11.88086   11.56984  2.62%  84.1  871s
 540498 279305   11.75833  162  588   11.88086   11.56991  2.62%  84.1  876s
 544405 281155   11.78054  166  583   11.88086   11.56999  2.62%  84.1  882s
 547681 283150   11.80786  166  573   11.88086   11.57003  2.62%  84.2  887s
 551588 285317   11.86807  183  569   11.88086   11.57011  2.62%  84.2  892s
 553578 286234   11.79106  162  589   11.88086   11.57015  2.62%  84.2  895s
 555237 287073   11.72833  159  591   11.88086   11.57017  2.62%  84.2  900s
 558768 289152   11.77245  163  580   11.88086   11.57025  2.61%  84.3  905s
 562598 290827 infeasible  187        11.88086   11.57030  2.61%  84.3  911s
 566464 292741     cutoff  170        11.88086   11.57040  2.61%  84.3  916s
 570451 294331   11.79041  164  578   11.88086   11.57049  2.61%  84.3  921s
 574422 296244   11.69304  155  602   11.88086   11.57053  2.61%  84.2  926s
 578062 298155   11.86417  170  565   11.88086   11.57061  2.61%  84.3  931s
 581576 299905   11.84757  174  573   11.88086   11.57065  2.61%  84.3  936s
 585448 301777 infeasible  169        11.88086   11.57074  2.61%  84.3  941s
 589255 303659   11.67605  157  594   11.88086   11.57080  2.61%  84.2  946s
 592727 305166   11.67562  160  596   11.88086   11.57087  2.61%  84.2  951s
 595861 307157   11.83221  171  574   11.88086   11.57094  2.61%  84.3  956s
 599494 308846   11.75936  163  590   11.88086   11.57099  2.61%  84.3  961s
 602985 310558   11.78565  167  574   11.88086   11.57109  2.61%  84.4  966s
 606756 312302   11.78677  169  598   11.88086   11.57117  2.61%  84.4  971s
 610595 314300   11.73194  160  583   11.88086   11.57125  2.61%  84.4  976s
 613794 316106   11.74145  161  599   11.88086   11.57128  2.61%  84.5  982s
 615507 317013   11.81731  169  575   11.88086   11.57129  2.61%  84.6  985s
 619227 319007   11.79144  167  584   11.88086   11.57136  2.61%  84.6  990s
 622499 320748   11.87848  172  559   11.88086   11.57140  2.60%  84.7  995s
 625855 322678     cutoff  178        11.88086   11.57144  2.60%  84.8 1000s
 629440 324603   11.73684  164  582   11.88086   11.57150  2.60%  85.0 1005s
 633696 326629     cutoff  177        11.88086   11.57158  2.60%  84.9 1010s
 637884 328341     cutoff  180        11.88086   11.57165  2.60%  84.9 1015s
 641525 330349   11.80292  165  591   11.88086   11.57174  2.60%  84.9 1021s
 645356 332153   11.86540  170  552   11.88086   11.57179  2.60%  84.9 1026s
 649051 333613   11.81823  164  594   11.88086   11.57187  2.60%  84.8 1031s
 652674 335519   11.75341  159  595   11.88086   11.57194  2.60%  84.9 1036s
 656188 337287   11.83835  174  550   11.88086   11.57199  2.60%  84.9 1041s
 659459 338991     cutoff  181        11.88086   11.57206  2.60%  85.0 1047s
 661496 339912 infeasible  159        11.88086   11.57210  2.60%  84.9 1050s
 665117 341839   11.74734  161  595   11.88086   11.57219  2.60%  85.0 1056s
 668907 343468   11.80545  168  597   11.88086   11.57228  2.60%  85.0 1061s
 672556 345078   11.69497  160  590   11.88086   11.57234  2.60%  85.0 1066s
 676047 346856   11.83430  180  561   11.88086   11.57241  2.60%  85.1 1071s
 679777 348693   11.82278  163  591   11.88086   11.57248  2.60%  85.1 1076s
 683578 350262   11.84312  168  593   11.88086   11.57254  2.60%  85.0 1081s
 686990 352142   11.57259  156  600   11.88086   11.57258  2.59%  85.1 1087s
 690393 354115     cutoff  182        11.88086   11.57264  2.59%  85.2 1092s
 694323 355849 infeasible  170        11.88086   11.57271  2.59%  85.2 1097s
 698286 357680   11.81586  166  585   11.88086   11.57279  2.59%  85.1 1101s
 701686 359508   11.69427  154  604   11.88086   11.57284  2.59%  85.2 1106s
 705308 361336   11.85242  182  550   11.88086   11.57289  2.59%  85.2 1111s
 709135 362829     cutoff  169        11.88086   11.57298  2.59%  85.2 1115s
 712360 364580     cutoff  176        11.88086   11.57304  2.59%  85.3 1120s
 716023 366470     cutoff  180        11.88086   11.57312  2.59%  85.4 1126s
 719486 368289   11.82854  178  565   11.88086   11.57317  2.59%  85.4 1132s
 723317 369941   11.69616  157  595   11.88086   11.57327  2.59%  85.5 1137s
 724974 370654   11.81567  164  578   11.88086   11.57329  2.59%  85.5 1140s
 728180 372427   11.82569  163  593   11.88086   11.57337  2.59%  85.6 1145s
 732116 374299   11.68957  166  581   11.88086   11.57347  2.59%  85.6 1150s
 735926 375917 infeasible  168        11.88086   11.57353  2.59%  85.6 1156s
 739323 377616     cutoff  167        11.88086   11.57359  2.59%  85.7 1162s
 741115 378597 infeasible  160        11.88086   11.57359  2.59%  85.8 1165s
 744533 380272   11.87991  172  563   11.88086   11.57363  2.59%  85.9 1171s
 748581 382024     cutoff  183        11.88086   11.57374  2.59%  85.8 1175s

Cutting planes:
  Implied bound: 2
  MIR: 1
  Flow cover: 2
  RLT: 50

Explored 749717 nodes (64361927 simplex iterations) in 1175.66 seconds (989.01 work units)
Thread count was 12 (of 12 available processors)

Solution count 1: 11.8809 

Solve interrupted
Best objective 1.188086363725e+01, best bound 1.157376999887e+01, gap 2.5848%
