
Gurobi 11.0.2 (win64) logging started Sun Nov 24 09:19:33 2024

Set parameter LogFile to value ".\Experiments\Verification_16_eps0.0001_focus\Logs\vit_12_2_6_12_i4_r1_c4.log"
Set parameter TimeLimit to value 43200
Gurobi Optimizer version 11.0.2 build v11.0.2rc0 (win64 - Windows 10.0 (19045.2))

CPU model: Intel(R) Core(TM) i7-10750H CPU @ 2.60GHz, instruction set [SSE2|AVX|AVX2]
Thread count: 6 physical cores, 12 logical processors, using up to 12 threads

Optimize a model with 7383 rows, 7591 columns and 28506 nonzeros
Model fingerprint: 0x4a1ece7d
Model has 2150 quadratic constraints
Model has 420 general constraints
Variable types: 7291 continuous, 300 integer (300 binary)
Coefficient statistics:
  Matrix range     [1e-05, 2e+02]
  QMatrix range    [1e+00, 1e+00]
  QLMatrix range   [1e+00, 1e+00]
  Objective range  [1e+00, 1e+00]
  Bounds range     [1e-310, 1e+03]
  RHS range        [4e-05, 6e+02]
  QRHS range       [1e-06, 1e-06]
Presolve removed 4124 rows and 3920 columns
Presolve time: 0.14s
Presolved: 11867 rows, 3672 columns, 39468 nonzeros
Presolved model has 1883 bilinear constraint(s)
Presolved model has 268 nonlinear constraint(s)

Solving non-convex MINLP

Variable types: 3444 continuous, 228 integer (226 binary)

Root relaxation: objective 7.456083e+01, 5565 iterations, 0.53 seconds (0.82 work units)

    Nodes    |    Current Node    |     Objective Bounds      |     Work
 Expl Unexpl |  Obj  Depth IntInf | Incumbent    BestBd   Gap | It/Node Time

     0     0   74.56083    0 1448          -   74.56083      -     -    1s
     0     0   74.56083    0 1426          -   74.56083      -     -    2s
     0     0   74.56083    0 1396          -   74.56083      -     -    2s
     0     0   74.56083    0 1393          -   74.56083      -     -    3s
     0     0   74.56083    0 1359          -   74.56083      -     -    4s
     0     0   74.56083    0 1419          -   74.56083      -     -    5s
     0     0   74.56083    0 1396          -   74.56083      -     -    6s
     0     0   74.56083    0 1376          -   74.56083      -     -    9s
     0     0   74.56083    0 1357          -   74.56083      -     -   10s
     0     0   74.56083    0 1354          -   74.56083      -     -   16s
     0     2   74.56083    0 1354          -   74.56083      -     -   54s
     3     6 infeasible    2               -   74.56083      -  4106   75s
    13    18   74.56083    4 1406          -   74.56083      -  9349   81s
    73    93   74.56083   11 1437          -   74.56083      -  2805   89s
    98   184 infeasible   14               -   74.56083      -  2673   96s
   205   311   74.56083   23 1425          -   74.56083      -  1864  109s
   344   432   74.56083   40 1421          -   74.56083      -  1747  130s
   467   677   74.56083   53 1401          -   74.56083      -  2130  164s
   720  1095   74.56083   74 1423          -   74.56083      -  1924  201s
  1158  1423   74.56083  117 1444          -   74.56083      -  1756  236s
  1540  1852   74.56083  168 1490          -   74.56083      -  1676  274s
  2067  2093   74.56083   37 1427          -   74.56083      -  1512  306s
  2358  2458   74.56083   84 1424          -   74.56083      -  1534  342s
  2755  2810   74.56083  146 1460          -   74.56083      -  1527  380s
  3163  3047 infeasible  208               -   74.56083      -  1502  420s
  3484  3252   74.56083  225 1439          -   74.56083      -  1497  462s
  3761  3447 infeasible  237               -   74.56083      -  1502  505s
  4194  3658 infeasible  244               -   74.56083      -  1514  544s
  4471  3660   74.56083   64    0          -   74.56083      -  1593  548s
  4472  3660   74.56082  148   63          -   74.56082      -  1593  561s
  4474  3662   74.55951  199   51          -   74.56082      -  1592  565s
  4477  3664   74.56082   57    0          -   74.56082      -  1591  571s
  4481  3666   74.56082  316    6          -   74.56082      -  1589  575s
  4485  3670   74.56012  115   19          -   74.56079      -  1602  589s
  4486  3671   74.56066  186   23          -   74.56079      -  1601  590s
  4492  3675   74.56079   58    4          -   74.56079      -  1599  595s
  4494  3676   74.56079  156    3          -   74.56079      -  1598  969s
  4496  3679   74.56079  140    0          -   74.56079      -  1609  972s
  4497  3680   74.56079   14    0          -   74.56079      -  1608  975s
  4507  3688   51.38964   36    0          -   51.38964      -  1608  980s
  4509  3689   29.54498  105    2          -   29.54498      -  1607  987s
  4520  3698   27.50062  111    0          -   27.50062      -  1606  991s
  4522  3699   23.20989   94    2          -   23.20989      -  1605  995s
  4533  3708   21.09001   76    0          -   21.09001      -  1603 1001s
  4536  3710   20.42857  115    1          -   20.42857      -  1602 1005s
  4547  3718   18.58173  108    3          -   18.58173      -  1601 1011s
  4558  3727   17.28822  245    0          -   17.28822      -  1599 1016s
  4571  3737   16.62978   64    0          -   16.62978      -  1597 1024s
  4572  3737   16.62978  148    3          -   16.62978      -  1597 1026s
  4584  3747   15.53721  124    0          -   15.53721      -  1595 1032s
  4587  3749   15.53721  241    2          -   15.53721      -  1594 1035s
  4596  3756   15.39988  140    0          -   15.39988      -  1593 1040s
  4605  3762   15.27865  190    1          -   15.27865      -  1590 1244s
H 4605  3573                      -9.5227620   15.27865   260%  1590 1300s
  4657  3597   -9.50629  139  214   -9.52276   -9.49874  0.25%  1583 1305s
  4967  3572   -9.52191  158  150   -9.52276   -9.49874  0.25%  1500 1310s
  5000  3572   -9.52191  160  136   -9.52276   -9.49874  0.25%  1492 1315s
  5330  3529     cutoff  144        -9.52276   -9.50139  0.22%  1413 1320s
  5853  3443   -9.51740  143  216   -9.52276   -9.51275  0.11%  1301 1325s
  6519  3336   -9.51909  144  229   -9.52276   -9.51494  0.08%  1182 1330s
  7167  3307   -9.52197  160  139   -9.52276   -9.51840  0.05%  1089 1335s
  7691  3337   -9.52254  220   56   -9.52276   -9.51840  0.05%  1028 1340s
  8163  3313   -9.52193  160  149   -9.52276   -9.51972  0.03%   981 1345s
  8586  3419   -9.52233  158  148   -9.52276   -9.52159  0.01%   943 1352s
  9049  3396   -9.52215  168  121   -9.52276   -9.52165  0.01%   904 1356s
  9449  3410   -9.52252  171  112   -9.52276   -9.52166  0.01%   875 1360s
  9858  3424     cutoff  187        -9.52276   -9.52167  0.01%   848 1365s
 10374  3387     cutoff  155        -9.52276   -9.52168  0.01%   815 1370s
 10871  3369   -9.52216  180  109   -9.52276   -9.52168  0.01%   787 1375s
 11369  3403   -9.52216  162  124   -9.52276   -9.52172  0.01%   761 1380s
 11853  3377   -9.52214  164  109   -9.52276   -9.52172  0.01%   739 1385s
 12260  3328     cutoff  170        -9.52276   -9.52181  0.01%   724 1391s

Cutting planes:
  RLT: 63

Explored 12693 nodes (9012727 simplex iterations) in 1391.39 seconds (2293.86 work units)
Thread count was 12 (of 12 available processors)

Solution count 1: -9.52276 

Optimal solution found (tolerance 1.00e-04)
Best objective -9.522761980964e+00, best bound -9.521814783565e+00, gap 0.0099%
