
Gurobi 11.0.2 (win64) logging started Mon Nov 25 03:02:40 2024

Set parameter LogFile to value ".\Experiments\Verification_16_eps0.0001_focus\Logs\vit_12_4_6_12_i4_r1_c1.log"
Set parameter TimeLimit to value 43200
Gurobi Optimizer version 11.0.2 build v11.0.2rc0 (win64 - Windows 10.0 (19045.2))

CPU model: Intel(R) Core(TM) i7-10750H CPU @ 2.60GHz, instruction set [SSE2|AVX|AVX2]
Thread count: 6 physical cores, 12 logical processors, using up to 12 threads

Optimize a model with 7563 rows, 14235 columns and 37826 nonzeros
Model fingerprint: 0xfe159753
Model has 4150 quadratic constraints
Model has 840 general constraints
Variable types: 13635 continuous, 600 integer (600 binary)
Coefficient statistics:
  Matrix range     [9e-05, 2e+02]
  QMatrix range    [1e+00, 1e+00]
  QLMatrix range   [1e+00, 1e+00]
  Objective range  [1e+00, 1e+00]
  Bounds range     [1e-04, 2e+03]
  RHS range        [1e-04, 2e+02]
  QRHS range       [1e-06, 1e-06]
Presolve removed 3965 rows and 6283 columns
Presolve time: 0.13s
Presolved: 21528 rows, 7953 columns, 73684 nonzeros
Presolved model has 3901 bilinear constraint(s)
Presolved model has 570 nonlinear constraint(s)

Solving non-convex MINLP

Variable types: 7311 continuous, 642 integer (642 binary)

Root relaxation: objective 6.753448e+01, 14163 iterations, 3.25 seconds (4.61 work units)

    Nodes    |    Current Node    |     Objective Bounds      |     Work
 Expl Unexpl |  Obj  Depth IntInf | Incumbent    BestBd   Gap | It/Node Time

     0     0   67.53448    0 3635          -   67.53448      -     -   10s
     0     0   67.53448    0 3848          -   67.53448      -     -   18s
     0     0   67.53448    0 3679          -   67.53448      -     -   18s
     0     0   67.53448    0 3461          -   67.53448      -     -   39s
     0     0   67.53448    0 3480          -   67.53448      -     -   39s
     0     0   67.53448    0 3378          -   67.53448      -     -   60s
     0     0   67.53448    0 3460          -   67.53448      -     -   77s
     0     0   67.53448    0 3437          -   67.53448      -     -   80s
     0     0   67.53448    0 3361          -   67.53448      -     -  117s
     0     0   67.53448    0 3485          -   67.53448      -     -  125s
     0     0   67.53448    0 3411          -   67.53448      -     -  162s
     0     2   67.53448    0 3411          -   67.53448      -     -  558s
     1     4   67.53448    1 3506          -   67.53448      - 18360  564s
     3     8   67.53448    2 3553          -   67.53448      - 16920  575s
     7    14   67.53448    3 3614          -   67.53448      - 16214  592s
    13    20   67.53448    4 3575          -   67.53448      - 17499  608s
    19    26   67.53448    4 3514          -   67.53448      - 15920  613s
    31    43   67.53448    6 3510          -   67.53448      - 10219  615s
    42    61   67.53448    7 3512          -   67.53448      -  7634  638s
    60   148   67.53448   11 3448          -   67.53448      -  7244  662s
   151   338   67.53448   33 3407          -   67.53448      -  3356  728s
   345   452   67.53448   61 3408          -   67.53448      -  2272  844s
   459   981   67.53448   71 3403          -   67.53448      -  3157  989s
  1016  1402   67.53448  142 3292          -   67.53448      -  2024 1122s
  1455  1858   67.53448  161 3297          -   67.53448      -  1817 1262s
  1927  2114 infeasible  245               -   67.53448      -  1653 1410s
  2201  2511   67.53448  104 3384          -   67.53448      -  1641 1564s
  2622  2806   67.53448  133 3418          -   67.53448      -  1641 1745s
  2931  3194   67.53415  183 3349          -   67.53448      -  1698 1903s
  3343  3694   67.53423  256 3286          -   67.53448      -  1647 2071s
  3863  4045   67.53423  368 3221          -   67.53448      -  1622 2245s
  4256  4351 infeasible  381               -   67.53448      -  1651 2474s
  4596  4617   67.53423  381 3244          -   67.53448      -  1741 2704s
  4896  4737   67.51103   46 3406          -   67.53448      -  1812 2932s
  5050  5077   67.51103   71 3377          -   67.53448      -  1916 3150s
  5438  5441   67.53448  146 3327          -   67.53448      -  1935 3389s
  5835  5442   67.50692  358    3          -   67.53448      -  1953 3501s
  5836  5443   67.53448  237    3          -   67.53448      -  1953 3506s
  5837  5443   67.53448  173   10          -   67.53448      -  1953 3531s
  5838  5444   67.53448  258  141          -   67.53448      -  1952 3566s
  5840  5445   67.53448  162    3          -   67.53448      -  1952 3595s
  5842  5447   67.50692  469    2          -   67.53448      -  1951 3616s
  5843  5447   67.53409  321   36          -   67.53448      -  1951 3620s
  5844  5448   67.53448  228    4          -   67.53448      -  1950 3638s
  5845  5449   67.51077  191   26          -   67.53448      -  1950 3640s
  5846  5449   67.51077  180    3          -   67.53448      -  1950 3663s
  5849  5453   67.53448  121    3          -   67.53448      -  1987 3668s
  5850  5453   67.50692  586    4          -   67.53448      -  1986 3691s
  5851  5454   67.38674  246   94          -   67.53448      -  1986 3718s
  5852  5455   67.53441  236   69          -   67.53448      -  1986 3720s
  5853  5455   67.38674  343    5          -   67.53448      -  1985 3732s
  5855  5457   67.53409  229    1          -   67.53448      -  1985 3753s
  5856  5457   67.45215  365   38          -   67.53448      -  1984 3756s
  5857  5458   67.53448  260    2          -   67.53448      -  1984 3776s
  5858  5459   67.53409  332   49          -   67.53448      -  1984 3781s
  5859  5459   67.46352  335    2          -   67.53448      -  1983 5640s
  5861  5462   67.51077  170    3          -   67.53448      -  2009 5651s
  5863  5463   67.53448  180    2          -   67.53448      -  2008 5669s
  5864  5464   67.49234  194   94          -   67.53448      -  2008 5728s
  5865  5465   67.50692  577   59          -   67.53448      -  2008 5732s
  5866  5465   67.38674  541    0          -   67.53448      -  2007 5748s
  5867  5466   67.50692  445   23          -   67.53448      -  2007 5751s
  5868  5467   67.53448  250    0          -   67.53448      -  2007 5758s
  5869  5467   67.53441  200   24          -   67.53448      -  2006 5761s
  5870  5468   67.53441  115    0          -   67.53448      -  2006 5767s
  5872  5469   67.53448   81    0          -   67.53448      -  2005 7571s
  5874  5472   67.53448   65    3          -   67.53448      -  2038 7583s
  5875  5473   67.53448  199    3          -   67.53448      -  2037 7588s
  5876  5473   67.52318  125   25          -   67.53448      -  2037 7639s
  5877  5474   67.53448  240   42          -   67.53448      -  2037 7659s
  5878  5475   67.53448   76   27          -   67.53448      -  2036 7668s
  5879  5475   67.53448  280    0          -   67.53448      -  2036 7682s
  5880  5476   67.53448   93    8          -   67.53448      -  2036 7688s
  5881  5477   67.46267  349    0          -   67.53448      -  2035 7702s
  5882  5477   67.53448  239    7          -   67.53448      -  2035 7706s
  5883  5478   67.53448  245    0          -   67.53448      -  2035 7714s
  5884  5479   67.53448  282    8          -   67.53448      -  2034 7722s
  5885  5479   67.53448  124    0          -   67.53448      -  2034 9427s
  5887  5482   67.38674  275    3          -   67.53448      -  2070 9481s
  5889  5483   67.53448  272    1          -   67.53448      -  2069 9507s
  5890  5484   67.53448   82   35          -   67.53448      -  2069 9546s
  5891  5485   67.53448   43   17          -   67.53448      -  2069 9561s
  5892  5485   67.53441  113    1          -   67.53448      -  2068 9577s
  5893  5486   67.53448   47    2          -   67.53448      -  2068 9584s
  5894  5487   67.53441  152    0          -   67.53448      -  2067 9599s
  5895  5487   67.53448  115    3          -   67.53448      -  2067 9604s
  5896  5488   67.53448   29    0          -   67.53448      -  2067 9610s
  5898  5489   67.38674  447    2          -   67.53448      -  2066 11372s
  5900  5492   67.53448   63    3          -   67.53448      -  2104 11386s
  5902  5493   67.38674  134   39          -   67.53448      -  2103 11491s
  5903  5494   67.53441  113   27          -   67.53448      -  2103 11507s
  5904  5495   67.53448   45   17          -   67.53448      -  2103 11514s
  5905  5495   67.50692  405    4          -   67.53448      -  2102 11544s
  5906  5496   67.53448  255    6          -   67.53448      -  2102 11556s
  5907  5497   67.38674  351    0          -   67.53448      -  2101 11567s
  5908  5497   67.53448  100    1          -   67.53448      -  2101 11571s
  5909  5498   67.53448  222    5          -   67.53448      -  2101 11579s
  5910  5499   67.53448   63    4          -   67.53448      -  2100 11586s
  5911  5499   67.53448  125    3          -   67.53448      -  2100 13378s
  5913  5502   67.53448  105    3          -   67.53448      -  2150 13401s
  5915  5503   67.38674  267   21          -   67.53448      -  2150 13495s
  5916  5504   67.53448   51   28          -   67.53448      -  2149 13511s
  5917  5505   67.53448  158   24          -   67.53448      -  2149 13521s
  5918  5505   67.53448  192    5          -   67.53448      -  2149 13584s
  5919  5506   67.50692  452    5          -   67.53448      -  2148 13591s
  5920  5507   67.51077  213    3          -   67.53448      -  2148 13638s
  5921  5507   67.53448    5    5          -   67.53448      -  2148 13648s
  5922  5508   67.53448  137    7          -   67.53448      -  2147 13659s
  5923  5509   67.53448  281    5          -   67.53448      -  2147 13668s
  5924  5509   67.50692  293    5          -   67.53448      -  2146 15525s
  5926  5512   67.53448  295    3          -   67.53448      -  2213 15540s
  5927  5513   67.50692  358    3          -   67.53448      -  2212 15547s
  5928  5513   67.38666   61   26          -   67.50262      -  2212 15642s
  5931  5515   67.41175   97   27          -   67.41175      -  2211 15646s
  5940  5523   67.36852  162    3          -   67.36852      -  2239 15652s
  5941  5523   67.36852  179   72          -   67.36852      -  2238 15672s
  5943  5525   67.26192  321   25          -   67.26192      -  2238 15676s
  5953  5533   67.22239  343    3          -   67.22239      -  2242 15684s
  5954  5533   67.22239  417   62          -   67.22239      -  2242 15699s
  5955  5534   67.22239  229   42          -   67.22239      -  2241 15701s
  5958  5536   67.17142  332   29          -   67.17142      -  2240 15705s
  5967  5543   67.16631  445   74          -   67.16631      -  2245 15721s
  5969  5545   67.16631  200   36          -   67.16631      -  2244 15725s
  5976  5549   67.13259  125   35          -   67.13259      -  2241 17593s
  5977  5550   67.13259  240   35          -   67.13259      -  2241 18091s
  5978  5554   57.96066  128 1780          -   66.83547      -  2255 18599s
  5980  5557   57.96066  129 1779          -   66.83193      -  2254 18600s
  5984  5562   57.93704  130 1769          -   66.78892      -  2253 18622s
  5990  5566   51.77324  131 1796          -   66.62330      -  2267 18646s
  6002  5574   44.66013  132 1796          -   66.55481      -  2279 18653s
  6008  5579   57.89671  132 1772          -   66.55481      -  2281 18657s
  6015  5584   57.83789  133 1760          -   66.35527      -  2282 18662s
  6023  5591   52.96179  133 1775          -   66.35527      -  2283 18712s
  6043  5609   57.83627  135 1759          -   66.34103      -  2290 18721s
  6057  5621   57.83627  136 1759          -   66.34103      -  2290 18736s
  6074  5632   57.83626  137 1751          -   66.34103      -  2294 18754s
  6090  5633   31.96332  139 1736          -   66.34103      -  2303 18764s
  6097  5646   55.73809  140 1747          -   66.34103      -  2304 18772s
  6112  5654 infeasible  140               -   66.34103      -  2304 18776s
  6127  5663   55.73809  141 1747          -   66.34103      -  2302 18791s
  6151  5663   55.73809  144 1728          -   66.34103      -  2302 18808s
  6165  5670   55.73809  147 1724          -   66.34103      -  2311 18825s
  6179  5675   55.63352  149 1730          -   66.34103      -  2317 18843s
  6194  5697   55.63352  153 1730          -   66.34103      -  2325 18858s
  6223  5723   55.63352  157 1731          -   66.34103      -  2324 18861s
  6269  5734   55.63352  160 1734          -   66.34103      -  2311 18867s
  6315  5738 infeasible  165               -   66.34103      -  2298 18876s
  6359  5750   55.63352  168 1735          -   66.34103      -  2289 18891s
  6415  5757   55.63352  174 1733          -   66.34103      -  2278 18908s
  6471  5756 infeasible  181               -   66.34103      -  2269 18930s
  6513  5759   41.34733  139 1717          -   66.34103      -  2273 18949s
  6534  5773 infeasible  140               -   66.34103      -  2278 19003s
  6581  5792   25.43410  138 1790          -   66.34103      -  2290 19024s
  6627  5800   23.92356  138 1789          -   66.34103      -  2291 19044s
  6667  5824   58.57426  138 1774          -   66.34103      -  2289 19062s
  6716  5837   62.29642  140 1772          -   66.34103      -  2284 19073s
  6767  5847   62.01423  145 1678          -   66.34103      -  2277 19097s
  6818  5885   62.16294  145 1768          -   66.34103      -  2275 19120s
  6901  5888 infeasible  159               -   66.34103      -  2263 19138s
  6964  5902 infeasible  169               -   66.34103      -  2256 19161s
  7015  5910   25.46134  171 1822          -   66.34103      -  2260 19184s
  7056  5915   38.52137  171 1747          -   66.34103      -  2259 19207s
  7091  5942 infeasible  174               -   66.34103      -  2264 19229s
  7161  5949   15.12323  182 1744          -   66.34103      -  2259 19254s
  7204  5968   11.73396  186 1768          -   66.34103      -  2265 19286s
  7237  5976   10.21316  189 1740          -   66.34103      -  2278 19302s
  7284  5991 infeasible  192               -   66.33786      -  2277 19330s
  7347  6029   25.35578  139 1790          -   65.66048      -  2285 19355s
  7432  6015   23.86342  139 1790          -   65.66048      -  2278 19382s
  7460  6026   58.43114  139 1801          -   65.66048      -  2292 19408s
  7504  6055   62.29611  140 1806          -   65.66048      -  2297 19433s
  7584  6110   62.29333  141 1803          -   65.66048      -  2288 19460s
  7704  6145   62.16128  147 1780          -   65.66048      -  2272 19500s
  7829  6151   38.48497  172 1720          -   65.66048      -  2264 19538s
  7898  6141   34.45007  203 1746          -   65.66048      -  2268 19579s
  7947  6158 infeasible  207               -   65.65231      -  2280 19622s
  8017  6179   60.70020  137 1770          -   65.65231      -  2293 19667s
  8081  6200   28.46311  141 1704          -   65.65231      -  2308 19703s
  8133  6260   62.72405  141 1799          -   65.65231      -  2320 19813s
  8277  6250   62.72403  141 1790          -   65.65231      -  2315 19859s
  8363  6239   28.46312  141 1708          -   65.65231      -  2322 19912s
  8426  6315   62.59780  142 1782          -   65.65231      -  2339 19950s
  8561  6368   62.39033  172 1738          -   65.63669      -  2330 20001s
  8727  6358   62.73714  151 1809          -   65.63669      -  2321 20059s
  8837  6419 infeasible  153               -   65.63669      -  2328 20113s
  8968  6400   16.15130  159 1810          -   65.63669      -  2333 20172s
  9029  6475   60.78772  160 1798          -   65.63669      -  2352 20232s
  9162  6515 infeasible  184               -   65.63669      -  2355 20295s
  9357  6556   63.21377  166 1751          -   65.63669      -  2343 20347s
  9513  6590   57.65789  186 1762          -   65.63669      -  2339 20401s
  9669  6620   13.10132  191 1733          -   65.63669      -  2336 20461s
  9805  6646   63.36946  142 1767          -   65.63669      -  2339 20519s
  9932  6725   63.23334  162 1731          -   65.63669      -  2344 20587s
 10129  6808   56.10798  167 1765          -   65.63669      -  2336 20648s
 10348  6871   25.77773  178 1739          -   65.63669      -  2322 20721s
 10584  6933   14.99706  190 1737          -   65.63448      -  2307 20794s
 10809  7021   23.77468  144 1723          -   65.63448      -  2298 20870s
 11018  7081   16.24998  150 1730          -   65.63448      -  2298 20954s
 11187  7191    7.72112  163 1734          -   65.63448      -  2308 21025s
 11520  7198    7.75259  186 1702          -   65.63448      -  2282 21130s
 11688  7258    7.11659  198 1675          -   65.63448      -  2296 21236s
 11842  7362    6.94980  205 1776          -   65.62655      -  2315 21333s
 12129  7410   65.48291  149 1750          -   65.62655      -  2306 21452s
 12347  7546   14.95452  155 1721          -   65.62655      -  2325 21582s
 12653  7564   35.81342  174 1758          -   65.62595      -  2328 21720s
 12851  7723   65.47538  148 1735          -   65.62595      -  2356 21863s
 13174  7808   61.75753  158 1789          -   65.62595      -  2363 22001s
 13493  7865   18.37773  151 1756          -   65.62595      -  2371 22156s
 13774  7883   65.48285  145 1780          -   65.62595      -  2387 22322s
 14016  7811   61.75753  155 1761          -   65.62595      -  2416 23522s
 14025  8056   61.75753  156 1767          -   65.62090      -  2420 23691s
 14481  8107   45.34811  163 1718          -   65.62090      -  2412 23852s
 14856  8207   65.43808  163 1767          -   65.62090      -  2417 24031s
 15167  8303   60.66502  164 1758          -   65.62090      -  2437 24225s
 15538  8453   65.51951  142 1787          -   65.62066      -  2455 24420s
 15974  8505   18.21666  164 1750          -   65.62050      -  2459 24620s
 16361  8617   65.62043  144 1780          -   65.62050      -  2473 24824s
 16710  8774   61.63998  156 1818          -   65.62050      -  2494 25031s
 17094  8879   65.48285  158 1766          -   65.62050      -  2511 25252s
 17519  9092   61.65688  169 1773          -   65.62045      -  2526 25472s
 18117  9078 infeasible  151               -   65.62045      -  2516 25711s
 18465  9214   63.16141  150 1822          -   65.62045      -  2549 25935s
 18953  9310 infeasible  178               -   65.62045      -  2553 26178s
 19439  9386   59.16403  174 1774          -   65.62045      -  2566 26437s
 19891  9527   61.98461  160 1825          -   65.62043      -  2588 26706s
 20427  9659   17.27907  143 1721          -   65.62026      -  2598 26972s
 20984  9824   61.09457  149 1791          -   65.62009      -  2607 27242s
 21642  9885   63.05159  148 1768          -   65.61981      -  2600 27514s
 22175 10035   60.65234  153 1779          -   65.61980      -  2609 27785s
 22802 10226 infeasible  188               -   65.61904      -  2609 28049s
 23394 10537   62.65546  177 1754          -   65.57042      -  2610 28336s
 24035 10976   33.10260  145 1807          -   65.56998      -  2615 28614s
 24768 11452   14.83786  151 1748          -   65.56969      -  2605 28888s
 25634 11733    6.87169  208 1775          -   65.56822      -  2582 29154s
 26229 12052   57.43054  151 1777          -   65.56821      -  2585 29419s
 26830 12322   62.64713  149 1792          -   65.56821      -  2587 29701s
 27388 12701   19.66093  156 1732          -   65.55940      -  2591 29968s
 28215 13098   65.53554  152 1791          -   65.55940      -  2574 30226s
 28928 13457   62.46275  175 1747          -   65.55781      -  2565 30484s
 29653 13754   57.90257  150 1786          -   65.55744      -  2556 30754s
 30268 14200   18.09664  154 1782          -   65.55410      -  2559 31010s
 31092 14426   65.51248  154 1749          -   65.55363      -  2541 31270s
 31590 14600   65.47678  165 1808          -   65.55220      -  2550 31540s
 31872 14885   65.48879  144 1795          -   65.55220      -  2577 31832s
 32289 15093   61.69483  156 1825          -   65.53962      -  2594 32166s
 32653 15375   65.48084  164 1781          -   65.53925      -  2614 32617s
 33103 15767   65.48879  152 1782          -   65.53890      -  2652 33094s
 33783 16198   61.26850  172 1794          -   65.53878      -  2673 33583s
 34538 16595   61.86768  169 1784          -   65.53878      -  2686 34064s
 35157 17000   61.97900  163 1813          -   65.53878      -  2712 34554s
 35876 17424   65.51860  161 1808          -   65.53878      -  2728 35081s
 36546 17856   30.69063  177 1761          -   65.53878      -  2749 35620s
 37310 18185 infeasible  174               -   65.53831      -  2767 36176s
 37905 18588   65.51750  163 1786          -   65.53831      -  2793 36796s
 38652 19063   11.83309  174 1803          -   65.53754      -  2813 37349s
 39557 19450   65.48859  165 1765          -   65.53746      -  2818 37915s
 40232 19834   65.48167  166 1752          -   65.53746      -  2842 38466s
 40882 20214   61.68958  170 1820          -   65.53746      -  2868 39039s
 41598 20698   15.62973  169 1767          -   65.53746      -  2886 39597s
 42396 21215   65.47843  165 1728          -   65.53746      -  2900 40164s
 43277 21683 infeasible  166               -   65.53746      -  2910 40742s
 44007 22151   65.51245  165 1733          -   65.53746      -  2930 41360s
 44909 22626   14.80360  173 1766          -   65.53746      -  2938 41947s
 45698 23081   61.47173  178 1781          -   65.53746      -  2956 42541s
 46559 23558   65.48859  165 1785          -   65.53746      -  2966 43136s
 47274 23630   65.48249  170 1763          -   65.53746      -  2986 43200s

Cutting planes:
  Learned: 10
  Implied bound: 31
  MIR: 20
  Flow cover: 25
  RLT: 841
  Relax-and-lift: 15

Explored 47382 nodes (141721644 simplex iterations) in 43200.05 seconds (65645.28 work units)
Thread count was 12 (of 12 available processors)

Solution count 0

Time limit reached
Best objective -, best bound 6.553745541912e+01, gap -
