
Gurobi 11.0.2 (win64) logging started Sat Nov 23 17:36:52 2024

Set parameter LogFile to value ".\Experiments\Reactor__\Logs\reactor_r1_c1.log"
Set parameter TimeLimit to value 43200
Gurobi Optimizer version 11.0.2 build v11.0.2rc0 (win64 - Windows 10.0 (19045.2))

CPU model: Intel(R) Core(TM) i7-10750H CPU @ 2.60GHz, instruction set [SSE2|AVX|AVX2]
Thread count: 6 physical cores, 12 logical processors, using up to 12 threads

Optimize a model with 81381 rows, 179643 columns and 869291 nonzeros
Model fingerprint: 0x4feee935
Model has 32011 quadratic constraints
Model has 884 general constraints
Variable types: 179255 continuous, 388 integer (388 binary)
Coefficient statistics:
  Matrix range     [1e-13, 3e+03]
  QMatrix range    [1e+00, 1e+00]
  QLMatrix range   [1e+00, 1e+00]
  Objective range  [1e+00, 1e+00]
  Bounds range     [1e-13, 6e+02]
  RHS range        [4e-11, 3e+03]
  QRHS range       [1e-05, 1e+00]
Warning: Model contains large matrix coefficient range
         Consider reformulating model or setting NumericFocus parameter
         to avoid numerical issues.
Presolve removed 23379 rows and 131424 columns
Presolve time: 2.42s
Presolved: 185851 rows, 48220 columns, 1098967 nonzeros
Presolved model has 32011 bilinear constraint(s)
Presolved model has 884 nonlinear constraint(s)
Warning: Model contains variables with very large bounds participating
         in nonlinear terms.
         Presolve was not able to compute smaller bounds for these variables.
         Consider bounding these variables or reformulating the model.


Solving non-convex MINLP

Variable types: 48056 continuous, 164 integer (164 binary)

Explored 0 nodes (0 simplex iterations) in 137.95 seconds (146.22 work units)
Thread count was 12 (of 12 available processors)

Solution count 0

Solve interrupted
Best objective -, best bound 4.361761729599e-02, gap -
