
Gurobi 11.0.2 (win64) logging started Wed Oct  2 06:03:14 2024

Set parameter LogFile to value ".\Experiments\Track_k_e_2\Logs\track_k_e_2_r4_c2.log"
Set parameter TimeLimit to value 3600
Gurobi Optimizer version 11.0.2 build v11.0.2rc0 (win64 - Windows 10.0 (19045.2))

CPU model: Intel(R) Core(TM) i7-10750H CPU @ 2.60GHz, instruction set [SSE2|AVX|AVX2]
Thread count: 6 physical cores, 12 logical processors, using up to 12 threads

Optimize a model with 250 rows, 462 columns and 924 nonzeros
Model fingerprint: 0x4de56478
Model has 6 quadratic objective terms
Model has 68 quadratic constraints
Model has 116 general constraints
Variable types: 458 continuous, 4 integer (4 binary)
Coefficient statistics:
  Matrix range     [9e-06, 1e+02]
  QMatrix range    [1e+00, 1e+00]
  QLMatrix range   [1e+00, 1e+00]
  Objective range  [1e-02, 2e-01]
  QObjective range [2e+00, 2e+00]
  Bounds range     [8e-05, 9e+01]
  RHS range        [8e-05, 1e+02]
  QRHS range       [1e-06, 1e-06]
Presolve added 68 rows and 0 columns
Presolve removed 0 rows and 95 columns
Presolve time: 0.01s
Presolved: 559 rows, 376 columns, 1567 nonzeros
Presolved model has 4 quadratic objective terms
Presolved model has 57 bilinear constraint(s)
Presolved model has 4 nonlinear constraint(s)
Warning: Model contains variables with very large bounds participating
         in nonlinear terms.
         Presolve was not able to compute smaller bounds for these variables.
         Consider bounding these variables or reformulating the model.


Solving non-convex MINLP

Variable types: 284 continuous, 92 integer (92 binary)

Root relaxation: objective 2.058065e-04, 485 iterations, 0.00 seconds (0.00 work units)

    Nodes    |    Current Node    |     Objective Bounds      |     Work
 Expl Unexpl |  Obj  Depth IntInf | Incumbent    BestBd   Gap | It/Node Time

     0     0    0.00021    0   56          -    0.00021      -     -    0s
     0     0    0.00021    0   82          -    0.00021      -     -    0s
     0     0    0.00021    0   96          -    0.00021      -     -    0s
     0     0    0.00021    0   96          -    0.00021      -     -    0s
     0     0    0.00021    0   95          -    0.00021      -     -    0s
     0     0    0.00021    0   75          -    0.00021      -     -    0s
     0     2    0.00021    0   75          -    0.00021      -     -    0s
 17513  4124 infeasible   59               -    0.00021      -  23.9    5s
 43179  9715 infeasible   61               -    0.00021      -  24.8   10s
*61709  5564              76       0.0009913    0.00021  79.2%  26.1   14s
H63244  5425                       0.0009913    0.00021  79.2%  26.1   14s
 64239  5663     cutoff   64         0.00099    0.00021  79.2%  26.1   15s
H64580  5663                       0.0009913    0.00021  79.2%  26.1   15s
H69445  5410                       0.0008684    0.00021  76.3%  25.9   16s
H69528  5345                       0.0008635    0.00021  76.2%  26.0   16s
H72306  5738                       0.0008615    0.00021  76.1%  26.0   17s
H72311  5738                       0.0008615    0.00021  76.1%  26.0   17s
H72334  5382                       0.0008387    0.00021  75.5%  26.0   17s
H73641  5569                       0.0008380    0.00021  75.4%  26.0   18s
H73976  5477                       0.0008360    0.00021  75.4%  25.9   18s
H75781  5675                       0.0008355    0.00021  75.4%  25.8   19s
 80330  5917     cutoff   56         0.00084    0.00021  75.4%  25.7   20s
H90533  6836                       0.0008355    0.00021  75.4%  25.2   23s
 93560  7111 infeasible   58         0.00084    0.00021  75.4%  25.1   25s
H105293  8198                       0.0008355    0.00021  75.4%  25.1   28s
H106617  8289                       0.0008353    0.00021  75.4%  25.2   29s
H107243  8289                       0.0008353    0.00021  75.4%  25.2   29s
 108016  8483     cutoff   56         0.00084    0.00021  75.4%  25.2   30s
H119027  9142                       0.0008353    0.00021  75.4%  25.4   33s
 124659  9108    0.00022   51   36    0.00084    0.00021  75.4%  25.2   35s
 137697  9653    0.00021   38   48    0.00084    0.00021  75.2%  24.9   40s
H143358  9817                       0.0008353    0.00021  75.2%  24.9   41s
H145568 10270                       0.0008352    0.00021  75.2%  24.9   42s
H147271 10268                       0.0008352    0.00021  75.2%  24.9   42s
 154686 10652    0.00052   53   32    0.00084    0.00021  75.2%  24.8   45s
H171109 11377                       0.0008352    0.00021  75.2%  24.4   48s
 176302 11546     cutoff   66         0.00084    0.00021  75.2%  24.3   50s
H186000 11739                       0.0008352    0.00021  75.2%  24.0   52s
 198087 12358    0.00042   40   37    0.00084    0.00021  75.2%  23.9   55s
H200062 12358                       0.0008352    0.00021  75.2%  23.9   55s
 219028 13101    0.00021   50   35    0.00084    0.00021  75.1%  23.8   60s
 239786 12419 infeasible   57         0.00084    0.00021  74.7%  23.2   65s
 266027 11709    0.00025   45   34    0.00084    0.00025  70.6%  22.7   70s
 290831 12236    0.00043   43   40    0.00084    0.00025  70.6%  22.7   75s
 315599 12535    0.00030   51   38    0.00084    0.00025  70.6%  22.7   80s
 342540 11403    0.00043   63   28    0.00084    0.00027  67.3%  22.5   85s
 371019 12222     cutoff   48         0.00084    0.00028  65.9%  22.4   90s
 398076 12925     cutoff   45         0.00084    0.00028  65.9%  22.3   95s
 426966 12895     cutoff   53         0.00084    0.00028  65.9%  22.2  100s
 455594 10399    0.00041   52   36    0.00084    0.00040  52.5%  21.8  105s
 480154 11816    0.00040   42   35    0.00084    0.00040  52.5%  22.2  110s
 501735 12432 infeasible   49         0.00084    0.00040  52.5%  22.5  115s
 528861  9830 infeasible   63         0.00084    0.00052  37.6%  22.4  120s
 558775  5571 infeasible   64         0.00084    0.00072  14.1%  22.0  125s
 584810  2499     cutoff   48         0.00084    0.00083  0.55%  21.7  130s
 613122  1248 infeasible   71         0.00084    0.00084  0.02%  21.6  135s

Cutting planes:
  Gomory: 18
  Cover: 13
  Implied bound: 17
  Clique: 6
  MIR: 14
  StrongCG: 1
  Flow cover: 35
  RLT: 5
  Relax-and-lift: 8

Explored 630954 nodes (13554695 simplex iterations) in 138.17 seconds (72.81 work units)
Thread count was 12 (of 12 available processors)

Solution count 10: 0.00083523 0.000835231 0.00083525 ... 0.000861531

Optimal solution found (tolerance 1.00e-04)
Best objective 8.352295226890e-04, best bound 8.352295226890e-04, gap 0.0000%
