
Gurobi 11.0.2 (win64) logging started Tue Oct  1 18:01:28 2024

Set parameter LogFile to value ".\Experiments\Track_k_e_2\Logs\track_k_e_2_r2_c8.log"
Set parameter TimeLimit to value 3600
Gurobi Optimizer version 11.0.2 build v11.0.2rc0 (win64 - Windows 10.0 (19045.2))

CPU model: Intel(R) Core(TM) i7-10750H CPU @ 2.60GHz, instruction set [SSE2|AVX|AVX2]
Thread count: 6 physical cores, 12 logical processors, using up to 12 threads

Optimize a model with 250 rows, 462 columns and 924 nonzeros
Model fingerprint: 0x39541617
Model has 6 quadratic objective terms
Model has 68 quadratic constraints
Model has 116 general constraints
Variable types: 458 continuous, 4 integer (4 binary)
Coefficient statistics:
  Matrix range     [9e-06, 1e+02]
  QMatrix range    [1e+00, 1e+00]
  QLMatrix range   [1e+00, 1e+00]
  Objective range  [1e-02, 2e-01]
  QObjective range [2e+00, 2e+00]
  Bounds range     [8e-05, 9e+01]
  RHS range        [8e-05, 1e+02]
  QRHS range       [1e-06, 1e-06]
Presolve added 60 rows and 0 columns
Presolve removed 0 rows and 97 columns
Presolve time: 0.01s
Presolved: 551 rows, 374 columns, 1541 nonzeros
Presolved model has 2 SOS constraint(s)
Presolved model has 4 quadratic objective terms
Presolved model has 57 bilinear constraint(s)
Presolved model has 4 nonlinear constraint(s)
Warning: Model contains variables with very large bounds participating
         in nonlinear terms.
         Presolve was not able to compute smaller bounds for these variables.
         Consider bounding these variables or reformulating the model.


Solving non-convex MINLP

Variable types: 284 continuous, 90 integer (90 binary)

Root relaxation: objective 2.058065e-04, 449 iterations, 0.00 seconds (0.00 work units)

    Nodes    |    Current Node    |     Objective Bounds      |     Work
 Expl Unexpl |  Obj  Depth IntInf | Incumbent    BestBd   Gap | It/Node Time

     0     0    0.00021    0   57          -    0.00021      -     -    0s
     0     0    0.00021    0   77          -    0.00021      -     -    0s
     0     0    0.00021    0  102          -    0.00021      -     -    0s
     0     0    0.00021    0  102          -    0.00021      -     -    0s
     0     0    0.00021    0  105          -    0.00021      -     -    0s
     0     0    0.00021    0   62          -    0.00021      -     -    0s
     0     2    0.00021    0   62          -    0.00021      -     -    0s
 16599  6137    2.41945   55   52          -    0.00021      -  29.8    5s
 39873 13325    0.00021   40   58          -    0.00021      -  29.6   10s
 61478 19027    0.00021   73   58          -    0.00021      -  30.0   15s
 84683 26038    0.00022   72   56          -    0.00021      -  30.4   20s
 107768 33300    0.00054   72   55          -    0.00021      -  30.5   25s
 130478 39137    0.00021   81   51          -    0.00021      -  30.4   30s
 152189 45169    0.00021   60   30          -    0.00021      -  30.5   35s
 175223 50932    0.00960   68   43          -    0.00021      -  30.3   40s
 196756 57159    0.00268   77   39          -    0.00021      -  30.3   45s
 220348 63652    0.00046   82   33          -    0.00021      -  30.0   50s
 241824 69744    0.00140   93   29          -    0.00021      -  29.9   55s
 265761 77163    0.00091   77   34          -    0.00021      -  29.6   60s
 288754 83187 infeasible   62               -    0.00021      -  29.4   65s
 308627 88909    0.00021   55   53          -    0.00021      -  29.3   70s
 331785 94548    0.00021   48   56          -    0.00021      -  29.4   75s
 353035 100684 infeasible   56               -    0.00021      -  29.4   80s
 377145 107663 infeasible   74               -    0.00021      -  29.5   85s
 399392 114013 infeasible   70               -    0.00021      -  29.6   90s
 420659 121209 infeasible   67               -    0.00021      -  29.6   95s
 443447 128500 infeasible   63               -    0.00021      -  29.7  100s
 466241 135627    0.00021   55   48          -    0.00021      -  29.6  105s
 490019 142143 infeasible   64               -    0.00021      -  29.5  110s
 513026 147932 infeasible   62               -    0.00021      -  29.6  115s
 534780 154626 infeasible   68               -    0.00021      -  29.6  120s
 559275 161808 infeasible   73               -    0.00021      -  29.6  125s
 581602 168368    0.00024   86   58          -    0.00021      -  29.7  130s
 603897 174622    0.00021   61   58          -    0.00021      -  29.7  135s
 625920 179393    0.00021   76   37          -    0.00021      -  29.7  140s
 647307 185748    0.00153   71   49          -    0.00021      -  29.6  145s
 669621 191944 infeasible   66               -    0.00021      -  29.5  150s
 689336 197949    0.00021   82   54          -    0.00021      -  29.5  155s
 712467 204424    0.00071   67   56          -    0.00021      -  29.4  160s
 736886 211265    0.00321   67   32          -    0.00021      -  29.4  165s
 757819 216018    0.00021   54   49          -    0.00021      -  29.5  170s
 780488 220141    0.00023   98   55          -    0.00021      -  29.6  175s
 800389 223985    0.00101   66   51          -    0.00021      -  29.6  180s
 821478 228034 infeasible   81               -    0.00021      -  29.7  185s
 842538 232147    0.00228   90   31          -    0.00021      -  29.8  190s
 865631 239092    0.00022   69   58          -    0.00021      -  29.8  195s
 888992 245201 infeasible   63               -    0.00021      -  29.7  200s
 910415 251629 infeasible   48               -    0.00021      -  29.8  205s
 933630 258190 infeasible   69               -    0.00021      -  29.8  210s
 954903 263649    0.00021   53   55          -    0.00021      -  29.8  215s
 977044 268473 infeasible   67               -    0.00021      -  29.8  220s
 998769 273993 infeasible   57               -    0.00021      -  29.8  225s
 1018101 278877    0.00021   76   35          -    0.00021      -  29.9  230s
 1042513 285171 infeasible   77               -    0.00021      -  29.9  235s
 1062506 292033 infeasible   75               -    0.00021      -  30.0  240s
 1085132 299525    0.00150  103   41          -    0.00021      -  30.1  245s
 1105298 305194 infeasible   74               -    0.00021      -  30.1  250s
 1129010 311870    0.00021   61   48          -    0.00021      -  30.1  255s
*1147640 313453             100       3.4582061    0.00021   100%  30.1  258s
*1147642 313453             101       3.4582061    0.00021   100%  30.1  258s
*1151365 312450             141       1.9223687    0.00021   100%  30.1  259s
 1151851 313225 infeasible   57         1.92237    0.00021   100%  30.1  260s
H1154166 313231                       1.9223687    0.00021   100%  30.1  261s
H1155193 313640                       1.9223682    0.00021   100%  30.1  261s
H1161096 315451                       1.9223682    0.00021   100%  30.1  264s
H1161613 249626                       0.0016388    0.00021  87.4%  30.1  264s
 1162098 249820     cutoff   71         0.00164    0.00021  87.4%  30.1  265s
H1163525 103557                       0.0002104    0.00021  2.16%  30.1  265s
H1163766 83344                       0.0002059    0.00021  0.06%  30.1  265s
H1163822 82139                       0.0002059    0.00021  0.03%  30.1  265s
 1172674 83623     cutoff   62         0.00021    0.00021  0.03%  30.1  270s
H1172750 79207                       0.0002058    0.00021  0.00%  30.1  270s

Cutting planes:
  Gomory: 8
  Cover: 9
  Implied bound: 18
  Clique: 8
  MIR: 4
  StrongCG: 1
  Flow cover: 32
  RLT: 31
  Relax-and-lift: 13
  PSD: 2

Explored 1172860 nodes (35348851 simplex iterations) in 270.09 seconds (156.88 work units)
Thread count was 12 (of 12 available processors)

Solution count 7: 0.00020581 0.000205875 0.000205922 ... 3.45821

Optimal solution found (tolerance 1.00e-04)
Best objective 2.058098596983e-04, best bound 2.058065039989e-04, gap 0.0016%
