
Gurobi 11.0.2 (win64) logging started Tue Oct  1 15:57:55 2024

Set parameter LogFile to value ".\Experiments\Track_k_e_2\Logs\track_k_e_2_r2_c5.log"
Set parameter TimeLimit to value 3600
Gurobi Optimizer version 11.0.2 build v11.0.2rc0 (win64 - Windows 10.0 (19045.2))

CPU model: Intel(R) Core(TM) i7-10750H CPU @ 2.60GHz, instruction set [SSE2|AVX|AVX2]
Thread count: 6 physical cores, 12 logical processors, using up to 12 threads

Optimize a model with 248 rows, 462 columns and 920 nonzeros
Model fingerprint: 0xb30d9ee0
Model has 6 quadratic objective terms
Model has 68 quadratic constraints
Model has 116 general constraints
Variable types: 458 continuous, 4 integer (4 binary)
Coefficient statistics:
  Matrix range     [9e-06, 1e+02]
  QMatrix range    [1e+00, 1e+00]
  QLMatrix range   [1e+00, 1e+00]
  Objective range  [1e-02, 2e-01]
  QObjective range [2e+00, 2e+00]
  Bounds range     [8e-05, 5e+00]
  RHS range        [8e-05, 1e+02]
  QRHS range       [1e-06, 1e-06]
Presolve added 36 rows and 0 columns
Presolve removed 0 rows and 73 columns
Presolve time: 0.01s
Presolved: 525 rows, 398 columns, 1457 nonzeros
Presolved model has 50 SOS constraint(s)
Presolved model has 4 quadratic objective terms
Presolved model has 57 bilinear constraint(s)
Presolved model has 4 nonlinear constraint(s)
Warning: Model contains variables with very large bounds participating
         in nonlinear terms.
         Presolve was not able to compute smaller bounds for these variables.
         Consider bounding these variables or reformulating the model.


Solving non-convex MINLP

Variable types: 284 continuous, 114 integer (114 binary)

Root relaxation: objective 2.058065e-04, 419 iterations, 0.00 seconds (0.00 work units)

    Nodes    |    Current Node    |     Objective Bounds      |     Work
 Expl Unexpl |  Obj  Depth IntInf | Incumbent    BestBd   Gap | It/Node Time

     0     0    0.00021    0   44          -    0.00021      -     -    0s
     0     0    0.00021    0   74          -    0.00021      -     -    0s
     0     0    0.00021    0   91          -    0.00021      -     -    0s
     0     0    0.00021    0   94          -    0.00021      -     -    0s
     0     0    0.00021    0   92          -    0.00021      -     -    0s
     0     0    0.00021    0   96          -    0.00021      -     -    0s
     0     0    0.00021    0   97          -    0.00021      -     -    0s
     0     2    0.00021    0   97          -    0.00021      -     -    0s
 13865  4151 infeasible   74               -    0.00021      -  28.7    5s
 36612  9821    0.00021   30   51          -    0.00021      -  29.8   10s
 57312 15553 infeasible   74               -    0.00021      -  31.2   15s
 76149 20066 infeasible   48               -    0.00021      -  31.2   20s
 98969 26081    0.00022   57   39          -    0.00021      -  30.2   25s
 116854 31714    0.01016   57   53          -    0.00021      -  30.3   30s
 139544 36857    0.00021   66   39          -    0.00021      -  30.2   35s
 159019 41720 infeasible   61               -    0.00021      -  30.4   40s
*172321 35477             113       0.0018440    0.00021  88.8%  30.3   43s
*172326 33133             113       0.0013987    0.00021  85.3%  30.3   43s
 179363 34737    0.00021   49   58    0.00140    0.00021  85.3%  30.2   46s
 185715 37307    0.00040   67   46    0.00140    0.00021  85.3%  30.1   50s
 199879 41923    0.00021   59   58    0.00140    0.00021  85.3%  29.8   55s
 214388 47083    0.00077   57   53    0.00140    0.00021  85.3%  29.5   61s
 225434 51242 infeasible   59         0.00140    0.00021  85.3%  29.2   65s
 236656 55097    0.00084   63   34    0.00140    0.00021  85.3%  29.1   70s
 249874 58995    0.00021   46   49    0.00140    0.00021  85.3%  28.8   75s
 261682 62138    0.00021   59   63    0.00140    0.00021  85.3%  28.6   80s
 274430 66169    0.00021   62   60    0.00140    0.00021  85.3%  28.3   85s
 289552 70343    0.00084   72   46    0.00140    0.00021  85.3%  28.0   90s
 303386 74903    0.00022   66   67    0.00140    0.00021  85.3%  27.8   95s
 319103 80110 infeasible   58         0.00140    0.00021  85.3%  27.6  101s
 330787 84864    0.00021   59   50    0.00140    0.00021  85.3%  27.7  105s
 343433 88899    0.00030   74   56    0.00140    0.00021  85.3%  27.7  110s
 361043 93950    0.00065   65   44    0.00140    0.00021  85.3%  27.6  115s
 376561 98452 infeasible   81         0.00140    0.00021  85.3%  27.5  120s
 392489 103188    0.00021   56   50    0.00140    0.00021  85.3%  27.4  125s
 409624 106639    0.00024   66   50    0.00140    0.00021  85.3%  27.3  130s
 426994 109220    0.00021   65   50    0.00140    0.00021  85.3%  27.2  135s
 443903 113043     cutoff   64         0.00140    0.00021  85.3%  27.1  140s
 460434 116312    0.00023   72   50    0.00140    0.00021  85.3%  27.1  145s
 475094 117930    0.00021   73   41    0.00140    0.00021  85.3%  27.1  150s
 492762 121050    0.00021   44   55    0.00140    0.00021  85.3%  27.0  155s
 505716 125206     cutoff   59         0.00140    0.00021  85.3%  27.0  160s
 524171 131399    0.00021   60   52    0.00140    0.00021  85.3%  27.1  165s
 539022 135171    0.00074   72   40    0.00140    0.00021  85.3%  27.1  170s
 558337 140373 infeasible   49         0.00140    0.00021  85.3%  27.0  175s
 573385 145372    0.00021   60   70    0.00140    0.00021  85.3%  27.0  180s
 591848 150907    0.00084   73   44    0.00140    0.00021  85.3%  26.8  185s
 610192 156962    0.00057   71   59    0.00140    0.00021  85.3%  26.8  190s
 627333 162035    0.00022   59   62    0.00140    0.00021  85.3%  26.7  195s
 644499 165608    0.00084   69   41    0.00140    0.00021  85.3%  26.7  200s
 662098 170593     cutoff   70         0.00140    0.00021  85.3%  26.6  205s
 677762 173904    0.00021   61   50    0.00140    0.00021  85.3%  26.6  210s
 694782 177012    0.00071   76   44    0.00140    0.00021  85.3%  26.6  215s
 710174 180284    0.00021   61   57    0.00140    0.00021  85.3%  26.5  220s
 723249 183878 infeasible   71         0.00140    0.00021  85.3%  26.5  225s
 741620 186059     cutoff   87         0.00140    0.00021  85.3%  26.5  230s
 758271 188775 infeasible   60         0.00140    0.00021  85.3%  26.4  235s
 772184 190369    0.00084   64   46    0.00140    0.00021  85.3%  26.4  240s
 789950 192920    0.00047   75   45    0.00140    0.00021  85.3%  26.4  245s
 804421 195911    0.00026   68   49    0.00140    0.00021  85.3%  26.3  250s
 821715 198205     cutoff   56         0.00140    0.00021  85.3%  26.3  255s
 838242 200371 infeasible   84         0.00140    0.00021  85.3%  26.3  260s
 853242 202178    0.00021   69   47    0.00140    0.00021  85.3%  26.3  265s
 869130 203742 infeasible   77         0.00140    0.00021  85.3%  26.3  270s
 885966 205629    0.00021   65   53    0.00140    0.00021  85.3%  26.3  275s
 900905 207449    0.00084   73   44    0.00140    0.00021  85.3%  26.3  280s
 915994 209450    0.00021   74   44    0.00140    0.00021  85.3%  26.4  285s
 930931 211811    0.00030   70   40    0.00140    0.00021  85.3%  26.4  290s
 947522 214227    0.00021   63   50    0.00140    0.00021  85.3%  26.4  295s
 963643 216017     cutoff   71         0.00140    0.00021  85.3%  26.5  300s
 981474 218116     cutoff   61         0.00140    0.00021  85.3%  26.5  306s
 993876 219559 infeasible   74         0.00140    0.00021  85.3%  26.6  310s
 1009033 221656     cutoff   79         0.00140    0.00021  85.3%  26.6  315s
 1028680 225286    0.00021   78   49    0.00140    0.00021  85.3%  26.6  320s
 1043681 227255     cutoff   59         0.00140    0.00021  85.3%  26.6  325s
 1060957 229723 infeasible   65         0.00140    0.00021  85.3%  26.7  330s
 1074625 231725 infeasible   71         0.00140    0.00021  85.3%  26.7  335s
 1093974 237724    0.00040   56   52    0.00140    0.00021  85.3%  26.7  340s
 1110856 241202    0.00046   63   49    0.00140    0.00021  85.3%  26.7  345s
 1124470 243699    0.00021   90   48    0.00140    0.00021  85.3%  26.7  350s
 1140299 246248    0.00097   79   42    0.00140    0.00021  85.3%  26.8  355s
 1154543 248432    0.00042   64   50    0.00140    0.00021  85.3%  26.8  360s
 1171437 250470 infeasible   54         0.00140    0.00021  85.3%  26.8  365s
 1186217 251690 infeasible   61         0.00140    0.00021  85.3%  26.8  370s
 1197431 253422    0.00021   62   56    0.00140    0.00021  85.3%  26.9  375s
 1214403 255889    0.00022   64   51    0.00140    0.00021  85.3%  26.9  380s
 1229632 258026    0.00055   71   53    0.00140    0.00021  85.3%  26.9  385s
 1247165 260920 infeasible   73         0.00140    0.00021  85.3%  26.9  390s
 1261064 263100 infeasible   55         0.00140    0.00021  85.3%  26.9  395s
 1277189 265697    0.00111   89   50    0.00140    0.00021  85.3%  26.9  400s
 1294829 271235     cutoff   66         0.00140    0.00021  85.3%  27.0  405s
 1312169 276048    0.00023   57   63    0.00140    0.00021  85.3%  27.0  410s
 1326927 278746    0.00128   75   48    0.00140    0.00021  85.3%  27.0  415s
 1340784 281198     cutoff   66         0.00140    0.00021  85.3%  27.0  420s
 1357844 285284     cutoff   57         0.00140    0.00021  85.3%  26.9  425s
 1374015 289737    0.00088   61   32    0.00140    0.00021  85.3%  26.9  430s
 1388662 292647 infeasible   75         0.00140    0.00021  85.3%  26.9  435s
 1406503 298773    0.00021   67   54    0.00140    0.00021  85.3%  27.0  440s
 1427394 302982    0.00021   73   54    0.00140    0.00021  85.3%  27.0  445s
 1444723 306651     cutoff   68         0.00140    0.00021  85.3%  27.1  450s
 1459430 309790    0.00021   56   57    0.00140    0.00021  85.3%  27.1  455s
 1472125 312255    0.00021   63   56    0.00140    0.00021  85.3%  27.1  460s
 1486348 314810    0.00021   55   65    0.00140    0.00021  85.3%  27.2  465s
 1501308 317477    0.00093   67   48    0.00140    0.00021  85.3%  27.2  470s
 1514299 319707    0.00074   66   50    0.00140    0.00021  85.3%  27.2  475s
 1528184 322590    0.00084   67   48    0.00140    0.00021  85.3%  27.2  480s
 1542663 325433    0.00120   77   53    0.00140    0.00021  85.3%  27.2  485s
 1560143 329480    0.00105   53   65    0.00140    0.00021  85.3%  27.2  490s
 1577003 332916 infeasible   82         0.00140    0.00021  85.3%  27.1  495s
 1591380 336493     cutoff   58         0.00140    0.00021  85.3%  27.1  500s
 1605880 339177    0.00021   67   47    0.00140    0.00021  85.3%  27.1  505s
 1619757 341300    0.00021   57   48    0.00140    0.00021  85.3%  27.1  510s
 1635743 345123    0.00021   71   54    0.00140    0.00021  85.3%  27.1  515s
 1654428 348254    0.00025   73   49    0.00140    0.00021  85.3%  27.1  520s
 1665455 350011    0.00021   57   57    0.00140    0.00021  85.3%  27.2  525s
 1682106 351329    0.00021   67   54    0.00140    0.00021  85.3%  27.2  530s
 1696591 354172     cutoff   72         0.00140    0.00021  85.3%  27.2  535s
 1715024 361039 infeasible   60         0.00140    0.00021  85.3%  27.1  540s
 1732437 365175    0.00021   70   55    0.00140    0.00021  85.3%  27.1  545s
 1750443 370232    0.00028   66   53    0.00140    0.00021  85.3%  27.0  550s
 1763473 372626    0.00021   54   69    0.00140    0.00021  85.3%  27.0  555s
 1780720 377270    0.00086   77   34    0.00140    0.00021  85.3%  27.0  560s
 1799034 382850 infeasible   70         0.00140    0.00021  85.3%  27.0  565s
 1814125 386371 infeasible   64         0.00140    0.00021  85.3%  27.0  570s
 1828027 390561    0.00081   75   58    0.00140    0.00021  85.3%  27.0  575s
 1844500 395774    0.00054   93   50    0.00140    0.00021  85.3%  27.0  580s
 1859290 398281 infeasible   41         0.00140    0.00021  85.3%  27.0  585s
 1871865 400640     cutoff   69         0.00140    0.00021  85.3%  27.0  590s
 1886375 403081    0.00026   73   48    0.00140    0.00021  85.3%  27.0  595s
 1901270 406356    0.00080   85   51    0.00140    0.00021  85.3%  26.9  600s
 1914216 408756     cutoff   63         0.00140    0.00021  85.3%  27.0  605s
 1924186 410363     cutoff   75         0.00140    0.00021  85.3%  26.9  610s
 1940086 414680     cutoff   63         0.00140    0.00021  85.3%  26.9  615s
 1959254 419115    0.00048   69   52    0.00140    0.00021  85.3%  26.9  620s
 1969553 423316    0.00021   65   63    0.00140    0.00021  85.3%  26.9  625s
 1978861 425974    0.00021   54   70    0.00140    0.00021  85.3%  26.9  630s
 1988057 428866     cutoff   90         0.00140    0.00021  85.3%  26.9  635s
 2006461 434048    0.00084   57   34    0.00140    0.00021  85.3%  26.8  640s
 2020113 436836     cutoff   69         0.00140    0.00021  85.3%  26.8  645s
 2031566 438369    0.00021   74   50    0.00140    0.00021  85.3%  26.8  650s
 2046789 440479    0.00041   75   44    0.00140    0.00021  85.3%  26.9  655s
 2061886 442589    0.00034   76   49    0.00140    0.00021  85.3%  26.9  660s
 2074088 444169    0.00105   72   40    0.00140    0.00021  85.3%  26.9  665s
 2091888 446669     cutoff   78         0.00140    0.00021  85.3%  26.9  670s
 2104703 449053    0.00075   62   48    0.00140    0.00021  85.3%  26.9  675s
 2120374 451337    0.00021   57   54    0.00140    0.00021  85.3%  26.9  680s
 2136095 452954 infeasible   64         0.00140    0.00021  85.3%  26.9  685s
 2153716 459154    0.00021   59   60    0.00140    0.00021  85.3%  26.9  690s
 2170696 462543     cutoff   67         0.00140    0.00021  85.3%  26.9  695s
 2183183 465607    0.00021   53   50    0.00140    0.00021  85.3%  26.9  700s
 2202131 471022    0.00027   63   43    0.00140    0.00021  85.3%  26.9  705s
 2211954 474104    0.00061   60   51    0.00140    0.00021  85.3%  26.9  710s
 2228499 477173    0.00043   60   44    0.00140    0.00021  85.3%  26.9  716s
 2241377 478801 infeasible   72         0.00140    0.00021  85.3%  26.9  720s
 2257460 480766    0.00080   58   43    0.00140    0.00021  85.3%  26.9  725s
 2273382 482754     cutoff   75         0.00140    0.00021  85.3%  26.9  730s
 2290130 484176    0.00107   80   51    0.00140    0.00021  85.3%  26.9  735s
 2305227 485841     cutoff   60         0.00140    0.00021  85.3%  26.9  740s
 2321435 489823    0.00021   69   56    0.00140    0.00021  85.3%  26.9  745s
 2342554 495245     cutoff   64         0.00140    0.00021  85.3%  26.9  750s
 2353055 498689    0.00021   51   61    0.00140    0.00021  85.3%  26.9  755s
 2369951 500797     cutoff   73         0.00140    0.00021  85.3%  26.8  760s
 2384191 502832    0.00021   55   47    0.00140    0.00021  85.3%  26.8  765s
 2400385 505283    0.00074   67   44    0.00140    0.00021  85.3%  26.8  770s
 2417255 508072    0.00098   72   45    0.00140    0.00021  85.3%  26.8  775s
 2431136 510097    0.00023   53   56    0.00140    0.00021  85.3%  26.8  780s
 2446029 514812    0.00084   63   47    0.00140    0.00021  85.3%  26.8  785s
 2460588 519095    0.00084   55   52    0.00140    0.00021  85.3%  26.8  790s
 2475942 522395 infeasible   70         0.00140    0.00021  85.3%  26.8  795s
 2492014 525502 infeasible   62         0.00140    0.00021  85.3%  26.8  800s
 2505849 527101     cutoff   86         0.00140    0.00021  85.3%  26.8  805s
 2516797 528638 infeasible   98         0.00140    0.00021  85.3%  26.8  810s
 2536092 531358 infeasible   74         0.00140    0.00021  85.3%  26.8  815s
 2551035 534024    0.00022   72   48    0.00140    0.00021  85.3%  26.8  820s
 2563490 535453    0.00034   89   44    0.00140    0.00021  85.3%  26.9  825s
 2576581 536914 infeasible   74         0.00140    0.00021  85.3%  26.9  830s
 2590824 537933     cutoff   75         0.00140    0.00021  85.3%  26.9  835s
 2602008 539102    0.00021   59   50    0.00140    0.00021  85.3%  26.9  840s
 2617463 540836 infeasible   74         0.00140    0.00021  85.3%  26.9  845s
 2632036 542073 infeasible   63         0.00140    0.00021  85.3%  26.9  850s
 2644027 543677     cutoff   80         0.00140    0.00021  85.3%  27.0  855s
 2659629 546045     cutoff   77         0.00140    0.00021  85.3%  27.0  860s
 2673822 547845    0.00029   65   52    0.00140    0.00021  85.3%  27.0  865s
 2688270 549318 infeasible   77         0.00140    0.00021  85.3%  27.0  870s
 2701249 551410    0.00066   70   47    0.00140    0.00021  85.3%  27.0  875s
 2715676 553275    0.00021   57   55    0.00140    0.00021  85.3%  27.0  880s
 2730786 555900 infeasible   66         0.00140    0.00021  85.3%  27.0  885s
 2743371 557724 infeasible   71         0.00140    0.00021  85.3%  27.0  890s
 2755969 559742    0.00021   64   61    0.00140    0.00021  85.3%  27.0  895s
 2771534 561823    0.00067   78   58    0.00140    0.00021  85.3%  27.0  900s
 2789457 563714    0.00042   76   54    0.00140    0.00021  85.3%  27.0  905s
 2802929 565322 infeasible   82         0.00140    0.00021  85.3%  27.0  910s
 2819008 568263     cutoff   73         0.00140    0.00021  85.3%  27.0  915s
 2834162 569049 infeasible   69         0.00140    0.00021  85.3%  27.0  920s
 2844758 569580 infeasible   63         0.00140    0.00021  85.3%  27.0  925s
 2857255 570378     cutoff   65         0.00140    0.00021  85.3%  27.1  930s
 2873078 571924    0.00084   56   47    0.00140    0.00021  85.3%  27.1  935s
 2888231 573753    0.00021   65   52    0.00140    0.00021  85.3%  27.1  940s
 2903870 575823    0.00086   81   47    0.00140    0.00021  85.3%  27.1  945s
 2919662 578259    0.00094   60   46    0.00140    0.00021  85.3%  27.1  950s
 2929329 579307    0.00023   75   40    0.00140    0.00021  85.3%  27.1  955s
 2943687 581248    0.00050   71   47    0.00140    0.00021  85.3%  27.1  960s
 2962359 585550     cutoff   60         0.00140    0.00021  85.3%  27.1  965s
 2982183 590551    0.00021   55   42    0.00140    0.00021  85.3%  27.1  970s
 2995634 592268    0.00086   73   53    0.00140    0.00021  85.3%  27.1  975s
 3014167 597420    0.00071   69   58    0.00140    0.00021  85.3%  27.1  980s
 3027642 601181    0.00071   52   58    0.00140    0.00021  85.3%  27.1  985s
 3039968 604427     cutoff   61         0.00140    0.00021  85.3%  27.1  990s
 3052692 608336    0.00021   71   60    0.00140    0.00021  85.3%  27.1  995s
 3064173 611057    0.00021   53   68    0.00140    0.00021  85.3%  27.2 1000s
 3079314 614756     cutoff   70         0.00140    0.00021  85.3%  27.2 1005s
 3096144 617329 infeasible   69         0.00140    0.00021  85.3%  27.2 1010s
 3105946 618624 infeasible   80         0.00140    0.00021  85.3%  27.2 1015s
 3119991 620060 infeasible   75         0.00140    0.00021  85.3%  27.2 1020s
 3133180 621694 infeasible   77         0.00140    0.00021  85.3%  27.3 1025s
 3147553 622842    0.00021   66   50    0.00140    0.00021  85.3%  27.3 1030s
 3162279 624051    0.00052   66   51    0.00140    0.00021  85.3%  27.3 1035s
 3176255 625545     cutoff   76         0.00140    0.00021  85.3%  27.3 1040s
 3190351 627076    0.00021   56   52    0.00140    0.00021  85.3%  27.4 1045s
 3204089 628669    0.00021   46   62    0.00140    0.00021  85.3%  27.4 1050s
 3220598 631081     cutoff   68         0.00140    0.00021  85.3%  27.4 1055s
 3237749 633672    0.00086   75   42    0.00140    0.00021  85.3%  27.4 1061s
 3251440 635797 infeasible   58         0.00140    0.00021  85.3%  27.4 1065s
 3267494 638264    0.00084   53   46    0.00140    0.00021  85.3%  27.3 1070s
 3284219 641710     cutoff   52         0.00140    0.00021  85.3%  27.3 1075s
 3296503 643650    0.00021   41   71    0.00140    0.00021  85.3%  27.3 1080s
 3311848 645578    0.00023   52   57    0.00140    0.00021  85.3%  27.3 1085s
 3324250 647000     cutoff   69         0.00140    0.00021  85.3%  27.3 1090s
 3339304 648567    0.00021   69   58    0.00140    0.00021  85.3%  27.3 1095s
 3353420 650167 infeasible   67         0.00140    0.00021  85.3%  27.3 1100s
 3371696 651791    0.00021   62   56    0.00140    0.00021  85.3%  27.3 1105s
 3391317 656833    0.00021   70   49    0.00140    0.00021  85.3%  27.3 1110s
 3406555 659898     cutoff   77         0.00140    0.00021  85.3%  27.3 1115s
 3421263 660901 infeasible   59         0.00140    0.00021  85.3%  27.3 1120s
 3435455 662890 infeasible   80         0.00140    0.00021  85.3%  27.3 1125s
 3449767 664613    0.00021   60   57    0.00140    0.00021  85.3%  27.3 1130s
 3458425 665433    0.00030   90   50    0.00140    0.00021  85.3%  27.3 1135s
 3474192 666983 infeasible   86         0.00140    0.00021  85.3%  27.3 1140s
 3489281 668576 infeasible   81         0.00140    0.00021  85.3%  27.3 1145s
 3505262 670391 infeasible   60         0.00140    0.00021  85.3%  27.4 1150s
 3517692 671908    0.00054   79   60    0.00140    0.00021  85.3%  27.4 1155s
 3533715 674248    0.00048   83   56    0.00140    0.00021  85.3%  27.4 1160s
 3550383 676557     cutoff   63         0.00140    0.00021  85.3%  27.4 1165s
 3565801 678305 infeasible   68         0.00140    0.00021  85.3%  27.4 1170s
 3578093 679799 infeasible   80         0.00140    0.00021  85.3%  27.4 1175s
 3595021 681739    0.00084   57   36    0.00140    0.00021  85.3%  27.4 1180s
 3611452 683701    0.00021   60   57    0.00140    0.00021  85.3%  27.4 1185s
 3624033 685335     cutoff   67         0.00140    0.00021  85.3%  27.4 1190s
 3638890 687467    0.00021   49   58    0.00140    0.00021  85.3%  27.4 1195s
 3652038 689389 infeasible   79         0.00140    0.00021  85.3%  27.4 1200s
 3666890 690953    0.00021   73   38    0.00140    0.00021  85.3%  27.4 1205s
 3684507 692695     cutoff   62         0.00140    0.00021  85.3%  27.4 1210s
 3699671 694961     cutoff   62         0.00140    0.00021  85.3%  27.4 1215s
 3709186 696584     cutoff   61         0.00140    0.00021  85.3%  27.4 1220s
 3721849 698035    0.00021   66   44    0.00140    0.00021  85.3%  27.5 1225s
 3737546 699127     cutoff   81         0.00140    0.00021  85.3%  27.5 1230s
 3754265 700892 infeasible   74         0.00140    0.00021  85.3%  27.5 1235s
 3768423 702230 infeasible   67         0.00140    0.00021  85.3%  27.5 1240s
 3784737 704202     cutoff   71         0.00140    0.00021  85.3%  27.5 1245s
 3802054 706157     cutoff   75         0.00140    0.00021  85.3%  27.5 1250s
 3817248 707704    0.00048   67   59    0.00140    0.00021  85.3%  27.5 1256s
 3828949 709159 infeasible   53         0.00140    0.00021  85.3%  27.5 1260s
 3842285 710734 infeasible   81         0.00140    0.00021  85.3%  27.5 1265s
 3857337 712779    0.00128   57   50    0.00140    0.00021  85.3%  27.5 1270s
 3871450 713571     cutoff   59         0.00140    0.00021  85.3%  27.5 1275s
 3885367 714718     cutoff   70         0.00140    0.00021  85.3%  27.5 1280s
 3898530 716230    0.00058   59   44    0.00140    0.00021  85.3%  27.5 1285s
 3913104 718931    0.00122   89   31    0.00140    0.00021  85.3%  27.5 1290s
 3929267 721141    0.00072   78   53    0.00140    0.00021  85.3%  27.5 1295s
 3943617 722969     cutoff   70         0.00140    0.00021  85.3%  27.5 1300s
 3960672 725478    0.00027   60   50    0.00140    0.00021  85.3%  27.5 1305s
 3973839 726663     cutoff   60         0.00140    0.00021  85.3%  27.5 1310s
 3986850 728005 infeasible   65         0.00140    0.00021  85.3%  27.5 1315s
 3999307 729351 infeasible   58         0.00140    0.00021  85.3%  27.5 1320s
 4014242 731169    0.00046   95   44    0.00140    0.00021  85.3%  27.5 1325s
 4029275 734522    0.00021   69   47    0.00140    0.00021  85.3%  27.5 1330s
 4044490 736774    0.00074   79   51    0.00140    0.00021  85.3%  27.5 1335s
 4057541 738488 infeasible   70         0.00140    0.00021  85.3%  27.5 1340s
 4074744 741165 infeasible   62         0.00140    0.00021  85.3%  27.5 1345s
 4089378 744171     cutoff   66         0.00140    0.00021  85.3%  27.5 1350s
 4103026 746101 infeasible   78         0.00140    0.00021  85.3%  27.5 1355s
 4115068 747971    0.00021   65   39    0.00140    0.00021  85.3%  27.5 1360s
 4127941 750330     cutoff   73         0.00140    0.00021  85.3%  27.5 1365s
 4140704 751672     cutoff   85         0.00140    0.00021  85.3%  27.5 1370s
 4158171 754633    0.00022   81   57    0.00140    0.00021  85.3%  27.5 1375s
 4174878 756907    0.00110   65   48    0.00140    0.00021  85.3%  27.5 1380s
 4192272 759170 infeasible   65         0.00140    0.00021  85.3%  27.5 1385s
 4204847 760410    0.00021   61   29    0.00140    0.00021  85.3%  27.5 1390s
 4220650 761750 infeasible   83         0.00140    0.00021  85.3%  27.5 1395s
 4235180 764069    0.00084   77   44    0.00140    0.00021  85.3%  27.5 1400s
 4250142 765866    0.00063   56   44    0.00140    0.00021  85.3%  27.5 1405s
 4265244 767640    0.00059   67   53    0.00140    0.00021  85.3%  27.5 1410s
 4281339 769729    0.00027   69   46    0.00140    0.00021  85.3%  27.5 1415s
 4303116 774297    0.00084   44   38    0.00140    0.00021  85.3%  27.5 1420s
 4324340 780098    0.00106   65   50    0.00140    0.00021  85.3%  27.5 1425s
 4346604 785741     cutoff   64         0.00140    0.00021  85.3%  27.5 1430s
 4362094 789303    0.00040   75   54    0.00140    0.00021  85.3%  27.5 1435s
 4375498 792822 infeasible   59         0.00140    0.00021  85.3%  27.5 1440s
 4389101 796016    0.00021   50   50    0.00140    0.00021  85.3%  27.5 1445s
 4402435 799219    0.00102   75   47    0.00140    0.00021  85.3%  27.5 1450s
 4418504 803723    0.00021   67   58    0.00140    0.00021  85.3%  27.5 1455s
 4435304 808733    0.00021   58   73    0.00140    0.00021  85.3%  27.5 1460s
 4454401 814206    0.00084   62   53    0.00140    0.00021  85.3%  27.5 1465s
 4468517 818193 infeasible   66         0.00140    0.00021  85.3%  27.5 1470s
 4483559 822825    0.00036   78   53    0.00140    0.00021  85.3%  27.5 1475s
 4501610 826595    0.00021   64   44    0.00140    0.00021  85.3%  27.5 1480s
 4518723 830509 infeasible   82         0.00140    0.00021  85.3%  27.5 1485s
 4536352 834038     cutoff   79         0.00140    0.00021  85.3%  27.5 1490s
 4552548 836485    0.00036   72   56    0.00140    0.00021  85.3%  27.5 1495s
 4564508 838548    0.00029   84   54    0.00140    0.00021  85.3%  27.5 1500s
 4582657 840955    0.00032   78   57    0.00140    0.00021  85.3%  27.5 1505s
 4599404 842526    0.00023   76   35    0.00140    0.00021  85.3%  27.5 1510s
 4611314 844486    0.00101   83   35    0.00140    0.00021  85.3%  27.5 1515s
 4629703 847029    0.00042   63   41    0.00140    0.00021  85.3%  27.5 1520s
 4644635 849467    0.00084   70   39    0.00140    0.00021  85.3%  27.5 1525s
 4659742 851913     cutoff   62         0.00140    0.00021  85.3%  27.5 1530s
 4676177 853988    0.00031   78   45    0.00140    0.00021  85.3%  27.5 1535s
 4690328 855841    0.00021   48   46    0.00140    0.00021  85.3%  27.5 1540s
 4707846 858002    0.00021   71   59    0.00140    0.00021  85.3%  27.5 1545s
 4722378 859642    0.00083   79   52    0.00140    0.00021  85.3%  27.5 1550s
 4739197 862660    0.00021   73   50    0.00140    0.00021  85.3%  27.5 1555s
 4751602 865249 infeasible   78         0.00140    0.00021  85.3%  27.5 1560s
 4768996 867105    0.00060   77   41    0.00140    0.00021  85.3%  27.5 1565s
 4781312 869340    0.00021   77   40    0.00140    0.00021  85.3%  27.5 1570s
 4800451 872841     cutoff   51         0.00140    0.00021  85.3%  27.5 1575s
 4819327 878108     cutoff   62         0.00140    0.00021  85.3%  27.5 1580s
 4835505 882793    0.00021   64   52    0.00140    0.00021  85.3%  27.5 1585s
 4850900 886748    0.00059   50   47    0.00140    0.00021  85.3%  27.5 1590s
 4866652 891552 infeasible   59         0.00140    0.00021  85.3%  27.5 1595s
 4883262 895776    0.00021   46   45    0.00140    0.00021  85.3%  27.5 1600s
 4899437 899660    0.00021   58   58    0.00140    0.00021  85.3%  27.5 1605s
 4915424 903028     cutoff   63         0.00140    0.00021  85.3%  27.5 1610s
 4935234 907889 infeasible   71         0.00140    0.00021  85.3%  27.5 1615s
 4950137 910667    0.00054   71   59    0.00140    0.00021  85.3%  27.5 1620s
 4966399 913825     cutoff   67         0.00140    0.00021  85.3%  27.5 1625s
 4981583 915937    0.00033   69   51    0.00140    0.00021  85.3%  27.5 1630s
 5000698 919237 infeasible   77         0.00140    0.00021  85.3%  27.5 1635s
 5016678 921823    0.00021   52   60    0.00140    0.00021  85.3%  27.5 1640s
 5031471 923746     cutoff   68         0.00140    0.00021  85.3%  27.5 1645s
 5045699 926112    0.00021   65   45    0.00140    0.00021  85.3%  27.5 1650s
 5061727 928555 infeasible   65         0.00140    0.00021  85.3%  27.5 1655s
 5079124 930602    0.00027   65   52    0.00140    0.00021  85.3%  27.4 1660s
 5091503 931984    0.00030   76   52    0.00140    0.00021  85.3%  27.4 1665s
 5107181 933686    0.00054   64   59    0.00140    0.00021  85.3%  27.4 1670s
 5125216 936015 infeasible   68         0.00140    0.00021  85.3%  27.4 1675s
 5139834 937328    0.00021   62   54    0.00140    0.00021  85.3%  27.4 1680s
 5152508 938596    0.00056   71   63    0.00140    0.00021  85.3%  27.4 1685s
 5166904 940975    0.00021   78   53    0.00140    0.00021  85.3%  27.4 1690s
 5182443 943030    0.00091   78   48    0.00140    0.00021  85.3%  27.4 1695s
 5201266 945567    0.00086   74   44    0.00140    0.00021  85.3%  27.4 1700s
 5214830 947314 infeasible   74         0.00140    0.00021  85.3%  27.4 1705s
 5232086 949590    0.00055   68   41    0.00140    0.00021  85.3%  27.4 1710s
 5246954 951560 infeasible   66         0.00140    0.00021  85.3%  27.4 1716s
 5260512 952965    0.00021   65   46    0.00140    0.00021  85.3%  27.4 1720s
 5277764 955907    0.00086   68   40    0.00140    0.00021  85.3%  27.4 1725s
 5291249 957760 infeasible   88         0.00140    0.00021  85.3%  27.4 1730s
 5308131 960502     cutoff   77         0.00140    0.00021  85.3%  27.4 1735s
 5326396 963041 infeasible   75         0.00140    0.00021  85.3%  27.4 1740s
 5341163 965068 infeasible   69         0.00140    0.00021  85.3%  27.4 1745s
 5355014 965942 infeasible   62         0.00140    0.00021  85.3%  27.4 1750s
 5371462 967268     cutoff   72         0.00140    0.00021  85.3%  27.4 1755s
 5385513 968900    0.00021   68   41    0.00140    0.00021  85.3%  27.4 1760s
 5398601 970655    0.00021   56   35    0.00140    0.00021  85.3%  27.4 1765s
 5416321 971285    0.00021   56   46    0.00140    0.00021  85.3%  27.4 1770s
 5429309 972417 infeasible   67         0.00140    0.00021  85.3%  27.5 1775s
 5445902 974043 infeasible   50         0.00140    0.00021  85.3%  27.5 1780s
 5458227 976248    0.00026   74   53    0.00140    0.00021  85.3%  27.5 1785s
 5477348 978090    0.00031   79   46    0.00140    0.00021  85.3%  27.5 1790s
 5493107 980818    0.00048   75   59    0.00140    0.00021  85.3%  27.5 1795s
 5510559 985952    0.00021   48   50    0.00140    0.00021  85.3%  27.5 1800s
 5523462 989956 infeasible   73         0.00140    0.00021  85.3%  27.5 1805s
 5540635 994898    0.00021   70   64    0.00140    0.00021  85.3%  27.5 1810s
 5557260 1000408    0.00023   73   56    0.00140    0.00021  85.3%  27.5 1815s
 5575688 1005653    0.00062   77   57    0.00140    0.00021  85.3%  27.5 1820s
 5591796 1009299    0.00028   80   52    0.00140    0.00021  85.3%  27.5 1825s
 5607742 1011309    0.00022   71   59    0.00140    0.00021  85.3%  27.5 1830s
 5622741 1013137    0.00021   77   53    0.00140    0.00021  85.3%  27.5 1835s
 5638388 1014177    0.00021   59   55    0.00140    0.00021  85.3%  27.5 1840s
 5651318 1015991    0.00053   79   47    0.00140    0.00021  85.3%  27.5 1845s
 5669972 1018941     cutoff   93         0.00140    0.00021  85.3%  27.5 1850s
 5686019 1020516    0.00034   70   54    0.00140    0.00021  85.3%  27.5 1855s
 5698380 1021860     cutoff   73         0.00140    0.00021  85.3%  27.5 1860s
 5713802 1023379    0.00095   80   37    0.00140    0.00021  85.3%  27.5 1865s
 5730662 1025223    0.00046   66   47    0.00140    0.00021  85.3%  27.5 1870s
 5745945 1026810    0.00045   71   55    0.00140    0.00021  85.3%  27.5 1875s
 5760621 1028160     cutoff   65         0.00140    0.00021  85.3%  27.5 1880s
 5775296 1029797     cutoff   54         0.00140    0.00021  85.3%  27.5 1885s
 5792090 1032060     cutoff   66         0.00140    0.00021  85.3%  27.5 1890s
 5807723 1033678    0.00034   63   52    0.00140    0.00021  85.3%  27.5 1895s
 5821396 1034903    0.00058   60   52    0.00140    0.00021  85.3%  27.5 1900s
 5839029 1037337    0.00051   89   42    0.00140    0.00021  85.3%  27.5 1905s
 5852121 1039983    0.00099   81   38    0.00140    0.00021  85.3%  27.5 1910s
 5868472 1042849 infeasible   72         0.00140    0.00021  85.3%  27.5 1915s
 5886745 1045703    0.00021   54   61    0.00140    0.00021  85.3%  27.5 1920s
 5902790 1047651     cutoff   69         0.00140    0.00021  85.3%  27.5 1925s
 5919398 1050607     cutoff   68         0.00140    0.00021  85.3%  27.5 1930s
 5936392 1052050     cutoff   65         0.00140    0.00021  85.3%  27.5 1935s
 5951509 1053735     cutoff   94         0.00140    0.00021  85.3%  27.5 1940s
 5964874 1056073    0.00040   77   35    0.00140    0.00021  85.3%  27.5 1945s
 5983340 1058812    0.00021   73   51    0.00140    0.00021  85.3%  27.5 1950s
 6000018 1060953     cutoff   69         0.00140    0.00021  85.3%  27.5 1955s
 6014029 1062314     cutoff   67         0.00140    0.00021  85.3%  27.5 1960s
 6029053 1064436 infeasible   62         0.00140    0.00021  85.3%  27.5 1965s
 6042163 1066134     cutoff   72         0.00140    0.00021  85.3%  27.5 1970s
 6057302 1067959    0.00021   59   57    0.00140    0.00021  85.3%  27.5 1975s
 6072707 1070527    0.00021   68   55    0.00140    0.00021  85.3%  27.5 1980s
 6088467 1072506 infeasible   71         0.00140    0.00021  85.3%  27.5 1985s
 6104884 1074362    0.00126   74   45    0.00140    0.00021  85.3%  27.5 1990s
 6117409 1075704     cutoff   75         0.00140    0.00021  85.3%  27.5 1995s
 6133975 1077683    0.00023   74   46    0.00140    0.00021  85.3%  27.5 2000s
 6149686 1078457    0.00022   69   62    0.00140    0.00021  85.3%  27.5 2005s
 6162833 1079828     cutoff   60         0.00140    0.00021  85.3%  27.5 2010s
 6176567 1081406    0.00084   70   46    0.00140    0.00021  85.3%  27.5 2015s
 6196064 1083863    0.00023   72   42    0.00140    0.00021  85.3%  27.5 2020s
 6212910 1086028     cutoff   80         0.00140    0.00021  85.3%  27.5 2025s
 6226192 1087468    0.00108   74   39    0.00140    0.00021  85.3%  27.5 2030s
 6241487 1089027    0.00021   67   46    0.00140    0.00021  85.3%  27.5 2035s
 6256309 1091184    0.00021   67   47    0.00140    0.00021  85.3%  27.5 2040s
 6269906 1092875    0.00021   66   52    0.00140    0.00021  85.3%  27.5 2045s
 6284148 1094439    0.00080   76   49    0.00140    0.00021  85.3%  27.6 2050s
 6301181 1095713 infeasible   78         0.00140    0.00021  85.3%  27.6 2055s
 6314990 1097273    0.00021   78   51    0.00140    0.00021  85.3%  27.6 2060s
 6332160 1099165    0.00038   83   39    0.00140    0.00021  85.3%  27.6 2065s
 6346847 1101094    0.00030   72   48    0.00140    0.00021  85.3%  27.6 2070s
 6362375 1102805 infeasible   57         0.00140    0.00021  85.3%  27.6 2075s
 6375632 1104221     cutoff   63         0.00140    0.00021  85.3%  27.6 2080s
 6391354 1105853     cutoff   84         0.00140    0.00021  85.3%  27.6 2085s
 6408645 1108003     cutoff   61         0.00140    0.00021  85.3%  27.6 2090s
 6422306 1110185     cutoff   72         0.00140    0.00021  85.3%  27.6 2095s
 6439243 1113195     cutoff   80         0.00140    0.00021  85.3%  27.6 2100s
 6454764 1115728    0.00024   77   56    0.00140    0.00021  85.3%  27.6 2105s
 6470200 1117730     cutoff   83         0.00140    0.00021  85.3%  27.6 2110s
 6484787 1119938     cutoff   76         0.00140    0.00021  85.3%  27.6 2115s
 6500651 1121780     cutoff   63         0.00140    0.00021  85.3%  27.6 2120s
 6515234 1123191    0.00021   70   57    0.00140    0.00021  85.3%  27.6 2125s
 6528467 1124975 infeasible   65         0.00140    0.00021  85.3%  27.6 2130s
 6545506 1127256    0.00065   75   46    0.00140    0.00021  85.3%  27.6 2135s
 6559316 1129586    0.00021   60   44    0.00140    0.00021  85.3%  27.6 2140s
 6574762 1131474    0.00059   79   51    0.00140    0.00021  85.3%  27.6 2145s
 6588810 1132797 infeasible   67         0.00140    0.00021  85.3%  27.6 2150s
 6604500 1134797 infeasible   90         0.00140    0.00021  85.3%  27.6 2155s
 6622101 1136576 infeasible   73         0.00140    0.00021  85.3%  27.6 2160s
 6637509 1138513    0.00021   51   60    0.00140    0.00021  85.3%  27.6 2165s
 6651174 1139982     cutoff   69         0.00140    0.00021  85.3%  27.6 2170s
 6670360 1141367    0.00021   59   59    0.00140    0.00021  85.3%  27.6 2175s
 6683369 1142531    0.00021   55   46    0.00140    0.00021  85.3%  27.6 2180s
 6699526 1144744 infeasible   65         0.00140    0.00021  85.3%  27.6 2185s
 6716451 1147640    0.00021   61   58    0.00140    0.00021  85.3%  27.6 2190s
 6729562 1148858 infeasible   59         0.00140    0.00021  85.3%  27.6 2195s
 6744735 1150711    0.00108   67   41    0.00140    0.00021  85.3%  27.6 2200s
 6758543 1152666    0.00021   64   47    0.00140    0.00021  85.3%  27.7 2205s
 6774958 1154281 infeasible   65         0.00140    0.00021  85.3%  27.6 2210s
 6790143 1156062    0.00084   68   41    0.00140    0.00021  85.3%  27.7 2215s
 6803698 1157977 infeasible   89         0.00140    0.00021  85.3%  27.7 2220s
 6821039 1159652 infeasible   69         0.00140    0.00021  85.3%  27.7 2225s
 6834545 1161007 infeasible   64         0.00140    0.00021  85.3%  27.7 2230s
 6848182 1162556     cutoff   90         0.00140    0.00021  85.3%  27.7 2235s
 6864978 1164814    0.00062   78   46    0.00140    0.00021  85.3%  27.7 2240s
 6876361 1166203     cutoff   71         0.00140    0.00021  85.3%  27.7 2245s
 6894139 1169040 infeasible   72         0.00140    0.00021  85.3%  27.7 2250s
 6908150 1171019    0.00138   96   33    0.00140    0.00021  85.3%  27.7 2255s
 6924587 1174286    0.00084   73   27    0.00140    0.00021  85.3%  27.7 2260s
 6943475 1177164    0.00021   70   36    0.00140    0.00021  85.3%  27.7 2265s
 6963083 1180939    0.00021   65   47    0.00140    0.00021  85.3%  27.6 2270s
 6979585 1183611    0.00054   60   61    0.00140    0.00021  85.3%  27.6 2275s
 6996946 1185275    0.00021   70   56    0.00140    0.00021  85.3%  27.6 2280s
 7009552 1186328    0.00117   72   38    0.00140    0.00021  85.3%  27.6 2285s
 7025018 1188587    0.00039   75   54    0.00140    0.00021  85.3%  27.6 2290s
 7040536 1190348 infeasible   65         0.00140    0.00021  85.3%  27.6 2295s
 7055882 1192704    0.00030   66   43    0.00140    0.00021  85.3%  27.7 2300s
 7069692 1193746    0.00043   58   45    0.00140    0.00021  85.3%  27.7 2305s
 7086490 1195319 infeasible   64         0.00140    0.00021  85.3%  27.7 2310s
 7103280 1197371 infeasible   71         0.00140    0.00021  85.3%  27.7 2315s
 7119602 1199319 infeasible   71         0.00140    0.00021  85.3%  27.7 2320s
 7132886 1201094    0.00021   52   50    0.00140    0.00021  85.3%  27.7 2325s
 7150898 1204438    0.00084   71   48    0.00140    0.00021  85.3%  27.7 2330s
 7168747 1207498    0.00047   73   54    0.00140    0.00021  85.3%  27.7 2335s
 7184110 1209505 infeasible   85         0.00140    0.00021  85.3%  27.7 2340s
 7197386 1211338     cutoff   73         0.00140    0.00021  85.3%  27.7 2345s
 7213949 1213179    0.00021   60   52    0.00140    0.00021  85.3%  27.7 2350s
 7229365 1214514    0.00021   63   52    0.00140    0.00021  85.3%  27.7 2355s
 7245510 1216422 infeasible   67         0.00140    0.00021  85.3%  27.7 2360s
 7256418 1217837    0.00048   72   56    0.00140    0.00021  85.3%  27.7 2365s
 7272361 1220401    0.00067   79   46    0.00140    0.00021  85.3%  27.7 2370s
 7289346 1222623 infeasible   80         0.00140    0.00021  85.3%  27.7 2375s
 7307064 1225074     cutoff   72         0.00140    0.00021  85.3%  27.7 2380s
 7322446 1226711    0.00021   66   47    0.00140    0.00021  85.3%  27.7 2385s
 7336385 1228118 infeasible   77         0.00140    0.00021  85.3%  27.7 2390s
 7353997 1229599 infeasible   71         0.00140    0.00021  85.3%  27.7 2395s
 7368285 1231279    0.00130   60   58    0.00140    0.00021  85.3%  27.7 2400s
 7382311 1232963    0.00021   72   44    0.00140    0.00021  85.3%  27.7 2405s
 7399910 1235970 infeasible   79         0.00140    0.00021  85.3%  27.7 2410s
 7416138 1237783 infeasible   61         0.00140    0.00021  85.3%  27.7 2415s
 7431527 1239890    0.00078   82   46    0.00140    0.00021  85.3%  27.7 2420s
 7446835 1241674    0.00021   64   48    0.00140    0.00021  85.3%  27.7 2425s
 7463931 1243836     cutoff   69         0.00140    0.00021  85.3%  27.6 2430s
 7479490 1245467    0.00022   77   49    0.00140    0.00021  85.3%  27.6 2435s
 7492500 1247069    0.00031   74   45    0.00140    0.00021  85.3%  27.6 2440s
 7505914 1248712     cutoff   61         0.00140    0.00021  85.3%  27.6 2445s
 7521796 1250455    0.00021   63   54    0.00140    0.00021  85.3%  27.6 2450s
 7536711 1252323     cutoff   83         0.00140    0.00021  85.3%  27.6 2455s
 7554664 1254251 infeasible   67         0.00140    0.00021  85.3%  27.6 2460s
 7570042 1256379    0.00022   76   44    0.00140    0.00021  85.3%  27.6 2465s
 7584478 1257989    0.00021   59   49    0.00140    0.00021  85.3%  27.6 2470s
 7601386 1259521    0.00033   78   54    0.00140    0.00021  85.3%  27.6 2475s
 7618232 1261547 infeasible   80         0.00140    0.00021  85.3%  27.6 2480s
 7635971 1263577    0.00088   79   37    0.00140    0.00021  85.3%  27.6 2485s
 7652267 1265474     cutoff   55         0.00140    0.00021  85.3%  27.6 2490s
 7664910 1266970 infeasible   57         0.00140    0.00021  85.3%  27.6 2495s
 7681020 1268566    0.00021   51   49    0.00140    0.00021  85.3%  27.6 2500s
 7695130 1270328    0.00021   65   54    0.00140    0.00021  85.3%  27.6 2505s
 7709799 1272090     cutoff   88         0.00140    0.00021  85.3%  27.6 2510s
 7725052 1274098    0.00027   75   59    0.00140    0.00021  85.3%  27.6 2515s
 7739827 1275760    0.00021   79   46    0.00140    0.00021  85.3%  27.6 2520s
 7755911 1277600     cutoff   83         0.00140    0.00021  85.3%  27.6 2525s
 7773812 1279853    0.00021   47   60    0.00140    0.00021  85.3%  27.6 2530s
 7789718 1282617    0.00023   70   51    0.00140    0.00021  85.3%  27.7 2535s
 7803069 1284582    0.00021   65   58    0.00140    0.00021  85.3%  27.7 2540s
 7819233 1287510    0.00021   54   62    0.00140    0.00021  85.3%  27.7 2545s
 7832748 1289471    0.00045   74   46    0.00140    0.00021  85.3%  27.7 2550s
 7848668 1291720 infeasible   47         0.00140    0.00021  85.3%  27.7 2555s
 7865555 1293467    0.00112   63   48    0.00140    0.00021  85.3%  27.7 2560s
 7879261 1295031    0.00021   73   48    0.00140    0.00021  85.3%  27.7 2565s
 7892439 1297501    0.00021   61   62    0.00140    0.00021  85.3%  27.7 2570s
 7908928 1299891    0.00022   55   58    0.00140    0.00021  85.3%  27.7 2575s
 7921614 1301177    0.00021   64   48    0.00140    0.00021  85.3%  27.7 2580s
 7935161 1303125    0.00021   78   49    0.00140    0.00021  85.3%  27.7 2585s
 7950719 1305326     cutoff   78         0.00140    0.00021  85.3%  27.7 2590s
 7967715 1307207    0.00041   73   46    0.00140    0.00021  85.3%  27.7 2595s
 7981346 1308347     cutoff   69         0.00140    0.00021  85.3%  27.7 2600s
 8000220 1311318 infeasible   93         0.00140    0.00021  85.3%  27.7 2605s
 8013183 1312794    0.00021   89   47    0.00140    0.00021  85.3%  27.7 2610s
 8030109 1314088 infeasible   86         0.00140    0.00021  85.3%  27.7 2615s
 8044625 1314747    0.00021   77   51    0.00140    0.00021  85.3%  27.7 2620s
 8059383 1316179    0.00101   70   57    0.00140    0.00021  85.3%  27.7 2625s
 8075544 1318695    0.00021   94   48    0.00140    0.00021  85.3%  27.7 2630s
 8089061 1320400 infeasible   73         0.00140    0.00021  85.3%  27.7 2635s
 8106867 1322510    0.00071   69   46    0.00140    0.00021  85.3%  27.7 2640s
 8119848 1324406    0.00021   49   61    0.00140    0.00021  85.3%  27.7 2645s
 8135288 1326783     cutoff   87         0.00140    0.00021  85.3%  27.7 2650s
 8149620 1329044    0.00108   70   49    0.00140    0.00021  85.3%  27.7 2655s
 8170164 1331742    0.00139   87   54    0.00140    0.00021  85.3%  27.7 2660s
 8188537 1334363    0.00047   85   54    0.00140    0.00021  85.3%  27.7 2665s
 8204057 1336225    0.00098   85   49    0.00140    0.00021  85.3%  27.7 2670s
 8218205 1338578 infeasible   65         0.00140    0.00021  85.3%  27.7 2675s
 8235731 1340185 infeasible   55         0.00140    0.00021  85.3%  27.7 2680s
 8248984 1341806 infeasible   62         0.00140    0.00021  85.3%  27.7 2685s
 8265948 1343787 infeasible   46         0.00140    0.00021  85.3%  27.7 2690s
 8278390 1345408 infeasible   78         0.00140    0.00021  85.3%  27.7 2695s
 8296858 1347321    0.00084   71   42    0.00140    0.00021  85.3%  27.7 2700s
 8309123 1348954    0.00021   56   51    0.00140    0.00021  85.3%  27.7 2705s
 8328731 1351806     cutoff   80         0.00140    0.00021  85.3%  27.8 2710s
 8344536 1353759 infeasible   70         0.00140    0.00021  85.3%  27.8 2715s
 8356769 1355650    0.00021   66   62    0.00140    0.00021  85.3%  27.8 2720s
 8373467 1357657 infeasible   68         0.00140    0.00021  85.3%  27.8 2725s
 8390963 1359748     cutoff   61         0.00140    0.00021  85.3%  27.8 2730s
 8404840 1361473    0.00021   65   56    0.00140    0.00021  85.3%  27.8 2735s
 8420443 1364230    0.00021   61   53    0.00140    0.00021  85.3%  27.8 2740s
 8438045 1366764 infeasible   75         0.00140    0.00021  85.3%  27.8 2745s
 8453997 1368506 infeasible   70         0.00140    0.00021  85.3%  27.8 2750s
 8469614 1371025     cutoff   79         0.00140    0.00021  85.3%  27.8 2755s
 8485858 1373181    0.00088   70   42    0.00140    0.00021  85.3%  27.8 2760s
 8500561 1374797    0.00034   56   52    0.00140    0.00021  85.3%  27.8 2765s
 8516729 1376901     cutoff   62         0.00140    0.00021  85.3%  27.8 2770s
 8532348 1378447 infeasible   60         0.00140    0.00021  85.3%  27.8 2775s
 8545287 1379626    0.00084   54   56    0.00140    0.00021  85.3%  27.8 2780s
 8562413 1381502    0.00021   59   50    0.00140    0.00021  85.3%  27.8 2786s
 8575191 1382970    0.00021   65   56    0.00140    0.00021  85.3%  27.8 2790s
 8588985 1385165     cutoff   54         0.00140    0.00021  85.3%  27.8 2795s
 8608058 1387620    0.00021   67   49    0.00140    0.00021  85.3%  27.8 2800s
 8623886 1389489 infeasible   69         0.00140    0.00021  85.3%  27.8 2805s
 8638466 1391379    0.00021   66   58    0.00140    0.00021  85.3%  27.8 2810s
 8653828 1393132    0.00022   71   49    0.00140    0.00021  85.3%  27.8 2815s
 8669167 1394698    0.00021   78   56    0.00140    0.00021  85.3%  27.8 2820s
 8683115 1396085 infeasible   58         0.00140    0.00021  85.3%  27.8 2825s
 8694836 1397270    0.00087   58   56    0.00140    0.00021  85.3%  27.8 2830s
 8713284 1399466 infeasible   63         0.00140    0.00021  85.3%  27.8 2835s
 8728003 1401049    0.00021   66   52    0.00140    0.00021  85.3%  27.8 2840s
 8742029 1403022    0.00021   64   54    0.00140    0.00021  85.3%  27.8 2845s
 8760059 1405242    0.00025   81   42    0.00140    0.00021  85.3%  27.8 2850s
 8773618 1406640 infeasible   69         0.00140    0.00021  85.3%  27.8 2855s
 8788895 1408472    0.00066   69   41    0.00140    0.00021  85.3%  27.8 2860s
 8801158 1409919    0.00040   68   55    0.00140    0.00021  85.3%  27.8 2865s
 8818440 1411553    0.00027   68   51    0.00140    0.00021  85.3%  27.8 2870s
 8835370 1413323     cutoff   60         0.00140    0.00021  85.3%  27.8 2875s
 8847003 1414410 infeasible   56         0.00140    0.00021  85.3%  27.8 2880s
 8862839 1415887    0.00021   62   56    0.00140    0.00021  85.3%  27.8 2885s
 8878176 1417358     cutoff   63         0.00140    0.00021  85.3%  27.8 2890s
 8894979 1419386 infeasible   66         0.00140    0.00021  85.3%  27.8 2895s
 8912065 1421280    0.00021   64   47    0.00140    0.00021  85.3%  27.8 2900s
 8927663 1424105    0.00021   67   46    0.00140    0.00021  85.3%  27.8 2905s
 8944228 1426596 infeasible   86         0.00140    0.00021  85.3%  27.8 2910s
 8960075 1429755    0.00021   52   49    0.00140    0.00021  85.3%  27.8 2915s
 8976103 1432087    0.00027   69   55    0.00140    0.00021  85.3%  27.8 2920s
 8994406 1434310 infeasible   60         0.00140    0.00021  85.3%  27.8 2925s
 9008106 1436710 infeasible   81         0.00140    0.00021  85.3%  27.8 2930s
 9026761 1439354    0.00021   64   53    0.00140    0.00021  85.3%  27.8 2935s
 9043797 1441621    0.00084   72   45    0.00140    0.00021  85.3%  27.8 2940s
 9060290 1443482 infeasible   70         0.00140    0.00021  85.3%  27.8 2945s
 9076231 1445340    0.00048   63   55    0.00140    0.00021  85.3%  27.8 2950s
 9090577 1447072 infeasible   68         0.00140    0.00021  85.3%  27.8 2955s
 9106079 1448718 infeasible   76         0.00140    0.00021  85.3%  27.8 2960s
 9121156 1449825    0.00054   67   49    0.00140    0.00021  85.3%  27.8 2965s
 9135870 1451287 infeasible   54         0.00140    0.00021  85.3%  27.8 2970s
 9149639 1452701     cutoff   78         0.00140    0.00021  85.3%  27.8 2975s
 9165706 1454958    0.00024   70   57    0.00140    0.00021  85.3%  27.8 2980s
 9181181 1457152 infeasible   65         0.00140    0.00021  85.3%  27.8 2986s
 9197343 1460424    0.00021   62   46    0.00140    0.00021  85.3%  27.8 2990s
 9213161 1463678    0.00112   70   40    0.00140    0.00021  85.3%  27.8 2995s
 9230120 1467410    0.00021   56   49    0.00140    0.00021  85.3%  27.8 3000s
 9246707 1470085    0.00053   70   43    0.00140    0.00021  85.3%  27.8 3005s
 9262188 1472025 infeasible   71         0.00140    0.00021  85.3%  27.8 3010s
 9277047 1473593    0.00021   59   35    0.00140    0.00021  85.3%  27.8 3015s
 9292979 1476384    0.00021   61   49    0.00140    0.00021  85.3%  27.7 3020s
 9309974 1478713     cutoff   77         0.00140    0.00021  85.3%  27.7 3025s
 9327842 1481429    0.00022   77   43    0.00140    0.00021  85.3%  27.7 3030s
 9344614 1483353     cutoff   62         0.00140    0.00021  85.3%  27.7 3035s
 9359589 1485127    0.00021   73   58    0.00140    0.00021  85.3%  27.7 3040s
 9371464 1486496    0.00021   55   53    0.00140    0.00021  85.3%  27.7 3045s
 9390595 1489119    0.00022   69   42    0.00140    0.00021  85.3%  27.7 3050s
 9406393 1491609 infeasible   79         0.00140    0.00021  85.3%  27.7 3055s
 9424154 1494130    0.00021   58   53    0.00140    0.00021  85.3%  27.7 3060s
 9441078 1496008 infeasible   76         0.00140    0.00021  85.3%  27.7 3065s
 9455160 1497302    0.00021   65   42    0.00140    0.00021  85.3%  27.7 3070s
 9469453 1498494    0.00024   69   54    0.00140    0.00021  85.3%  27.7 3075s
 9486081 1500897 infeasible   75         0.00140    0.00021  85.3%  27.7 3080s
 9499839 1502660     cutoff   72         0.00140    0.00021  85.3%  27.7 3085s
 9516338 1505284 infeasible   60         0.00140    0.00021  85.3%  27.7 3091s
 9528921 1507087    0.00021   64   46    0.00140    0.00021  85.3%  27.7 3095s
 9546764 1509050 infeasible   71         0.00140    0.00021  85.3%  27.7 3100s
 9561282 1510983    0.00081   69   54    0.00140    0.00021  85.3%  27.7 3105s
 9576465 1512560 infeasible   64         0.00140    0.00021  85.3%  27.7 3110s
 9591083 1514041     cutoff   60         0.00140    0.00021  85.3%  27.7 3115s
 9604512 1515664    0.00027   64   49    0.00140    0.00021  85.3%  27.7 3120s
 9620551 1517367    0.00084   71   48    0.00140    0.00021  85.3%  27.7 3125s
 9636583 1519436     cutoff   69         0.00140    0.00021  85.3%  27.8 3130s
 9654561 1522628 infeasible   74         0.00140    0.00021  85.3%  27.7 3135s
 9669847 1524413    0.00021   57   59    0.00140    0.00021  85.3%  27.7 3140s
 9683639 1526130    0.00084   70   39    0.00140    0.00021  85.3%  27.8 3145s
 9700306 1527795 infeasible   71         0.00140    0.00021  85.3%  27.8 3150s
 9715353 1529759    0.00021   68   37    0.00140    0.00021  85.3%  27.8 3155s
 9729894 1531204 infeasible   62         0.00140    0.00021  85.3%  27.8 3160s
 9743886 1532457     cutoff   67         0.00140    0.00021  85.3%  27.8 3165s
 9758836 1533973     cutoff   72         0.00140    0.00021  85.3%  27.8 3170s
 9774269 1535818 infeasible   64         0.00140    0.00021  85.3%  27.8 3175s
 9790303 1537519    0.00021   62   46    0.00140    0.00021  85.3%  27.8 3180s
 9805449 1539268    0.00023   78   52    0.00140    0.00021  85.3%  27.8 3185s
 9818531 1540808    0.00021   66   66    0.00140    0.00021  85.3%  27.8 3190s
 9829539 1541595     cutoff   82         0.00140    0.00021  85.3%  27.8 3195s
 9843717 1543420    0.00027   68   46    0.00140    0.00021  85.3%  27.8 3200s
 9857635 1546114    0.00031   83   52    0.00140    0.00021  85.3%  27.8 3205s
 9878149 1549701    0.00021   74   57    0.00140    0.00021  85.3%  27.8 3210s
 9890254 1551185    0.00021   76   55    0.00140    0.00021  85.3%  27.8 3215s
 9906919 1552923    0.00021   62   54    0.00140    0.00021  85.3%  27.8 3220s
 9923881 1554815    0.00021   59   62    0.00140    0.00021  85.3%  27.8 3225s
 9939027 1556579     cutoff   66         0.00140    0.00021  85.3%  27.8 3230s
 9957633 1558908    0.00076   77   51    0.00140    0.00021  85.3%  27.8 3235s
 9971401 1560824 infeasible   94         0.00140    0.00021  85.3%  27.8 3240s
 9989315 1564090    0.00045   80   36    0.00140    0.00021  85.3%  27.8 3245s
 10005928 1567151 infeasible   95         0.00140    0.00021  85.3%  27.8 3250s
 10020894 1569049    0.00025   76   49    0.00140    0.00021  85.3%  27.8 3255s
 10035195 1570427    0.00021   73   52    0.00140    0.00021  85.3%  27.8 3260s
 10051357 1572131 infeasible   71         0.00140    0.00021  85.3%  27.8 3265s
 10069977 1574774 infeasible   85         0.00140    0.00021  85.3%  27.8 3270s
 10083202 1576608     cutoff   79         0.00140    0.00021  85.3%  27.8 3275s
 10097586 1578894    0.00021   78   53    0.00140    0.00021  85.3%  27.8 3280s
 10112023 1580707    0.00021   64   38    0.00140    0.00021  85.3%  27.8 3285s
 10129810 1586394    0.00123   75   45    0.00140    0.00021  85.3%  27.8 3290s
 10150915 1592695    0.00021   76   60    0.00140    0.00021  85.3%  27.8 3295s
 10171657 1598082    0.00021   59   57    0.00140    0.00021  85.3%  27.8 3300s
 10192689 1603125     cutoff   76         0.00140    0.00021  85.3%  27.8 3305s
 10213548 1607721 infeasible   70         0.00140    0.00021  85.3%  27.8 3310s
 10234587 1613221     cutoff   68         0.00140    0.00021  85.3%  27.8 3315s
 10253893 1618488    0.00084   53   36    0.00140    0.00021  85.3%  27.8 3320s
 10274175 1623892    0.00083   57   48    0.00140    0.00021  85.3%  27.8 3325s
 10294545 1629179     cutoff   86         0.00140    0.00021  85.3%  27.8 3330s
 10312715 1632633    0.00025   70   50    0.00140    0.00021  85.3%  27.8 3335s
 10332741 1635702    0.00047   63   39    0.00140    0.00021  85.3%  27.8 3340s
 10352318 1639701    0.00021   70   60    0.00140    0.00021  85.3%  27.8 3345s
 10371711 1643176 infeasible   72         0.00140    0.00021  85.3%  27.8 3350s
 10389530 1644378     cutoff   49         0.00140    0.00021  85.3%  27.8 3355s
 10407275 1645278     cutoff   66         0.00140    0.00021  85.3%  27.8 3360s
 10427456 1648799    0.00066   79   43    0.00140    0.00021  85.3%  27.8 3365s
 10444318 1650482    0.00021   70   50    0.00140    0.00021  85.3%  27.8 3370s
 10461879 1651709    0.00021   60   42    0.00140    0.00021  85.3%  27.8 3375s
 10479117 1653306     cutoff   67         0.00140    0.00021  85.3%  27.8 3380s
 10495441 1657278    0.00021   52   62    0.00140    0.00021  85.3%  27.8 3385s
 10513379 1661753    0.00083   70   41    0.00140    0.00021  85.3%  27.8 3390s
 10528486 1665818    0.00021   69   55    0.00140    0.00021  85.3%  27.8 3395s
 10544190 1669489     cutoff   47         0.00140    0.00021  85.3%  27.8 3400s
 10562215 1674511 infeasible   75         0.00140    0.00021  85.3%  27.8 3405s
 10579646 1678824    0.00021   57   65    0.00140    0.00021  85.3%  27.8 3410s
 10597881 1682212     cutoff   67         0.00140    0.00021  85.3%  27.8 3415s
 10614735 1684522    0.00021   66   53    0.00140    0.00021  85.3%  27.8 3420s
 10630275 1686236    0.00021   64   58    0.00140    0.00021  85.3%  27.8 3425s
 10644205 1688207    0.00021   47   66    0.00140    0.00021  85.3%  27.8 3430s
 10662574 1689230 infeasible   71         0.00140    0.00021  85.3%  27.8 3435s
 10677434 1689281    0.00025   79   49    0.00140    0.00021  85.3%  27.8 3440s
 10693788 1689752     cutoff   83         0.00140    0.00021  85.3%  27.8 3445s
 10707798 1690239 infeasible   64         0.00140    0.00021  85.3%  27.8 3450s
 10727322 1690587    0.00029   67   57    0.00140    0.00021  85.3%  27.8 3455s
 10743243 1691184    0.00024   74   56    0.00140    0.00021  85.3%  27.8 3460s
 10760975 1696283     cutoff   66         0.00140    0.00021  85.3%  27.8 3465s
 10778384 1700238 infeasible   68         0.00140    0.00021  85.3%  27.8 3470s
 10797627 1702853 infeasible   63         0.00140    0.00021  85.3%  27.8 3475s
 10813497 1703779    0.00021   71   58    0.00140    0.00021  85.3%  27.8 3480s
 10827482 1704345     cutoff   84         0.00140    0.00021  85.3%  27.8 3485s
 10843631 1704532    0.00021   74   58    0.00140    0.00021  85.3%  27.8 3490s
 10862201 1705058     cutoff   73         0.00140    0.00021  85.3%  27.8 3495s
 10879732 1705958    0.00021   63   59    0.00140    0.00021  85.3%  27.8 3500s
 10896846 1706689 infeasible   72         0.00140    0.00021  85.3%  27.8 3505s
 10912136 1707910    0.00021   66   45    0.00140    0.00021  85.3%  27.8 3510s
 10932610 1710669     cutoff   69         0.00140    0.00021  85.3%  27.8 3515s
 10947301 1712397    0.00021   70   53    0.00140    0.00021  85.3%  27.8 3520s
 10965815 1714666    0.00021   76   55    0.00140    0.00021  85.3%  27.8 3525s
 10982847 1716238     cutoff   73         0.00140    0.00021  85.3%  27.8 3530s
 10999100 1718136    0.00021   57   59    0.00140    0.00021  85.3%  27.8 3535s
 11016412 1720052     cutoff   77         0.00140    0.00021  85.3%  27.8 3540s
 11029892 1723797     cutoff   60         0.00140    0.00021  85.3%  27.8 3545s
 11041779 1727049    0.00093   78   36    0.00140    0.00021  85.3%  27.8 3550s
H11043096 1699538                       0.0011424    0.00021  82.0%  27.8 3551s
H11044860 1699719                       0.0011424    0.00021  82.0%  27.8 3552s
H11045033 1626879                       0.0009089    0.00021  77.4%  27.8 3552s
H11047270 1627452                       0.0009087    0.00021  77.4%  27.8 3553s
H11047282 1627370                       0.0009085    0.00021  77.3%  27.8 3553s
H11048260 1627364                       0.0009085    0.00021  77.3%  27.8 3554s
H11048263 1627356                       0.0009085    0.00021  77.3%  27.8 3554s
 11048271 1627699    0.00024   59   67    0.00091    0.00021  77.3%  27.8 3555s
*11049688 1574722              98       0.0008536    0.00021  75.9%  27.8 3555s
H11049793 1575088                       0.0008536    0.00021  75.9%  27.8 3555s
H11054587 1576044                       0.0008536    0.00021  75.9%  27.8 3558s
*11056518 1528213              94       0.0008377    0.00021  75.4%  27.8 3559s
*11056521 1528129              94       0.0008377    0.00021  75.4%  27.8 3559s
*11056525 1527955              94       0.0008377    0.00021  75.4%  27.8 3559s
*11056528 1527806              94       0.0008377    0.00021  75.4%  27.8 3559s
 11056621 1528315     cutoff   71         0.00084    0.00021  75.4%  27.8 3560s
H11058506 1528809                       0.0008377    0.00021  75.4%  27.8 3560s
H11060443 1528888                       0.0008376    0.00021  75.4%  27.8 3562s
H11063761 1529624                       0.0008376    0.00021  75.4%  27.8 3563s
H11066173 1529983                       0.0008376    0.00021  75.4%  27.8 3565s
 11077244 1532009 infeasible   67         0.00084    0.00021  75.4%  27.8 3570s
H11077527 1532009                       0.0008376    0.00021  75.4%  27.8 3570s
*11083815 1521597             100       0.0008364    0.00021  75.4%  27.8 3574s
H11083825 1521579                       0.0008364    0.00021  75.4%  27.8 3574s
H11083828 1521573                       0.0008364    0.00021  75.4%  27.8 3574s
H11083832 1521547                       0.0008364    0.00021  75.4%  27.8 3574s
H11086309 1521955                       0.0008364    0.00021  75.4%  27.8 3575s
H11090856 1522549                       0.0008364    0.00021  75.4%  27.8 3577s
H11090869 1522549                       0.0008364    0.00021  75.4%  27.8 3577s
 11096886 1523307    0.00021   63   51    0.00084    0.00021  75.4%  27.8 3580s
 11110397 1525283 infeasible   77         0.00084    0.00021  75.4%  27.8 3585s
H11110399 1525270                       0.0008364    0.00021  75.4%  27.8 3585s
H11111452 1525746                       0.0008364    0.00021  75.4%  27.8 3586s
H11118387 1527629                       0.0008364    0.00021  75.4%  27.8 3589s
 11120164 1528080    0.00021   66   53    0.00084    0.00021  75.4%  27.8 3590s
H11122264 1528084                       0.0008364    0.00021  75.4%  27.8 3591s
 11129446 1530694     cutoff   71         0.00084    0.00021  75.4%  27.8 3595s
 11141268 1533322     cutoff   61         0.00084    0.00021  75.4%  27.8 3600s

Cutting planes:
  Gomory: 9
  Cover: 6
  Implied bound: 22
  Clique: 8
  MIR: 10
  Flow cover: 22
  RLT: 29
  Relax-and-lift: 25
  PSD: 1

Explored 11142169 nodes (309999752 simplex iterations) in 3600.01 seconds (1926.86 work units)
Thread count was 12 (of 12 available processors)

Solution count 10: 0.000836406 0.000836411 0.000836413 ... 0.000853576

Time limit reached
Best objective 8.364060115993e-04, best bound 2.058065039989e-04, gap 75.3939%
