
Gurobi 11.0.2 (win64) logging started Wed Oct  2 10:05:52 2024

Set parameter LogFile to value ".\Experiments\Track_k_e_2\Logs\track_k_e_2_r4_c12.log"
Set parameter TimeLimit to value 3600
Gurobi Optimizer version 11.0.2 build v11.0.2rc0 (win64 - Windows 10.0 (19045.2))

CPU model: Intel(R) Core(TM) i7-10750H CPU @ 2.60GHz, instruction set [SSE2|AVX|AVX2]
Thread count: 6 physical cores, 12 logical processors, using up to 12 threads

Optimize a model with 250 rows, 462 columns and 924 nonzeros
Model fingerprint: 0x9839abed
Model has 6 quadratic objective terms
Model has 68 quadratic constraints
Model has 116 general constraints
Variable types: 458 continuous, 4 integer (4 binary)
Coefficient statistics:
  Matrix range     [9e-06, 1e+02]
  QMatrix range    [1e+00, 1e+00]
  QLMatrix range   [1e+00, 1e+00]
  Objective range  [1e-02, 2e-01]
  QObjective range [2e+00, 2e+00]
  Bounds range     [8e-05, 7e+01]
  RHS range        [8e-05, 1e+02]
  QRHS range       [1e-06, 1e-06]
Presolve removed 28 rows and 9 columns
Presolve time: 0.02s
Presolved: 463 rows, 462 columns, 1271 nonzeros
Presolved model has 178 SOS constraint(s)
Presolved model has 4 quadratic objective terms
Presolved model has 57 bilinear constraint(s)
Presolved model has 4 nonlinear constraint(s)
Warning: Model contains variables with very large bounds participating
         in nonlinear terms.
         Presolve was not able to compute smaller bounds for these variables.
         Consider bounding these variables or reformulating the model.


Solving non-convex MINLP

Variable types: 284 continuous, 178 integer (178 binary)

Root relaxation: objective 2.058065e-04, 463 iterations, 0.00 seconds (0.00 work units)

    Nodes    |    Current Node    |     Objective Bounds      |     Work
 Expl Unexpl |  Obj  Depth IntInf | Incumbent    BestBd   Gap | It/Node Time

     0     0    0.00021    0  127          -    0.00021      -     -    0s
     0     0    0.00021    0  127          -    0.00021      -     -    0s
     0     0    0.00021    0  127          -    0.00021      -     -    0s
     0     0    0.00021    0  127          -    0.00021      -     -    0s
     0     0    0.00021    0  127          -    0.00021      -     -    0s
     0     0    0.00021    0  126          -    0.00021      -     -    0s
     0     0    0.00021    0  127          -    0.00021      -     -    0s
     0     0    0.00021    0  127          -    0.00021      -     -    0s
     0     0    0.00021    0  127          -    0.00021      -     -    0s
     0     0    0.00021    0  129          -    0.00021      -     -    0s
     0     2    0.00021    0  129          -    0.00021      -     -    0s
 76221 31434    0.00025   70   39          -    0.00021      -   4.6    5s
 160939 58595    0.01338  223   22          -    0.00021      -   4.7   10s
 242259 78406    0.00084  102   25          -    0.00021      -   4.6   15s
 317100 96059    0.00084  164   26          -    0.00021      -   4.8   20s
 403694 111919    0.00021  169   32          -    0.00021      -   5.0   25s
 482508 124439 infeasible  171               -    0.00021      -   4.9   30s
 548314 133942 infeasible  254               -    0.00021      -   5.1   35s
 615282 143297 infeasible  249               -    0.00021      -   5.2   40s
 693244 149774 infeasible  235               -    0.00021      -   5.1   45s
 762214 154168 infeasible  184               -    0.00021      -   5.1   50s
 833539 164023    0.00021  233   24          -    0.00021      -   5.1   55s
 909277 172644    0.00024  270   19          -    0.00021      -   4.9   60s
 987640 190328    0.00084  145   29          -    0.00021      -   4.9   65s
 1052445 204421    0.00084  180   26          -    0.00021      -   5.3   70s
 1112153 218401    0.00022  172   33          -    0.00021      -   5.8   75s
 1181751 232904    0.00021  182   34          -    0.00021      -   5.9   80s
 1250413 246231    0.00116  260   26          -    0.00021      -   5.9   85s
 1322004 261829    0.05854  115   40          -    0.00021      -   5.9   90s
 1395530 282299    0.00021  163   41          -    0.00021      -   5.9   95s
 1467723 298812    0.00021  103   39          -    0.00021      -   5.9  100s
 1536931 318979    0.01431  120   37          -    0.00021      -   5.9  105s
 1608978 340979    0.01431  149   35          -    0.00021      -   5.9  110s
 1681321 357463 infeasible  176               -    0.00021      -   5.9  115s
 1758789 374115    0.00021  194   39          -    0.00021      -   5.8  120s
 1836179 391624    0.00021   97   36          -    0.00021      -   5.8  125s
 1916130 404305 infeasible  141               -    0.00021      -   5.7  130s
 1994115 413623    0.00021  145   40          -    0.00021      -   5.6  135s
 2066714 430000    0.00021  253   23          -    0.00021      -   5.6  140s
 2135727 443287    0.00158   68   52          -    0.00021      -   5.6  145s
 2204279 455883    0.00045  256   15          -    0.00021      -   5.7  150s
 2272141 468532 infeasible  232               -    0.00021      -   5.7  155s
 2339014 494276 infeasible  236               -    0.00021      -   5.7  160s
 2402630 520296    0.00109  253   23          -    0.00021      -   5.8  165s
 2468958 546896 infeasible  186               -    0.00021      -   5.8  170s
 2532127 573699 infeasible  169               -    0.00021      -   5.9  175s
 2593987 596507    0.00021  166   48          -    0.00021      -   5.9  180s
 2662007 612517    0.00027  162   35          -    0.00021      -   6.1  185s
 2725940 632067    0.00021  169   47          -    0.00021      -   6.3  190s
 2789840 655386    0.00084  195   39          -    0.00021      -   6.3  195s
 2851014 679945 infeasible  248               -    0.00021      -   6.4  200s
 2918100 707918    0.00026  175   47          -    0.00021      -   6.4  205s
 2977634 731906    0.00103  196   27          -    0.00021      -   6.4  210s
 3039128 756983    0.00069  205   47          -    0.00021      -   6.5  215s
 3101132 780904    0.00029  204   39          -    0.00021      -   6.5  220s
 3167343 804402 infeasible  209               -    0.00021      -   6.5  225s
 3234689 825856 infeasible  200               -    0.00021      -   6.6  230s
 3302110 846683    0.00024  253   20          -    0.00021      -   6.6  235s
 3362163 863024    0.00021  234   23          -    0.00021      -   6.6  240s
 3431185 877457 infeasible  250               -    0.00021      -   6.6  245s
 3496599 889810    0.00021  176   36          -    0.00021      -   6.6  250s
 3561291 901736    0.01303  165   35          -    0.00021      -   6.6  255s
 3629760 915894 infeasible  270               -    0.00021      -   6.6  260s
 3701131 919826    0.00045  278   19          -    0.00021      -   6.6  265s
 3774668 926388    0.00021  248   20          -    0.00021      -   6.6  270s
 3844493 943131    0.00021  114   37          -    0.00021      -   6.6  275s
 3920839 957815    0.00021  140   42          -    0.00021      -   6.7  280s
 3991896 978295    0.00032  232   33          -    0.00021      -   6.7  285s
 4055152 1004000    0.00027  213   34          -    0.00021      -   6.7  290s
 4126964 1028373    0.00025  191   33          -    0.00021      -   6.6  295s
 4198993 1040324 infeasible  226               -    0.00021      -   6.6  300s
 4270611 1043785 infeasible  214               -    0.00021      -   6.5  305s
 4344242 1043709    0.00021  216   23          -    0.00021      -   6.4  310s
 4423339 1043879    0.00021  213   24          -    0.00021      -   6.3  315s
 4497524 1044991 infeasible  212               -    0.00021      -   6.3  320s
 4569192 1046377 infeasible  216               -    0.00021      -   6.2  325s
 4642942 1046704    0.00021  221   25          -    0.00021      -   6.1  330s
 4720031 1051367 infeasible  213               -    0.00021      -   6.1  335s
 4791635 1058600 infeasible  215               -    0.00021      -   6.0  340s
 4863399 1068751    0.00025  215   33          -    0.00021      -   6.0  345s
 4931917 1088830 infeasible  198               -    0.00021      -   6.0  350s
 5001304 1110879    0.00070  191   30          -    0.00021      -   5.9  355s
 5069227 1129345 infeasible  158               -    0.00021      -   5.9  360s
 5132761 1143931    0.00034  282   16          -    0.00021      -   6.0  365s
 5201556 1157988    0.00021  272   17          -    0.00021      -   6.0  370s
 5281832 1171736    0.00021  180   34          -    0.00021      -   6.0  375s
 5347914 1197341 infeasible  192               -    0.00021      -   6.0  380s
 5411247 1222271    0.00035  200   36          -    0.00021      -   6.0  385s
 5476657 1247748    0.00095  182   30          -    0.00021      -   6.0  390s
 5548382 1266062 infeasible  192               -    0.00021      -   6.0  395s
 5613281 1284214    0.00021  146   42          -    0.00021      -   6.0  400s
 5681601 1304673    0.00021  184   36          -    0.00021      -   6.0  405s
 5753682 1322495    0.00084  184   42          -    0.00021      -   5.9  410s
 5825096 1341670 infeasible  143               -    0.00021      -   5.9  415s
 5889584 1369979 infeasible  200               -    0.00021      -   5.9  420s
 5954024 1399624    0.00095  189   16          -    0.00021      -   5.9  425s
 6017858 1425077 infeasible  241               -    0.00021      -   5.9  430s
 6089621 1441037    0.01331  242   23          -    0.00021      -   5.9  435s
 6160375 1462423    0.00061  206   34          -    0.00021      -   5.9  440s
 6223495 1492221 infeasible  198               -    0.00021      -   5.9  445s
 6287597 1521450    0.00030  190   47          -    0.00021      -   5.9  450s
 6352243 1544344    0.00033  228   38          -    0.00021      -   5.9  455s
 6418029 1566579 infeasible  181               -    0.00021      -   5.9  460s
 6486974 1591480    0.00026  172   48          -    0.00021      -   5.9  465s
 6551129 1617300    0.00084  197   40          -    0.00021      -   5.9  470s
 6615170 1643385 infeasible  197               -    0.00021      -   5.9  475s
 6677508 1669524    0.00084  210   23          -    0.00021      -   6.0  480s
 6741608 1696478    0.00043  203   35          -    0.00021      -   6.0  485s
 6805040 1724182    0.00030  184   35          -    0.00021      -   6.0  490s
 6867814 1751334    0.00033  203   34          -    0.00021      -   6.0  495s
 6930307 1776998 infeasible  284               -    0.00021      -   6.0  500s
 6993004 1803903 infeasible  165               -    0.00021      -   6.0  505s
 7060018 1826149 infeasible  179               -    0.00021      -   6.1  510s
 7126722 1844787    0.00021  203   46          -    0.00021      -   6.1  515s
 7192921 1866628 infeasible  138               -    0.00021      -   6.1  520s
 7261634 1883804    0.00035  226   36          -    0.00021      -   6.1  525s
 7341818 1896707    0.00021  231   18          -    0.00021      -   6.1  530s
 7409982 1920385 infeasible  225               -    0.00021      -   6.1  535s
 7473511 1948309    0.00033  175   47          -    0.00021      -   6.1  540s
 7535615 1976240 infeasible  253               -    0.00021      -   6.1  545s
 7597642 2002992 infeasible  231               -    0.00021      -   6.1  550s
 7662483 2027204 infeasible  179               -    0.00021      -   6.1  555s
 7730744 2050227    0.00021  176   43          -    0.00021      -   6.2  560s
 7797924 2074083    0.00094  182   37          -    0.00021      -   6.2  565s
 7866869 2100253    0.00051  175   47          -    0.00021      -   6.2  570s
 7932715 2126327    0.00084  218   39          -    0.00021      -   6.2  575s
 7998439 2153273    0.00084  174   41          -    0.00021      -   6.2  580s
 8064040 2179307    0.00084  175   38          -    0.00021      -   6.2  585s
 8127202 2204878    0.00031  234   37          -    0.00021      -   6.2  590s
 8194183 2231966    0.00021  219   34          -    0.00021      -   6.2  595s
 8256109 2260092 infeasible   87               -    0.00021      -   6.2  600s
 8325384 2284809    0.00037  188   45          -    0.00021      -   6.2  605s
 8396680 2302947    0.00021  177   36          -    0.00021      -   6.2  610s
 8472418 2320322 infeasible  186               -    0.00021      -   6.2  615s
 8540082 2342386    0.00024  250   35          -    0.00021      -   6.2  620s
 8609006 2369355    0.00021  213   27          -    0.00021      -   6.2  625s
 8678382 2390195    0.00021  221   23          -    0.00021      -   6.2  630s
 8749959 2408552    0.00062  251   28          -    0.00021      -   6.2  635s
 8823339 2420673 infeasible  277               -    0.00021      -   6.2  640s
 8897430 2435065    0.00021  131   41          -    0.00021      -   6.2  645s
 8975690 2447963 infeasible  166               -    0.00021      -   6.2  650s
 9046943 2467180    0.00029  165   40          -    0.00021      -   6.2  655s
 9110724 2490324    0.00084  183   44          -    0.00021      -   6.2  660s
 9177425 2512297 infeasible  201               -    0.00021      -   6.2  665s
 9246381 2533742    0.00021  206   45          -    0.00021      -   6.2  670s
 9314129 2551825 infeasible  249               -    0.00021      -   6.2  675s
 9379269 2578002 infeasible  155               -    0.00021      -   6.2  680s
 9441674 2604437 infeasible  157               -    0.00021      -   6.2  685s
 9506798 2629842    0.00084  182   31          -    0.00021      -   6.2  690s
 9572430 2652827    0.00039  167   38          -    0.00021      -   6.2  695s
 9639319 2676292    1.24352   65   54          -    0.00021      -   6.3  700s
 9708888 2701214    0.00021  134   37          -    0.00021      -   6.3  705s
 9778251 2720100    0.00084  146   29          -    0.00021      -   6.3  710s
 9841520 2739395    0.00084  159   32          -    0.00021      -   6.3  715s
 9905710 2759989 infeasible  173               -    0.00021      -   6.3  720s
 9968835 2784654    0.00088  199   35          -    0.00021      -   6.3  725s
 10036126 2810202    0.00021  192   36          -    0.00021      -   6.3  730s
 10099250 2833549    0.00040  186   36          -    0.00021      -   6.3  735s
 10163984 2856879    0.00080  208   26          -    0.00021      -   6.3  740s
 10225736 2879109    0.00021  226   33          -    0.00021      -   6.3  745s
 10293957 2889565 infeasible 2241               -    0.00021      -   6.3  750s
 10367274 2895376 infeasible  277               -    0.00021      -   6.3  755s
 10432105 2919062    0.00026  172   48          -    0.00021      -   6.3  760s
 10494820 2942728    0.00021  156   49          -    0.00021      -   6.3  765s
 10558503 2966286    0.00021  185   48          -    0.00021      -   6.3  770s
 10620801 2987582 infeasible  285               -    0.00021      -   6.3  775s
 10687983 3009332    0.00024  202   49          -    0.00021      -   6.3  780s
 10753693 3031090    0.00081  212   28          -    0.00021      -   6.4  785s
 10818600 3055038    0.00021  147   43          -    0.00021      -   6.4  790s
 10882666 3082778    0.00040  221   30          -    0.00021      -   6.4  795s
 10945445 3109977    0.00075  182   38          -    0.00021      -   6.4  800s
 11010699 3136265    0.00084  220   38          -    0.00021      -   6.4  805s
 11075725 3158909    0.00042  174   36          -    0.00021      -   6.4  810s
 11141955 3183246 infeasible  177               -    0.00021      -   6.4  815s
 11205349 3207220    0.00053  188   37          -    0.00021      -   6.4  820s
 11268921 3230652    0.00023  191   37          -    0.00021      -   6.4  825s
 11331669 3253264    0.00027  211   37          -    0.00021      -   6.4  830s
 11393803 3275804    0.00050  214   35          -    0.00021      -   6.4  835s
 11454134 3298430    0.00095  246   36          -    0.00021      -   6.4  840s
 11511599 3319943    0.00021  274   25          -    0.00021      -   6.4  845s
 11573503 3347145    0.00021  183   37          -    0.00021      -   6.4  850s
 11636823 3377018    0.00029  212   44          -    0.00021      -   6.4  855s
 11698006 3404156    0.00027  176   47          -    0.00021      -   6.4  860s
 11761234 3429169    0.00084  174   41          -    0.00021      -   6.4  865s
 11828896 3452602    0.00031  287   33          -    0.00021      -   6.4  870s
 11896308 3473594    0.00021  169   47          -    0.00021      -   6.4  875s
 11962186 3492903 infeasible  151               -    0.00021      -   6.4  880s
 12029882 3515537    0.00060  217   31          -    0.00021      -   6.4  885s
 12091994 3538461    0.00109  213   34          -    0.00021      -   6.4  890s
 12159625 3557019 infeasible  267               -    0.00021      -   6.4  895s
 12226412 3581041    0.00042  172   43          -    0.00021      -   6.4  900s
 12289702 3606265    0.00109  197   35          -    0.00021      -   6.4  905s
 12353271 3632705    0.00084  208   40          -    0.00021      -   6.4  910s
 12416822 3660238 infeasible  152               -    0.00021      -   6.5  915s
 12482025 3687102    0.00109  230   32          -    0.00021      -   6.5  920s
 12547431 3704417 infeasible  257               -    0.00021      -   6.5  925s
 12617271 3721979    0.00021  275   19          -    0.00021      -   6.5  930s
 12683033 3747490    0.00024  194   48          -    0.00021      -   6.5  935s
 12747942 3766667    0.00029  186   45          -    0.00021      -   6.5  940s
 12819111 3780406 infeasible  178               -    0.00021      -   6.5  945s
 12883995 3801007 infeasible  184               -    0.00021      -   6.5  950s
 12953186 3822936 infeasible  185               -    0.00021      -   6.5  955s
 13016431 3840784 infeasible  217               -    0.00021      -   6.5  960s
 13081604 3858900    0.00084  180   29          -    0.00021      -   6.5  965s
 13148593 3875160 infeasible  195               -    0.00021      -   6.6  970s
 13213036 3889540    0.00092  187   26          -    0.00021      -   6.6  975s
 13280696 3904412    0.00095  190   29          -    0.00021      -   6.6  980s
 13345329 3918975    0.00046  182   32          -    0.00021      -   6.7  985s
 13414422 3934478 infeasible  222               -    0.00021      -   6.7  990s
 13479901 3949539    0.00030  177   43          -    0.00021      -   6.7  995s
 13549411 3965361 infeasible  184               -    0.00021      -   6.7 1000s
 13609085 3982686    0.00021  628   19          -    0.00021      -   6.7 1005s
 13671084 3988035 infeasible  633               -    0.00021      -   6.8 1010s
 13730615 3988758 infeasible  616               -    0.00021      -   6.8 1015s
 13792878 3988836    0.00021  609   20          -    0.00021      -   6.8 1020s
 13854970 3988522 infeasible  703               -    0.00021      -   6.8 1025s
 13917800 3988915    0.00021  698   19          -    0.00021      -   6.8 1030s
 13978367 3988677    0.00021  653   19          -    0.00021      -   6.8 1035s
 14039336 3988414    0.00021  720   18          -    0.00021      -   6.8 1040s
 14102085 3988429 infeasible  649               -    0.00021      -   6.8 1045s
 14165515 3988698 infeasible  742               -    0.00021      -   6.9 1050s
 14228554 3988704 infeasible  763               -    0.00021      -   6.9 1055s
 14291923 3988535    0.00021  737   19          -    0.00021      -   6.9 1060s
 14355593 3988157    0.00021  749   19          -    0.00021      -   6.9 1065s
 14417298 3987971    0.00021  757   19          -    0.00021      -   6.9 1070s
 14478892 3988599 infeasible  714               -    0.00021      -   6.9 1075s
 14545813 3988418    0.00021  717   20          -    0.00021      -   6.9 1080s
 14609162 3988062 infeasible  694               -    0.00021      -   6.9 1085s
 14671680 3988259    0.00021  696   19          -    0.00021      -   6.9 1090s
 14735811 3988601    0.00021  701   20          -    0.00021      -   6.9 1095s
 14799165 3988530    0.00021  714   20          -    0.00021      -   6.9 1100s
 14862855 3988403    0.00021  760   20          -    0.00021      -   6.9 1105s
 14927371 3988175    0.00021  708   18          -    0.00021      -   6.9 1110s
 14989018 3988055    0.00021  703   18          -    0.00021      -   7.0 1115s
 15050671 3987794    0.00021  696   20          -    0.00021      -   7.0 1120s
 15112763 3987609    0.00021  696   19          -    0.00021      -   7.0 1125s
 15173880 3990971 infeasible  700               -    0.00021      -   7.0 1130s
 15235618 3991487 infeasible  700               -    0.00021      -   7.0 1135s
 15295031 3991235    0.00021  729   19          -    0.00021      -   7.0 1140s
 15354779 3990928    0.00021  709   19          -    0.00021      -   7.0 1145s
 15416479 3990888    0.00021  724   19          -    0.00021      -   7.0 1150s
 15477780 3991143 infeasible  766               -    0.00021      -   7.0 1155s
 15539134 3990719    0.00021  750   19          -    0.00021      -   7.0 1160s
 15599925 3990858 infeasible  734               -    0.00021      -   7.0 1165s
 15661855 3990679 infeasible  716               -    0.00021      -   7.1 1170s
 15720842 3990565    0.00021  739   19          -    0.00021      -   7.1 1175s
 15782903 3991002 infeasible  713               -    0.00021      -   7.1 1180s
 15842794 3990524    0.00021  731   18          -    0.00021      -   7.1 1185s
 15903355 3990895 infeasible  709               -    0.00021      -   7.1 1190s
 15965358 3990544 infeasible  715               -    0.00021      -   7.1 1195s
 16026716 3990276 infeasible  727               -    0.00021      -   7.1 1200s
 16089026 3990667    0.00021  701   19          -    0.00021      -   7.1 1205s
 16148223 3990841 infeasible  700               -    0.00021      -   7.1 1210s
 16210414 3990421 infeasible  711               -    0.00021      -   7.1 1215s
 16268711 3990338    0.00021  700   18          -    0.00021      -   7.2 1220s
 16332770 3990222    0.00021  700   18          -    0.00021      -   7.2 1225s
 16396956 3990403 infeasible  709               -    0.00021      -   7.2 1230s
 16458990 3990549 infeasible  751               -    0.00021      -   7.2 1235s
 16521917 3990550    0.00021  707   20          -    0.00021      -   7.2 1240s
 16585162 3990322    0.00021  685   19          -    0.00021      -   7.2 1245s
 16646529 3990138 infeasible  717               -    0.00021      -   7.2 1250s
 16708074 3990263 infeasible  717               -    0.00021      -   7.2 1255s
 16769523 3989872    0.00021  701   19          -    0.00021      -   7.2 1260s
 16829165 3990424    0.00021  710   19          -    0.00021      -   7.2 1265s
 16890429 3990275 infeasible  711               -    0.00021      -   7.2 1270s
 16950131 3989849    0.00021  693   19          -    0.00021      -   7.2 1275s
 17011681 3989856    0.00021  704   18          -    0.00021      -   7.3 1280s
 17070860 3990085    0.00021  708   18          -    0.00021      -   7.3 1285s
 17132599 3989926 infeasible  703               -    0.00021      -   7.3 1290s
 17196237 3989903 infeasible  688               -    0.00021      -   7.3 1295s
 17257958 3990830 infeasible  716               -    0.00021      -   7.3 1300s
 17319179 3991161    0.00021  706   19          -    0.00021      -   7.3 1305s
 17380514 3990965    0.00021  765   18          -    0.00021      -   7.3 1310s
 17443570 3990786    0.00021  702   18          -    0.00021      -   7.3 1315s
 17505326 3990700 infeasible  713               -    0.00021      -   7.3 1320s
 17569458 3990278 infeasible  723               -    0.00021      -   7.3 1325s
 17630533 3990044    0.00021  687   19          -    0.00021      -   7.3 1330s
 17694522 3990794 infeasible  738               -    0.00021      -   7.3 1335s
 17757660 3990619    0.00021  763   19          -    0.00021      -   7.3 1340s
 17821202 3990332    0.00021  733   19          -    0.00021      -   7.3 1345s
 17882800 3989992    0.00021  708   19          -    0.00021      -   7.3 1350s
 17946463 3989690    0.00021  692   20          -    0.00021      -   7.3 1355s
 18007397 3989745 infeasible  721               -    0.00021      -   7.3 1360s
 18067563 3989623 infeasible  731               -    0.00021      -   7.3 1365s
 18128665 3989760    0.00021  704   18          -    0.00021      -   7.4 1370s
 18189995 3989536    0.00021  709   19          -    0.00021      -   7.4 1375s
 18251263 3990061 infeasible  712               -    0.00021      -   7.4 1380s
 18308546 3989590 infeasible  715               -    0.00021      -   7.4 1385s
 18370476 3989586 infeasible  705               -    0.00021      -   7.4 1390s
 18430222 3989296 infeasible  712               -    0.00021      -   7.4 1395s
 18491664 3989865    0.00021  710   17          -    0.00021      -   7.4 1400s
 18551430 3989502    0.00021  712   19          -    0.00021      -   7.4 1405s
 18611077 3989508    0.00021  723   19          -    0.00021      -   7.4 1410s
 18672709 3989333    0.00021  708   20          -    0.00021      -   7.4 1415s
 18731708 3990225    0.00021  692   19          -    0.00021      -   7.4 1420s
 18791655 3990223    0.00021  706   19          -    0.00021      -   7.4 1425s
 18852832 3990156 infeasible  689               -    0.00021      -   7.4 1430s
 18910333 3990138 infeasible  707               -    0.00021      -   7.4 1435s
 18970368 3989875    0.00021  709   18          -    0.00021      -   7.5 1440s
 19030121 3989879    0.00021  704   19          -    0.00021      -   7.5 1445s
 19087166 3989689    0.00021  699   19          -    0.00021      -   7.5 1450s
 19146631 3990204    0.00021  726   19          -    0.00021      -   7.5 1455s
 19208177 3990927 infeasible  710               -    0.00021      -   7.5 1460s
 19267820 3990679    0.00021  732   19          -    0.00021      -   7.5 1465s
 19327470 3990478    0.00021  727   18          -    0.00021      -   7.5 1470s
 19388994 3990458 infeasible  747               -    0.00021      -   7.5 1475s
 19450046 3990936 infeasible  721               -    0.00021      -   7.5 1480s
 19510991 3990638 infeasible  704               -    0.00021      -   7.5 1485s
 19574886 3990525    0.00021  738   19          -    0.00021      -   7.5 1490s
 19634097 3990377 infeasible  717               -    0.00021      -   7.5 1495s
 19695182 3990705    0.00021  710   18          -    0.00021      -   7.6 1500s
 19754688 3990290    0.00021  717   19          -    0.00021      -   7.6 1505s
 19814368 3990416 infeasible  709               -    0.00021      -   7.6 1510s
 19876113 3990857 infeasible  720               -    0.00021      -   7.6 1515s
 19939358 3990208    0.00021  740   19          -    0.00021      -   7.6 1520s
 20000467 3990443    0.00021  697   18          -    0.00021      -   7.6 1525s
 20058966 3990424    0.00021  716   18          -    0.00021      -   7.6 1530s
 20120782 3990618    0.00021  742   19          -    0.00021      -   7.6 1535s
 20180049 3990648    0.00021  701   19          -    0.00021      -   7.6 1540s
 20240282 3990207    0.00021  716   18          -    0.00021      -   7.6 1545s
 20300202 3990553    0.00021  740   20          -    0.00021      -   7.6 1550s
 20360765 3992056    0.00021  722   19          -    0.00021      -   7.6 1555s
 20421710 3992190    0.00021  716   19          -    0.00021      -   7.6 1560s
 20481578 3991750 infeasible  719               -    0.00021      -   7.6 1565s
 20542405 3991651    0.00021  715   18          -    0.00021      -   7.6 1570s
 20602170 3991467 infeasible  724               -    0.00021      -   7.7 1575s
 20661963 3992045 infeasible  725               -    0.00021      -   7.7 1580s
 20723146 3991610 infeasible  707               -    0.00021      -   7.7 1585s
 20783697 3991324    0.00021  734   19          -    0.00021      -   7.7 1590s
 20843360 3991276    0.00021  709   19          -    0.00021      -   7.7 1595s
 20902642 3991064    0.00021  705   19          -    0.00021      -   7.7 1600s
 20963057 3991433 infeasible  802               -    0.00021      -   7.7 1605s
 21022067 3991176 infeasible  716               -    0.00021      -   7.7 1610s
 21081896 3991163    0.00021  719   19          -    0.00021      -   7.7 1615s
 21141329 3991162    0.00021  691   19          -    0.00021      -   7.7 1620s
 21202524 3991278 infeasible  732               -    0.00021      -   7.7 1625s
 21260006 3991418 infeasible  720               -    0.00021      -   7.7 1630s
 21322195 3991090 infeasible  729               -    0.00021      -   7.7 1635s
 21381884 3991048    0.00021  714   20          -    0.00021      -   7.7 1640s
 21442600 3991023 infeasible  720               -    0.00021      -   7.7 1645s
 21503325 3990622 infeasible  732               -    0.00021      -   7.8 1650s
 21562397 3990866 infeasible  701               -    0.00021      -   7.8 1655s
 21622691 3990853    0.00021  715   19          -    0.00021      -   7.8 1660s
 21681595 3991100 infeasible  705               -    0.00021      -   7.8 1665s
 21739309 3990696    0.00021  713   19          -    0.00021      -   7.8 1670s
 21799100 3992121    0.00021  713   19          -    0.00021      -   7.8 1675s
 21858041 3991725 infeasible  714               -    0.00021      -   7.8 1680s
 21917816 3991571 infeasible  778               -    0.00021      -   7.8 1685s
 21977050 3991381 infeasible  723               -    0.00021      -   7.8 1690s
 22036696 3991408 infeasible  715               -    0.00021      -   7.8 1695s
 22096213 3991192    0.00021  715   20          -    0.00021      -   7.8 1700s
 22155658 3991610 infeasible  720               -    0.00021      -   7.8 1705s
 22215195 3991190 infeasible  716               -    0.00021      -   7.8 1710s
 22274979 3991610    0.00021  725   17          -    0.00021      -   7.8 1715s
 22332048 3991833    0.00021  728   20          -    0.00021      -   7.8 1720s
 22391732 3991551    0.00021  728   19          -    0.00021      -   7.8 1725s
 22452759 3991621    0.00021  725   19          -    0.00021      -   7.9 1730s
 22512576 3991254    0.00021  735   19          -    0.00021      -   7.9 1735s
 22572386 3991655 infeasible  733               -    0.00021      -   7.9 1740s
 22632341 3991761 infeasible  735               -    0.00021      -   7.9 1745s
 22691357 3991651    0.00021  756   20          -    0.00021      -   7.9 1750s
 22752681 3991221 infeasible  718               -    0.00021      -   7.9 1755s
 22814618 3990990 infeasible  716               -    0.00021      -   7.9 1760s
 22875998 3991019    0.00021  763   19          -    0.00021      -   7.9 1765s
 22937319 3990780    0.00021  752   19          -    0.00021      -   7.9 1770s
 22996261 3991390 infeasible  732               -    0.00021      -   7.9 1775s
 23058037 3990944 infeasible  766               -    0.00021      -   7.9 1780s
 23118519 3990934    0.00021  739   18          -    0.00021      -   7.9 1785s
 23178887 3990803    0.00021  715   18          -    0.00021      -   7.9 1790s
 23238175 3990624    0.00021  716   19          -    0.00021      -   7.9 1795s
 23298136 3990928    0.00021  715   20          -    0.00021      -   7.9 1800s
 23357146 3990424 infeasible  717               -    0.00021      -   7.9 1805s
 23416440 3990307    0.00021  742   18          -    0.00021      -   7.9 1810s
 23475169 3990172    0.00021  715   18          -    0.00021      -   7.9 1815s
 23536184 3990296    0.00021  707   19          -    0.00021      -   7.9 1820s
 23597294 3990547    0.00021  723   19          -    0.00021      -   8.0 1825s
 23656203 3990169 infeasible  703               -    0.00021      -   8.0 1830s
 23718514 3990959    0.00021  695   19          -    0.00021      -   8.0 1835s
 23776722 3991417 infeasible  715               -    0.00021      -   8.0 1840s
 23837564 3991210    0.00021  730   19          -    0.00021      -   8.0 1845s
 23897615 3990818 infeasible  711               -    0.00021      -   8.0 1850s
 23957612 3990840    0.00021  710   19          -    0.00021      -   8.0 1855s
 24017163 3990514    0.00021  717   19          -    0.00021      -   8.0 1860s
 24076438 3990695 infeasible  712               -    0.00021      -   8.0 1865s
 24137576 3990290 infeasible  710               -    0.00021      -   8.0 1870s
 24197428 3990182    0.00021  705   19          -    0.00021      -   8.0 1875s
 24256504 3990082    0.00021  722   20          -    0.00021      -   8.0 1880s
 24317209 3989712 infeasible  711               -    0.00021      -   8.0 1885s
 24375356 3989398 infeasible  702               -    0.00021      -   8.0 1890s
 24434607 3989625    0.00021  697   18          -    0.00021      -   8.0 1895s
 24493367 3989566 infeasible  713               -    0.00021      -   8.0 1900s
 24551993 3989799    0.00021  704   19          -    0.00021      -   8.0 1905s
 24612916 3989559    0.00021  705   20          -    0.00021      -   8.1 1910s
 24673086 3989938    0.00021  736   18          -    0.00021      -   8.1 1915s
 24735338 3991425    0.00021  724   18          -    0.00021      -   8.1 1920s
 24793999 3991395 infeasible  801               -    0.00021      -   8.1 1925s
 24854536 3991657    0.00021  730   18          -    0.00021      -   8.1 1930s
 24915378 3991194 infeasible  735               -    0.00021      -   8.1 1935s
 24974526 3991150    0.00021  713   17          -    0.00021      -   8.1 1940s
 25035357 3991209    0.00021  726   18          -    0.00021      -   8.1 1945s
 25096557 3990943 infeasible  743               -    0.00021      -   8.1 1950s
 25155396 3991346    0.00021  716   19          -    0.00021      -   8.1 1955s
 25217155 3991361    0.00021  775   19          -    0.00021      -   8.1 1960s
 25279526 3992013 infeasible  759               -    0.00021      -   8.1 1965s
 25339979 3991810 infeasible  742               -    0.00021      -   8.1 1970s
 25398386 3991731 infeasible  725               -    0.00021      -   8.1 1975s
 25460171 3991255    0.00021  710   18          -    0.00021      -   8.1 1980s
 25520852 3991395    0.00021  710   18          -    0.00021      -   8.1 1985s
 25580120 3990873 infeasible  734               -    0.00021      -   8.1 1990s
 25639326 3991910 infeasible  743               -    0.00021      -   8.1 1995s
 25699430 3991320 infeasible  724               -    0.00021      -   8.1 2000s
 25760696 3991197    0.00021  725   19          -    0.00021      -   8.1 2005s
 25820816 3991204 infeasible  734               -    0.00021      -   8.1 2010s
 25884716 3991559    0.00021  734   18          -    0.00021      -   8.1 2015s
 25946719 3991463    0.00021  737   19          -    0.00021      -   8.1 2020s
 26007810 3991450 infeasible  727               -    0.00021      -   8.1 2025s
 26065768 3991453 infeasible  714               -    0.00021      -   8.1 2030s
 26127277 3990961 infeasible  721               -    0.00021      -   8.1 2035s
 26185921 3991079 infeasible  707               -    0.00021      -   8.1 2040s
 26246746 3990908 infeasible  722               -    0.00021      -   8.1 2045s
 26308490 3991126 infeasible  730               -    0.00021      -   8.1 2050s
 26371569 3991059    0.00021  703   19          -    0.00021      -   8.1 2055s
 26434067 3991013    0.00021  713   17          -    0.00021      -   8.1 2060s
 26495048 3990769 infeasible  719               -    0.00021      -   8.1 2065s
 26557205 3991055    0.00021  733   18          -    0.00021      -   8.1 2070s
 26621897 3990672    0.00021  737   18          -    0.00021      -   8.1 2075s
 26684265 3990659    0.00021  727   19          -    0.00021      -   8.1 2080s
 26745122 3990521    0.00021  725   18          -    0.00021      -   8.1 2085s
 26807836 3991017 infeasible  722               -    0.00021      -   8.1 2090s
 26870322 3990374    0.00021  715   18          -    0.00021      -   8.1 2095s
 26930115 3990600 infeasible  711               -    0.00021      -   8.1 2100s
 26990087 3990922    0.00021  729   18          -    0.00021      -   8.1 2105s
 27052855 3990918    0.00021  733   18          -    0.00021      -   8.1 2110s
 27114720 3990564    0.00021  720   18          -    0.00021      -   8.1 2115s
 27175851 3990272 infeasible  731               -    0.00021      -   8.1 2120s
 27236781 3990094 infeasible  727               -    0.00021      -   8.1 2125s
 27298713 3990062 infeasible  714               -    0.00021      -   8.1 2130s
 27357390 3989939    0.00021  714   17          -    0.00021      -   8.1 2135s
 27418342 3989916    0.00021  698   17          -    0.00021      -   8.1 2140s
 27481592 3991213    0.00021  722   19          -    0.00021      -   8.1 2145s
 27544096 3991302 infeasible  723               -    0.00021      -   8.1 2150s
 27604682 3991310    0.00021  734   17          -    0.00021      -   8.1 2155s
 27667174 3991356 infeasible  706               -    0.00021      -   8.1 2160s
 27727594 3990977    0.00021  717   18          -    0.00021      -   8.1 2165s
 27788552 3990920    0.00021  699   17          -    0.00021      -   8.1 2170s
 27848243 3990730 infeasible  708               -    0.00021      -   8.1 2175s
 27908684 3990715 infeasible  716               -    0.00021      -   8.2 2180s
 27967889 3990538    0.00021  712   19          -    0.00021      -   8.2 2185s
 28028709 3990337 infeasible  701               -    0.00021      -   8.2 2190s
 28090279 3990770 infeasible  727               -    0.00021      -   8.2 2195s
 28153230 3990437    0.00021  715   18          -    0.00021      -   8.2 2200s
 28215640 3990143    0.00021  715   18          -    0.00021      -   8.2 2205s
 28277645 3990394    0.00021  735   17          -    0.00021      -   8.2 2210s
 28338640 3990735    0.00021  724   17          -    0.00021      -   8.2 2215s
 28399595 3991348 infeasible  750               -    0.00021      -   8.2 2220s
 28464622 3991774 infeasible  718               -    0.00021      -   8.2 2225s
 28524548 3991255    0.00021  719   18          -    0.00021      -   8.2 2230s
 28584991 3990612    0.00021  735   20          -    0.00021      -   8.2 2235s
 28646612 3991181 infeasible  712               -    0.00021      -   8.2 2240s
 28707222 3990605 infeasible  723               -    0.00021      -   8.2 2245s
 28772599 3990119 infeasible  724               -    0.00021      -   8.2 2250s
 28833848 3990023 infeasible  723               -    0.00021      -   8.2 2255s
 28895563 3989855 infeasible  740               -    0.00021      -   8.2 2260s
 28957867 3990016    0.00021  713   18          -    0.00021      -   8.2 2265s
 29021138 3990161    0.00021  705   18          -    0.00021      -   8.2 2270s
 29083651 3990195    0.00021  711   17          -    0.00021      -   8.2 2275s
 29146017 3989897    0.00021  732   19          -    0.00021      -   8.2 2280s
 29209234 3990404    0.00021  753   19          -    0.00021      -   8.2 2285s
 29269805 3990010 infeasible  720               -    0.00021      -   8.2 2290s
 29332534 3990054    0.00021  717   19          -    0.00021      -   8.2 2295s
 29395663 3989583 infeasible  702               -    0.00021      -   8.2 2300s
 29455516 3989846 infeasible  719               -    0.00021      -   8.2 2305s
 29514433 3990441    0.00021  721   18          -    0.00021      -   8.2 2310s
 29576806 3990215    0.00021  723   19          -    0.00021      -   8.2 2315s
 29638078 3989653 infeasible  701               -    0.00021      -   8.2 2320s
 29699218 3990120    0.00021  708   19          -    0.00021      -   8.2 2325s
 29762078 3990506 infeasible  710               -    0.00021      -   8.2 2330s
 29824819 3990342    0.00021  719   20          -    0.00021      -   8.2 2335s
 29885410 3990515 infeasible  709               -    0.00021      -   8.2 2340s
 29946325 3990573 infeasible  725               -    0.00021      -   8.2 2345s
 30008956 3989844    0.00021  718   19          -    0.00021      -   8.2 2350s
 30070034 3990363    0.00021  739   18          -    0.00021      -   8.2 2355s
 30133344 3990903 infeasible  752               -    0.00021      -   8.2 2360s
 30196036 3990178 infeasible  706               -    0.00021      -   8.2 2365s
 30259012 3989797 infeasible  718               -    0.00021      -   8.2 2370s
 30321062 3990456    0.00021  715   19          -    0.00021      -   8.2 2375s
 30381634 3989853    0.00021  714   19          -    0.00021      -   8.2 2380s
 30440990 3989720 infeasible  730               -    0.00021      -   8.2 2385s
 30503413 3989859 infeasible  714               -    0.00021      -   8.2 2390s
 30564193 3990370 infeasible  702               -    0.00021      -   8.2 2395s
 30622957 3990358 infeasible  721               -    0.00021      -   8.2 2400s
 30684171 3989985    0.00021  716   18          -    0.00021      -   8.2 2405s
 30745135 3989838    0.00021  763   18          -    0.00021      -   8.2 2410s
 30808274 3990367 infeasible  774               -    0.00021      -   8.2 2415s
 30870860 3989745    0.00021  722   19          -    0.00021      -   8.2 2420s
 30932161 3989658 infeasible  717               -    0.00021      -   8.2 2425s
 30992950 3989421    0.00021  713   18          -    0.00021      -   8.2 2430s
 31053386 3989717    0.00021  704   18          -    0.00021      -   8.2 2435s
 31114039 3989582    0.00021  742   19          -    0.00021      -   8.2 2440s
 31177226 3989345 infeasible  715               -    0.00021      -   8.2 2445s
 31237981 3990616 infeasible  701               -    0.00021      -   8.2 2450s
 31298496 3991161    0.00021  722   18          -    0.00021      -   8.2 2455s
 31358553 3990897 infeasible  715               -    0.00021      -   8.2 2460s
 31420672 3990886    0.00021  699   20          -    0.00021      -   8.2 2465s
 31480295 3990486    0.00021  706   17          -    0.00021      -   8.2 2470s
 31541727 3990298 infeasible  706               -    0.00021      -   8.2 2475s
 31604526 3990256 infeasible  712               -    0.00021      -   8.2 2480s
 31665042 3990356    0.00021  712   19          -    0.00021      -   8.2 2485s
 31725540 3989982    0.00021  706   20          -    0.00021      -   8.2 2490s
 31786572 3989702    0.00021  713   18          -    0.00021      -   8.2 2495s
 31845922 3989887 infeasible  726               -    0.00021      -   8.2 2500s
 31907262 3990297    0.00021  724   18          -    0.00021      -   8.2 2505s
 31969706 3989863 infeasible  713               -    0.00021      -   8.2 2510s
 32030590 3989661    0.00021  719   18          -    0.00021      -   8.2 2515s
 32092532 3989265 infeasible  724               -    0.00021      -   8.3 2520s
 32153090 3989369    0.00021  722   19          -    0.00021      -   8.3 2525s
 32214826 3989253 infeasible  697               -    0.00021      -   8.3 2530s
 32275367 3989363 infeasible  707               -    0.00021      -   8.3 2535s
 32335946 3989046 infeasible  733               -    0.00021      -   8.3 2540s
 32395395 3989467    0.00021  701   19          -    0.00021      -   8.3 2545s
 32454887 3989304 infeasible  728               -    0.00021      -   8.3 2550s
 32514075 3989097 infeasible  705               -    0.00021      -   8.3 2555s
 32575801 3989069    0.00021  730   18          -    0.00021      -   8.3 2560s
 32638746 3989193 infeasible  702               -    0.00021      -   8.3 2565s
 32701529 3989584 infeasible  720               -    0.00021      -   8.3 2570s
 32766553 3989530    0.00021  750   19          -    0.00021      -   8.3 2575s
 32828860 3989100 infeasible  717               -    0.00021      -   8.3 2580s
 32892426 3989774    0.00021  737   18          -    0.00021      -   8.3 2585s
 32954646 3989240 infeasible  706               -    0.00021      -   8.3 2590s
 33015299 3988946    0.00021  702   19          -    0.00021      -   8.3 2595s
 33078055 3989002 infeasible  704               -    0.00021      -   8.3 2600s
 33140862 3989141    0.00021  705   19          -    0.00021      -   8.3 2605s
 33202120 3989510 infeasible  742               -    0.00021      -   8.3 2610s
 33261664 3989089 infeasible  713               -    0.00021      -   8.3 2615s
 33322828 3989238 infeasible  721               -    0.00021      -   8.3 2620s
 33383351 3989176    0.00021  704   18          -    0.00021      -   8.3 2625s
 33442670 3989013 infeasible  707               -    0.00021      -   8.3 2630s
 33503437 3988894 infeasible  708               -    0.00021      -   8.3 2635s
 33565852 3988835    0.00021  702   19          -    0.00021      -   8.3 2640s
 33626471 3989290 infeasible  709               -    0.00021      -   8.3 2645s
 33686168 3989513 infeasible  733               -    0.00021      -   8.3 2650s
 33747760 3988818 infeasible  792               -    0.00021      -   8.3 2655s
 33806682 3989287 infeasible  779               -    0.00021      -   8.3 2660s
 33867323 3989173    0.00021  704   18          -    0.00021      -   8.3 2665s
 33924149 3989109    0.00021  718   19          -    0.00021      -   8.3 2670s
 33984113 3988959 infeasible  803               -    0.00021      -   8.3 2675s
 34042773 3989298 infeasible  717               -    0.00021      -   8.3 2680s
 34103497 3989936 infeasible  719               -    0.00021      -   8.3 2685s
 34163060 3989671    0.00021  714   20          -    0.00021      -   8.3 2690s
 34219573 3989484    0.00021  700   18          -    0.00021      -   8.3 2695s
 34275293 3989125 infeasible  709               -    0.00021      -   8.3 2700s
 34331939 3989379 infeasible  709               -    0.00021      -   8.3 2705s
 34388890 3989408 infeasible  711               -    0.00021      -   8.3 2710s
 34447053 3989546    0.00021  727   19          -    0.00021      -   8.3 2715s
 34505969 3989208 infeasible  767               -    0.00021      -   8.3 2720s
 34568707 3989056    0.00021  728   19          -    0.00021      -   8.3 2725s
 34631010 3989532    0.00021  757   19          -    0.00021      -   8.3 2730s
 34693956 3989116 infeasible  776               -    0.00021      -   8.3 2735s
 34753714 3988716    0.00021  713   19          -    0.00021      -   8.3 2740s
 34814458 3989075 infeasible  706               -    0.00021      -   8.3 2745s
 34873060 3988964 infeasible  721               -    0.00021      -   8.3 2750s
 34932327 3988544    0.00021  730   19          -    0.00021      -   8.3 2755s
 34993543 3989266 infeasible  732               -    0.00021      -   8.3 2760s
 35054839 3989908 infeasible  709               -    0.00021      -   8.3 2765s
 35113050 3989479 infeasible  732               -    0.00021      -   8.3 2770s
 35176262 3989676    0.00021  734   19          -    0.00021      -   8.3 2775s
 35234889 3989407    0.00021  709   17          -    0.00021      -   8.3 2780s
 35297346 3989434    0.00021  709   18          -    0.00021      -   8.3 2785s
 35355964 3989784    0.00021  711   19          -    0.00021      -   8.3 2790s
 35419476 3989584 infeasible  723               -    0.00021      -   8.3 2795s
 35480642 3989156    0.00021  715   19          -    0.00021      -   8.3 2800s
 35540712 3989734    0.00021  709   19          -    0.00021      -   8.3 2805s
 35603004 3990281 infeasible  709               -    0.00021      -   8.3 2810s
 35662714 3990233    0.00021  705   19          -    0.00021      -   8.3 2815s
 35723194 3990036    0.00021  721   18          -    0.00021      -   8.3 2820s
 35780213 3990675 infeasible  707               -    0.00021      -   8.3 2825s
 35841078 3990785 infeasible  712               -    0.00021      -   8.3 2830s
 35902270 3991030 infeasible  746               -    0.00021      -   8.3 2835s
 35963102 3990636 infeasible  743               -    0.00021      -   8.3 2840s
 36024089 3990292 infeasible  734               -    0.00021      -   8.3 2845s
 36082939 3990099 infeasible  706               -    0.00021      -   8.3 2850s
 36141596 3989514    0.00021  715   19          -    0.00021      -   8.3 2855s
 36202827 3989791 infeasible  707               -    0.00021      -   8.3 2860s
 36263927 3990147 infeasible  695               -    0.00021      -   8.3 2865s
 36324352 3991006 infeasible  716               -    0.00021      -   8.4 2870s
 36385674 3991070    0.00021  724   18          -    0.00021      -   8.4 2875s
 36447934 3991600 infeasible  734               -    0.00021      -   8.4 2880s
 36509770 3991121    0.00021  742   19          -    0.00021      -   8.4 2885s
 36571646 3990478    0.00021  694   20          -    0.00021      -   8.4 2890s
 36630366 3990093    0.00021  689   19          -    0.00021      -   8.4 2895s
 36689544 3989948 infeasible  698               -    0.00021      -   8.4 2900s
 36750837 3990550 infeasible  737               -    0.00021      -   8.4 2905s
 36811576 3990405 infeasible  729               -    0.00021      -   8.4 2910s
 36872668 3991091 infeasible  731               -    0.00021      -   8.4 2915s
 36934630 3990757    0.00021  722   18          -    0.00021      -   8.4 2920s
 36997205 3989989    0.00021  694   19          -    0.00021      -   8.4 2925s
 37060382 3990266    0.00021  747   20          -    0.00021      -   8.4 2930s
 37121531 3990339    0.00021  718   19          -    0.00021      -   8.4 2935s
 37184349 3990122 infeasible  707               -    0.00021      -   8.4 2940s
 37244845 3989872    0.00021  715   19          -    0.00021      -   8.4 2945s
 37305576 3990355 infeasible  739               -    0.00021      -   8.4 2950s
 37368447 3991021 infeasible  715               -    0.00021      -   8.4 2955s
 37429875 3990764    0.00021  741   19          -    0.00021      -   8.4 2960s
 37492569 3990652    0.00021  794   19          -    0.00021      -   8.4 2965s
 37557084 3990304 infeasible  742               -    0.00021      -   8.4 2970s
 37617165 3989749    0.00021  672   20          -    0.00021      -   8.4 2975s
 37678299 3989825 infeasible  737               -    0.00021      -   8.4 2980s
 37739050 3989602 infeasible  759               -    0.00021      -   8.4 2985s
 37799519 3989359 infeasible  718               -    0.00021      -   8.4 2990s
 37857217 3991063    0.00021  731   19          -    0.00021      -   8.4 2995s
 37919115 3992435    0.00021  701   20          -    0.00021      -   8.4 3000s
 37979949 3992148    0.00021  711   19          -    0.00021      -   8.4 3005s
 38031948 3992055 infeasible  712               -    0.00021      -   8.4 3010s
 38090600 3992008    0.00021  716   19          -    0.00021      -   8.4 3015s
 38151334 3992063 infeasible  721               -    0.00021      -   8.4 3020s
 38210567 3991812 infeasible  715               -    0.00021      -   8.4 3025s
 38269379 3991367    0.00021  714   19          -    0.00021      -   8.4 3030s
 38329766 3991882    0.00021  774   19          -    0.00021      -   8.4 3035s
 38389462 3991244    0.00021  685   18          -    0.00021      -   8.4 3040s
 38448798 3990900 infeasible  706               -    0.00021      -   8.4 3045s
 38509641 3990910    0.00021  714   19          -    0.00021      -   8.4 3050s
 38568078 3990901 infeasible  725               -    0.00021      -   8.4 3055s
 38627590 3990630    0.00021  718   20          -    0.00021      -   8.4 3060s
 38686293 3990739    0.00021  759   19          -    0.00021      -   8.4 3065s
 38748558 3990684 infeasible  690               -    0.00021      -   8.4 3070s
 38808340 3991356    0.00021  723   18          -    0.00021      -   8.4 3075s
 38869514 3991272    0.00021  744   19          -    0.00021      -   8.4 3080s
 38931912 3991125    0.00021  710   18          -    0.00021      -   8.4 3085s
 38990195 3991385    0.00021  706   18          -    0.00021      -   8.4 3090s
 39049226 3991850    0.00021  704   18          -    0.00021      -   8.4 3095s
 39110903 3991731 infeasible  698               -    0.00021      -   8.4 3100s
 39171458 3992573    0.00021  717   18          -    0.00021      -   8.4 3105s
 39232302 3992820 infeasible  708               -    0.00021      -   8.4 3110s
 39290360 3992340 infeasible  718               -    0.00021      -   8.4 3115s
 39349760 3991753 infeasible  736               -    0.00021      -   8.4 3120s
 39410519 3991596    0.00021  709   19          -    0.00021      -   8.4 3125s
 39471278 3991037    0.00021  709   20          -    0.00021      -   8.4 3130s
 39530577 3991506    0.00021  710   17          -    0.00021      -   8.4 3135s
 39589615 3991452    0.00021  704   18          -    0.00021      -   8.4 3140s
 39649466 3990971    0.00021  700   19          -    0.00021      -   8.4 3145s
 39711979 3990634 infeasible  694               -    0.00021      -   8.4 3150s
 39772666 3990704 infeasible  703               -    0.00021      -   8.4 3155s
 39835427 3991851 infeasible  694               -    0.00021      -   8.4 3160s
 39893719 3992223 infeasible  713               -    0.00021      -   8.4 3165s
 39956733 3992068 infeasible  715               -    0.00021      -   8.4 3170s
 40015140 3991704    0.00021  702   20          -    0.00021      -   8.4 3175s
 40076593 3991284    0.00021  697   19          -    0.00021      -   8.4 3180s
 40135142 3991419    0.00021  694   19          -    0.00021      -   8.4 3185s
 40194708 3991270    0.00021  728   20          -    0.00021      -   8.4 3190s
 40255453 3991051    0.00021  707   18          -    0.00021      -   8.4 3195s
 40314341 3990834    0.00021  704   19          -    0.00021      -   8.4 3200s
 40375861 3990581    0.00021  758   19          -    0.00021      -   8.4 3205s
 40436611 3991227    0.00021  716   20          -    0.00021      -   8.4 3210s
 40497634 3990936    0.00021  720   18          -    0.00021      -   8.4 3215s
 40560520 3990742    0.00021  760   19          -    0.00021      -   8.4 3220s
 40620828 3990261    0.00021  722   19          -    0.00021      -   8.4 3225s
 40681440 3990804    0.00021  694   19          -    0.00021      -   8.4 3230s
 40744089 3990436 infeasible  738               -    0.00021      -   8.4 3235s
 40804515 3990388 infeasible  717               -    0.00021      -   8.4 3240s
 40866379 3990815    0.00021  732   18          -    0.00021      -   8.4 3245s
 40927011 3990514 infeasible  727               -    0.00021      -   8.4 3250s
 40986767 3990214    0.00021  727   20          -    0.00021      -   8.4 3255s
 41046416 3990198 infeasible  708               -    0.00021      -   8.4 3260s
 41104962 3990093    0.00021  688   19          -    0.00021      -   8.4 3265s
 41166361 3990258 infeasible  717               -    0.00021      -   8.4 3270s
 41226896 3989944 infeasible  713               -    0.00021      -   8.4 3275s
 41287755 3990371    0.00021  693   20          -    0.00021      -   8.4 3280s
 41348069 3990475 infeasible  721               -    0.00021      -   8.4 3285s
 41408282 3990213 infeasible  717               -    0.00021      -   8.4 3290s
 41469690 3990296    0.00021  701   19          -    0.00021      -   8.4 3295s
 41530391 3990385 infeasible  755               -    0.00021      -   8.4 3300s
 41591130 3989825    0.00021  706   19          -    0.00021      -   8.4 3305s
 41649813 3990044 infeasible  711               -    0.00021      -   8.5 3310s
 41710785 3989865    0.00021  715   19          -    0.00021      -   8.5 3315s
 41770271 3990036    0.00021  711   19          -    0.00021      -   8.5 3320s
 41828881 3989663    0.00021  732   20          -    0.00021      -   8.5 3325s
 41889522 3989851 infeasible  693               -    0.00021      -   8.5 3330s
 41950721 3990384    0.00021  739   19          -    0.00021      -   8.5 3335s
 42010068 3991779    0.00021  715   19          -    0.00021      -   8.5 3340s
 42073220 3991428 infeasible  719               -    0.00021      -   8.5 3345s
 42135644 3991059 infeasible  720               -    0.00021      -   8.5 3350s
 42196227 3991696    0.00021  715   20          -    0.00021      -   8.5 3355s
 42257539 3991517    0.00021  720   18          -    0.00021      -   8.5 3360s
 42318378 3991105    0.00021  747   17          -    0.00021      -   8.5 3365s
 42380191 3990778 infeasible  742               -    0.00021      -   8.5 3370s
 42439058 3991968    0.00021  733   20          -    0.00021      -   8.5 3375s
 42500672 3993498    0.00021  722   19          -    0.00021      -   8.5 3380s
 42561656 3993507 infeasible  725               -    0.00021      -   8.5 3385s
 42620873 3993661    0.00021  746   20          -    0.00021      -   8.5 3390s
 42681189 3993138 infeasible  708               -    0.00021      -   8.5 3395s
 42741704 3992801 infeasible  734               -    0.00021      -   8.5 3400s
 42802853 3992630    0.00021  705   18          -    0.00021      -   8.5 3405s
 42864210 3993385    0.00021  729   18          -    0.00021      -   8.5 3410s
 42923991 3993913 infeasible  749               -    0.00021      -   8.5 3415s
 42984641 3994076 infeasible  748               -    0.00021      -   8.5 3420s
 43048173 3994228    0.00021  751   20          -    0.00021      -   8.5 3425s
 43108055 3993811 infeasible  754               -    0.00021      -   8.5 3430s
 43167299 3993298 infeasible  718               -    0.00021      -   8.5 3435s
 43226801 3993335 infeasible  725               -    0.00021      -   8.5 3440s
 43289807 3993503 infeasible  729               -    0.00021      -   8.5 3445s
 43351681 3993129    0.00021  727   18          -    0.00021      -   8.5 3450s
 43410466 3993307    0.00021  710   19          -    0.00021      -   8.5 3455s
 43472153 3993302    0.00021  786   20          -    0.00021      -   8.5 3460s
 43532285 3993269 infeasible  723               -    0.00021      -   8.5 3465s
 43595449 3992920    0.00021  727   19          -    0.00021      -   8.5 3470s
 43656240 3992757 infeasible  775               -    0.00021      -   8.5 3475s
 43717252 3992865 infeasible  702               -    0.00021      -   8.5 3480s
 43778398 3993115 infeasible  734               -    0.00021      -   8.5 3485s
 43841258 3992625 infeasible  715               -    0.00021      -   8.5 3490s
 43904647 3992636    0.00021  753   20          -    0.00021      -   8.5 3495s
 43964926 3992286 infeasible  756               -    0.00021      -   8.5 3500s
 44025206 3992026 infeasible  746               -    0.00021      -   8.5 3505s
 44077330 3992137 infeasible  715               -    0.00021      -   8.5 3510s
 44133701 3992780 infeasible  726               -    0.00021      -   8.5 3515s
 44191309 3992650    0.00021  737   19          -    0.00021      -   8.5 3520s
 44250198 3992235    0.00021  737   19          -    0.00021      -   8.5 3525s
 44309482 3992120 infeasible  712               -    0.00021      -   8.5 3530s
 44368115 3992097 infeasible  721               -    0.00021      -   8.5 3535s
 44423672 3992245 infeasible  735               -    0.00021      -   8.5 3540s
 44478623 3991902    0.00021  706   18          -    0.00021      -   8.5 3545s
 44528908 3991744    0.00021  722   19          -    0.00021      -   8.5 3550s
 44571132 3992049    0.00021  712   18          -    0.00021      -   8.5 3555s
 44605884 3991597    0.00021  715   19          -    0.00021      -   8.5 3560s
 44653995 3991575    0.00021  733   20          -    0.00021      -   8.5 3565s
 44702451 3991424    0.00021  757   18          -    0.00021      -   8.5 3570s
 44753838 3992079    0.00021  739   19          -    0.00021      -   8.5 3575s
 44795881 3992027    0.00021  781   18          -    0.00021      -   8.5 3580s
 44846469 3991829    0.00021  736   19          -    0.00021      -   8.5 3585s
 44900167 3991777 infeasible  743               -    0.00021      -   8.5 3590s
 44943609 3991604    0.00021  767   19          -    0.00021      -   8.5 3595s
 45001183 3991117    0.00021  754   18          -    0.00021      -   8.5 3600s

Cutting planes:
  Flow cover: 4

Explored 45002435 nodes (383350372 simplex iterations) in 3600.01 seconds (1496.74 work units)
Thread count was 12 (of 12 available processors)

Solution count 0

Time limit reached
Best objective -, best bound 2.058065039989e-04, gap -
