
Gurobi 11.0.2 (win64) logging started Tue Oct  1 15:52:01 2024

Set parameter LogFile to value ".\Experiments\Track_k_e_2\Logs\track_k_e_2_r2_c3.log"
Set parameter TimeLimit to value 3600
Gurobi Optimizer version 11.0.2 build v11.0.2rc0 (win64 - Windows 10.0 (19045.2))

CPU model: Intel(R) Core(TM) i7-10750H CPU @ 2.60GHz, instruction set [SSE2|AVX|AVX2]
Thread count: 6 physical cores, 12 logical processors, using up to 12 threads

Optimize a model with 250 rows, 462 columns and 924 nonzeros
Model fingerprint: 0x0eac2ff3
Model has 6 quadratic objective terms
Model has 68 quadratic constraints
Model has 116 general constraints
Variable types: 458 continuous, 4 integer (4 binary)
Coefficient statistics:
  Matrix range     [9e-06, 1e+02]
  QMatrix range    [1e+00, 1e+00]
  QLMatrix range   [1e+00, 1e+00]
  Objective range  [1e-02, 2e-01]
  QObjective range [2e+00, 2e+00]
  Bounds range     [8e-05, 7e+01]
  RHS range        [8e-05, 1e+02]
  QRHS range       [1e-06, 1e-06]
Presolve added 68 rows and 0 columns
Presolve removed 0 rows and 95 columns
Presolve time: 0.01s
Presolved: 559 rows, 376 columns, 1567 nonzeros
Presolved model has 4 quadratic objective terms
Presolved model has 57 bilinear constraint(s)
Presolved model has 4 nonlinear constraint(s)
Warning: Model contains variables with very large bounds participating
         in nonlinear terms.
         Presolve was not able to compute smaller bounds for these variables.
         Consider bounding these variables or reformulating the model.


Solving non-convex MINLP

Variable types: 284 continuous, 92 integer (92 binary)

Root relaxation: objective 2.058065e-04, 477 iterations, 0.00 seconds (0.00 work units)

    Nodes    |    Current Node    |     Objective Bounds      |     Work
 Expl Unexpl |  Obj  Depth IntInf | Incumbent    BestBd   Gap | It/Node Time

     0     0    0.00021    0   50          -    0.00021      -     -    0s
     0     0    0.00021    0   50          -    0.00021      -     -    0s
     0     0    0.00021    0   66          -    0.00021      -     -    0s
     0     0    0.00021    0   66          -    0.00021      -     -    0s
     0     0    0.00021    0   98          -    0.00021      -     -    0s
     0     0    0.00021    0   97          -    0.00021      -     -    0s
     0     0    0.00021    0   99          -    0.00021      -     -    0s
     0     0    0.00021    0   72          -    0.00021      -     -    0s
     0     2    0.00021    0   72          -    0.00021      -     -    0s
 16148  4766 infeasible   50               -    0.00021      -  29.7    5s
 40923 10648    0.00270   83   26          -    0.00021      -  28.8   10s
 66437 15446 infeasible   63               -    0.00021      -  27.4   15s
 87312 19938 infeasible   55               -    0.00021      -  27.0   20s
 111179 24935    0.01242   59   36          -    0.00021      -  26.5   25s
 134214 29459    0.00024   62   36          -    0.00021      -  26.0   30s
H149029 10395                       0.0010733    0.00021  80.8%  25.6   33s
H151000  8707                       0.0008372    0.00021  75.4%  25.6   34s
 152441  8913    0.00021   57   37    0.00084    0.00021  75.4%  25.5   35s
H155156  8933                       0.0008372    0.00021  75.4%  25.4   35s
H155276  8931                       0.0008372    0.00021  75.4%  25.4   35s
H156767  9029                       0.0008372    0.00021  75.4%  25.3   35s
H158431  9011                       0.0008364    0.00021  75.4%  25.2   36s
H160154  9120                       0.0008354    0.00021  75.4%  25.1   37s
H160832  9113                       0.0008353    0.00021  75.4%  25.1   37s
 169424  9495    0.00021   39   47    0.00084    0.00021  75.4%  24.6   40s
H175498  9611                       0.0008353    0.00021  75.4%  24.4   42s
H176630  9499                       0.0008352    0.00021  75.3%  24.3   42s
H179512  9682                       0.0008352    0.00021  75.3%  24.2   43s
 182126  9806 infeasible   47         0.00084    0.00021  75.3%  24.2   45s
H190066  9723                       0.0008352    0.00021  75.1%  24.0   48s
H193634  9973                       0.0008352    0.00021  75.1%  24.0   48s
H194201  9991                       0.0008352    0.00021  75.1%  24.0   49s
 195911 10129    0.00021   63   31    0.00084    0.00021  75.1%  23.9   50s
 211718 10586     cutoff   54         0.00084    0.00021  75.1%  23.8   55s
H225673 11388                       0.0008352    0.00021  75.1%  23.3   59s
 227339 11610    0.00021   39   41    0.00084    0.00021  75.1%  23.3   60s
H231422 11735                       0.0008352    0.00021  75.1%  23.1   61s
H232304 11827                       0.0008352    0.00021  75.1%  23.1   61s
 245613 12427    0.00021   49   38    0.00084    0.00021  75.1%  22.7   65s
 261652 12835    0.00021   55   41    0.00084    0.00021  75.1%  22.4   70s
 274828 13094    0.00021   60   22    0.00084    0.00021  75.1%  22.2   75s
 293726 13340    0.00032   42   45    0.00084    0.00021  75.1%  21.7   80s
H308391 12252                       0.0008352    0.00021  74.7%  21.4   84s
 311866 12146    0.00022   49   36    0.00084    0.00022  74.3%  21.3   85s
 335546 12838    0.00022   57   37    0.00084    0.00022  74.2%  21.1   90s
H359454 13244                       0.0008352    0.00022  74.2%  20.7   94s
 360804 13326    0.00022   41   32    0.00084    0.00022  74.2%  20.6   95s
 385588 13796     cutoff   49         0.00084    0.00022  74.2%  20.3  100s
H409761 14621                       0.0008352    0.00022  74.2%  20.1  104s
 410547 14681 infeasible   66         0.00084    0.00022  74.2%  20.1  105s
H411690 14681                       0.0008352    0.00022  74.2%  20.1  105s
 434941 15029    0.00022   58   32    0.00084    0.00022  74.2%  19.9  110s
 458130 13211    0.00026   49   44    0.00084    0.00024  70.8%  19.7  115s
 480938 13533     cutoff   55         0.00084    0.00025  70.6%  19.7  120s
 504271 12754 infeasible   57         0.00084    0.00028  66.1%  19.5  125s
 530227 13116     cutoff   41         0.00084    0.00028  65.9%  19.5  130s
 554844 13428     cutoff   49         0.00084    0.00028  65.9%  19.5  135s
 579276 13429    0.00059   65   32    0.00084    0.00028  65.9%  19.4  140s
 600940 13805     cutoff   45         0.00084    0.00030  64.4%  19.5  145s
 624279 13978    0.00030   55   33    0.00084    0.00030  64.4%  19.5  150s
 649198 14397     cutoff   47         0.00084    0.00030  64.4%  19.5  155s
 669713 14696    0.00030   57   25    0.00084    0.00030  64.4%  19.6  160s
 695606 11403 infeasible   45         0.00084    0.00038  54.7%  19.4  165s
 716710 12844    0.00077   71   32    0.00084    0.00040  52.5%  19.5  170s
 738717 13598    0.00040   52   23    0.00084    0.00040  52.5%  19.5  175s
 764072 14021    0.00040   66   30    0.00084    0.00040  52.5%  19.4  180s
 788834 14213 infeasible   57         0.00084    0.00040  52.3%  19.3  185s
 814839 11220    0.00054   50   32    0.00084    0.00051  38.5%  19.2  190s
 841350  9232    0.00063   60   37    0.00084    0.00063  25.1%  19.1  195s
 868331  7145    0.00080   63   31    0.00084    0.00072  13.3%  18.9  200s
 891774  4543 infeasible   38         0.00084    0.00079  5.93%  18.8  205s
 916419  2369    0.00083   46   42    0.00084    0.00083  0.56%  18.8  210s
 941684  1428    0.00084   45   32    0.00084    0.00084  0.02%  18.8  215s
 963543   366    0.00084   54   31    0.00084    0.00084  0.01%  18.9  220s

Cutting planes:
  Gomory: 3
  Cover: 17
  Implied bound: 16
  Clique: 1
  MIR: 26
  Flow cover: 72
  Zero half: 4
  RLT: 11
  Relax-and-lift: 34

Explored 968366 nodes (18320170 simplex iterations) in 221.30 seconds (110.05 work units)
Thread count was 12 (of 12 available processors)

Solution count 9: 0.000835193 0.000835225 0.000835309 ... 0.00107333

Optimal solution found (tolerance 1.00e-04)
Best objective 8.351928462675e-04, best bound 8.351928462675e-04, gap 0.0000%
