
Gurobi 11.0.2 (win64) logging started Wed Oct  2 09:46:16 2024

Set parameter LogFile to value ".\Experiments\Track_k_e_2\Logs\track_k_e_2_r4_c11.log"
Set parameter TimeLimit to value 3600
Gurobi Optimizer version 11.0.2 build v11.0.2rc0 (win64 - Windows 10.0 (19045.2))

CPU model: Intel(R) Core(TM) i7-10750H CPU @ 2.60GHz, instruction set [SSE2|AVX|AVX2]
Thread count: 6 physical cores, 12 logical processors, using up to 12 threads

Optimize a model with 248 rows, 462 columns and 920 nonzeros
Model fingerprint: 0x289f69e8
Model has 6 quadratic objective terms
Model has 68 quadratic constraints
Model has 116 general constraints
Variable types: 458 continuous, 4 integer (4 binary)
Coefficient statistics:
  Matrix range     [9e-06, 1e+02]
  QMatrix range    [1e+00, 1e+00]
  QLMatrix range   [1e+00, 1e+00]
  Objective range  [1e-02, 2e-01]
  QObjective range [2e+00, 2e+00]
  Bounds range     [8e-05, 9e+01]
  RHS range        [8e-05, 1e+02]
  QRHS range       [1e-06, 1e-06]
Presolve added 36 rows and 0 columns
Presolve removed 0 rows and 73 columns
Presolve time: 0.01s
Presolved: 525 rows, 398 columns, 1457 nonzeros
Presolved model has 50 SOS constraint(s)
Presolved model has 4 quadratic objective terms
Presolved model has 57 bilinear constraint(s)
Presolved model has 4 nonlinear constraint(s)
Warning: Model contains variables with very large bounds participating
         in nonlinear terms.
         Presolve was not able to compute smaller bounds for these variables.
         Consider bounding these variables or reformulating the model.


Solving non-convex MINLP

Variable types: 284 continuous, 114 integer (114 binary)

Root relaxation: objective 2.058065e-04, 419 iterations, 0.00 seconds (0.00 work units)

    Nodes    |    Current Node    |     Objective Bounds      |     Work
 Expl Unexpl |  Obj  Depth IntInf | Incumbent    BestBd   Gap | It/Node Time

     0     0    0.00021    0   44          -    0.00021      -     -    0s
     0     0    0.00021    0   74          -    0.00021      -     -    0s
     0     0    0.00021    0   91          -    0.00021      -     -    0s
     0     0    0.00021    0   96          -    0.00021      -     -    0s
     0     0    0.00021    0   94          -    0.00021      -     -    0s
     0     0    0.00021    0   96          -    0.00021      -     -    0s
     0     0    0.00021    0   94          -    0.00021      -     -    0s
     0     2    0.00021    0   94          -    0.00021      -     -    0s
 17656  6258    0.00021   78   49          -    0.00021      -  30.0    5s
 38593 11940    0.00084   63   27          -    0.00021      -  28.5   10s
 62471 18004    0.00084   65   44          -    0.00021      -  27.7   15s
 86029 25954    0.00021   57   47          -    0.00021      -  27.6   20s
 111534 32720    0.00315   77   50          -    0.00021      -  27.4   25s
 132546 38512    0.00022   68   45          -    0.00021      -  27.4   30s
 160297 47185    0.00021   70   45          -    0.00021      -  26.6   35s
 182590 53364 infeasible   73               -    0.00021      -  26.4   40s
 204563 59604 infeasible   73               -    0.00021      -  26.4   45s
 228254 66528    0.00175   64   48          -    0.00021      -  26.4   50s
 250673 72098 infeasible   84               -    0.00021      -  26.4   55s
 275184 78349 infeasible  100               -    0.00021      -  26.3   60s
 295395 84089 infeasible   95               -    0.00021      -  26.1   65s
 319043 90271 infeasible   83               -    0.00021      -  26.2   70s
 340682 97007    0.00084   72   43          -    0.00021      -  26.2   75s
 364511 103453    0.00049   77   63          -    0.00021      -  26.1   80s
 386581 111360    0.00088   59   48          -    0.00021      -  26.1   85s
 409669 117619 infeasible   70               -    0.00021      -  26.2   90s
 431884 124297    0.00021   57   65          -    0.00021      -  26.2   95s
 455438 131373    0.00021   48   46          -    0.00021      -  26.4  100s
 477529 138147    0.00021   51   48          -    0.00021      -  26.4  105s
 505117 144323    0.00076   71   47          -    0.00021      -  26.4  110s
 528060 149334    0.00021   77   51          -    0.00021      -  26.4  115s
H528630 128848                       0.0042588    0.00021  95.2%  26.4  115s
H528633 128846                       0.0042587    0.00021  95.2%  26.4  115s
 539990 132677 infeasible   56         0.00426    0.00021  95.2%  26.4  120s
 547799 134348    0.00168   65   31    0.00426    0.00021  95.2%  26.4  125s
H548151 134339                       0.0042587    0.00021  95.2%  26.4  125s
H554387 136181                       0.0042587    0.00021  95.2%  26.4  127s
H556891 137342                       0.0042587    0.00021  95.2%  26.5  128s
H559885 135377                       0.0039085    0.00021  94.7%  26.5  130s
H562779 136356                       0.0039085    0.00021  94.7%  26.5  131s
H564739 136709                       0.0039085    0.00021  94.7%  26.5  132s
H565458 136718                       0.0039085    0.00021  94.7%  26.5  133s
H568906 137468                       0.0039085    0.00021  94.7%  26.5  134s
H569141 137468                       0.0039084    0.00021  94.7%  26.5  134s
 569688 138043    0.00208   65   48    0.00391    0.00021  94.7%  26.5  135s
H572395 138046                       0.0039084    0.00021  94.7%  26.5  136s
H575478 138748                       0.0039084    0.00021  94.7%  26.5  137s
H578404 139137                       0.0039084    0.00021  94.7%  26.5  139s
 580478 139699 infeasible   49         0.00391    0.00021  94.7%  26.5  140s
H583767 140105                       0.0039084    0.00021  94.7%  26.5  141s
 590410 141301    0.00021   31   51    0.00391    0.00021  94.7%  26.5  145s
 602920 143062    0.00051   67   48    0.00391    0.00021  94.7%  26.5  150s
 613818 145157 infeasible   57         0.00391    0.00021  94.7%  26.5  155s
 626056 148782    0.00091   72   47    0.00391    0.00021  94.7%  26.5  160s
 638696 152184     cutoff   71         0.00391    0.00021  94.7%  26.5  165s
 650705 154118    0.00021   53   59    0.00391    0.00021  94.7%  26.5  170s
 661790 156550     cutoff   75         0.00391    0.00021  94.7%  26.5  175s
H663924 155584                       0.0037257    0.00021  94.5%  26.5  175s
 673989 158203    0.00028   60   41    0.00373    0.00021  94.5%  26.6  180s
H676590 158462                       0.0037257    0.00021  94.5%  26.6  180s
H679102 158821                       0.0037257    0.00021  94.5%  26.6  182s
H682234 159193                       0.0036308    0.00021  94.3%  26.6  183s
H683313 159603                       0.0036308    0.00021  94.3%  26.6  184s
 685070 159609     cutoff   70         0.00363    0.00021  94.3%  26.6  185s
H689510 160495                       0.0036307    0.00021  94.3%  26.6  187s
 695467 161390    0.00021   55   66    0.00363    0.00021  94.3%  26.6  190s
H697245 161325                       0.0036022    0.00021  94.3%  26.6  191s
H697372 161325                       0.0036022    0.00021  94.3%  26.6  191s
 702657 162492    0.00021   62   53    0.00360    0.00021  94.3%  26.6  195s
H713314 165645                       0.0035851    0.00021  94.3%  26.6  199s
 713999 166270    0.00021   56   62    0.00359    0.00021  94.3%  26.6  200s
H714212 166270                       0.0035851    0.00021  94.3%  26.6  200s
H716000 166276                       0.0035851    0.00021  94.3%  26.6  201s
H716007 166276                       0.0035851    0.00021  94.3%  26.6  201s
H716011 166276                       0.0035851    0.00021  94.3%  26.6  201s
H726635 169243                       0.0035851    0.00021  94.3%  26.6  204s
 726858 169242    0.00084   50   58    0.00359    0.00021  94.3%  26.6  206s
H726867 169242                       0.0035851    0.00021  94.3%  26.6  206s
H726882 169242                       0.0035851    0.00021  94.3%  26.6  206s
H728597 169969                       0.0035850    0.00021  94.3%  26.6  207s
H731072 170491                       0.0035850    0.00021  94.3%  26.6  207s
 736677 172511    0.00021   69   71    0.00359    0.00021  94.3%  26.6  210s
H744394 173871                       0.0035850    0.00021  94.3%  26.6  214s
 746543 174671    0.00140   77   47    0.00359    0.00021  94.3%  26.6  215s
H757016 175892                       0.0035850    0.00021  94.3%  26.6  218s
 760771 176639    0.00040   76   53    0.00358    0.00021  94.3%  26.5  220s
 776087 178860    0.00353   84   39    0.00358    0.00021  94.3%  26.5  225s
 794055 181780    0.00021   72   39    0.00358    0.00021  94.3%  26.5  230s
 813510 185292 infeasible   60         0.00358    0.00021  94.3%  26.5  235s
H815003 185293                       0.0035850    0.00021  94.3%  26.5  236s
H823230 188243                       0.0035850    0.00021  94.3%  26.5  238s
 829173 190703    0.00036   47   59    0.00358    0.00021  94.3%  26.4  240s
H832784 191336                       0.0035850    0.00021  94.3%  26.4  240s
 847698 195563 infeasible   53         0.00358    0.00021  94.3%  26.4  245s
 864854 200074    0.00288   87   45    0.00358    0.00021  94.3%  26.5  250s
 884373 204184     cutoff   85         0.00358    0.00021  94.3%  26.5  255s
 903678 209057    0.00021   81   55    0.00358    0.00021  94.3%  26.5  260s
 922659 213744    0.00021   72   47    0.00358    0.00021  94.3%  26.5  265s
 937984 217284    0.00021   54   62    0.00358    0.00021  94.3%  26.5  270s
*952230 153070              92       0.0008766    0.00021  76.5%  26.5  274s
 952242 152957     cutoff   79         0.00088    0.00021  76.5%  26.5  275s
*952686 149706             101       0.0008559    0.00021  76.0%  26.5  275s
*952687 149706             101       0.0008559    0.00021  76.0%  26.5  275s
*952698 149579             101       0.0008552    0.00021  75.9%  26.5  275s
*953461 145145              92       0.0008375    0.00021  75.4%  26.5  275s
*954571 144766             100       0.0008370    0.00021  75.4%  26.5  275s
*954572 144755             100       0.0008370    0.00021  75.4%  26.5  275s
*954573 144647              99       0.0008368    0.00021  75.4%  26.5  275s
H966157 146924                       0.0008368    0.00021  75.4%  26.5  278s
 972077 147797    0.00021   60   41    0.00084    0.00021  75.4%  26.5  280s
H972538 147877                       0.0008368    0.00021  75.4%  26.5  281s
 985506 150540     cutoff   64         0.00084    0.00021  75.4%  26.5  285s
 1000898 153887    0.00021   55   47    0.00084    0.00021  75.4%  26.5  290s
 1016493 157398    0.00021   72   54    0.00084    0.00021  75.4%  26.6  295s
 1037605 161501    0.00032   72   45    0.00084    0.00021  75.4%  26.6  301s
 1051831 163742    0.00021   52   58    0.00084    0.00021  75.4%  26.6  305s
 1070285 169556    0.00053   71   55    0.00084    0.00021  75.4%  26.7  310s
 1088510 174174    0.00021   55   47    0.00084    0.00021  75.4%  26.7  315s
 1110543 179599    0.00021   67   60    0.00084    0.00021  75.4%  26.7  320s
 1129790 183760     cutoff   61         0.00084    0.00021  75.4%  26.7  325s
 1149587 188066 infeasible   68         0.00084    0.00021  75.4%  26.7  330s
H1153169 189352                       0.0008368    0.00021  75.4%  26.7  332s
H1159269 191608                       0.0008368    0.00021  75.4%  26.7  333s
 1166323 193108 infeasible   75         0.00084    0.00021  75.4%  26.7  335s
 1183853 197322    0.00021   68   59    0.00084    0.00021  75.4%  26.8  340s
 1201753 199928    0.00049   66   53    0.00084    0.00021  75.4%  26.8  345s
 1217816 201005    0.00084   68   45    0.00084    0.00021  75.4%  26.8  350s
 1234862 202046    0.00021   55   54    0.00084    0.00021  75.4%  26.8  355s
 1253110 202514    0.00021   62   47    0.00084    0.00021  75.4%  26.8  360s
 1271576 207163 infeasible   61         0.00084    0.00021  75.4%  26.8  365s
 1288958 211475    0.00021   69   39    0.00084    0.00021  75.4%  26.8  370s
 1309009 216853 infeasible   72         0.00084    0.00021  75.4%  26.8  375s
 1326825 221433 infeasible   76         0.00084    0.00021  75.4%  26.8  380s
 1350805 226993     cutoff   71         0.00084    0.00021  75.4%  26.8  385s
H1358183 226334                       0.0008355    0.00021  75.4%  26.8  387s
H1360982 222082                       0.0008351    0.00021  75.4%  26.8  388s
 1365318 222709    0.00021   63   57    0.00084    0.00021  75.4%  26.8  390s
 1385060 227913 infeasible   80         0.00084    0.00021  75.4%  26.8  395s
 1401549 232279    0.00021   66   48    0.00084    0.00021  75.4%  26.8  400s
 1417484 235839    0.00021   69   42    0.00084    0.00021  75.4%  26.8  405s
 1435632 239296    0.00021   67   59    0.00084    0.00021  75.4%  26.8  410s
 1452773 241856    0.00021   60   52    0.00084    0.00021  75.4%  26.8  415s
 1470927 245290 infeasible   86         0.00084    0.00021  75.4%  26.7  420s
 1485764 247755    0.00021   68   50    0.00084    0.00021  75.4%  26.8  425s
 1502310 249839    0.00021   75   47    0.00084    0.00021  75.4%  26.7  430s
 1518301 252070 infeasible   65         0.00084    0.00021  75.4%  26.8  435s
 1536269 254612     cutoff   75         0.00084    0.00021  75.4%  26.8  440s
 1554897 258022    0.00021   64   51    0.00084    0.00021  75.4%  26.8  445s
 1572636 260572     cutoff   74         0.00084    0.00021  75.4%  26.8  450s
 1589159 262755 infeasible   73         0.00084    0.00021  75.4%  26.8  455s
 1607989 264994    0.00021   57   62    0.00084    0.00021  75.4%  26.8  460s
 1624767 268608    0.00021   56   56    0.00084    0.00021  75.4%  26.8  465s
 1643737 273455 infeasible   55         0.00084    0.00021  75.4%  26.8  470s
 1664984 278651    0.00021   73   57    0.00084    0.00021  75.4%  26.8  475s
 1685579 283513    0.00021   58   47    0.00084    0.00021  75.4%  26.8  480s
 1703563 287369    0.00021   67   62    0.00084    0.00021  75.4%  26.9  485s
 1723531 292474 infeasible   64         0.00084    0.00021  75.4%  26.9  490s
 1742743 297130 infeasible   60         0.00084    0.00021  75.4%  26.9  495s
 1760101 299608    0.00021   47   58    0.00084    0.00021  75.4%  26.9  500s
 1779774 305073    0.00021   53   59    0.00084    0.00021  75.4%  26.9  505s
 1798424 309486    0.00021   55   52    0.00084    0.00021  75.4%  27.0  510s
 1817731 314436 infeasible   70         0.00084    0.00021  75.4%  27.0  515s
 1836289 318604    0.00021   84   52    0.00084    0.00021  75.4%  27.0  520s
 1854150 322048    0.00021   59   62    0.00084    0.00021  75.4%  27.0  525s
 1873080 325844 infeasible   72         0.00084    0.00021  75.4%  27.0  530s
 1893141 331069    0.00084   61   41    0.00084    0.00021  75.4%  27.0  535s
 1913797 335631    0.00021   71   49    0.00084    0.00021  75.4%  27.0  540s
 1932618 338918 infeasible   69         0.00084    0.00021  75.4%  27.0  545s
 1950654 343894     cutoff   67         0.00084    0.00021  75.4%  27.0  550s
 1970874 347426 infeasible   72         0.00084    0.00021  75.4%  27.1  555s
 1987562 351044 infeasible   56         0.00084    0.00021  75.4%  27.1  560s
H1987838 308683                       0.0008310    0.00021  75.2%  27.1  560s
 2005589 311319    0.00021   53   57    0.00083    0.00021  75.2%  27.1  565s
 2023709 314187     cutoff   76         0.00083    0.00021  75.2%  27.1  570s
H2037910 316412                       0.0008310    0.00021  75.2%  27.1  574s
 2038432 316531    0.00021   60   52    0.00083    0.00021  75.2%  27.1  575s
H2040617 316451                       0.0008282    0.00021  75.2%  27.1  575s
H2042651 315948                       0.0008167    0.00021  74.8%  27.1  576s
H2045059 316085                       0.0008167    0.00021  74.8%  27.1  576s
H2045578 316185                       0.0008167    0.00021  74.8%  27.1  577s
 2055001 316785    0.00034   68   48    0.00082    0.00021  74.8%  27.1  580s
H2058598 316936                       0.0008167    0.00021  74.8%  27.1  580s
 2072727 318142    0.00022   67   49    0.00082    0.00021  74.8%  27.1  585s
H2074286 318142                       0.0008167    0.00021  74.8%  27.1  585s
H2085159 318907                       0.0008167    0.00021  74.8%  27.1  587s
 2088785 319272    0.00021   69   45    0.00082    0.00021  74.8%  27.1  590s
H2098908 320198                       0.0008167    0.00021  74.8%  27.1  592s
 2104288 320864     cutoff   79         0.00082    0.00021  74.8%  27.1  595s
H2119282 321180                       0.0008167    0.00021  74.8%  27.1  599s
 2121781 321245    0.00022   59   48    0.00082    0.00021  74.8%  27.1  600s
H2130707 321635                       0.0008167    0.00021  74.8%  27.1  602s
 2137739 321933     cutoff   67         0.00082    0.00021  74.8%  27.1  605s
H2138160 321348                       0.0008074    0.00021  74.5%  27.1  605s
 2152288 322242 infeasible   68         0.00081    0.00021  74.5%  27.1  610s
H2164172 323191                       0.0008074    0.00021  74.5%  27.1  613s
 2167489 324235     cutoff   70         0.00081    0.00021  74.5%  27.1  615s
 2186207 328161    0.00044   76   49    0.00081    0.00021  74.5%  27.1  620s
 2203537 329542    0.00070   75   61    0.00081    0.00021  74.5%  27.1  625s
 2220406 331978    0.00021   67   53    0.00081    0.00021  74.5%  27.1  630s
H2224922 332961                       0.0008074    0.00021  74.5%  27.1  632s
H2230911 334606                       0.0008074    0.00021  74.5%  27.1  634s
 2233342 335189 infeasible   60         0.00081    0.00021  74.5%  27.1  635s
H2251548 339773                       0.0008073    0.00021  74.5%  27.1  639s
 2251837 340494    0.00021   65   53    0.00081    0.00021  74.5%  27.1  640s
 2269240 344841 infeasible   69         0.00081    0.00021  74.5%  27.1  645s
 2291257 350779    0.00021   77   47    0.00081    0.00021  74.5%  27.0  650s
 2310083 354364     cutoff   78         0.00081    0.00021  74.5%  27.0  655s
H2316439 355475                       0.0008073    0.00021  74.5%  27.0  657s
 2327300 356730     cutoff   74         0.00081    0.00021  74.5%  27.0  660s
 2345178 360772    0.00021   54   49    0.00081    0.00021  74.5%  27.0  665s
H2352477 362132                       0.0008073    0.00021  74.5%  27.0  667s
 2362653 364637     cutoff   61         0.00081    0.00021  74.5%  27.0  670s
H2379933 369980                       0.0008073    0.00021  74.5%  27.0  673s
H2380795 369980                       0.0008073    0.00021  74.5%  27.0  674s
 2380815 370188     cutoff   81         0.00081    0.00021  74.5%  27.0  675s
H2382322 370333                       0.0008073    0.00021  74.5%  27.0  675s
H2399103 373816                       0.0008073    0.00021  74.5%  27.0  679s
 2402575 375260    0.00021   62   47    0.00081    0.00021  74.5%  27.0  680s
 2421755 379419     cutoff   77         0.00081    0.00021  74.5%  27.0  685s
 2440777 382363    0.00021   67   52    0.00081    0.00021  74.5%  27.0  690s
H2448404 383085                       0.0008073    0.00021  74.5%  27.0  691s
 2457557 383982 infeasible   53         0.00081    0.00021  74.5%  27.0  695s
 2474660 385112     cutoff   70         0.00081    0.00021  74.5%  27.0  700s
H2489885 386001                       0.0008073    0.00021  74.5%  27.0  704s
 2491582 386030 infeasible   95         0.00081    0.00021  74.5%  27.0  705s
H2503396 385965                       0.0008073    0.00021  74.5%  27.0  709s
 2506449 386092    0.00021   71   51    0.00081    0.00021  74.5%  27.0  710s
 2523564 386829     cutoff   87         0.00081    0.00021  74.5%  27.0  715s
 2539702 388819    0.00053   79   58    0.00081    0.00021  74.5%  27.0  720s
H2555319 389544                       0.0008073    0.00021  74.5%  27.0  724s
 2556224 389691    0.00021   69   49    0.00081    0.00021  74.5%  27.0  725s
H2558200 389697                       0.0008073    0.00021  74.5%  27.0  725s
H2559669 389757                       0.0008073    0.00021  74.5%  27.0  726s
 2573667 391245     cutoff   62         0.00081    0.00021  74.5%  27.0  730s
 2590893 392500    0.00061   73   58    0.00081    0.00021  74.5%  27.0  735s
H2598140 393591                       0.0008073    0.00021  74.5%  27.0  738s
 2603003 396069    0.00021   67   60    0.00081    0.00021  74.5%  27.0  740s
 2623102 401673    0.00061   81   53    0.00081    0.00021  74.5%  27.0  745s
 2642205 405696    0.00021   59   48    0.00081    0.00021  74.5%  27.0  750s
 2664041 410327    0.00070   70   61    0.00081    0.00021  74.5%  26.9  755s
 2684834 415146    0.00021   63   59    0.00081    0.00021  74.5%  26.9  760s
 2703008 419818    0.00032   71   51    0.00081    0.00021  74.5%  26.9  765s
 2722120 425906     cutoff   77         0.00081    0.00021  74.5%  26.9  770s
H2729132 427143                       0.0008073    0.00021  74.5%  26.9  772s
 2739041 430089     cutoff   88         0.00081    0.00021  74.5%  26.9  775s
H2747732 431399                       0.0008073    0.00021  74.5%  26.9  777s
H2749369 432016                       0.0008073    0.00021  74.5%  26.9  778s
 2756052 433800     cutoff   72         0.00081    0.00021  74.5%  26.9  780s
H2767427 436058                       0.0008073    0.00021  74.5%  26.9  783s
H2767578 436422                       0.0008073    0.00021  74.5%  26.9  783s
 2771165 437403     cutoff   72         0.00081    0.00021  74.5%  26.9  785s
H2781450 439438                       0.0008073    0.00021  74.5%  26.9  787s
 2789660 441614    0.00051   71   58    0.00081    0.00021  74.5%  26.9  790s
 2809322 445606 infeasible   78         0.00081    0.00021  74.5%  26.9  795s
 2828369 449101    0.00021   71   63    0.00081    0.00021  74.5%  26.9  800s
 2846129 450903     cutoff   91         0.00081    0.00021  74.5%  26.9  805s
H2857235 451886                       0.0008073    0.00021  74.5%  26.9  808s
 2861277 452692    0.00077   75   58    0.00081    0.00021  74.5%  26.9  810s
 2880768 455018    0.00027   70   49    0.00081    0.00021  74.5%  26.9  815s
 2900658 456235    0.00021   65   46    0.00081    0.00021  74.5%  26.9  820s
 2917422 457915 infeasible   60         0.00081    0.00021  74.5%  26.9  825s
 2935105 462651 infeasible   65         0.00081    0.00021  74.5%  26.9  830s
 2953210 467077    0.00037   62   52    0.00081    0.00021  74.5%  26.9  835s
 2971895 471056    0.00021   70   42    0.00081    0.00021  74.5%  26.9  840s
 2989279 474833    0.00021   72   64    0.00081    0.00021  74.5%  26.9  845s
 3007831 478736     cutoff   50         0.00081    0.00021  74.5%  26.9  850s
 3031873 484205    0.00021   76   56    0.00081    0.00021  74.5%  26.9  855s
 3052157 488674    0.00021   57   68    0.00081    0.00021  74.5%  26.9  860s
H3055368 489183                       0.0008073    0.00021  74.5%  26.9  861s
 3068968 492409 infeasible   68         0.00081    0.00021  74.5%  26.9  865s
 3087553 495984     cutoff   74         0.00081    0.00021  74.5%  26.8  870s
 3104533 498542 infeasible   59         0.00081    0.00021  74.5%  26.9  875s
 3124743 501428     cutoff   82         0.00081    0.00021  74.5%  26.8  880s
 3142306 503882    0.00021   68   61    0.00081    0.00021  74.5%  26.8  885s
 3158846 505730    0.00040   65   52    0.00081    0.00021  74.5%  26.8  890s
 3176607 506954     cutoff   66         0.00081    0.00021  74.5%  26.8  895s
 3193249 508724    0.00021   77   50    0.00081    0.00021  74.5%  26.8  900s
 3210916 510174    0.00021   70   51    0.00081    0.00021  74.5%  26.9  905s
 3230614 511828    0.00030   76   50    0.00081    0.00021  74.5%  26.9  910s
 3248980 513020     cutoff   83         0.00081    0.00021  74.5%  26.9  915s
 3264162 513427     cutoff   81         0.00081    0.00021  74.5%  26.9  920s
 3282222 514822    0.00021   61   59    0.00081    0.00021  74.5%  26.9  925s
 3298944 515978    0.00021   70   59    0.00081    0.00021  74.5%  26.9  930s
 3315896 518260    0.00021   76   70    0.00081    0.00021  74.5%  26.9  935s
 3333091 519733 infeasible   84         0.00081    0.00021  74.5%  26.9  940s
 3348800 520540     cutoff   83         0.00081    0.00021  74.5%  26.9  945s
 3367327 524765    0.00023   85   49    0.00081    0.00021  74.5%  26.9  950s
 3385758 526382    0.00021   53   64    0.00081    0.00021  74.5%  26.9  955s
H3401242 473097                       0.0004834    0.00021  57.4%  26.9  959s
 3403257 473629    0.00021   49   43    0.00048    0.00021  57.4%  26.9  960s
 3419548 476421    0.00021   53   64    0.00048    0.00021  57.4%  26.9  965s
H3427591 478696                       0.0004834    0.00021  57.4%  26.9  966s
H3428845 479059                       0.0004834    0.00021  57.4%  26.9  967s
H3430742 454642                       0.0003840    0.00021  46.4%  26.9  967s
H3434070 455350                       0.0003840    0.00021  46.4%  26.9  968s
H3434612 455353                       0.0003840    0.00021  46.4%  26.9  969s
 3434613 455794    0.00021   65   45    0.00038    0.00021  46.4%  26.9  970s
H3440997 457621                       0.0003840    0.00021  46.4%  26.9  971s
H3442652 457439                       0.0003824    0.00021  46.2%  26.9  971s
H3445688 457048                       0.0003793    0.00021  45.7%  26.9  972s
H3446990 457452                       0.0003793    0.00021  45.7%  26.9  972s
 3450835 458669    0.00021   53   42    0.00038    0.00021  45.7%  26.9  975s
 3471524 462999    0.00021   60   55    0.00038    0.00021  45.7%  26.9  980s
H3487528 422317                       0.0002688    0.00021  23.4%  26.9  984s
 3489447 422930    0.00021   65   65    0.00027    0.00021  23.4%  26.9  985s
 3507658 426918    0.00021   65   45    0.00027    0.00021  23.4%  26.9  990s
H3512061 427904                       0.0002688    0.00021  23.4%  26.9  990s
H3514054 428049                       0.0002688    0.00021  23.4%  26.9  991s
 3524293 430998 infeasible   88         0.00027    0.00021  23.4%  26.9  995s
 3544042 434989     cutoff   64         0.00027    0.00021  23.4%  26.9 1000s
 3561446 436770    0.00021   55   59    0.00027    0.00021  23.4%  26.9 1005s
H3580082 439590                       0.0002688    0.00021  23.4%  26.9 1009s
 3581593 439643 infeasible   77         0.00027    0.00021  23.4%  26.9 1010s
H3581657 439643                       0.0002688    0.00021  23.4%  26.9 1010s
H3584134 377947                       0.0002107    0.00021  2.33%  26.9 1011s
H3590171 377722                       0.0002105    0.00021  2.25%  26.9 1013s
 3595258 378339 infeasible   68         0.00021    0.00021  2.25%  26.9 1016s
 3612011 378032    0.00021   78   56    0.00021    0.00021  2.25%  26.9 1020s
 3635085 377868    0.00021   67   46    0.00021    0.00021  2.25%  26.8 1026s
 3650472 377140    0.00021   56   43    0.00021    0.00021  2.25%  26.8 1030s
H3654008 370271                       0.0002087    0.00021  1.41%  26.8 1031s
 3662488 370770     cutoff   64         0.00021    0.00021  1.41%  26.8 1035s
H3669594 335153                       0.0002064    0.00021  0.29%  26.9 1038s
H3671639 322590                       0.0002060    0.00021  0.11%  26.9 1039s
H3671989 305831                       0.0002058    0.00021  0.01%  26.9 1039s
 3672890 305727    0.00021   63   49    0.00021    0.00021  0.01%  26.9 1040s
H3673391 305464                       0.0002058    0.00021  0.01%  26.9 1040s
H3688252 299814                       0.0002058    0.00021  0.00%  26.9 1044s

Cutting planes:
  Gomory: 4
  Cover: 11
  Implied bound: 18
  Clique: 6
  MIR: 9
  StrongCG: 1
  Flow cover: 43
  RLT: 25
  Relax-and-lift: 32
  PSD: 1

Explored 3688256 nodes (99086661 simplex iterations) in 1044.60 seconds (570.31 work units)
Thread count was 12 (of 12 available processors)

Solution count 10: 0.000205814 0.000205828 0.000205829 ... 0.000379326

Optimal solution found (tolerance 1.00e-04)
Best objective 2.058137155993e-04, best bound 2.058065039989e-04, gap 0.0035%
