
Gurobi 11.0.2 (win64) logging started Wed Oct  2 00:08:31 2024

Set parameter LogFile to value ".\Experiments\Track_k_e_2\Logs\track_k_e_2_r3_c7.log"
Set parameter TimeLimit to value 3600
Gurobi Optimizer version 11.0.2 build v11.0.2rc0 (win64 - Windows 10.0 (19045.2))

CPU model: Intel(R) Core(TM) i7-10750H CPU @ 2.60GHz, instruction set [SSE2|AVX|AVX2]
Thread count: 6 physical cores, 12 logical processors, using up to 12 threads

Optimize a model with 250 rows, 462 columns and 924 nonzeros
Model fingerprint: 0x0f58b889
Model has 6 quadratic objective terms
Model has 68 quadratic constraints
Model has 116 general constraints
Variable types: 458 continuous, 4 integer (4 binary)
Coefficient statistics:
  Matrix range     [9e-06, 1e+02]
  QMatrix range    [1e+00, 1e+00]
  QLMatrix range   [1e+00, 1e+00]
  Objective range  [1e-02, 2e-01]
  QObjective range [2e+00, 2e+00]
  Bounds range     [8e-05, 5e+00]
  RHS range        [8e-05, 1e+02]
  QRHS range       [1e-06, 1e-06]
Presolve added 60 rows and 0 columns
Presolve removed 0 rows and 97 columns
Presolve time: 0.01s
Presolved: 551 rows, 374 columns, 1541 nonzeros
Presolved model has 2 SOS constraint(s)
Presolved model has 4 quadratic objective terms
Presolved model has 57 bilinear constraint(s)
Presolved model has 4 nonlinear constraint(s)
Warning: Model contains variables with very large bounds participating
         in nonlinear terms.
         Presolve was not able to compute smaller bounds for these variables.
         Consider bounding these variables or reformulating the model.


Solving non-convex MINLP

Variable types: 284 continuous, 90 integer (90 binary)

Root relaxation: objective 2.058065e-04, 451 iterations, 0.00 seconds (0.00 work units)

    Nodes    |    Current Node    |     Objective Bounds      |     Work
 Expl Unexpl |  Obj  Depth IntInf | Incumbent    BestBd   Gap | It/Node Time

     0     0    0.00021    0   57          -    0.00021      -     -    0s
     0     0    0.00021    0   57          -    0.00021      -     -    0s
     0     0    0.00021    0   73          -    0.00021      -     -    0s
     0     0    0.00021    0   73          -    0.00021      -     -    0s
     0     0    0.00021    0   71          -    0.00021      -     -    0s
     0     0    0.00021    0   57          -    0.00021      -     -    0s
     0     2    0.00021    0   57          -    0.00021      -     -    0s
 13098  3876    0.00021   58   54          -    0.00021      -  34.1    5s
 33092 10402    0.00029   52   41          -    0.00021      -  33.7   10s
 54007 16549 infeasible   33               -    0.00021      -  32.5   15s
 75359 24610    0.00021   44   50          -    0.00021      -  32.2   20s
 96219 30902    0.00029   69   61          -    0.00021      -  32.2   25s
 120250 38789    0.00481   47   46          -    0.00021      -  31.4   30s
 142694 45402    0.00021   56   60          -    0.00021      -  31.1   35s
 163315 52424 infeasible   42               -    0.00021      -  31.2   40s
 185702 59218    0.00024   70   55          -    0.00021      -  30.8   45s
 207900 65538 infeasible   50               -    0.00021      -  30.6   50s
 229404 71530    0.00021   53   59          -    0.00021      -  30.6   55s
 252123 77554 infeasible   64               -    0.00021      -  30.7   60s
 269423 82373 infeasible   62               -    0.00021      -  30.8   65s
 290752 87632 infeasible   62               -    0.00021      -  30.8   70s
 313818 93578    0.00043   67   48          -    0.00021      -  30.7   75s
 333690 98396    0.00449   62   53          -    0.00021      -  30.8   80s
 354174 103560 infeasible   67               -    0.00021      -  30.8   85s
 376062 108532    0.00055   69   52          -    0.00021      -  30.7   90s
 398039 113846 infeasible   52               -    0.00021      -  30.7   95s
 419100 118424    0.02590   60   44          -    0.00021      -  30.7  100s
 439339 122749 infeasible   64               -    0.00021      -  30.8  105s
 462908 127757 infeasible   69               -    0.00021      -  30.9  110s
 482720 133124    0.00542   67   40          -    0.00021      -  30.9  115s
 505579 137824 infeasible   70               -    0.00021      -  31.0  120s
 527410 142913 infeasible   66               -    0.00021      -  31.0  125s
 547382 147537 infeasible   81               -    0.00021      -  31.2  130s
 568028 152400    0.00021   66   47          -    0.00021      -  31.2  135s
 590202 157449    2.82018   67   45          -    0.00021      -  31.2  140s
 610355 161541    0.00106   58   44          -    0.00021      -  31.3  145s
 629556 165335    0.00021   90   54          -    0.00021      -  31.3  150s
 652360 170309    0.09398   61   55          -    0.00021      -  31.3  155s
 678059 176176    0.00083   50   52          -    0.00021      -  31.1  160s
 699096 182767    0.00021   55   53          -    0.00021      -  31.2  165s
 722315 188833 infeasible   45               -    0.00021      -  31.3  170s
 744867 194868 infeasible   62               -    0.00021      -  31.3  175s
 767232 201476 infeasible   60               -    0.00021      -  31.3  180s
 790356 208222    0.00084   53   45          -    0.00021      -  31.3  185s
 812286 214311    0.00021   62   49          -    0.00021      -  31.4  190s
 835456 221893    0.00134   54   48          -    0.00021      -  31.4  195s
 858148 227366    0.00087   57   45          -    0.00021      -  31.6  200s
 878942 234247    0.00084   61   48          -    0.00021      -  31.6  205s
 900596 240539    0.00422   41   53          -    0.00021      -  31.6  210s
 923482 247510    0.00021   50   62          -    0.00021      -  31.7  215s
 945616 254174 infeasible   73               -    0.00021      -  31.7  220s
 968513 259853 infeasible   60               -    0.00021      -  31.6  225s
 991203 266122    0.00292   62   39          -    0.00021      -  31.6  230s
 1012996 273262    0.00078   57   53          -    0.00021      -  31.6  235s
 1034196 278485 infeasible   59               -    0.00021      -  31.6  240s
 1056178 284621 infeasible   87               -    0.00021      -  31.6  245s
 1076377 290019    0.00481   47   64          -    0.00021      -  31.7  250s
 1096822 294711    0.00269   74   26          -    0.00021      -  31.7  255s
 1116269 298755 infeasible   72               -    0.00021      -  31.7  260s
 1137529 303329    0.00069   62   56          -    0.00021      -  31.7  265s
 1158460 308501 infeasible   76               -    0.00021      -  31.7  270s
 1180924 313485 infeasible   64               -    0.00021      -  31.7  275s
 1202485 317398 infeasible   59               -    0.00021      -  31.7  280s
 1221910 321730    0.00021   77   45          -    0.00021      -  31.7  285s
 1242836 328134    0.00021   66   48          -    0.00021      -  31.7  290s
 1264728 333506    0.00021   55   58          -    0.00021      -  31.7  295s
 1286347 338915    0.00021   46   53          -    0.00021      -  31.8  300s
 1306669 344809    0.00061   69   45          -    0.00021      -  31.8  305s
 1329015 351025    0.00021   76   34          -    0.00021      -  31.8  310s
 1349754 355459    0.00084   67   38          -    0.00021      -  31.8  315s
 1372192 361319 infeasible   94               -    0.00021      -  31.8  320s
 1392325 366672 infeasible   64               -    0.00021      -  31.8  325s
 1414187 370009    0.00021   53   63          -    0.00021      -  31.8  330s
 1433278 374717    0.12864   56   41          -    0.00021      -  31.8  335s
 1455101 380869    0.00375   78   33          -    0.00021      -  31.8  340s
 1475879 386484    0.00063   74   46          -    0.00021      -  31.8  345s
 1499572 393745    0.00021   60   49          -    0.00021      -  31.8  350s
 1522772 400603    0.00296   86   36          -    0.00021      -  31.7  355s
 1542581 405603    0.00021   59   57          -    0.00021      -  31.7  360s
 1562583 410729    0.00073   72   35          -    0.00021      -  31.7  365s
 1584506 415592    0.00084   85   43          -    0.00021      -  31.7  370s
 1606981 420959    0.00021   81   37          -    0.00021      -  31.6  375s
 1626425 424999 infeasible   71               -    0.00021      -  31.6  380s
 1649409 430840 infeasible   65               -    0.00021      -  31.5  385s
 1672818 436208    0.00021   90   45          -    0.00021      -  31.5  390s
 1694766 441194    0.00084   56   45          -    0.00021      -  31.4  395s
 1716244 447781    0.00485   47   51          -    0.00021      -  31.4  400s
 1739167 453944    0.00119   97   44          -    0.00021      -  31.4  405s
 1761772 459747 infeasible   72               -    0.00021      -  31.4  410s
 1784511 466491    0.00043   76   44          -    0.00021      -  31.4  415s
 1806176 472220    0.00419   88   30          -    0.00021      -  31.3  420s
 1825716 477082 infeasible  102               -    0.00021      -  31.3  425s
 1846732 482297    0.00025   60   60          -    0.00021      -  31.3  430s
 1869159 487268 infeasible   71               -    0.00021      -  31.4  435s
 1894901 492244    0.00422   67   24          -    0.00021      -  31.3  440s
 1918555 496555    0.00021   74   39          -    0.00021      -  31.3  445s
 1943919 500987    0.00021   77   41          -    0.00021      -  31.3  450s
 1970442 505767 infeasible   56               -    0.00021      -  31.3  455s
 1996428 512232 infeasible   92               -    0.00021      -  31.2  460s
 2024927 518806    0.00021   82   43          -    0.00021      -  31.1  465s
 2052351 524403    0.00098   84   29          -    0.00021      -  31.1  470s
 2077191 529201 infeasible   82               -    0.00021      -  31.0  475s
 2096632 534219    0.00021   66   43          -    0.00021      -  31.0  480s
 2118683 539469    0.00021   75   45          -    0.00021      -  31.0  485s
 2142462 544541 infeasible   74               -    0.00021      -  31.0  490s
 2165566 549436    0.00025   77   52          -    0.00021      -  31.0  495s
 2191472 554385    0.00151   78   48          -    0.00021      -  31.0  500s
 2214410 557934 infeasible   78               -    0.00021      -  30.9  505s
 2237667 562118    0.00021   82   54          -    0.00021      -  30.9  510s
 2261033 566425    0.00111   73   26          -    0.00021      -  30.9  515s
 2283534 570569 infeasible   82               -    0.00021      -  30.9  520s
 2309468 575802    0.00408   73   46          -    0.00021      -  30.8  525s
 2331962 580785    0.00077   96   41          -    0.00021      -  30.8  530s
 2355327 586637    0.00023   85   54          -    0.00021      -  30.8  535s
 2379312 592070    0.00266   97   34          -    0.00021      -  30.8  540s
 2403969 598406 infeasible   90               -    0.00021      -  30.8  545s
 2427748 604253    0.00045   39   60          -    0.00021      -  30.7  550s
 2452488 610849    0.00245   84   39          -    0.00021      -  30.7  555s
 2472532 616246    0.00055   70   45          -    0.00021      -  30.7  560s
 2494079 622249 infeasible   70               -    0.00021      -  30.7  565s
 2518436 627681    0.00021   81   32          -    0.00021      -  30.7  570s
 2545848 632395 infeasible   68               -    0.00021      -  30.6  575s
 2570261 636649    0.00041   78   42          -    0.00021      -  30.6  580s
 2597050 641244    0.00044   60   49          -    0.00021      -  30.5  585s
 2621249 646546 infeasible  100               -    0.00021      -  30.5  590s
 2646886 650968    0.00021   80   35          -    0.00021      -  30.4  595s
 2671647 655093    0.00200   67   53          -    0.00021      -  30.4  600s
 2696895 659716    0.00399  102   38          -    0.00021      -  30.4  605s
 2723369 664471    0.00021   79   46          -    0.00021      -  30.3  610s
 2748217 668567    0.00021   92   53          -    0.00021      -  30.3  615s
 2772521 672904    0.00087   69   43          -    0.00021      -  30.3  620s
 2798328 677461    0.00377   84   30          -    0.00021      -  30.2  625s
 2822387 683704    0.00149   93   30          -    0.00021      -  30.2  630s
 2849639 688714 infeasible   90               -    0.00021      -  30.2  635s
 2873651 692656 infeasible   85               -    0.00021      -  30.2  640s
 2899228 697364 infeasible   94               -    0.00021      -  30.2  645s
 2925318 702125    0.00021   87   41          -    0.00021      -  30.2  650s
 2951031 707290    0.00080   68   50          -    0.00021      -  30.2  655s
 2976736 712379    0.00021   78   44          -    0.00021      -  30.1  660s
 3004075 718583    0.00412   98   24          -    0.00021      -  30.1  665s
 3030248 723986 infeasible   74               -    0.00021      -  30.1  670s
 3057598 728667 infeasible   96               -    0.00021      -  30.0  675s
 3081397 733635 infeasible   74               -    0.00021      -  30.0  680s
 3108940 739065    0.00024   86   42          -    0.00021      -  30.0  685s
 3133167 744836 infeasible   67               -    0.00021      -  30.0  690s
 3162014 751626    0.00076   79   56          -    0.00021      -  29.9  695s
 3189698 757816 infeasible   97               -    0.00021      -  29.9  700s
 3212812 763765    0.00057   77   33          -    0.00021      -  29.8  705s
 3241067 769597 infeasible   72               -    0.00021      -  29.8  710s
 3265589 774263    0.00095   65   33          -    0.00021      -  29.8  715s
 3280301 778125 infeasible   81               -    0.00021      -  29.8  720s
 3300525 782216    0.00082   80   54          -    0.00021      -  29.8  725s
 3321194 786001    0.00302   70   53          -    0.00021      -  29.9  730s
 3344485 790800    0.00185   71   53          -    0.00021      -  29.9  735s
 3366994 795468    0.00034   76   41          -    0.00021      -  29.9  740s
 3390689 800172    0.00028   76   33          -    0.00021      -  29.9  745s
 3413596 804767    0.00036   78   44          -    0.00021      -  29.9  750s
 3434051 809105    0.00129   70   30          -    0.00021      -  29.9  755s
 3458494 814827    0.00021   73   40          -    0.00021      -  29.9  760s
 3483802 820605    0.00021   84   43          -    0.00021      -  29.9  765s
 3506653 825279    0.00021   74   43          -    0.00021      -  29.9  770s
 3532299 830184    0.00021   65   47          -    0.00021      -  29.9  775s
 3556615 835244    0.00021   74   41          -    0.00021      -  29.9  780s
 3579178 839507    0.00101   76   44          -    0.00021      -  29.9  785s
 3603663 843864 infeasible   76               -    0.00021      -  29.9  790s
 3628536 848991    0.00113   86   44          -    0.00021      -  29.9  795s
 3647744 853315 infeasible   60               -    0.00021      -  29.9  800s
 3668008 858026 infeasible   68               -    0.00021      -  29.9  805s
 3689494 863778    0.00021   74   55          -    0.00021      -  29.9  810s
 3707873 867751    0.00021   67   48          -    0.00021      -  29.9  815s
 3731637 872716 infeasible   59               -    0.00021      -  29.9  820s
 3754587 878120    0.00021   60   46          -    0.00021      -  29.9  825s
 3776579 883316    0.00246   91   39          -    0.00021      -  29.9  830s
 3798472 888236 infeasible   97               -    0.00021      -  29.9  835s
 3822523 894652 infeasible   86               -    0.00021      -  29.9  840s
 3842471 898542    0.00042   76   43          -    0.00021      -  29.9  845s
 3861705 903529 infeasible   88               -    0.00021      -  29.9  850s
 3881643 908717    0.00023   67   49          -    0.00021      -  30.0  855s
 3901695 912913    0.00449   88   38          -    0.00021      -  30.0  860s
 3921927 917407 infeasible   68               -    0.00021      -  30.0  865s
 3941443 922875    0.00021   71   52          -    0.00021      -  30.0  870s
 3962764 927773 infeasible   86               -    0.00021      -  30.0  875s
 3985824 932361 infeasible   77               -    0.00021      -  30.0  880s
 4008822 937172 infeasible   60               -    0.00021      -  30.1  885s
 4031672 942108 infeasible   78               -    0.00021      -  30.1  890s
 4055523 947029 infeasible   76               -    0.00021      -  30.1  895s
 4075535 952393    0.00033   69   53          -    0.00021      -  30.1  900s
 4102823 959776    0.00038   89   43          -    0.00021      -  30.1  905s
 4126024 965654    0.00021   58   45          -    0.00021      -  30.1  910s
 4149338 971177 infeasible   61               -    0.00021      -  30.1  915s
 4171665 976884 infeasible   75               -    0.00021      -  30.1  920s
 4195254 982146 infeasible   80               -    0.00021      -  30.1  925s
 4216207 987806    0.00202  102   30          -    0.00021      -  30.2  930s
 4238802 993707 infeasible   55               -    0.00021      -  30.2  935s
 4261736 998318 infeasible   61               -    0.00021      -  30.2  940s
 4283981 1003535 infeasible   56               -    0.00021      -  30.2  945s
 4307301 1009439    0.00021   53   54          -    0.00021      -  30.2  950s
 4326005 1015093 infeasible   72               -    0.00021      -  30.2  955s
 4348586 1020662 infeasible   66               -    0.00021      -  30.2  960s
 4374864 1028480    0.00021   70   43          -    0.00021      -  30.2  965s
 4397711 1035537    0.00021   49   41          -    0.00021      -  30.2  970s
 4416135 1041146 infeasible   78               -    0.00021      -  30.2  975s
 4438624 1048196 infeasible   80               -    0.00021      -  30.2  980s
 4459511 1054242    0.00038   70   46          -    0.00021      -  30.2  985s
 4481899 1062022 infeasible   67               -    0.00021      -  30.2  990s
 4504157 1068466    0.00022   71   57          -    0.00021      -  30.2  995s
 4524718 1074134    0.00214   90   36          -    0.00021      -  30.2 1000s
 4548584 1079963    0.00021   50   47          -    0.00021      -  30.2 1005s
 4573573 1087604    0.00091   70   33          -    0.00021      -  30.2 1010s
 4598559 1094146    0.00021   52   43          -    0.00021      -  30.1 1015s
 4618336 1098381 infeasible   66               -    0.00021      -  30.1 1020s
 4636102 1102856    0.00062   71   55          -    0.00021      -  30.2 1025s
 4658363 1109137    0.00021   64   56          -    0.00021      -  30.2 1030s
 4678876 1114311 infeasible   59               -    0.00021      -  30.1 1035s
 4700496 1119351    0.00023   66   48          -    0.00021      -  30.1 1040s
 4721286 1124024    0.00021   44   52          -    0.00021      -  30.1 1045s
 4739415 1128061    0.00021   66   45          -    0.00021      -  30.1 1050s
 4759881 1133286 infeasible   74               -    0.00021      -  30.1 1055s
 4784300 1139417    0.00021   60   56          -    0.00021      -  30.1 1060s
 4804412 1143374    0.00021   48   47          -    0.00021      -  30.1 1065s
 4821672 1146970    0.00021   56   49          -    0.00021      -  30.1 1070s
 4839257 1151606    0.00102   63   29          -    0.00021      -  30.1 1075s
 4859344 1156657    0.02361   56   56          -    0.00021      -  30.1 1080s
 4878683 1162314 infeasible   88               -    0.00021      -  30.2 1085s
 4897650 1166695    0.00458   83   29          -    0.00021      -  30.2 1090s
 4917077 1171388    0.00084   77   48          -    0.00021      -  30.2 1095s
 4938039 1176556    0.00021   62   51          -    0.00021      -  30.2 1100s
 4960967 1182208    0.00161   70   45          -    0.00021      -  30.3 1105s
 4984399 1188188    0.00021   50   55          -    0.00021      -  30.3 1110s
 5009932 1194464 infeasible   68               -    0.00021      -  30.3 1115s
 5032931 1199919    0.00266   91   40          -    0.00021      -  30.3 1120s
 5054212 1204251    0.00642   73   48          -    0.00021      -  30.3 1125s
 5075388 1208193    0.00021   49   52          -    0.00021      -  30.3 1130s
 5099210 1213323    0.00021   83   45          -    0.00021      -  30.3 1135s
 5121375 1219119    0.00075   81   30          -    0.00021      -  30.3 1140s
 5142510 1223124    0.00027   63   47          -    0.00021      -  30.3 1145s
 5163982 1228598    0.00511   67   39          -    0.00021      -  30.3 1150s
 5187450 1234306 infeasible   65               -    0.00021      -  30.3 1155s
 5211204 1239981 infeasible   79               -    0.00021      -  30.3 1160s
 5232516 1244980 infeasible   63               -    0.00021      -  30.3 1165s
 5252046 1249782    0.00084   71   40          -    0.00021      -  30.4 1170s
 5277750 1256143    0.00084   68   37          -    0.00021      -  30.4 1175s
 5301503 1261822 infeasible   47               -    0.00021      -  30.4 1180s
 5324478 1267675    0.00021   55   42          -    0.00021      -  30.4 1185s
 5349866 1274283 infeasible   85               -    0.00021      -  30.4 1190s
 5370737 1278687    0.00141   45   48          -    0.00021      -  30.4 1195s
 5391161 1282618    0.00181   71   44          -    0.00021      -  30.4 1200s
 5413446 1286174    0.00021   53   62          -    0.00021      -  30.4 1205s
 5437747 1289839 infeasible   83               -    0.00021      -  30.4 1210s
 5459843 1292922    0.00051   67   54          -    0.00021      -  30.5 1215s
 5486280 1299204 infeasible   71               -    0.00021      -  30.4 1220s
 5515678 1303971    0.00021   84   50          -    0.00021      -  30.4 1225s
 5542191 1307891    0.00094   86   37          -    0.00021      -  30.4 1230s
 5569515 1312200 infeasible   93               -    0.00021      -  30.3 1235s
 5596357 1316115    0.00021   64   34          -    0.00021      -  30.3 1240s
 5622221 1321327 infeasible   96               -    0.00021      -  30.3 1245s
 5646664 1327378    0.00085   95   53          -    0.00021      -  30.3 1250s
 5669017 1333049 infeasible   92               -    0.00021      -  30.3 1255s
 5694793 1338564    0.00094   77   42          -    0.00021      -  30.3 1260s
 5718078 1343822    0.00895   95   26          -    0.00021      -  30.3 1265s
 5740170 1349924    0.00021   82   39          -    0.00021      -  30.3 1270s
 5764896 1356960    0.00028   75   37          -    0.00021      -  30.3 1275s
 5787996 1362656    0.00056   73   21          -    0.00021      -  30.3 1280s
 5811135 1368147 infeasible   51               -    0.00021      -  30.3 1285s
 5835948 1374361 infeasible   81               -    0.00021      -  30.4 1290s
 5863221 1379625    0.00404  101   19          -    0.00021      -  30.3 1295s
 5892882 1384987    0.00021   66   46          -    0.00021      -  30.3 1300s
 5919158 1389338    0.00021   66   50          -    0.00021      -  30.3 1305s
 5948036 1396406 infeasible   92               -    0.00021      -  30.2 1310s
 5976707 1401531 infeasible   65               -    0.00021      -  30.2 1315s
 6005046 1405268    0.00021   67   37          -    0.00021      -  30.2 1320s
 6029077 1410074 infeasible   75               -    0.00021      -  30.2 1325s
 6051602 1416758 infeasible   88               -    0.00021      -  30.2 1330s
 6073694 1423243    0.00021   52   50          -    0.00021      -  30.2 1335s
 6094268 1428391 infeasible   90               -    0.00021      -  30.2 1340s
 6115840 1432976    0.00021   84   41          -    0.00021      -  30.2 1345s
 6136419 1437984    0.00021   54   59          -    0.00021      -  30.2 1350s
 6157008 1443858    0.00042   71   42          -    0.00021      -  30.2 1355s
 6175915 1450868    0.00021   57   50          -    0.00021      -  30.2 1360s
 6198102 1459618    0.00107   74   37          -    0.00021      -  30.2 1365s
 6222041 1465667    0.00021   77   55          -    0.00021      -  30.2 1370s
 6242854 1470622 infeasible   64               -    0.00021      -  30.2 1375s
 6266482 1476711 infeasible   60               -    0.00021      -  30.1 1380s
 6291592 1482816    0.00021   83   45          -    0.00021      -  30.1 1385s
 6314863 1488339 infeasible   62               -    0.00021      -  30.1 1390s
 6337784 1493849    0.00021   85   53          -    0.00021      -  30.1 1395s
 6358326 1499942    0.00021   43   46          -    0.00021      -  30.1 1400s
 6381830 1505376    0.00021   62   43          -    0.00021      -  30.1 1405s
 6406486 1509984    0.00021   44   33          -    0.00021      -  30.1 1410s
 6430491 1517201    0.00586   78   37          -    0.00021      -  30.1 1415s
 6455225 1523617    0.00054   75   45          -    0.00021      -  30.1 1420s
 6478660 1529245    0.00110   67   45          -    0.00021      -  30.1 1425s
 6501320 1535053    0.00477   95   36          -    0.00021      -  30.1 1430s
 6521940 1541174    0.00079   72   43          -    0.00021      -  30.1 1435s
 6546110 1547892    0.00086   67   39          -    0.00021      -  30.1 1440s
 6571191 1555757    0.00085   90   35          -    0.00021      -  30.1 1445s
 6594917 1561487 infeasible   71               -    0.00021      -  30.1 1450s
 6621029 1566845 infeasible   80               -    0.00021      -  30.1 1455s
 6644683 1572966 infeasible   63               -    0.00021      -  30.1 1460s
 6669847 1579063    0.00021   60   37          -    0.00021      -  30.1 1465s
 6699424 1586332 infeasible   64               -    0.00021      -  30.1 1470s
 6725429 1593786 infeasible   78               -    0.00021      -  30.1 1475s
 6754361 1601070 infeasible   90               -    0.00021      -  30.1 1480s
 6782693 1608770    0.00086   73   48          -    0.00021      -  30.1 1485s
 6810934 1616852    0.00021   64   37          -    0.00021      -  30.0 1490s
 6836902 1622203    0.00022   53   53          -    0.00021      -  30.0 1495s
 6862140 1628572 infeasible   61               -    0.00021      -  30.0 1500s
 6886996 1634969    0.00086   78   24          -    0.00021      -  30.0 1505s
 6912861 1641887    0.00032   65   46          -    0.00021      -  30.0 1510s
 6936543 1648282    0.00022   66   39          -    0.00021      -  30.0 1515s
 6962695 1654190 infeasible   96               -    0.00021      -  30.0 1520s
 6984039 1658971    0.00226   77   41          -    0.00021      -  30.0 1525s
 7004795 1663139 infeasible   68               -    0.00021      -  30.1 1530s
 7026891 1666983 infeasible   74               -    0.00021      -  30.1 1535s
 7048641 1672325    0.00098   69   21          -    0.00021      -  30.1 1540s
 7070236 1678516 infeasible   75               -    0.00021      -  30.1 1545s
 7095570 1685589 infeasible   74               -    0.00021      -  30.1 1550s
 7117919 1692023    0.00365   64   46          -    0.00021      -  30.1 1555s
 7141216 1697278    0.00021   50   51          -    0.00021      -  30.1 1560s
 7163584 1702988    0.00021   55   60          -    0.00021      -  30.1 1565s
 7186802 1709870    0.00084   69   26          -    0.00021      -  30.1 1570s
 7209529 1716482    0.00591  103   33          -    0.00021      -  30.1 1575s
 7231023 1720171 infeasible   64               -    0.00021      -  30.1 1580s
 7254068 1725332 infeasible   64               -    0.00021      -  30.1 1585s
 7273673 1731551    0.00028   78   24          -    0.00021      -  30.1 1590s
 7297712 1737844    0.00021   59   59          -    0.00021      -  30.1 1595s
 7318924 1743213 infeasible   79               -    0.00021      -  30.2 1600s
 7343113 1749089    0.00135   97   46          -    0.00021      -  30.2 1605s
 7366797 1755920    0.00573   84   33          -    0.00021      -  30.2 1610s
 7389258 1761633    0.00083   89   41          -    0.00021      -  30.2 1615s
 7412346 1768390    0.00085   75   37          -    0.00021      -  30.2 1620s
 7432119 1773866 infeasible   62               -    0.00021      -  30.2 1625s
 7452445 1779687 infeasible   86               -    0.00021      -  30.2 1630s
 7477050 1785529    0.00021   67   44          -    0.00021      -  30.2 1635s
 7500887 1791486    0.00021   64   54          -    0.00021      -  30.2 1640s
 7521925 1796019 infeasible   71               -    0.00021      -  30.2 1645s
 7546711 1800805    0.00021   53   53          -    0.00021      -  30.2 1650s
 7567174 1805445    0.00032   68   41          -    0.00021      -  30.2 1655s
 7592492 1812063    0.00084   74   43          -    0.00021      -  30.2 1660s
 7613963 1816433 infeasible   69               -    0.00021      -  30.2 1665s
 7639683 1821664    0.00021   67   51          -    0.00021      -  30.2 1670s
 7664166 1827666    0.00183   98   38          -    0.00021      -  30.2 1675s
 7691662 1834282    0.00118   77   38          -    0.00021      -  30.2 1680s
 7713328 1839579    0.00085   71   36          -    0.00021      -  30.2 1685s
 7738553 1846190 infeasible   63               -    0.00021      -  30.2 1690s
 7759750 1851478 infeasible   68               -    0.00021      -  30.2 1695s
 7781774 1856503    0.00422  109   40          -    0.00021      -  30.2 1700s
 7805015 1861250    0.00023   60   56          -    0.00021      -  30.2 1705s
 7824756 1867058    0.00083   74   44          -    0.00021      -  30.2 1710s
 7847214 1873293    0.00046   65   62          -    0.00021      -  30.2 1715s
 7869091 1879488 infeasible   87               -    0.00021      -  30.2 1720s
 7884891 1884139 infeasible   83               -    0.00021      -  30.2 1725s
 7906124 1889020 infeasible   46               -    0.00021      -  30.2 1730s
 7932099 1895393    0.00033   76   48          -    0.00021      -  30.2 1735s
 7956337 1902026 infeasible   77               -    0.00021      -  30.2 1740s
 7981334 1908316    3.62902   71   57          -    0.00021      -  30.2 1745s
 8006545 1912176    0.00060   76   49          -    0.00021      -  30.2 1750s
 8030442 1917215    3.54542   68   48          -    0.00021      -  30.2 1755s
 8052427 1922291    0.00147  101   42          -    0.00021      -  30.2 1760s
 8075165 1927460 infeasible   59               -    0.00021      -  30.2 1765s
 8098220 1932028    0.00021   50   51          -    0.00021      -  30.2 1770s
 8121447 1937926 infeasible   56               -    0.00021      -  30.2 1775s
 8145541 1944027    0.00172   42   44          -    0.00021      -  30.2 1780s
 8164283 1948554    0.00084   41   48          -    0.00021      -  30.2 1785s
 8183906 1952684    0.00021   62   48          -    0.00021      -  30.2 1790s
H8184206 1042895                       0.0008938    0.00021  77.0%  30.2 1791s
 8192363 1043881     cutoff   53         0.00089    0.00021  77.0%  30.2 1795s
 8201104 1044463     cutoff   49         0.00089    0.00021  77.0%  30.2 1800s
 8204999 1044707    0.00021   45   34    0.00089    0.00021  77.0%  30.2 1805s
 8213956 1045436    0.00084   56   33    0.00089    0.00021  77.0%  30.2 1810s
 8221078 1046611 infeasible   47         0.00089    0.00021  77.0%  30.2 1816s
 8225775 1047336    0.00021   54   53    0.00089    0.00021  77.0%  30.2 1820s
H8236599 1042178                       0.0008868    0.00021  76.8%  30.2 1823s
H8238712 1042291                       0.0008868    0.00021  76.8%  30.2 1824s
 8239880 1042298    0.00084   53   46    0.00089    0.00021  76.8%  30.2 1825s
 8252964 1042573     cutoff   54         0.00089    0.00021  76.8%  30.2 1830s
H8262046 1042924                       0.0008868    0.00021  76.8%  30.2 1834s
 8263204 1042972    0.00084   43   32    0.00089    0.00021  76.8%  30.2 1835s
H8263823 1031170                       0.0008748    0.00021  76.5%  30.2 1835s
H8270712 1031347                       0.0008748    0.00021  76.5%  30.2 1838s
 8273204 1031367     cutoff   47         0.00087    0.00021  76.5%  30.2 1840s
 8286066 1031853     cutoff   58         0.00087    0.00021  76.5%  30.3 1845s
 8298989 1032247    0.00021   63   49    0.00087    0.00021  76.5%  30.3 1850s
 8314223 1033341     cutoff   64         0.00087    0.00021  76.5%  30.3 1855s
 8328723 1034159     cutoff   53         0.00087    0.00021  76.5%  30.3 1860s
 8343074 1034985     cutoff   69         0.00087    0.00021  76.5%  30.3 1865s
 8358267 1036919 infeasible   66         0.00087    0.00021  76.5%  30.3 1870s
 8373371 1038079 infeasible   41         0.00087    0.00021  76.5%  30.3 1875s
H8373373 1038079                       0.0008748    0.00021  76.5%  30.3 1875s
H8381554 1011167                       0.0008553    0.00021  75.9%  30.2 1878s
H8383115 1011165                       0.0008553    0.00021  75.9%  30.2 1879s
 8383128 1011516    0.00038   80   52    0.00086    0.00021  75.9%  30.2 1880s
H8385222 1011598                       0.0008553    0.00021  75.9%  30.2 1880s
H8385999 1011594                       0.0008553    0.00021  75.9%  30.2 1880s
H8387415 953386                       0.0008374    0.00021  75.4%  30.2 1881s
 8394761 954211    0.00021   76   51    0.00084    0.00021  75.4%  30.2 1885s
 8408606 955211    0.00024   69   57    0.00084    0.00021  75.4%  30.2 1890s
 8422064 955978     cutoff   53         0.00084    0.00021  75.4%  30.2 1895s
 8434464 956701    0.00021   56   43    0.00084    0.00021  75.4%  30.2 1900s
 8446912 957542    0.00021   51   46    0.00084    0.00021  75.4%  30.2 1905s
 8459775 958471    0.00021   61   46    0.00084    0.00021  75.4%  30.2 1910s
 8473576 960021    0.00023   61   50    0.00084    0.00021  75.4%  30.2 1915s
 8484840 961632 infeasible   55         0.00084    0.00021  75.4%  30.3 1920s
 8496581 962752    0.00021   64   56    0.00084    0.00021  75.4%  30.3 1925s
 8508381 963951    0.00021   63   43    0.00084    0.00021  75.4%  30.3 1930s
 8523089 965655    0.00021   74   41    0.00084    0.00021  75.4%  30.3 1935s
 8534517 966722    0.00021   59   53    0.00084    0.00021  75.4%  30.3 1940s
 8547434 967866     cutoff   73         0.00084    0.00021  75.4%  30.3 1945s
 8555964 968400     cutoff   56         0.00084    0.00021  75.4%  30.3 1950s
 8568440 969407    0.00021   71   53    0.00084    0.00021  75.4%  30.3 1955s
 8581916 969906    0.00021   58   52    0.00084    0.00021  75.4%  30.3 1960s
 8594247 970504     cutoff   62         0.00084    0.00021  75.4%  30.3 1965s
 8605652 970965    0.00024   75   54    0.00084    0.00021  75.4%  30.3 1970s
 8617131 971365     cutoff   68         0.00084    0.00021  75.4%  30.3 1975s
 8626110 971938    0.00021   58   58    0.00084    0.00021  75.4%  30.4 1980s
 8639743 973361     cutoff   92         0.00084    0.00021  75.4%  30.4 1985s
 8651383 974549     cutoff   85         0.00084    0.00021  75.4%  30.4 1990s
 8663565 975858 infeasible   82         0.00084    0.00021  75.4%  30.4 1995s
 8673278 976393 infeasible   68         0.00084    0.00021  75.4%  30.4 2000s
 8686306 977785    0.00021   79   52    0.00084    0.00021  75.4%  30.4 2005s
 8698719 979321    0.00063   73   42    0.00084    0.00021  75.4%  30.4 2010s
 8708090 979631 infeasible   71         0.00084    0.00021  75.4%  30.4 2015s
 8721398 979903     cutoff   80         0.00084    0.00021  75.4%  30.4 2020s
 8733327 980294    0.00021   53   49    0.00084    0.00021  75.4%  30.4 2025s
H8736911 980407                       0.0008374    0.00021  75.4%  30.4 2026s
 8744117 980592     cutoff   71         0.00084    0.00021  75.4%  30.4 2030s
 8756284 981176    0.00021   53   43    0.00084    0.00021  75.4%  30.4 2035s
 8770308 982179     cutoff   55         0.00084    0.00021  75.4%  30.4 2040s
 8780222 983210    0.00021   72   55    0.00084    0.00021  75.4%  30.4 2045s
 8793443 986886 infeasible   76         0.00084    0.00021  75.4%  30.4 2050s
 8805129 989059    0.00021   61   51    0.00084    0.00021  75.4%  30.4 2055s
 8818507 990525    0.00021   67   42    0.00084    0.00021  75.4%  30.4 2060s
 8827997 991248    0.00023   62   45    0.00084    0.00021  75.4%  30.4 2065s
 8841285 991717    0.00021   72   57    0.00084    0.00021  75.4%  30.4 2070s
 8855721 992311    0.00021   65   41    0.00084    0.00021  75.4%  30.5 2075s
 8869008 992791     cutoff   51         0.00084    0.00021  75.4%  30.5 2080s
 8881081 994771    0.00024   70   52    0.00084    0.00021  75.4%  30.5 2085s
 8891934 996587    0.00021   55   44    0.00084    0.00021  75.4%  30.5 2090s
 8903575 997743 infeasible   48         0.00084    0.00021  75.4%  30.5 2095s
 8916017 998754     cutoff   45         0.00084    0.00021  75.4%  30.5 2100s
 8928863 1000489    0.00026   61   48    0.00084    0.00021  75.4%  30.5 2105s
 8943256 1002269    0.00021   69   41    0.00084    0.00021  75.4%  30.5 2110s
 8957961 1003020    0.00021   67   44    0.00084    0.00021  75.4%  30.5 2115s
 8971224 1003475    0.00021   63   45    0.00084    0.00021  75.4%  30.5 2120s
 8982224 1004019     cutoff   70         0.00084    0.00021  75.4%  30.5 2125s
 8993122 1004324    0.00021   52   46    0.00084    0.00021  75.4%  30.5 2130s
 9004376 1004824    0.00021   76   43    0.00084    0.00021  75.4%  30.5 2135s
 9018868 1007569 infeasible   69         0.00084    0.00021  75.4%  30.5 2140s
 9031589 1009644    0.00021   60   43    0.00084    0.00021  75.4%  30.5 2145s
 9045112 1011370     cutoff   68         0.00084    0.00021  75.4%  30.5 2150s
 9059624 1013587     cutoff   81         0.00084    0.00021  75.4%  30.5 2155s
 9070967 1015506    0.00021   76   43    0.00084    0.00021  75.4%  30.5 2160s
H9071989 1015708                       0.0008374    0.00021  75.4%  30.5 2160s
H9073435 845618                       0.0008351    0.00021  75.4%  30.5 2161s
 9081980 846679    0.00021   54   50    0.00084    0.00021  75.4%  30.5 2165s
 9094582 848962    0.00056   71   55    0.00084    0.00021  75.4%  30.4 2170s
 9110238 850466    0.00021   55   40    0.00084    0.00021  75.4%  30.4 2175s
 9124773 852189 infeasible   70         0.00084    0.00021  75.4%  30.4 2180s
 9140330 854626 infeasible   67         0.00084    0.00021  75.4%  30.4 2185s
 9153767 855947    0.00021   61   65    0.00084    0.00021  75.4%  30.4 2190s
 9168423 856897    0.00026   76   45    0.00084    0.00021  75.4%  30.4 2195s
 9182051 859012    0.00021   63   43    0.00084    0.00021  75.4%  30.4 2200s
 9195950 861974     cutoff   73         0.00084    0.00021  75.4%  30.4 2205s
 9208188 865071    0.00058   60   41    0.00084    0.00021  75.4%  30.4 2210s
 9218756 866004 infeasible   41         0.00084    0.00021  75.4%  30.4 2215s
 9232862 867329    0.00021   46   47    0.00084    0.00021  75.4%  30.4 2220s
 9244148 868155    0.00021   66   56    0.00084    0.00021  75.4%  30.4 2225s
 9255276 868908    0.00021   75   56    0.00084    0.00021  75.4%  30.4 2230s
 9270591 870169     cutoff   79         0.00084    0.00021  75.4%  30.4 2235s
 9282490 870993     cutoff   60         0.00084    0.00021  75.4%  30.4 2240s
 9295198 871370    0.00021   66   42    0.00084    0.00021  75.4%  30.4 2245s
 9306589 871944    0.00032   57   41    0.00084    0.00021  75.4%  30.4 2250s
 9321601 872411    0.00079   65   43    0.00084    0.00021  75.4%  30.4 2255s
 9334167 872934     cutoff   55         0.00084    0.00021  75.4%  30.4 2260s
 9346489 873910    0.00021   60   42    0.00084    0.00021  75.4%  30.4 2265s
 9364091 875798    0.00021   56   39    0.00084    0.00021  75.4%  30.4 2270s
 9377420 876714     cutoff   63         0.00084    0.00021  75.4%  30.4 2275s
 9388532 877338    0.00021   62   32    0.00084    0.00021  75.4%  30.4 2280s
 9404251 878395    0.00021   79   42    0.00084    0.00021  75.4%  30.4 2285s
 9417339 879404    0.00073   66   46    0.00084    0.00021  75.4%  30.4 2290s
 9428223 880536    0.00021   63   54    0.00084    0.00021  75.4%  30.4 2295s
 9441128 881493 infeasible   73         0.00084    0.00021  75.4%  30.4 2300s
 9452594 882393    0.00021   60   52    0.00084    0.00021  75.4%  30.4 2305s
 9464040 883821     cutoff   63         0.00084    0.00021  75.4%  30.4 2310s
 9476431 885629    0.00036   63   41    0.00084    0.00021  75.4%  30.4 2315s
 9488714 888068    0.00074   75   42    0.00084    0.00021  75.4%  30.4 2320s
 9502866 891030    0.00021   68   45    0.00084    0.00021  75.4%  30.4 2325s
 9517375 892852     cutoff   72         0.00084    0.00021  75.4%  30.4 2330s
 9529185 894773    0.00021   62   52    0.00084    0.00021  75.4%  30.4 2335s
 9542395 897073    0.00063   69   55    0.00084    0.00021  75.4%  30.4 2340s
 9555958 898726    0.00021   46   62    0.00084    0.00021  75.4%  30.4 2345s
 9569101 899699    0.00021   70   56    0.00084    0.00021  75.4%  30.4 2350s
 9580936 900568 infeasible   62         0.00084    0.00021  75.4%  30.4 2355s
 9595755 902412     cutoff   58         0.00084    0.00021  75.4%  30.4 2360s
 9612859 903790    0.00021   63   47    0.00084    0.00021  75.4%  30.4 2365s
 9624954 904718     cutoff   89         0.00084    0.00021  75.4%  30.4 2370s
 9636451 905293    0.00021   77   42    0.00084    0.00021  75.4%  30.4 2375s
 9649476 906562    0.00040   75   41    0.00084    0.00021  75.4%  30.4 2380s
 9662761 907947    0.00021   70   46    0.00084    0.00021  75.4%  30.4 2385s
 9679260 909397     cutoff   97         0.00084    0.00021  75.4%  30.3 2390s
 9693561 910353    0.00021   74   53    0.00084    0.00021  75.4%  30.3 2395s
 9706837 911466     cutoff   79         0.00084    0.00021  75.4%  30.3 2400s
 9721896 912537    0.00021   75   43    0.00084    0.00021  75.4%  30.3 2405s
 9734804 913328     cutoff   81         0.00084    0.00021  75.4%  30.3 2410s
 9750651 913935     cutoff   81         0.00084    0.00021  75.4%  30.3 2415s
 9767457 915361 infeasible   79         0.00084    0.00021  75.4%  30.3 2420s
 9777192 916326    0.00021   93   44    0.00084    0.00021  75.4%  30.3 2425s
 9791182 917724    0.00021   79   45    0.00084    0.00021  75.4%  30.3 2430s
 9804648 918725     cutoff   91         0.00084    0.00021  75.4%  30.3 2435s
 9816580 919495    0.00021   98   39    0.00084    0.00021  75.4%  30.2 2440s
 9831944 920374    0.00021   81   54    0.00084    0.00021  75.4%  30.2 2445s
 9845107 921035    0.00021   75   35    0.00084    0.00021  75.4%  30.2 2450s
 9861882 921821     cutoff   88         0.00084    0.00021  75.4%  30.2 2455s
 9873306 922823    0.00021   83   30    0.00084    0.00021  75.4%  30.2 2460s
 9892209 924484     cutoff   89         0.00084    0.00021  75.4%  30.2 2465s
 9904573 925567     cutoff   93         0.00084    0.00021  75.4%  30.2 2470s
 9922647 926738     cutoff   94         0.00084    0.00021  75.4%  30.2 2475s
 9935874 927537    0.00021   74   54    0.00084    0.00021  75.4%  30.1 2480s
 9951297 928271    0.00021   88   40    0.00084    0.00021  75.4%  30.1 2485s
 9962432 928939 infeasible   86         0.00084    0.00021  75.4%  30.1 2490s
 9975665 929768 infeasible   52         0.00084    0.00021  75.4%  30.1 2495s
 9989919 931339    0.00021   80   51    0.00084    0.00021  75.4%  30.1 2500s
 10002434 932560     cutoff   89         0.00084    0.00021  75.4%  30.1 2505s
 10014130 933843    0.00021   73   43    0.00084    0.00021  75.4%  30.1 2510s
 10027944 935246    0.00021   69   52    0.00084    0.00021  75.4%  30.1 2515s
 10040084 936825    0.00058   93   43    0.00084    0.00021  75.4%  30.1 2520s
 10055956 938391     cutoff   87         0.00084    0.00021  75.4%  30.1 2525s
 10069951 939338    0.00073   96   30    0.00084    0.00021  75.4%  30.1 2530s
 10082330 940646    0.00021   77   42    0.00084    0.00021  75.4%  30.0 2535s
 10094613 941798     cutoff   76         0.00084    0.00021  75.4%  30.0 2540s
 10107917 942966     cutoff   87         0.00084    0.00021  75.4%  30.0 2545s
 10122733 944363    0.00021   70   62    0.00084    0.00021  75.4%  30.0 2550s
 10134304 945527    0.00021   87   45    0.00084    0.00021  75.4%  30.0 2555s
 10145284 946713    0.00021   88   43    0.00084    0.00021  75.4%  30.0 2560s
 10158866 947894 infeasible   87         0.00084    0.00021  75.4%  30.0 2565s
 10173359 948929 infeasible   57         0.00084    0.00021  75.4%  30.0 2570s
 10184624 949801    0.00044   82   48    0.00084    0.00021  75.4%  30.0 2575s
 10194043 950583     cutoff   67         0.00084    0.00021  75.4%  30.0 2580s
 10206021 952400     cutoff   75         0.00084    0.00021  75.4%  30.0 2585s
 10217243 953971    0.00021   65   43    0.00084    0.00021  75.4%  30.0 2590s
 10231175 955900     cutoff   73         0.00084    0.00021  75.4%  30.0 2595s
 10244644 957216    0.00040   74   55    0.00084    0.00021  75.4%  30.0 2600s
 10255940 958431    0.00021   83   50    0.00084    0.00021  75.4%  30.0 2605s
 10267120 959630 infeasible   82         0.00084    0.00021  75.4%  30.0 2610s
 10280146 960929     cutoff   93         0.00084    0.00021  75.4%  30.0 2615s
 10291078 962186     cutoff   84         0.00084    0.00021  75.4%  30.0 2620s
 10303915 963580    0.00021   88   45    0.00084    0.00021  75.4%  30.0 2625s
 10317336 964876    0.00021   76   43    0.00084    0.00021  75.4%  30.0 2630s
 10328987 966021     cutoff  103         0.00084    0.00021  75.4%  30.0 2635s
 10340520 966996     cutoff   93         0.00084    0.00021  75.4%  30.0 2640s
 10352010 968609     cutoff   91         0.00084    0.00021  75.4%  30.0 2645s
 10364922 970176    0.00022   91   38    0.00084    0.00021  75.4%  30.0 2650s
 10379418 972081    0.00021   71   54    0.00084    0.00021  75.4%  30.0 2655s
 10393241 973103    0.00058   98   54    0.00084    0.00021  75.4%  30.0 2660s
 10406239 974441    0.00021   80   45    0.00084    0.00021  75.4%  29.9 2665s
 10417862 975750 infeasible   91         0.00084    0.00021  75.4%  29.9 2670s
 10430701 977015    0.00064   96   44    0.00084    0.00021  75.4%  29.9 2675s
 10444179 978335    0.00038   88   37    0.00084    0.00021  75.4%  29.9 2680s
 10454970 979275    0.00065   95   35    0.00084    0.00021  75.4%  29.9 2685s
 10468723 980940 infeasible   79         0.00084    0.00021  75.4%  29.9 2690s
 10481606 981802    0.00021   77   47    0.00084    0.00021  75.4%  29.9 2695s
 10494522 982547     cutoff   88         0.00084    0.00021  75.4%  29.9 2700s
 10507070 983979    0.00021   90   54    0.00084    0.00021  75.4%  29.9 2705s
 10521729 985198 infeasible   76         0.00084    0.00021  75.4%  29.9 2710s
 10532062 985651     cutoff   72         0.00084    0.00021  75.4%  29.9 2715s
 10550738 987072    0.00021   68   43    0.00084    0.00021  75.4%  29.9 2720s
 10562433 987790 infeasible   80         0.00084    0.00021  75.4%  29.9 2725s
 10573898 988704    0.00021   53   56    0.00084    0.00021  75.4%  29.9 2730s
 10586541 990379    0.00021   67   42    0.00084    0.00021  75.4%  29.9 2735s
 10598266 991694     cutoff   55         0.00084    0.00021  75.4%  29.9 2740s
 10611648 993298 infeasible   64         0.00084    0.00021  75.4%  29.9 2745s
 10625468 995475 infeasible   67         0.00084    0.00021  75.4%  29.9 2750s
 10638350 997301    0.00021   58   42    0.00084    0.00021  75.4%  29.9 2755s
 10653317 999427    0.00021   60   45    0.00084    0.00021  75.4%  29.9 2760s
 10665591 1000468    0.00021   45   49    0.00084    0.00021  75.4%  29.8 2765s
 10676626 1001125    0.00021   52   34    0.00084    0.00021  75.4%  29.9 2770s
 10688982 1002128    0.00021   58   37    0.00084    0.00021  75.4%  29.9 2775s
 10703457 1003335    0.00071   48   36    0.00084    0.00021  75.4%  29.8 2780s
 10716377 1004432    0.00021   76   44    0.00084    0.00021  75.4%  29.8 2785s
 10726610 1004963    0.00072   70   41    0.00084    0.00021  75.4%  29.8 2790s
 10738218 1005833    0.00079   72   45    0.00084    0.00021  75.4%  29.8 2795s
 10751852 1006742    0.00021   67   42    0.00084    0.00021  75.4%  29.8 2800s
 10764593 1008516     cutoff   59         0.00084    0.00021  75.4%  29.8 2805s
 10777165 1010755    0.00074   61   34    0.00084    0.00021  75.4%  29.8 2810s
 10788869 1012821    0.00021   76   56    0.00084    0.00021  75.4%  29.8 2815s
 10801151 1014378 infeasible   87         0.00084    0.00021  75.4%  29.8 2820s
 10814722 1015651    0.00021   43   46    0.00084    0.00021  75.4%  29.8 2825s
 10829603 1017424    0.00021   42   63    0.00084    0.00021  75.4%  29.8 2830s
 10845152 1018704 infeasible   70         0.00084    0.00021  75.4%  29.8 2835s
 10859638 1019555 infeasible   59         0.00084    0.00021  75.4%  29.8 2840s
 10872073 1020429    0.00022   69   53    0.00084    0.00021  75.4%  29.8 2845s
 10883051 1021534     cutoff   70         0.00084    0.00021  75.4%  29.8 2850s
 10895760 1022690     cutoff   71         0.00084    0.00021  75.4%  29.8 2855s
 10905918 1023877     cutoff   58         0.00084    0.00021  75.4%  29.8 2860s
 10920560 1025351    0.00021   59   43    0.00084    0.00021  75.4%  29.8 2865s
 10934998 1026910 infeasible   51         0.00084    0.00021  75.4%  29.8 2870s
 10946734 1028341    0.00026   52   38    0.00084    0.00021  75.4%  29.8 2875s
 10960694 1030713    0.00021   69   45    0.00084    0.00021  75.4%  29.8 2880s
 10974471 1032705     cutoff   70         0.00084    0.00021  75.4%  29.8 2885s
 10987788 1034108 infeasible   70         0.00084    0.00021  75.4%  29.8 2890s
 11002436 1034926    0.00021   73   46    0.00084    0.00021  75.4%  29.8 2895s
 11014359 1036200    0.00021   54   45    0.00084    0.00021  75.4%  29.8 2900s
 11030869 1037471     cutoff   89         0.00084    0.00021  75.4%  29.8 2905s
 11047481 1038527    0.00021   52   47    0.00084    0.00021  75.4%  29.8 2910s
 11063111 1040610    0.00021   68   53    0.00084    0.00021  75.4%  29.8 2915s
 11078400 1042933    0.00026   71   43    0.00084    0.00021  75.4%  29.8 2920s
 11096994 1045110    0.00023   76   40    0.00084    0.00021  75.4%  29.8 2925s
 11111682 1046484    0.00025   84   56    0.00084    0.00021  75.4%  29.7 2930s
 11123220 1047712 infeasible   88         0.00084    0.00021  75.4%  29.7 2935s
 11136534 1048801    0.00021   62   48    0.00084    0.00021  75.4%  29.7 2940s
 11149895 1049776 infeasible   71         0.00084    0.00021  75.4%  29.7 2945s
 11162534 1051040    0.00053   89   41    0.00084    0.00021  75.4%  29.7 2950s
 11176145 1052997     cutoff   64         0.00084    0.00021  75.4%  29.7 2955s
 11187785 1054052    0.00021   70   52    0.00084    0.00021  75.4%  29.7 2960s
 11200183 1054720    0.00021   51   49    0.00084    0.00021  75.4%  29.7 2965s
 11213001 1056418    0.00067   67   28    0.00084    0.00021  75.4%  29.7 2970s
 11224047 1057471     cutoff   60         0.00084    0.00021  75.4%  29.7 2975s
 11237772 1058830    0.00021   66   43    0.00084    0.00021  75.4%  29.7 2980s
 11249934 1059758    0.00021   72   45    0.00084    0.00021  75.4%  29.7 2986s
 11261503 1060355     cutoff   74         0.00084    0.00021  75.4%  29.7 2990s
 11271262 1060965     cutoff   59         0.00084    0.00021  75.4%  29.7 2995s
 11282709 1061461 infeasible   60         0.00084    0.00021  75.4%  29.7 3000s
 11296740 1062021    0.00027   75   43    0.00084    0.00021  75.4%  29.7 3005s
 11311191 1063125 infeasible   60         0.00084    0.00021  75.4%  29.7 3010s
 11325594 1063949    0.00021   51   67    0.00084    0.00021  75.4%  29.7 3016s
 11337133 1064394    0.00021   48   54    0.00084    0.00021  75.4%  29.7 3020s
 11347871 1065039 infeasible   76         0.00084    0.00021  75.4%  29.7 3025s
 11360316 1065368     cutoff   58         0.00084    0.00021  75.4%  29.7 3030s
 11375293 1065885    0.00029   73   45    0.00084    0.00021  75.4%  29.7 3035s
 11388930 1067052    0.00021   50   59    0.00084    0.00021  75.4%  29.7 3040s
 11402351 1068290     cutoff   73         0.00084    0.00021  75.4%  29.7 3045s
 11414058 1069246    0.00021   67   52    0.00084    0.00021  75.4%  29.7 3050s
 11426763 1069837     cutoff   69         0.00084    0.00021  75.4%  29.7 3055s
 11440401 1070620    0.00021   85   45    0.00084    0.00021  75.4%  29.8 3060s
 11452483 1071140    0.00021   64   45    0.00084    0.00021  75.4%  29.8 3065s
 11466349 1071651    0.00021   67   43    0.00084    0.00021  75.4%  29.8 3070s
 11477948 1072099    0.00057   72   41    0.00084    0.00021  75.4%  29.8 3075s
 11487748 1072592    0.00044   79   43    0.00084    0.00021  75.4%  29.8 3080s
 11501356 1073794     cutoff   50         0.00084    0.00021  75.4%  29.8 3085s
 11514145 1074777    0.00053   79   45    0.00084    0.00021  75.4%  29.8 3090s
 11528060 1075901     cutoff   72         0.00084    0.00021  75.4%  29.8 3095s
 11539664 1077129 infeasible   48         0.00084    0.00021  75.4%  29.8 3100s
 11552061 1078564    0.00021   63   45    0.00084    0.00021  75.4%  29.8 3105s
 11566346 1079862    0.00021   61   42    0.00084    0.00021  75.4%  29.8 3110s
 11580166 1080960 infeasible   71         0.00084    0.00021  75.4%  29.8 3115s
 11594825 1082388 infeasible   54         0.00084    0.00021  75.4%  29.8 3120s
 11607150 1084619     cutoff   66         0.00084    0.00021  75.4%  29.8 3125s
 11621258 1087371     cutoff   81         0.00084    0.00021  75.4%  29.8 3130s
 11638176 1090505 infeasible  116         0.00084    0.00021  75.4%  29.8 3135s
 11651931 1092885 infeasible   75         0.00084    0.00021  75.4%  29.8 3140s
 11667203 1095307    0.00021   65   39    0.00084    0.00021  75.4%  29.8 3145s
 11679079 1097510    0.00040   68   52    0.00084    0.00021  75.4%  29.8 3150s
 11692800 1100043    0.00021   55   32    0.00084    0.00021  75.4%  29.8 3155s
 11707665 1101319 infeasible   69         0.00084    0.00021  75.4%  29.8 3160s
 11718976 1102636     cutoff   63         0.00084    0.00021  75.4%  29.8 3165s
 11730200 1103926 infeasible   64         0.00084    0.00021  75.4%  29.8 3170s
 11742021 1106206    0.00021   54   38    0.00084    0.00021  75.4%  29.8 3175s
 11756883 1108190    0.00021   61   44    0.00084    0.00021  75.4%  29.8 3180s
 11769969 1109734 infeasible   66         0.00084    0.00021  75.4%  29.8 3186s
 11779150 1111014    0.00021   58   43    0.00084    0.00021  75.4%  29.8 3190s
 11794028 1112643     cutoff   63         0.00084    0.00021  75.4%  29.8 3195s
 11809308 1115687    0.00021   75   44    0.00084    0.00021  75.4%  29.8 3200s
 11825602 1117867    0.00021   60   54    0.00084    0.00021  75.4%  29.7 3205s
 11838091 1119639     cutoff   59         0.00084    0.00021  75.4%  29.7 3210s
 11849501 1121541    0.00054   69   52    0.00084    0.00021  75.4%  29.7 3215s
 11863633 1123312     cutoff   66         0.00084    0.00021  75.4%  29.7 3220s
 11876403 1124785    0.00021   62   47    0.00084    0.00021  75.4%  29.7 3225s
 11890658 1126233    0.00021   63   55    0.00084    0.00021  75.4%  29.7 3230s
 11902202 1127724    0.00024   70   43    0.00084    0.00021  75.4%  29.7 3235s
 11913457 1129927 infeasible   65         0.00084    0.00021  75.4%  29.7 3240s
 11927120 1132414    0.00028   71   30    0.00084    0.00021  75.4%  29.7 3245s
 11942445 1135213     cutoff   74         0.00084    0.00021  75.4%  29.7 3250s
 11953731 1137212     cutoff   86         0.00084    0.00021  75.4%  29.7 3255s
 11964798 1139318    0.00049   90   45    0.00084    0.00021  75.4%  29.7 3260s
 11977532 1141885    0.00021   80   41    0.00084    0.00021  75.4%  29.7 3265s
 11993335 1144489     cutoff   83         0.00084    0.00021  75.4%  29.7 3270s
 12004856 1147122     cutoff   63         0.00084    0.00021  75.4%  29.7 3275s
 12016258 1148421     cutoff   64         0.00084    0.00021  75.4%  29.7 3280s
 12027561 1149210     cutoff   86         0.00084    0.00021  75.4%  29.7 3285s
 12038788 1149788    0.00025   77   39    0.00084    0.00021  75.4%  29.7 3290s
 12052005 1151832    0.00021   65   51    0.00084    0.00021  75.4%  29.7 3295s
 12066121 1153313    0.00049   69   54    0.00084    0.00021  75.4%  29.7 3300s
 12074145 1154008    0.00026   70   41    0.00084    0.00021  75.4%  29.7 3305s
 12080425 1155019     cutoff   73         0.00084    0.00021  75.4%  29.7 3310s
 12092588 1156783     cutoff   76         0.00084    0.00021  75.4%  29.7 3315s
 12108843 1158866    0.00021   61   57    0.00084    0.00021  75.4%  29.7 3320s
 12121050 1159964    0.00021   65   44    0.00084    0.00021  75.4%  29.7 3325s
 12133425 1161378    0.00021   62   44    0.00084    0.00021  75.4%  29.7 3330s
 12152710 1163041    0.00021   63   38    0.00084    0.00021  75.4%  29.7 3335s
 12170739 1164922     cutoff   59         0.00084    0.00021  75.4%  29.7 3340s
 12191080 1168250     cutoff   68         0.00084    0.00021  75.4%  29.7 3345s
 12211885 1172319     cutoff   73         0.00084    0.00021  75.4%  29.7 3350s
 12232364 1175807    0.00021   81   41    0.00084    0.00021  75.4%  29.7 3355s
 12250934 1178510 infeasible   64         0.00084    0.00021  75.4%  29.7 3360s
 12269973 1182064    0.00028   85   41    0.00084    0.00021  75.4%  29.7 3365s
 12286403 1184586    0.00024   56   54    0.00084    0.00021  75.4%  29.6 3370s
 12301945 1186265     cutoff   73         0.00084    0.00021  75.4%  29.6 3375s
 12321134 1190765     cutoff   66         0.00084    0.00021  75.4%  29.6 3380s
 12339996 1194377     cutoff   66         0.00084    0.00021  75.4%  29.6 3385s
 12360133 1198368 infeasible   68         0.00084    0.00021  75.4%  29.6 3390s
 12379865 1201070 infeasible   61         0.00084    0.00021  75.4%  29.6 3395s
 12397280 1204172 infeasible   57         0.00084    0.00021  75.4%  29.6 3400s
 12416493 1206298    0.00021   51   47    0.00084    0.00021  75.4%  29.6 3405s
 12432614 1207461     cutoff   80         0.00084    0.00021  75.4%  29.6 3410s
 12447569 1209406    0.00061   56   43    0.00084    0.00021  75.4%  29.6 3415s
 12466996 1212987 infeasible   68         0.00084    0.00021  75.4%  29.6 3420s
 12483844 1216120    0.00033   75   40    0.00084    0.00021  75.4%  29.6 3425s
 12501894 1218744    0.00021   67   43    0.00084    0.00021  75.4%  29.6 3430s
 12520119 1222011 infeasible   80         0.00084    0.00021  75.4%  29.6 3435s
 12540998 1224762    0.00022   80   52    0.00084    0.00021  75.4%  29.6 3440s
 12557951 1227279    0.00021   57   50    0.00084    0.00021  75.4%  29.6 3445s
 12576839 1230236     cutoff   70         0.00084    0.00021  75.4%  29.6 3450s
 12594432 1233560    0.00021   43   57    0.00084    0.00021  75.4%  29.6 3455s
 12612431 1236156 infeasible   71         0.00084    0.00021  75.4%  29.5 3460s
 12630325 1238266    0.00063   93   25    0.00084    0.00021  75.4%  29.5 3465s
 12651854 1241055    0.00021   86   44    0.00084    0.00021  75.4%  29.5 3470s
 12667777 1243451    0.00063   60   54    0.00084    0.00021  75.4%  29.5 3475s
 12683851 1244743    0.00032   66   45    0.00084    0.00021  75.4%  29.5 3480s
 12705169 1246331 infeasible   54         0.00084    0.00021  75.4%  29.5 3487s
 12714031 1246860 infeasible   63         0.00084    0.00021  75.4%  29.5 3490s
 12737834 1249352 infeasible   66         0.00084    0.00021  75.4%  29.5 3495s
 12755154 1251223    0.00082   82   51    0.00084    0.00021  75.4%  29.5 3500s
 12774860 1252820     cutoff   76         0.00084    0.00021  75.4%  29.5 3505s
 12792378 1254889     cutoff   66         0.00084    0.00021  75.4%  29.5 3510s
 12811505 1256288     cutoff   64         0.00084    0.00021  75.4%  29.5 3515s
 12831969 1257562     cutoff   50         0.00084    0.00021  75.4%  29.5 3520s
 12854139 1260022    0.00021   62   51    0.00084    0.00021  75.4%  29.5 3525s
 12877768 1261273 infeasible   58         0.00084    0.00021  75.4%  29.4 3530s
 12900139 1263612    0.00021   66   41    0.00084    0.00021  75.4%  29.4 3535s
 12922587 1265265 infeasible   67         0.00084    0.00021  75.4%  29.4 3540s
 12939538 1266415    0.00021   48   44    0.00084    0.00021  75.4%  29.4 3545s
 12960556 1267598    0.00021   50   47    0.00084    0.00021  75.4%  29.4 3550s
 12977794 1268835     cutoff   76         0.00084    0.00021  75.4%  29.4 3555s
 12995109 1270204    0.00021   79   56    0.00084    0.00021  75.4%  29.4 3560s
 13011825 1271452     cutoff   77         0.00084    0.00021  75.4%  29.4 3565s
 13039761 1273808     cutoff   71         0.00084    0.00021  75.4%  29.4 3570s
 13063678 1275185    0.00021   74   53    0.00084    0.00021  75.4%  29.4 3575s
 13089344 1276567    0.00021   71   44    0.00084    0.00021  75.4%  29.4 3580s
 13113430 1277853    0.00021   75   42    0.00084    0.00021  75.4%  29.4 3585s
 13137072 1279201    0.00021   80   43    0.00084    0.00021  75.4%  29.3 3590s
 13160974 1280303 infeasible   87         0.00084    0.00021  75.4%  29.3 3595s
 13184020 1281896     cutoff   72         0.00084    0.00021  75.4%  29.3 3600s

Cutting planes:
  Gomory: 6
  Cover: 7
  Implied bound: 23
  Clique: 9
  MIR: 14
  Flow cover: 25
  RLT: 37
  Relax-and-lift: 27
  PSD: 2

Explored 13184590 nodes (386571747 simplex iterations) in 3600.02 seconds (1961.42 work units)
Thread count was 12 (of 12 available processors)

Solution count 10: 0.000835052 0.000837384 0.000837386 ... 0.000893815

Time limit reached
Best objective 8.350516066540e-04, best bound 2.058065039989e-04, gap 75.3540%
