
Gurobi 11.0.2 (win64) logging started Wed Oct  2 05:00:40 2024

Set parameter LogFile to value ".\Experiments\Track_k_e_2\Logs\track_k_e_2_r3_c14.log"
Set parameter TimeLimit to value 3600
Gurobi Optimizer version 11.0.2 build v11.0.2rc0 (win64 - Windows 10.0 (19045.2))

CPU model: Intel(R) Core(TM) i7-10750H CPU @ 2.60GHz, instruction set [SSE2|AVX|AVX2]
Thread count: 6 physical cores, 12 logical processors, using up to 12 threads

Optimize a model with 248 rows, 462 columns and 920 nonzeros
Model fingerprint: 0x9276a23f
Model has 6 quadratic objective terms
Model has 68 quadratic constraints
Model has 116 general constraints
Variable types: 458 continuous, 4 integer (4 binary)
Coefficient statistics:
  Matrix range     [9e-06, 1e+02]
  QMatrix range    [1e+00, 1e+00]
  QLMatrix range   [1e+00, 1e+00]
  Objective range  [1e-02, 2e-01]
  QObjective range [2e+00, 2e+00]
  Bounds range     [8e-05, 3e+00]
  RHS range        [8e-05, 1e+02]
  QRHS range       [1e-06, 1e-06]
Presolve removed 28 rows and 9 columns
Presolve time: 0.00s
Presolved: 461 rows, 462 columns, 1265 nonzeros
Presolved model has 178 SOS constraint(s)
Presolved model has 4 quadratic objective terms
Presolved model has 57 bilinear constraint(s)
Presolved model has 4 nonlinear constraint(s)
Warning: Model contains variables with very large bounds participating
         in nonlinear terms.
         Presolve was not able to compute smaller bounds for these variables.
         Consider bounding these variables or reformulating the model.


Solving non-convex MINLP

Variable types: 284 continuous, 178 integer (178 binary)

Root relaxation: objective 2.058065e-04, 457 iterations, 0.00 seconds (0.00 work units)

    Nodes    |    Current Node    |     Objective Bounds      |     Work
 Expl Unexpl |  Obj  Depth IntInf | Incumbent    BestBd   Gap | It/Node Time

     0     0    0.00021    0  103          -    0.00021      -     -    0s
     0     0    0.00021    0  119          -    0.00021      -     -    0s
     0     0    0.00021    0  119          -    0.00021      -     -    0s
     0     0    0.00021    0  119          -    0.00021      -     -    0s
     0     0    0.00021    0  121          -    0.00021      -     -    0s
     0     2    0.00021    0  121          -    0.00021      -     -    0s
 68969 12982 infeasible   66               -    0.00021      -   4.0    5s
 141718 26115    0.89806 1886   31          -    0.00021      -   4.4   10s
 215866 50045    0.00729  191   11          -    0.00021      -   5.3   15s
 300142 74402    0.00021  151   35          -    0.00021      -   5.5   20s
 377876 94552 infeasible  280               -    0.00021      -   6.1   25s
 457788 111936 infeasible  183               -    0.00021      -   6.6   30s
 536715 134633 infeasible  146               -    0.00021      -   6.7   35s
 613967 157891    0.00084  147   26          -    0.00021      -   6.8   40s
 691799 176472 infeasible  142               -    0.00021      -   6.9   45s
 765968 194377 infeasible  231               -    0.00021      -   6.9   50s
 840397 214568    0.00246  176   26          -    0.00021      -   6.9   55s
 912922 240690 infeasible  131               -    0.00021      -   7.0   60s
 984914 264195 infeasible  212               -    0.00021      -   7.0   65s
 1055513 288116    0.00021  170   38          -    0.00021      -   7.1   70s
 1137516 305855 infeasible  176               -    0.00021      -   7.0   75s
 1209994 321611 infeasible  184               -    0.00021      -   7.0   80s
 1278431 344299    0.00814  189   25          -    0.00021      -   7.2   85s
 1343548 377674    0.00729  192   25          -    0.00021      -   7.3   90s
 1408586 400689 infeasible  277               -    0.00021      -   7.5   95s
 1486057 418428 infeasible  177               -    0.00021      -   7.5  100s
 1567319 432047 infeasible  202               -    0.00021      -   7.4  105s
 1648033 448473    0.00021   98   28          -    0.00021      -   7.4  110s
 1726551 464643 infeasible  137               -    0.00021      -   7.3  115s
 1807762 480183 infeasible  188               -    0.00021      -   7.2  120s
 1905923 492125    0.00021  221   30          -    0.00021      -   7.1  125s
 1978277 510251    0.00121  267   11          -    0.00021      -   7.1  130s
 2050900 530255    0.00084  154   27          -    0.00021      -   7.1  135s
 2126178 548902    0.00084  162   27          -    0.00021      -   7.1  140s
 2198481 567735 infeasible  163               -    0.00021      -   7.1  145s
 2274220 587321    0.00084  142   26          -    0.00021      -   7.1  150s
 2351243 606301    0.00084  162   28          -    0.00021      -   7.1  155s
 2429836 626466    0.00804  179   17          -    0.00021      -   7.1  160s
 2505788 644514 infeasible  173               -    0.00021      -   7.0  165s
 2582673 662949 infeasible  175               -    0.00021      -   7.0  170s
 2658795 683376 infeasible  180               -    0.00021      -   7.0  175s
 2731866 704648    0.00121  227   12          -    0.00021      -   7.0  180s
 2806483 722824    0.00121  207   17          -    0.00021      -   7.0  185s
 2872825 748020 infeasible  286               -    0.00021      -   7.0  190s
 2941723 775384 infeasible  191               -    0.00021      -   7.1  195s
 3008123 793887 infeasible  157               -    0.00021      -   7.2  200s
 3074904 808633 infeasible  204               -    0.00021      -   7.2  205s
 3148877 823855    0.00021  184   36          -    0.00021      -   7.2  210s
 3227951 841202 infeasible  243               -    0.00021      -   7.3  215s
 3303293 857679 infeasible  239               -    0.00021      -   7.3  220s
 3376793 873081    0.00084  239   28          -    0.00021      -   7.3  225s
 3452607 891228    0.00121  162   18          -    0.00021      -   7.4  230s
 3523244 904746 infeasible  205               -    0.00021      -   7.4  235s
 3608499 916499    0.00084  205   10          -    0.00021      -   7.4  240s
 3687115 933584    0.00084  170   28          -    0.00021      -   7.4  245s
 3763958 953903    0.00021  236   24          -    0.00021      -   7.4  250s
 3842845 971565    0.00021  125   30          -    0.00021      -   7.5  255s
 3925114 990309    0.00084  137   30          -    0.00021      -   7.4  260s
 4001262 1013835 infeasible  197               -    0.00021      -   7.4  265s
 4068148 1030176    0.00021  164   35          -    0.00021      -   7.5  270s
 4135336 1047867    0.00021  155   39          -    0.00021      -   7.6  275s
 4202744 1065672    0.00021  157   37          -    0.00021      -   7.6  280s
 4268067 1083169    0.00021  170   39          -    0.00021      -   7.7  285s
 4333718 1100220    0.00047  190   28          -    0.00021      -   7.8  290s
 4399053 1116773    0.00047  208   35          -    0.00021      -   7.9  295s
 4470021 1134012    0.00047  177   29          -    0.00021      -   7.9  300s
 4535436 1149158    0.00047  239   25          -    0.00021      -   8.0  305s
 4602429 1164732    0.00047  179   32          -    0.00021      -   8.1  310s
 4666047 1182926    0.00110  225   11          -    0.00021      -   8.2  315s
 4731022 1201986    0.00047  218   28          -    0.00021      -   8.2  320s
 4795663 1221138    0.00047  189   33          -    0.00021      -   8.3  325s
 4861983 1239385    0.00021  156   41          -    0.00021      -   8.4  330s
 4927849 1256285 infeasible  217               -    0.00021      -   8.5  335s
 4998832 1273727 infeasible  184               -    0.00021      -   8.5  340s
 5065561 1291075    0.00047  208   28          -    0.00021      -   8.6  345s
 5133340 1305299 infeasible  159               -    0.00021      -   8.6  350s
 5201000 1319346    0.00110  230   15          -    0.00021      -   8.6  355s
 5268640 1336802 infeasible  224               -    0.00021      -   8.7  360s
 5339214 1357853    0.00047  194   28          -    0.00021      -   8.7  365s
 5402607 1375798    0.00110  204   17          -    0.00021      -   8.7  370s
 5468244 1394779    0.00021  186   35          -    0.00021      -   8.8  375s
 5535520 1413932 infeasible  184               -    0.00021      -   8.8  380s
 5600925 1431892    0.00021  166   35          -    0.00021      -   8.9  385s
 5664841 1450149    0.00047  210   29          -    0.00021      -   8.9  390s
 5728407 1465940 infeasible  218               -    0.00021      -   9.0  395s
 5797324 1483795 infeasible  238               -    0.00021      -   9.0  400s
 5863139 1499983    0.00021  166   38          -    0.00021      -   9.1  405s
 5930047 1516002 infeasible  153               -    0.00021      -   9.1  410s
 5995725 1531773    0.00021  156   37          -    0.00021      -   9.1  415s
 6060084 1548901    0.00110  211   24          -    0.00021      -   9.2  420s
 6127486 1566621 infeasible  216               -    0.00021      -   9.2  425s
 6194719 1583371    0.00021  172   36          -    0.00021      -   9.2  430s
 6260147 1599110    0.00021  174   33          -    0.00021      -   9.3  435s
 6325498 1613811    0.00047  201   29          -    0.00021      -   9.3  440s
 6393931 1630707    0.00021  158   38          -    0.00021      -   9.4  445s
 6457283 1647930    0.00021  164   35          -    0.00021      -   9.5  450s
 6519281 1665877    0.00047  203   28          -    0.00021      -   9.5  455s
 6580912 1683047    0.00110  222   21          -    0.00021      -   9.6  460s
 6646012 1702203    0.00021  166   36          -    0.00021      -   9.7  465s
 6710490 1719835    0.00021  196   32          -    0.00021      -   9.7  470s
 6776306 1738788    0.00021  174   40          -    0.00021      -   9.8  475s
 6842109 1757182 infeasible  227               -    0.00021      -   9.8  480s
 6911877 1777796 infeasible  200               -    0.00021      -   9.8  485s
 6975500 1796198    0.00021  131   26          -    0.00021      -   9.8  490s
 7041792 1812393 infeasible  177               -    0.00021      -   9.8  495s
 7108680 1829538 infeasible  193               -    0.00021      -   9.9  500s
 7174194 1847379 infeasible  197               -    0.00021      -   9.9  505s
 7244011 1866565    0.00047  178   25          -    0.00021      -   9.9  510s
 7311914 1881208    0.00047  216   28          -    0.00021      -   9.9  515s
 7378978 1892690    0.00021  162   37          -    0.00021      -   9.9  520s
 7450997 1909407    0.00047  224   30          -    0.00021      -  10.0  525s
 7517787 1925564    0.00021  179   29          -    0.00021      -  10.0  530s
 7581754 1944128    0.00047  200   27          -    0.00021      -  10.0  535s
 7645488 1963508    0.00047  211   29          -    0.00021      -  10.0  540s
 7714520 1980580    0.00047  178   30          -    0.00021      -  10.0  545s
 7779690 2000289 infeasible  172               -    0.00021      -  10.1  550s
 7844334 2020270    0.00110  213   14          -    0.00021      -  10.1  555s
 7908342 2039981    0.00047  191   27          -    0.00021      -  10.1  560s
 7975563 2063296    0.00021  187   36          -    0.00021      -  10.1  565s
 8039589 2084294 infeasible  191               -    0.00021      -  10.1  570s
 8104358 2105524    0.00021  174   38          -    0.00021      -  10.1  575s
 8170404 2127572 infeasible  272               -    0.00021      -  10.2  580s
 8234188 2148849    0.00047  208   33          -    0.00021      -  10.2  585s
 8301668 2171339    0.00047  217   30          -    0.00021      -  10.2  590s
 8365625 2191743    0.00047  232   26          -    0.00021      -  10.2  595s
 8430527 2213434    0.00047  215   29          -    0.00021      -  10.2  600s
 8494844 2234841    0.00021  188   29          -    0.00021      -  10.2  605s
 8558849 2256532 infeasible  224               -    0.00021      -  10.2  610s
 8626592 2278782 infeasible  209               -    0.00021      -  10.2  615s
 8688320 2300209    0.00047  211   27          -    0.00021      -  10.2  620s
 8752697 2322882    0.00110  220   22          -    0.00021      -  10.2  625s
 8819753 2346045    0.00021  180   37          -    0.00021      -  10.3  630s
 8884599 2369374    0.00047  219   28          -    0.00021      -  10.3  635s
 8951359 2392369 infeasible  222               -    0.00021      -  10.3  640s
 9015283 2414210    0.00047  240   28          -    0.00021      -  10.3  645s
 9080125 2433512 infeasible  196               -    0.00021      -  10.3  650s
 9145870 2453343    0.00110  200   26          -    0.00021      -  10.3  655s
 9217747 2470717    0.00110  222   22          -    0.00021      -  10.3  660s
 9284016 2488057    0.00047  179   23          -    0.00021      -  10.3  665s
 9350030 2506924 infeasible  225               -    0.00021      -  10.3  670s
 9415910 2527306    0.00110  207   26          -    0.00021      -  10.3  675s
 9483339 2549167    0.00021  164   35          -    0.00021      -  10.3  680s
 9549517 2567307    0.00021  181   29          -    0.00021      -  10.4  685s
 9612853 2582922    0.00047  193   31          -    0.00021      -  10.4  690s
 9682171 2600290    0.00047  193   23          -    0.00021      -  10.4  695s
 9748137 2616404 infeasible  188               -    0.00021      -  10.4  700s
 9813775 2631212    0.00021  167   30          -    0.00021      -  10.4  705s
 9877419 2647937    0.00047  200   27          -    0.00021      -  10.4  710s
 9944688 2667568    0.00047  179   30          -    0.00021      -  10.5  715s
 10010962 2685612 infeasible  180               -    0.00021      -  10.5  720s
 10074907 2702113    0.00110  182   21          -    0.00021      -  10.5  725s
 10140500 2718375    0.00047  192   24          -    0.00021      -  10.5  730s
 10208193 2740025    0.00021  185   33          -    0.00021      -  10.5  735s
 10272355 2759572    0.00047  195   23          -    0.00021      -  10.5  740s
 10337262 2777671    0.00110  211   24          -    0.00021      -  10.5  745s
 10400714 2795518    0.00047  175   30          -    0.00021      -  10.6  750s
 10464946 2813365 infeasible  162               -    0.00021      -  10.6  755s
 10534053 2833509 infeasible  218               -    0.00021      -  10.6  760s
 10598532 2853378 infeasible  172               -    0.00021      -  10.6  765s
 10663603 2872485    0.00047  210   31          -    0.00021      -  10.6  770s
 10729970 2894064    0.00047  233   23          -    0.00021      -  10.6  775s
 10794753 2914897    0.00047  197   28          -    0.00021      -  10.6  780s
 10860628 2933645    0.00110  194   21          -    0.00021      -  10.6  785s
 10927762 2950892    0.00021  184   38          -    0.00021      -  10.6  790s
 10992129 2968906    0.00110  215   19          -    0.00021      -  10.6  795s
 11059905 2986979 infeasible  234               -    0.00021      -  10.6  800s
 11124556 3006877    0.00047  218   30          -    0.00021      -  10.7  805s
 11189248 3024931    0.00021  178   40          -    0.00021      -  10.7  810s
 11251643 3041489 infeasible  199               -    0.00021      -  10.7  815s
 11318924 3061162    0.00047  212   29          -    0.00021      -  10.7  820s
 11382225 3078760    0.00047  175   24          -    0.00021      -  10.7  825s
 11447002 3095318    0.00047  188   29          -    0.00021      -  10.7  830s
 11511311 3113512    0.00047  193   23          -    0.00021      -  10.8  835s
 11574821 3130967    0.00047  230   27          -    0.00021      -  10.8  840s
 11642161 3147336    0.00047  216   25          -    0.00021      -  10.8  845s
 11708191 3165202    0.00021  176   31          -    0.00021      -  10.8  850s
 11774913 3185050 infeasible  232               -    0.00021      -  10.8  855s
 11833653 3201870    0.00021  162   32          -    0.00021      -  10.8  860s
 11899858 3219768    0.00047  220   21          -    0.00021      -  10.8  865s
 11964226 3238394    0.00047  223   31          -    0.00021      -  10.8  870s
 12028939 3254984    0.00110  230   21          -    0.00021      -  10.8  875s
 12094312 3273603 infeasible  192               -    0.00021      -  10.9  880s
 12157448 3292681 infeasible  208               -    0.00021      -  10.9  885s
 12222791 3311975 infeasible  231               -    0.00021      -  10.9  890s
 12289803 3327190 infeasible  165               -    0.00021      -  10.9  895s
 12356118 3344770 infeasible  199               -    0.00021      -  10.9  900s
 12423201 3365037    0.00110  210   18          -    0.00021      -  10.9  905s
 12484048 3383898    0.00021  170   36          -    0.00021      -  10.9  910s
 12552498 3399835    0.00021  186   26          -    0.00021      -  10.9  915s
 12622038 3415843    0.00047  175   23          -    0.00021      -  10.9  920s
 12686733 3432111    0.00021  160   37          -    0.00021      -  10.9  925s
 12753861 3448083    0.00110  202   16          -    0.00021      -  10.9  930s
 12821190 3462954    0.00021  134   25          -    0.00021      -  10.9  935s
 12887588 3480548    0.00047  198   24          -    0.00021      -  10.9  940s
 12952963 3497141 infeasible  194               -    0.00021      -  10.9  945s
 13019296 3515459 infeasible  243               -    0.00021      -  10.9  950s
 13086218 3533404 infeasible  241               -    0.00021      -  10.9  955s
 13153117 3550172 infeasible  166               -    0.00021      -  11.0  960s
 13219858 3569173    0.00021  155   36          -    0.00021      -  11.0  965s
 13282556 3587174 infeasible  163               -    0.00021      -  11.0  970s
 13351509 3605603    0.00021  187   24          -    0.00021      -  11.0  975s
 13419618 3622701    0.00021  171   31          -    0.00021      -  11.0  980s
 13485262 3640623    0.00047  237   26          -    0.00021      -  11.0  985s
 13552027 3656496 infeasible  159               -    0.00021      -  11.0  990s
 13617235 3674627 infeasible  252               -    0.00021      -  11.0  995s
 13682016 3693658    0.00047  191   24          -    0.00021      -  11.0 1000s
 13748539 3715298    0.00110  219   23          -    0.00021      -  11.0 1005s
 13812670 3734807    0.00047  194   26          -    0.00021      -  11.0 1010s
 13877133 3753103 infeasible  208               -    0.00021      -  11.0 1015s
 13945815 3772906 infeasible  194               -    0.00021      -  11.0 1020s
 14014812 3793394    0.00047  224   25          -    0.00021      -  11.0 1025s
 14076748 3811238    0.00047  200   25          -    0.00021      -  11.0 1030s
 14141397 3831221 infeasible  201               -    0.00021      -  11.0 1035s
 14205928 3852556 infeasible  213               -    0.00021      -  11.0 1040s
 14268706 3872958    0.00021  164   36          -    0.00021      -  11.0 1045s
 14338153 3892487    0.00021  180   39          -    0.00021      -  11.0 1050s
 14408402 3909633    0.00047  206   24          -    0.00021      -  11.0 1055s
 14477337 3926011    0.00021  173   32          -    0.00021      -  11.0 1060s
 14544151 3942884    0.00047  205   29          -    0.00021      -  11.0 1065s
 14611133 3963725    0.00047  201   32          -    0.00021      -  11.0 1070s
 14673902 3983382    0.00047  238   33          -    0.00021      -  11.0 1075s
 14743088 4003104 infeasible  197               -    0.00021      -  11.0 1080s
 14808429 4023062 infeasible  204               -    0.00021      -  11.0 1085s
 14875771 4043627 infeasible  209               -    0.00021      -  11.1 1090s
 14938700 4064414    0.00047  227   26          -    0.00021      -  11.1 1095s
 15004879 4085157 infeasible  200               -    0.00021      -  11.1 1100s
 15073865 4104079 infeasible  201               -    0.00021      -  11.1 1105s
 15136116 4126457 infeasible  236               -    0.00021      -  11.1 1110s
 15202004 4150020    0.00021  171   30          -    0.00021      -  11.1 1115s
 15268136 4173882 infeasible  290               -    0.00021      -  11.1 1120s
 15328393 4196357 infeasible  235               -    0.00021      -  11.1 1125s
 15393328 4220409 infeasible  247               -    0.00021      -  11.1 1130s
 15457339 4244673 infeasible  253               -    0.00021      -  11.1 1135s
 15521624 4269413    0.00021  211   36          -    0.00021      -  11.1 1140s
 15585195 4292661 infeasible  252               -    0.00021      -  11.1 1145s
 15650638 4317129 infeasible  265               -    0.00021      -  11.1 1150s
 15713621 4340615 infeasible  229               -    0.00021      -  11.1 1155s
 15777543 4364263 infeasible  242               -    0.00021      -  11.1 1160s
 15842684 4389070    0.00110  253   18          -    0.00021      -  11.1 1165s
 15905434 4412943 infeasible  251               -    0.00021      -  11.1 1170s
 15971747 4436740 infeasible  214               -    0.00021      -  11.1 1175s
 16037459 4461310    0.00047  228   30          -    0.00021      -  11.1 1180s
 16100258 4484427    0.00047  260   26          -    0.00021      -  11.1 1185s
 16163248 4506747 infeasible  266               -    0.00021      -  11.1 1190s
 16228071 4529866    0.00047  220   31          -    0.00021      -  11.1 1195s
 16288474 4551972    0.00047  238   24          -    0.00021      -  11.1 1200s
 16354051 4575712    0.00047  264   22          -    0.00021      -  11.1 1205s
 16419452 4598959    0.00021  219   31          -    0.00021      -  11.1 1210s
 16481197 4622241    0.00110  237   19          -    0.00021      -  11.1 1215s
 16544504 4644783    0.00047  241   29          -    0.00021      -  11.1 1220s
 16607807 4666581 infeasible  221               -    0.00021      -  11.1 1225s
 16675484 4686928 infeasible  267               -    0.00021      -  11.1 1230s
 16742620 4705530    0.00047  278   28          -    0.00021      -  11.1 1235s
 16805673 4726297    0.00021  230   30          -    0.00021      -  11.1 1240s
 16871270 4748029 infeasible  230               -    0.00021      -  11.1 1245s
 16934507 4769936    0.00047  302   26          -    0.00021      -  11.1 1250s
 16995641 4790146    0.00047  239   28          -    0.00021      -  11.1 1255s
 17060698 4811596    0.00021  217   34          -    0.00021      -  11.1 1260s
 17125907 4831936    0.00047  238   31          -    0.00021      -  11.1 1265s
 17189151 4851110 infeasible  305               -    0.00021      -  11.1 1270s
 17251462 4869932    0.00047  213   31          -    0.00021      -  11.1 1275s
 17314681 4886725    0.00021  201   29          -    0.00021      -  11.2 1280s
 17378148 4905370    0.00110  228   23          -    0.00021      -  11.2 1285s
 17441085 4923983    0.00047  229   26          -    0.00021      -  11.2 1290s
 17503595 4943219    0.00110  209   19          -    0.00021      -  11.2 1295s
 17570022 4963022 infeasible  253               -    0.00021      -  11.2 1300s
 17629743 4982395 infeasible  238               -    0.00021      -  11.2 1305s
 17693666 5002713    0.00047  207   34          -    0.00021      -  11.2 1310s
 17757804 5024347 infeasible  242               -    0.00021      -  11.2 1315s
 17819924 5045569 infeasible  195               -    0.00021      -  11.2 1320s
 17881326 5066589    0.00047  228   33          -    0.00021      -  11.2 1325s
 17944625 5087464    0.00047  264   29          -    0.00021      -  11.2 1330s
 18008830 5106278    0.00021  180   32          -    0.00021      -  11.2 1335s
 18074249 5124312 infeasible  278               -    0.00021      -  11.2 1340s
 18137975 5141882    0.00021  193   31          -    0.00021      -  11.2 1345s
 18202472 5158753    0.00047  202   26          -    0.00021      -  11.2 1350s
 18265657 5175372    0.00110  211   21          -    0.00021      -  11.2 1355s
 18325532 5195147    0.00021  179   31          -    0.00021      -  11.2 1360s
 18384605 5215769    0.00047  187   25          -    0.00021      -  11.2 1365s
 18447284 5238069    0.00110  252   15          -    0.00021      -  11.2 1370s
 18507302 5260253 infeasible  216               -    0.00021      -  11.2 1375s
 18568758 5283103 infeasible  237               -    0.00021      -  11.2 1380s
 18631847 5303859    0.00047  232   30          -    0.00021      -  11.2 1385s
 18689812 5322668    0.00047  239   26          -    0.00021      -  11.2 1390s
 18751567 5345090    0.00047  231   27          -    0.00021      -  11.2 1395s
 18814680 5367829 infeasible  340               -    0.00021      -  11.2 1400s
 18875374 5389819    0.00047  205   25          -    0.00021      -  11.2 1405s
 18939690 5412477 infeasible  202               -    0.00021      -  11.2 1410s
 19000858 5434961    0.00047  213   29          -    0.00021      -  11.3 1415s
 19063910 5454509    0.00021  129   25          -    0.00021      -  11.3 1420s
 19126413 5474401 infeasible  194               -    0.00021      -  11.3 1425s
 19188946 5494584 infeasible  203               -    0.00021      -  11.3 1430s
 19252622 5514114 infeasible  204               -    0.00021      -  11.3 1435s
 19313736 5532246    0.00110  220   17          -    0.00021      -  11.3 1440s
 19377451 5551771    0.00047  230   25          -    0.00021      -  11.3 1445s
 19436969 5570877    0.00021  173   30          -    0.00021      -  11.3 1450s
 19500321 5591388 infeasible  218               -    0.00021      -  11.3 1455s
 19556587 5610413    0.00110  244   18          -    0.00021      -  11.3 1460s
 19618880 5629452    0.00047  183   24          -    0.00021      -  11.3 1465s
 19682121 5648085 infeasible  199               -    0.00021      -  11.3 1470s
 19745807 5669387 infeasible  201               -    0.00021      -  11.3 1475s
 19806328 5690751 infeasible  197               -    0.00021      -  11.3 1480s
 19870156 5712533    0.00110  232   20          -    0.00021      -  11.3 1485s
 19931853 5731543 infeasible  227               -    0.00021      -  11.3 1490s
 19996101 5750853    0.00047  231   25          -    0.00021      -  11.3 1495s
 20059110 5771763    0.00047  214   28          -    0.00021      -  11.3 1500s
 20120172 5792224 infeasible  193               -    0.00021      -  11.3 1505s
 20184361 5811183    0.00021  186   35          -    0.00021      -  11.3 1510s
 20246762 5828173    0.00047  213   24          -    0.00021      -  11.3 1515s
 20312704 5842529    0.00047  201   27          -    0.00021      -  11.3 1520s
 20377108 5860135    0.00021  164   38          -    0.00021      -  11.3 1525s
 20442725 5877283 infeasible  162               -    0.00021      -  11.3 1530s
 20509285 5895827    0.00047  168   26          -    0.00021      -  11.3 1535s
 20573470 5914753 infeasible  171               -    0.00021      -  11.3 1540s
 20639081 5935540    0.00110  202   20          -    0.00021      -  11.4 1545s
 20705915 5955734    0.00047  201   24          -    0.00021      -  11.4 1550s
 20769860 5975837    0.00047  197   29          -    0.00021      -  11.4 1555s
 20836766 5995246    0.00047  203   24          -    0.00021      -  11.4 1560s
 20905548 6014757    0.00047  188   31          -    0.00021      -  11.4 1565s
 20971134 6036692    0.00047  196   33          -    0.00021      -  11.4 1570s
 21040044 6058991 infeasible  245               -    0.00021      -  11.4 1575s
 21110874 6081639    0.00047  217   26          -    0.00021      -  11.4 1580s
 21180205 6105340    0.00110  204   20          -    0.00021      -  11.4 1585s
 21248131 6123902    0.00021  174   30          -    0.00021      -  11.4 1590s
 21311919 6141603    0.00021  166   36          -    0.00021      -  11.4 1595s
 21377983 6159793    0.00021  175   29          -    0.00021      -  11.4 1600s
 21446811 6176823 infeasible  140               -    0.00021      -  11.4 1605s
 21516986 6194981    0.00047  198   26          -    0.00021      -  11.4 1610s
 21585031 6212908    0.00047  241   26          -    0.00021      -  11.4 1615s
 21652006 6230904    0.00047  194   23          -    0.00021      -  11.4 1620s
 21719166 6250208    0.00021  160   35          -    0.00021      -  11.4 1625s
 21785312 6267978    0.00110  244   20          -    0.00021      -  11.4 1630s
 21856792 6284790    0.00021  179   34          -    0.00021      -  11.4 1635s
 21923730 6302812 infeasible  214               -    0.00021      -  11.4 1640s
 21995193 6324020 infeasible  174               -    0.00021      -  11.4 1645s
 22065232 6344449    0.00047  188   27          -    0.00021      -  11.4 1650s
 22134816 6365754    0.00021  209   33          -    0.00021      -  11.4 1655s
 22201330 6385379    0.00021  152   36          -    0.00021      -  11.4 1660s
 22268666 6410570    0.00047  194   28          -    0.00021      -  11.4 1665s
 22336218 6431495    0.00047  188   36          -    0.00021      -  11.4 1670s
 22403691 6450920    0.00021  162   41          -    0.00021      -  11.4 1675s
 22472748 6465135    0.00047  198   30          -    0.00021      -  11.4 1680s
 22541936 6480876 infeasible  171               -    0.00021      -  11.4 1685s
 22606024 6497900    0.00047  209   27          -    0.00021      -  11.4 1690s
 22670077 6516634    0.00047  257   22          -    0.00021      -  11.5 1695s
 22737166 6534644 infeasible  194               -    0.00021      -  11.5 1700s
 22804051 6554175    0.00047  193   22          -    0.00021      -  11.5 1705s
 22872829 6571559    0.00021  150   35          -    0.00021      -  11.5 1710s
 22944970 6588148    0.00021  161   36          -    0.00021      -  11.5 1715s
 23015022 6604781    0.00047  185   25          -    0.00021      -  11.5 1720s
 23080568 6623856    0.00021  176   29          -    0.00021      -  11.5 1725s
 23148862 6644578 infeasible  190               -    0.00021      -  11.5 1730s
 23218940 6664043    0.00047  236   26          -    0.00021      -  11.5 1735s
 23285526 6684326 infeasible  162               -    0.00021      -  11.5 1740s
 23352426 6702721 infeasible  186               -    0.00021      -  11.5 1745s
 23419497 6721259    0.00021  205   31          -    0.00021      -  11.5 1750s
 23488555 6739065 infeasible  187               -    0.00021      -  11.5 1755s
 23562719 6755768 infeasible  168               -    0.00021      -  11.5 1760s
 23632512 6771135    0.00021  123   23          -    0.00021      -  11.5 1765s
 23702723 6790031    0.00047  191   26          -    0.00021      -  11.5 1770s
 23771341 6818079    0.00047  225   29          -    0.00021      -  11.5 1775s
 23842864 6849208    0.00110  240   24          -    0.00021      -  11.5 1780s
 23913246 6879059    0.00047  233   26          -    0.00021      -  11.5 1785s
 23982832 6902497    0.00110  232   23          -    0.00021      -  11.5 1790s
 24048228 6921932 infeasible  230               -    0.00021      -  11.5 1795s
 24115271 6942093    0.00047  177   27          -    0.00021      -  11.5 1800s
 24179828 6962481    0.00047  202   28          -    0.00021      -  11.5 1805s
 24246125 6978470    0.00047  226   23          -    0.00021      -  11.5 1810s
 24313974 6998520 infeasible  148               -    0.00021      -  11.5 1815s
 24380955 7016269    0.00047  259   24          -    0.00021      -  11.5 1820s
 24461435 7032655    0.00110  225   21          -    0.00021      -  11.5 1825s
 24538764 7049562    0.00021  180   36          -    0.00021      -  11.5 1830s
 24611497 7067303    0.00047  201   22          -    0.00021      -  11.5 1835s
 24677360 7086890 infeasible  183               -    0.00021      -  11.5 1840s
 24740393 7107536    0.00047  188   27          -    0.00021      -  11.5 1845s
 24803809 7126966    0.00047  169   26          -    0.00021      -  11.5 1850s
 24869611 7145048    0.00021  156   39          -    0.00021      -  11.5 1855s
 24933379 7165669    0.00110  195   23          -    0.00021      -  11.5 1860s
 24998073 7186645 infeasible  153               -    0.00021      -  11.5 1865s
 25059855 7207649    0.00047  184   23          -    0.00021      -  11.5 1870s
 25123485 7229223 infeasible  166               -    0.00021      -  11.5 1875s
 25187274 7248478    0.00021  175   24          -    0.00021      -  11.5 1880s
 25255801 7270543 infeasible  203               -    0.00021      -  11.5 1885s
 25324993 7290593    0.00047  202   30          -    0.00021      -  11.5 1890s
 25396299 7310603 infeasible  207               -    0.00021      -  11.5 1895s
 25469450 7324331 infeasible  211               -    0.00021      -  11.5 1900s
 25554874 7338270    0.00021  119   29          -    0.00021      -  11.5 1905s
 25626387 7359622    0.00021  151   27          -    0.00021      -  11.5 1910s
 25705230 7376254 infeasible  173               -    0.00021      -  11.5 1915s
 25778015 7391963 infeasible  231               -    0.00021      -  11.5 1920s
 25845578 7412860    0.00047  274   23          -    0.00021      -  11.5 1925s
 25911723 7435134    0.00047  221   26          -    0.00021      -  11.5 1930s
 25976753 7455556    0.00021  162   38          -    0.00021      -  11.5 1935s
 26040822 7475523 infeasible  243               -    0.00021      -  11.5 1940s
 26104968 7497822    0.00047  216   27          -    0.00021      -  11.5 1945s
 26169172 7519443    0.00021  166   29          -    0.00021      -  11.5 1950s
 26233951 7539456    0.00047  203   30          -    0.00021      -  11.5 1955s
 26299799 7558944    0.00110  197   25          -    0.00021      -  11.5 1960s
 26366485 7576621    0.00047  179   24          -    0.00021      -  11.5 1965s
 26434460 7592833 infeasible  187               -    0.00021      -  11.5 1970s
 26500731 7613296    0.00110  238   22          -    0.00021      -  11.5 1975s
 26564213 7632976 infeasible  158               -    0.00021      -  11.5 1980s
 26632008 7656400 infeasible  219               -    0.00021      -  11.5 1985s
 26697395 7681388    0.00110 1776   13          -    0.00021      -  11.5 1990s
 26763454 7704199    0.00047  229   29          -    0.00021      -  11.5 1995s
 26830630 7725100 infeasible  169               -    0.00021      -  11.5 2000s
 26899281 7747511 infeasible  201               -    0.00021      -  11.5 2005s
 26970928 7767246 infeasible  196               -    0.00021      -  11.5 2010s
 27045766 7788522    0.00047  206   34          -    0.00021      -  11.5 2015s
 27119227 7812029    0.00047  166   29          -    0.00021      -  11.5 2020s
 27186467 7833948    0.00110  219   17          -    0.00021      -  11.5 2025s
 27255460 7855501    0.00110  217   10          -    0.00021      -  11.5 2030s
 27325595 7876109 infeasible  222               -    0.00021      -  11.5 2035s
 27391530 7897468 infeasible  223               -    0.00021      -  11.5 2040s
 27457140 7918694 infeasible  175               -    0.00021      -  11.5 2045s
 27526024 7943916    0.00021  179   39          -    0.00021      -  11.5 2050s
 27605845 7963492 infeasible  165               -    0.00021      -  11.5 2055s
 27674109 7983881    0.00047  184   23          -    0.00021      -  11.5 2060s
 27742567 8006601    0.00047  218   24          -    0.00021      -  11.5 2065s
 27815040 8029987 infeasible  223               -    0.00021      -  11.5 2070s
 27893704 8047982 infeasible  157               -    0.00021      -  11.5 2075s
 27974414 8063051    0.00047  205   28          -    0.00021      -  11.4 2080s
 28051314 8079473    0.00110  187   16          -    0.00021      -  11.4 2085s
 28128475 8098455    0.00047  170   29          -    0.00021      -  11.4 2090s
 28208156 8117444 infeasible  155               -    0.00021      -  11.4 2095s
 28286213 8136942 infeasible  228               -    0.00021      -  11.4 2100s
 28363223 8155727    0.00047  216   29          -    0.00021      -  11.4 2105s
 28441492 8175223 infeasible  215               -    0.00021      -  11.3 2110s
 28519215 8194550    0.00110  192   25          -    0.00021      -  11.3 2115s
 28599037 8214881    0.00021  176   30          -    0.00021      -  11.3 2120s
 28676519 8235352    0.00047  190   25          -    0.00021      -  11.3 2125s
 28754030 8254087    0.00047  180   29          -    0.00021      -  11.3 2130s
 28829572 8273113    0.00047  179   29          -    0.00021      -  11.3 2135s
 28907781 8292859    0.00047  211   26          -    0.00021      -  11.2 2140s
 28984870 8310874    0.00110  218   26          -    0.00021      -  11.2 2145s
 29059165 8327995    0.00110  204   14          -    0.00021      -  11.2 2150s
 29132672 8345797 infeasible  189               -    0.00021      -  11.2 2155s
 29206923 8363862 infeasible  145               -    0.00021      -  11.2 2160s
 29281443 8382405 infeasible  172               -    0.00021      -  11.2 2165s
 29354857 8399938    0.00021  163   30          -    0.00021      -  11.2 2170s
 29431017 8419121 infeasible  187               -    0.00021      -  11.1 2175s
 29503022 8436635 infeasible  208               -    0.00021      -  11.1 2180s
 29578448 8456167    0.00021  192   29          -    0.00021      -  11.1 2185s
 29649269 8473507    0.00047  201   28          -    0.00021      -  11.1 2190s
 29726169 8491752 infeasible  167               -    0.00021      -  11.1 2195s
 29801798 8507052 infeasible  201               -    0.00021      -  11.1 2200s
 29877985 8521335 infeasible  173               -    0.00021      -  11.1 2205s
 29951504 8538364    0.00110  207   16          -    0.00021      -  11.0 2210s
 30026618 8555967    0.00047  179   31          -    0.00021      -  11.0 2215s
 30101173 8572512    0.00021  159   28          -    0.00021      -  11.0 2220s
 30177589 8587442    0.00110  195   21          -    0.00021      -  11.0 2225s
 30253513 8601211 infeasible  154               -    0.00021      -  11.0 2230s
 30334529 8612095 infeasible  158               -    0.00021      -  11.0 2235s
 30416468 8620113    0.00110  198   15          -    0.00021      -  11.0 2240s
 30493536 8634144    0.00047  179   27          -    0.00021      -  10.9 2245s
 30571221 8649741 infeasible  200               -    0.00021      -  10.9 2250s
 30643799 8663809 infeasible  208               -    0.00021      -  10.9 2255s
 30719734 8680141 infeasible  194               -    0.00021      -  10.9 2260s
 30793078 8697162    0.00021  180   31          -    0.00021      -  10.9 2265s
 30867223 8714926    0.00110  261   20          -    0.00021      -  10.9 2270s
 30937679 8728020    0.00047  206   20          -    0.00021      -  10.9 2275s
 31013638 8743974 infeasible  197               -    0.00021      -  10.9 2280s
 31088824 8759612 infeasible  245               -    0.00021      -  10.8 2285s
 31160701 8778047    0.00047  209   26          -    0.00021      -  10.8 2290s
 31235365 8794705    0.00110  179   14          -    0.00021      -  10.8 2295s
 31314151 8809384    0.00047  211   26          -    0.00021      -  10.8 2300s
 31386894 8823818    0.00110  198   19          -    0.00021      -  10.8 2305s
 31466455 8835358    0.00021  181   30          -    0.00021      -  10.8 2310s
 31537480 8854581 infeasible  191               -    0.00021      -  10.8 2315s
 31601825 8877164 infeasible  212               -    0.00021      -  10.8 2320s
 31668140 8902211    0.00047  156   32          -    0.00021      -  10.8 2325s
 31735463 8926529    0.00110  171   19          -    0.00021      -  10.8 2330s
 31802714 8948050    0.00084  138   27          -    0.00021      -  10.8 2335s
 31875272 8962308    0.00110  192   13          -    0.00021      -  10.8 2340s
 31949945 8978317    0.00021  161   29          -    0.00021      -  10.7 2345s
 32014022 8999836    0.00047  179   22          -    0.00021      -  10.7 2350s
 32078462 9021406    0.00110  183   20          -    0.00021      -  10.8 2355s
 32142183 9044919    0.00047  234   25          -    0.00021      -  10.8 2360s
 32208745 9065215    0.00110  206   18          -    0.00021      -  10.8 2365s
 32280570 9084105    0.00110  179   21          -    0.00021      -  10.7 2370s
 32352213 9101382    0.00047  179   27          -    0.00021      -  10.7 2375s
 32426468 9119346 infeasible  188               -    0.00021      -  10.7 2380s
 32500765 9136145 infeasible  165               -    0.00021      -  10.7 2385s
 32574941 9151712 infeasible  160               -    0.00021      -  10.7 2390s
 32649114 9171075 infeasible  148               -    0.00021      -  10.7 2395s
 32711527 9186760    0.00047  163   26          -    0.00021      -  10.7 2400s
 32783958 9205918    0.00110  149   26          -    0.00021      -  10.7 2405s
 32859998 9223835    0.00084  165   25          -    0.00021      -  10.7 2410s
 32929401 9251271    0.00110  204   21          -    0.00021      -  10.7 2415s
 32996535 9280450    0.00047  196   28          -    0.00021      -  10.7 2420s
 33076044 9308439    0.00021  160   29          -    0.00021      -  10.6 2425s
 33155627 9329632    0.00047  308   25          -    0.00021      -  10.6 2430s
 33231762 9347980    0.00084  143   26          -    0.00021      -  10.6 2435s
 33312676 9364259    0.00047  190   23          -    0.00021      -  10.6 2440s
 33389932 9382553    0.00110  177   12          -    0.00021      -  10.6 2445s
 33464409 9401211 infeasible  209               -    0.00021      -  10.6 2450s
 33539883 9420902    0.00047  183   29          -    0.00021      -  10.6 2455s
 33613904 9445422    0.00110  205   14          -    0.00021      -  10.6 2460s
 33684745 9466610    0.00047  185   24          -    0.00021      -  10.6 2465s
 33763195 9483096    0.00047  201   28          -    0.00021      -  10.6 2470s
 33837247 9502835    0.00021  191   30          -    0.00021      -  10.6 2475s
 33907608 9523903 infeasible  187               -    0.00021      -  10.6 2480s
 33982947 9539105    0.00047  163   28          -    0.00021      -  10.6 2485s
 34061990 9551196 infeasible  186               -    0.00021      -  10.6 2490s
 34140626 9563468    0.00021  159   29          -    0.00021      -  10.5 2495s
 34218471 9579789 infeasible  159               -    0.00021      -  10.5 2500s
 34290808 9597132    0.00021  126   32          -    0.00021      -  10.5 2505s
 34371274 9618256    0.00110  167   18          -    0.00021      -  10.5 2510s
 34450221 9636846 infeasible  218               -    0.00021      -  10.5 2515s
 34527626 9655018    0.00110  238   25          -    0.00021      -  10.5 2520s
 34599960 9676824    0.00110  195    9          -    0.00021      -  10.5 2525s
 34672185 9698337    0.00110  201   26          -    0.00021      -  10.5 2530s
 34747495 9716805 infeasible  194               -    0.00021      -  10.5 2535s
 34824234 9732237    0.00047  166   28          -    0.00021      -  10.5 2540s
 34895801 9748303 infeasible  502               -    0.00021      -  10.5 2545s
 34970668 9767898    0.00021  176   29          -    0.00021      -  10.5 2550s
 35042862 9789228 infeasible  229               -    0.00021      -  10.5 2555s
 35113760 9813866    0.00047  186   31          -    0.00021      -  10.5 2560s
 35194163 9832156    0.00047  207   25          -    0.00021      -  10.5 2565s
 35270622 9851064    0.00047  219   24          -    0.00021      -  10.5 2570s
 35351995 9869081    0.00021  182   31          -    0.00021      -  10.5 2575s
 35426703 9890002    0.00110  202   12          -    0.00021      -  10.5 2580s
 35507741 9908618    0.01071  189   18          -    0.00021      -  10.5 2585s
 35587951 9925235 infeasible  181               -    0.00021      -  10.5 2590s
 35663214 9947634 infeasible  196               -    0.00021      -  10.5 2595s
 35739097 9963477    0.00110  199   17          -    0.00021      -  10.5 2600s
 35813972 9977070    0.00021  164   36          -    0.00021      -  10.4 2605s
 35910155 9990373 infeasible  215               -    0.00021      -  10.4 2610s
 36002569 10004360 infeasible  159               -    0.00021      -  10.4 2615s
 36076755 10024954 infeasible  176               -    0.00021      -  10.4 2620s
 36148222 10043028 infeasible  260               -    0.00021      -  10.4 2625s
 36222101 10060749    0.00047  172   25          -    0.00021      -  10.4 2630s
 36293851 10080545 infeasible  196               -    0.00021      -  10.4 2635s
 36370278 10095331    0.00110  212   18          -    0.00021      -  10.4 2640s
 36444225 10113766 infeasible  218               -    0.00021      -  10.4 2645s
 36515234 10140231 infeasible  186               -    0.00021      -  10.4 2650s
 36584546 10160679    0.00047  162   22          -    0.00021      -  10.4 2655s
 36659969 10176470    0.00047  179   25          -    0.00021      -  10.4 2660s
 36735373 10191195    0.00021  156   36          -    0.00021      -  10.4 2665s
 36804621 10209722    0.00110  201   19          -    0.00021      -  10.4 2670s
 36876266 10226930    0.00021  166   35          -    0.00021      -  10.4 2675s
 36951540 10243124 infeasible  230               -    0.00021      -  10.4 2680s
 37023854 10264763 infeasible  171               -    0.00021      -  10.4 2685s
 37096172 10285015    0.00021  150   35          -    0.00021      -  10.4 2690s
 37169733 10306427    0.00110  192   22          -    0.00021      -  10.4 2695s
 37239099 10329223    0.00047  168   26          -    0.00021      -  10.4 2700s
 37310155 10353007    0.00047  203   25          -    0.00021      -  10.4 2705s
 37385997 10369464    0.00047  187   29          -    0.00021      -  10.4 2710s
 37458752 10388424    0.00047  252   25          -    0.00021      -  10.4 2715s
 37537836 10405255    0.00110  214   17          -    0.00021      -  10.4 2720s
 37615383 10423632 infeasible  193               -    0.00021      -  10.3 2725s
 37690951 10440658    0.00021  183   32          -    0.00021      -  10.3 2730s
 37769061 10457971 infeasible  193               -    0.00021      -  10.3 2735s
 37847884 10477383 infeasible  151               -    0.00021      -  10.3 2740s
 37927785 10496846    0.00021  159   35          -    0.00021      -  10.3 2745s
 38000319 10516534    0.00047  207   27          -    0.00021      -  10.3 2750s
 38076948 10536359    0.00021  175   29          -    0.00021      -  10.3 2755s
 38148998 10557398    0.00021  161   36          -    0.00021      -  10.3 2760s
 38225928 10574020    0.00021  165   29          -    0.00021      -  10.3 2765s
 38300961 10593524    0.00047  189   25          -    0.00021      -  10.3 2770s
 38378066 10611565    0.00047  171   29          -    0.00021      -  10.3 2775s
 38448355 10629585 infeasible  178               -    0.00021      -  10.3 2780s
 38524848 10646276    0.00047  223   24          -    0.00021      -  10.3 2785s
 38602550 10667813 infeasible 1729               -    0.00021      -  10.3 2790s
 38678342 10687958    0.00021  153   36          -    0.00021      -  10.3 2795s
 38751708 10708939 infeasible  217               -    0.00021      -  10.3 2800s
 38827254 10728210    0.00047  196   27          -    0.00021      -  10.3 2805s
 38903423 10746838    0.00021  172   29          -    0.00021      -  10.3 2810s
 38973948 10773839    0.00047  214   22          -    0.00021      -  10.3 2815s
 39049007 10801656    0.00047  175   28          -    0.00021      -  10.3 2820s
 39124685 10830530    0.00047  170   29          -    0.00021      -  10.3 2825s
 39201582 10856871    0.00110  232   25          -    0.00021      -  10.3 2830s
 39275755 10879459    0.00047  193   25          -    0.00021      -  10.3 2835s
 39353637 10896135 infeasible  190               -    0.00021      -  10.2 2840s
 39425594 10914239    0.00047  271   23          -    0.00021      -  10.2 2845s
 39491410 10932480    0.00047  188   27          -    0.00021      -  10.2 2850s
 39555480 10950875    0.00047  186   26          -    0.00021      -  10.2 2855s
 39622067 10970518    0.00047  180   27          -    0.00021      -  10.2 2860s
 39690112 10991740    0.00047  195   23          -    0.00021      -  10.3 2865s
 39759909 11011479    0.00047  234   24          -    0.00021      -  10.3 2870s
 39826504 11034336    0.00047  222   28          -    0.00021      -  10.3 2875s
 39892933 11057503    0.00047  206   29          -    0.00021      -  10.3 2880s
 39956715 11079911 infeasible  196               -    0.00021      -  10.3 2885s
 40025680 11101134    0.00110  233   20          -    0.00021      -  10.3 2890s
 40091356 11121796 infeasible  185               -    0.00021      -  10.3 2895s
 40164587 11142617 infeasible  141               -    0.00021      -  10.3 2900s
 40236496 11158349    0.00110  213   20          -    0.00021      -  10.3 2905s
 40308650 11174537    0.00021  193   30          -    0.00021      -  10.3 2910s
 40376378 11193752    0.00047  233   25          -    0.00021      -  10.3 2915s
 40440546 11222985    0.00047  212   30          -    0.00021      -  10.3 2920s
 40498833 11260163    0.00047  270   23          -    0.00021      -  10.3 2925s
 40560247 11297294    0.00047  310   23          -    0.00021      -  10.3 2930s
 40620708 11335857    0.00047  213   23          -    0.00021      -  10.3 2935s
 40682660 11375781    0.00047  191   29          -    0.00021      -  10.3 2940s
 40741557 11413536    0.00047  311   23          -    0.00021      -  10.3 2945s
 40802371 11449666    0.00047  222   27          -    0.00021      -  10.3 2950s
 40863787 11487374    0.00047  281   24          -    0.00021      -  10.3 2955s
 40927457 11522318    0.00110  235   16          -    0.00021      -  10.3 2960s
 40990157 11551139 infeasible  193               -    0.00021      -  10.3 2965s
 41054750 11575998 infeasible  223               -    0.00021      -  10.3 2970s
 41118177 11599114    0.00047  211   26          -    0.00021      -  10.3 2975s
 41182342 11621088    0.00110  207   16          -    0.00021      -  10.3 2980s
 41247682 11641021    0.00047  220   24          -    0.00021      -  10.3 2985s
 41316318 11663027    0.00021  192   28          -    0.00021      -  10.3 2990s
 41381967 11685100    0.00047  245   26          -    0.00021      -  10.3 2995s
 41448721 11703350 infeasible  213               -    0.00021      -  10.3 3000s
 41517273 11718814    0.00047  234   29          -    0.00021      -  10.3 3005s
 41585466 11737924 infeasible  197               -    0.00021      -  10.3 3010s
 41657253 11763528    0.00047  157   24          -    0.00021      -  10.3 3015s
 41730956 11788514    0.00021  146   29          -    0.00021      -  10.3 3020s
 41805448 11811691    0.00021  172   24          -    0.00021      -  10.3 3025s
 41875266 11834377    0.00047  176   24          -    0.00021      -  10.3 3030s
 41949654 11848480    0.00047  151   23          -    0.00021      -  10.3 3035s
 42033365 11862713 infeasible  153               -    0.00021      -  10.3 3040s
 42108932 11882986    0.00047  173   27          -    0.00021      -  10.3 3045s
 42183212 11907861    0.00047  203   23          -    0.00021      -  10.3 3050s
 42252534 11930840    0.00110  209   17          -    0.00021      -  10.3 3055s
 42315489 11949322 infeasible  226               -    0.00021      -  10.3 3060s
 42382872 11970992    0.00110  216   23          -    0.00021      -  10.3 3065s
 42447490 11991309    0.00047  174   27          -    0.00021      -  10.3 3070s
 42515646 12010932 infeasible  201               -    0.00021      -  10.3 3075s
 42577991 12026538    0.00047  224   25          -    0.00021      -  10.3 3080s
 42647038 12044096 infeasible  209               -    0.00021      -  10.3 3085s
 42707207 12064591 infeasible  171               -    0.00021      -  10.3 3090s
 42770846 12080483    0.00047  223   23          -    0.00021      -  10.3 3095s
 42836398 12100049    0.00021  186   39          -    0.00021      -  10.3 3100s
 42904737 12120870    0.00047  204   27          -    0.00021      -  10.3 3105s
 42972946 12141048 infeasible  182               -    0.00021      -  10.3 3110s
 43040494 12160449    0.00047  225   23          -    0.00021      -  10.3 3115s
 43109148 12179400    0.00110  199   20          -    0.00021      -  10.3 3120s
 43175751 12201358    0.00110  790   12          -    0.00021      -  10.3 3125s
 43239973 12225076    0.00110 1609   12          -    0.00021      -  10.3 3130s
 43311859 12249046    0.00110 2420   10          -    0.00021      -  10.3 3135s
 43378949 12270815    0.00110 3071   10          -    0.00021      -  10.3 3140s
 43444776 12290879    0.00110 3744   10          -    0.00021      -  10.3 3145s
 43507489 12312422    0.00110 4395   10          -    0.00021      -  10.3 3150s
 43570674 12335720    0.00047  237   26          -    0.00021      -  10.3 3155s
 43635739 12358946    0.00047  206   29          -    0.00021      -  10.4 3160s
 43702208 12382823    0.00110  219   21          -    0.00021      -  10.4 3165s
 43767891 12406137 infeasible  200               -    0.00021      -  10.4 3170s
 43834971 12430371    0.00047  225   24          -    0.00021      -  10.4 3175s
 43902057 12451245 infeasible  199               -    0.00021      -  10.4 3180s
 43967882 12472565    0.00047  204   26          -    0.00021      -  10.4 3185s
 44034244 12489587 infeasible  214               -    0.00021      -  10.4 3190s
 44100784 12508298    0.00047  221   29          -    0.00021      -  10.4 3195s
 44166871 12530596 infeasible  185               -    0.00021      -  10.4 3200s
 44234605 12553647    0.00021  129   26          -    0.00021      -  10.4 3205s
 44299901 12578368 infeasible  229               -    0.00021      -  10.4 3210s
 44365057 12606594 infeasible  198               -    0.00021      -  10.4 3215s
 44428883 12634173    0.00021  186   35          -    0.00021      -  10.4 3220s
 44492955 12655050 infeasible  214               -    0.00021      -  10.4 3225s
 44559098 12673796    0.00110  194   19          -    0.00021      -  10.4 3230s
 44629509 12694942 infeasible  190               -    0.00021      -  10.4 3235s
 44704491 12712305    0.00021  163   24          -    0.00021      -  10.4 3240s
 44793135 12732011    0.00061  214   27          -    0.00021      -  10.4 3245s
 44879618 12751170    0.00047  159   24          -    0.00021      -  10.4 3250s
 44957813 12773731 infeasible  156               -    0.00021      -  10.3 3255s
 45032353 12796584    0.00047  204   25          -    0.00021      -  10.3 3260s
 45097394 12822845    0.00047  214   29          -    0.00021      -  10.3 3265s
 45163959 12848114    0.00047  186   23          -    0.00021      -  10.3 3270s
 45230183 12871621    0.00021  184   34          -    0.00021      -  10.3 3275s
 45295639 12892533    0.00047  218   24          -    0.00021      -  10.3 3280s
 45359702 12914077 infeasible  168               -    0.00021      -  10.4 3285s
 45423930 12936328    0.00110  195   21          -    0.00021      -  10.4 3290s
 45489635 12956433    0.00084  128   23          -    0.00021      -  10.4 3295s
 45554432 12975320    0.00021  190   31          -    0.00021      -  10.4 3300s
 45620412 12993419 infeasible  191               -    0.00021      -  10.4 3305s
 45682948 13014890    0.00047  203   28          -    0.00021      -  10.4 3310s
 45748951 13035122 infeasible  198               -    0.00021      -  10.4 3315s
 45815424 13053750    0.00047  174   25          -    0.00021      -  10.4 3320s
 45890936 13066408 infeasible  213               -    0.00021      -  10.4 3325s
 45962448 13078808    0.00047  222   24          -    0.00021      -  10.4 3330s
 46028920 13096504    0.00110  200   24          -    0.00021      -  10.4 3335s
 46082403 13114089 infeasible  229               -    0.00021      -  10.4 3340s
 46144192 13141063    0.00110  205   18          -    0.00021      -  10.4 3345s
 46209628 13167977    0.00047  191   25          -    0.00021      -  10.4 3350s
 46275653 13195258    0.00047  246   28          -    0.00021      -  10.4 3355s
 46339671 13223627    0.00047  218   30          -    0.00021      -  10.4 3360s
 46406130 13250258    0.00047  193   25          -    0.00021      -  10.4 3365s
 46468381 13275133    0.00047  219   25          -    0.00021      -  10.4 3370s
 46537084 13298640    0.00047  208   25          -    0.00021      -  10.4 3375s
 46604940 13316852    0.00047  184   26          -    0.00021      -  10.4 3380s
 46673363 13335616    0.00047  208   23          -    0.00021      -  10.4 3385s
 46737404 13357149 infeasible  224               -    0.00021      -  10.4 3390s
 46803640 13377968    0.00047  200   23          -    0.00021      -  10.4 3395s
 46870605 13395588    0.00021  164   24          -    0.00021      -  10.4 3400s
 46938175 13413120 infeasible  203               -    0.00021      -  10.4 3405s
 47006792 13432911 infeasible  166               -    0.00021      -  10.4 3410s
 47074581 13453968 infeasible  227               -    0.00021      -  10.4 3415s
 47141078 13474915    0.00110  196   16          -    0.00021      -  10.4 3420s
 47207072 13496894 infeasible  205               -    0.00021      -  10.4 3425s
 47273397 13517997 infeasible  156               -    0.00021      -  10.4 3430s
 47342773 13535826    0.00021  175   34          -    0.00021      -  10.4 3435s
 47412389 13553649 infeasible  211               -    0.00021      -  10.4 3440s
 47478363 13572715    0.00021  158   34          -    0.00021      -  10.4 3445s
 47546476 13589320    0.00110  225   22          -    0.00021      -  10.5 3450s
 47613369 13605472    0.00084  123   23          -    0.00021      -  10.5 3455s
 47692515 13622810    0.00047  229   22          -    0.00021      -  10.4 3460s
 47762893 13641654    0.00021  157   31          -    0.00021      -  10.4 3465s
 47828524 13665432 infeasible  190               -    0.00021      -  10.5 3470s
 47895194 13684597 infeasible  142               -    0.00021      -  10.5 3475s
 47961694 13701391    0.00047  192   22          -    0.00021      -  10.5 3480s
 48025179 13720902    0.00047  184   30          -    0.00021      -  10.5 3485s
 48091790 13740506    0.00047  222   22          -    0.00021      -  10.5 3490s
 48156562 13759860    0.00021  160   31          -    0.00021      -  10.5 3495s
 48221043 13779485    0.00047  217   24          -    0.00021      -  10.5 3500s
 48286114 13800372    0.00047  180   22          -    0.00021      -  10.5 3505s
 48354157 13819434 infeasible  257               -    0.00021      -  10.5 3510s
 48426319 13834280    0.00110  213   26          -    0.00021      -  10.5 3515s
 48494412 13852894    0.00110  240   24          -    0.00021      -  10.5 3520s
 48561762 13869527    0.00021  124   31          -    0.00021      -  10.5 3525s
 48649594 13882318    0.00047  157   32          -    0.00021      -  10.5 3530s
 48719767 13904885    0.00047  293   27          -    0.00021      -  10.5 3535s
 48780613 13929571    0.00110  263   18          -    0.00021      -  10.5 3540s
 48843258 13955158 infeasible  260               -    0.00021      -  10.5 3545s
 48906198 13979892 infeasible  208               -    0.00021      -  10.5 3550s
 48971113 14001074 infeasible  182               -    0.00021      -  10.5 3555s
 49042505 14019100    0.00021  149   28          -    0.00021      -  10.5 3560s
 49116041 14034302    0.00047  254   28          -    0.00021      -  10.5 3565s
 49187321 14050096    0.00110  233   20          -    0.00021      -  10.5 3570s
 49262351 14067168    0.00047  243   31          -    0.00021      -  10.5 3575s
 49335860 14086181 infeasible  178               -    0.00021      -  10.5 3580s
 49410813 14103761    0.00084  192   30          -    0.00021      -  10.5 3585s
 49493573 14120911    0.00047  183   29          -    0.00021      -  10.5 3590s
 49572858 14140671 infeasible  180               -    0.00021      -  10.5 3595s
 49650967 14159895    0.00047  199   32          -    0.00021      -  10.5 3600s

Cutting planes:
  Flow cover: 2

Explored 49652700 nodes (519324188 simplex iterations) in 3600.05 seconds (1568.47 work units)
Thread count was 12 (of 12 available processors)

Solution count 0

Time limit reached
Best objective -, best bound 2.058065039989e-04, gap -
