
Gurobi 11.0.2 (win64) logging started Wed Oct  2 04:00:40 2024

Set parameter LogFile to value ".\Experiments\Track_k_e_2\Logs\track_k_e_2_r3_c13.log"
Set parameter TimeLimit to value 3600
Gurobi Optimizer version 11.0.2 build v11.0.2rc0 (win64 - Windows 10.0 (19045.2))

CPU model: Intel(R) Core(TM) i7-10750H CPU @ 2.60GHz, instruction set [SSE2|AVX|AVX2]
Thread count: 6 physical cores, 12 logical processors, using up to 12 threads

Optimize a model with 250 rows, 462 columns and 924 nonzeros
Model fingerprint: 0x486d6976
Model has 6 quadratic objective terms
Model has 68 quadratic constraints
Model has 116 general constraints
Variable types: 458 continuous, 4 integer (4 binary)
Coefficient statistics:
  Matrix range     [9e-06, 1e+02]
  QMatrix range    [1e+00, 1e+00]
  QLMatrix range   [1e+00, 1e+00]
  Objective range  [1e-02, 2e-01]
  QObjective range [2e+00, 2e+00]
  Bounds range     [8e-05, 3e+00]
  RHS range        [8e-05, 1e+02]
  QRHS range       [1e-06, 1e-06]
Presolve removed 28 rows and 9 columns
Presolve time: 0.00s
Presolved: 463 rows, 462 columns, 1269 nonzeros
Presolved model has 178 SOS constraint(s)
Presolved model has 4 quadratic objective terms
Presolved model has 57 bilinear constraint(s)
Presolved model has 4 nonlinear constraint(s)
Warning: Model contains variables with very large bounds participating
         in nonlinear terms.
         Presolve was not able to compute smaller bounds for these variables.
         Consider bounding these variables or reformulating the model.


Solving non-convex MINLP

Variable types: 284 continuous, 178 integer (178 binary)

Root relaxation: objective 2.058065e-04, 455 iterations, 0.00 seconds (0.00 work units)

    Nodes    |    Current Node    |     Objective Bounds      |     Work
 Expl Unexpl |  Obj  Depth IntInf | Incumbent    BestBd   Gap | It/Node Time

     0     0    0.00021    0  119          -    0.00021      -     -    0s
     0     0    0.00021    0  119          -    0.00021      -     -    0s
     0     0    0.00021    0  119          -    0.00021      -     -    0s
     0     0    0.00021    0  119          -    0.00021      -     -    0s
     0     0    0.00021    0  119          -    0.00021      -     -    0s
     0     0    0.00021    0  119          -    0.00021      -     -    0s
     0     0    0.00021    0  121          -    0.00021      -     -    0s
     0     2    0.00021    0  121          -    0.00021      -     -    0s
 64815 27438    0.00021  162   41          -    0.00021      -   6.1    5s
 129980 45643    0.57468   87   51          -    0.00021      -   8.2   10s
 217627 53828    0.00084  142   32          -    0.00021      -   7.2   15s
 300019 70163    0.00021  178   26          -    0.00021      -   7.2   20s
 373867 82675 infeasible 1971               -    0.00021      -   9.5   25s
 447427 91139    0.00021  205   28          -    0.00021      -  11.3   30s
 519048 103682 infeasible  206               -    0.00021      -  12.5   35s
 590480 114860 infeasible  155               -    0.00021      -  13.5   40s
 667293 128240    0.00021  142   27          -    0.00021      -  14.3   45s
 738789 139480    0.00021  147   28          -    0.00021      -  15.0   50s
 810690 152084 infeasible  160               -    0.00021      -  15.4   55s
 885272 159939 infeasible  153               -    0.00021      -  15.8   60s
 959520 171076 infeasible  156               -    0.00021      -  16.3   65s
 1030471 182610 infeasible  187               -    0.00021      -  16.7   70s
 1097450 201454    0.00021  196   32          -    0.00021      -  16.7   75s
 1170063 212887    0.00021  179   33          -    0.00021      -  16.2   80s
 1204206 217101    0.00021  226   32          -    0.00021      -  16.0   86s
 1216044 217980 infeasible  257               -    0.00021      -  16.1   91s
 1224061 218974    0.00021  306   34          -    0.00021      -  16.3   96s
 1240306 219851    0.00021  290   35          -    0.00021      -  16.3  100s
 1260860 220841 infeasible  211               -    0.00021      -  16.4  106s
 1279390 221425 infeasible  240               -    0.00021      -  16.3  111s
 1291990 221872 infeasible  244               -    0.00021      -  16.3  116s
 1306761 222204 infeasible  241               -    0.00021      -  16.3  120s
 1321558 223363    0.00021  111   30          -    0.00021      -  16.4  125s
 1335046 227102    0.00021  363   40          -    0.00021      -  16.4  131s
 1347967 227720    0.00021  561   40          -    0.00021      -  16.6  135s
 1360956 228688 infeasible  591               -    0.00021      -  16.7  140s
 1379423 229040    0.00021  635   31          -    0.00021      -  16.7  145s
 1396594 229045    0.00021 1254   31          -    0.00021      -  16.6  150s
 1415683 229051 infeasible 2123               -    0.00021      -  16.5  155s
 1437217 229052    0.00021 3103   31          -    0.00021      -  16.3  160s
 1457882 229359 infeasible 4077               -    0.00021      -  16.2  165s
 1471082 230797 infeasible  560               -    0.00021      -  16.2  170s
 1487316 233934    0.00021  526   39          -    0.00021      -  16.2  175s
 1506289 237267    0.00021  566   40          -    0.00021      -  16.2  180s
 1519435 241571    0.00021  121   35          -    0.00021      -  16.2  185s
 1540859 244964 infeasible  182               -    0.00021      -  16.2  190s
 1560588 247880    0.00021  131   35          -    0.00021      -  16.1  195s
 1579690 250398 infeasible 1014               -    0.00021      -  16.0  200s
 1603942 252292 infeasible 2363               -    0.00021      -  15.9  206s
 1618232 255388    0.00084 3247   30          -    0.00021      -  16.0  210s
 1659291 263867    0.00021  310   36          -    0.00021      -  15.7  216s
 1667009 265376 infeasible  294               -    0.00021      -  15.7  220s
 1683610 268475    0.00021  305   37          -    0.00021      -  15.9  225s
 1766062 275245    0.00021  335   32          -    0.00021      -  15.3  230s
 1831927 279145 infeasible  310               -    0.00021      -  14.9  235s
 1913070 283298    0.00021  311   36          -    0.00021      -  14.3  240s
 1989295 289777    0.00021  169   33          -    0.00021      -  13.9  245s
 2027837 293826    0.00021  184   35          -    0.00021      -  13.7  250s
 2039210 295752    0.00021  298   35          -    0.00021      -  13.8  256s
 2051262 297630 infeasible  235               -    0.00021      -  13.8  260s
 2061337 299096 infeasible  223               -    0.00021      -  13.9  265s
 2077959 301043    0.00021  238   36          -    0.00021      -  14.1  271s
 2089603 302251 infeasible  244               -    0.00021      -  14.2  275s
 2107608 306860    0.00021  279   33          -    0.00021      -  14.4  281s
 2119175 310311 infeasible  235               -    0.00021      -  14.5  285s
 2139065 313036    0.00021  262   35          -    0.00021      -  14.5  290s
 2155992 317082    0.00021  272   32          -    0.00021      -  14.6  296s
 2171319 318732    0.00021  283   31          -    0.00021      -  14.6  300s
 2185106 319724    0.00021  140   36          -    0.00021      -  14.6  305s
 2195029 321349 infeasible  242               -    0.00021      -  14.6  310s
 2209895 322983 infeasible  231               -    0.00021      -  14.8  316s
 2222883 324904    0.00021  254   34          -    0.00021      -  14.9  320s
 2236598 326306    0.00021  274   36          -    0.00021      -  14.9  325s
 2326850 332940 infeasible  330               -    0.00021      -  14.5  330s
 2344842 334417    0.00021  309   36          -    0.00021      -  14.4  335s
 2354062 335525 infeasible  339               -    0.00021      -  14.5  340s
 2371840 336853 infeasible  231               -    0.00021      -  14.6  346s
 2422945 340061    0.00021  305   34          -    0.00021      -  14.4  350s
 2443744 340889    0.00021  306   34          -    0.00021      -  14.4  355s
 2522347 346932 infeasible  235               -    0.00021      -  14.0  360s
 2554862 351655    0.00084  167   28          -    0.00021      -  13.9  365s
 2611904 356623    0.00021  337   37          -    0.00021      -  13.8  370s
 2652396 360862    0.00021  325   36          -    0.00021      -  13.7  375s
 2684754 366178    0.00021  308   33          -    0.00021      -  13.6  381s
 2699398 368455 infeasible  272               -    0.00021      -  13.6  386s
 2709775 370241 infeasible  329               -    0.00021      -  13.6  391s
 2724287 371816    0.00021  342   33          -    0.00021      -  13.7  396s
 2740018 373524 infeasible  270               -    0.00021      -  13.7  400s
 2758207 375431 infeasible  291               -    0.00021      -  13.8  406s
 2777818 377314    0.00021  326   30          -    0.00021      -  13.8  411s
 2792147 379130 infeasible  288               -    0.00021      -  13.8  416s
 2807846 381055 infeasible  196               -    0.00021      -  13.8  421s
 2818064 382458    0.00021  332   34          -    0.00021      -  13.9  426s
 2834921 384824    0.00110  343   28          -    0.00021      -  13.9  430s
 2850109 386466 infeasible  205               -    0.00021      -  13.9  435s
 2863209 387731    0.00021  171   31          -    0.00021      -  14.0  440s
 2880189 388148    0.00021  701   30          -    0.00021      -  14.0  446s
 2897664 388303    0.00021 1271   30          -    0.00021      -  14.0  451s
 2909671 388306 infeasible 1666               -    0.00021      -  14.0  455s
 2925021 388365    0.00021 2187   30          -    0.00021      -  13.9  460s
 2940189 388580 infeasible 2718               -    0.00021      -  13.9  465s
 2954526 388844 infeasible 3190               -    0.00021      -  13.9  470s
 2971559 389028    0.00021 4019   30          -    0.00021      -  13.9  475s
 2988023 389505    0.00021  231   34          -    0.00021      -  13.9  480s
 3006713 390773 infeasible  261               -    0.00021      -  13.9  485s
 3023149 391599 infeasible  284               -    0.00021      -  13.9  490s
 3039554 392783    0.00084  267   34          -    0.00021      -  13.9  495s
 3055846 393886 infeasible  589               -    0.00021      -  14.0  501s
 3071566 394805 infeasible 1710               -    0.00021      -  14.0  505s
 3088615 395964    0.00021 3031   32          -    0.00021      -  14.1  510s
 3101717 396913 infeasible 3999               -    0.00021      -  14.2  515s
 3120257 398600    0.00084  167   25          -    0.00021      -  14.2  521s
 3137541 399526 infeasible  265               -    0.00021      -  14.3  525s
 3151749 400682 infeasible  286               -    0.00021      -  14.4  530s
 3170529 402035 infeasible  292               -    0.00021      -  14.5  535s
 3182124 402859 infeasible  281               -    0.00021      -  14.6  540s
 3195246 404211    0.00021  302   35          -    0.00021      -  14.7  545s
 3207762 405880    0.00021  281   35          -    0.00021      -  14.9  550s
 3224440 407584 infeasible  321               -    0.00021      -  15.0  555s
 3236903 408222    0.00021  297   34          -    0.00021      -  15.1  560s
 3244307 408517    0.00021  314   34          -    0.00021      -  15.4  565s
 3249469 408788    0.00110  323   25          -    0.00021      -  15.7  570s
 3252884 409083 infeasible  328               -    0.00021      -  16.0  576s
 3255179 409172  postponed  352               -    0.00021      -  16.3  580s
 3255750 409268  postponed  354               -    0.00021      -  16.7  586s
 3255878 409295  postponed  355               -    0.00021      -  17.1  591s
 3255908 409311  postponed  356               -    0.00021      -  17.4  595s
 3255957 409331  postponed  358               -    0.00021      -  17.8  601s
 3256001 409346  postponed  359               -    0.00021      -  18.1  605s
 3256052 409364  postponed  355               -    0.00021      -  18.5  610s
 3256112 409383  postponed  357               -    0.00021      -  18.9  616s
 3256163 409402  postponed  363               -    0.00021      -  19.3  621s
 3256194 409418  postponed  361               -    0.00021      -  19.6  625s
 3256248 409438 infeasible  365               -    0.00021      -  20.0  630s
 3256298 409455 infeasible  369               -    0.00021      -  20.4  636s
 3256355 409465 infeasible  371               -    0.00021      -  20.8  641s
 3256401 409470 infeasible  373               -    0.00021      -  21.1  646s
 3256470 409479 infeasible  375               -    0.00021      -  21.4  652s
 3256493 409481 infeasible  376               -    0.00021      -  21.6  655s
 3256598 409491 infeasible  379               -    0.00021      -  22.0  662s
 3256621 409489 infeasible  380               -    0.00021      -  22.2  665s
 3256810 409522 infeasible  383               -    0.00021      -  22.5  671s
 3256902 409544  postponed  359               -    0.00021      -  22.7  675s
 3257078 409578  postponed  362               -    0.00021      -  23.2  682s
 3257130 409593  postponed  363               -    0.00021      -  23.4  686s
 3257191 409604  postponed  364               -    0.00021      -  23.6  690s
 3257374 409631  postponed  366               -    0.00021      -  24.1  698s
 3257523 409645  postponed  367               -    0.00021      -  24.4  701s
 3257595 409652 infeasible  363               -    0.00021      -  24.6  705s
 3257756 409658  postponed  372               -    0.00021      -  25.1  713s
 3257806 409665 infeasible  373               -    0.00021      -  25.4  717s
 3257847 409672 infeasible  375               -    0.00021      -  25.7  721s
 3257937 409679 infeasible  379               -    0.00021      -  26.2  728s
 3257977 409682 infeasible  381               -    0.00021      -  26.5  732s
 3258022 409690 infeasible  383               -    0.00021      -  26.8  736s
 3258062 409720    0.01252  385   28          -    0.00021      -  27.0  741s
 3258634 409735  postponed  353               -    0.00021      -  27.3  745s
 3258768 409739  postponed  355               -    0.00021      -  27.8  753s
 3258853 409749  postponed  356               -    0.00021      -  28.1  757s
 3259019 409759 infeasible  357               -    0.00021      -  28.4  762s
 3259061 409765  postponed  358               -    0.00021      -  28.7  766s
 3259123 409771 infeasible  359               -    0.00021      -  29.0  771s
 3259223 409795  postponed  355               -    0.00021      -  29.3  777s
 3259319 409802  postponed  355               -    0.00021      -  29.6  782s
 3259402 409811  postponed  361               -    0.00021      -  29.9  787s
 3259453 409816  postponed  360               -    0.00021      -  30.3  793s
 3259516 409819  postponed  363               -    0.00021      -  30.7  798s
 3259601 409831  postponed  365               -    0.00021      -  31.1  804s
 3259661 409886  postponed  366               -    0.00021      -  31.5  810s
 3260734 409923  postponed  368               -    0.00021      -  31.8  816s
 3261173 409972  postponed  369               -    0.00021      -  32.2  822s
 3262348 409983 infeasible  371               -    0.00021      -  32.6  828s
 3262423 410020 infeasible  374               -    0.00021      -  33.0  835s
 3262636 410041 infeasible  377               -    0.00021      -  33.5  842s
 3262703 410059 infeasible  380               -    0.00021      -  34.0  849s
 3262835 410117 infeasible  313               -    0.00021      -  34.4  856s
 3263161 410147  postponed  357               -    0.00021      -  35.0  863s
 3263227 410170  postponed  359               -    0.00021      -  35.5  871s
 3263314 410168  postponed  361               -    0.00021      -  36.1  879s
 3263436 410190  postponed  363               -    0.00021      -  36.6  887s
 3263512 410201  postponed  360               -    0.00021      -  37.2  894s
 3263599 410241 infeasible  364               -    0.00021      -  37.7  903s
 3264207 410256 infeasible  370               -    0.00021      -  38.3  912s
 3264386 410391  postponed  373               -    0.00021      -  39.0  922s
 3265571 410389  postponed  376               -    0.00021      -  39.6  931s
 3266723 410412 infeasible  373               -    0.00021      -  40.2  941s
 3267826 410420 infeasible  383               -    0.00021      -  40.9  952s
 3269506 410447 infeasible  359               -    0.00021      -  41.6  962s
 3270607 410468 infeasible  362               -    0.00021      -  42.3  972s
 3271718 410486  postponed  365               -    0.00021      -  43.0  983s
 3272864 410505 infeasible  368               -    0.00021      -  43.8  995s
 3274019 410520 infeasible  372               -    0.00021      -  44.6 1007s
 3274224 410526 infeasible  378               -    0.00021      -  45.5 1020s
 3274642 410567  postponed  356               -    0.00021      -  46.3 1034s
 3274827 410626  postponed  360               -    0.00021      -  47.4 1048s
 3275112 410650 infeasible  361               -    0.00021      -  48.4 1063s
 3275312 410674  postponed  370               -    0.00021      -  49.6 1079s
 3275522 410739  postponed  374               -    0.00021      -  50.8 1096s
 3276167 410764    0.00485  382   28          -    0.00021      -  51.9 1112s
 3277458 410774  postponed  362               -    0.00021      -  53.2 1130s
 3278756 410810 infeasible  365               -    0.00021      -  54.4 1147s
 3280996 410827 infeasible  374               -    0.00021      -  55.5 1163s
 3283241 410862 infeasible  361               -    0.00021      -  56.6 1179s
 3285422 410879  postponed  368               -    0.00021      -  57.6 1193s
 3287603 410874 infeasible  375               -    0.00021      -  58.6 1207s
 3289806 410883  postponed  355               -    0.00021      -  59.5 1221s
 3291631 410942  postponed  359               -    0.00021      -  60.4 1235s
 3293432 410947 infeasible  362               -    0.00021      -  61.4 1249s
 3295427 410947 infeasible  366               -    0.00021      -  62.3 1262s
 3296641 410972  postponed  370               -    0.00021      -  63.2 1276s
 3297830 410997  postponed  374               -    0.00021      -  64.2 1290s
 3299029 411016 infeasible  381               -    0.00021      -  65.1 1305s
 3300382 411007 infeasible  377               -    0.00021      -  66.1 1320s
 3301731 411037  postponed  369               -    0.00021      -  67.2 1336s
 3303299 411234  postponed  375               -    0.00021      -  68.3 1352s
 3304564 411288 infeasible  360               -    0.00021      -  69.4 1372s
 3305266 411373  postponed  365               -    0.00021      -  70.6 1390s
 3306781 411394  postponed  369               -    0.00021      -  71.8 1407s
 3308074 411525 infeasible  377               -    0.00021      -  73.1 1426s
 3309975 412275 infeasible  360               -    0.00021      -  74.3 1440s
 3318119 412952 infeasible  327               -    0.00021      -  74.7 1446s
 3329282 413452  postponed  371               -    0.00021      -  74.6 1450s
 3344920 414113 infeasible  374               -    0.00021      -  74.3 1455s
 3355868 414605 infeasible  378               -    0.00021      -  74.1 1461s
 3363063 414737 infeasible  381               -    0.00021      -  73.9 1465s
 3369991 414847    0.00485  384   31          -    0.00021      -  73.8 1470s
 3385383 415165 infeasible  224               -    0.00021      -  73.5 1475s
 3400795 415246    0.01050  885   32          -    0.00021      -  73.2 1480s
 3417390 415332 infeasible 1605               -    0.00021      -  72.8 1485s
 3433791 415467 infeasible 2311               -    0.00021      -  72.5 1490s
 3513881 416150 infeasible 1490               -    0.00021      -  70.8 1495s
 3616470 416608    0.00021  610   32          -    0.00021      -  68.8 1500s
 3714378 416967    0.00021  568   30          -    0.00021      -  67.0 1505s
 3809896 417403    0.00021 4212   30          -    0.00021      -  65.3 1510s
 3905489 417751    0.00021 3202   30          -    0.00021      -  63.7 1515s
 4002983 418204    0.00021 2116   32          -    0.00021      -  62.2 1520s
 4093160 418662 infeasible 1070               -    0.00021      -  60.8 1525s
 4189998 420074    0.00084  141   31          -    0.00021      -  59.5 1530s
 4283351 421676    0.00021 4057   34          -    0.00021      -  58.2 1535s
 4379203 422991 infeasible 3169               -    0.00021      -  56.9 1540s
 4480258 423606 infeasible 2486               -    0.00021      -  55.6 1545s
 4577250 424519    0.00021 2201   33          -    0.00021      -  54.5 1550s
 4678272 425263    0.00021 1300   35          -    0.00021      -  53.3 1555s
 4781845 425846    0.00021  322   32          -    0.00021      -  52.1 1560s
 4883430 426079    0.00021 4091   32          -    0.00021      -  51.1 1565s
 4985946 426348    0.00021 3067   34          -    0.00021      -  50.0 1570s
 5098122 426824    0.00021 3097   33          -    0.00021      -  48.9 1575s
 5219513 427071    0.00021 3671   33          -    0.00021      -  47.8 1580s
 5338940 427448 infeasible 4064               -    0.00021      -  46.7 1585s
 5460241 427808    0.00021 4703   33          -    0.00021      -  45.7 1590s
 5582484 428043    0.00021  713   33          -    0.00021      -  44.7 1595s
 5706180 428235 infeasible 1384               -    0.00021      -  43.7 1600s
 5829701 428476 infeasible 2065               -    0.00021      -  42.8 1605s
 5951146 428682 infeasible 2668               -    0.00021      -  41.9 1610s
 6073265 428856    0.00021 3310   32          -    0.00021      -  41.1 1615s
 6195076 429096    0.00021 3743   33          -    0.00021      -  40.3 1620s
 6317251 429328 infeasible 4212               -    0.00021      -  39.5 1625s
 6438798 429713    0.00021  385   32          -    0.00021      -  38.7 1630s
 6559954 430349    0.00021 1059   33          -    0.00021      -  38.0 1635s
 6645929 430590 infeasible 4689               -    0.00021      -  37.5 1640s
 6765982 430983 infeasible  649               -    0.00021      -  36.9 1645s
 6843256 431538    0.00021 3977   33          -    0.00021      -  36.5 1650s
 6897971 432158    0.00021 1545   33          -    0.00021      -  36.2 1655s
 6956098 432456 infeasible 4014               -    0.00021      -  35.9 1660s
 7025281 432899 infeasible 1960               -    0.00021      -  35.6 1665s
 7127293 434305 infeasible  225               -    0.00021      -  35.1 1670s
 7224498 437731 infeasible 3705               -    0.00021      -  34.6 1675s
 7318440 445483 infeasible  186               -    0.00021      -  34.2 1680s
 7329199 446726 infeasible  167               -    0.00021      -  34.2 1685s
 7341696 448532 infeasible  171               -    0.00021      -  34.2 1690s
 7360635 450643    0.00021  155   32          -    0.00021      -  34.1 1695s
 7372962 452353    0.00084  172   29          -    0.00021      -  34.1 1701s
 7382413 452747 infeasible  224               -    0.00021      -  34.1 1705s
 7393363 453517    0.00021  331   37          -    0.00021      -  34.1 1710s
 7404316 454689    0.00021  220   38          -    0.00021      -  34.1 1716s
 7416666 455536    0.00021  243   32          -    0.00021      -  34.1 1720s
 7432883 457296  postponed  255               -    0.00021      -  34.2 1726s
 7444437 458296 infeasible  255               -    0.00021      -  34.2 1731s
 7457808 461225    0.00485  257   36          -    0.00021      -  34.2 1736s
 7474656 464388 infeasible  256               -    0.00021      -  34.2 1741s
 7486314 466705    0.00021  257   33          -    0.00021      -  34.2 1745s
 7508303 469491 infeasible  294               -    0.00021      -  34.2 1750s
 7524158 471340 infeasible  291               -    0.00021      -  34.2 1755s
 7550453 472733    0.00021  187   33          -    0.00021      -  34.1 1760s
 7625265 478770    0.00021  351   36          -    0.00021      -  33.8 1765s
 7683818 485026 infeasible  229               -    0.00021      -  33.6 1770s
 7695383 486624    0.00021  334   33          -    0.00021      -  33.6 1775s
 7727430 489045 infeasible  383               -    0.00021      -  33.5 1780s
 7751013 491851    0.00021  321   34          -    0.00021      -  33.4 1786s
 7763766 493123    0.00021  305   40          -    0.00021      -  33.4 1791s
 7766142 493615    0.00021  345   31          -    0.00021      -  33.4 1795s
 7774098 494932    0.00021  312   47          -    0.00021      -  33.4 1800s
 7804322 499459    0.00110  353   26          -    0.00021      -  33.3 1806s
 7867183 508321    0.00021  347   32          -    0.00021      -  33.1 1810s
 7942258 518767 infeasible  156               -    0.00021      -  32.8 1815s
 8002556 522684    0.00021  152   35          -    0.00021      -  32.6 1820s
 8106806 525806    0.00021  156   44          -    0.00021      -  32.2 1825s
 8207539 528552 infeasible  177               -    0.00021      -  31.9 1830s
 8298425 533310 infeasible  144               -    0.00021      -  31.6 1835s
 8342154 535660    0.00021  160   34          -    0.00021      -  31.4 1840s
 8350347 535919    0.00021  172   31          -    0.00021      -  31.4 1845s
 8363192 536311    0.00021  195   34          -    0.00021      -  31.4 1850s
 8371033 536873    0.00021  206   25          -    0.00021      -  31.4 1855s
 8393118 537887 infeasible  206               -    0.00021      -  31.3 1860s
 8426910 539441    0.00021  160   35          -    0.00021      -  31.3 1865s
 8471245 541834 infeasible  169               -    0.00021      -  31.1 1870s
 8547025 548375    0.00021  167   35          -    0.00021      -  30.9 1876s
 8596400 552880 infeasible  152               -    0.00021      -  30.8 1880s
 8660392 558665    0.00021  179   32          -    0.00021      -  30.6 1885s
 8705218 563666    0.00021  239   30          -    0.00021      -  30.5 1891s
 8712159 563895    0.00021  233   45          -    0.00021      -  30.5 1896s
 8722842 564241 infeasible  235               -    0.00021      -  30.5 1900s
 8737355 564956    0.00021  137   35          -    0.00021      -  30.5 1905s
 8760487 565955    0.00021  231   45          -    0.00021      -  30.5 1911s
 8778834 569061 infeasible  210               -    0.00021      -  30.5 1915s
 8789115 570134 infeasible  158               -    0.00021      -  30.5 1920s
 8799601 571830    0.00021  259   47          -    0.00021      -  30.5 1925s
 8808688 573017 infeasible  264               -    0.00021      -  30.5 1932s
 8814400 573495 infeasible  266               -    0.00021      -  30.6 1936s
 8823249 574605 infeasible  266               -    0.00021      -  30.6 1941s
 8827610 576246  postponed  268               -    0.00021      -  30.7 1946s
 8833548 576753 infeasible  269               -    0.00021      -  30.7 1951s
 8838178 577390 infeasible  269               -    0.00021      -  30.8 1956s
 8842589 578683 infeasible  271               -    0.00021      -  30.9 1962s
 8846339 579055  postponed  271               -    0.00021      -  30.9 1965s
 8849405 579535 infeasible  272               -    0.00021      -  31.0 1971s
 8852399 580639    0.00021  273   40          -    0.00021      -  31.1 1977s
 8856885 581199 infeasible  291               -    0.00021      -  31.2 1980s
 8861357 581927    0.00021  274   44          -    0.00021      -  31.2 1986s
 8864201 582509    0.00021  295   30          -    0.00021      -  31.3 1990s
 8872454 584336 infeasible  353               -    0.00021      -  31.3 1995s
 8877978 585509    0.00021  276   44          -    0.00021      -  31.4 2001s
 8885495 586152    0.00021  277   49          -    0.00021      -  31.4 2007s
 8894969 588771    0.00021  279   33          -    0.00021      -  31.5 2012s
 8904066 590496 infeasible  280               -    0.00021      -  31.5 2016s
 8917796 592913    0.00021  285   28          -    0.00021      -  31.5 2021s
 8932169 595153    0.00021  289   30          -    0.00021      -  31.5 2025s
 8944407 597187    0.00047  279   29          -    0.00021      -  31.5 2031s
 8957198 598247 infeasible  280               -    0.00021      -  31.5 2035s
 8970224 600840    0.00021  291   29          -    0.00021      -  31.6 2041s
 8988456 602828    0.00110  309   22          -    0.00021      -  31.5 2045s
 9033519 609199 infeasible  308               -    0.00021      -  31.4 2050s
 9079638 615568 infeasible  316               -    0.00021      -  31.3 2056s
 9087868 616623 infeasible  302               -    0.00021      -  31.3 2060s
 9096931 618711    0.00021  303   47          -    0.00021      -  31.3 2065s
 9109985 620763 infeasible  308               -    0.00021      -  31.3 2071s
 9122748 622787  postponed  308               -    0.00021      -  31.2 2076s
 9127922 623748 infeasible  309               -    0.00021      -  31.2 2080s
 9143854 625266    0.00084  318   32          -    0.00021      -  31.2 2085s
 9179412 630712    0.00021  327   35          -    0.00021      -  31.1 2091s
 9213379 635494    0.00021  139   33          -    0.00021      -  31.0 2096s
 9276389 642259    0.00021  142   29          -    0.00021      -  30.8 2100s
 9357664 650524    0.00021  132   33          -    0.00021      -  30.6 2105s
 9418015 658197 infeasible  165               -    0.00021      -  30.4 2110s
 9430107 659572    0.00021  162   33          -    0.00021      -  30.4 2115s
 9442965 661923    0.00021  197   36          -    0.00021      -  30.4 2121s
 9459894 663993    0.00021  274   39          -    0.00021      -  30.4 2125s
 9478602 665561    0.00021  324   38          -    0.00021      -  30.4 2130s
 9495109 666383 infeasible  319               -    0.00021      -  30.4 2135s
 9572902 671712 infeasible  144               -    0.00021      -  30.2 2140s
 9659036 679360 infeasible  271               -    0.00021      -  29.9 2145s
 9671558 680810    0.00084  263   33          -    0.00021      -  29.9 2150s
 9673323 680986 infeasible  266               -    0.00021      -  30.0 2156s
 9674720 681112  postponed  266               -    0.00021      -  30.1 2160s
 9675522 681206  postponed  268               -    0.00021      -  30.2 2166s
 9675918 681224 infeasible  269               -    0.00021      -  30.3 2170s
 9676222 681263 infeasible  270               -    0.00021      -  30.3 2175s
 9676363 681391  postponed  271               -    0.00021      -  30.5 2181s
 9677482 681544  postponed  269               -    0.00021      -  30.6 2186s
 9678187 681615    0.00084  274   45          -    0.00021      -  30.6 2190s
 9679416 681681 infeasible  286               -    0.00021      -  30.8 2196s
 9680259 681867  postponed  286               -    0.00021      -  30.8 2200s
 9681371 681933  postponed  287               -    0.00021      -  30.9 2205s
 9681562 682015 infeasible  290               -    0.00021      -  31.1 2212s
 9682319 682158 infeasible  291               -    0.00021      -  31.2 2215s
 9683415 682327 infeasible  293               -    0.00021      -  31.4 2220s
 9684799 682490 infeasible  276               -    0.00021      -  31.5 2226s
 9685552 682618  postponed  278               -    0.00021      -  31.7 2232s
 9685942 682619  postponed  279               -    0.00021      -  31.8 2236s
 9685997 682665  postponed  280               -    0.00021      -  31.9 2240s
 9686929 682847 infeasible  283               -    0.00021      -  32.1 2248s
 9687981 683035 infeasible  274               -    0.00021      -  32.2 2253s
 9689403 683153  postponed  274               -    0.00021      -  32.3 2257s
 9689909 683228  postponed  275               -    0.00021      -  32.4 2262s
 9690236 683464  postponed  276               -    0.00021      -  32.5 2266s
 9691408 683530  postponed  277               -    0.00021      -  32.7 2271s
 9692046 683613  postponed  278               -    0.00021      -  32.8 2276s
 9692717 683625  postponed  279               -    0.00021      -  32.9 2282s
 9692903 683651  postponed  277               -    0.00021      -  33.1 2287s
 9693039 683832    0.00084  282   33          -    0.00021      -  33.2 2294s
 9694054 683968 infeasible  279               -    0.00021      -  33.4 2301s
 9694756 684209  postponed  280               -    0.00021      -  33.6 2307s
 9695873 684287 infeasible  282               -    0.00021      -  33.7 2315s
 9696601 684382  postponed  283               -    0.00021      -  33.9 2322s
 9697040 684608 infeasible  282               -    0.00021      -  34.1 2330s
 9698070 684671    0.00084  287   35          -    0.00021      -  34.3 2339s
 9698711 684755 infeasible  282               -    0.00021      -  34.5 2348s
 9699087 684810 infeasible  285               -    0.00021      -  34.8 2357s
 9699590 685042 infeasible  283               -    0.00021      -  35.1 2367s
 9700716 685140  postponed  286               -    0.00021      -  35.3 2377s
 9701560 685232 infeasible  282               -    0.00021      -  35.6 2388s
 9702286 685325 infeasible  286               -    0.00021      -  35.9 2400s
 9702865 685639 infeasible  274               -    0.00021      -  36.3 2412s
 9704937 685896  postponed  278               -    0.00021      -  36.6 2425s
 9706728 685996 infeasible  299               -    0.00021      -  37.0 2436s
 9707508 686155  postponed  302               -    0.00021      -  37.4 2449s
 9708569 686252 infeasible  305               -    0.00021      -  37.8 2463s
 9709312 686574 infeasible  308               -    0.00021      -  38.2 2477s
 9711542 686814 infeasible  285               -    0.00021      -  38.6 2490s
 9713242 686966  postponed  287               -    0.00021      -  39.0 2504s
 9714476 687105  postponed  283               -    0.00021      -  39.4 2519s
 9715565 687314  postponed  286               -    0.00021      -  39.9 2534s
 9717138 687515    0.00021  274   33          -    0.00021      -  40.3 2550s
 9718683 687731 infeasible  293               -    0.00021      -  40.8 2566s
 9719807 688195 infeasible  285               -    0.00021      -  41.3 2583s
 9722101 688408  postponed  288               -    0.00021      -  41.8 2599s
 9723430 688658    0.00084  295   34          -    0.00021      -  42.4 2616s
 9725086 688847 infeasible  282               -    0.00021      -  42.9 2632s
 9726393 689254 infeasible  299               -    0.00021      -  43.4 2651s
 9729322 689565  postponed  280               -    0.00021      -  44.0 2667s
 9730843 689788 infeasible  269               -    0.00021      -  44.5 2683s
 9732262 690100 infeasible  272               -    0.00021      -  45.0 2700s
 9734328 690245  postponed  272               -    0.00021      -  45.4 2717s
 9735275 690413  postponed  271               -    0.00021      -  45.9 2734s
 9736305 690575 infeasible  275               -    0.00021      -  46.3 2752s
 9737523 690655  postponed  280               -    0.00021      -  46.9 2771s
 9738375 690771 infeasible  279               -    0.00021      -  47.4 2792s
 9739429 690931  postponed  283               -    0.00021      -  48.0 2814s
 9740919 691182  postponed  285               -    0.00021      -  48.7 2836s
 9742398 691482  postponed  287               -    0.00021      -  49.4 2859s
 9744200 691782 infeasible  292               -    0.00021      -  50.2 2882s
 9746210 692351  postponed  284               -    0.00021      -  50.9 2905s
 9749515 692533  postponed  295               -    0.00021      -  51.5 2925s
 9750839 692788  postponed  280               -    0.00021      -  52.1 2945s
 9752864 693137 infeasible  281               -    0.00021      -  52.7 2965s
 9755309 693499 infeasible  286               -    0.00021      -  53.3 2983s
 9757567 693886 infeasible  293               -    0.00021      -  53.9 3001s
 9760566 694079    0.00021  224   31          -    0.00021      -  54.4 3019s
 9762133 694296 infeasible  282               -    0.00021      -  54.9 3035s
 9763522 694544  postponed  296               -    0.00021      -  55.4 3052s
 9765274 694855  postponed  286               -    0.00021      -  55.9 3069s
 9766945 695033    0.00084  285   32          -    0.00021      -  56.3 3087s
 9768255 695364 infeasible  293               -    0.00021      -  56.9 3105s
 9770542 695832 infeasible  278               -    0.00021      -  57.4 3122s
 9773366 696490 infeasible  293               -    0.00021      -  57.9 3136s
 9780010 697105  postponed  294               -    0.00021      -  58.3 3143s
 9787593 698154  postponed  298               -    0.00021      -  58.3 3148s
 9796798 698478 infeasible  300               -    0.00021      -  58.3 3150s
 9805114 699196    0.00084  293   32          -    0.00021      -  58.3 3156s
 9811011 700132 infeasible  296               -    0.00021      -  58.3 3160s
 9818287 701359 infeasible  298               -    0.00021      -  58.3 3166s
 9823219 701966 infeasible  299               -    0.00021      -  58.3 3170s
 9830766 702825  postponed  300               -    0.00021      -  58.3 3175s
 9838842 703561 infeasible  302               -    0.00021      -  58.3 3181s
 9849714 704234 infeasible  299               -    0.00021      -  58.2 3185s
 9866634 704690 infeasible 1042               -    0.00021      -  58.1 3190s
 9883699 704690 infeasible 1743               -    0.00021      -  58.0 3195s
 9898228 704690 infeasible 2340               -    0.00021      -  58.0 3200s
 9914444 704720 infeasible 3024               -    0.00021      -  57.9 3205s
 9941044 704716    0.00021 4124   32          -    0.00021      -  57.7 3210s
 10059051 705552    0.00021 3223   35          -    0.00021      -  57.0 3215s
 10174672 706915    0.00021 2259   33          -    0.00021      -  56.4 3220s
 10282874 707716 infeasible 1896               -    0.00021      -  55.8 3225s
 10393940 708615 infeasible 1647               -    0.00021      -  55.2 3230s
 10499581 710690    0.00021  260   32          -    0.00021      -  54.7 3235s
 10611414 711543 infeasible 4168               -    0.00021      -  54.1 3240s
 10666229 712503 infeasible  252               -    0.00021      -  53.8 3245s
 10772727 713401 infeasible 3879               -    0.00021      -  53.3 3250s
 10876379 714503 infeasible 3669               -    0.00021      -  52.8 3255s
 10987885 715318 infeasible 3759               -    0.00021      -  52.2 3260s
 11097352 716867    0.00021 3925   34          -    0.00021      -  51.7 3265s
 11194978 722571 infeasible  286               -    0.00021      -  51.3 3270s
 11279215 729866    0.00021 1152   33          -    0.00021      -  50.9 3275s
 11386928 730264 infeasible  989               -    0.00021      -  50.5 3280s
 11500430 730804 infeasible 1176               -    0.00021      -  50.0 3285s
 11616863 731282    0.00021 1478   35          -    0.00021      -  49.5 3290s
 11731015 731711    0.00021 1795   31          -    0.00021      -  49.0 3295s
 11848134 732130    0.00021 2099   35          -    0.00021      -  48.5 3300s
 11966096 732387    0.00021 2493   32          -    0.00021      -  48.0 3305s
 12081465 732556 infeasible 2847               -    0.00021      -  47.6 3310s
 12197121 732836    0.00021 3171   33          -    0.00021      -  47.1 3315s
 12313479 733228 infeasible 3474               -    0.00021      -  46.7 3320s
 12429101 733454    0.00021 3878   32          -    0.00021      -  46.2 3325s
 12545780 733850 infeasible 4250               -    0.00021      -  45.8 3330s
 12661449 735014    0.00021 4521   31          -    0.00021      -  45.4 3335s
 12778781 735289 infeasible  187               -    0.00021      -  45.0 3340s
 12894620 735978    0.00021 1341   35          -    0.00021      -  44.6 3345s
 13008397 736273 infeasible 1654               -    0.00021      -  44.2 3350s
 13125893 736807 infeasible 2112               -    0.00021      -  43.8 3355s
 13235060 738973 infeasible  259               -    0.00021      -  43.4 3360s
 13325599 746243    0.00021  286   34          -    0.00021      -  43.2 3365s
 13421557 750656    0.00021 3143   34          -    0.00021      -  42.9 3370s
 13539715 751225 infeasible 3270               -    0.00021      -  42.5 3375s
 13655183 751848 infeasible 3476               -    0.00021      -  42.1 3380s
 13771220 752317    0.00021 3163   33          -    0.00021      -  41.8 3385s
 13884913 753167 infeasible 3734               -    0.00021      -  41.4 3390s
 13995821 754289    0.00103 1108   18          -    0.00021      -  41.1 3395s
 14105304 755113 infeasible 2281               -    0.00021      -  40.8 3400s
 14214761 755999    0.00103 3298   16          -    0.00021      -  40.5 3405s
 14323374 757846 infeasible 4224               -    0.00021      -  40.2 3410s
 14436034 758825 infeasible 2570               -    0.00021      -  39.9 3415s
 14552921 759724 infeasible 3056               -    0.00021      -  39.6 3420s
 14667179 760468 infeasible 3758               -    0.00021      -  39.3 3425s
 14775698 764152    0.00021  217   36          -    0.00021      -  39.0 3430s
 14873404 768221    0.00021  239   34          -    0.00021      -  38.7 3435s
 14904884 770204    0.00021  268   33          -    0.00021      -  38.7 3440s
 14980347 778168    0.00021  246   32          -    0.00021      -  38.5 3445s
 15090290 779895 infeasible 4342               -    0.00021      -  38.2 3450s
 15205669 780612    0.00021  219   34          -    0.00021      -  37.9 3455s
 15319063 781156 infeasible  489               -    0.00021      -  37.7 3460s
 15432857 782266 infeasible  823               -    0.00021      -  37.4 3465s
 15545403 783655 infeasible 1112               -    0.00021      -  37.1 3470s
 15654059 786679 infeasible  656               -    0.00021      -  36.9 3475s
 15729233 793644 infeasible  293               -    0.00021      -  36.7 3480s
 15839583 794270 infeasible 3567               -    0.00021      -  36.5 3485s
 15953148 795113    0.00021 3396   34          -    0.00021      -  36.2 3490s
 16069935 795567    0.00021 3362   33          -    0.00021      -  36.0 3495s
 16185469 795988    0.00021 3692   33          -    0.00021      -  35.7 3500s
 16298632 796774 infeasible 3603               -    0.00021      -  35.4 3505s
 16410670 798386 infeasible 2042               -    0.00021      -  35.2 3510s
 16519604 800277    0.00021 1385   33          -    0.00021      -  35.0 3515s
 16629970 802562    0.00021  213   31          -    0.00021      -  34.8 3520s
 16741331 804828 infeasible  256               -    0.00021      -  34.5 3525s
 16855420 805539 infeasible 1167               -    0.00021      -  34.3 3530s
 16972173 805897    0.00021 1176   30          -    0.00021      -  34.1 3535s
 17092764 806305 infeasible 1737               -    0.00021      -  33.8 3540s
 17209749 807311 infeasible  691               -    0.00021      -  33.6 3545s
 17326532 807551    0.00021 1174   31          -    0.00021      -  33.4 3550s
 17444106 808007    0.00021 1374   32          -    0.00021      -  33.1 3555s
 17561535 808296 infeasible 1730               -    0.00021      -  32.9 3560s
 17681458 808590    0.00021 2322   31          -    0.00021      -  32.7 3565s
 17799530 808829 infeasible 2271               -    0.00021      -  32.5 3570s
 17915417 809182 infeasible 2602               -    0.00021      -  32.3 3575s
 18033257 809471 infeasible 2985               -    0.00021      -  32.1 3580s
 18114719 809654 infeasible 1910               -    0.00021      -  31.9 3585s
 18123144 809664 infeasible 2304               -    0.00021      -  31.9 3590s
 18132703 809760 infeasible 2753               -    0.00021      -  31.9 3595s
 18216909 809957 infeasible 1886               -    0.00021      -  31.8 3600s

Cutting planes:
  Flow cover: 4

Explored 18218789 nodes (578591214 simplex iterations) in 3600.01 seconds (2672.36 work units)
Thread count was 12 (of 12 available processors)

Solution count 0

Time limit reached
Best objective -, best bound 2.058065039989e-04, gap -
