
Gurobi 11.0.2 (win64) logging started Wed Oct  2 09:19:00 2024

Set parameter LogFile to value ".\Experiments\Track_k_e_2\Logs\track_k_e_2_r4_c10.log"
Set parameter TimeLimit to value 3600
Gurobi Optimizer version 11.0.2 build v11.0.2rc0 (win64 - Windows 10.0 (19045.2))

CPU model: Intel(R) Core(TM) i7-10750H CPU @ 2.60GHz, instruction set [SSE2|AVX|AVX2]
Thread count: 6 physical cores, 12 logical processors, using up to 12 threads

Optimize a model with 264 rows, 462 columns and 968 nonzeros
Model fingerprint: 0xeecc0fc8
Model has 6 quadratic objective terms
Model has 68 quadratic constraints
Model has 116 general constraints
Variable types: 458 continuous, 4 integer (4 binary)
Coefficient statistics:
  Matrix range     [9e-06, 1e+02]
  QMatrix range    [1e+00, 1e+00]
  QLMatrix range   [1e+00, 1e+00]
  Objective range  [1e-02, 2e-01]
  QObjective range [2e+00, 2e+00]
  Bounds range     [8e-05, 9e+01]
  RHS range        [8e-05, 1e+02]
  QRHS range       [1e-06, 1e-06]
Presolve added 36 rows and 0 columns
Presolve removed 0 rows and 73 columns
Presolve time: 0.01s
Presolved: 541 rows, 398 columns, 1505 nonzeros
Presolved model has 50 SOS constraint(s)
Presolved model has 4 quadratic objective terms
Presolved model has 57 bilinear constraint(s)
Presolved model has 4 nonlinear constraint(s)
Warning: Model contains variables with very large bounds participating
         in nonlinear terms.
         Presolve was not able to compute smaller bounds for these variables.
         Consider bounding these variables or reformulating the model.


Solving non-convex MINLP

Variable types: 284 continuous, 114 integer (114 binary)

Root relaxation: objective 2.058065e-04, 417 iterations, 0.00 seconds (0.00 work units)

    Nodes    |    Current Node    |     Objective Bounds      |     Work
 Expl Unexpl |  Obj  Depth IntInf | Incumbent    BestBd   Gap | It/Node Time

     0     0    0.00021    0   44          -    0.00021      -     -    0s
     0     0    0.00021    0   74          -    0.00021      -     -    0s
     0     0    0.00021    0   92          -    0.00021      -     -    0s
     0     0    0.00021    0   99          -    0.00021      -     -    0s
     0     0    0.00021    0   93          -    0.00021      -     -    0s
     0     0    0.00021    0   95          -    0.00021      -     -    0s
     0     0    0.00021    0   93          -    0.00021      -     -    0s
     0     2    0.00021    0   93          -    0.00021      -     -    0s
 17428  6548    0.00381   54   31          -    0.00021      -  46.0    5s
 36690 13038    0.00021   62   69          -    0.00021      -  47.3   10s
*42950  9307              92       0.0017526    0.00021  88.3%  45.9   11s
H50299 10983                       0.0017526    0.00021  88.3%  44.0   14s
H52110 11832                       0.0017526    0.00021  88.3%  43.6   14s
 53739 12647    0.00021   55   50    0.00175    0.00021  88.3%  43.1   15s
H55112 12647                       0.0017526    0.00021  88.3%  42.7   15s
 66805 16290 infeasible   71         0.00175    0.00021  88.3%  40.9   20s
H68682 15294                       0.0008381    0.00021  75.4%  40.7   21s
 79632 19231 infeasible   57         0.00084    0.00021  75.4%  39.3   25s
 94453 23667    0.00021   69   59    0.00084    0.00021  75.4%  37.9   30s
H98707 24344                       0.0008381    0.00021  75.4%  37.3   31s
H106250 26252                       0.0008381    0.00021  75.4%  36.5   34s
 108173 26844 infeasible   95         0.00084    0.00021  75.4%  36.4   35s
 124069 30917    0.00021   73   47    0.00084    0.00021  75.4%  35.8   40s
 140907 35708 infeasible   76         0.00084    0.00021  75.4%  35.1   45s
 159544 40790 infeasible   84         0.00084    0.00021  75.4%  34.4   50s
 178974 45646    0.00045   95   56    0.00084    0.00021  75.4%  33.7   55s
 195514 49331    0.00021   71   60    0.00084    0.00021  75.4%  33.4   60s
 215226 53423    0.00021   65   47    0.00084    0.00021  75.4%  33.0   65s
H215240 53423                       0.0008381    0.00021  75.4%  33.0   66s
 229306 56864 infeasible   66         0.00084    0.00021  75.4%  32.6   70s
*231861 57235              99       0.0008376    0.00021  75.4%  32.6   71s
 244775 59321    0.00021   69   56    0.00084    0.00021  75.4%  32.3   75s
 264759 65893    0.00021   76   58    0.00084    0.00021  75.4%  32.4   80s
H266020 65891                       0.0008376    0.00021  75.4%  32.5   81s
 280302 70514    0.00021   66   50    0.00084    0.00021  75.4%  32.5   85s
 295328 75694    0.00081   65   34    0.00084    0.00021  75.4%  32.3   90s
H310899 79743                       0.0008376    0.00021  75.4%  32.1   95s
 331554 85328 infeasible   86         0.00084    0.00021  75.4%  31.7  100s
 349203 89650     cutoff  110         0.00084    0.00021  75.4%  31.5  105s
 363662 92679 infeasible   75         0.00084    0.00021  75.4%  31.3  110s
H372692 95033                       0.0008376    0.00021  75.4%  31.2  112s
 377632 96408    0.00084   61   49    0.00084    0.00021  75.4%  31.2  115s
 398014 101003    0.00021   78   51    0.00084    0.00021  75.4%  31.0  120s
 417083 105583    0.00021   78   50    0.00084    0.00021  75.4%  30.9  125s
 435217 109525    0.00021   85   44    0.00084    0.00021  75.4%  30.7  130s
 452336 113561     cutoff   80         0.00084    0.00021  75.4%  30.5  135s
 469981 117910    0.00038   71   52    0.00084    0.00021  75.4%  30.4  140s
 490052 121895    0.00062   87   45    0.00084    0.00021  75.4%  30.2  145s
 511067 127355    0.00021   67   52    0.00084    0.00021  75.4%  30.1  150s
 528467 131225    0.00025   72   48    0.00084    0.00021  75.4%  29.9  155s
 546120 135500    0.00084   89   54    0.00084    0.00021  75.4%  29.7  160s
 565199 139819    0.00021   81   54    0.00084    0.00021  75.4%  29.6  165s
 587467 145005 infeasible   84         0.00084    0.00021  75.4%  29.4  170s
 607222 149268 infeasible   93         0.00084    0.00021  75.4%  29.2  175s
 624803 152485    0.00021  111   54    0.00084    0.00021  75.4%  29.1  180s
 641528 156202    0.00041  102   55    0.00084    0.00021  75.4%  29.0  185s
 659578 160473    0.00048   70   51    0.00084    0.00021  75.4%  28.9  190s
 682012 166100     cutoff   72         0.00084    0.00021  75.4%  28.9  195s
 699918 169787    0.00021   80   54    0.00084    0.00021  75.4%  28.8  200s
 717636 173600    0.00064   96   42    0.00084    0.00021  75.4%  28.9  205s
 734351 177085 infeasible   90         0.00084    0.00021  75.4%  28.8  210s
 752618 180415    0.00021   73   52    0.00084    0.00021  75.4%  28.7  215s
 774749 185638 infeasible   64         0.00084    0.00021  75.4%  28.6  220s
H774758 185638                       0.0008376    0.00021  75.4%  28.6  220s
 794972 191070 infeasible  107         0.00084    0.00021  75.4%  28.7  225s
 810618 193532    0.00038  108   36    0.00084    0.00021  75.4%  28.7  230s
 828643 197896 infeasible   77         0.00084    0.00021  75.4%  28.8  235s
 843941 201876     cutoff   80         0.00084    0.00021  75.4%  29.0  240s
 860380 205861    0.00084   62   35    0.00084    0.00021  75.4%  29.2  245s
 876358 208973 infeasible   98         0.00084    0.00021  75.4%  29.4  250s
H881326 210401                       0.0008376    0.00021  75.4%  29.4  252s
 890135 212208    0.00084   62   34    0.00084    0.00021  75.4%  29.5  255s
 907280 215824    0.00021   66   49    0.00084    0.00021  75.4%  29.7  260s
 921967 218330     cutoff   53         0.00084    0.00021  75.4%  29.8  265s
 938167 221532     cutoff   77         0.00084    0.00021  75.4%  29.9  270s
 957277 225194     cutoff   80         0.00084    0.00021  75.4%  29.9  275s
 973092 228780    0.00024   72   50    0.00084    0.00021  75.4%  29.9  280s
 992546 233508    0.00084   99   39    0.00084    0.00021  75.4%  29.9  285s
 1011097 238166    0.00021   70   43    0.00084    0.00021  75.4%  29.8  290s
 1026921 241907    0.00076   92   44    0.00084    0.00021  75.4%  29.8  295s
 1045639 245177 infeasible   98         0.00084    0.00021  75.4%  29.7  300s
H1060046 248081                       0.0008376    0.00021  75.4%  29.6  303s
 1061859 248678     cutoff   60         0.00084    0.00021  75.4%  29.6  305s
 1081625 252543    0.00021   75   46    0.00084    0.00021  75.4%  29.5  310s
 1102933 256601 infeasible   86         0.00084    0.00021  75.4%  29.4  315s
 1119661 260277    0.00021   64   53    0.00084    0.00021  75.4%  29.4  320s
 1136708 263404    0.00021   85   58    0.00084    0.00021  75.4%  29.4  325s
 1154246 266235 infeasible   65         0.00084    0.00021  75.4%  29.4  330s
 1171983 269668    0.00022   81   48    0.00084    0.00021  75.4%  29.4  335s
 1187812 274372     cutoff   57         0.00084    0.00021  75.4%  29.5  340s
 1206770 278950    0.00021   60   42    0.00084    0.00021  75.4%  29.5  345s
 1226915 284098     cutoff   64         0.00084    0.00021  75.4%  29.6  350s
 1243763 287945    0.00084   65   40    0.00084    0.00021  75.4%  29.6  355s
 1262913 292931     cutoff   75         0.00084    0.00021  75.4%  29.6  360s
 1280915 296947 infeasible   65         0.00084    0.00021  75.4%  29.6  365s
 1296877 301127    0.00026   69   59    0.00084    0.00021  75.4%  29.6  370s
 1318168 305084     cutoff   76         0.00084    0.00021  75.4%  29.7  376s
 1335949 309512    0.00032   68   39    0.00084    0.00021  75.4%  29.7  380s
 1353147 312722    0.00021   62   57    0.00084    0.00021  75.4%  29.7  385s
 1371911 315970    0.00050   74   51    0.00084    0.00021  75.4%  29.7  390s
 1387992 318584    0.00058   94   40    0.00084    0.00021  75.4%  29.7  395s
 1404959 321179    0.00025   62   56    0.00084    0.00021  75.4%  29.7  400s
 1421269 324685    0.00021   66   62    0.00084    0.00021  75.4%  29.7  405s
 1434402 326504    0.00084   74   49    0.00084    0.00021  75.4%  29.7  410s
 1451137 328160     cutoff   81         0.00084    0.00021  75.4%  29.7  415s
 1471172 330359    0.00021   70   50    0.00084    0.00021  75.4%  29.6  420s
 1488095 332975     cutoff   72         0.00084    0.00021  75.4%  29.5  425s
 1502934 337051 infeasible   85         0.00084    0.00021  75.4%  29.5  430s
 1521964 341164 infeasible   74         0.00084    0.00021  75.4%  29.4  435s
 1537171 343533    0.00021   58   35    0.00084    0.00021  75.4%  29.3  440s
 1553909 346079    0.00022   94   49    0.00084    0.00021  75.4%  29.3  445s
 1574369 349909 infeasible   79         0.00084    0.00021  75.4%  29.2  450s
 1589269 352717 infeasible   80         0.00084    0.00021  75.4%  29.2  455s
*1606751 353819             130       0.0008353    0.00021  75.4%  29.2  459s
*1606779 353817             130       0.0008353    0.00021  75.4%  29.2  459s
 1607740 354216    0.00021   60   59    0.00084    0.00021  75.4%  29.1  460s
H1611325 354500                       0.0008353    0.00021  75.4%  29.1  461s
H1617495 355605                       0.0008353    0.00021  75.4%  29.1  463s
 1621027 356637    0.00021   67   53    0.00084    0.00021  75.4%  29.1  465s
 1639394 359634 infeasible   68         0.00084    0.00021  75.4%  29.1  470s
 1659726 363878 infeasible   88         0.00084    0.00021  75.4%  29.0  475s
 1677758 368448    0.00021   72   64    0.00084    0.00021  75.4%  29.0  480s
H1684266 369602                       0.0008353    0.00021  75.4%  29.0  482s
 1695747 372334     cutoff   78         0.00084    0.00021  75.4%  28.9  485s
 1712248 375376 infeasible   71         0.00084    0.00021  75.4%  28.9  490s
 1729697 379005    0.00051  106   44    0.00084    0.00021  75.4%  28.9  495s
 1747402 381777    0.00022   91   51    0.00084    0.00021  75.4%  28.8  500s
 1769457 385321    0.00021   80   43    0.00084    0.00021  75.4%  28.8  506s
H1769468 385321                       0.0008353    0.00021  75.4%  28.8  506s
 1784411 388157    0.00021   84   55    0.00084    0.00021  75.4%  28.7  510s
 1800876 391516    0.00021   85   46    0.00084    0.00021  75.4%  28.7  515s
H1815751 393391                       0.0008353    0.00021  75.4%  28.7  519s
 1818831 394136    0.00021   78   49    0.00084    0.00021  75.4%  28.7  520s
 1835203 397116    0.00021   58   67    0.00084    0.00021  75.4%  28.6  525s
 1851261 399636    0.00078   72   55    0.00084    0.00021  75.4%  28.6  530s
 1871871 403202     cutoff   75         0.00084    0.00021  75.4%  28.6  535s
 1890093 407073    0.00021   73   52    0.00084    0.00021  75.4%  28.6  540s
 1905390 409766    0.00021   67   45    0.00084    0.00021  75.4%  28.5  545s
 1922966 413802    0.00021   77   57    0.00084    0.00021  75.4%  28.5  550s
 1937931 415943 infeasible   90         0.00084    0.00021  75.4%  28.5  555s
 1951629 417920    0.00021   71   52    0.00084    0.00021  75.4%  28.5  560s
 1970416 420305    0.00022   75   56    0.00084    0.00021  75.4%  28.4  565s
 1991291 425775    0.00072  100   55    0.00084    0.00021  75.4%  28.4  570s
 2010622 432728    0.00021   70   60    0.00084    0.00021  75.4%  28.4  575s
H2026359 437644                       0.0008352    0.00021  75.4%  28.3  579s
H2027278 438500                       0.0008352    0.00021  75.4%  28.3  579s
 2029827 438795    0.00021   75   59    0.00084    0.00021  75.4%  28.3  580s
 2046556 444271    0.00021   81   52    0.00084    0.00021  75.4%  28.3  585s
 2065575 448946     cutoff   70         0.00084    0.00021  75.4%  28.2  590s
H2080917 450238                       0.0008351    0.00021  75.4%  28.2  594s
 2082700 450601    0.00084   75   47    0.00084    0.00021  75.4%  28.2  595s
 2101656 452889    0.00021   79   46    0.00084    0.00021  75.4%  28.1  600s
 2118220 454961    0.00021   82   51    0.00084    0.00021  75.4%  28.1  605s
 2136315 458336    0.00055   76   43    0.00084    0.00021  75.4%  28.0  610s
 2154803 461279    0.00021   63   57    0.00084    0.00021  75.4%  28.0  615s
 2169645 464439    0.00023   91   35    0.00084    0.00021  75.4%  28.0  620s
H2176255 465257                       0.0008351    0.00021  75.4%  27.9  621s
 2187447 466560    0.00073   88   51    0.00084    0.00021  75.4%  27.9  625s
 2204182 468634     cutoff   90         0.00084    0.00021  75.4%  27.9  630s
 2220533 471144 infeasible   82         0.00084    0.00021  75.4%  27.9  635s
 2238275 474378    0.00084   58   43    0.00084    0.00021  75.4%  27.9  640s
 2256681 477735    0.00021   82   55    0.00084    0.00021  75.4%  27.9  645s
 2277656 483850    0.00060   98   51    0.00084    0.00021  75.4%  27.9  650s
 2297430 489361    0.00021   73   45    0.00084    0.00021  75.4%  27.9  655s
 2315424 493917    0.00021   82   45    0.00084    0.00021  75.4%  27.8  660s
H2323089 494845                       0.0008351    0.00021  75.4%  27.8  662s
 2333099 496382    0.00047   79   52    0.00084    0.00021  75.4%  27.8  665s
 2349741 498689    0.00027  102   56    0.00084    0.00021  75.4%  27.8  670s
 2366068 502896    0.00021   71   50    0.00084    0.00021  75.4%  27.8  675s
 2383495 504923    0.00021   93   50    0.00084    0.00021  75.4%  27.8  680s
 2402108 506953    0.00021   70   55    0.00084    0.00021  75.4%  27.8  685s
 2418292 509008    0.00021   74   56    0.00084    0.00021  75.4%  27.8  690s
 2436010 510818    0.00022   68   60    0.00084    0.00021  75.4%  27.7  695s
 2455513 513809 infeasible   91         0.00084    0.00021  75.4%  27.8  700s
 2469650 517050 infeasible   89         0.00084    0.00021  75.4%  27.8  705s
 2487025 519546    0.00021   75   44    0.00084    0.00021  75.4%  27.8  710s
 2505189 523228    0.00021   56   43    0.00084    0.00021  75.4%  27.8  715s
 2521314 527804 infeasible   53         0.00084    0.00021  75.4%  27.8  720s
 2539497 533196    0.00021   62   45    0.00084    0.00021  75.4%  27.8  725s
 2558094 538473 infeasible   64         0.00084    0.00021  75.4%  27.8  730s
 2574572 542692     cutoff   63         0.00084    0.00021  75.4%  27.9  735s
 2593085 547967    0.00021   53   53    0.00084    0.00021  75.4%  27.9  740s
 2609527 552008     cutoff   57         0.00084    0.00021  75.4%  27.9  745s
 2628507 558240    0.00022   82   47    0.00084    0.00021  75.4%  27.8  750s
 2646694 563006     cutoff   94         0.00084    0.00021  75.4%  27.8  755s
 2667943 568343    0.00021   57   32    0.00084    0.00021  75.4%  27.8  760s
 2684782 572690     cutoff   56         0.00084    0.00021  75.4%  27.8  765s
 2705365 578282     cutoff   59         0.00084    0.00021  75.4%  27.8  770s
 2722741 582430    0.00084   68   47    0.00084    0.00021  75.4%  27.9  775s
 2739046 586374 infeasible   84         0.00084    0.00021  75.4%  28.0  780s
 2756381 590686     cutoff   77         0.00084    0.00021  75.4%  28.0  785s
 2773984 594842 infeasible   65         0.00084    0.00021  75.4%  28.0  790s
 2793699 599681 infeasible   70         0.00084    0.00021  75.4%  28.0  795s
 2814127 604970    0.00021   72   53    0.00084    0.00021  75.4%  28.1  800s
 2834817 611488    0.00028   55   61    0.00084    0.00021  75.4%  28.1  806s
 2848660 615656     cutoff   74         0.00084    0.00021  75.4%  28.1  810s
 2865664 619042    0.00072   83   53    0.00084    0.00021  75.4%  28.2  815s
 2881737 621723    0.00021   86   55    0.00084    0.00021  75.4%  28.2  820s
 2900147 623847     cutoff   60         0.00084    0.00021  75.4%  28.3  825s
 2920101 627258    0.00023   79   62    0.00084    0.00021  75.4%  28.3  830s
 2936920 630618 infeasible   72         0.00084    0.00021  75.4%  28.4  835s
 2953878 633925    0.00022   92   58    0.00084    0.00021  75.4%  28.4  840s
H2965584 635822                       0.0008351    0.00021  75.4%  28.5  843s
 2973260 637598    0.00021  105   50    0.00084    0.00021  75.4%  28.5  845s
 2989326 640464    0.00021   84   59    0.00084    0.00021  75.4%  28.5  850s
 3005175 643495    0.00021   80   61    0.00084    0.00021  75.4%  28.5  855s
 3024467 647250    0.00021   85   58    0.00084    0.00021  75.4%  28.5  860s
 3045629 651494 infeasible   95         0.00084    0.00021  75.4%  28.6  865s
 3063155 655045    0.00021   92   61    0.00084    0.00021  75.4%  28.6  870s
 3081153 658586 infeasible   86         0.00084    0.00021  75.4%  28.6  875s
 3099699 662254     cutoff   71         0.00084    0.00021  75.4%  28.6  880s
 3117448 665650 infeasible   59         0.00084    0.00021  75.4%  28.6  885s
 3138268 668846    0.00021   63   49    0.00084    0.00021  75.4%  28.7  890s
 3158495 672836     cutoff   61         0.00084    0.00021  75.4%  28.7  895s
 3175406 677317    0.00024   83   53    0.00084    0.00021  75.4%  28.7  900s
 3193910 681077    0.00021   69   49    0.00084    0.00021  75.4%  28.7  905s
 3210706 684740    0.00021   56   56    0.00084    0.00021  75.4%  28.7  910s
 3229940 689044    0.00021   63   39    0.00084    0.00021  75.4%  28.7  915s
 3246249 692967     cutoff   69         0.00084    0.00021  75.4%  28.7  920s
 3265491 697115 infeasible   57         0.00084    0.00021  75.4%  28.7  925s
 3288715 703475    0.00023   67   60    0.00084    0.00021  75.4%  28.6  930s
 3306239 708219    0.00021   70   53    0.00084    0.00021  75.4%  28.6  935s
 3323856 712058    0.00074   85   55    0.00084    0.00021  75.4%  28.6  940s
 3342160 717027     cutoff   88         0.00084    0.00021  75.4%  28.6  945s
 3359598 721697 infeasible   66         0.00084    0.00021  75.4%  28.6  950s
 3378868 727240    0.00034   78   52    0.00084    0.00021  75.4%  28.6  955s
 3396876 731465    0.00023   72   56    0.00084    0.00021  75.4%  28.5  960s
 3418394 737514    0.00021   61   50    0.00084    0.00021  75.4%  28.5  965s
 3434805 742275    0.00021   54   44    0.00084    0.00021  75.4%  28.5  970s
 3453985 747716     cutoff   70         0.00084    0.00021  75.4%  28.5  975s
 3472319 753264    0.00021   58   52    0.00084    0.00021  75.4%  28.4  980s
 3491323 758435    0.00027   72   57    0.00084    0.00021  75.4%  28.4  985s
 3513304 764755    0.00021   82   59    0.00084    0.00021  75.4%  28.4  990s
 3532450 769730     cutoff   75         0.00084    0.00021  75.4%  28.3  995s
 3552203 775254     cutoff   68         0.00084    0.00021  75.4%  28.3 1000s
 3569386 779761    0.00021   75   55    0.00084    0.00021  75.4%  28.3 1005s
 3581469 782476    0.00021   72   48    0.00084    0.00021  75.4%  28.3 1010s
 3600269 787601     cutoff   48         0.00084    0.00021  75.4%  28.3 1015s
 3617431 791399    0.00021   57   47    0.00084    0.00021  75.4%  28.2 1020s
 3636949 796521    0.00061   77   53    0.00084    0.00021  75.4%  28.2 1025s
 3659956 802887    0.00022   57   57    0.00084    0.00021  75.4%  28.2 1030s
 3678968 808632    0.00021   62   44    0.00084    0.00021  75.4%  28.1 1035s
 3696694 813562     cutoff   80         0.00084    0.00021  75.4%  28.1 1040s
 3716066 818161    0.00021   69   54    0.00084    0.00021  75.4%  28.1 1045s
 3733266 821480    0.00021   63   62    0.00084    0.00021  75.4%  28.1 1050s
 3750840 825915    0.00021   65   66    0.00084    0.00021  75.4%  28.1 1055s
 3769219 828533     cutoff   83         0.00084    0.00021  75.4%  28.0 1060s
 3786419 831432    0.00066   92   37    0.00084    0.00021  75.4%  28.0 1065s
 3802208 834174    0.00021   72   60    0.00084    0.00021  75.4%  28.0 1070s
 3827661 840298    0.00021   76   60    0.00084    0.00021  75.4%  27.9 1075s
 3848217 843601    0.00025  101   50    0.00084    0.00021  75.4%  27.9 1080s
 3864445 846132 infeasible   56         0.00084    0.00021  75.4%  27.9 1085s
 3878866 848573    0.00021   77   50    0.00084    0.00021  75.4%  27.9 1090s
 3897491 854177    0.00084   73   39    0.00084    0.00021  75.4%  27.9 1095s
 3914868 856897 infeasible   62         0.00084    0.00021  75.4%  27.9 1100s
 3933127 861197    0.00021   73   50    0.00084    0.00021  75.4%  27.9 1105s
 3951851 864424    0.00021   63   63    0.00084    0.00021  75.4%  27.9 1110s
 3969811 867710    0.00021   68   51    0.00084    0.00021  75.4%  27.9 1115s
 3988301 870764    0.00051   54   49    0.00084    0.00021  75.4%  27.9 1120s
 4006557 874059 infeasible   77         0.00084    0.00021  75.4%  27.8 1125s
 4023459 877912    0.00064   61   45    0.00084    0.00021  75.4%  27.8 1130s
 4041801 881462    0.00084   65   51    0.00084    0.00021  75.4%  27.8 1135s
 4063473 885084    0.00023   77   47    0.00084    0.00021  75.4%  27.8 1140s
 4084825 887196    0.00022   71   48    0.00084    0.00021  75.4%  27.8 1145s
 4098635 889354     cutoff   70         0.00084    0.00021  75.4%  27.8 1150s
 4113078 891142 infeasible   66         0.00084    0.00021  75.4%  27.8 1155s
 4129393 893612     cutoff   82         0.00084    0.00021  75.4%  27.8 1160s
 4145462 895806     cutoff   77         0.00084    0.00021  75.4%  27.8 1165s
 4161258 897921     cutoff   75         0.00084    0.00021  75.4%  27.8 1170s
 4177960 899288     cutoff   93         0.00084    0.00021  75.4%  27.8 1175s
 4197009 902069    0.00021   80   51    0.00084    0.00021  75.4%  27.7 1180s
 4214652 904320    0.00045   88   49    0.00084    0.00021  75.4%  27.7 1185s
 4233353 906175     cutoff   75         0.00084    0.00021  75.4%  27.7 1190s
 4248954 908101 infeasible   86         0.00084    0.00021  75.4%  27.7 1195s
 4266597 910029    0.00026   83   38    0.00084    0.00021  75.4%  27.7 1200s
 4284790 912035    0.00021   71   51    0.00084    0.00021  75.4%  27.6 1205s
 4301066 914166    0.00021   65   54    0.00084    0.00021  75.4%  27.6 1210s
 4318110 916585 infeasible  104         0.00084    0.00021  75.4%  27.6 1215s
 4335108 918521    0.00021   66   47    0.00084    0.00021  75.4%  27.6 1220s
H4343018 826347                       0.0006966    0.00021  70.5%  27.6 1222s
H4343025 825507                       0.0006910    0.00021  70.2%  27.6 1222s
 4348397 826343    0.00021   62   47    0.00069    0.00021  70.2%  27.6 1225s
 4367792 828615    0.00022   98   41    0.00069    0.00021  70.2%  27.6 1230s
H4368044 821091                       0.0006479    0.00021  68.2%  27.6 1230s
H4368048 821072                       0.0006479    0.00021  68.2%  27.6 1230s
H4375562 786689                       0.0004944    0.00021  58.4%  27.6 1232s
H4375564 786638                       0.0004943    0.00021  58.4%  27.6 1232s
 4381320 788089    0.00021   91   48    0.00049    0.00021  58.4%  27.6 1235s
H4391708 788895                       0.0004943    0.00021  58.4%  27.6 1237s
 4399279 789702    0.00037   81   46    0.00049    0.00021  58.4%  27.6 1240s
 4415800 791112    0.00022   81   52    0.00049    0.00021  58.4%  27.5 1245s
H4422636 791624                       0.0004943    0.00021  58.4%  27.5 1246s
H4424893 791737                       0.0004943    0.00021  58.4%  27.5 1247s
 4432587 792035     cutoff   78         0.00049    0.00021  58.4%  27.5 1250s
H4432594 792034                       0.0004943    0.00021  58.4%  27.5 1250s
H4435205 792523                       0.0004943    0.00021  58.4%  27.5 1251s
H4437888 792603                       0.0004943    0.00021  58.4%  27.5 1252s
H4440448 792715                       0.0004935    0.00021  58.3%  27.5 1253s
 4445521 793361    0.00021   73   44    0.00049    0.00021  58.3%  27.6 1255s
H4445535 793295                       0.0004932    0.00021  58.3%  27.6 1255s
H4448565 793466                       0.0004921    0.00021  58.2%  27.6 1257s
 4461476 794739 infeasible   62         0.00049    0.00021  58.2%  27.6 1260s
H4461603 794739                       0.0004921    0.00021  58.2%  27.6 1260s
 4476845 796842     cutoff   61         0.00049    0.00021  58.2%  27.6 1265s
H4477144 796555                       0.0004911    0.00021  58.1%  27.6 1265s
*4479208 758003             119       0.0003829    0.00021  46.2%  27.6 1265s
H4483434 743708                       0.0003526    0.00021  41.6%  27.6 1267s
*4484290 501074             112       0.0002109    0.00021  2.43%  27.6 1267s
*4484297 500855             112       0.0002109    0.00021  2.42%  27.6 1267s
*4485472 479786             114       0.0002091    0.00021  1.57%  27.6 1267s
*4487059 479583             111       0.0002091    0.00021  1.57%  27.6 1268s
*4487065 479085             115       0.0002090    0.00021  1.55%  27.6 1268s
*4487070 478895             113       0.0002090    0.00021  1.54%  27.6 1268s
H4487290 420518                       0.0002063    0.00021  0.22%  27.6 1269s
H4488626 410633                       0.0002060    0.00021  0.11%  27.6 1270s
H4488633 410628                       0.0002060    0.00021  0.11%  27.6 1270s
H4490001 410549                       0.0002060    0.00021  0.11%  27.6 1270s
H4490016 410270                       0.0002060    0.00021  0.11%  27.6 1270s
*4491379 410408             118       0.0002060    0.00021  0.11%  27.6 1271s
*4491406 410002             117       0.0002060    0.00021  0.11%  27.6 1271s
*4491430 409883             118       0.0002060    0.00021  0.11%  27.6 1271s
*4492459 408764             118       0.0002060    0.00021  0.10%  27.6 1271s
H4493475 408543                       0.0002060    0.00021  0.09%  27.6 1271s
*4493484 407171             118       0.0002060    0.00021  0.09%  27.6 1271s
H4493492 407080                       0.0002060    0.00021  0.09%  27.6 1271s
 4506384 407492    0.00021   62   49    0.00021    0.00021  0.09%  27.6 1275s
 4526476 408903    0.00021   84   51    0.00021    0.00021  0.09%  27.5 1280s
 4546432 410646 infeasible   90         0.00021    0.00021  0.09%  27.5 1285s
 4567734 412809 infeasible   71         0.00021    0.00021  0.09%  27.5 1290s
 4588191 414510    0.00021   66   54    0.00021    0.00021  0.09%  27.5 1295s
 4607511 415596    0.00021   74   37    0.00021    0.00021  0.09%  27.5 1300s
 4627392 419131    0.00021   71   58    0.00021    0.00021  0.09%  27.5 1305s
 4647990 421322     cutoff   60         0.00021    0.00021  0.09%  27.5 1310s
 4667170 422880    0.00021   73   52    0.00021    0.00021  0.09%  27.5 1315s
 4682881 425167    0.00021   68   47    0.00021    0.00021  0.09%  27.5 1320s
 4702090 427608    0.00021   62   49    0.00021    0.00021  0.09%  27.4 1325s
 4721712 429773    0.00021   58   60    0.00021    0.00021  0.09%  27.4 1330s
 4740773 431992 infeasible   44         0.00021    0.00021  0.09%  27.4 1335s
 4757721 433138    0.00021   91   51    0.00021    0.00021  0.09%  27.4 1340s
 4777575 433075     cutoff   83         0.00021    0.00021  0.09%  27.4 1345s
 4795588 433302     cutoff   86         0.00021    0.00021  0.09%  27.4 1350s
 4816008 435688    0.00021   86   47    0.00021    0.00021  0.09%  27.4 1355s
H4824423 419371                       0.0002058    0.00021  0.02%  27.4 1357s
 4834663 420371     cutoff   77         0.00021    0.00021  0.02%  27.4 1360s
 4852676 420719     cutoff   81         0.00021    0.00021  0.02%  27.4 1365s
 4870962 422128     cutoff   69         0.00021    0.00021  0.02%  27.4 1370s
 4892351 425062     cutoff   49         0.00021    0.00021  0.02%  27.4 1375s
 4909112 427315    0.00021   56   50    0.00021    0.00021  0.02%  27.4 1380s
 4926538 429713    0.00021   62   48    0.00021    0.00021  0.02%  27.4 1385s
 4950748 433568    0.00021   82   62    0.00021    0.00021  0.02%  27.4 1390s
 4969980 437390    0.00021   80   43    0.00021    0.00021  0.02%  27.4 1395s
 4988681 440137    0.00021   44   44    0.00021    0.00021  0.02%  27.4 1400s
 5010993 443087    0.00021   72   61    0.00021    0.00021  0.02%  27.4 1405s
 5030017 445100    0.00021   67   49    0.00021    0.00021  0.02%  27.4 1410s
 5047161 444961    0.00021   66   56    0.00021    0.00021  0.02%  27.4 1415s
 5064616 446605    0.00021   84   49    0.00021    0.00021  0.02%  27.5 1420s
 5084930 447689    0.00021   72   40    0.00021    0.00021  0.02%  27.5 1425s
 5100389 446807     cutoff   66         0.00021    0.00021  0.02%  27.4 1430s
 5116743 446235    0.00021   65   52    0.00021    0.00021  0.02%  27.4 1435s
 5137055 446129    0.00021  100   45    0.00021    0.00021  0.02%  27.4 1440s
 5154788 445798    0.00021   81   62    0.00021    0.00021  0.02%  27.4 1445s
 5174059 445427 infeasible   86         0.00021    0.00021  0.02%  27.4 1450s
 5196564 445365     cutoff   68         0.00021    0.00021  0.02%  27.4 1455s
 5212288 445330     cutoff   86         0.00021    0.00021  0.02%  27.4 1460s
 5229958 445305    0.00021   78   51    0.00021    0.00021  0.02%  27.4 1465s
H5247128 445259                       0.0002058    0.00021  0.02%  27.4 1469s
 5249457 445166    0.00021   62   55    0.00021    0.00021  0.02%  27.4 1470s
 5264180 447270    0.00021   66   53    0.00021    0.00021  0.02%  27.4 1475s
 5289722 451474    0.00021   36   46    0.00021    0.00021  0.02%  27.4 1480s
 5306828 453703    0.00021   59   59    0.00021    0.00021  0.02%  27.4 1485s
 5324418 456744    0.00021   66   49    0.00021    0.00021  0.02%  27.4 1490s
 5350745 460717    0.00021   47   53    0.00021    0.00021  0.02%  27.5 1495s
 5364589 462922    0.00021   55   34    0.00021    0.00021  0.02%  27.5 1500s
 5387752 465970    0.00021   73   44    0.00021    0.00021  0.02%  27.5 1505s
 5407388 467793    0.00021   53   43    0.00021    0.00021  0.02%  27.5 1510s
 5421665 469470    0.00021   62   51    0.00021    0.00021  0.02%  27.5 1515s
 5449150 472447     cutoff   70         0.00021    0.00021  0.02%  27.5 1521s
 5467317 473972     cutoff   63         0.00021    0.00021  0.02%  27.5 1525s
 5483869 475284     cutoff   69         0.00021    0.00021  0.02%  27.5 1530s
 5508268 477180    0.00021   65   54    0.00021    0.00021  0.02%  27.5 1535s
 5525089 478131     cutoff   87         0.00021    0.00021  0.02%  27.4 1540s
 5544474 478227    0.00021   80   57    0.00021    0.00021  0.02%  27.4 1545s
 5565344 477476 infeasible   78         0.00021    0.00021  0.02%  27.4 1550s
 5579337 476893    0.00021   70   46    0.00021    0.00021  0.02%  27.4 1555s
 5594944 476636 infeasible   66         0.00021    0.00021  0.02%  27.4 1560s
 5614593 476551    0.00021   77   55    0.00021    0.00021  0.02%  27.4 1565s
 5631741 476887     cutoff   62         0.00021    0.00021  0.02%  27.4 1570s
 5652052 476934    0.00021   91   48    0.00021    0.00021  0.02%  27.4 1575s
 5672631 476475    0.00021   90   49    0.00021    0.00021  0.02%  27.3 1580s
 5688849 476777     cutoff   93         0.00021    0.00021  0.02%  27.3 1585s
 5710200 476844    0.00021   83   49    0.00021    0.00021  0.02%  27.3 1591s
 5725890 476533    0.00021   82   52    0.00021    0.00021  0.02%  27.3 1595s
 5743085 476497 infeasible   74         0.00021    0.00021  0.02%  27.3 1600s
 5764173 476599    0.00021   62   54    0.00021    0.00021  0.02%  27.3 1605s
 5785243 478691    0.00021   61   47    0.00021    0.00021  0.02%  27.3 1610s
 5800939 481493    0.00021   69   48    0.00021    0.00021  0.02%  27.3 1615s
 5821499 485172     cutoff   54         0.00021    0.00021  0.02%  27.3 1620s
 5842575 488061     cutoff   61         0.00021    0.00021  0.02%  27.3 1625s
 5857739 490054 infeasible   77         0.00021    0.00021  0.02%  27.3 1630s
H5878663   617                       0.0002058    0.00021  0.00%  27.3 1635s

Cutting planes:
  Gomory: 7
  Cover: 4
  Implied bound: 15
  Clique: 7
  MIR: 9
  StrongCG: 1
  Flow cover: 25
  RLT: 23
  Relax-and-lift: 5
  PSD: 1

Explored 5878679 nodes (160668940 simplex iterations) in 1635.65 seconds (902.10 work units)
Thread count was 12 (of 12 available processors)

Solution count 10: 0.000205807 0.000205844 0.000205844 ... 0.000206031

Optimal solution found (tolerance 1.00e-04)
Best objective 2.058065111685e-04, best bound 2.058065039989e-04, gap 0.0000%
