
Gurobi 11.0.2 (win64) logging started Wed Oct  2 01:13:02 2024

Set parameter LogFile to value ".\Experiments\Track_k_e_2\Logs\track_k_e_2_r3_c9.log"
Set parameter TimeLimit to value 3600
Gurobi Optimizer version 11.0.2 build v11.0.2rc0 (win64 - Windows 10.0 (19045.2))

CPU model: Intel(R) Core(TM) i7-10750H CPU @ 2.60GHz, instruction set [SSE2|AVX|AVX2]
Thread count: 6 physical cores, 12 logical processors, using up to 12 threads

Optimize a model with 298 rows, 462 columns and 1052 nonzeros
Model fingerprint: 0xda2dc908
Model has 6 quadratic objective terms
Model has 68 quadratic constraints
Model has 116 general constraints
Variable types: 458 continuous, 4 integer (4 binary)
Coefficient statistics:
  Matrix range     [9e-06, 1e+02]
  QMatrix range    [1e+00, 1e+00]
  QLMatrix range   [1e+00, 1e+00]
  Objective range  [1e-02, 2e-01]
  QObjective range [2e+00, 2e+00]
  Bounds range     [8e-05, 9e+01]
  RHS range        [8e-05, 1e+02]
  QRHS range       [1e-06, 1e-06]
Presolve added 60 rows and 0 columns
Presolve removed 0 rows and 97 columns
Presolve time: 0.01s
Presolved: 599 rows, 374 columns, 1669 nonzeros
Presolved model has 2 SOS constraint(s)
Presolved model has 4 quadratic objective terms
Presolved model has 57 bilinear constraint(s)
Presolved model has 4 nonlinear constraint(s)
Warning: Model contains variables with very large bounds participating
         in nonlinear terms.
         Presolve was not able to compute smaller bounds for these variables.
         Consider bounding these variables or reformulating the model.


Solving non-convex MINLP

Variable types: 284 continuous, 90 integer (90 binary)

Root relaxation: objective 2.058065e-04, 441 iterations, 0.00 seconds (0.00 work units)

    Nodes    |    Current Node    |     Objective Bounds      |     Work
 Expl Unexpl |  Obj  Depth IntInf | Incumbent    BestBd   Gap | It/Node Time

     0     0    0.00021    0   57          -    0.00021      -     -    0s
     0     0    0.00021    0   57          -    0.00021      -     -    0s
     0     0    0.00021    0   72          -    0.00021      -     -    0s
     0     0    0.00021    0   72          -    0.00021      -     -    0s
     0     0    0.00021    0  107          -    0.00021      -     -    0s
     0     0    0.00021    0   64          -    0.00021      -     -    0s
     0     2    0.00021    0   64          -    0.00021      -     -    0s
 15462  5060    0.01187   57   45          -    0.00021      -  45.0    5s
 33012  9885    0.00369   63   35          -    0.00021      -  47.7   10s
 51331 14093    0.00282   59   54          -    0.00021      -  48.2   15s
 67122 17595    0.00021   41   48          -    0.00021      -  48.7   20s
 82155 19915    0.01569   60   54          -    0.00021      -  47.9   25s
 96681 24826    0.00273   48   45          -    0.00021      -  47.7   30s
 117280 29462 infeasible   50               -    0.00021      -  46.5   35s
 136338 34007    0.00084   63   37          -    0.00021      -  46.2   40s
 153308 38015    0.00030   51   46          -    0.00021      -  46.3   45s
 172321 42506 infeasible   64               -    0.00021      -  45.5   50s
 194384 46932 infeasible   81               -    0.00021      -  44.1   55s
 213408 51135    0.00021   49   46          -    0.00021      -  43.7   60s
 235184 56092    0.00550   68   44          -    0.00021      -  43.1   65s
 255033 60318 infeasible   68               -    0.00021      -  42.6   70s
 273422 64357    0.00021   36   51          -    0.00021      -  42.5   75s
 296042 71009    0.00182   83   39          -    0.00021      -  42.2   80s
 314293 76125 infeasible   69               -    0.00021      -  42.0   85s
 335659 82236    0.00021   54   46          -    0.00021      -  41.7   90s
 358753 87046    0.00189   65   39          -    0.00021      -  41.1   95s
 378440 90565    0.00021   60   49          -    0.00021      -  41.6  100s
 395061 93014 infeasible   62               -    0.00021      -  41.6  105s
 415574 95462 infeasible   59               -    0.00021      -  41.6  110s
 432966 98758    0.00021   46   53          -    0.00021      -  41.4  115s
 450092 101902 infeasible   60               -    0.00021      -  41.3  120s
 469168 105604    0.00348   59   55          -    0.00021      -  41.3  125s
 491838 111554 infeasible   55               -    0.00021      -  41.3  130s
 510429 115965    0.00021   35   50          -    0.00021      -  41.1  135s
 532592 120275    0.00021   44   47          -    0.00021      -  40.8  140s
 555137 124578 infeasible   45               -    0.00021      -  40.5  145s
 574372 127720    0.00021   59   49          -    0.00021      -  40.4  150s
 595631 131605 infeasible   55               -    0.00021      -  40.2  155s
 618034 138916 infeasible   77               -    0.00021      -  39.8  160s
 641633 145413    0.00021   59   64          -    0.00021      -  39.7  165s
 662647 151008    0.00457   79   51          -    0.00021      -  39.5  170s
 682755 156363    0.00213   52   53          -    0.00021      -  39.3  175s
 699694 159111    0.00266   47   35          -    0.00021      -  39.4  180s
 718233 163486    0.00298   47   36          -    0.00021      -  39.5  185s
 737490 167755 infeasible   51               -    0.00021      -  39.6  190s
 757655 171721    0.00021   46   56          -    0.00021      -  39.6  195s
 780838 177613 infeasible   49               -    0.00021      -  39.3  200s
 800078 182611 infeasible   63               -    0.00021      -  39.2  205s
 822165 188400 infeasible   70               -    0.00021      -  38.8  210s
 842764 194277 infeasible   69               -    0.00021      -  38.5  215s
 865427 199521 infeasible   70               -    0.00021      -  38.3  220s
 885641 202620 infeasible   53               -    0.00021      -  38.1  225s
 903360 206362    0.04711   55   47          -    0.00021      -  38.1  230s
 923295 211073 infeasible   50               -    0.00021      -  38.0  235s
 946434 216905    0.00350   70   37          -    0.00021      -  37.9  240s
 968913 221800    0.00082   58   55          -    0.00021      -  37.6  245s
 991010 228794 infeasible   78               -    0.00021      -  37.5  250s
 1009691 232903    0.00021   63   49          -    0.00021      -  37.5  255s
 1035275 238568    0.00357   86   46          -    0.00021      -  37.3  260s
 1057374 243832    0.00212   54   43          -    0.00021      -  37.1  265s
 1076620 247537    0.00032   73   51          -    0.00021      -  37.1  270s
 1099887 251863 infeasible   50               -    0.00021      -  37.0  275s
 1118372 255467 infeasible   62               -    0.00021      -  37.0  280s
 1140021 260278    0.00392   67   37          -    0.00021      -  36.9  285s
 1161511 264883 infeasible   62               -    0.00021      -  36.8  290s
 1185101 269502 infeasible   60               -    0.00021      -  36.8  295s
 1206369 273420    0.01995   50   41          -    0.00021      -  36.7  300s
 1230195 278001 infeasible   69               -    0.00021      -  36.5  305s
 1252507 282522    0.00444   74   53          -    0.00021      -  36.5  310s
 1271768 286073 infeasible   75               -    0.00021      -  36.5  315s
 1293197 290620    0.00258   44   37          -    0.00021      -  36.4  320s
 1314502 294918    0.01081   64   42          -    0.00021      -  36.3  325s
 1336772 299688    0.00159   67   46          -    0.00021      -  36.2  330s
 1358524 304303 infeasible   55               -    0.00021      -  36.2  335s
 1382366 308388    0.02281   60   40          -    0.00021      -  36.1  340s
 1403391 312335 infeasible   62               -    0.00021      -  36.1  345s
 1424366 316038    0.00058   60   52          -    0.00021      -  36.0  350s
 1447100 319651    0.00235   57   33          -    0.00021      -  36.0  355s
 1471413 325810    0.00021   57   45          -    0.00021      -  35.8  360s
 1494201 329720    0.00021   56   58          -    0.00021      -  35.7  365s
 1516583 333649 infeasible   57               -    0.00021      -  35.6  370s
 1546819 339637    0.00459  102   22          -    0.00021      -  35.3  375s
 1573704 344922    0.00021   58   36          -    0.00021      -  35.0  380s
 1599472 349662 infeasible   61               -    0.00021      -  34.9  385s
 1621331 353548    0.00151   62   48          -    0.00021      -  34.8  390s
 1645922 358746    0.00453   82   30          -    0.00021      -  34.7  395s
 1667613 362494    0.00093   71   44          -    0.00021      -  34.7  400s
 1692554 366625    0.00045   82   54          -    0.00021      -  34.6  405s
 1715295 370512    0.00289   63   54          -    0.00021      -  34.5  410s
 1737084 373855    0.00037   55   45          -    0.00021      -  34.4  415s
 1763118 377955    0.00048   64   47          -    0.00021      -  34.3  420s
 1786092 382000    0.00270   43   49          -    0.00021      -  34.2  425s
 1811748 386754 infeasible   72               -    0.00021      -  34.2  430s
 1832240 390227    0.00410   78   45          -    0.00021      -  34.1  435s
 1856821 395767    0.00100   71   40          -    0.00021      -  34.1  440s
 1882711 400505 infeasible   83               -    0.00021      -  34.0  445s
 1907335 405904    0.00216   66   49          -    0.00021      -  33.9  450s
*1907994 351957             106       0.0050089    0.00021  95.9%  33.9  450s
H1909634 352032                       0.0050089    0.00021  95.9%  33.9  450s
H1910285 350655                       0.0049480    0.00021  95.8%  33.9  451s
H1910902 350655                       0.0049480    0.00021  95.8%  33.9  451s
H1913936 351356                       0.0049480    0.00021  95.8%  33.9  452s
H1915202 342061                       0.0046414    0.00021  95.6%  33.9  452s
H1915510 342061                       0.0046414    0.00021  95.6%  33.9  452s
H1917950 342525                       0.0046414    0.00021  95.6%  33.9  453s
H1922206 343041                       0.0046414    0.00021  95.6%  33.9  454s
 1922215 343539    0.00021   61   58    0.00464    0.00021  95.6%  33.9  455s
H1922414 292242                       0.0035664    0.00021  94.2%  33.9  455s
H1923614 292242                       0.0035663    0.00021  94.2%  33.8  455s
H1924209 292240                       0.0035663    0.00021  94.2%  33.8  455s
 1936101 294484     cutoff   67         0.00357    0.00021  94.2%  33.8  460s
H1940586 294789                       0.0035663    0.00021  94.2%  33.8  461s
H1940724 294586                       0.0035624    0.00021  94.2%  33.8  462s
H1940838 294595                       0.0035624    0.00021  94.2%  33.8  462s
 1940963 294620     cutoff   87         0.00356    0.00021  94.2%  33.8  465s
H1942041 294843                       0.0035624    0.00021  94.2%  33.8  466s
H1946415 295347                       0.0035624    0.00021  94.2%  33.8  467s
H1947239 283265                       0.0033832    0.00021  93.9%  33.8  469s
H1947568 283261                       0.0033831    0.00021  93.9%  33.8  469s
 1950782 283800    0.00021   72   46    0.00338    0.00021  93.9%  33.7  470s
H1961713 284806                       0.0033831    0.00021  93.9%  33.7  473s
H1964710 247127                       0.0028105    0.00021  92.7%  33.7  474s
H1965988 247127                       0.0028105    0.00021  92.7%  33.7  474s
H1966167 247127                       0.0028105    0.00021  92.7%  33.7  474s
 1966221 247354 infeasible   83         0.00281    0.00021  92.7%  33.7  475s
H1970659 247930                       0.0028104    0.00021  92.7%  33.7  476s
H1973925 232158                       0.0025361    0.00021  91.9%  33.7  477s
 1981722 232808    0.00062   57   49    0.00254    0.00021  91.9%  33.6  480s
H1981910 232806                       0.0025360    0.00021  91.9%  33.6  480s
H1983368 232859                       0.0025360    0.00021  91.9%  33.6  480s
H1984279 232855                       0.0025360    0.00021  91.9%  33.6  480s
H1994809 233654                       0.0025360    0.00021  91.9%  33.6  484s
 1996795 233688    0.00021   53   45    0.00254    0.00021  91.9%  33.6  485s
H1996798 225855                       0.0024495    0.00021  91.6%  33.6  485s
H2008312 227199                       0.0024495    0.00021  91.6%  33.6  489s
 2010476 227265    0.00021   71   36    0.00245    0.00021  91.6%  33.5  490s
H2021771 227871                       0.0024495    0.00021  91.6%  33.5  493s
 2024465 228030     cutoff   61         0.00245    0.00021  91.6%  33.5  495s
 2039908 228923 infeasible   64         0.00245    0.00021  91.6%  33.4  500s
 2053123 230233     cutoff   61         0.00245    0.00021  91.6%  33.4  505s
 2069131 231558    0.00065   66   45    0.00245    0.00021  91.6%  33.4  510s
H2075567 231829                       0.0024495    0.00021  91.6%  33.4  512s
H2078117 210330                       0.0020963    0.00021  90.2%  33.4  513s
 2083388 210571     cutoff   70         0.00210    0.00021  90.2%  33.4  515s
H2095685 212014                       0.0020963    0.00021  90.2%  33.3  518s
H2098265 212224                       0.0020963    0.00021  90.2%  33.3  519s
H2098846 212410                       0.0020963    0.00021  90.2%  33.3  519s
 2101040 212480    0.00021   65   46    0.00210    0.00021  90.2%  33.3  520s
H2102880 212516                       0.0020963    0.00021  90.2%  33.3  521s
H2103584 212516                       0.0020963    0.00021  90.2%  33.3  521s
H2103752 212639                       0.0020963    0.00021  90.2%  33.3  521s
 2117160 213211    0.00081   62   44    0.00210    0.00021  90.2%  33.3  525s
 2132900 214070 infeasible   68         0.00210    0.00021  90.2%  33.2  530s
 2150413 215367     cutoff   56         0.00210    0.00021  90.2%  33.2  535s
H2153148 215452                       0.0020963    0.00021  90.2%  33.2  535s
 2166394 216219    0.00021   76   44    0.00210    0.00021  90.2%  33.1  540s
 2183578 217256    0.00084   54   45    0.00210    0.00021  90.2%  33.1  545s
H2184785 217256                       0.0020963    0.00021  90.2%  33.1  545s
H2187368 217579                       0.0020962    0.00021  90.2%  33.1  546s
 2198297 218033 infeasible   64         0.00210    0.00021  90.2%  33.1  550s
 2212954 218698    0.00078   64   55    0.00210    0.00021  90.2%  33.0  555s
 2229987 219704    0.00106   64   44    0.00210    0.00021  90.2%  33.1  560s
 2243981 220398     cutoff   64         0.00210    0.00021  90.2%  33.0  565s
 2261890 221764    0.00102   68   56    0.00210    0.00021  90.2%  33.0  570s
 2276110 223090    0.00035   69   43    0.00210    0.00021  90.2%  33.0  575s
 2293186 224372 infeasible   55         0.00210    0.00021  90.2%  32.9  580s
 2312105 226097     cutoff   69         0.00210    0.00021  90.2%  32.9  585s
 2326406 227690    0.00021   47   42    0.00210    0.00021  90.2%  32.8  590s
H2333775 224387                       0.0020319    0.00021  89.9%  32.8  592s
H2336776 224802                       0.0020319    0.00021  89.9%  32.8  593s
H2337411 224802                       0.0020319    0.00021  89.9%  32.8  593s
 2340483 225147    0.00021   63   47    0.00203    0.00021  89.9%  32.8  595s
H2341457 225147                       0.0020318    0.00021  89.9%  32.8  595s
H2346123 225399                       0.0020318    0.00021  89.9%  32.8  596s
H2349400 225713                       0.0020318    0.00021  89.9%  32.8  598s
H2349820 187881                       0.0014197    0.00021  85.5%  32.8  598s
H2351295 188058                       0.0014197    0.00021  85.5%  32.8  599s
 2352334 188187    0.00038   76   53    0.00142    0.00021  85.5%  32.8  600s
H2358596 188578                       0.0014196    0.00021  85.5%  32.8  601s
 2373737 189634    0.00023   76   46    0.00142    0.00021  85.5%  32.7  605s
H2378513 190007                       0.0014196    0.00021  85.5%  32.7  606s
H2379537 190064                       0.0014196    0.00021  85.5%  32.7  607s
 2386807 190447     cutoff   60         0.00142    0.00021  85.5%  32.7  610s
H2389136 190581                       0.0014196    0.00021  85.5%  32.7  610s
 2404304 191539    0.00021   54   44    0.00142    0.00021  85.5%  32.6  615s
 2420201 192469 infeasible   67         0.00142    0.00021  85.5%  32.6  620s
H2439094 191141                       0.0013813    0.00021  85.1%  32.6  624s
 2439582 191191    0.00021   62   47    0.00138    0.00021  85.1%  32.6  625s
H2439732 190750                       0.0013744    0.00021  85.0%  32.6  625s
H2449030 191202                       0.0013744    0.00021  85.0%  32.6  628s
H2452836 191348                       0.0013744    0.00021  85.0%  32.5  629s
 2453811 191431 infeasible   57         0.00137    0.00021  85.0%  32.5  630s
 2470668 192530     cutoff   68         0.00137    0.00021  85.0%  32.6  635s
 2489056 193753    0.00024   74   50    0.00137    0.00021  85.0%  32.6  640s
H2498616 194750                       0.0013744    0.00021  85.0%  32.6  642s
H2502536 191885                       0.0013233    0.00021  84.4%  32.5  643s
 2505418 192030 infeasible   69         0.00132    0.00021  84.4%  32.5  645s
H2509863 187968                       0.0012552    0.00021  83.6%  32.5  646s
 2522501 188784    0.00021   56   44    0.00126    0.00021  83.6%  32.5  650s
H2527627 188952                       0.0012552    0.00021  83.6%  32.5  651s
 2536578 189215 infeasible   49         0.00126    0.00021  83.6%  32.5  655s
H2541074 188117                       0.0012371    0.00021  83.4%  32.5  656s
 2552397 188184     cutoff   69         0.00124    0.00021  83.4%  32.5  660s
H2554884 188180                       0.0012371    0.00021  83.4%  32.5  661s
H2557864 188282                       0.0012371    0.00021  83.4%  32.5  662s
H2561617 188315                       0.0012370    0.00021  83.4%  32.5  663s
 2566345 188397    0.00021   71   45    0.00124    0.00021  83.4%  32.4  665s
H2574731 188429                       0.0012370    0.00021  83.4%  32.4  667s
 2580683 188627 infeasible   68         0.00124    0.00021  83.4%  32.4  670s
 2593277 189452     cutoff   56         0.00124    0.00021  83.4%  32.4  675s
 2607440 190151    0.00021   60   44    0.00124    0.00021  83.4%  32.4  680s
 2625024 191121    0.00021   54   56    0.00124    0.00021  83.4%  32.4  685s
 2639570 192175 infeasible   71         0.00124    0.00021  83.4%  32.4  690s
 2655493 193444    0.00021   80   45    0.00124    0.00021  83.4%  32.3  695s
 2671203 194277    0.00021   60   41    0.00124    0.00021  83.4%  32.3  700s
 2683353 194757     cutoff   60         0.00124    0.00021  83.4%  32.3  705s
 2697318 195459    0.00090   68   43    0.00124    0.00021  83.4%  32.3  710s
 2714428 196909    0.00021   59   51    0.00124    0.00021  83.4%  32.2  715s
 2728834 199023    0.00026   62   55    0.00124    0.00021  83.4%  32.2  720s
 2742422 199815    0.00021   56   44    0.00124    0.00021  83.4%  32.1  725s
 2756331 200541     cutoff   58         0.00124    0.00021  83.4%  32.2  730s
 2770669 201099    0.00037   66   56    0.00124    0.00021  83.4%  32.2  735s
 2785082 201897    0.00021   58   58    0.00124    0.00021  83.4%  32.2  740s
H2792167 202354                       0.0012370    0.00021  83.4%  32.2  742s
H2794597 202488                       0.0012370    0.00021  83.4%  32.2  743s
 2798381 202582     cutoff   56         0.00124    0.00021  83.4%  32.2  745s
H2804229 202657                       0.0012370    0.00021  83.4%  32.1  747s
H2805142 202654                       0.0012370    0.00021  83.4%  32.1  748s
H2805744 202641                       0.0012370    0.00021  83.4%  32.2  748s
 2810683 202804 infeasible   64         0.00124    0.00021  83.4%  32.1  750s
H2813212 192743                       0.0010933    0.00021  81.2%  32.1  751s
H2819463 193010                       0.0010933    0.00021  81.2%  32.1  753s
H2823380 193104                       0.0010933    0.00021  81.2%  32.1  754s
 2824392 193145    0.00021   63   44    0.00109    0.00021  81.2%  32.1  755s
 2835892 193278    0.00053   66   54    0.00109    0.00021  81.2%  32.2  760s
 2849984 193871    0.00021   68   36    0.00109    0.00021  81.2%  32.2  765s
 2864838 194665 infeasible   66         0.00109    0.00021  81.2%  32.1  770s
H2867050 194701                       0.0010933    0.00021  81.2%  32.1  771s
H2868354 194884                       0.0010933    0.00021  81.2%  32.1  771s
 2878841 195751    0.00043   68   54    0.00109    0.00021  81.2%  32.1  775s
 2892131 196611    0.00021   66   46    0.00109    0.00021  81.2%  32.1  780s
H2904082 197569                       0.0010933    0.00021  81.2%  32.1  784s
 2905865 197599     cutoff   54         0.00109    0.00021  81.2%  32.1  785s
H2906557 197599                       0.0010933    0.00021  81.2%  32.1  785s
 2916879 198257     cutoff   67         0.00109    0.00021  81.2%  32.1  790s
 2929642 198413    0.00021   38   49    0.00109    0.00021  81.2%  32.1  795s
 2943490 199024 infeasible   57         0.00109    0.00021  81.2%  32.1  800s
 2960213 199841     cutoff   66         0.00109    0.00021  81.2%  32.1  805s
H2972888 200304                       0.0010932    0.00021  81.2%  32.1  809s
H2973939 200548                       0.0010932    0.00021  81.2%  32.1  809s
H2975373 200548                       0.0010932    0.00021  81.2%  32.1  809s
 2975611 200668    0.00021   51   47    0.00109    0.00021  81.2%  32.1  810s
 2987202 201389    0.00021   68   46    0.00109    0.00021  81.2%  32.1  815s
 2996062 201468    0.00021   59   54    0.00109    0.00021  81.2%  32.1  820s
 3009333 202247    0.00021   64   35    0.00109    0.00021  81.2%  32.1  825s
 3025649 202717     cutoff   50         0.00109    0.00021  81.2%  32.1  830s
 3042416 204745     cutoff   79         0.00109    0.00021  81.2%  32.1  835s
H3043901 200594                       0.0010401    0.00021  80.2%  32.0  836s
H3049692 200998                       0.0010401    0.00021  80.2%  32.0  838s
H3052650 189297                       0.0008961    0.00021  77.0%  32.0  839s
H3053300 189297                       0.0008961    0.00021  77.0%  32.0  839s
 3056016 189457    0.00065   78   50    0.00090    0.00021  77.0%  32.0  840s
H3057614 189789                       0.0008961    0.00021  77.0%  32.0  841s
 3064488 190751 infeasible   62         0.00090    0.00021  77.0%  32.0  845s
 3075027 192315    0.00034   44   50    0.00090    0.00021  77.0%  32.1  850s
 3087103 193788    0.00021   40   68    0.00090    0.00021  77.0%  32.1  856s
 3094610 194809    0.00021   53   57    0.00090    0.00021  77.0%  32.1  860s
 3105846 195853    0.00021   57   45    0.00090    0.00021  77.0%  32.1  865s
 3120177 196992     cutoff   55         0.00090    0.00021  77.0%  32.0  870s
 3131862 197903     cutoff   67         0.00090    0.00021  77.0%  32.0  875s
 3141508 198721     cutoff   51         0.00090    0.00021  77.0%  32.0  880s
 3150717 200178 infeasible   58         0.00090    0.00021  77.0%  32.1  885s
 3158740 201402     cutoff   48         0.00090    0.00021  77.0%  32.1  890s
 3171292 202696    0.00087   55   47    0.00090    0.00021  77.0%  32.1  895s
 3182647 203953    0.00021   57   55    0.00090    0.00021  77.0%  32.1  900s
 3192831 205221    0.00040   71   55    0.00090    0.00021  77.0%  32.1  905s
 3205121 206396     cutoff   64         0.00090    0.00021  77.0%  32.1  910s
 3215178 208343    0.00084   43   27    0.00090    0.00021  77.0%  32.1  915s
 3224318 209253    0.00021   66   48    0.00090    0.00021  77.0%  32.1  920s
 3238868 211494     cutoff   70         0.00090    0.00021  77.0%  32.1  925s
 3249633 213428    0.00021   57   45    0.00090    0.00021  77.0%  32.1  930s
 3262148 215184 infeasible   67         0.00090    0.00021  77.0%  32.1  935s
 3272646 217074    0.00021   46   51    0.00090    0.00021  77.0%  32.1  940s
 3283177 218385    0.00021   53   52    0.00090    0.00021  77.0%  32.1  945s
 3294587 220071    0.00084   61   41    0.00090    0.00021  77.0%  32.1  950s
 3309013 222179     cutoff   48         0.00090    0.00021  77.0%  32.1  955s
 3320968 223381    0.00021   46   49    0.00090    0.00021  77.0%  32.1  960s
 3333219 226435    0.00029   48   52    0.00090    0.00021  77.0%  32.1  965s
 3344420 228878    0.00021   54   65    0.00090    0.00021  77.0%  32.1  970s
 3356841 231296    0.00021   69   47    0.00090    0.00021  77.0%  32.1  975s
 3368441 233898    0.00084   65   38    0.00090    0.00021  77.0%  32.1  980s
 3383595 237146    0.00021   54   49    0.00090    0.00021  77.0%  32.1  985s
 3395793 239382     cutoff   53         0.00090    0.00021  77.0%  32.1  990s
 3409470 242011 infeasible   64         0.00090    0.00021  77.0%  32.1  995s
 3418945 243852    0.00021   61   55    0.00090    0.00021  77.0%  32.1 1000s
 3429039 245974     cutoff   52         0.00090    0.00021  77.0%  32.1 1005s
 3446713 248696    0.00084   65   36    0.00090    0.00021  77.0%  32.0 1010s
 3458038 250059    0.00021   52   46    0.00090    0.00021  77.0%  32.0 1015s
 3465873 251105    0.00045   49   57    0.00090    0.00021  77.0%  32.0 1020s
 3479558 253225     cutoff   67         0.00090    0.00021  77.0%  32.0 1025s
 3493693 255210     cutoff   73         0.00090    0.00021  77.0%  32.0 1030s
 3506707 257117    0.00023   61   46    0.00090    0.00021  77.0%  32.1 1035s
 3518219 259025    0.00021   62   46    0.00090    0.00021  77.0%  32.1 1040s
 3526318 259793     cutoff   69         0.00090    0.00021  77.0%  32.0 1045s
 3539438 261524     cutoff   61         0.00090    0.00021  77.0%  32.0 1050s
 3554449 263516     cutoff   62         0.00090    0.00021  77.0%  32.0 1055s
 3569425 265578 infeasible   68         0.00090    0.00021  77.0%  32.0 1060s
 3581161 266914    0.00021   79   44    0.00090    0.00021  77.0%  32.1 1065s
 3593113 268011    0.00021   66   47    0.00090    0.00021  77.0%  32.1 1070s
 3606451 268851    0.00021   49   58    0.00090    0.00021  77.0%  32.1 1075s
 3614086 269536    0.00021   56   53    0.00090    0.00021  77.0%  32.1 1080s
 3626013 271108    0.00059   53   49    0.00090    0.00021  77.0%  32.1 1085s
 3635535 273000    0.00022   52   53    0.00090    0.00021  77.0%  32.1 1090s
 3646592 274529    0.00021   52   40    0.00090    0.00021  77.0%  32.1 1095s
 3658287 277343    0.00068   72   55    0.00090    0.00021  77.0%  32.1 1100s
 3673101 279764    0.00026   49   50    0.00090    0.00021  77.0%  32.1 1106s
 3685810 282558    0.00021   57   50    0.00090    0.00021  77.0%  32.1 1111s
 3696421 285788    0.00084   69   33    0.00090    0.00021  77.0%  32.1 1115s
 3708062 288635    0.00021   66   53    0.00090    0.00021  77.0%  32.1 1120s
 3719184 290942 infeasible   62         0.00090    0.00021  77.0%  32.0 1125s
 3732642 293156    0.00021   74   33    0.00090    0.00021  77.0%  32.0 1130s
 3745820 294583    0.00021   57   44    0.00090    0.00021  77.0%  32.0 1135s
H3748941 295040                       0.0008961    0.00021  77.0%  32.0 1136s
 3757810 295991     cutoff   74         0.00090    0.00021  77.0%  32.0 1140s
 3769608 297906     cutoff   44         0.00090    0.00021  77.0%  32.0 1145s
H3770980 298059                       0.0008960    0.00021  77.0%  32.0 1146s
 3783096 299787    0.00021   71   46    0.00090    0.00021  77.0%  32.0 1150s
 3795314 301775 infeasible   58         0.00090    0.00021  77.0%  32.0 1155s
 3805565 304434     cutoff   60         0.00090    0.00021  77.0%  32.0 1160s
 3819570 306278    0.00021   52   56    0.00090    0.00021  77.0%  32.0 1165s
 3831557 308374    0.00021   56   37    0.00090    0.00021  77.0%  32.0 1170s
 3843719 310340    0.00021   71   53    0.00090    0.00021  77.0%  32.0 1175s
 3861192 314269    0.00022   55   45    0.00090    0.00021  77.0%  32.0 1180s
 3872556 316139     cutoff   78         0.00090    0.00021  77.0%  32.0 1185s
 3884208 317160    0.00021   84   46    0.00090    0.00021  77.0%  31.9 1190s
 3896445 317931     cutoff   65         0.00090    0.00021  77.0%  31.9 1195s
 3908492 319038 infeasible   66         0.00090    0.00021  77.0%  31.9 1200s
H3912880 319280                       0.0008959    0.00021  77.0%  31.9 1201s
 3925257 321152     cutoff   61         0.00090    0.00021  77.0%  31.9 1206s
H3926471 321340                       0.0008959    0.00021  77.0%  31.9 1206s
 3936465 323047    0.00084   76   24    0.00090    0.00021  77.0%  31.9 1210s
 3951102 324874    0.00021   80   45    0.00090    0.00021  77.0%  31.9 1215s
 3963768 327199    0.00021   75   46    0.00090    0.00021  77.0%  31.9 1220s
 3978782 329499    0.00084   81   42    0.00090    0.00021  77.0%  31.9 1225s
 3990599 331649     cutoff   73         0.00090    0.00021  77.0%  31.9 1230s
 4003037 334352    0.00021   73   42    0.00090    0.00021  77.0%  31.9 1235s
 4016956 336523    0.00084   51   36    0.00090    0.00021  77.0%  31.9 1240s
 4029268 338709    0.00076   84   58    0.00090    0.00021  77.0%  31.9 1245s
 4039950 340203    0.00084   53   39    0.00090    0.00021  77.0%  31.9 1250s
 4053772 341871 infeasible   65         0.00090    0.00021  77.0%  31.9 1255s
 4065637 343394    0.00021   65   56    0.00090    0.00021  77.0%  31.9 1260s
 4076758 344595    0.00021   72   44    0.00090    0.00021  77.0%  31.9 1265s
H4081813 345173                       0.0008959    0.00021  77.0%  31.9 1266s
H4082568 345215                       0.0008959    0.00021  77.0%  31.9 1267s
 4091287 346827 infeasible   74         0.00090    0.00021  77.0%  31.9 1270s
 4103103 348886 infeasible   60         0.00090    0.00021  77.0%  31.9 1275s
 4117012 351211     cutoff   60         0.00090    0.00021  77.0%  31.8 1280s
 4131627 352940     cutoff   48         0.00090    0.00021  77.0%  31.8 1285s
 4139666 354058     cutoff   60         0.00090    0.00021  77.0%  31.8 1290s
 4151606 355179     cutoff   65         0.00090    0.00021  77.0%  31.8 1295s
 4162364 355961 infeasible   60         0.00090    0.00021  77.0%  31.8 1300s
 4176201 358111     cutoff   69         0.00090    0.00021  77.0%  31.8 1305s
 4194015 361239 infeasible   80         0.00090    0.00021  77.0%  31.8 1310s
 4210086 366201 infeasible   65         0.00090    0.00021  77.0%  31.8 1315s
 4226317 370182    0.00021   69   44    0.00090    0.00021  77.0%  31.8 1320s
 4244377 372289    0.00027   77   45    0.00090    0.00021  77.0%  31.8 1325s
 4261600 375000    0.00021   61   48    0.00090    0.00021  77.0%  31.7 1330s
 4281487 377234    0.00084   64   51    0.00090    0.00021  77.0%  31.7 1335s
 4296005 379362    0.00021   45   52    0.00090    0.00021  77.0%  31.7 1340s
 4311906 381240 infeasible   89         0.00090    0.00021  77.0%  31.7 1345s
 4327982 382949 infeasible   54         0.00090    0.00021  77.0%  31.7 1350s
 4347179 384327    0.00084   71   46    0.00090    0.00021  77.0%  31.7 1356s
 4359623 385877    0.00024   57   56    0.00090    0.00021  77.0%  31.7 1360s
 4378357 388045     cutoff   57         0.00090    0.00021  77.0%  31.7 1365s
 4394422 389735    0.00058   59   46    0.00090    0.00021  77.0%  31.7 1370s
 4413490 391458     cutoff   62         0.00090    0.00021  77.0%  31.7 1376s
 4427910 393205 infeasible  100         0.00090    0.00021  77.0%  31.7 1380s
 4443534 395477 infeasible   70         0.00090    0.00021  77.0%  31.7 1385s
 4460792 397489     cutoff   97         0.00090    0.00021  77.0%  31.7 1390s
 4476586 400555 infeasible   53         0.00090    0.00021  77.0%  31.8 1395s
H4482171 401475                       0.0008959    0.00021  77.0%  31.8 1396s
H4487328 402704                       0.0008958    0.00021  77.0%  31.8 1399s
 4490591 403651    0.00021   51   46    0.00090    0.00021  77.0%  31.8 1400s
 4507897 406436 infeasible   61         0.00090    0.00021  77.0%  31.7 1405s
 4528749 409532    0.00026   47   58    0.00090    0.00021  77.0%  31.7 1411s
 4543223 411849    0.00021   57   37    0.00090    0.00021  77.0%  31.7 1415s
 4561997 415316    0.00021   64   59    0.00090    0.00021  77.0%  31.7 1420s
 4578342 417748    0.00026   58   45    0.00090    0.00021  77.0%  31.7 1425s
 4593597 419903    0.00084   96   47    0.00090    0.00021  77.0%  31.7 1430s
 4608317 421642    0.00021   72   44    0.00090    0.00021  77.0%  31.6 1435s
 4628663 424311 infeasible   60         0.00090    0.00021  77.0%  31.6 1440s
 4644097 426602    0.00023   60   49    0.00090    0.00021  77.0%  31.6 1445s
 4660524 429314    0.00083   81   35    0.00090    0.00021  77.0%  31.6 1450s
 4677727 430941 infeasible   71         0.00090    0.00021  77.0%  31.6 1455s
 4691136 432511 infeasible   60         0.00090    0.00021  77.0%  31.6 1460s
 4709219 434487    0.00021   67   56    0.00090    0.00021  77.0%  31.6 1465s
 4723287 436173    0.00086   82   48    0.00090    0.00021  77.0%  31.6 1470s
 4740980 439087    0.00021   59   49    0.00090    0.00021  77.0%  31.6 1475s
 4756392 441110     cutoff   68         0.00090    0.00021  77.0%  31.6 1480s
 4775248 443224    0.00050   65   58    0.00090    0.00021  77.0%  31.6 1485s
 4792117 445122    0.00021   70   43    0.00090    0.00021  77.0%  31.6 1490s
 4814116 447772    0.00079   90   54    0.00090    0.00021  77.0%  31.6 1495s
 4831561 449774    0.00040   71   43    0.00090    0.00021  77.0%  31.6 1500s
 4846273 451889    0.00021   61   44    0.00090    0.00021  77.0%  31.6 1505s
 4859220 453223     cutoff   57         0.00090    0.00021  77.0%  31.6 1510s
 4873697 454581    0.00021   67   48    0.00090    0.00021  77.0%  31.6 1515s
 4887569 456001    0.00049   82   42    0.00090    0.00021  77.0%  31.6 1520s
H4889467 456172                       0.0008958    0.00021  77.0%  31.6 1520s
H4898570 456253                       0.0008856    0.00021  76.8%  31.6 1522s
H4899469 456242                       0.0008855    0.00021  76.8%  31.6 1523s
 4905678 457230    0.00026   67   59    0.00089    0.00021  76.8%  31.6 1525s
H4909509 457794                       0.0008855    0.00021  76.8%  31.6 1526s
H4914831 458349                       0.0008855    0.00021  76.8%  31.6 1527s
H4919105 459043                       0.0008855    0.00021  76.8%  31.6 1528s
 4923596 459646    0.00021   54   44    0.00089    0.00021  76.8%  31.6 1530s
H4927625 457351                       0.0008726    0.00021  76.4%  31.6 1531s
H4938747 459080                       0.0008726    0.00021  76.4%  31.6 1534s
H4939596 459080                       0.0008726    0.00021  76.4%  31.6 1534s
 4940101 459458 infeasible   95         0.00087    0.00021  76.4%  31.6 1535s
H4950330 460389                       0.0008726    0.00021  76.4%  31.6 1538s
H4950782 460547                       0.0008726    0.00021  76.4%  31.6 1539s
H4951589 460547                       0.0008726    0.00021  76.4%  31.6 1539s
 4955683 461078     cutoff   80         0.00087    0.00021  76.4%  31.6 1540s
 4971720 462615    0.00050   71   49    0.00087    0.00021  76.4%  31.5 1545s
 4987853 464128 infeasible   67         0.00087    0.00021  76.4%  31.5 1550s
 5006827 465693    0.00024   74   44    0.00087    0.00021  76.4%  31.5 1555s
H5009988 466043                       0.0008725    0.00021  76.4%  31.5 1556s
H5020756 467145                       0.0008725    0.00021  76.4%  31.5 1559s
 5025392 467534 infeasible   77         0.00087    0.00021  76.4%  31.5 1561s
H5030071 468125                       0.0008725    0.00021  76.4%  31.5 1562s
H5041191 469333                       0.0008725    0.00021  76.4%  31.5 1564s
 5041846 469339 infeasible   87         0.00087    0.00021  76.4%  31.5 1566s
 5056824 473099 infeasible   56         0.00087    0.00021  76.4%  31.5 1570s
 5073412 475115    0.00021   67   47    0.00087    0.00021  76.4%  31.5 1575s
 5089728 476613    0.00084   57   43    0.00087    0.00021  76.4%  31.5 1580s
 5105297 478020    0.00021   66   38    0.00087    0.00021  76.4%  31.5 1585s
 5122333 479772    0.00025   69   57    0.00087    0.00021  76.4%  31.5 1590s
 5139745 481900     cutoff   78         0.00087    0.00021  76.4%  31.5 1595s
 5155067 482911    0.00021   64   43    0.00087    0.00021  76.4%  31.5 1600s
 5171636 484346     cutoff   66         0.00087    0.00021  76.4%  31.5 1605s
 5187623 485656    0.00034   88   41    0.00087    0.00021  76.4%  31.5 1610s
 5205489 489886    0.00029   77   57    0.00087    0.00021  76.4%  31.5 1615s
 5225499 494636    0.00026   92   36    0.00087    0.00021  76.4%  31.5 1620s
 5242897 498419     cutoff   98         0.00087    0.00021  76.4%  31.4 1625s
 5262396 501021    0.00024   96   48    0.00087    0.00021  76.4%  31.4 1630s
 5277804 502697    0.00021   81   47    0.00087    0.00021  76.4%  31.4 1635s
H5290711 504183                       0.0008725    0.00021  76.4%  31.4 1638s
H5294375 404141                       0.0008245    0.00021  75.0%  31.4 1639s
H5294559 404417                       0.0008245    0.00021  75.0%  31.4 1640s
H5296190 404105                       0.0008216    0.00021  74.9%  31.4 1640s
H5297792 404308                       0.0008216    0.00021  74.9%  31.4 1641s
H5298205 404308                       0.0008216    0.00021  74.9%  31.4 1641s
H5300181 404530                       0.0008216    0.00021  74.9%  31.3 1643s
H5303529 404454                       0.0008166    0.00021  74.8%  31.3 1644s
 5305911 405213     cutoff   73         0.00082    0.00021  74.8%  31.3 1645s
H5313315 406398                       0.0008166    0.00021  74.8%  31.3 1648s
 5320137 407551    0.00023   84   48    0.00082    0.00021  74.8%  31.3 1650s
H5322564 407888                       0.0008165    0.00021  74.8%  31.3 1650s
H5328174 408268                       0.0008105    0.00021  74.6%  31.3 1653s
H5328766 408268                       0.0008105    0.00021  74.6%  31.3 1653s
 5336843 409327    0.00021   79   44    0.00081    0.00021  74.6%  31.3 1655s
H5341712 410162                       0.0008105    0.00021  74.6%  31.3 1656s
H5341842 410162                       0.0008105    0.00021  74.6%  31.3 1656s
H5347191 411046                       0.0008105    0.00021  74.6%  31.3 1659s
 5348063 411371     cutoff   65         0.00081    0.00021  74.6%  31.3 1660s
 5363978 414114     cutoff   75         0.00081    0.00021  74.6%  31.3 1665s
H5366220 414310                       0.0008105    0.00021  74.6%  31.3 1665s
 5380893 416181    0.00029   89   34    0.00081    0.00021  74.6%  31.2 1670s
 5402626 418974 infeasible   76         0.00081    0.00021  74.6%  31.2 1675s
 5418114 420728    0.00054   68   46    0.00081    0.00021  74.6%  31.2 1680s
 5432355 422515     cutoff   82         0.00081    0.00021  74.6%  31.1 1685s
 5450133 425156    0.00021   92   48    0.00081    0.00021  74.6%  31.1 1690s
 5469868 427252    0.00021   99   51    0.00081    0.00021  74.6%  31.1 1695s
H5475050 427710                       0.0008105    0.00021  74.6%  31.1 1697s
 5486246 429136 infeasible   87         0.00081    0.00021  74.6%  31.1 1700s
H5489399 429372                       0.0008104    0.00021  74.6%  31.1 1701s
 5502206 430461 infeasible   84         0.00081    0.00021  74.6%  31.1 1705s
 5519311 433687 infeasible   81         0.00081    0.00021  74.6%  31.0 1710s
 5537884 436338    0.00022   66   56    0.00081    0.00021  74.6%  31.0 1715s
H5547341 436866                       0.0008104    0.00021  74.6%  31.0 1718s
 5555397 437640     cutoff   68         0.00081    0.00021  74.6%  31.0 1720s
 5572473 438739 infeasible   74         0.00081    0.00021  74.6%  31.0 1725s
 5592333 439979     cutoff   70         0.00081    0.00021  74.6%  31.0 1730s
 5608080 441242    0.00021   61   51    0.00081    0.00021  74.6%  31.0 1735s
 5626426 442567    0.00021   62   46    0.00081    0.00021  74.6%  31.0 1740s
H5626549 442562                       0.0008104    0.00021  74.6%  31.0 1740s
 5638524 443851    0.00047   66   36    0.00081    0.00021  74.6%  31.0 1745s
 5655952 445069     cutoff   83         0.00081    0.00021  74.6%  31.0 1750s
 5674559 447159    0.00032   64   57    0.00081    0.00021  74.6%  30.9 1755s
 5692993 449867    0.00029   77   47    0.00081    0.00021  74.6%  30.9 1760s
H5693041 450013                       0.0008104    0.00021  74.6%  30.9 1760s
H5693315 449903                       0.0008094    0.00021  74.6%  30.9 1760s
H5694626 449906                       0.0008094    0.00021  74.6%  30.9 1762s
H5694628 449906                       0.0008094    0.00021  74.6%  30.9 1762s
 5704614 451330    0.00021   90   33    0.00081    0.00021  74.6%  30.9 1765s
H5710106 451658                       0.0008094    0.00021  74.6%  30.9 1767s
 5719479 453148    0.00035   79   46    0.00081    0.00021  74.6%  30.9 1770s
 5736501 454786    0.00021   67   51    0.00081    0.00021  74.6%  30.9 1775s
H5741857 455500                       0.0008094    0.00021  74.6%  30.9 1776s
 5752736 457035    0.00021   60   58    0.00081    0.00021  74.6%  30.9 1780s
 5770195 459290    0.00021   70   44    0.00081    0.00021  74.6%  30.9 1785s
 5788655 461685 infeasible   90         0.00081    0.00021  74.6%  30.9 1790s
 5807558 463545    0.00021   55   56    0.00081    0.00021  74.6%  30.9 1796s
 5823321 465929    0.00025   61   59    0.00081    0.00021  74.6%  30.9 1800s
 5841577 468279    0.00021   75   47    0.00081    0.00021  74.6%  30.8 1805s
 5859701 469998 infeasible   78         0.00081    0.00021  74.6%  30.8 1810s
H5860620 469782                       0.0008079    0.00021  74.5%  30.8 1810s
 5878033 471593    0.00021   67   55    0.00081    0.00021  74.5%  30.8 1815s
 5899816 473073 infeasible   77         0.00081    0.00021  74.5%  30.8 1820s
H5912220 474336                       0.0008079    0.00021  74.5%  30.8 1823s
H5918358 475233                       0.0008079    0.00021  74.5%  30.8 1824s
 5920400 475415    0.00021   67   53    0.00081    0.00021  74.5%  30.8 1825s
 5940317 477262     cutoff   78         0.00081    0.00021  74.5%  30.8 1830s
 5954468 478809    0.00021   66   49    0.00081    0.00021  74.5%  30.8 1835s
 5971928 480267 infeasible   67         0.00081    0.00021  74.5%  30.8 1840s
 5991563 481030 infeasible   69         0.00081    0.00021  74.5%  30.7 1845s
 6008249 481930 infeasible   80         0.00081    0.00021  74.5%  30.7 1850s
 6024631 482486    0.00021   56   53    0.00081    0.00021  74.5%  30.7 1855s
 6042613 483452    0.00021   64   32    0.00081    0.00021  74.5%  30.7 1860s
 6062415 485097    0.00021   70   57    0.00081    0.00021  74.5%  30.7 1865s
 6083214 487127    0.00021   74   44    0.00081    0.00021  74.5%  30.6 1870s
 6099411 488191    0.00075   64   50    0.00081    0.00021  74.5%  30.6 1875s
 6112753 488908    0.00021   62   36    0.00081    0.00021  74.5%  30.6 1880s
 6129428 490777    0.00041   75   55    0.00081    0.00021  74.5%  30.6 1885s
 6144414 492326     cutoff   62         0.00081    0.00021  74.5%  30.6 1891s
 6159799 494069    0.00021   53   57    0.00081    0.00021  74.5%  30.6 1895s
 6173212 496068    0.00021   48   46    0.00081    0.00021  74.5%  30.6 1900s
 6191700 498182     cutoff   83         0.00081    0.00021  74.5%  30.6 1905s
H6197711 499008                       0.0008079    0.00021  74.5%  30.6 1907s
 6205881 500134     cutoff   57         0.00081    0.00021  74.5%  30.6 1910s
 6225633 503201     cutoff   79         0.00081    0.00021  74.5%  30.6 1915s
 6243280 505863 infeasible   81         0.00081    0.00021  74.5%  30.6 1920s
 6259045 508084    0.00021   88   47    0.00081    0.00021  74.5%  30.6 1925s
 6277600 510419     cutoff   68         0.00081    0.00021  74.5%  30.6 1930s
 6295849 512109    0.00028   80   45    0.00081    0.00021  74.5%  30.6 1935s
 6310128 513803    0.00075   84   43    0.00081    0.00021  74.5%  30.6 1940s
 6329996 516679 infeasible   90         0.00081    0.00021  74.5%  30.5 1945s
 6349839 519729 infeasible   58         0.00081    0.00021  74.5%  30.5 1950s
 6371939 522252    0.00021   87   48    0.00081    0.00021  74.5%  30.5 1955s
H6388079 523937                       0.0008079    0.00021  74.5%  30.5 1959s
 6389118 524000     cutoff   50         0.00081    0.00021  74.5%  30.5 1960s
H6389470 524000                       0.0008079    0.00021  74.5%  30.5 1960s
 6400920 524766 infeasible   52         0.00081    0.00021  74.5%  30.5 1965s
 6419495 526615    0.00060   58   44    0.00081    0.00021  74.5%  30.5 1970s
 6434251 528471     cutoff   58         0.00081    0.00021  74.5%  30.5 1975s
H6440497 529053                       0.0008079    0.00021  74.5%  30.5 1975s
 6453049 530364     cutoff   83         0.00081    0.00021  74.5%  30.5 1980s
 6470763 533100     cutoff  102         0.00081    0.00021  74.5%  30.5 1985s
 6487342 534583    0.00021   71   44    0.00081    0.00021  74.5%  30.4 1990s
 6506396 536444    0.00024   84   53    0.00081    0.00021  74.5%  30.4 1995s
 6523947 538226    0.00021   55   48    0.00081    0.00021  74.5%  30.4 2000s
 6538948 539355    0.00021   79   51    0.00081    0.00021  74.5%  30.4 2005s
 6557310 540880     cutoff   96         0.00081    0.00021  74.5%  30.4 2010s
 6571755 541682    0.00021   63   39    0.00081    0.00021  74.5%  30.4 2015s
 6590722 542881    0.00021   61   41    0.00081    0.00021  74.5%  30.4 2020s
 6608065 543682    0.00021   72   47    0.00081    0.00021  74.5%  30.4 2025s
 6627105 544637     cutoff   67         0.00081    0.00021  74.5%  30.4 2030s
 6641236 544718    0.00044   69   48    0.00081    0.00021  74.5%  30.4 2035s
 6659341 545801    0.00047   58   52    0.00081    0.00021  74.5%  30.4 2040s
 6677220 546989 infeasible   76         0.00081    0.00021  74.5%  30.4 2045s
 6693870 548523    0.00025   58   39    0.00081    0.00021  74.5%  30.3 2050s
 6710160 549485    0.00021   58   57    0.00081    0.00021  74.5%  30.3 2055s
 6727323 550686    0.00021   53   49    0.00081    0.00021  74.5%  30.3 2060s
 6743763 551243    0.00021   59   50    0.00081    0.00021  74.5%  30.4 2065s
 6760968 551821     cutoff   67         0.00081    0.00021  74.5%  30.4 2070s
 6779965 552385 infeasible   62         0.00081    0.00021  74.5%  30.4 2075s
 6799221 554507     cutoff   44         0.00081    0.00021  74.5%  30.4 2081s
 6815626 556645 infeasible   47         0.00081    0.00021  74.5%  30.4 2085s
 6834223 559313 infeasible   69         0.00081    0.00021  74.5%  30.4 2090s
 6850821 562650     cutoff   66         0.00081    0.00021  74.5%  30.4 2095s
 6870138 564504     cutoff   66         0.00081    0.00021  74.5%  30.3 2100s
 6888182 566045    0.00021   71   45    0.00081    0.00021  74.5%  30.3 2105s
 6905845 567785     cutoff   76         0.00081    0.00021  74.5%  30.3 2110s
 6924872 568710     cutoff   73         0.00081    0.00021  74.5%  30.3 2115s
 6940677 570211    0.00021   78   41    0.00081    0.00021  74.5%  30.3 2120s
 6955307 572367    0.00077   90   43    0.00081    0.00021  74.5%  30.3 2125s
 6978028 573724    0.00021   73   41    0.00081    0.00021  74.5%  30.3 2131s
 6995778 574659    0.00021   53   52    0.00081    0.00021  74.5%  30.3 2136s
 7012285 575732    0.00021   65   46    0.00081    0.00021  74.5%  30.3 2140s
 7030355 576399    0.00022   63   46    0.00081    0.00021  74.5%  30.3 2145s
 7047524 577441 infeasible   64         0.00081    0.00021  74.5%  30.3 2150s
 7063426 578384     cutoff   59         0.00081    0.00021  74.5%  30.2 2155s
 7082076 580499    0.00047   78   44    0.00081    0.00021  74.5%  30.2 2160s
 7098280 581883    0.00070   98   43    0.00081    0.00021  74.5%  30.2 2165s
 7112489 583976    0.00029   54   48    0.00081    0.00021  74.5%  30.2 2170s
 7130238 585023 infeasible   61         0.00081    0.00021  74.5%  30.2 2175s
 7147448 585790    0.00024   72   48    0.00081    0.00021  74.5%  30.2 2180s
 7160995 586665    0.00021   56   45    0.00081    0.00021  74.5%  30.2 2185s
 7177268 588154    0.00021   44   48    0.00081    0.00021  74.5%  30.2 2190s
 7195827 590838    0.00061   58   47    0.00081    0.00021  74.5%  30.2 2195s
 7216196 593947    0.00021   73   43    0.00081    0.00021  74.5%  30.2 2200s
 7235663 596057    0.00078   73   42    0.00081    0.00021  74.5%  30.2 2206s
 7251666 597221     cutoff   89         0.00081    0.00021  74.5%  30.2 2210s
 7266548 598511 infeasible   76         0.00081    0.00021  74.5%  30.2 2215s
 7282702 599646    0.00021   54   56    0.00081    0.00021  74.5%  30.2 2220s
 7300503 600770     cutoff   74         0.00081    0.00021  74.5%  30.2 2225s
 7319554 601530 infeasible   52         0.00081    0.00021  74.5%  30.2 2230s
 7337388 603117    0.00073   64   57    0.00081    0.00021  74.5%  30.2 2235s
 7350221 604843    0.00021   50   43    0.00081    0.00021  74.5%  30.2 2240s
 7369894 608137    0.00078   76   49    0.00081    0.00021  74.5%  30.2 2246s
 7385550 610302    0.00069   76   44    0.00081    0.00021  74.5%  30.2 2250s
 7401265 611782    0.00041   54   42    0.00081    0.00021  74.5%  30.3 2255s
 7419476 613051    0.00036   64   45    0.00081    0.00021  74.5%  30.3 2260s
 7433504 613990    0.00030   62   55    0.00081    0.00021  74.5%  30.3 2265s
 7446950 614756     cutoff   73         0.00081    0.00021  74.5%  30.3 2270s
 7462581 615829     cutoff   69         0.00081    0.00021  74.5%  30.3 2275s
 7477899 615779 infeasible   51         0.00081    0.00021  74.5%  30.3 2280s
 7496173 617050    0.00021   70   50    0.00081    0.00021  74.5%  30.3 2285s
 7515560 620001    0.00021   64   45    0.00081    0.00021  74.5%  30.3 2290s
 7531418 621191    0.00075   76   36    0.00081    0.00021  74.5%  30.3 2295s
 7546208 622083    0.00022   67   48    0.00081    0.00021  74.5%  30.3 2300s
 7562810 622531     cutoff   69         0.00081    0.00021  74.5%  30.3 2305s
 7583017 624403    0.00037   57   38    0.00081    0.00021  74.5%  30.3 2310s
 7599552 626018    0.00021   37   40    0.00081    0.00021  74.5%  30.3 2315s
 7617088 630054    0.00028   49   54    0.00081    0.00021  74.5%  30.3 2320s
 7634529 633368    0.00073   58   55    0.00081    0.00021  74.5%  30.3 2325s
 7651814 636070     cutoff   65         0.00081    0.00021  74.5%  30.3 2330s
 7666220 638351    0.00021   57   50    0.00081    0.00021  74.5%  30.3 2335s
 7683524 640454    0.00031   64   43    0.00081    0.00021  74.5%  30.3 2340s
 7701099 642689    0.00056   75   55    0.00081    0.00021  74.5%  30.3 2345s
 7722742 645863    0.00038   68   45    0.00081    0.00021  74.5%  30.3 2350s
 7740046 648635    0.00021   52   60    0.00081    0.00021  74.5%  30.3 2355s
 7756247 650614    0.00033   56   60    0.00081    0.00021  74.5%  30.3 2360s
 7768533 652204    0.00029   64   56    0.00081    0.00021  74.5%  30.2 2365s
 7785194 654282    0.00074   73   47    0.00081    0.00021  74.5%  30.2 2370s
 7801756 657962    0.00032   68   48    0.00081    0.00021  74.5%  30.2 2375s
 7822588 663623    0.00040   85   39    0.00081    0.00021  74.5%  30.2 2380s
 7842372 668680    0.00021   67   57    0.00081    0.00021  74.5%  30.2 2385s
 7859231 672430    0.00030   60   39    0.00081    0.00021  74.5%  30.2 2390s
 7875376 675426    0.00021   60   54    0.00081    0.00021  74.5%  30.2 2395s
 7891027 678380    0.00023   79   36    0.00081    0.00021  74.5%  30.2 2400s
 7908759 680596 infeasible   69         0.00081    0.00021  74.5%  30.2 2405s
H7922419 683178                       0.0008079    0.00021  74.5%  30.2 2409s
 7923982 683785    0.00021   61   66    0.00081    0.00021  74.5%  30.2 2410s
 7941328 686388    0.00033   85   53    0.00081    0.00021  74.5%  30.2 2415s
 7958208 688777    0.00021   61   42    0.00081    0.00021  74.5%  30.2 2420s
 7978066 692292     cutoff   64         0.00081    0.00021  74.5%  30.2 2425s
 7995775 695343    0.00021   75   39    0.00081    0.00021  74.5%  30.2 2430s
 8011244 697135 infeasible   73         0.00081    0.00021  74.5%  30.2 2435s
 8029186 699208 infeasible   91         0.00081    0.00021  74.5%  30.1 2440s
 8045110 700610    0.00021   58   51    0.00081    0.00021  74.5%  30.1 2445s
 8062766 701788    0.00040   79   42    0.00081    0.00021  74.5%  30.1 2450s
 8080810 703891    0.00021   74   53    0.00081    0.00021  74.5%  30.1 2455s
 8098678 705611    0.00024   89   42    0.00081    0.00021  74.5%  30.1 2460s
 8116027 706933    0.00056   91   51    0.00081    0.00021  74.5%  30.1 2466s
 8132062 709966    0.00021   68   60    0.00081    0.00021  74.5%  30.1 2470s
 8146943 713339 infeasible   72         0.00081    0.00021  74.5%  30.1 2475s
 8163098 717212    0.00021   69   52    0.00081    0.00021  74.5%  30.1 2480s
 8180527 720312 infeasible   77         0.00081    0.00021  74.5%  30.1 2485s
 8192653 722792    0.00036   68   40    0.00081    0.00021  74.5%  30.1 2490s
 8209613 725716    0.00021   65   54    0.00081    0.00021  74.5%  30.1 2495s
 8229409 728941    0.00026   66   47    0.00081    0.00021  74.5%  30.1 2500s
 8243791 731303    0.00021   70   51    0.00081    0.00021  74.5%  30.1 2505s
 8262289 734505 infeasible   83         0.00081    0.00021  74.5%  30.0 2510s
 8274922 736361    0.00021   89   56    0.00081    0.00021  74.5%  30.0 2515s
 8290022 738935    0.00030   69   38    0.00081    0.00021  74.5%  30.0 2520s
 8307373 741525    0.00045   84   33    0.00081    0.00021  74.5%  30.0 2525s
 8326706 743743 infeasible   92         0.00081    0.00021  74.5%  30.0 2530s
 8340742 746667    0.00051   73   51    0.00081    0.00021  74.5%  30.0 2535s
 8360205 748755    0.00021   72   44    0.00081    0.00021  74.5%  30.0 2540s
 8375314 751861    0.00021   66   46    0.00081    0.00021  74.5%  30.0 2545s
 8394816 754083    0.00064   85   40    0.00081    0.00021  74.5%  30.0 2550s
 8412737 755875 infeasible   92         0.00081    0.00021  74.5%  30.0 2556s
 8426665 756959    0.00021   76   54    0.00081    0.00021  74.5%  30.0 2560s
 8442443 758259     cutoff   81         0.00081    0.00021  74.5%  29.9 2565s
 8458991 759754    0.00021   69   62    0.00081    0.00021  74.5%  29.9 2570s
 8476408 760942     cutoff   69         0.00081    0.00021  74.5%  29.9 2575s
 8493662 764170    0.00030   73   51    0.00081    0.00021  74.5%  29.9 2580s
 8510260 765977    0.00031   78   35    0.00081    0.00021  74.5%  29.9 2585s
 8526805 767193    0.00021   81   58    0.00081    0.00021  74.5%  29.9 2590s
 8542849 767979 infeasible   83         0.00081    0.00021  74.5%  29.9 2595s
 8560913 769142    0.00021   73   34    0.00081    0.00021  74.5%  29.8 2600s
 8581197 770393 infeasible   74         0.00081    0.00021  74.5%  29.8 2605s
 8593161 771106    0.00048   72   43    0.00081    0.00021  74.5%  29.8 2610s
 8608437 774668 infeasible   69         0.00081    0.00021  74.5%  29.8 2615s
 8624701 777310 infeasible   83         0.00081    0.00021  74.5%  29.8 2620s
 8641591 778671    0.00021   67   45    0.00081    0.00021  74.5%  29.8 2625s
 8658993 780815    0.00021   78   45    0.00081    0.00021  74.5%  29.8 2630s
 8676795 782668 infeasible   68         0.00081    0.00021  74.5%  29.8 2635s
 8694183 784599 infeasible  103         0.00081    0.00021  74.5%  29.8 2640s
 8713851 786159    0.00021   76   34    0.00081    0.00021  74.5%  29.8 2645s
 8731797 787535 infeasible   78         0.00081    0.00021  74.5%  29.7 2650s
 8750954 790144    0.00021   79   36    0.00081    0.00021  74.5%  29.7 2655s
 8767431 792098    0.00021   68   56    0.00081    0.00021  74.5%  29.7 2660s
 8787161 794467    0.00021   94   45    0.00081    0.00021  74.5%  29.7 2665s
 8805292 796614    0.00021   72   48    0.00081    0.00021  74.5%  29.7 2670s
 8821207 798613    0.00032  102   34    0.00081    0.00021  74.5%  29.7 2675s
 8837912 800878    0.00021   61   54    0.00081    0.00021  74.5%  29.7 2680s
 8856075 804181 infeasible   80         0.00081    0.00021  74.5%  29.7 2685s
 8874095 807904    0.00025   74   49    0.00081    0.00021  74.5%  29.7 2690s
 8892473 810680 infeasible   64         0.00081    0.00021  74.5%  29.6 2695s
 8911736 813069    0.00021   66   54    0.00081    0.00021  74.5%  29.6 2700s
 8929729 815226    0.00021   70   60    0.00081    0.00021  74.5%  29.6 2705s
 8947583 816697    0.00021   71   46    0.00081    0.00021  74.5%  29.6 2710s
 8963478 818548     cutoff   58         0.00081    0.00021  74.5%  29.6 2715s
 8982187 820064    0.00021   74   39    0.00081    0.00021  74.5%  29.6 2720s
 8998538 821131    0.00021   65   57    0.00081    0.00021  74.5%  29.6 2726s
 9011861 821915    0.00043   74   56    0.00081    0.00021  74.5%  29.6 2730s
 9026488 822787 infeasible   74         0.00081    0.00021  74.5%  29.6 2735s
 9043444 823846    0.00021   86   40    0.00081    0.00021  74.5%  29.6 2740s
 9059849 825099    0.00047   78   42    0.00081    0.00021  74.5%  29.6 2745s
H9075631 826538                       0.0008079    0.00021  74.5%  29.6 2749s
 9078263 826786    0.00036   88   47    0.00081    0.00021  74.5%  29.6 2750s
 9096369 828435    0.00021   78   43    0.00081    0.00021  74.5%  29.5 2755s
 9113483 830499    0.00045   73   56    0.00081    0.00021  74.5%  29.5 2760s
 9132483 832793    0.00021   71   45    0.00081    0.00021  74.5%  29.5 2765s
 9150077 834828    0.00037   84   39    0.00081    0.00021  74.5%  29.5 2770s
 9166208 836515    0.00063   72   38    0.00081    0.00021  74.5%  29.5 2775s
 9183020 838799     cutoff   63         0.00081    0.00021  74.5%  29.5 2780s
 9201311 840884    0.00021   69   43    0.00081    0.00021  74.5%  29.5 2785s
 9218916 842846    0.00021   63   46    0.00081    0.00021  74.5%  29.5 2790s
 9236050 844810    0.00059   67   49    0.00081    0.00021  74.5%  29.5 2795s
 9255893 847249     cutoff   88         0.00081    0.00021  74.5%  29.5 2800s
 9277681 849121    0.00021   72   42    0.00081    0.00021  74.5%  29.5 2805s
 9297584 851119    0.00021   77   41    0.00081    0.00021  74.5%  29.5 2810s
 9316227 853186    0.00021   86   54    0.00081    0.00021  74.5%  29.4 2815s
 9335512 856487 infeasible   76         0.00081    0.00021  74.5%  29.4 2820s
 9352800 858167 infeasible   73         0.00081    0.00021  74.5%  29.4 2825s
 9367973 860000    0.00021   70   45    0.00081    0.00021  74.5%  29.4 2830s
H9372666 860164                       0.0008062    0.00021  74.5%  29.4 2831s
 9385411 861187     cutoff   89         0.00081    0.00021  74.5%  29.4 2835s
 9404913 863169    0.00021   71   59    0.00081    0.00021  74.5%  29.4 2840s
 9422096 865179    0.00040   78   32    0.00081    0.00021  74.5%  29.4 2845s
 9438682 866661    0.00021   67   28    0.00081    0.00021  74.5%  29.4 2850s
 9458702 868355    0.00023   92   53    0.00081    0.00021  74.5%  29.4 2855s
 9477117 870202    0.00021   82   34    0.00081    0.00021  74.5%  29.4 2860s
 9494493 873059     cutoff   72         0.00081    0.00021  74.5%  29.3 2865s
 9515318 874596    0.00021   77   59    0.00081    0.00021  74.5%  29.3 2870s
 9533646 877327    0.00021   76   39    0.00081    0.00021  74.5%  29.3 2875s
 9549250 879642     cutoff   83         0.00081    0.00021  74.5%  29.3 2880s
H9563477 881757                       0.0008062    0.00021  74.5%  29.3 2882s
 9569904 882201    0.00021   71   39    0.00081    0.00021  74.5%  29.3 2885s
H9576012 882571                       0.0008038    0.00021  74.4%  29.3 2886s
 9588062 883612    0.00036   84   43    0.00080    0.00021  74.4%  29.3 2890s
 9605639 884809    0.00021   85   54    0.00080    0.00021  74.4%  29.3 2895s
 9620339 886341     cutoff   84         0.00080    0.00021  74.4%  29.3 2900s
 9640006 887976    0.00021   70   35    0.00080    0.00021  74.4%  29.3 2905s
 9660936 889330 infeasible   86         0.00080    0.00021  74.4%  29.2 2910s
 9681178 890686 infeasible   79         0.00080    0.00021  74.4%  29.2 2915s
 9699243 892618     cutoff   96         0.00080    0.00021  74.4%  29.2 2920s
 9718944 894776    0.00021   68   58    0.00080    0.00021  74.4%  29.2 2925s
 9739979 896554    0.00021   83   34    0.00080    0.00021  74.4%  29.2 2930s
 9757131 898378     cutoff   86         0.00080    0.00021  74.4%  29.2 2935s
 9774102 900232     cutoff   74         0.00080    0.00021  74.4%  29.2 2940s
 9792630 902262 infeasible  102         0.00080    0.00021  74.4%  29.2 2945s
 9808531 904029 infeasible   93         0.00080    0.00021  74.4%  29.2 2950s
 9824550 905060     cutoff   82         0.00080    0.00021  74.4%  29.2 2955s
 9843205 906881    0.00021   86   53    0.00080    0.00021  74.4%  29.2 2960s
 9865046 908532    0.00021   77   45    0.00080    0.00021  74.4%  29.2 2965s
 9881178 909354    0.00066   87   37    0.00080    0.00021  74.4%  29.2 2970s
 9901648 911485    0.00021   87   51    0.00080    0.00021  74.4%  29.1 2975s
 9921338 913000 infeasible   93         0.00080    0.00021  74.4%  29.1 2980s
 9941106 915190    0.00021   82   47    0.00080    0.00021  74.4%  29.1 2985s
 9959178 916486    0.00021   69   56    0.00080    0.00021  74.4%  29.1 2990s
 9977466 917529    0.00049   79   47    0.00080    0.00021  74.4%  29.1 2995s
 9995648 919004    0.00067   84   56    0.00080    0.00021  74.4%  29.1 3000s
 10011076 919946     cutoff   87         0.00080    0.00021  74.4%  29.1 3005s
 10027241 920743     cutoff   78         0.00080    0.00021  74.4%  29.1 3010s
 10044600 921878    0.00026   76   40    0.00080    0.00021  74.4%  29.1 3015s
 10059600 922706     cutoff   81         0.00080    0.00021  74.4%  29.1 3020s
 10075795 923824    0.00021   49   53    0.00080    0.00021  74.4%  29.1 3025s
 10091373 926646    0.00048   72   47    0.00080    0.00021  74.4%  29.1 3030s
 10110119 929795    0.00029   55   42    0.00080    0.00021  74.4%  29.1 3035s
 10127141 932096    0.00064   61   55    0.00080    0.00021  74.4%  29.1 3040s
 10142594 933940    0.00021   52   46    0.00080    0.00021  74.4%  29.1 3045s
 10154864 935829     cutoff   74         0.00080    0.00021  74.4%  29.1 3050s
 10170020 938070 infeasible   66         0.00080    0.00021  74.4%  29.1 3055s
 10184163 940610    0.00021   52   48    0.00080    0.00021  74.4%  29.1 3060s
 10197031 942623    0.00041   63   51    0.00080    0.00021  74.4%  29.1 3065s
 10215432 945762    0.00053   66   55    0.00080    0.00021  74.4%  29.1 3070s
 10228526 948476    0.00046   69   47    0.00080    0.00021  74.4%  29.1 3075s
 10241032 950570    0.00021   58   46    0.00080    0.00021  74.4%  29.1 3080s
 10256228 952701     cutoff   59         0.00080    0.00021  74.4%  29.1 3085s
 10272321 954875    0.00021   67   61    0.00080    0.00021  74.4%  29.1 3090s
 10287161 956778 infeasible   60         0.00080    0.00021  74.4%  29.1 3095s
 10303607 958630    0.00021   52   54    0.00080    0.00021  74.4%  29.1 3100s
 10317995 960638 infeasible   61         0.00080    0.00021  74.4%  29.1 3105s
 10332803 962521    0.00055   70   45    0.00080    0.00021  74.4%  29.1 3110s
 10347863 963856    0.00021   73   51    0.00080    0.00021  74.4%  29.1 3115s
 10365514 966379     cutoff   59         0.00080    0.00021  74.4%  29.0 3120s
 10383936 970737    0.00055   66   34    0.00080    0.00021  74.4%  29.0 3125s
 10401231 973441    0.00021   67   55    0.00080    0.00021  74.4%  29.0 3130s
 10417136 975899    0.00069   69   56    0.00080    0.00021  74.4%  29.0 3135s
 10432724 978402    0.00021   48   60    0.00080    0.00021  74.4%  29.0 3140s
 10451323 981476 infeasible   60         0.00080    0.00021  74.4%  29.0 3145s
 10467751 983674     cutoff   62         0.00080    0.00021  74.4%  29.0 3150s
 10486381 986066    0.00021   59   53    0.00080    0.00021  74.4%  29.0 3155s
 10501338 987461    0.00021   62   45    0.00080    0.00021  74.4%  29.0 3160s
 10518098 989418     cutoff   54         0.00080    0.00021  74.4%  29.0 3165s
H10530744 990494                       0.0008038    0.00021  74.4%  29.0 3169s
 10532749 990879    0.00021   58   54    0.00080    0.00021  74.4%  29.0 3170s
 10548882 993124    0.00054   78   44    0.00080    0.00021  74.4%  29.0 3175s
 10566180 995663 infeasible   68         0.00080    0.00021  74.4%  29.0 3180s
 10581502 997209 infeasible   69         0.00080    0.00021  74.4%  29.0 3185s
 10601236 998886    0.00021   48   38    0.00080    0.00021  74.4%  29.0 3191s
 10617857 1000752     cutoff   60         0.00080    0.00021  74.4%  29.0 3195s
 10633628 1002607     cutoff   59         0.00080    0.00021  74.4%  29.0 3200s
 10649736 1004512    0.00021   60   47    0.00080    0.00021  74.4%  29.0 3205s
 10664106 1006133    0.00027   62   47    0.00080    0.00021  74.4%  29.0 3210s
 10681454 1007928    0.00038   57   46    0.00080    0.00021  74.4%  29.0 3215s
 10701644 1009362    0.00021   63   44    0.00080    0.00021  74.4%  29.0 3220s
 10719359 1010829    0.00042   69   55    0.00080    0.00021  74.4%  29.0 3225s
 10735500 1012488     cutoff   77         0.00080    0.00021  74.4%  29.0 3230s
 10751041 1013096 infeasible   66         0.00080    0.00021  74.4%  29.0 3235s
 10765889 1014150 infeasible   72         0.00080    0.00021  74.4%  29.0 3240s
 10781940 1015088     cutoff   81         0.00080    0.00021  74.4%  29.0 3245s
 10798804 1015912    0.00021   64   41    0.00080    0.00021  74.4%  29.0 3250s
 10815513 1016643    0.00021   78   46    0.00080    0.00021  74.4%  29.0 3255s
 10832176 1017847    0.00021   59   57    0.00080    0.00021  74.4%  29.0 3260s
 10848104 1020719     cutoff   65         0.00080    0.00021  74.4%  29.0 3265s
 10862094 1022937    0.00021   72   57    0.00080    0.00021  74.4%  29.0 3270s
 10875005 1024607     cutoff   59         0.00080    0.00021  74.4%  29.0 3275s
 10889323 1026103     cutoff   79         0.00080    0.00021  74.4%  29.0 3280s
 10903012 1026773 infeasible   57         0.00080    0.00021  74.4%  29.0 3285s
 10919273 1028421    0.00021   76   35    0.00080    0.00021  74.4%  29.0 3290s
 10937723 1030259    0.00021   49   40    0.00080    0.00021  74.4%  29.0 3295s
 10955673 1032237 infeasible   76         0.00080    0.00021  74.4%  29.0 3300s
 10973217 1033953    0.00076   69   59    0.00080    0.00021  74.4%  29.0 3305s
 10989848 1035235    0.00021   60   42    0.00080    0.00021  74.4%  29.0 3310s
 11006619 1036226    0.00065   78   40    0.00080    0.00021  74.4%  29.0 3315s
 11023660 1037847     cutoff   58         0.00080    0.00021  74.4%  29.0 3320s
 11039226 1039748    0.00035   69   59    0.00080    0.00021  74.4%  29.0 3325s
 11053624 1041512    0.00021   65   46    0.00080    0.00021  74.4%  29.0 3330s
 11069488 1042717    0.00021   70   37    0.00080    0.00021  74.4%  29.0 3335s
 11085025 1044436    0.00039   59   52    0.00080    0.00021  74.4%  29.0 3340s
 11099773 1045918    0.00021   83   39    0.00080    0.00021  74.4%  29.0 3345s
 11115789 1046549    0.00021   81   47    0.00080    0.00021  74.4%  29.0 3350s
 11130817 1047136    0.00022   58   47    0.00080    0.00021  74.4%  29.0 3355s
 11148393 1049311 infeasible   90         0.00080    0.00021  74.4%  29.0 3360s
 11165018 1051302 infeasible   93         0.00080    0.00021  74.4%  29.0 3365s
 11181532 1053355    0.00021   78   34    0.00080    0.00021  74.4%  29.0 3370s
 11197789 1054746    0.00034   81   49    0.00080    0.00021  74.4%  29.0 3375s
 11214015 1056566 infeasible   79         0.00080    0.00021  74.4%  29.0 3380s
 11229443 1058106    0.00038   93   37    0.00080    0.00021  74.4%  29.0 3385s
 11244625 1060568 infeasible   67         0.00080    0.00021  74.4%  29.0 3390s
 11262992 1062194     cutoff  106         0.00080    0.00021  74.4%  29.0 3395s
 11281587 1064453    0.00076   97   33    0.00080    0.00021  74.4%  28.9 3400s
 11298823 1066319    0.00021   71   50    0.00080    0.00021  74.4%  28.9 3405s
 11315750 1068434    0.00021   92   56    0.00080    0.00021  74.4%  28.9 3410s
 11333725 1070129    0.00040   62   34    0.00080    0.00021  74.4%  28.9 3415s
 11350728 1072488 infeasible   97         0.00080    0.00021  74.4%  28.9 3420s
 11367946 1073826    0.00062   88   43    0.00080    0.00021  74.4%  28.9 3425s
 11385633 1075104    0.00045   65   56    0.00080    0.00021  74.4%  28.9 3430s
 11403793 1075928    0.00021   55   50    0.00080    0.00021  74.4%  28.9 3435s
 11419002 1076770 infeasible   64         0.00080    0.00021  74.4%  28.9 3440s
 11441424 1078397 infeasible   84         0.00080    0.00021  74.4%  28.9 3446s
 11457571 1080293 infeasible   69         0.00080    0.00021  74.4%  28.9 3450s
 11473249 1081893    0.00042   68   40    0.00080    0.00021  74.4%  28.9 3455s
 11492179 1083360    0.00021   58   60    0.00080    0.00021  74.4%  28.9 3460s
 11509349 1085011    0.00021   53   45    0.00080    0.00021  74.4%  28.9 3465s
 11526749 1086953 infeasible   74         0.00080    0.00021  74.4%  28.9 3470s
 11545712 1088832     cutoff   52         0.00080    0.00021  74.4%  28.9 3475s
 11568310 1090833    0.00044   73   35    0.00080    0.00021  74.4%  28.9 3480s
 11595479 1093959     cutoff   76         0.00080    0.00021  74.4%  28.8 3485s
 11611490 1096088    0.00057   74   36    0.00080    0.00021  74.4%  28.8 3490s
 11633411 1099287     cutoff   85         0.00080    0.00021  74.4%  28.8 3495s
 11657241 1101536    0.00021   69   48    0.00080    0.00021  74.4%  28.8 3500s
 11676395 1103468    0.00039   81   38    0.00080    0.00021  74.4%  28.8 3505s
 11695079 1105392 infeasible   85         0.00080    0.00021  74.4%  28.8 3510s
 11713813 1107565    0.00023   80   39    0.00080    0.00021  74.4%  28.8 3515s
 11731820 1108562    0.00021   63   51    0.00080    0.00021  74.4%  28.7 3520s
 11749735 1109254    0.00028   75   48    0.00080    0.00021  74.4%  28.7 3525s
 11767243 1111185 infeasible   77         0.00080    0.00021  74.4%  28.7 3530s
 11784143 1112481    0.00036   73   41    0.00080    0.00021  74.4%  28.7 3535s
 11801938 1114482    0.00021   87   44    0.00080    0.00021  74.4%  28.7 3540s
 11820579 1116723    0.00045   57   36    0.00080    0.00021  74.4%  28.7 3545s
 11839508 1117546    0.00021   76   45    0.00080    0.00021  74.4%  28.7 3550s
 11854211 1118079    0.00021   62   45    0.00080    0.00021  74.4%  28.7 3555s
 11868911 1119152 infeasible   53         0.00080    0.00021  74.4%  28.7 3560s
 11881613 1119239    0.00021   56   38    0.00080    0.00021  74.4%  28.7 3565s
 11896693 1119797    0.00030   71   46    0.00080    0.00021  74.4%  28.7 3570s
 11911679 1121226    0.00021   59   54    0.00080    0.00021  74.4%  28.7 3575s
 11929692 1122820     cutoff   64         0.00080    0.00021  74.4%  28.7 3580s
 11948829 1124017    0.00024   69   55    0.00080    0.00021  74.4%  28.7 3585s
 11973451 1125159 infeasible   62         0.00080    0.00021  74.4%  28.7 3590s
 11989456 1125853 infeasible   70         0.00080    0.00021  74.4%  28.7 3595s
 12009218 1126405 infeasible   61         0.00080    0.00021  74.4%  28.7 3600s

Cutting planes:
  Gomory: 9
  Cover: 7
  Implied bound: 21
  Clique: 7
  MIR: 5
  Flow cover: 35
  RLT: 27
  Relax-and-lift: 7
  PSD: 1

Explored 12009339 nodes (344255664 simplex iterations) in 3600.02 seconds (2065.50 work units)
Thread count was 12 (of 12 available processors)

Solution count 10: 0.000803813 0.000806167 0.000807875 ... 0.000824497

Time limit reached
Best objective 8.038130019190e-04, best bound 2.058065039989e-04, gap 74.3962%
