
Gurobi 11.0.2 (win64) logging started Tue Oct  1 22:56:16 2024

Set parameter LogFile to value ".\Experiments\Track_k_e_2\Logs\track_k_e_2_r3_c2.log"
Set parameter TimeLimit to value 3600
Gurobi Optimizer version 11.0.2 build v11.0.2rc0 (win64 - Windows 10.0 (19045.2))

CPU model: Intel(R) Core(TM) i7-10750H CPU @ 2.60GHz, instruction set [SSE2|AVX|AVX2]
Thread count: 6 physical cores, 12 logical processors, using up to 12 threads

Optimize a model with 250 rows, 462 columns and 924 nonzeros
Model fingerprint: 0x4de56478
Model has 6 quadratic objective terms
Model has 68 quadratic constraints
Model has 116 general constraints
Variable types: 458 continuous, 4 integer (4 binary)
Coefficient statistics:
  Matrix range     [9e-06, 1e+02]
  QMatrix range    [1e+00, 1e+00]
  QLMatrix range   [1e+00, 1e+00]
  Objective range  [1e-02, 2e-01]
  QObjective range [2e+00, 2e+00]
  Bounds range     [8e-05, 9e+01]
  RHS range        [8e-05, 1e+02]
  QRHS range       [1e-06, 1e-06]
Presolve added 68 rows and 0 columns
Presolve removed 0 rows and 95 columns
Presolve time: 0.01s
Presolved: 559 rows, 376 columns, 1567 nonzeros
Presolved model has 4 quadratic objective terms
Presolved model has 57 bilinear constraint(s)
Presolved model has 4 nonlinear constraint(s)
Warning: Model contains variables with very large bounds participating
         in nonlinear terms.
         Presolve was not able to compute smaller bounds for these variables.
         Consider bounding these variables or reformulating the model.


Solving non-convex MINLP

Variable types: 284 continuous, 92 integer (92 binary)

Root relaxation: objective 2.058065e-04, 485 iterations, 0.00 seconds (0.00 work units)

    Nodes    |    Current Node    |     Objective Bounds      |     Work
 Expl Unexpl |  Obj  Depth IntInf | Incumbent    BestBd   Gap | It/Node Time

     0     0    0.00021    0   56          -    0.00021      -     -    0s
     0     0    0.00021    0   82          -    0.00021      -     -    0s
     0     0    0.00021    0   96          -    0.00021      -     -    0s
     0     0    0.00021    0   96          -    0.00021      -     -    0s
     0     0    0.00021    0   95          -    0.00021      -     -    0s
     0     0    0.00021    0   75          -    0.00021      -     -    0s
     0     2    0.00021    0   75          -    0.00021      -     -    0s
 16476  4020    0.00039   62   38          -    0.00021      -  24.0    5s
 41592  9611 infeasible   61               -    0.00021      -  24.8   10s
*61709  5564              76       0.0009913    0.00021  79.2%  26.1   14s
H63244  5425                       0.0009913    0.00021  79.2%  26.1   14s
 63641  5414    0.00076   54   47    0.00099    0.00021  79.2%  26.1   15s
H64580  5663                       0.0009913    0.00021  79.2%  26.1   15s
H69445  5410                       0.0008684    0.00021  76.3%  25.9   16s
H69528  5345                       0.0008635    0.00021  76.2%  26.0   16s
H72306  5738                       0.0008615    0.00021  76.1%  26.0   17s
H72311  5738                       0.0008615    0.00021  76.1%  26.0   17s
H72334  5382                       0.0008387    0.00021  75.5%  26.0   17s
H73641  5569                       0.0008380    0.00021  75.4%  26.0   18s
H73976  5477                       0.0008360    0.00021  75.4%  25.9   18s
H75781  5675                       0.0008355    0.00021  75.4%  25.8   19s
 79144  5878 infeasible   55         0.00084    0.00021  75.4%  25.7   20s
H90533  6836                       0.0008355    0.00021  75.4%  25.2   24s
 92481  7019     cutoff   48         0.00084    0.00021  75.4%  25.2   25s
H105293  8198                       0.0008355    0.00021  75.4%  25.1   29s
 105294  8213 infeasible   53         0.00084    0.00021  75.4%  25.1   30s
H106617  8289                       0.0008353    0.00021  75.4%  25.2   30s
H107243  8289                       0.0008353    0.00021  75.4%  25.2   30s
H119027  9142                       0.0008353    0.00021  75.4%  25.4   34s
 120260  9167    0.00021   48   39    0.00084    0.00021  75.4%  25.4   35s
 135640  9535    0.00061   55   51    0.00084    0.00021  75.2%  24.9   40s
H143358  9817                       0.0008353    0.00021  75.2%  24.9   43s
H145568 10270                       0.0008352    0.00021  75.2%  24.9   44s
H147271 10268                       0.0008352    0.00021  75.2%  24.9   44s
 150317 10423    0.00021   51   40    0.00084    0.00021  75.2%  24.8   45s
 169100 11383    0.00033   70   38    0.00084    0.00021  75.2%  24.5   50s
H171109 11377                       0.0008352    0.00021  75.2%  24.4   50s
H186000 11739                       0.0008352    0.00021  75.2%  24.0   54s
 186597 11791    0.00065   47   40    0.00084    0.00021  75.2%  24.1   55s
H200062 12358                       0.0008352    0.00021  75.2%  23.9   57s
 205923 12629     cutoff   58         0.00084    0.00021  75.1%  23.9   60s
 225375 13195    0.00021   40   44    0.00084    0.00021  75.1%  23.7   65s
 249263 11573    0.00023   44   45    0.00084    0.00022  73.2%  22.9   70s
 274577 11874    0.00025   40   35    0.00084    0.00025  70.6%  22.7   75s
 298222 12304     cutoff   44         0.00084    0.00025  70.6%  22.6   80s
 321919 12563    0.00025   46   40    0.00084    0.00025  70.6%  22.7   85s
 347724 11713     cutoff   67         0.00084    0.00028  65.9%  22.5   90s
 373877 12154    0.00028   39   32    0.00084    0.00028  65.9%  22.4   95s
 399840 12949     cutoff   55         0.00084    0.00028  65.9%  22.3  100s
 425404 13009    0.00059   43   40    0.00084    0.00028  65.9%  22.2  105s
 452196 10318    0.00040   35   32    0.00084    0.00040  52.5%  21.8  110s
 475282 11669    0.00040   35   35    0.00084    0.00040  52.5%  22.1  115s
 496714 12336     cutoff   59         0.00084    0.00040  52.5%  22.5  120s
 521060 10868    0.00060   43   30    0.00084    0.00047  44.1%  22.4  125s
 549138  6941    0.00082   56   27    0.00084    0.00065  22.4%  22.1  130s
 577492  2479    0.00083   40   34    0.00084    0.00083  1.12%  21.7  135s
 598389  1462    0.00084   44   26    0.00084    0.00083  0.17%  21.7  140s
 628110   114    0.00084   46   32    0.00084    0.00084  0.02%  21.5  145s

Cutting planes:
  Gomory: 18
  Cover: 13
  Implied bound: 17
  Clique: 6
  MIR: 14
  StrongCG: 1
  Flow cover: 35
  RLT: 5
  Relax-and-lift: 8

Explored 630954 nodes (13554695 simplex iterations) in 145.58 seconds (72.81 work units)
Thread count was 12 (of 12 available processors)

Solution count 10: 0.00083523 0.000835231 0.00083525 ... 0.000861531

Optimal solution found (tolerance 1.00e-04)
Best objective 8.352295226890e-04, best bound 8.352295226890e-04, gap 0.0000%
