
Gurobi 11.0.2 (win64) logging started Wed Oct  2 03:00:40 2024

Set parameter LogFile to value ".\Experiments\Track_k_e_2\Logs\track_k_e_2_r3_c12.log"
Set parameter TimeLimit to value 3600
Gurobi Optimizer version 11.0.2 build v11.0.2rc0 (win64 - Windows 10.0 (19045.2))

CPU model: Intel(R) Core(TM) i7-10750H CPU @ 2.60GHz, instruction set [SSE2|AVX|AVX2]
Thread count: 6 physical cores, 12 logical processors, using up to 12 threads

Optimize a model with 250 rows, 462 columns and 924 nonzeros
Model fingerprint: 0x9839abed
Model has 6 quadratic objective terms
Model has 68 quadratic constraints
Model has 116 general constraints
Variable types: 458 continuous, 4 integer (4 binary)
Coefficient statistics:
  Matrix range     [9e-06, 1e+02]
  QMatrix range    [1e+00, 1e+00]
  QLMatrix range   [1e+00, 1e+00]
  Objective range  [1e-02, 2e-01]
  QObjective range [2e+00, 2e+00]
  Bounds range     [8e-05, 7e+01]
  RHS range        [8e-05, 1e+02]
  QRHS range       [1e-06, 1e-06]
Presolve removed 28 rows and 9 columns
Presolve time: 0.00s
Presolved: 463 rows, 462 columns, 1271 nonzeros
Presolved model has 178 SOS constraint(s)
Presolved model has 4 quadratic objective terms
Presolved model has 57 bilinear constraint(s)
Presolved model has 4 nonlinear constraint(s)
Warning: Model contains variables with very large bounds participating
         in nonlinear terms.
         Presolve was not able to compute smaller bounds for these variables.
         Consider bounding these variables or reformulating the model.


Solving non-convex MINLP

Variable types: 284 continuous, 178 integer (178 binary)

Root relaxation: objective 2.058065e-04, 463 iterations, 0.00 seconds (0.00 work units)

    Nodes    |    Current Node    |     Objective Bounds      |     Work
 Expl Unexpl |  Obj  Depth IntInf | Incumbent    BestBd   Gap | It/Node Time

     0     0    0.00021    0  127          -    0.00021      -     -    0s
     0     0    0.00021    0  127          -    0.00021      -     -    0s
     0     0    0.00021    0  127          -    0.00021      -     -    0s
     0     0    0.00021    0  127          -    0.00021      -     -    0s
     0     0    0.00021    0  127          -    0.00021      -     -    0s
     0     0    0.00021    0  126          -    0.00021      -     -    0s
     0     0    0.00021    0  127          -    0.00021      -     -    0s
     0     0    0.00021    0  127          -    0.00021      -     -    0s
     0     0    0.00021    0  127          -    0.00021      -     -    0s
     0     0    0.00021    0  129          -    0.00021      -     -    0s
     0     2    0.00021    0  129          -    0.00021      -     -    0s
 76221 31434    0.00025   70   39          -    0.00021      -   4.6    5s
 155173 57089    0.01303  191   33          -    0.00021      -   4.6   10s
 235135 76544    0.00491  139   33          -    0.00021      -   4.7   15s
 307376 93849    0.00478  165   24          -    0.00021      -   4.8   20s
 392310 110798 infeasible  191               -    0.00021      -   5.0   25s
 471414 123199 infeasible  259               -    0.00021      -   4.9   30s
 540855 132905    0.00024  249   20          -    0.00021      -   5.1   35s
 609412 142672 infeasible  199               -    0.00021      -   5.2   40s
 687374 149527    0.00021  235   23          -    0.00021      -   5.1   45s
 756171 153517    0.00021  262   23          -    0.00021      -   5.1   50s
 829633 163584    0.00021  242   22          -    0.00021      -   5.1   55s
 905619 171939    0.00061  279   19          -    0.00021      -   4.9   60s
 985909 189956    0.00084  111   37          -    0.00021      -   4.9   65s
 1050587 204087    0.00084  188   25          -    0.00021      -   5.3   70s
 1112153 218401    0.00022  172   33          -    0.00021      -   5.8   75s
 1181751 232904    0.00021  182   34          -    0.00021      -   5.9   80s
 1250413 246231    0.00116  260   26          -    0.00021      -   5.9   85s
 1320129 261298    0.00021   46   84          -    0.00021      -   5.9   90s
 1395530 282299    0.00021  163   41          -    0.00021      -   5.9   95s
 1471486 299467 infeasible  253               -    0.00021      -   5.9  100s
 1540628 320033 infeasible  138               -    0.00021      -   5.9  105s
 1614597 342104 infeasible  240               -    0.00021      -   5.9  110s
 1688842 358902 infeasible  208               -    0.00021      -   5.9  115s
 1766252 375544    0.00050  237   33          -    0.00021      -   5.8  120s
 1843527 393835    0.00021  119   45          -    0.00021      -   5.8  125s
 1925363 405680    0.00033  159   34          -    0.00021      -   5.7  130s
 2005256 416810 infeasible  107               -    0.00021      -   5.6  135s
 2077721 431958    0.00024  264   22          -    0.00021      -   5.6  140s
 2146844 446121 infeasible  266               -    0.00021      -   5.6  145s
 2217348 457846    0.00045  276   17          -    0.00021      -   5.7  150s
 2286666 473131    0.00109  205   30          -    0.00021      -   5.7  155s
 2351948 499973    0.00050  189   49          -    0.00021      -   5.8  160s
 2417393 526165    0.00039  169   49          -    0.00021      -   5.8  165s
 2482157 552916    0.00025  165   47          -    0.00021      -   5.8  170s
 2548841 579637 infeasible  178               -    0.00021      -   5.9  175s
 2614230 601935    0.00021  207   42          -    0.00021      -   6.0  180s
 2680772 618072 infeasible  165               -    0.00021      -   6.2  185s
 2746235 639159 infeasible  211               -    0.00021      -   6.3  190s
 2810259 662924    0.00030  202   46          -    0.00021      -   6.4  195s
 2873654 689410 infeasible  161               -    0.00021      -   6.4  200s
 2936526 715782    0.00095  216   16          -    0.00021      -   6.4  205s
 3001608 741988    0.00037  207   36          -    0.00021      -   6.5  210s
 3064907 766701    0.00021  173   47          -    0.00021      -   6.5  215s
 3129178 791980    0.00023  167   43          -    0.00021      -   6.5  220s
 3195664 813900    0.00084  172   46          -    0.00021      -   6.5  225s
 3264900 835479    0.00084  181   36          -    0.00021      -   6.6  230s
 3335136 855176    0.00021  223   26          -    0.00021      -   6.6  235s
 3396643 871928    0.00024  272   20          -    0.00021      -   6.6  240s
 3464509 882275 infeasible  244               -    0.00021      -   6.6  245s
 3530697 895395    0.00024  277   18          -    0.00021      -   6.6  250s
 3602622 911198    0.00021  259   19          -    0.00021      -   6.6  255s
 3671186 918366    0.00021  247   20          -    0.00021      -   6.6  260s
 3742665 921074 infeasible  271               -    0.00021      -   6.6  265s
 3814467 936433 infeasible  262               -    0.00021      -   6.6  270s
 3890999 953617    0.00021  134   36          -    0.00021      -   6.7  275s
 3967574 968455 infeasible  147               -    0.00021      -   6.7  280s
 4034126 996115    0.00033  216   33          -    0.00021      -   6.7  285s
 4100934 1019611    0.00076  187   24          -    0.00021      -   6.6  290s
 4172273 1037144    0.00021  198   30          -    0.00021      -   6.6  295s
 4244151 1042922    0.00021  215   25          -    0.00021      -   6.5  300s
 4323229 1043693 infeasible  223               -    0.00021      -   6.4  305s
 4398749 1043651 infeasible  216               -    0.00021      -   6.4  310s
 4474854 1044981    0.00021  215   26          -    0.00021      -   6.3  315s
 4548480 1046249 infeasible  214               -    0.00021      -   6.2  320s
 4625736 1046495 infeasible  169               -    0.00021      -   6.2  325s
 4701595 1049719 infeasible  224               -    0.00021      -   6.1  330s
 4774810 1056588 infeasible  228               -    0.00021      -   6.1  335s
 4848195 1065546    0.00021  195   35          -    0.00021      -   6.0  340s
 4922333 1085645    0.00049  257   29          -    0.00021      -   6.0  345s
 4990032 1107337    0.00021  240   23          -    0.00021      -   6.0  350s
 5058115 1126262    0.00034  256   16          -    0.00021      -   5.9  355s
 5123215 1142016    0.00034  283   19          -    0.00021      -   6.0  360s
 5193657 1156581    0.00034  278   19          -    0.00021      -   6.0  365s
 5274563 1170565    0.01058  218   27          -    0.00021      -   6.0  370s
 5342180 1195042 infeasible  202               -    0.00021      -   6.0  375s
 5407500 1220796    0.00039  220   42          -    0.00021      -   6.0  380s
 5474739 1247005    0.00059  224   35          -    0.00021      -   6.0  385s
 5542799 1265337 infeasible  257               -    0.00021      -   6.0  390s
 5609505 1282967 infeasible  253               -    0.00021      -   6.0  395s
 5677995 1303627 infeasible  185               -    0.00021      -   6.0  400s
 5748034 1320791 infeasible  237               -    0.00021      -   5.9  405s
 5825096 1341670 infeasible  143               -    0.00021      -   5.9  410s
 5889584 1369979 infeasible  200               -    0.00021      -   5.9  415s
 5955832 1400487    0.00040  169   37          -    0.00021      -   5.9  420s
 6023686 1426865 infeasible  272               -    0.00021      -   5.9  425s
 6099081 1442961    0.01080  226   24          -    0.00021      -   5.9  430s
 6171097 1466597    0.00021  192   39          -    0.00021      -   5.9  435s
 6234697 1497467 infeasible  211               -    0.00021      -   5.9  440s
 6298943 1525995 infeasible  182               -    0.00021      -   5.9  445s
 6365554 1548529    0.00021  252   22          -    0.00021      -   5.9  450s
 6433283 1572073    0.00084  219   30          -    0.00021      -   5.9  455s
 6498856 1595869    0.00021  182   36          -    0.00021      -   5.9  460s
 6564655 1622808    0.00047  231   47          -    0.00021      -   5.9  465s
 6631929 1650231    0.00021  197   48          -    0.00021      -   5.9  470s
 6696441 1677601    0.00040  215   47          -    0.00021      -   6.0  475s
 6760083 1704652    0.00037  179   47          -    0.00021      -   6.0  480s
 6823748 1731766    0.00021  192   47          -    0.00021      -   6.0  485s
 6888433 1760201 infeasible  233               -    0.00021      -   6.0  490s
 6950692 1786061    0.00022  212   35          -    0.00021      -   6.0  495s
 7013707 1811756    0.00050  214   48          -    0.00021      -   6.0  500s
 7082448 1832719    0.00036  222   25          -    0.00021      -   6.1  505s
 7148847 1851499    0.00033  211   32          -    0.00021      -   6.1  510s
 7215756 1872777    0.00649  159   36          -    0.00021      -   6.1  515s
 7286018 1889197 infeasible  213               -    0.00021      -   6.1  520s
 7362739 1901356    0.00051  183   49          -    0.00021      -   6.1  525s
 7430402 1929367    0.00109  222   25          -    0.00021      -   6.1  530s
 7497573 1959339    0.00053  185   37          -    0.00021      -   6.1  535s
 7559772 1986714    0.00021  215   48          -    0.00021      -   6.1  540s
 7623863 2013363 infeasible  194               -    0.00021      -   6.1  545s
 7690415 2037280    0.00076  271   41          -    0.00021      -   6.1  550s
 7760418 2059976    0.00038  198   48          -    0.00021      -   6.2  555s
 7827744 2085457    0.00092  196   24          -    0.00021      -   6.2  560s
 7893423 2110761    0.00084  193   37          -    0.00021      -   6.2  565s
 7959032 2136719 infeasible  180               -    0.00021      -   6.2  570s
 8028342 2165236    0.00021  183   46          -    0.00021      -   6.2  575s
 8091778 2190664    0.00032  188   48          -    0.00021      -   6.2  580s
 8151708 2214554    0.00021  136   43          -    0.00021      -   6.2  585s
 8211396 2240382    0.00032  200   40          -    0.00021      -   6.2  590s
 8277570 2268420    0.00051  183   47          -    0.00021      -   6.2  595s
 8350103 2291688    0.00051  229   35          -    0.00021      -   6.2  600s
 8424475 2309355 infeasible  198               -    0.00021      -   6.2  605s
 8500197 2327671    0.01303  198   26          -    0.00021      -   6.2  610s
 8566604 2352524    0.00030  217   46          -    0.00021      -   6.2  615s
 8629939 2376503 infeasible  216               -    0.00021      -   6.2  620s
 8703360 2394932    0.01303  209   29          -    0.00021      -   6.2  625s
 8778457 2414952 infeasible  264               -    0.00021      -   6.2  630s
 8853176 2425476    0.00021  142   40          -    0.00021      -   6.2  635s
 8927351 2441972 infeasible  164               -    0.00021      -   6.2  640s
 9002688 2453934 infeasible  212               -    0.00021      -   6.2  645s
 9071255 2475682    0.00037  229   43          -    0.00021      -   6.2  650s
 9137338 2499775    0.00035  199   34          -    0.00021      -   6.2  655s
 9209177 2522428    0.00109  210   27          -    0.00021      -   6.2  660s
 9278217 2541955    0.00021  253   23          -    0.00021      -   6.2  665s
 9345064 2564358 infeasible  170               -    0.00021      -   6.2  670s
 9410722 2591345    0.00050  260   35          -    0.00021      -   6.2  675s
 9474569 2617320    0.00025  186   48          -    0.00021      -   6.2  680s
 9540253 2641842    0.00109  197   30          -    0.00021      -   6.2  685s
 9604920 2664166    0.00084  197   32          -    0.00021      -   6.2  690s
 9672489 2689661 infeasible  190               -    0.00021      -   6.3  695s
 9742347 2710173    0.00021  160   33          -    0.00021      -   6.3  700s
 9807737 2729834    0.00021  107   40          -    0.00021      -   6.3  705s
 9872280 2748327    0.00021  152   36          -    0.00021      -   6.3  710s
 9935578 2771587 infeasible  179               -    0.00021      -   6.3  715s
 9997860 2795960    0.00037  175   47          -    0.00021      -   6.3  720s
 10063485 2820450    0.00045  274   45          -    0.00021      -   6.3  725s
 10128247 2844183    0.00060  200   27          -    0.00021      -   6.3  730s
 10191207 2867494    0.00082  277   30          -    0.00021      -   6.3  735s
 10259194 2885395    0.00084  957   27          -    0.00021      -   6.3  740s
 10330679 2893106    0.00084 3623   27          -    0.00021      -   6.3  745s
 10405589 2907584 infeasible  175               -    0.00021      -   6.3  750s
 10467575 2932352    0.00095  188   33          -    0.00021      -   6.3  755s
 10529190 2955617 infeasible  215               -    0.00021      -   6.3  760s
 10594318 2978814    0.00084  235   40          -    0.00021      -   6.3  765s
 10662746 3001350    0.00039  251   35          -    0.00021      -   6.3  770s
 10728019 3023018    0.00028  229   35          -    0.00021      -   6.3  775s
 10794555 3045775    0.00073  240   45          -    0.00021      -   6.4  780s
 10857841 3072006    0.00027  178   47          -    0.00021      -   6.4  785s
 10922395 3100242 infeasible  237               -    0.00021      -   6.4  790s
 10988001 3127462 infeasible  166               -    0.00021      -   6.4  795s
 11053210 3151706 infeasible  176               -    0.00021      -   6.4  800s
 11119796 3174690    0.00046  181   26          -    0.00021      -   6.4  805s
 11184261 3199252    0.00021  188   49          -    0.00021      -   6.4  810s
 11252146 3224059    0.00021  206   36          -    0.00021      -   6.4  815s
 11317439 3247918    0.00032  195   37          -    0.00021      -   6.4  820s
 11376666 3269738    0.00084  201   35          -    0.00021      -   6.4  825s
 11439295 3293103    0.00021  155   48          -    0.00021      -   6.4  830s
 11499941 3314878    0.00084  172   43          -    0.00021      -   6.4  835s
 11561122 3341717    0.00084  222   43          -    0.00021      -   6.4  840s
 11623437 3370347    0.00052  183   47          -    0.00021      -   6.4  845s
 11687740 3399792 infeasible  222               -    0.00021      -   6.4  850s
 11749543 3424560    0.00084  176   41          -    0.00021      -   6.4  855s
 11813553 3447670    0.00053  151   50          -    0.00021      -   6.4  860s
 11883185 3469737 infeasible  230               -    0.00021      -   6.4  865s
 11953566 3490246    0.00030  269   45          -    0.00021      -   6.4  870s
 12018467 3511341 infeasible  184               -    0.00021      -   6.4  875s
 12083840 3535425    0.00084  237   40          -    0.00021      -   6.4  880s
 12149333 3555878    0.00021  254   25          -    0.00021      -   6.4  885s
 12217022 3577396    0.00021  198   47          -    0.00021      -   6.4  890s
 12284112 3604189    0.00053  233   30          -    0.00021      -   6.4  895s
 12349257 3631072    0.00022  217   36          -    0.00021      -   6.4  900s
 12414741 3659220    0.00084  164   41          -    0.00021      -   6.5  905s
 12480204 3686515    0.00084  173   42          -    0.00021      -   6.5  910s
 12547431 3704417 infeasible  257               -    0.00021      -   6.5  915s
 12615519 3721387    0.00066  282   13          -    0.00021      -   6.5  920s
 12683033 3747490    0.00024  194   48          -    0.00021      -   6.5  925s
 12747942 3766667    0.00029  186   45          -    0.00021      -   6.5  930s
 12819111 3780406 infeasible  178               -    0.00021      -   6.5  935s
 12885929 3801588    0.00081  200   27          -    0.00021      -   6.5  940s
 12957008 3823692    0.00084  223   17          -    0.00021      -   6.5  945s
 13020252 3841987 infeasible  186               -    0.00021      -   6.5  950s
 13087191 3860363    0.00084  198   21          -    0.00021      -   6.5  955s
 13156226 3876846    0.00046  183   32          -    0.00021      -   6.6  960s
 13220739 3891310 infeasible  179               -    0.00021      -   6.6  965s
 13288156 3906053    0.00021  174   42          -    0.00021      -   6.6  970s
 13352891 3920755    0.00084  178   29          -    0.00021      -   6.7  975s
 13421847 3936158    0.00046  183   32          -    0.00021      -   6.7  980s
 13489756 3951750 infeasible  185               -    0.00021      -   6.7  985s
 13557032 3967089 infeasible  180               -    0.00021      -   6.7  990s
 13618934 3983903    0.00021  630   19          -    0.00021      -   6.7  995s
 13680284 3988329 infeasible  731               -    0.00021      -   6.8 1000s
 13742174 3988922 infeasible  655               -    0.00021      -   6.8 1005s
 13806303 3988700    0.00021  655   19          -    0.00021      -   6.8 1010s
 13867343 3988865 infeasible  710               -    0.00021      -   6.8 1015s
 13931927 3988827    0.00021  746   18          -    0.00021      -   6.8 1020s
 13995251 3988525 infeasible  648               -    0.00021      -   6.8 1025s
 14056821 3988422    0.00021  655   19          -    0.00021      -   6.8 1030s
 14120290 3988172 infeasible  735               -    0.00021      -   6.8 1035s
 14183443 3988661 infeasible  748               -    0.00021      -   6.9 1040s
 14251392 3988606 infeasible  760               -    0.00021      -   6.9 1045s
 14317067 3988317 infeasible  764               -    0.00021      -   6.9 1050s
 14378376 3988226    0.00021  754   19          -    0.00021      -   6.9 1055s
 14439057 3988069 infeasible  728               -    0.00021      -   6.9 1060s
 14506205 3988447    0.00021  740   18          -    0.00021      -   6.9 1065s
 14570206 3988098    0.00021  721   18          -    0.00021      -   6.9 1070s
 14631604 3988035    0.00021  737   18          -    0.00021      -   6.9 1075s
 14695016 3989039 infeasible  709               -    0.00021      -   6.9 1080s
 14756635 3988808 infeasible  751               -    0.00021      -   6.9 1085s
 14817875 3988421 infeasible  700               -    0.00021      -   6.9 1090s
 14879914 3988235 infeasible  707               -    0.00021      -   6.9 1095s
 14940106 3988197 infeasible  707               -    0.00021      -   7.0 1100s
 15000377 3987954    0.00021  712   18          -    0.00021      -   7.0 1105s
 15062036 3988044 infeasible  710               -    0.00021      -   7.0 1110s
 15122309 3987602 infeasible  708               -    0.00021      -   7.0 1115s
 15179726 3991112 infeasible  701               -    0.00021      -   7.0 1120s
 15239326 3991467    0.00021  703   20          -    0.00021      -   7.0 1125s
 15296875 3991241 infeasible  709               -    0.00021      -   7.0 1130s
 15350778 3990958 infeasible  717               -    0.00021      -   7.0 1135s
 15407217 3991014    0.00021  708   18          -    0.00021      -   7.0 1140s
 15460993 3991012    0.00021  696   18          -    0.00021      -   7.0 1145s
 15514847 3990984 infeasible  703               -    0.00021      -   7.0 1150s
 15570417 3990769    0.00021  704   19          -    0.00021      -   7.0 1155s
 15622297 3990622 infeasible  729               -    0.00021      -   7.1 1160s
 15674503 3990602 infeasible  704               -    0.00021      -   7.1 1165s
 15728621 3990576    0.00021  711   19          -    0.00021      -   7.1 1170s
 15781020 3991023    0.00021  695   18          -    0.00021      -   7.1 1175s
 15834798 3990666    0.00021  708   19          -    0.00021      -   7.1 1180s
 15888859 3990902    0.00021  715   19          -    0.00021      -   7.1 1185s
 15941016 3990637 infeasible  701               -    0.00021      -   7.1 1190s
 15995599 3990523    0.00021  779   19          -    0.00021      -   7.1 1195s
 16051049 3990413 infeasible  702               -    0.00021      -   7.1 1200s
 16104947 3990774    0.00021  693   19          -    0.00021      -   7.1 1205s
 16160073 3990857 infeasible  706               -    0.00021      -   7.1 1210s
 16213124 3990387 infeasible  705               -    0.00021      -   7.1 1215s
 16268711 3990338    0.00021  700   18          -    0.00021      -   7.2 1220s
 16327985 3990120    0.00021  705   18          -    0.00021      -   7.2 1225s
 16378223 3990518 infeasible  709               -    0.00021      -   7.2 1230s
 16429039 3990003    0.00021  716   18          -    0.00021      -   7.2 1235s
 16478380 3990468    0.00021  707   18          -    0.00021      -   7.2 1240s
 16533120 3990534    0.00021  714   19          -    0.00021      -   7.2 1245s
 16587098 3990384 infeasible  729               -    0.00021      -   7.2 1250s
 16639675 3990220    0.00021  697   19          -    0.00021      -   7.2 1255s
 16691655 3990065    0.00021  725   19          -    0.00021      -   7.2 1260s
 16741298 3990171 infeasible  699               -    0.00021      -   7.2 1265s
 16791804 3990162    0.00021  703   20          -    0.00021      -   7.2 1270s
 16842410 3990267 infeasible  707               -    0.00021      -   7.2 1275s
 16894383 3990202 infeasible  730               -    0.00021      -   7.2 1280s
 16944241 3989968    0.00021  718   20          -    0.00021      -   7.2 1285s
 16992813 3989959 infeasible  702               -    0.00021      -   7.3 1290s
 17043780 3990006    0.00021  695   19          -    0.00021      -   7.3 1295s
 17093759 3989930 infeasible  699               -    0.00021      -   7.3 1300s
 17144153 3989817    0.00021  722   20          -    0.00021      -   7.3 1305s
 17194338 3989729    0.00021  671   19          -    0.00021      -   7.3 1310s
 17246226 3990653 infeasible  705               -    0.00021      -   7.3 1315s
 17296828 3991073 infeasible  716               -    0.00021      -   7.3 1320s
 17349084 3991118 infeasible  706               -    0.00021      -   7.3 1325s
 17404177 3990679 infeasible  699               -    0.00021      -   7.3 1330s
 17462500 3991064 infeasible  711               -    0.00021      -   7.3 1335s
 17522082 3990485 infeasible  714               -    0.00021      -   7.3 1340s
 17581793 3990290 infeasible  702               -    0.00021      -   7.3 1345s
 17642084 3989810    0.00021  723   18          -    0.00021      -   7.3 1350s
 17701363 3990730    0.00021  709   18          -    0.00021      -   7.3 1355s
 17763355 3990634    0.00021  728   19          -    0.00021      -   7.3 1360s
 17822472 3990268    0.00021  704   20          -    0.00021      -   7.3 1365s
 17882800 3989992    0.00021  708   19          -    0.00021      -   7.3 1370s
 17942671 3989655    0.00021  743   18          -    0.00021      -   7.3 1375s
 18000107 3989863    0.00021  707   19          -    0.00021      -   7.3 1380s
 18057559 3989460 infeasible  710               -    0.00021      -   7.3 1385s
 18115105 3989821 infeasible  705               -    0.00021      -   7.4 1390s
 18174620 3989611    0.00021  711   20          -    0.00021      -   7.4 1395s
 18232854 3990225    0.00021  699   19          -    0.00021      -   7.4 1400s
 18291936 3989863 infeasible  718               -    0.00021      -   7.4 1405s
 18353950 3989334 infeasible  703               -    0.00021      -   7.4 1410s
 18414794 3989260 infeasible  726               -    0.00021      -   7.4 1415s
 18474733 3989572    0.00021  698   19          -    0.00021      -   7.4 1420s
 18538532 3989581 infeasible  714               -    0.00021      -   7.4 1425s
 18598614 3989427    0.00021  706   18          -    0.00021      -   7.4 1430s
 18659556 3989564 infeasible  720               -    0.00021      -   7.4 1435s
 18721309 3990037 infeasible  693               -    0.00021      -   7.4 1440s
 18782345 3990342 infeasible  710               -    0.00021      -   7.4 1445s
 18839546 3990216 infeasible  717               -    0.00021      -   7.4 1450s
 18899350 3989982    0.00021  715   18          -    0.00021      -   7.4 1455s
 18959443 3989837    0.00021  705   20          -    0.00021      -   7.5 1460s
 19018911 3989840    0.00021  713   19          -    0.00021      -   7.5 1465s
 19078142 3989625 infeasible  706               -    0.00021      -   7.5 1470s
 19137727 3989904    0.00021  698   19          -    0.00021      -   7.5 1475s
 19199200 3991089    0.00021  715   18          -    0.00021      -   7.5 1480s
 19255933 3990903 infeasible  711               -    0.00021      -   7.5 1485s
 19316182 3990485 infeasible  702               -    0.00021      -   7.5 1490s
 19377589 3990457 infeasible  711               -    0.00021      -   7.5 1495s
 19438581 3990942 infeasible  718               -    0.00021      -   7.5 1500s
 19501187 3990647 infeasible  707               -    0.00021      -   7.5 1505s
 19563405 3990818    0.00021  757   20          -    0.00021      -   7.5 1510s
 19626236 3990389    0.00021  710   20          -    0.00021      -   7.5 1515s
 19687357 3990598 infeasible  722               -    0.00021      -   7.6 1520s
 19747098 3990443 infeasible  707               -    0.00021      -   7.6 1525s
 19808611 3990485 infeasible  702               -    0.00021      -   7.6 1530s
 19872459 3990909    0.00021  742   20          -    0.00021      -   7.6 1535s
 19933766 3990106    0.00021  709   19          -    0.00021      -   7.6 1540s
 19996728 3990528    0.00021  708   19          -    0.00021      -   7.6 1545s
 20056919 3990402    0.00021  707   20          -    0.00021      -   7.6 1550s
 20119192 3990536 infeasible  725               -    0.00021      -   7.6 1555s
 20178791 3990627 infeasible  718               -    0.00021      -   7.6 1560s
 20240282 3990207    0.00021  716   18          -    0.00021      -   7.6 1565s
 20300202 3990553    0.00021  740   20          -    0.00021      -   7.6 1570s
 20362752 3992007    0.00021  710   20          -    0.00021      -   7.6 1575s
 20423520 3992205    0.00021  715   19          -    0.00021      -   7.6 1580s
 20483516 3991753    0.00021  715   19          -    0.00021      -   7.6 1585s
 20542405 3991651    0.00021  715   18          -    0.00021      -   7.6 1590s
 20603813 3991479 infeasible  717               -    0.00021      -   7.7 1595s
 20665960 3992052    0.00021  761   20          -    0.00021      -   7.7 1600s
 20726897 3991641    0.00021  737   19          -    0.00021      -   7.7 1605s
 20787586 3991309    0.00021  750   19          -    0.00021      -   7.7 1610s
 20849075 3991175 infeasible  712               -    0.00021      -   7.7 1615s
 20908371 3991037 infeasible  733               -    0.00021      -   7.7 1620s
 20970618 3991394 infeasible  746               -    0.00021      -   7.7 1625s
 21027781 3991145 infeasible  779               -    0.00021      -   7.7 1630s
 21090077 3991281 infeasible  701               -    0.00021      -   7.7 1635s
 21150901 3991107    0.00021  713   19          -    0.00021      -   7.7 1640s
 21212593 3991331    0.00021  719   18          -    0.00021      -   7.7 1645s
 21272010 3991295    0.00021  725   19          -    0.00021      -   7.7 1650s
 21332971 3990954    0.00021  742   19          -    0.00021      -   7.7 1655s
 21394325 3991029    0.00021  708   19          -    0.00021      -   7.7 1660s
 21456039 3991165 infeasible  717               -    0.00021      -   7.7 1665s
 21516806 3990779    0.00021  708   18          -    0.00021      -   7.8 1670s
 21577662 3990797 infeasible  707               -    0.00021      -   7.8 1675s
 21637417 3990802    0.00021  712   20          -    0.00021      -   7.8 1680s
 21697933 3990665 infeasible  715               -    0.00021      -   7.8 1685s
 21757905 3991192    0.00021  741   19          -    0.00021      -   7.8 1690s
 21819401 3992129 infeasible  721               -    0.00021      -   7.8 1695s
 21876945 3991790    0.00021  703   19          -    0.00021      -   7.8 1700s
 21936978 3991574 infeasible  740               -    0.00021      -   7.8 1705s
 21997639 3991351 infeasible  726               -    0.00021      -   7.8 1710s
 22056841 3991315    0.00021  724   19          -    0.00021      -   7.8 1715s
 22118244 3991268    0.00021  722   19          -    0.00021      -   7.8 1720s
 22178851 3991385 infeasible  718               -    0.00021      -   7.8 1725s
 22236830 3991202 infeasible  733               -    0.00021      -   7.8 1730s
 22298942 3991768 infeasible  718               -    0.00021      -   7.8 1735s
 22358144 3991745    0.00021  719   19          -    0.00021      -   7.8 1740s
 22419477 3991750 infeasible  713               -    0.00021      -   7.9 1745s
 22480492 3991407    0.00021  724   18          -    0.00021      -   7.9 1750s
 22540905 3991363    0.00021  767   19          -    0.00021      -   7.9 1755s
 22600583 3991749 infeasible  737               -    0.00021      -   7.9 1760s
 22664107 3991675 infeasible  735               -    0.00021      -   7.9 1765s
 22725367 3991396 infeasible  729               -    0.00021      -   7.9 1770s
 22786553 3991166 infeasible  741               -    0.00021      -   7.9 1775s
 22847355 3990864    0.00021  722   19          -    0.00021      -   7.9 1780s
 22909122 3990938    0.00021  786   19          -    0.00021      -   7.9 1785s
 22970774 3991295    0.00021  725   19          -    0.00021      -   7.9 1790s
 23031410 3991106    0.00021  720   18          -    0.00021      -   7.9 1795s
 23093132 3991023 infeasible  730               -    0.00021      -   7.9 1800s
 23152569 3990799    0.00021  718   19          -    0.00021      -   7.9 1805s
 23213954 3990502 infeasible  723               -    0.00021      -   7.9 1810s
 23273702 3990996    0.00021  705   18          -    0.00021      -   7.9 1815s
 23335092 3990907 infeasible  725               -    0.00021      -   7.9 1820s
 23398087 3990363 infeasible  706               -    0.00021      -   7.9 1825s
 23457517 3990313 infeasible  699               -    0.00021      -   7.9 1830s
 23517252 3990048    0.00021  704   20          -    0.00021      -   7.9 1835s
 23579113 3990532    0.00021  708   20          -    0.00021      -   7.9 1840s
 23640334 3990206    0.00021  694   19          -    0.00021      -   8.0 1845s
 23700796 3990784 infeasible  699               -    0.00021      -   8.0 1850s
 23763017 3991449    0.00021  708   20          -    0.00021      -   8.0 1855s
 23825400 3991305    0.00021  716   19          -    0.00021      -   8.0 1860s
 23886411 3990738    0.00021  721   20          -    0.00021      -   8.0 1865s
 23944571 3990743    0.00021  712   19          -    0.00021      -   8.0 1870s
 24004088 3990551 infeasible  735               -    0.00021      -   8.0 1875s
 24065284 3990551 infeasible  715               -    0.00021      -   8.0 1880s
 24123816 3990374 infeasible  703               -    0.00021      -   8.0 1885s
 24185733 3990289    0.00021  717   20          -    0.00021      -   8.0 1890s
 24244557 3990081 infeasible  700               -    0.00021      -   8.0 1895s
 24308043 3989862 infeasible  728               -    0.00021      -   8.0 1900s
 24367211 3989469 infeasible  699               -    0.00021      -   8.0 1905s
 24427696 3989691 infeasible  705               -    0.00021      -   8.0 1910s
 24487916 3989575    0.00021  704   20          -    0.00021      -   8.0 1915s
 24547358 3989806 infeasible  732               -    0.00021      -   8.0 1920s
 24608181 3989582 infeasible  700               -    0.00021      -   8.1 1925s
 24669065 3989509    0.00021  686   18          -    0.00021      -   8.1 1930s
 24731930 3991327 infeasible  728               -    0.00021      -   8.1 1935s
 24792083 3991437    0.00021  726   19          -    0.00021      -   8.1 1940s
 24852626 3991694    0.00021  723   19          -    0.00021      -   8.1 1945s
 24913399 3991240    0.00021  729   17          -    0.00021      -   8.1 1950s
 24972625 3991170    0.00021  717   17          -    0.00021      -   8.1 1955s
 25035357 3991209    0.00021  726   18          -    0.00021      -   8.1 1960s
 25098435 3990970    0.00021  720   19          -    0.00021      -   8.1 1965s
 25157346 3991279    0.00021  735   19          -    0.00021      -   8.1 1970s
 25222854 3991348 infeasible  727               -    0.00021      -   8.1 1975s
 25282679 3992054    0.00021  729   18          -    0.00021      -   8.1 1980s
 25345595 3991715    0.00021  726   18          -    0.00021      -   8.1 1985s
 25406260 3991600    0.00021  724   18          -    0.00021      -   8.1 1990s
 25467739 3991333    0.00021  733   18          -    0.00021      -   8.1 1995s
 25528578 3991253    0.00021  731   18          -    0.00021      -   8.1 2000s
 25589314 3990950 infeasible  729               -    0.00021      -   8.1 2005s
 25650190 3991968    0.00021  718   19          -    0.00021      -   8.1 2010s
 25711134 3991261 infeasible  729               -    0.00021      -   8.1 2015s
 25771680 3991209 infeasible  742               -    0.00021      -   8.1 2020s
 25834788 3991259    0.00021  752   18          -    0.00021      -   8.1 2025s
 25896617 3991628 infeasible  720               -    0.00021      -   8.1 2030s
 25956990 3991390 infeasible  721               -    0.00021      -   8.1 2035s
 26020697 3991597 infeasible  735               -    0.00021      -   8.1 2040s
 26081292 3991420    0.00021  727   18          -    0.00021      -   8.1 2045s
 26139256 3990976 infeasible  713               -    0.00021      -   8.1 2050s
 26200656 3991046    0.00021  726   19          -    0.00021      -   8.1 2055s
 26261170 3990491    0.00021  702   19          -    0.00021      -   8.1 2060s
 26323420 3991025 infeasible  737               -    0.00021      -   8.1 2065s
 26387467 3991324    0.00021  714   18          -    0.00021      -   8.1 2070s
 26450374 3990632 infeasible  723               -    0.00021      -   8.1 2075s
 26512763 3991027    0.00021  746   20          -    0.00021      -   8.1 2080s
 26577990 3991230    0.00021  742   18          -    0.00021      -   8.1 2085s
 26640821 3990836 infeasible  736               -    0.00021      -   8.1 2090s
 26702245 3990513 infeasible  709               -    0.00021      -   8.1 2095s
 26763536 3990562 infeasible  704               -    0.00021      -   8.1 2100s
 26824244 3990821 infeasible  712               -    0.00021      -   8.1 2105s
 26882905 3990049    0.00021  727   20          -    0.00021      -   8.1 2110s
 26943910 3991108    0.00021  710   19          -    0.00021      -   8.1 2115s
 27006602 3991116 infeasible  730               -    0.00021      -   8.1 2120s
 27071088 3990915 infeasible  725               -    0.00021      -   8.1 2125s
 27135135 3990405    0.00021  717   17          -    0.00021      -   8.1 2130s
 27195832 3990143 infeasible  706               -    0.00021      -   8.1 2135s
 27257008 3990073    0.00021  723   19          -    0.00021      -   8.1 2140s
 27318906 3989930    0.00021  731   18          -    0.00021      -   8.1 2145s
 27379742 3989825    0.00021  707   19          -    0.00021      -   8.1 2150s
 27440884 3990854 infeasible  710               -    0.00021      -   8.1 2155s
 27500975 3991342    0.00021  717   18          -    0.00021      -   8.1 2160s
 27564271 3991468    0.00021  721   18          -    0.00021      -   8.1 2165s
 27626487 3991568 infeasible  713               -    0.00021      -   8.1 2170s
 27689526 3991251    0.00021  781   19          -    0.00021      -   8.1 2175s
 27749711 3990847 infeasible  737               -    0.00021      -   8.1 2180s
 27812558 3990636 infeasible  721               -    0.00021      -   8.1 2185s
 27873916 3990484    0.00021  736   18          -    0.00021      -   8.2 2190s
 27934796 3990532    0.00021  709   19          -    0.00021      -   8.2 2195s
 27995705 3990479 infeasible  714               -    0.00021      -   8.2 2200s
 28056259 3990195 infeasible  726               -    0.00021      -   8.2 2205s
 28120006 3990899    0.00021  708   17          -    0.00021      -   8.2 2210s
 28181932 3990464    0.00021  715   18          -    0.00021      -   8.2 2215s
 28244017 3990155    0.00021  714   19          -    0.00021      -   8.2 2220s
 28309284 3990823    0.00021  723   19          -    0.00021      -   8.2 2225s
 28370156 3991260 infeasible  724               -    0.00021      -   8.2 2230s
 28434657 3991888 infeasible  721               -    0.00021      -   8.2 2235s
 28499240 3991416 infeasible  741               -    0.00021      -   8.2 2240s
 28559586 3990731 infeasible  714               -    0.00021      -   8.2 2245s
 28620559 3990986    0.00021  729   19          -    0.00021      -   8.2 2250s
 28683117 3990752    0.00021  719   18          -    0.00021      -   8.2 2255s
 28746401 3990174 infeasible  720               -    0.00021      -   8.2 2260s
 28810402 3990034 infeasible  714               -    0.00021      -   8.2 2265s
 28872875 3989996 infeasible  755               -    0.00021      -   8.2 2270s
 28937958 3990083 infeasible  699               -    0.00021      -   8.2 2275s
 29000572 3990271 infeasible  706               -    0.00021      -   8.2 2280s
 29065598 3990503 infeasible  715               -    0.00021      -   8.2 2285s
 29127517 3989984 infeasible  717               -    0.00021      -   8.2 2290s
 29192534 3990535    0.00021  758   18          -    0.00021      -   8.2 2295s
 29252840 3990304    0.00021  714   18          -    0.00021      -   8.2 2300s
 29315991 3989976 infeasible  708               -    0.00021      -   8.2 2305s
 29378433 3989750    0.00021  716   19          -    0.00021      -   8.2 2310s
 29439703 3989799    0.00021  713   18          -    0.00021      -   8.2 2315s
 29501934 3990416 infeasible  746               -    0.00021      -   8.2 2320s
 29564341 3990224 infeasible  726               -    0.00021      -   8.2 2325s
 29625598 3989886    0.00021  742   19          -    0.00021      -   8.2 2330s
 29688135 3990174 infeasible  706               -    0.00021      -   8.2 2335s
 29752094 3990366 infeasible  711               -    0.00021      -   8.2 2340s
 29815708 3990265 infeasible  733               -    0.00021      -   8.2 2345s
 29878036 3990429 infeasible  752               -    0.00021      -   8.2 2350s
 29939426 3990749    0.00021  782   19          -    0.00021      -   8.2 2355s
 30001567 3989893    0.00021  730   19          -    0.00021      -   8.2 2360s
 30065087 3990275    0.00021  701   19          -    0.00021      -   8.2 2365s
 30127303 3990953    0.00021  753   18          -    0.00021      -   8.2 2370s
 30190170 3990283    0.00021  715   19          -    0.00021      -   8.2 2375s
 30255499 3989881    0.00021  704   18          -    0.00021      -   8.2 2380s
 30317215 3990449    0.00021  718   18          -    0.00021      -   8.2 2385s
 30379990 3989754 infeasible  721               -    0.00021      -   8.2 2390s
 30439004 3989804 infeasible  718               -    0.00021      -   8.2 2395s
 30501536 3989785    0.00021  725   20          -    0.00021      -   8.2 2400s
 30564193 3990370 infeasible  702               -    0.00021      -   8.2 2405s
 30624950 3990348    0.00021  708   18          -    0.00021      -   8.2 2410s
 30684171 3989985    0.00021  716   18          -    0.00021      -   8.2 2415s
 30747144 3989777 infeasible  795               -    0.00021      -   8.2 2420s
 30808274 3990367 infeasible  774               -    0.00021      -   8.2 2425s
 30870860 3989745    0.00021  722   19          -    0.00021      -   8.2 2430s
 30934204 3989649    0.00021  737   18          -    0.00021      -   8.2 2435s
 30995885 3989341 infeasible  723               -    0.00021      -   8.2 2440s
 31057349 3989892 infeasible  718               -    0.00021      -   8.2 2445s
 31119973 3989533 infeasible  727               -    0.00021      -   8.2 2450s
 31184789 3989359 infeasible  735               -    0.00021      -   8.2 2455s
 31245611 3990612    0.00021  712   19          -    0.00021      -   8.2 2460s
 31308050 3991102 infeasible  698               -    0.00021      -   8.2 2465s
 31368272 3990878    0.00021  697   17          -    0.00021      -   8.2 2470s
 31429188 3990696 infeasible  696               -    0.00021      -   8.2 2475s
 31492138 3990432 infeasible  692               -    0.00021      -   8.2 2480s
 31553050 3990187    0.00021  703   18          -    0.00021      -   8.2 2485s
 31615073 3990206    0.00021  710   19          -    0.00021      -   8.2 2490s
 31676395 3990345    0.00021  716   19          -    0.00021      -   8.2 2495s
 31738492 3989984 infeasible  706               -    0.00021      -   8.2 2500s
 31798861 3989826 infeasible  730               -    0.00021      -   8.2 2505s
 31861061 3989813 infeasible  717               -    0.00021      -   8.2 2510s
 31923456 3990149 infeasible  721               -    0.00021      -   8.2 2515s
 31986081 3989791    0.00021  726   18          -    0.00021      -   8.2 2520s
 32049062 3989643 infeasible  719               -    0.00021      -   8.2 2525s
 32111377 3989509    0.00021  700   18          -    0.00021      -   8.3 2530s
 32171452 3989328    0.00021  730   18          -    0.00021      -   8.3 2535s
 32232422 3989257 infeasible  722               -    0.00021      -   8.3 2540s
 32295251 3989186    0.00021  707   18          -    0.00021      -   8.3 2545s
 32356036 3989075 infeasible  714               -    0.00021      -   8.3 2550s
 32415048 3989584 infeasible  719               -    0.00021      -   8.3 2555s
 32477675 3989044    0.00021  707   19          -    0.00021      -   8.3 2560s
 32537066 3988967    0.00021  705   18          -    0.00021      -   8.3 2565s
 32599984 3989805    0.00021  710   18          -    0.00021      -   8.3 2570s
 32664876 3989248 infeasible  746               -    0.00021      -   8.3 2575s
 32725299 3989537 infeasible  708               -    0.00021      -   8.3 2580s
 32791037 3989296    0.00021  718   19          -    0.00021      -   8.3 2585s
 32853172 3989218    0.00021  734   19          -    0.00021      -   8.3 2590s
 32918245 3989595    0.00021  715   18          -    0.00021      -   8.3 2595s
 32980747 3988985 infeasible  705               -    0.00021      -   8.3 2600s
 33042249 3988986    0.00021  696   18          -    0.00021      -   8.3 2605s
 33105801 3988977 infeasible  705               -    0.00021      -   8.3 2610s
 33167565 3989081 infeasible  712               -    0.00021      -   8.3 2615s
 33231073 3989293 infeasible  706               -    0.00021      -   8.3 2620s
 33293416 3988852    0.00021  720   17          -    0.00021      -   8.3 2625s
 33353280 3989295 infeasible  702               -    0.00021      -   8.3 2630s
 33414796 3989190    0.00021  719   18          -    0.00021      -   8.3 2635s
 33475888 3988973 infeasible  701               -    0.00021      -   8.3 2640s
 33538215 3988729    0.00021  717   18          -    0.00021      -   8.3 2645s
 33600800 3988846    0.00021  688   19          -    0.00021      -   8.3 2650s
 33661216 3989309 infeasible  738               -    0.00021      -   8.3 2655s
 33721693 3988982    0.00021  721   18          -    0.00021      -   8.3 2660s
 33780390 3988993 infeasible  708               -    0.00021      -   8.3 2665s
 33843388 3989481    0.00021  698   20          -    0.00021      -   8.3 2670s
 33902259 3989168 infeasible  730               -    0.00021      -   8.3 2675s
 33961479 3989085    0.00021  709   18          -    0.00021      -   8.3 2680s
 34022591 3988644 infeasible  720               -    0.00021      -   8.3 2685s
 34081637 3990095    0.00021  729   19          -    0.00021      -   8.3 2690s
 34144615 3989887    0.00021  719   19          -    0.00021      -   8.3 2695s
 34206623 3989447 infeasible  737               -    0.00021      -   8.3 2700s
 34268134 3989186 infeasible  707               -    0.00021      -   8.3 2705s
 34328967 3989268 infeasible  705               -    0.00021      -   8.3 2710s
 34390952 3989365    0.00021  709   19          -    0.00021      -   8.3 2715s
 34451967 3989389 infeasible  715               -    0.00021      -   8.3 2720s
 34514968 3989414 infeasible  747               -    0.00021      -   8.3 2725s
 34579856 3988814 infeasible  747               -    0.00021      -   8.3 2730s
 34642486 3989693 infeasible  783               -    0.00021      -   8.3 2735s
 34704514 3989004 infeasible  719               -    0.00021      -   8.3 2740s
 34767529 3988617 infeasible  703               -    0.00021      -   8.3 2745s
 34829687 3988993 infeasible  713               -    0.00021      -   8.3 2750s
 34890507 3988781 infeasible  711               -    0.00021      -   8.3 2755s
 34951005 3988533 infeasible  719               -    0.00021      -   8.3 2760s
 35012455 3989637    0.00021  710   18          -    0.00021      -   8.3 2765s
 35075019 3989647 infeasible  702               -    0.00021      -   8.3 2770s
 35135449 3989481 infeasible  704               -    0.00021      -   8.3 2775s
 35194091 3989400    0.00021  712   18          -    0.00021      -   8.3 2780s
 35255693 3989963    0.00021  708   18          -    0.00021      -   8.3 2785s
 35317154 3989579    0.00021  707   18          -    0.00021      -   8.3 2790s
 35378449 3989773    0.00021  710   19          -    0.00021      -   8.3 2795s
 35441478 3989260 infeasible  705               -    0.00021      -   8.3 2800s
 35504179 3989268 infeasible  737               -    0.00021      -   8.3 2805s
 35567056 3990411 infeasible  693               -    0.00021      -   8.3 2810s
 35626921 3990294    0.00021  694   19          -    0.00021      -   8.3 2815s
 35688008 3990158 infeasible  682               -    0.00021      -   8.3 2820s
 35748740 3990333    0.00021  694   19          -    0.00021      -   8.3 2825s
 35808447 3990759    0.00021  710   19          -    0.00021      -   8.3 2830s
 35869811 3991245 infeasible  747               -    0.00021      -   8.3 2835s
 35929425 3990731    0.00021  717   18          -    0.00021      -   8.3 2840s
 35990685 3990710    0.00021  718   20          -    0.00021      -   8.3 2845s
 36051131 3990127    0.00021  715   20          -    0.00021      -   8.3 2850s
 36109899 3989701 infeasible  715               -    0.00021      -   8.3 2855s
 36171989 3989608    0.00021  699   18          -    0.00021      -   8.3 2860s
 36234268 3989511    0.00021  680   18          -    0.00021      -   8.3 2865s
 36296414 3990729    0.00021  808   19          -    0.00021      -   8.4 2870s
 36357314 3991211    0.00021  714   20          -    0.00021      -   8.4 2875s
 36420167 3991329    0.00021  719   19          -    0.00021      -   8.4 2880s
 36483725 3991376    0.00021  721   19          -    0.00021      -   8.4 2885s
 36546170 3990683 infeasible  708               -    0.00021      -   8.4 2890s
 36603927 3990147    0.00021  718   19          -    0.00021      -   8.4 2895s
 36665677 3989976 infeasible  738               -    0.00021      -   8.4 2900s
 36726493 3990221    0.00021  696   18          -    0.00021      -   8.4 2905s
 36788379 3990395    0.00021  686   17          -    0.00021      -   8.4 2910s
 36850131 3990831 infeasible  724               -    0.00021      -   8.4 2915s
 36913051 3990987 infeasible  742               -    0.00021      -   8.4 2920s
 36975816 3990183    0.00021  698   19          -    0.00021      -   8.4 2925s
 37030965 3990239 infeasible  724               -    0.00021      -   8.4 2930s
 37091850 3990512    0.00021  730   20          -    0.00021      -   8.4 2935s
 37149052 3990164    0.00021  723   20          -    0.00021      -   8.4 2940s
 37208319 3990001 infeasible  702               -    0.00021      -   8.4 2945s
 37270612 3989974 infeasible  707               -    0.00021      -   8.4 2950s
 37333487 3990867    0.00021  713   19          -    0.00021      -   8.4 2955s
 37394370 3990782    0.00021  705   19          -    0.00021      -   8.4 2960s
 37457044 3990689 infeasible  722               -    0.00021      -   8.4 2965s
 37519399 3990590 infeasible  703               -    0.00021      -   8.4 2970s
 37584285 3989899 infeasible  730               -    0.00021      -   8.4 2975s
 37644856 3989735 infeasible  719               -    0.00021      -   8.4 2980s
 37705350 3989631    0.00021  694   18          -    0.00021      -   8.4 2985s
 37770763 3989588 infeasible  710               -    0.00021      -   8.4 2990s
 37829438 3990179 infeasible  697               -    0.00021      -   8.4 2995s
 37887101 3991998 infeasible  707               -    0.00021      -   8.4 3000s
 37942973 3992070 infeasible  689               -    0.00021      -   8.4 3005s
 38000465 3991887    0.00021  714   19          -    0.00021      -   8.4 3010s
 38056081 3991861    0.00021  721   20          -    0.00021      -   8.4 3015s
 38112182 3992134 infeasible  710               -    0.00021      -   8.4 3020s
 38173560 3991917    0.00021  705   18          -    0.00021      -   8.4 3025s
 38234346 3991702 infeasible  715               -    0.00021      -   8.4 3030s
 38293489 3991510    0.00021  734   18          -    0.00021      -   8.4 3035s
 38356124 3991661 infeasible  703               -    0.00021      -   8.4 3040s
 38414870 3991355    0.00021  704   20          -    0.00021      -   8.4 3045s
 38476286 3990857 infeasible  741               -    0.00021      -   8.4 3050s
 38538967 3990779    0.00021  731   20          -    0.00021      -   8.4 3055s
 38595593 3990680 infeasible  712               -    0.00021      -   8.4 3060s
 38657295 3990814    0.00021  717   19          -    0.00021      -   8.4 3065s
 38718035 3990568    0.00021  712   20          -    0.00021      -   8.4 3070s
 38778096 3991148 infeasible  714               -    0.00021      -   8.4 3075s
 38837759 3991347 infeasible  701               -    0.00021      -   8.4 3080s
 38900799 3991370    0.00021  704   19          -    0.00021      -   8.4 3085s
 38960966 3991354 infeasible  702               -    0.00021      -   8.4 3090s
 39022156 3991193 infeasible  709               -    0.00021      -   8.4 3095s
 39083456 3992174    0.00021  709   18          -    0.00021      -   8.4 3100s
 39146112 3992712 infeasible  728               -    0.00021      -   8.4 3105s
 39206023 3992852 infeasible  727               -    0.00021      -   8.4 3110s
 39268892 3992575 infeasible  718               -    0.00021      -   8.4 3115s
 39329761 3992025 infeasible  709               -    0.00021      -   8.4 3120s
 39390728 3991827 infeasible  763               -    0.00021      -   8.4 3125s
 39450801 3991330 infeasible  703               -    0.00021      -   8.4 3130s
 39512317 3991277    0.00021  702   19          -    0.00021      -   8.4 3135s
 39574683 3991407    0.00021  723   19          -    0.00021      -   8.4 3140s
 39635392 3990790    0.00021  685   20          -    0.00021      -   8.4 3145s
 39698659 3990627 infeasible  714               -    0.00021      -   8.4 3150s
 39760996 3990636    0.00021  706   18          -    0.00021      -   8.4 3155s
 39823811 3991570    0.00021  715   19          -    0.00021      -   8.4 3160s
 39885016 3992434 infeasible  715               -    0.00021      -   8.4 3165s
 39947637 3992279 infeasible  712               -    0.00021      -   8.4 3170s
 40008474 3991554 infeasible  708               -    0.00021      -   8.4 3175s
 40069363 3991304    0.00021  714   18          -    0.00021      -   8.4 3180s
 40130223 3991469    0.00021  696   20          -    0.00021      -   8.4 3185s
 40191138 3991231 infeasible  712               -    0.00021      -   8.4 3190s
 40253521 3991067    0.00021  699   19          -    0.00021      -   8.4 3195s
 40312427 3990877 infeasible  728               -    0.00021      -   8.4 3200s
 40375861 3990581    0.00021  758   19          -    0.00021      -   8.4 3205s
 40437493 3991287    0.00021  724   20          -    0.00021      -   8.4 3210s
 40499592 3990909 infeasible  719               -    0.00021      -   8.4 3215s
 40560520 3990742    0.00021  760   19          -    0.00021      -   8.4 3220s
 40622779 3990237    0.00021  729   18          -    0.00021      -   8.4 3225s
 40685320 3990783 infeasible  690               -    0.00021      -   8.4 3230s
 40749813 3990489 infeasible  790               -    0.00021      -   8.4 3235s
 40810211 3990448 infeasible  694               -    0.00021      -   8.4 3240s
 40874146 3991021 infeasible  700               -    0.00021      -   8.4 3245s
 40935911 3990356 infeasible  723               -    0.00021      -   8.4 3250s
 40996607 3990080    0.00021  724   18          -    0.00021      -   8.4 3255s
 41055198 3990163 infeasible  709               -    0.00021      -   8.4 3260s
 41116664 3990253    0.00021  698   17          -    0.00021      -   8.4 3265s
 41177172 3990087 infeasible  711               -    0.00021      -   8.4 3270s
 41238098 3989721    0.00021  731   19          -    0.00021      -   8.4 3275s
 41300333 3990297 infeasible  716               -    0.00021      -   8.4 3280s
 41362759 3990368 infeasible  723               -    0.00021      -   8.4 3285s
 41422346 3990106    0.00021  712   19          -    0.00021      -   8.4 3290s
 41484470 3990580 infeasible  722               -    0.00021      -   8.4 3295s
 41544335 3990128    0.00021  741   19          -    0.00021      -   8.4 3300s
 41605831 3989998    0.00021  737   18          -    0.00021      -   8.4 3305s
 41666710 3989920 infeasible  712               -    0.00021      -   8.5 3310s
 41727662 3989757    0.00021  697   20          -    0.00021      -   8.5 3315s
 41788797 3990220    0.00021  717   20          -    0.00021      -   8.5 3320s
 41849440 3989702 infeasible  722               -    0.00021      -   8.5 3325s
 41911623 3989639 infeasible  710               -    0.00021      -   8.5 3330s
 41972410 3990701 infeasible  693               -    0.00021      -   8.5 3335s
 42034070 3991842    0.00021  725   19          -    0.00021      -   8.5 3340s
 42099198 3991375 infeasible  700               -    0.00021      -   8.5 3345s
 42159318 3991570 infeasible  728               -    0.00021      -   8.5 3350s
 42220386 3991610    0.00021  707   18          -    0.00021      -   8.5 3355s
 42284702 3991194 infeasible  716               -    0.00021      -   8.5 3360s
 42346292 3991046    0.00021  717   19          -    0.00021      -   8.5 3365s
 42407903 3990953    0.00021  722   19          -    0.00021      -   8.5 3370s
 42468993 3992780    0.00021  715   20          -    0.00021      -   8.5 3375s
 42530312 3993314    0.00021  711   19          -    0.00021      -   8.5 3380s
 42591350 3993719    0.00021  743   19          -    0.00021      -   8.5 3385s
 42651920 3993396 infeasible  714               -    0.00021      -   8.5 3390s
 42714134 3992892 infeasible  722               -    0.00021      -   8.5 3395s
 42775069 3992583    0.00021  759   20          -    0.00021      -   8.5 3400s
 42836078 3993094 infeasible  744               -    0.00021      -   8.5 3405s
 42899107 3993770 infeasible  714               -    0.00021      -   8.5 3410s
 42959655 3993976    0.00021  755   20          -    0.00021      -   8.5 3415s
 43021686 3993792 infeasible  730               -    0.00021      -   8.5 3420s
 43084597 3994090 infeasible  731               -    0.00021      -   8.5 3425s
 43145151 3993368 infeasible  739               -    0.00021      -   8.5 3430s
 43208259 3993248 infeasible  723               -    0.00021      -   8.5 3435s
 43269406 3993338    0.00021  718   20          -    0.00021      -   8.5 3440s
 43333240 3993287    0.00021  730   19          -    0.00021      -   8.5 3445s
 43393588 3993204 infeasible  717               -    0.00021      -   8.5 3450s
 43455204 3993259    0.00021  713   20          -    0.00021      -   8.5 3455s
 43517710 3993373    0.00021  728   20          -    0.00021      -   8.5 3460s
 43580922 3993189    0.00021  742   19          -    0.00021      -   8.5 3465s
 43643469 3992747 infeasible  715               -    0.00021      -   8.5 3470s
 43704334 3992549    0.00021  699   18          -    0.00021      -   8.5 3475s
 43767686 3993187 infeasible  742               -    0.00021      -   8.5 3480s
 43830030 3992668 infeasible  749               -    0.00021      -   8.5 3485s
 43893543 3992569    0.00021  721   18          -    0.00021      -   8.5 3490s
 43955914 3992295    0.00021  761   19          -    0.00021      -   8.5 3495s
 44017810 3991950 infeasible  757               -    0.00021      -   8.5 3500s
 44078293 3992147    0.00021  719   19          -    0.00021      -   8.5 3505s
 44141316 3992894 infeasible  744               -    0.00021      -   8.5 3510s
 44202693 3992599 infeasible  823               -    0.00021      -   8.5 3515s
 44264920 3991892    0.00021  770   18          -    0.00021      -   8.5 3520s
 44327937 3992004 infeasible  723               -    0.00021      -   8.5 3525s
 44388126 3991876    0.00021  725   19          -    0.00021      -   8.5 3530s
 44446533 3991770 infeasible  732               -    0.00021      -   8.5 3535s
 44508361 3991887    0.00021  712   19          -    0.00021      -   8.5 3540s
 44571132 3992049    0.00021  712   18          -    0.00021      -   8.5 3545s
 44632460 3991636    0.00021  716   19          -    0.00021      -   8.5 3550s
 44695115 3991510 infeasible  735               -    0.00021      -   8.5 3555s
 44757770 3992244    0.00021  744   19          -    0.00021      -   8.5 3560s
 44818014 3991635    0.00021  713   18          -    0.00021      -   8.5 3565s
 44881166 3991794 infeasible  736               -    0.00021      -   8.5 3570s
 44943609 3991604    0.00021  767   19          -    0.00021      -   8.5 3575s
 45007014 3991093 infeasible  722               -    0.00021      -   8.5 3580s
 45066650 3990697    0.00021  770   19          -    0.00021      -   8.5 3585s
 45127941 3990453 infeasible  754               -    0.00021      -   8.5 3590s
 45186376 3990360 infeasible  716               -    0.00021      -   8.5 3595s
 45245432 3990688    0.00021  699   18          -    0.00021      -   8.5 3600s

Cutting planes:
  Flow cover: 4

Explored 45246362 nodes (385752037 simplex iterations) in 3600.01 seconds (1505.05 work units)
Thread count was 12 (of 12 available processors)

Solution count 0

Time limit reached
Best objective -, best bound 2.058065039989e-04, gap -
