
Gurobi 11.0.2 (win64) logging started Wed Oct  2 11:05:53 2024

Set parameter LogFile to value ".\Experiments\Track_k_e_2\Logs\track_k_e_2_r4_c13.log"
Set parameter TimeLimit to value 3600
Gurobi Optimizer version 11.0.2 build v11.0.2rc0 (win64 - Windows 10.0 (19045.2))

CPU model: Intel(R) Core(TM) i7-10750H CPU @ 2.60GHz, instruction set [SSE2|AVX|AVX2]
Thread count: 6 physical cores, 12 logical processors, using up to 12 threads

Optimize a model with 250 rows, 462 columns and 924 nonzeros
Model fingerprint: 0x486d6976
Model has 6 quadratic objective terms
Model has 68 quadratic constraints
Model has 116 general constraints
Variable types: 458 continuous, 4 integer (4 binary)
Coefficient statistics:
  Matrix range     [9e-06, 1e+02]
  QMatrix range    [1e+00, 1e+00]
  QLMatrix range   [1e+00, 1e+00]
  Objective range  [1e-02, 2e-01]
  QObjective range [2e+00, 2e+00]
  Bounds range     [8e-05, 3e+00]
  RHS range        [8e-05, 1e+02]
  QRHS range       [1e-06, 1e-06]
Presolve removed 28 rows and 9 columns
Presolve time: 0.00s
Presolved: 463 rows, 462 columns, 1269 nonzeros
Presolved model has 178 SOS constraint(s)
Presolved model has 4 quadratic objective terms
Presolved model has 57 bilinear constraint(s)
Presolved model has 4 nonlinear constraint(s)
Warning: Model contains variables with very large bounds participating
         in nonlinear terms.
         Presolve was not able to compute smaller bounds for these variables.
         Consider bounding these variables or reformulating the model.


Solving non-convex MINLP

Variable types: 284 continuous, 178 integer (178 binary)

Root relaxation: objective 2.058065e-04, 455 iterations, 0.00 seconds (0.00 work units)

    Nodes    |    Current Node    |     Objective Bounds      |     Work
 Expl Unexpl |  Obj  Depth IntInf | Incumbent    BestBd   Gap | It/Node Time

     0     0    0.00021    0  119          -    0.00021      -     -    0s
     0     0    0.00021    0  119          -    0.00021      -     -    0s
     0     0    0.00021    0  119          -    0.00021      -     -    0s
     0     0    0.00021    0  119          -    0.00021      -     -    0s
     0     0    0.00021    0  119          -    0.00021      -     -    0s
     0     0    0.00021    0  119          -    0.00021      -     -    0s
     0     0    0.00021    0  121          -    0.00021      -     -    0s
     0     2    0.00021    0  121          -    0.00021      -     -    0s
 63299 26675 infeasible   98               -    0.00021      -   5.9    5s
 121281 44533 infeasible  141               -    0.00021      -   8.0   10s
 198134 51818 infeasible  126               -    0.00021      -   7.6   15s
 276913 66290 infeasible   56               -    0.00021      -   6.7   20s
 346218 77413    0.00021  189   29          -    0.00021      -   8.9   25s
 413454 87307 infeasible  188               -    0.00021      -  10.4   30s
 481004 96700 infeasible  194               -    0.00021      -  11.9   35s
 549528 109508 infeasible  199               -    0.00021      -  12.9   40s
 620597 119295    0.00084  116   27          -    0.00021      -  13.8   45s
 689773 132496 infeasible  183               -    0.00021      -  14.5   50s
 765068 145688 infeasible  204               -    0.00021      -  15.1   55s
 837363 154569    0.00021  145   32          -    0.00021      -  15.5   60s
 908784 164254    0.00021  156   31          -    0.00021      -  15.9   65s
 972768 172718    0.00021  155   30          -    0.00021      -  16.4   70s
 1043193 186184 infeasible  196               -    0.00021      -  16.7   75s
 1111570 203942 infeasible  142               -    0.00021      -  16.6   80s
 1180355 214211    0.00084  274   16          -    0.00021      -  16.1   85s
 1204206 217101    0.00021  226   32          -    0.00021      -  16.0   90s
 1216044 217980 infeasible  257               -    0.00021      -  16.1   96s
 1224061 218974    0.00021  306   34          -    0.00021      -  16.3  100s
 1245051 220061    0.00021  161   35          -    0.00021      -  16.3  106s
 1260860 220841 infeasible  211               -    0.00021      -  16.4  110s
 1279390 221425 infeasible  240               -    0.00021      -  16.3  115s
 1291990 221872 infeasible  244               -    0.00021      -  16.3  120s
 1306761 222204 infeasible  241               -    0.00021      -  16.3  125s
 1325449 223371    0.00021  220   40          -    0.00021      -  16.3  131s
 1335046 227102    0.00021  363   40          -    0.00021      -  16.4  135s
 1347967 227720    0.00021  561   40          -    0.00021      -  16.6  140s
 1360956 228688 infeasible  591               -    0.00021      -  16.7  145s
 1379423 229040    0.00021  635   31          -    0.00021      -  16.7  150s
 1396594 229045    0.00021 1254   31          -    0.00021      -  16.6  155s
 1415683 229051 infeasible 2123               -    0.00021      -  16.5  160s
 1437217 229052    0.00021 3103   31          -    0.00021      -  16.3  165s
 1457882 229359 infeasible 4077               -    0.00021      -  16.2  171s
 1467409 230322 infeasible 4593               -    0.00021      -  16.2  175s
 1487316 233934    0.00021  526   39          -    0.00021      -  16.2  181s
 1506289 237267    0.00021  566   40          -    0.00021      -  16.2  186s
 1519435 241571    0.00021  121   35          -    0.00021      -  16.2  190s
 1540859 244964 infeasible  182               -    0.00021      -  16.2  195s
 1560588 247880    0.00021  131   35          -    0.00021      -  16.1  201s
 1579690 250398 infeasible 1014               -    0.00021      -  16.0  205s
 1598222 252288    0.00084 2057   30          -    0.00021      -  16.0  210s
 1618232 255388    0.00084 3247   30          -    0.00021      -  16.0  216s
 1656865 263363 infeasible  210               -    0.00021      -  15.7  220s
 1667009 265376 infeasible  294               -    0.00021      -  15.7  225s
 1683610 268475    0.00021  305   37          -    0.00021      -  15.9  230s
 1763788 275100    0.00021  315   36          -    0.00021      -  15.3  235s
 1827517 278898 infeasible  304               -    0.00021      -  14.9  240s
 1913070 283298    0.00021  311   36          -    0.00021      -  14.3  245s
 1983303 289273    0.00021  133   37          -    0.00021      -  13.9  250s
 2025145 293827    0.00084  151   24          -    0.00021      -  13.8  255s
 2036143 295276 infeasible  222               -    0.00021      -  13.7  260s
 2051262 297630 infeasible  235               -    0.00021      -  13.8  265s
 2061337 299096 infeasible  223               -    0.00021      -  13.9  270s
 2077959 301043    0.00021  238   36          -    0.00021      -  14.1  276s
 2089603 302251 infeasible  244               -    0.00021      -  14.2  281s
 2100494 305954 infeasible  210               -    0.00021      -  14.4  285s
 2119175 310311 infeasible  235               -    0.00021      -  14.5  291s
 2133255 313035    0.00021  265   35          -    0.00021      -  14.5  295s
 2150732 316414    0.00021  234   32          -    0.00021      -  14.6  301s
 2166278 318237    0.00021  261   33          -    0.00021      -  14.6  306s
 2180373 319730 infeasible  252               -    0.00021      -  14.6  310s
 2190529 320793 infeasible  337               -    0.00021      -  14.7  315s
 2204751 322436 infeasible  242               -    0.00021      -  14.7  320s
 2214539 324079    0.00021  262   31          -    0.00021      -  14.8  325s
 2230044 325716 infeasible  324               -    0.00021      -  14.9  330s
 2292618 331107 infeasible  307               -    0.00021      -  14.6  335s
 2339773 333980 infeasible  142               -    0.00021      -  14.4  340s
 2351556 335098    0.00021  169   31          -    0.00021      -  14.4  345s
 2364603 336436    0.00021  260   34          -    0.00021      -  14.6  351s
 2379147 337229 infeasible  307               -    0.00021      -  14.6  355s
 2427101 340220 infeasible  309               -    0.00021      -  14.4  360s
 2493156 342892    0.00021  313   32          -    0.00021      -  14.1  365s
 2534386 348906    0.00021  242   31          -    0.00021      -  14.0  370s
 2583288 354004 infeasible  182               -    0.00021      -  13.9  375s
 2628466 358269 infeasible  317               -    0.00021      -  13.7  380s
 2667218 363292 infeasible  189               -    0.00021      -  13.6  386s
 2686748 366640    0.00021  260   35          -    0.00021      -  13.6  390s
 2702767 368968 infeasible  279               -    0.00021      -  13.6  395s
 2715159 370734    0.00021  329   34          -    0.00021      -  13.7  400s
 2728960 372482    0.00021  329   29          -    0.00021      -  13.7  405s
 2750215 374470    0.00021  331   33          -    0.00021      -  13.7  410s
 2763831 375992    0.00084  336   28          -    0.00021      -  13.8  415s
 2782373 377978    0.00021  281   31          -    0.00021      -  13.8  420s
 2796348 379649 infeasible  311               -    0.00021      -  13.8  425s
 2812839 381132    0.00047  171   27          -    0.00021      -  13.8  430s
 2823320 383445 infeasible  311               -    0.00021      -  13.9  435s
 2840913 385398    0.00084  160   30          -    0.00021      -  13.9  441s
 2855200 387097    0.00021  153   33          -    0.00021      -  13.9  445s
 2869781 387737    0.00021  344   30          -    0.00021      -  14.0  450s
 2884920 388220    0.00021  858   30          -    0.00021      -  14.0  455s
 2901619 388305    0.00021 1402   30          -    0.00021      -  14.0  460s
 2917526 388353    0.00021 1930   30          -    0.00021      -  13.9  465s
 2932780 388480 infeasible 2451               -    0.00021      -  13.9  470s
 2945403 388678 infeasible 2879               -    0.00021      -  13.9  476s
 2961308 388888 infeasible 3516               -    0.00021      -  13.9  480s
 2981954 389246    0.00021 4545   30          -    0.00021      -  13.9  485s
 2997829 390077    0.00021  281   36          -    0.00021      -  13.9  490s
 3017485 391281 infeasible  264               -    0.00021      -  13.9  496s
 3028697 391975 infeasible  264               -    0.00021      -  13.9  501s
 3045009 393181    0.00021  258   35          -    0.00021      -  13.9  505s
 3061436 394132 infeasible  983               -    0.00021      -  14.0  511s
 3076659 395115 infeasible 2103               -    0.00021      -  14.0  515s
 3088615 395964    0.00021 3031   32          -    0.00021      -  14.1  520s
 3108453 397535    0.00021 4499   32          -    0.00021      -  14.2  526s
 3120257 398600    0.00084  167   25          -    0.00021      -  14.2  531s
 3137541 399526 infeasible  265               -    0.00021      -  14.3  536s
 3151749 400682 infeasible  286               -    0.00021      -  14.4  540s
 3164733 401527    0.00021  293   34          -    0.00021      -  14.4  545s
 3177092 402354 infeasible  281               -    0.00021      -  14.5  550s
 3189308 403858 infeasible  290               -    0.00021      -  14.7  555s
 3205105 405160 infeasible  254               -    0.00021      -  14.8  561s
 3217506 406902    0.00021  215   36          -    0.00021      -  15.0  566s
 3231032 407779    0.00021  313   33          -    0.00021      -  15.1  571s
 3244284 408481    0.00021  314   34          -    0.00021      -  15.3  576s
 3247319 408523 infeasible  299               -    0.00021      -  15.5  580s
 3249884 408901    0.00021  296   31          -    0.00021      -  15.8  585s
 3252884 409083 infeasible  328               -    0.00021      -  16.0  590s
 3255414 409185  postponed  353               -    0.00021      -  16.4  596s
 3255750 409268  postponed  354               -    0.00021      -  16.7  600s
 3255878 409295  postponed  355               -    0.00021      -  17.1  606s
 3255908 409311  postponed  356               -    0.00021      -  17.4  610s
 3255957 409331  postponed  358               -    0.00021      -  17.8  616s
 3256001 409346  postponed  359               -    0.00021      -  18.1  620s
 3256052 409364  postponed  355               -    0.00021      -  18.5  626s
 3256112 409383  postponed  357               -    0.00021      -  18.9  631s
 3256146 409393  postponed  360               -    0.00021      -  19.2  635s
 3256194 409418  postponed  361               -    0.00021      -  19.6  640s
 3256248 409438 infeasible  365               -    0.00021      -  20.0  646s
 3256298 409455 infeasible  369               -    0.00021      -  20.4  651s
 3256337 409465 infeasible  370               -    0.00021      -  20.7  655s
 3256401 409470 infeasible  373               -    0.00021      -  21.1  662s
 3256434 409474 infeasible  374               -    0.00021      -  21.2  665s
 3256493 409481 infeasible  376               -    0.00021      -  21.6  671s
 3256547 409486 infeasible  378               -    0.00021      -  21.9  675s
 3256621 409489 infeasible  380               -    0.00021      -  22.2  681s
 3256810 409522 infeasible  383               -    0.00021      -  22.5  688s
 3256902 409544  postponed  359               -    0.00021      -  22.7  691s
 3257078 409578  postponed  362               -    0.00021      -  23.2  698s
 3257130 409593  postponed  363               -    0.00021      -  23.4  702s
 3257191 409604  postponed  364               -    0.00021      -  23.6  706s
 3257288 409626  postponed  365               -    0.00021      -  23.9  710s
 3257523 409645  postponed  367               -    0.00021      -  24.4  718s
 3257595 409652 infeasible  363               -    0.00021      -  24.6  722s
 3257684 409650 infeasible  370               -    0.00021      -  24.8  726s
 3257756 409658  postponed  372               -    0.00021      -  25.1  730s
 3257847 409672 infeasible  375               -    0.00021      -  25.7  738s
 3257888 409671 infeasible  377               -    0.00021      -  25.9  742s
 3257937 409679 infeasible  379               -    0.00021      -  26.2  746s
 3257977 409682 infeasible  381               -    0.00021      -  26.5  750s
 3258062 409720    0.01252  385   28          -    0.00021      -  27.0  758s
 3258634 409735  postponed  353               -    0.00021      -  27.3  762s
 3258717 409740  postponed  354               -    0.00021      -  27.6  766s
 3258768 409739  postponed  355               -    0.00021      -  27.8  771s
 3258853 409749  postponed  356               -    0.00021      -  28.1  775s
 3259019 409759 infeasible  357               -    0.00021      -  28.4  780s
 3259123 409771 infeasible  359               -    0.00021      -  29.0  789s
 3259223 409795  postponed  355               -    0.00021      -  29.3  795s
 3259319 409802  postponed  355               -    0.00021      -  29.6  800s
 3259402 409811  postponed  361               -    0.00021      -  29.9  805s
 3259453 409816  postponed  360               -    0.00021      -  30.3  810s
 3259516 409819  postponed  363               -    0.00021      -  30.7  816s
 3259601 409831  postponed  365               -    0.00021      -  31.1  822s
 3259661 409886  postponed  366               -    0.00021      -  31.5  827s
 3260734 409923  postponed  368               -    0.00021      -  31.8  834s
 3261173 409972  postponed  369               -    0.00021      -  32.2  840s
 3262348 409983 infeasible  371               -    0.00021      -  32.6  847s
 3262423 410020 infeasible  374               -    0.00021      -  33.0  853s
 3262636 410041 infeasible  377               -    0.00021      -  33.5  860s
 3262703 410059 infeasible  380               -    0.00021      -  34.0  868s
 3262835 410117 infeasible  313               -    0.00021      -  34.4  876s
 3263161 410147  postponed  357               -    0.00021      -  35.0  884s
 3263227 410170  postponed  359               -    0.00021      -  35.5  893s
 3263314 410168  postponed  361               -    0.00021      -  36.1  902s
 3263436 410190  postponed  363               -    0.00021      -  36.6  910s
 3263512 410201  postponed  360               -    0.00021      -  37.2  919s
 3263599 410241 infeasible  364               -    0.00021      -  37.7  929s
 3264207 410256 infeasible  370               -    0.00021      -  38.3  938s
 3264386 410391  postponed  373               -    0.00021      -  39.0  948s
 3265571 410389  postponed  376               -    0.00021      -  39.6  958s
 3266723 410412 infeasible  373               -    0.00021      -  40.2  968s
 3267826 410420 infeasible  383               -    0.00021      -  40.9  978s
 3269506 410447 infeasible  359               -    0.00021      -  41.6  988s
 3270607 410468 infeasible  362               -    0.00021      -  42.3  999s
 3271718 410486  postponed  365               -    0.00021      -  43.0 1010s
 3272864 410505 infeasible  368               -    0.00021      -  43.8 1021s
 3274019 410520 infeasible  372               -    0.00021      -  44.6 1033s
 3274224 410526 infeasible  378               -    0.00021      -  45.5 1046s
 3274642 410567  postponed  356               -    0.00021      -  46.3 1060s
 3274827 410626  postponed  360               -    0.00021      -  47.4 1074s
 3275112 410650 infeasible  361               -    0.00021      -  48.4 1089s
 3275312 410674  postponed  370               -    0.00021      -  49.6 1105s
 3275522 410739  postponed  374               -    0.00021      -  50.8 1122s
 3276167 410764    0.00485  382   28          -    0.00021      -  51.9 1139s
 3277458 410774  postponed  362               -    0.00021      -  53.2 1157s
 3278756 410810 infeasible  365               -    0.00021      -  54.4 1175s
 3280996 410827 infeasible  374               -    0.00021      -  55.5 1191s
 3283241 410862 infeasible  361               -    0.00021      -  56.6 1206s
 3285422 410879  postponed  368               -    0.00021      -  57.6 1221s
 3287603 410874 infeasible  375               -    0.00021      -  58.6 1235s
 3289806 410883  postponed  355               -    0.00021      -  59.5 1249s
 3291631 410942  postponed  359               -    0.00021      -  60.4 1263s
 3293432 410947 infeasible  362               -    0.00021      -  61.4 1277s
 3295427 410947 infeasible  366               -    0.00021      -  62.3 1290s
 3296641 410972  postponed  370               -    0.00021      -  63.2 1304s
 3297830 410997  postponed  374               -    0.00021      -  64.2 1318s
 3299029 411016 infeasible  381               -    0.00021      -  65.1 1333s
 3300382 411007 infeasible  377               -    0.00021      -  66.1 1348s
 3301731 411037  postponed  369               -    0.00021      -  67.2 1363s
 3303299 411234  postponed  375               -    0.00021      -  68.3 1379s
 3304564 411288 infeasible  360               -    0.00021      -  69.4 1400s
 3305266 411373  postponed  365               -    0.00021      -  70.6 1417s
 3306781 411394  postponed  369               -    0.00021      -  71.8 1435s
 3308074 411525 infeasible  377               -    0.00021      -  73.1 1454s
 3309975 412275 infeasible  360               -    0.00021      -  74.3 1467s
 3318119 412952 infeasible  327               -    0.00021      -  74.7 1474s
 3329282 413452  postponed  371               -    0.00021      -  74.6 1478s
 3341640 413996 infeasible  373               -    0.00021      -  74.3 1481s
 3350786 414375 infeasible  376               -    0.00021      -  74.2 1486s
 3358333 414661 infeasible  379               -    0.00021      -  74.0 1491s
 3365429 414795 infeasible  382               -    0.00021      -  73.9 1495s
 3374719 414955    0.00021  323   31          -    0.00021      -  73.7 1500s
 3389499 415167 infeasible  391               -    0.00021      -  73.4 1505s
 3406440 415249 infeasible 1128               -    0.00021      -  73.1 1510s
 3421086 415374 infeasible 1756               -    0.00021      -  72.7 1515s
 3437455 415499 infeasible 2468               -    0.00021      -  72.4 1520s
 3542426 416154 infeasible 2585               -    0.00021      -  70.3 1525s
 3646466 416648 infeasible 1781               -    0.00021      -  68.3 1530s
 3741139 417114 infeasible 1582               -    0.00021      -  66.5 1535s
 3836219 417513    0.00021  370   30          -    0.00021      -  64.9 1540s
 3931869 417807    0.00021 4250   30          -    0.00021      -  63.3 1545s
 4029021 418250    0.00021 3108   32          -    0.00021      -  61.8 1550s
 4116577 418802    0.00021 2000   33          -    0.00021      -  60.5 1555s
 4211628 420318 infeasible  993               -    0.00021      -  59.1 1560s
 4302406 421835 infeasible  259               -    0.00021      -  57.9 1565s
 4397810 423032    0.00021 3883   35          -    0.00021      -  56.7 1570s
 4495547 423691 infeasible 3075               -    0.00021      -  55.4 1575s
 4593342 424612    0.00021 2816   33          -    0.00021      -  54.3 1580s
 4690122 425340    0.00021 1752   35          -    0.00021      -  53.2 1585s
 4790888 425918    0.00021  674   32          -    0.00021      -  52.0 1590s
 4894275 426091    0.00021 4488   32          -    0.00021      -  50.9 1595s
 4997040 426350 infeasible 3479               -    0.00021      -  49.9 1600s
 5113176 426822    0.00021 3726   33          -    0.00021      -  48.8 1605s
 5236323 427149    0.00021 4371   33          -    0.00021      -  47.6 1610s
 5353798 427529 infeasible 4690               -    0.00021      -  46.6 1615s
 5466233 427811 infeasible  455               -    0.00021      -  45.6 1620s
 5582484 428043    0.00021  713   33          -    0.00021      -  44.7 1625s
 5698033 428218 infeasible 1042               -    0.00021      -  43.8 1630s
 5820592 428478 infeasible 1680               -    0.00021      -  42.8 1635s
 5940293 428680    0.00021 2211   32          -    0.00021      -  42.0 1640s
 6059207 428841    0.00021 2723   32          -    0.00021      -  41.2 1645s
 6177960 429088    0.00021 3031   33          -    0.00021      -  40.4 1650s
 6298176 429303 infeasible 3423               -    0.00021      -  39.6 1655s
 6419690 429617 infeasible 4016               -    0.00021      -  38.8 1660s
 6539305 430252    0.00021 4626   32          -    0.00021      -  38.1 1665s
 6638804 430518 infeasible 4375               -    0.00021      -  37.6 1670s
 6749485 430793 infeasible 4584               -    0.00021      -  37.0 1675s
 6838344 431511 infeasible 3762               -    0.00021      -  36.5 1680s
 6886362 431953 infeasible 1026               -    0.00021      -  36.2 1685s
 6954134 432426 infeasible 3925               -    0.00021      -  35.9 1690s
 6999346 432639 infeasible  795               -    0.00021      -  35.7 1695s
 7119725 434091    0.00021  167   35          -    0.00021      -  35.1 1700s
 7200490 436656 infeasible 2553               -    0.00021      -  34.7 1705s
 7298993 443535 infeasible  187               -    0.00021      -  34.3 1710s
 7328885 446423 infeasible  218               -    0.00021      -  34.2 1715s
 7338592 448042    0.00084  137   24          -    0.00021      -  34.2 1720s
 7356499 450369 infeasible  159               -    0.00021      -  34.1 1725s
 7370459 451964    0.00025  172   29          -    0.00021      -  34.1 1730s
 7382413 452747 infeasible  224               -    0.00021      -  34.1 1735s
 7393363 453517    0.00021  331   37          -    0.00021      -  34.1 1741s
 7401533 454046 infeasible  216               -    0.00021      -  34.1 1745s
 7416666 455536    0.00021  243   32          -    0.00021      -  34.1 1751s
 7427832 456907 infeasible  256               -    0.00021      -  34.2 1756s
 7438614 457853 infeasible  258               -    0.00021      -  34.2 1760s
 7450169 459504 infeasible  247               -    0.00021      -  34.3 1765s
 7469479 463704 infeasible  259               -    0.00021      -  34.2 1770s
 7482734 465706    0.00485  262   36          -    0.00021      -  34.2 1775s
 7503040 468743    0.00021  296   32          -    0.00021      -  34.2 1780s
 7520733 470872 infeasible  295               -    0.00021      -  34.2 1785s
 7535862 471918 infeasible  280               -    0.00021      -  34.1 1790s
 7603946 476649    0.00031  231   31          -    0.00021      -  33.9 1795s
 7669072 482789    0.00084  170   31          -    0.00021      -  33.6 1800s
 7688220 485982 infeasible  258               -    0.00021      -  33.6 1805s
 7720526 488521    0.00021  361   31          -    0.00021      -  33.5 1811s
 7744682 491293 infeasible  345               -    0.00021      -  33.4 1816s
 7757437 492504    0.00021  350   37          -    0.00021      -  33.4 1820s
 7765497 493192    0.00021  311   43          -    0.00021      -  33.4 1825s
 7774098 494932    0.00021  312   47          -    0.00021      -  33.4 1831s
 7781563 496603 infeasible  315               -    0.00021      -  33.4 1835s
 7837594 504284    0.00021  323   35          -    0.00021      -  33.2 1840s
 7919188 516046    0.00084  344   33          -    0.00021      -  32.9 1845s
 7995511 522232 infeasible  192               -    0.00021      -  32.6 1851s
 8067201 524850    0.00021  158   36          -    0.00021      -  32.4 1855s
 8169157 527409    0.00021  167   37          -    0.00021      -  32.0 1860s
 8260310 531109    0.00021  200   19          -    0.00021      -  31.7 1865s
 8337138 535340 infeasible  169               -    0.00021      -  31.4 1870s
 8347730 535805    0.00021  175   35          -    0.00021      -  31.4 1876s
 8359312 536240 infeasible  152               -    0.00021      -  31.4 1880s
 8370062 536667    0.00021  180   35          -    0.00021      -  31.4 1885s
 8381923 537367 infeasible  179               -    0.00021      -  31.4 1891s
 8400756 538391 infeasible  141               -    0.00021      -  31.3 1895s
 8444851 540271 infeasible  150               -    0.00021      -  31.2 1901s
 8514415 544873 infeasible  148               -    0.00021      -  31.0 1905s
 8559043 549473 infeasible  177               -    0.00021      -  30.9 1910s
 8628361 555851 infeasible  163               -    0.00021      -  30.7 1915s
 8681791 560702    0.00084  204   26          -    0.00021      -  30.5 1920s
 8707948 563771 infeasible  143               -    0.00021      -  30.5 1926s
 8716679 564040 infeasible  234               -    0.00021      -  30.5 1931s
 8729153 564449    0.00021  235   37          -    0.00021      -  30.5 1936s
 8745092 565121    0.00021  239   40          -    0.00021      -  30.5 1941s
 8764933 566322 infeasible  156               -    0.00021      -  30.5 1945s
 8783059 569650    0.00084  184   26          -    0.00021      -  30.5 1950s
 8791950 570856 infeasible  237               -    0.00021      -  30.5 1955s
 8802920 571935  postponed  263               -    0.00021      -  30.5 1960s
 8808688 573017 infeasible  264               -    0.00021      -  30.5 1965s
 8814400 573495 infeasible  266               -    0.00021      -  30.6 1970s
 8823249 574605 infeasible  266               -    0.00021      -  30.6 1975s
 8827610 576246  postponed  268               -    0.00021      -  30.7 1980s
 8833548 576753 infeasible  269               -    0.00021      -  30.7 1985s
 8838178 577390 infeasible  269               -    0.00021      -  30.8 1990s
 8842589 578683 infeasible  271               -    0.00021      -  30.9 1996s
 8848181 579251 infeasible  271               -    0.00021      -  31.0 2002s
 8849405 579535 infeasible  272               -    0.00021      -  31.0 2005s
 8852399 580639    0.00021  273   40          -    0.00021      -  31.1 2012s
 8859853 581447    0.00021  274   47          -    0.00021      -  31.2 2018s
 8861357 581927    0.00021  274   44          -    0.00021      -  31.2 2021s
 8867549 583544    0.00021  264   52          -    0.00021      -  31.3 2027s
 8872454 584336 infeasible  353               -    0.00021      -  31.3 2030s
 8877978 585509    0.00021  276   44          -    0.00021      -  31.4 2035s
 8885495 586152    0.00021  277   49          -    0.00021      -  31.4 2041s
 8894969 588771    0.00021  279   33          -    0.00021      -  31.5 2046s
 8904066 590496 infeasible  280               -    0.00021      -  31.5 2051s
 8917796 592913    0.00021  285   28          -    0.00021      -  31.5 2055s
 8938239 595972 infeasible  296               -    0.00021      -  31.5 2061s
 8944407 597187    0.00047  279   29          -    0.00021      -  31.5 2065s
 8958053 599200    0.00021  289   33          -    0.00021      -  31.6 2070s
 8975998 601442    0.00084  290   40          -    0.00021      -  31.6 2076s
 8989170 603655 infeasible  308               -    0.00021      -  31.5 2081s
 9048435 611239 infeasible  300               -    0.00021      -  31.4 2085s
 9079638 615568 infeasible  316               -    0.00021      -  31.3 2090s
 9084742 616414    0.00021  301   48          -    0.00021      -  31.3 2095s
 9093116 617759    0.00021  303   47          -    0.00021      -  31.3 2101s
 9100721 619183    0.00021  305   40          -    0.00021      -  31.3 2106s
 9105122 620083  postponed  306               -    0.00021      -  31.3 2110s
 9109985 620763 infeasible  308               -    0.00021      -  31.3 3221s
 9114315 621264  postponed  308               -    0.00021      -  31.3 3225s
 9122748 622787  postponed  308               -    0.00021      -  31.2 3230s
 9132972 624566 infeasible  310               -    0.00021      -  31.2 3235s
 9144882 626469 infeasible  330               -    0.00021      -  31.2 3241s
 9179412 630712    0.00021  327   35          -    0.00021      -  31.1 3246s
 9211171 635139 infeasible  169               -    0.00021      -  31.0 3250s
 9274419 641957    0.00021  175   33          -    0.00021      -  30.9 3255s
 9357972 650837    0.00021  138   31          -    0.00021      -  30.6 3260s
 9418015 658197 infeasible  165               -    0.00021      -  30.4 3265s
 9430107 659572    0.00021  162   33          -    0.00021      -  30.4 3271s
 9437848 661553 infeasible  131               -    0.00021      -  30.4 3275s
 9454293 663290 infeasible  146               -    0.00021      -  30.4 3281s
 9473644 665268    0.00084  293   32          -    0.00021      -  30.4 3285s
 9487586 665791 infeasible  304               -    0.00021      -  30.4 3290s
 9541643 668657    0.00084  294   30          -    0.00021      -  30.3 3295s
 9618256 676332    0.00021  148   36          -    0.00021      -  30.1 3300s
 9669868 680605    0.00084  269   32          -    0.00021      -  29.9 3305s
 9671924 680901    0.00084  276   47          -    0.00021      -  30.0 3310s
 9674366 681036 infeasible  266               -    0.00021      -  30.0 3315s
 9675323 681172  postponed  267               -    0.00021      -  30.1 3321s
 9675784 681220  postponed  268               -    0.00021      -  30.2 3325s
 9676222 681263 infeasible  270               -    0.00021      -  30.3 3332s
 9676344 681275 infeasible  271               -    0.00021      -  30.4 3336s
 9676887 681498 infeasible  269               -    0.00021      -  30.5 3340s
 9678187 681615    0.00084  274   45          -    0.00021      -  30.6 3346s
 9679175 681680    0.00021  277   34          -    0.00021      -  30.7 3351s
 9679441 681763 infeasible  286               -    0.00021      -  30.8 3355s
 9681371 681933  postponed  287               -    0.00021      -  30.9 3361s
 9681523 681946 infeasible  289               -    0.00021      -  31.1 3366s
 9682319 682158 infeasible  291               -    0.00021      -  31.2 3372s
 9683415 682327 infeasible  293               -    0.00021      -  31.4 3377s
 9684129 682433    0.00084  282   31          -    0.00021      -  31.4 3380s
 9685076 682564 infeasible  277               -    0.00021      -  31.6 3386s
 9685552 682618  postponed  278               -    0.00021      -  31.7 3390s
 9685997 682665  postponed  280               -    0.00021      -  31.9 3398s
 9686851 682673  postponed  281               -    0.00021      -  32.0 3402s
 9686929 682847 infeasible  283               -    0.00021      -  32.1 3406s
 9687981 683035 infeasible  274               -    0.00021      -  32.2 3411s
 9689403 683153  postponed  274               -    0.00021      -  32.3 3416s
 9689909 683228  postponed  275               -    0.00021      -  32.4 3420s
 9690236 683464  postponed  276               -    0.00021      -  32.5 3425s
 9691408 683530  postponed  277               -    0.00021      -  32.7 3430s
 9692046 683613  postponed  278               -    0.00021      -  32.8 3435s
 9692717 683625  postponed  279               -    0.00021      -  32.9 3440s
 9692903 683651  postponed  277               -    0.00021      -  33.1 3446s
 9693039 683832    0.00084  282   33          -    0.00021      -  33.2 3453s
 9694054 683968 infeasible  279               -    0.00021      -  33.4 3460s
 9694756 684209  postponed  280               -    0.00021      -  33.6 3469s
 9695873 684287 infeasible  282               -    0.00021      -  33.7 3476s
 9696601 684382  postponed  283               -    0.00021      -  33.9 3484s
 9697040 684608 infeasible  282               -    0.00021      -  34.1 3492s
 9698070 684671    0.00084  287   35          -    0.00021      -  34.3 3501s
 9698711 684755 infeasible  282               -    0.00021      -  34.5 3510s
 9699087 684810 infeasible  285               -    0.00021      -  34.8 3522s
 9699590 685042 infeasible  283               -    0.00021      -  35.1 3534s
 9700716 685140  postponed  286               -    0.00021      -  35.3 3544s
 9701560 685232 infeasible  282               -    0.00021      -  35.6 3556s
 9702286 685325 infeasible  286               -    0.00021      -  35.9 3569s
 9702865 685639 infeasible  274               -    0.00021      -  36.3 3581s
 9704937 685896  postponed  278               -    0.00021      -  36.6 3594s
 9706728 685975 infeasible  299               -    0.00021      -  37.0 3600s

Cutting planes:
  Flow cover: 4

Explored 9707417 nodes (360603239 simplex iterations) in 3600.01 seconds (1875.25 work units)
Thread count was 12 (of 12 available processors)

Solution count 0

Time limit reached
Best objective -, best bound 2.058065039989e-04, gap -
