
Gurobi 11.0.2 (win64) logging started Wed Oct  2 07:14:30 2024

Set parameter LogFile to value ".\Experiments\Track_k_e_2\Logs\track_k_e_2_r4_c7.log"
Set parameter TimeLimit to value 3600
Gurobi Optimizer version 11.0.2 build v11.0.2rc0 (win64 - Windows 10.0 (19045.2))

CPU model: Intel(R) Core(TM) i7-10750H CPU @ 2.60GHz, instruction set [SSE2|AVX|AVX2]
Thread count: 6 physical cores, 12 logical processors, using up to 12 threads

Optimize a model with 250 rows, 462 columns and 924 nonzeros
Model fingerprint: 0x0f58b889
Model has 6 quadratic objective terms
Model has 68 quadratic constraints
Model has 116 general constraints
Variable types: 458 continuous, 4 integer (4 binary)
Coefficient statistics:
  Matrix range     [9e-06, 1e+02]
  QMatrix range    [1e+00, 1e+00]
  QLMatrix range   [1e+00, 1e+00]
  Objective range  [1e-02, 2e-01]
  QObjective range [2e+00, 2e+00]
  Bounds range     [8e-05, 5e+00]
  RHS range        [8e-05, 1e+02]
  QRHS range       [1e-06, 1e-06]
Presolve added 60 rows and 0 columns
Presolve removed 0 rows and 97 columns
Presolve time: 0.01s
Presolved: 551 rows, 374 columns, 1541 nonzeros
Presolved model has 2 SOS constraint(s)
Presolved model has 4 quadratic objective terms
Presolved model has 57 bilinear constraint(s)
Presolved model has 4 nonlinear constraint(s)
Warning: Model contains variables with very large bounds participating
         in nonlinear terms.
         Presolve was not able to compute smaller bounds for these variables.
         Consider bounding these variables or reformulating the model.


Solving non-convex MINLP

Variable types: 284 continuous, 90 integer (90 binary)

Root relaxation: objective 2.058065e-04, 451 iterations, 0.00 seconds (0.00 work units)

    Nodes    |    Current Node    |     Objective Bounds      |     Work
 Expl Unexpl |  Obj  Depth IntInf | Incumbent    BestBd   Gap | It/Node Time

     0     0    0.00021    0   57          -    0.00021      -     -    0s
     0     0    0.00021    0   57          -    0.00021      -     -    0s
     0     0    0.00021    0   73          -    0.00021      -     -    0s
     0     0    0.00021    0   73          -    0.00021      -     -    0s
     0     0    0.00021    0   71          -    0.00021      -     -    0s
     0     0    0.00021    0   57          -    0.00021      -     -    0s
     0     2    0.00021    0   57          -    0.00021      -     -    0s
 13098  3876    0.00021   58   54          -    0.00021      -  34.1    5s
 35489 10766 infeasible   49               -    0.00021      -  33.4   10s
 55082 17633    0.00021   48   57          -    0.00021      -  32.6   15s
 79365 25783    0.00031   70   34          -    0.00021      -  32.1   20s
 101648 32739    0.00146   78   61          -    0.00021      -  32.1   25s
 127255 41058    0.00089   77   42          -    0.00021      -  31.3   30s
 149516 48065    0.00039   60   49          -    0.00021      -  31.2   35s
 173231 55526 infeasible   80               -    0.00021      -  30.9   40s
 196897 62580 infeasible   50               -    0.00021      -  30.7   45s
 220722 68972 infeasible   65               -    0.00021      -  30.6   50s
 243876 75711    0.00084   54   37          -    0.00021      -  30.7   55s
 266932 81438    0.00084   59   33          -    0.00021      -  30.7   60s
 289707 87260 infeasible   58               -    0.00021      -  30.8   65s
 313818 93578    0.00043   67   48          -    0.00021      -  30.7   70s
 335812 98716 infeasible   55               -    0.00021      -  30.8   75s
 358385 105092 infeasible   68               -    0.00021      -  30.7   80s
 382632 110368    0.00022   62   53          -    0.00021      -  30.7   85s
 403089 115281    0.00021   61   49          -    0.00021      -  30.7   90s
 425739 119893 infeasible   64               -    0.00021      -  30.8   95s
 447247 124078    0.00021   56   39          -    0.00021      -  30.9  100s
 470610 130183 infeasible   89               -    0.00021      -  30.9  105s
 490777 134955    0.00021   73   59          -    0.00021      -  31.0  110s
 515728 140294 infeasible   51               -    0.00021      -  31.1  115s
 536802 144626    0.00030   59   49          -    0.00021      -  31.1  120s
 557842 149701 infeasible   68               -    0.00021      -  31.2  125s
 580883 155147 infeasible   66               -    0.00021      -  31.2  130s
 602986 159939    0.00095   56   38          -    0.00021      -  31.2  135s
 622199 164170    0.00506   61   40          -    0.00021      -  31.3  140s
 646595 168970 infeasible   63               -    0.00021      -  31.3  145s
 670143 174724    0.00242   70   54          -    0.00021      -  31.2  150s
 694340 181420    0.00021   60   55          -    0.00021      -  31.2  155s
 718211 187760 infeasible   71               -    0.00021      -  31.3  160s
 741178 194197    0.00176   76   38          -    0.00021      -  31.3  165s
 766565 200842    0.00021   49   65          -    0.00021      -  31.3  170s
 789620 207520 infeasible   62               -    0.00021      -  31.3  175s
 812286 214311    0.00021   62   49          -    0.00021      -  31.4  180s
 835456 221893    0.00134   54   48          -    0.00021      -  31.4  185s
 858148 227366    0.00087   57   45          -    0.00021      -  31.6  190s
 878942 234247    0.00084   61   48          -    0.00021      -  31.6  195s
 902841 240824    3.62705   67   52          -    0.00021      -  31.6  200s
 924660 248161 infeasible   68               -    0.00021      -  31.7  205s
 948669 255015    0.00055   49   45          -    0.00021      -  31.7  210s
 972278 260916 infeasible   88               -    0.00021      -  31.6  215s
 995046 267336    0.00182   61   37          -    0.00021      -  31.6  220s
 1018562 274638    0.00021   67   59          -    0.00021      -  31.6  225s
 1041046 281076    0.18567   65   53          -    0.00021      -  31.6  230s
 1064983 286898    0.00021   52   69          -    0.00021      -  31.6  235s
 1087130 292835    0.00021   61   45          -    0.00021      -  31.7  240s
 1108065 296872 infeasible   80               -    0.00021      -  31.7  245s
 1130496 301913    0.00021   52   46          -    0.00021      -  31.7  250s
 1154005 307614 infeasible   73               -    0.00021      -  31.7  255s
 1175797 312424    0.00021   47   50          -    0.00021      -  31.7  260s
 1198908 317006 infeasible   83               -    0.00021      -  31.7  265s
 1220242 321535    0.00084   74   40          -    0.00021      -  31.7  270s
 1240461 327595    0.01129   54   58          -    0.00021      -  31.7  275s
 1263388 333116    0.00084   73   45          -    0.00021      -  31.7  280s
 1283786 338768    0.00024   69   60          -    0.00021      -  31.8  285s
 1308289 345346    0.00052   66   47          -    0.00021      -  31.8  290s
 1331266 351228    0.00021   67   48          -    0.00021      -  31.8  295s
 1353202 356302    0.00024   71   60          -    0.00021      -  31.8  300s
 1374627 362321    0.00084   66   36          -    0.00021      -  31.8  305s
 1398312 367927    0.00481   50   36          -    0.00021      -  31.8  310s
 1420936 370504    0.00021   66   55          -    0.00021      -  31.8  315s
 1439892 376186    0.00548   54   46          -    0.00021      -  31.9  320s
 1463451 383390    0.00107   54   58          -    0.00021      -  31.8  325s
 1487342 389652 infeasible   74               -    0.00021      -  31.8  330s
 1510390 396833 infeasible   85               -    0.00021      -  31.8  335s
 1535141 403673    0.00087   77   50          -    0.00021      -  31.7  340s
 1556537 408919    0.00021   59   54          -    0.00021      -  31.7  345s
 1578715 414366 infeasible   87               -    0.00021      -  31.7  350s
 1601437 419852 infeasible   52               -    0.00021      -  31.6  355s
 1623947 424857    0.00042   49   47          -    0.00021      -  31.6  360s
 1649409 430840 infeasible   65               -    0.00021      -  31.5  365s
 1673965 436551    0.00021   82   47          -    0.00021      -  31.5  370s
 1698110 442069    0.00031   69   49          -    0.00021      -  31.4  375s
 1718870 448647    0.00047   92   52          -    0.00021      -  31.4  380s
 1742178 454504    0.00295   82   49          -    0.00021      -  31.4  385s
 1764696 460348    0.00345   67   48          -    0.00021      -  31.4  390s
 1788451 467235    0.00021   74   51          -    0.00021      -  31.4  395s
 1812156 473985    0.00021   64   49          -    0.00021      -  31.3  400s
 1833770 479599 infeasible   88               -    0.00021      -  31.4  405s
 1858895 484759    0.00021   61   45          -    0.00021      -  31.4  410s
 1882503 489874    0.00021   80   52          -    0.00021      -  31.3  415s
 1907211 494431 infeasible   87               -    0.00021      -  31.3  420s
 1933544 498997 infeasible   91               -    0.00021      -  31.3  425s
 1959155 503616    0.00671   77   35          -    0.00021      -  31.3  430s
 1984714 509705    0.00021   68   41          -    0.00021      -  31.3  435s
 2012724 515970 infeasible   71               -    0.00021      -  31.2  440s
 2043828 522749 infeasible   77               -    0.00021      -  31.1  445s
 2071176 527756 infeasible   93               -    0.00021      -  31.0  450s
 2092963 533176    0.00025   63   49          -    0.00021      -  31.0  455s
 2114731 538700    0.00021   73   45          -    0.00021      -  31.0  460s
 2138646 543793    0.00060   89   53          -    0.00021      -  31.0  465s
 2162111 548786 infeasible   72               -    0.00021      -  31.0  470s
 2187619 553844 infeasible   78               -    0.00021      -  31.0  475s
 2212354 557811    0.00021   69   55          -    0.00021      -  31.0  480s
 2237667 562118    0.00021   82   54          -    0.00021      -  30.9  485s
 2262828 566752    0.00021   86   43          -    0.00021      -  30.9  490s
 2287125 571185 infeasible   98               -    0.00021      -  30.9  495s
 2313123 576562    0.00021   82   47          -    0.00021      -  30.8  500s
 2336305 581856    0.00215   75   49          -    0.00021      -  30.8  505s
 2362392 588098    0.00021   81   42          -    0.00021      -  30.8  510s
 2384685 593133    0.00031  100   45          -    0.00021      -  30.8  515s
 2410937 600510    0.00084   83   33          -    0.00021      -  30.8  520s
 2434523 605840    0.00066   73   49          -    0.00021      -  30.7  525s
 2460698 612855    0.00126   74   39          -    0.00021      -  30.7  530s
 2484143 619438 infeasible   77               -    0.00021      -  30.7  535s
 2510411 626006    0.00084   71   40          -    0.00021      -  30.7  540s
 2540420 631530 infeasible  110               -    0.00021      -  30.6  545s
 2568366 636348    0.00077   87   54          -    0.00021      -  30.6  550s
 2597050 641244    0.00044   60   49          -    0.00021      -  30.5  555s
 2621249 646546 infeasible  100               -    0.00021      -  30.5  560s
 2650586 651555 infeasible   92               -    0.00021      -  30.4  565s
 2677390 656114 infeasible   73               -    0.00021      -  30.4  570s
 2703376 660982    0.00139   94   30          -    0.00021      -  30.4  575s
 2732666 666024    0.00021   74   44          -    0.00021      -  30.3  580s
 2758786 669947    0.00021   81   43          -    0.00021      -  30.3  585s
 2784478 675309    0.00021   53   55          -    0.00021      -  30.3  590s
 2810741 680395    0.00084   66   40          -    0.00021      -  30.2  595s
 2839261 687168    0.00062   79   41          -    0.00021      -  30.2  600s
 2867331 691796    0.00021   77   44          -    0.00021      -  30.2  605s
 2893865 696403 infeasible   83               -    0.00021      -  30.2  610s
 2920261 701003 infeasible   87               -    0.00021      -  30.2  615s
 2945519 706082 infeasible   79               -    0.00021      -  30.2  620s
 2973216 711948    0.00173   91   32          -    0.00021      -  30.1  625s
 3002215 718262    0.00269   97   43          -    0.00021      -  30.1  630s
 3028246 723623 infeasible   94               -    0.00021      -  30.1  635s
 3057598 728667 infeasible   96               -    0.00021      -  30.0  640s
 3084649 734381    0.00021   67   35          -    0.00021      -  30.0  645s
 3112257 739689    0.00021   79   39          -    0.00021      -  30.0  650s
 3139858 746526    0.00310   87   54          -    0.00021      -  30.0  655s
 3170551 753689    0.00025   80   40          -    0.00021      -  29.9  660s
 3196779 759497 infeasible   70               -    0.00021      -  29.8  665s
 3224770 766506 infeasible   95               -    0.00021      -  29.8  670s
 3253628 771728 infeasible   85               -    0.00021      -  29.8  675s
 3273970 776371    0.00021   75   44          -    0.00021      -  29.8  680s
 3290730 780440 infeasible   64               -    0.00021      -  29.8  685s
 3313614 784571 infeasible   80               -    0.00021      -  29.8  690s
 3338912 789695 infeasible   74               -    0.00021      -  29.9  695s
 3363470 794714    0.00021   72   42          -    0.00021      -  29.8  700s
 3388855 799926 infeasible  101               -    0.00021      -  29.9  705s
 3411651 804606 infeasible   82               -    0.00021      -  29.9  710s
 3434051 809105    0.00129   70   30          -    0.00021      -  29.9  715s
 3460405 815393    0.00062   73   43          -    0.00021      -  29.9  720s
 3486487 821176    0.00021   80   38          -    0.00021      -  29.9  725s
 3512458 826454    0.00021   70   45          -    0.00021      -  29.9  730s
 3538990 831756    0.00021   74   40          -    0.00021      -  29.9  735s
 3564208 836773    0.00021   70   43          -    0.00021      -  29.9  740s
 3590933 841895 infeasible   83               -    0.00021      -  29.9  745s
 3616312 846560 infeasible  109               -    0.00021      -  29.9  750s
 3639748 851800 infeasible   80               -    0.00021      -  29.9  755s
 3660772 856623 infeasible   73               -    0.00021      -  29.9  760s
 3682351 861594    0.00021   62   41          -    0.00021      -  29.9  765s
 3704415 866952    0.00284   67   52          -    0.00021      -  29.9  770s
 3727508 871938 infeasible   57               -    0.00021      -  29.9  775s
 3751536 877494 infeasible   59               -    0.00021      -  29.9  780s
 3773599 882562    0.00313   61   48          -    0.00021      -  29.9  785s
 3794481 887256    0.00140   85   51          -    0.00021      -  29.9  790s
 3820779 894188 infeasible   63               -    0.00021      -  29.9  795s
 3840295 897818    0.00026   74   44          -    0.00021      -  29.9  800s
 3861705 903529 infeasible   88               -    0.00021      -  29.9  805s
 3883405 909049 infeasible   94               -    0.00021      -  30.0  810s
 3903222 913156 infeasible   79               -    0.00021      -  30.0  815s
 3923702 917828    0.00084   72   36          -    0.00021      -  30.0  820s
 3945168 923834 infeasible  100               -    0.00021      -  30.0  825s
 3966959 928463 infeasible   81               -    0.00021      -  30.0  830s
 3990996 933171    0.00021   50   55          -    0.00021      -  30.0  835s
 4015637 938318 infeasible   65               -    0.00021      -  30.1  840s
 4037768 943426 infeasible   61               -    0.00021      -  30.1  845s
 4062531 948713    0.00031   75   43          -    0.00021      -  30.1  850s
 4086552 955273 infeasible   94               -    0.00021      -  30.1  855s
 4113242 962612    0.00079   94   52          -    0.00021      -  30.1  860s
 4136820 968562    0.00022   67   30          -    0.00021      -  30.1  865s
 4160957 974094    0.00084   80   40          -    0.00021      -  30.1  870s
 4185856 980124    0.00021   67   49          -    0.00021      -  30.1  875s
 4208617 985561    0.00029   60   56          -    0.00021      -  30.2  880s
 4232473 991953    0.00084   56   46          -    0.00021      -  30.2  885s
 4256021 997054 infeasible   57               -    0.00021      -  30.2  890s
 4280024 1002568    0.00021   59   58          -    0.00021      -  30.2  895s
 4303519 1008170 infeasible   72               -    0.00021      -  30.2  900s
 4326005 1015093 infeasible   72               -    0.00021      -  30.2  905s
 4352491 1021584    0.00081   70   54          -    0.00021      -  30.2  910s
 4378611 1029762    0.00335   86   23          -    0.00021      -  30.2  915s
 4404629 1037889    0.00021   56   49          -    0.00021      -  30.2  920s
 4429327 1045737 infeasible   70               -    0.00021      -  30.2  925s
 4454022 1052861    0.00199   68   41          -    0.00021      -  30.2  930s
 4479661 1061283 infeasible   77               -    0.00021      -  30.2  935s
 4504157 1068466    0.00022   71   57          -    0.00021      -  30.2  940s
 4528556 1075136    0.00037   63   50          -    0.00021      -  30.2  945s
 4552842 1081430    0.00021   62   44          -    0.00021      -  30.2  950s
 4583427 1090488    0.00021   52   56          -    0.00021      -  30.1  955s
 4607925 1096273    0.00025   65   59          -    0.00021      -  30.1  960s
 4626532 1100270 infeasible   79               -    0.00021      -  30.2  965s
 4655163 1108230    0.00057   74   43          -    0.00021      -  30.2  970s
 4678876 1114311 infeasible   59               -    0.00021      -  30.1  975s
 4703421 1120048    0.00080   60   44          -    0.00021      -  30.1  980s
 4726765 1125371    0.00021   55   48          -    0.00021      -  30.1  985s
 4747033 1129739 infeasible   76               -    0.00021      -  30.1  990s
 4772168 1136489    0.00021   67   43          -    0.00021      -  30.1  995s
 4795710 1141410    0.00123   71   46          -    0.00021      -  30.1 1000s
 4817317 1145775    0.00021   60   39          -    0.00021      -  30.1 1005s
 4835630 1150852    0.00021   48   50          -    0.00021      -  30.1 1010s
 4856327 1156001 infeasible   69               -    0.00021      -  30.1 1015s
 4878683 1162314 infeasible   88               -    0.00021      -  30.2 1020s
 4898677 1167160    0.00021   61   40          -    0.00021      -  30.2 1025s
 4918776 1171758 infeasible   70               -    0.00021      -  30.2 1030s
 4943169 1177726    0.00084   67   39          -    0.00021      -  30.2 1035s
 4964647 1183177    0.00135   71   42          -    0.00021      -  30.3 1040s
 4987569 1189331 infeasible   56               -    0.00021      -  30.3 1045s
 5015029 1195713 infeasible   58               -    0.00021      -  30.3 1050s
 5038967 1201033    0.00021   63   53          -    0.00021      -  30.3 1055s
 5061728 1205579    0.00064   56   53          -    0.00021      -  30.3 1060s
 5084586 1210189    0.00021   71   37          -    0.00021      -  30.3 1065s
 5109644 1216230 infeasible   70               -    0.00021      -  30.3 1070s
 5131965 1221197    0.00084   58   42          -    0.00021      -  30.3 1075s
 5154752 1225995 infeasible   67               -    0.00021      -  30.3 1080s
 5178885 1232720 infeasible  103               -    0.00021      -  30.3 1085s
 5203651 1238078 infeasible   71               -    0.00021      -  30.3 1090s
 5227726 1243914    0.00118   68   44          -    0.00021      -  30.3 1095s
 5249161 1248635    0.00021   76   43          -    0.00021      -  30.4 1100s
 5271674 1254691    0.00021   60   45          -    0.00021      -  30.4 1105s
 5298059 1260988    0.00099   63   50          -    0.00021      -  30.4 1110s
 5321497 1267133    0.00277   72   49          -    0.00021      -  30.4 1115s
 5347853 1273841    0.00022   74   55          -    0.00021      -  30.4 1120s
 5370737 1278687    0.00141   45   48          -    0.00021      -  30.4 1125s
 5391161 1282618    0.00181   71   44          -    0.00021      -  30.4 1130s
 5415412 1286419    0.00021   76   51          -    0.00021      -  30.4 1135s
 5439063 1290161 infeasible   69               -    0.00021      -  30.4 1140s
 5461649 1293676    0.00021   76   36          -    0.00021      -  30.5 1145s
 5492127 1300242 infeasible  100               -    0.00021      -  30.4 1150s
 5522949 1304989 infeasible   87               -    0.00021      -  30.4 1155s
 5551525 1309123 infeasible   90               -    0.00021      -  30.4 1160s
 5579612 1313816    0.00030   92   47          -    0.00021      -  30.3 1165s
 5608033 1318540 infeasible   93               -    0.00021      -  30.3 1170s
 5635034 1324544    0.00280   84   54          -    0.00021      -  30.3 1175s
 5658587 1330511 infeasible   78               -    0.00021      -  30.3 1180s
 5681288 1336008    0.00021   75   48          -    0.00021      -  30.3 1185s
 5706667 1341392    0.01963   56   39          -    0.00021      -  30.3 1190s
 5731687 1347376    0.00021   80   42          -    0.00021      -  30.3 1195s
 5756228 1354716    0.00344   70   44          -    0.00021      -  30.3 1200s
 5779857 1360733 infeasible   87               -    0.00021      -  30.3 1205s
 5804149 1366617 infeasible   67               -    0.00021      -  30.3 1210s
 5829676 1373027    0.00084   62   34          -    0.00021      -  30.4 1215s
 5856430 1378053    0.00021   80   44          -    0.00021      -  30.3 1220s
 5884834 1383426    0.00021   68   48          -    0.00021      -  30.3 1225s
 5913360 1388337    0.00137   89   48          -    0.00021      -  30.3 1230s
 5944183 1395586 infeasible   75               -    0.00021      -  30.2 1235s
 5973169 1400891 infeasible   69               -    0.00021      -  30.2 1240s
 6003340 1405101    0.00021   65   52          -    0.00021      -  30.2 1245s
 6029077 1410074 infeasible   75               -    0.00021      -  30.2 1250s
 6051602 1416758 infeasible   88               -    0.00021      -  30.2 1255s
 6075551 1423802    0.00021   59   47          -    0.00021      -  30.2 1260s
 6098304 1429696 infeasible   91               -    0.00021      -  30.2 1265s
 6119590 1433695    0.00092   73   36          -    0.00021      -  30.2 1270s
 6141350 1439341    0.00021   44   40          -    0.00021      -  30.2 1275s
 6162070 1445515 infeasible   70               -    0.00021      -  30.2 1280s
 6183393 1453803    0.00021   63   41          -    0.00021      -  30.2 1285s
 6208161 1462703    0.00021   61   42          -    0.00021      -  30.2 1290s
 6230434 1467995    0.00567   62   54          -    0.00021      -  30.2 1295s
 6254136 1473143    0.00034   58   45          -    0.00021      -  30.2 1300s
 6279277 1479844    0.00021   64   54          -    0.00021      -  30.1 1305s
 6301196 1484649 infeasible   65               -    0.00021      -  30.1 1310s
 6327310 1491428    0.00021   65   42          -    0.00021      -  30.1 1315s
 6350059 1497400    0.00021   41   41          -    0.00021      -  30.1 1320s
 6372852 1503384    0.00021   61   49          -    0.00021      -  30.1 1325s
 6399535 1508464 infeasible   60               -    0.00021      -  30.1 1330s
 6423064 1515362    0.00665   74   48          -    0.00021      -  30.1 1335s
 6449864 1522268 infeasible   86               -    0.00021      -  30.1 1340s
 6475138 1528072 infeasible   69               -    0.00021      -  30.1 1345s
 6497881 1533881    0.00021   53   49          -    0.00021      -  30.1 1350s
 6519866 1540769 infeasible   66               -    0.00021      -  30.1 1355s
 6544369 1547368 infeasible   61               -    0.00021      -  30.1 1360s
 6569175 1555288    0.00449   60   54          -    0.00021      -  30.1 1365s
 6594917 1561487 infeasible   71               -    0.00021      -  30.1 1370s
 6621029 1566845 infeasible   80               -    0.00021      -  30.1 1375s
 6648662 1574139 infeasible   83               -    0.00021      -  30.1 1380s
 6675824 1580395    0.00021   89   44          -    0.00021      -  30.1 1385s
 6705820 1587881    0.00137   89   43          -    0.00021      -  30.1 1390s
 6732811 1596054 infeasible   72               -    0.00021      -  30.1 1395s
 6760650 1602949    0.00021   43   68          -    0.00021      -  30.1 1400s
 6787869 1610770 infeasible   74               -    0.00021      -  30.1 1405s
 6816265 1618237    0.00084   56   33          -    0.00021      -  30.0 1410s
 6842267 1623784 infeasible   66               -    0.00021      -  30.0 1415s
 6868430 1630278    0.00021   42   49          -    0.00021      -  30.0 1420s
 6898242 1637539    0.00448   46   47          -    0.00021      -  30.0 1425s
 6923274 1644835 infeasible   68               -    0.00021      -  30.0 1430s
 6947863 1650768 infeasible   92               -    0.00021      -  30.0 1435s
 6972977 1656731    0.00021   84   46          -    0.00021      -  30.0 1440s
 6992391 1660782    0.00058   61   43          -    0.00021      -  30.0 1445s
 7016880 1665322    0.00205   57   39          -    0.00021      -  30.1 1450s
 7038059 1669269 infeasible   54               -    0.00021      -  30.1 1455s
 7061294 1675854    0.00021   61   44          -    0.00021      -  30.1 1460s
 7085025 1682549 infeasible   97               -    0.00021      -  30.1 1465s
 7109077 1689763 infeasible   51               -    0.00021      -  30.1 1470s
 7132950 1695566    0.00021   55   40          -    0.00021      -  30.1 1475s
 7153928 1700315    0.00579   74   37          -    0.00021      -  30.1 1480s
 7176685 1706922    0.00276   85   55          -    0.00021      -  30.1 1485s
 7200810 1714251    0.00021   65   41          -    0.00021      -  30.1 1490s
 7223270 1719211 infeasible   57               -    0.00021      -  30.1 1495s
 7246999 1723367    0.00376   53   48          -    0.00021      -  30.1 1500s
 7267999 1729899    0.00311   80   51          -    0.00021      -  30.1 1505s
 7291025 1736067    0.00360   69   44          -    0.00021      -  30.1 1510s
 7313186 1741854    0.00021   72   53          -    0.00021      -  30.2 1515s
 7336021 1746874    0.00023   88   47          -    0.00021      -  30.2 1520s
 7361245 1754657    0.00021   74   54          -    0.00021      -  30.2 1525s
 7384438 1760391    0.00021   82   54          -    0.00021      -  30.2 1530s
 7408301 1766985 infeasible   70               -    0.00021      -  30.2 1535s
 7428163 1773014 infeasible   70               -    0.00021      -  30.2 1540s
 7450561 1779249    0.00287   72   41          -    0.00021      -  30.2 1545s
 7475239 1785113    0.00109   71   49          -    0.00021      -  30.2 1550s
 7498948 1791218    0.00021   53   55          -    0.00021      -  30.2 1555s
 7520925 1795559 infeasible   60               -    0.00021      -  30.2 1560s
 7544537 1800699 infeasible   50               -    0.00021      -  30.2 1565s
 7567174 1805445    0.00032   68   41          -    0.00021      -  30.2 1570s
 7592492 1812063    0.00084   74   43          -    0.00021      -  30.2 1575s
 7614965 1816748 infeasible   63               -    0.00021      -  30.2 1580s
 7639683 1821664    0.00021   67   51          -    0.00021      -  30.2 1585s
 7666176 1828188    0.00077  107   45          -    0.00021      -  30.2 1590s
 7694229 1835053    0.00021   90   56          -    0.00021      -  30.2 1595s
 7720264 1841269    0.00021   70   41          -    0.00021      -  30.2 1600s
 7744647 1848108 infeasible   73               -    0.00021      -  30.2 1605s
 7765853 1853151 infeasible   75               -    0.00021      -  30.2 1610s
 7790817 1858334    0.00181   72   37          -    0.00021      -  30.2 1615s
 7813006 1863954    0.00515   71   37          -    0.00021      -  30.2 1620s
 7835841 1870194    0.00022   48   74          -    0.00021      -  30.2 1625s
 7859369 1876729    0.00515   63   44          -    0.00021      -  30.2 1630s
 7881103 1882924    0.00196   90   56          -    0.00021      -  30.2 1635s
 7896837 1887000    0.00069   67   32          -    0.00021      -  30.2 1640s
 7921319 1892808 infeasible   87               -    0.00021      -  30.2 1645s
 7950321 1900215    0.00036   79   45          -    0.00021      -  30.2 1650s
 7975565 1906902    0.00037   79   55          -    0.00021      -  30.2 1655s
 8000955 1911184 infeasible   63               -    0.00021      -  30.2 1660s
 8027011 1916262 infeasible   60               -    0.00021      -  30.2 1665s
 8048587 1921090 infeasible   71               -    0.00021      -  30.2 1670s
 8071356 1926655    0.00042   55   59          -    0.00021      -  30.2 1675s
 8096445 1931789    0.00052   86   43          -    0.00021      -  30.2 1680s
 8119512 1937490    0.00021   68   42          -    0.00021      -  30.2 1685s
 8143878 1943516    0.00021   41   49          -    0.00021      -  30.2 1690s
 8164283 1948554    0.00084   41   48          -    0.00021      -  30.2 1695s
H8184206 1042895                       0.0008938    0.00021  77.0%  30.2 1701s
 8196510 1044125 infeasible   47         0.00089    0.00021  77.0%  30.2 1705s
 8201104 1044463     cutoff   49         0.00089    0.00021  77.0%  30.2 1710s
 8207241 1044740     cutoff   51         0.00089    0.00021  77.0%  30.2 1715s
 8213956 1045436    0.00084   56   33    0.00089    0.00021  77.0%  30.2 1720s
 8221078 1046611 infeasible   47         0.00089    0.00021  77.0%  30.2 1725s
 8231845 1047591    0.00021   44   50    0.00089    0.00021  77.0%  30.2 1730s
H8236599 1042178                       0.0008868    0.00021  76.8%  30.2 1731s
H8238712 1042291                       0.0008868    0.00021  76.8%  30.2 1732s
 8245617 1042510 infeasible   47         0.00089    0.00021  76.8%  30.2 1735s
 8256511 1042685    0.00021   49   49    0.00089    0.00021  76.8%  30.2 1740s
H8262046 1042924                       0.0008868    0.00021  76.8%  30.2 1742s
H8263823 1031170                       0.0008748    0.00021  76.5%  30.2 1742s
 8268347 1031348    0.00084   47   37    0.00087    0.00021  76.5%  30.2 1745s
H8270712 1031347                       0.0008748    0.00021  76.5%  30.2 1746s
 8281304 1031644    0.00021   39   42    0.00087    0.00021  76.5%  30.2 1750s
 8294702 1032055    0.00084   52   40    0.00087    0.00021  76.5%  30.3 1755s
 8310237 1032856     cutoff   56         0.00087    0.00021  76.5%  30.3 1761s
 8324044 1033859     cutoff   56         0.00087    0.00021  76.5%  30.3 1765s
 8337188 1034370    0.00021   40   41    0.00087    0.00021  76.5%  30.3 1770s
 8355382 1036562     cutoff   74         0.00087    0.00021  76.5%  30.3 1775s
 8371142 1037739     cutoff   45         0.00087    0.00021  76.5%  30.3 1780s
H8373373 1038079                       0.0008748    0.00021  76.5%  30.3 1781s
H8381554 1011167                       0.0008553    0.00021  75.9%  30.2 1784s
 8383102 1011165    0.00038   79   50    0.00086    0.00021  75.9%  30.2 1785s
H8383115 1011165                       0.0008553    0.00021  75.9%  30.2 1785s
H8385222 1011598                       0.0008553    0.00021  75.9%  30.2 1787s
H8385999 1011594                       0.0008553    0.00021  75.9%  30.2 1787s
H8387415 953386                       0.0008374    0.00021  75.4%  30.2 1787s
 8392545 953976    0.00021   81   57    0.00084    0.00021  75.4%  30.2 1790s
 8408056 955067    0.00024   69   54    0.00084    0.00021  75.4%  30.2 1796s
 8422064 955978     cutoff   53         0.00084    0.00021  75.4%  30.2 1800s
 8434464 956701    0.00021   56   43    0.00084    0.00021  75.4%  30.2 1805s
 8446912 957542    0.00021   51   46    0.00084    0.00021  75.4%  30.2 1810s
 8461793 958725 infeasible   72         0.00084    0.00021  75.4%  30.2 1815s
 8475449 960215     cutoff   67         0.00084    0.00021  75.4%  30.2 1820s
 8486687 961943 infeasible   51         0.00084    0.00021  75.4%  30.3 1825s
 8498564 962878    0.00021   69   43    0.00084    0.00021  75.4%  30.3 1830s
 8512551 964279    0.00057   69   54    0.00084    0.00021  75.4%  30.3 1835s
 8525123 965657     cutoff   81         0.00084    0.00021  75.4%  30.3 1840s
 8538041 967168 infeasible   72         0.00084    0.00021  75.4%  30.3 1845s
 8551768 968184     cutoff   84         0.00084    0.00021  75.4%  30.3 1850s
 8561656 968595    0.00056   55   41    0.00084    0.00021  75.4%  30.3 1855s
 8576553 969818     cutoff   76         0.00084    0.00021  75.4%  30.3 1860s
 8589260 970188     cutoff   63         0.00084    0.00021  75.4%  30.3 1865s
 8601823 970724    0.00021   55   44    0.00084    0.00021  75.4%  30.3 1870s
 8613014 971223     cutoff   75         0.00084    0.00021  75.4%  30.3 1875s
 8624445 971820    0.00021   69   49    0.00084    0.00021  75.4%  30.4 1880s
 8637760 973191     cutoff   72         0.00084    0.00021  75.4%  30.4 1885s
 8651383 974549     cutoff   85         0.00084    0.00021  75.4%  30.4 1890s
 8663565 975858 infeasible   82         0.00084    0.00021  75.4%  30.4 1895s
 8675437 976800 infeasible   74         0.00084    0.00021  75.4%  30.4 1900s
 8690236 978012 infeasible   84         0.00084    0.00021  75.4%  30.4 1905s
 8702545 979430    0.00034   85   56    0.00084    0.00021  75.4%  30.4 1910s
 8713738 979810    0.00032   69   56    0.00084    0.00021  75.4%  30.4 1915s
 8725658 980072 infeasible   57         0.00084    0.00021  75.4%  30.4 1920s
H8736911 980407                       0.0008374    0.00021  75.4%  30.4 1923s
 8737782 980482    0.00025   76   56    0.00084    0.00021  75.4%  30.4 1925s
 8752125 981023    0.00021   58   49    0.00084    0.00021  75.4%  30.4 1930s
 8766011 981909     cutoff   46         0.00084    0.00021  75.4%  30.4 1935s
 8776186 982862    0.00030   70   34    0.00084    0.00021  75.4%  30.4 1940s
 8791236 986321     cutoff   67         0.00084    0.00021  75.4%  30.4 1945s
 8805105 988810    0.00021   60   47    0.00084    0.00021  75.4%  30.4 1950s
 8816379 990221    0.00021   48   38    0.00084    0.00021  75.4%  30.4 1955s
 8827997 991248    0.00023   62   45    0.00084    0.00021  75.4%  30.4 1960s
 8841285 991717    0.00021   72   57    0.00084    0.00021  75.4%  30.4 1965s
 8855721 992311    0.00021   65   41    0.00084    0.00021  75.4%  30.5 1970s
 8869008 992791     cutoff   51         0.00084    0.00021  75.4%  30.5 1975s
 8881081 994771    0.00024   70   52    0.00084    0.00021  75.4%  30.5 1980s
 8891974 996999    0.00021   56   44    0.00084    0.00021  75.4%  30.5 1985s
 8905543 997933    0.00048   63   32    0.00084    0.00021  75.4%  30.5 1990s
 8918758 999037    0.00057   77   43    0.00084    0.00021  75.4%  30.5 1995s
 8934869 1001180 infeasible   63         0.00084    0.00021  75.4%  30.5 2000s
 8947290 1002446    0.00021   55   55    0.00084    0.00021  75.4%  30.5 2005s
 8959932 1003109     cutoff   62         0.00084    0.00021  75.4%  30.5 2010s
 8972781 1003664     cutoff   68         0.00084    0.00021  75.4%  30.5 2015s
 8987392 1004129    0.00021   73   45    0.00084    0.00021  75.4%  30.5 2020s
 8998492 1004517    0.00021   66   49    0.00084    0.00021  75.4%  30.5 2025s
 9010203 1005487    0.00036   65   48    0.00084    0.00021  75.4%  30.5 2030s
 9022760 1008395     cutoff   53         0.00084    0.00021  75.4%  30.5 2035s
 9037629 1010223    0.00021   64   54    0.00084    0.00021  75.4%  30.5 2040s
 9053815 1012820 infeasible   76         0.00084    0.00021  75.4%  30.5 2045s
 9065633 1014976    0.00040   67   45    0.00084    0.00021  75.4%  30.5 2050s
H9071989 1015708                       0.0008374    0.00021  75.4%  30.5 2052s
H9073435 845618                       0.0008351    0.00021  75.4%  30.5 2052s
 9078122 846233    0.00049   66   56    0.00084    0.00021  75.4%  30.5 2055s
 9094565 848767    0.00052   70   56    0.00084    0.00021  75.4%  30.4 2060s
 9106615 850185 infeasible   58         0.00084    0.00021  75.4%  30.4 2065s
 9124773 852189 infeasible   70         0.00084    0.00021  75.4%  30.4 2070s
 9136637 853961 infeasible   74         0.00084    0.00021  75.4%  30.4 2075s
 9153767 855947    0.00021   61   65    0.00084    0.00021  75.4%  30.4 2080s
 9166536 856776     cutoff   52         0.00084    0.00021  75.4%  30.4 2085s
 9182051 859012    0.00021   63   43    0.00084    0.00021  75.4%  30.4 2090s
 9195950 861974     cutoff   73         0.00084    0.00021  75.4%  30.4 2095s
 9208172 864711    0.00052   59   38    0.00084    0.00021  75.4%  30.4 2100s
 9220430 866231     cutoff   59         0.00084    0.00021  75.4%  30.4 2105s
 9234876 867846    0.00021   55   46    0.00084    0.00021  75.4%  30.4 2110s
 9247813 868476     cutoff   60         0.00084    0.00021  75.4%  30.4 2115s
 9260644 869290    0.00021   60   48    0.00084    0.00021  75.4%  30.4 2120s
 9272910 870335     cutoff   58         0.00084    0.00021  75.4%  30.4 2125s
 9286238 871125     cutoff   71         0.00084    0.00021  75.4%  30.4 2130s
 9298222 871410     cutoff   72         0.00084    0.00021  75.4%  30.4 2135s
 9310827 872052     cutoff   57         0.00084    0.00021  75.4%  30.4 2140s
 9326145 872690     cutoff   59         0.00084    0.00021  75.4%  30.4 2145s
 9339999 873263    0.00053   63   30    0.00084    0.00021  75.4%  30.4 2150s
 9355617 875070     cutoff   58         0.00084    0.00021  75.4%  30.4 2155s
 9371976 876229 infeasible   61         0.00084    0.00021  75.4%  30.4 2160s
 9384347 877186 infeasible   63         0.00084    0.00021  75.4%  30.4 2165s
 9400020 877918     cutoff   68         0.00084    0.00021  75.4%  30.4 2171s
 9411631 878946    0.00062   53   48    0.00084    0.00021  75.4%  30.4 2175s
 9423125 880147 infeasible   80         0.00084    0.00021  75.4%  30.4 2180s
 9435155 881057     cutoff   76         0.00084    0.00021  75.4%  30.4 2185s
 9447045 881962     cutoff   65         0.00084    0.00021  75.4%  30.4 2190s
 9460079 883422 infeasible   77         0.00084    0.00021  75.4%  30.4 2195s
 9472220 885005    0.00022   63   43    0.00084    0.00021  75.4%  30.4 2200s
 9484423 886805     cutoff   62         0.00084    0.00021  75.4%  30.4 2205s
 9496780 889792 infeasible   71         0.00084    0.00021  75.4%  30.4 2210s
 9512044 892141     cutoff   92         0.00084    0.00021  75.4%  30.4 2215s
 9523240 893724    0.00021   48   52    0.00084    0.00021  75.4%  30.4 2220s
 9536825 895988    0.00035   73   42    0.00084    0.00021  75.4%  30.4 2225s
 9550317 898399    0.00026   74   43    0.00084    0.00021  75.4%  30.4 2230s
 9563116 899062     cutoff   73         0.00084    0.00021  75.4%  30.4 2235s
 9575112 900382    0.00021   64   53    0.00084    0.00021  75.4%  30.4 2240s
 9589192 901477     cutoff   59         0.00084    0.00021  75.4%  30.4 2245s
 9604621 903136    0.00021   65   43    0.00084    0.00021  75.4%  30.4 2250s
 9618687 904407     cutoff   84         0.00084    0.00021  75.4%  30.4 2255s
 9630579 905000     cutoff   55         0.00084    0.00021  75.4%  30.4 2260s
 9644728 906004     cutoff   80         0.00084    0.00021  75.4%  30.4 2265s
 9662413 907651    0.00021   69   47    0.00084    0.00021  75.4%  30.4 2270s
 9677241 909191    0.00021   75   50    0.00084    0.00021  75.4%  30.3 2275s
 9693561 910353    0.00021   74   53    0.00084    0.00021  75.4%  30.3 2280s
 9708716 911589    0.00021   83   53    0.00084    0.00021  75.4%  30.3 2285s
 9722076 912670    0.00021   76   44    0.00084    0.00021  75.4%  30.3 2290s
 9738715 913365    0.00021   77   39    0.00084    0.00021  75.4%  30.3 2295s
 9754825 914273     cutoff   80         0.00084    0.00021  75.4%  30.3 2300s
 9769427 915602    0.00022   68   50    0.00084    0.00021  75.4%  30.3 2305s
 9783194 916882 infeasible   82         0.00084    0.00021  75.4%  30.3 2310s
 9798697 918323    0.00021   89   46    0.00084    0.00021  75.4%  30.3 2315s
 9812651 919347     cutoff   91         0.00084    0.00021  75.4%  30.2 2320s
 9828050 919859    0.00021   73   42    0.00084    0.00021  75.4%  30.2 2325s
 9845088 920931    0.00021   74   43    0.00084    0.00021  75.4%  30.2 2330s
 9858191 921794 infeasible   92         0.00084    0.00021  75.4%  30.2 2335s
 9873306 922823    0.00021   83   30    0.00084    0.00021  75.4%  30.2 2340s
 9892209 924484     cutoff   89         0.00084    0.00021  75.4%  30.2 2345s
 9908691 925764     cutoff   95         0.00084    0.00021  75.4%  30.2 2350s
 9924574 926931    0.00042   88   50    0.00084    0.00021  75.4%  30.1 2355s
 9939579 927784    0.00051   94   41    0.00084    0.00021  75.4%  30.1 2360s
 9956940 928705    0.00040   91   43    0.00084    0.00021  75.4%  30.1 2365s
 9971232 929349     cutoff   78         0.00084    0.00021  75.4%  30.1 2370s
 9985517 930601    0.00079   89   42    0.00084    0.00021  75.4%  30.1 2375s
 9998590 932159 infeasible   93         0.00084    0.00021  75.4%  30.1 2380s
 10016103 933907 infeasible   79         0.00084    0.00021  75.4%  30.1 2385s
 10030169 935689    0.00027   82   38    0.00084    0.00021  75.4%  30.1 2390s
 10046119 937357     cutoff   82         0.00084    0.00021  75.4%  30.1 2395s
 10062016 938802    0.00035  100   45    0.00084    0.00021  75.4%  30.1 2400s
 10076176 939937    0.00021   92   52    0.00084    0.00021  75.4%  30.1 2405s
 10090494 941470    0.00021   72   48    0.00084    0.00021  75.4%  30.0 2410s
 10106114 942673     cutoff   77         0.00084    0.00021  75.4%  30.0 2415s
 10118800 944099    0.00021   77   33    0.00084    0.00021  75.4%  30.0 2420s
 10134304 945527    0.00021   87   45    0.00084    0.00021  75.4%  30.0 2425s
 10147189 946918     cutoff   84         0.00084    0.00021  75.4%  30.0 2430s
 10162827 948038     cutoff   73         0.00084    0.00021  75.4%  30.0 2435s
 10175236 949075    0.00028   67   38    0.00084    0.00021  75.4%  30.0 2440s
 10188242 950123     cutoff   78         0.00084    0.00021  75.4%  30.0 2445s
 10200008 951469    0.00070   84   41    0.00084    0.00021  75.4%  30.0 2450s
 10215276 953496    0.00021   64   45    0.00084    0.00021  75.4%  30.0 2455s
 10227195 955139    0.00040   76   44    0.00084    0.00021  75.4%  30.0 2460s
 10238683 956853 infeasible   78         0.00084    0.00021  75.4%  30.0 2465s
 10254089 958430    0.00021   76   57    0.00084    0.00021  75.4%  30.0 2470s
 10267120 959630 infeasible   82         0.00084    0.00021  75.4%  30.0 2475s
 10278340 960662     cutoff   95         0.00084    0.00021  75.4%  30.0 2480s
 10292963 962330    0.00021   71   54    0.00084    0.00021  75.4%  30.0 2485s
 10305725 963585     cutoff   73         0.00084    0.00021  75.4%  30.0 2490s
 10317361 965100    0.00021   77   44    0.00084    0.00021  75.4%  30.0 2495s
 10330953 966232     cutoff   78         0.00084    0.00021  75.4%  30.0 2500s
 10344323 967887    0.00021   69   44    0.00084    0.00021  75.4%  30.0 2505s
 10357420 969111    0.00021   84   32    0.00084    0.00021  75.4%  30.0 2510s
 10369160 970775    0.00021   86   56    0.00084    0.00021  75.4%  30.0 2515s
 10385279 972632    0.00021   79   32    0.00084    0.00021  75.4%  30.0 2520s
 10399236 973602     cutoff   91         0.00084    0.00021  75.4%  29.9 2525s
 10411821 975189    0.00044   94   32    0.00084    0.00021  75.4%  29.9 2530s
 10427088 976322    0.00023   93   40    0.00084    0.00021  75.4%  29.9 2535s
 10440351 978177    0.00068   82   32    0.00084    0.00021  75.4%  29.9 2540s
 10454970 979275    0.00065   95   35    0.00084    0.00021  75.4%  29.9 2545s
 10466617 980601    0.00050   77   44    0.00084    0.00021  75.4%  29.9 2550s
 10479713 981676    0.00021   90   39    0.00084    0.00021  75.4%  29.9 2555s
 10494522 982547     cutoff   88         0.00084    0.00021  75.4%  29.9 2560s
 10507070 983979    0.00021   90   54    0.00084    0.00021  75.4%  29.9 2565s
 10521729 985198 infeasible   76         0.00084    0.00021  75.4%  29.9 2570s
 10533755 985861 infeasible   45         0.00084    0.00021  75.4%  29.9 2575s
 10550738 987072    0.00021   68   43    0.00084    0.00021  75.4%  29.9 2580s
 10562595 987897 infeasible   71         0.00084    0.00021  75.4%  29.9 2585s
 10574156 988838    0.00021   63   33    0.00084    0.00021  75.4%  29.9 2590s
 10588735 990885    0.00021   60   46    0.00084    0.00021  75.4%  29.9 2595s
 10602755 992454    0.00022   76   41    0.00084    0.00021  75.4%  29.9 2600s
 10616928 994295    0.00021   66   41    0.00084    0.00021  75.4%  29.9 2605s
 10632024 996562 infeasible   68         0.00084    0.00021  75.4%  29.9 2610s
 10645933 998414     cutoff   73         0.00084    0.00021  75.4%  29.9 2615s
 10661996 1000290     cutoff   50         0.00084    0.00021  75.4%  29.8 2620s
 10676626 1001125    0.00021   52   34    0.00084    0.00021  75.4%  29.9 2625s
 10688965 1001930 infeasible   70         0.00084    0.00021  75.4%  29.9 2630s
 10701846 1003103    0.00021   39   50    0.00084    0.00021  75.4%  29.8 2635s
 10716377 1004432    0.00021   76   44    0.00084    0.00021  75.4%  29.8 2640s
 10730246 1005367    0.00021   53   50    0.00084    0.00021  75.4%  29.8 2645s
 10743110 1006262 infeasible   73         0.00084    0.00021  75.4%  29.8 2650s
 10758527 1007430    0.00051   52   48    0.00084    0.00021  75.4%  29.8 2655s
 10770810 1009086    0.00021   53   55    0.00084    0.00021  75.4%  29.8 2660s
 10783077 1011575    0.00021   66   56    0.00084    0.00021  75.4%  29.8 2665s
 10794489 1013207    0.00031   76   43    0.00084    0.00021  75.4%  29.8 2670s
 10808288 1015170    0.00021   82   44    0.00084    0.00021  75.4%  29.8 2675s
 10821207 1016369    0.00021   78   47    0.00084    0.00021  75.4%  29.8 2680s
 10836875 1017920    0.00021   57   61    0.00084    0.00021  75.4%  29.8 2685s
 10852696 1018966    0.00058   64   51    0.00084    0.00021  75.4%  29.8 2690s
 10865585 1019989    0.00032   58   44    0.00084    0.00021  75.4%  29.8 2695s
 10878811 1021060    0.00021   81   41    0.00084    0.00021  75.4%  29.8 2700s
 10891277 1022116    0.00021   63   47    0.00084    0.00021  75.4%  29.8 2705s
 10903249 1023319    0.00025   86   52    0.00084    0.00021  75.4%  29.8 2710s
 10916174 1024802     cutoff   63         0.00084    0.00021  75.4%  29.8 2715s
 10930764 1026640    0.00021   52   45    0.00084    0.00021  75.4%  29.8 2720s
 10946522 1028253    0.00021   51   39    0.00084    0.00021  75.4%  29.8 2726s
 10958405 1030098    0.00021   62   32    0.00084    0.00021  75.4%  29.8 2730s
 10970533 1032356     cutoff   74         0.00084    0.00021  75.4%  29.8 2735s
 10983416 1033668 infeasible   58         0.00084    0.00021  75.4%  29.8 2740s
 11000512 1034867    0.00021   60   42    0.00084    0.00021  75.4%  29.8 2745s
 11014359 1036200    0.00021   54   45    0.00084    0.00021  75.4%  29.8 2750s
 11029339 1037192     cutoff   64         0.00084    0.00021  75.4%  29.8 2755s
 11045560 1038349    0.00021   56   43    0.00084    0.00021  75.4%  29.8 2760s
 11063111 1040610    0.00021   68   53    0.00084    0.00021  75.4%  29.8 2765s
 11080006 1043312    0.00021   65   42    0.00084    0.00021  75.4%  29.8 2770s
 11099051 1045209 infeasible   63         0.00084    0.00021  75.4%  29.7 2775s
 11111682 1046484    0.00025   84   56    0.00084    0.00021  75.4%  29.7 2780s
 11123338 1047874     cutoff   87         0.00084    0.00021  75.4%  29.7 2785s
 11139142 1049184    0.00021   52   65    0.00084    0.00021  75.4%  29.7 2790s
 11154152 1050102    0.00042   70   44    0.00084    0.00021  75.4%  29.7 2795s
 11169202 1052082    0.00034   80   43    0.00084    0.00021  75.4%  29.7 2800s
 11182667 1053615    0.00021   83   43    0.00084    0.00021  75.4%  29.7 2805s
 11194595 1054459    0.00069   81   45    0.00084    0.00021  75.4%  29.7 2810s
 11206478 1055562     cutoff   59         0.00084    0.00021  75.4%  29.7 2815s
 11218702 1056967     cutoff   59         0.00084    0.00021  75.4%  29.7 2820s
 11233332 1058548     cutoff   67         0.00084    0.00021  75.4%  29.7 2825s
 11246619 1059497 infeasible   66         0.00084    0.00021  75.4%  29.7 2830s
 11259822 1060207     cutoff   76         0.00084    0.00021  75.4%  29.7 2835s
 11269273 1060792 infeasible   70         0.00084    0.00021  75.4%  29.7 2840s
 11284976 1061513     cutoff   78         0.00084    0.00021  75.4%  29.7 2845s
 11298859 1062133 infeasible   60         0.00084    0.00021  75.4%  29.7 2850s
 11311191 1063125 infeasible   60         0.00084    0.00021  75.4%  29.7 2855s
 11325594 1063949    0.00021   51   67    0.00084    0.00021  75.4%  29.7 2860s
 11337133 1064394    0.00021   48   54    0.00084    0.00021  75.4%  29.7 2865s
 11349748 1065044    0.00057   76   52    0.00084    0.00021  75.4%  29.7 2870s
 11364670 1065606    0.00021   72   51    0.00084    0.00021  75.4%  29.7 2875s
 11379532 1066265     cutoff   57         0.00084    0.00021  75.4%  29.7 2880s
 11395976 1067589     cutoff   65         0.00084    0.00021  75.4%  29.7 2885s
 11408246 1068662    0.00023   56   57    0.00084    0.00021  75.4%  29.7 2890s
 11420123 1069471    0.00021   74   55    0.00084    0.00021  75.4%  29.7 2895s
 11432716 1070303    0.00021   67   51    0.00084    0.00021  75.4%  29.7 2900s
 11444363 1070932    0.00021   64   38    0.00084    0.00021  75.4%  29.8 2905s
 11456311 1071213     cutoff   83         0.00084    0.00021  75.4%  29.8 2910s
 11470450 1071796     cutoff   70         0.00084    0.00021  75.4%  29.8 2915s
 11482021 1072255    0.00021   61   53    0.00084    0.00021  75.4%  29.8 2920s
 11491544 1072889    0.00026   85   43    0.00084    0.00021  75.4%  29.8 2925s
 11505669 1074293 infeasible   62         0.00084    0.00021  75.4%  29.8 2930s
 11517811 1075150     cutoff   74         0.00084    0.00021  75.4%  29.8 2935s
 11532242 1076399    0.00037   62   48    0.00084    0.00021  75.4%  29.8 2940s
 11544157 1078014     cutoff   54         0.00084    0.00021  75.4%  29.8 2945s
 11557622 1078947     cutoff   69         0.00084    0.00021  75.4%  29.8 2950s
 11570511 1080212    0.00021   59   43    0.00084    0.00021  75.4%  29.8 2955s
 11584496 1081501     cutoff   66         0.00084    0.00021  75.4%  29.8 2960s
 11596674 1083174    0.00021   53   44    0.00084    0.00021  75.4%  29.8 2965s
 11613362 1085654    0.00059   62   45    0.00084    0.00021  75.4%  29.8 2970s
 11625381 1087923    0.00034   77   45    0.00084    0.00021  75.4%  29.8 2975s
 11642141 1091322     cutoff   74         0.00084    0.00021  75.4%  29.8 2980s
 11655731 1093481    0.00021   69   35    0.00084    0.00021  75.4%  29.8 2985s
 11671460 1096549    0.00027   78   44    0.00084    0.00021  75.4%  29.8 2990s
 11684943 1098678     cutoff   63         0.00084    0.00021  75.4%  29.8 2995s
 11696308 1100264    0.00060   77   41    0.00084    0.00021  75.4%  29.8 3000s
 11709571 1101718    0.00059   63   42    0.00084    0.00021  75.4%  29.8 3005s
 11722724 1103136     cutoff   60         0.00084    0.00021  75.4%  29.8 3010s
 11736372 1105025    0.00022   69   55    0.00084    0.00021  75.4%  29.8 3015s
 11747751 1106705     cutoff   70         0.00084    0.00021  75.4%  29.8 3020s
 11759054 1108388 infeasible   56         0.00084    0.00021  75.4%  29.8 3025s
 11769969 1109734 infeasible   66         0.00084    0.00021  75.4%  29.8 3030s
 11783666 1111523     cutoff   68         0.00084    0.00021  75.4%  29.8 3035s
 11798564 1113706     cutoff   71         0.00084    0.00021  75.4%  29.8 3040s
 11813425 1115947    0.00034   80   38    0.00084    0.00021  75.4%  29.8 3045s
 11829777 1118613     cutoff   78         0.00084    0.00021  75.4%  29.7 3050s
 11844050 1120643     cutoff   75         0.00084    0.00021  75.4%  29.7 3055s
 11856611 1122472    0.00021   67   52    0.00084    0.00021  75.4%  29.7 3060s
 11870698 1123951    0.00021   68   47    0.00084    0.00021  75.4%  29.7 3065s
 11883937 1125451    0.00021   65   44    0.00084    0.00021  75.4%  29.7 3070s
 11896811 1127101     cutoff   83         0.00084    0.00021  75.4%  29.7 3075s
 11907812 1129009    0.00071   78   43    0.00084    0.00021  75.4%  29.7 3080s
 11921477 1131425    0.00021   64   53    0.00084    0.00021  75.4%  29.7 3085s
 11936474 1133775 infeasible   85         0.00084    0.00021  75.4%  29.7 3090s
 11948131 1136227 infeasible   80         0.00084    0.00021  75.4%  29.7 3095s
 11959247 1138529    0.00027   88   43    0.00084    0.00021  75.4%  29.7 3100s
 11974061 1141213    0.00047   82   40    0.00084    0.00021  75.4%  29.7 3105s
 11987632 1143431 infeasible   87         0.00084    0.00021  75.4%  29.7 3110s
 11999091 1146053    0.00021   79   39    0.00084    0.00021  75.4%  29.7 3115s
 12013550 1148158     cutoff   75         0.00084    0.00021  75.4%  29.7 3120s
 12025792 1149210    0.00021   69   58    0.00084    0.00021  75.4%  29.7 3125s
 12038788 1149788    0.00025   77   39    0.00084    0.00021  75.4%  29.7 3130s
 12050063 1151552    0.00021   68   52    0.00084    0.00021  75.4%  29.7 3135s
 12066121 1153313    0.00049   69   54    0.00084    0.00021  75.4%  29.7 3140s
 12080425 1155019     cutoff   73         0.00084    0.00021  75.4%  29.7 3145s
 12098755 1157315    0.00037   73   48    0.00084    0.00021  75.4%  29.7 3150s
 12112545 1159206     cutoff   68         0.00084    0.00021  75.4%  29.7 3155s
 12127177 1160662     cutoff   76         0.00084    0.00021  75.4%  29.7 3160s
 12144910 1162334    0.00021   62   42    0.00084    0.00021  75.4%  29.7 3165s
 12163488 1164208     cutoff   68         0.00084    0.00021  75.4%  29.7 3170s
 12183511 1166727    0.00048   82   56    0.00084    0.00021  75.4%  29.7 3175s
 12206185 1171268    0.00052   94   41    0.00084    0.00021  75.4%  29.7 3180s
 12228744 1175114    0.00042   77   44    0.00084    0.00021  75.4%  29.7 3185s
 12250934 1178510 infeasible   64         0.00084    0.00021  75.4%  29.7 3190s
 12273629 1182745    0.00065   64   44    0.00084    0.00021  75.4%  29.6 3195s
 12292507 1185299    0.00029   72   55    0.00084    0.00021  75.4%  29.6 3200s
 12315575 1189596    0.00021   63   53    0.00084    0.00021  75.4%  29.6 3205s
 12336220 1193159     cutoff   63         0.00084    0.00021  75.4%  29.6 3210s
 12358394 1197697 infeasible   63         0.00084    0.00021  75.4%  29.6 3215s
 12379865 1201070 infeasible   61         0.00084    0.00021  75.4%  29.6 3220s
 12401201 1204379    0.00021   59   54    0.00084    0.00021  75.4%  29.6 3225s
 12423745 1206910    0.00075   96   55    0.00084    0.00021  75.4%  29.6 3230s
 12439764 1208392     cutoff   97         0.00084    0.00021  75.4%  29.6 3235s
 12463049 1212132    0.00027   60   45    0.00084    0.00021  75.4%  29.6 3240s
 12485662 1216306    0.00021   58   56    0.00084    0.00021  75.4%  29.6 3245s
 12507694 1219695    0.00039   69   56    0.00084    0.00021  75.4%  29.6 3250s
 12529844 1223283    0.00057   79   52    0.00084    0.00021  75.4%  29.6 3255s
 12552238 1226306 infeasible   61         0.00084    0.00021  75.4%  29.6 3260s
 12571237 1228959    0.00021   61   46    0.00084    0.00021  75.4%  29.6 3265s
 12592454 1233210     cutoff   74         0.00084    0.00021  75.4%  29.6 3270s
 12614366 1236421 infeasible   84         0.00084    0.00021  75.4%  29.5 3275s
 12634572 1238912    0.00050   90   29    0.00084    0.00021  75.4%  29.5 3280s
 12655261 1241897    0.00077   86   50    0.00084    0.00021  75.4%  29.5 3285s
 12674686 1244130    0.00021   62   47    0.00084    0.00021  75.4%  29.5 3290s
 12693677 1245708 infeasible   69         0.00084    0.00021  75.4%  29.5 3295s
 12714031 1246860 infeasible   63         0.00084    0.00021  75.4%  29.5 3300s
 12736136 1249180 infeasible   64         0.00084    0.00021  75.4%  29.5 3305s
 12758642 1251571     cutoff   59         0.00084    0.00021  75.4%  29.5 3310s
 12779105 1253308 infeasible   63         0.00084    0.00021  75.4%  29.5 3315s
 12800571 1255699    0.00021   62   45    0.00084    0.00021  75.4%  29.5 3320s
 12821469 1256860    0.00021   49   61    0.00084    0.00021  75.4%  29.5 3325s
 12842207 1259053 infeasible   64         0.00084    0.00021  75.4%  29.5 3330s
 12868584 1260860    0.00021   55   39    0.00084    0.00021  75.4%  29.5 3335s
 12894277 1263091    0.00021   59   54    0.00084    0.00021  75.4%  29.4 3340s
 12916644 1264723     cutoff   69         0.00084    0.00021  75.4%  29.4 3345s
 12934750 1265803    0.00021   62   45    0.00084    0.00021  75.4%  29.4 3350s
 12953418 1267123 infeasible   61         0.00084    0.00021  75.4%  29.4 3355s
 12974210 1268347    0.00021   62   45    0.00084    0.00021  75.4%  29.4 3360s
 12993365 1269802    0.00021   66   44    0.00084    0.00021  75.4%  29.4 3365s
 13011825 1271452     cutoff   77         0.00084    0.00021  75.4%  29.4 3370s
 13034077 1273567     cutoff   75         0.00084    0.00021  75.4%  29.4 3375s
 13059918 1274913 infeasible   83         0.00084    0.00021  75.4%  29.4 3380s
 13083883 1276308    0.00021   74   42    0.00084    0.00021  75.4%  29.4 3385s
 13107993 1277684     cutoff   75         0.00084    0.00021  75.4%  29.4 3390s
 13133250 1278932    0.00021   79   42    0.00084    0.00021  75.4%  29.3 3395s
 13157547 1280147     cutoff   82         0.00084    0.00021  75.4%  29.3 3400s
 13183553 1281886    0.00081   71   41    0.00084    0.00021  75.4%  29.3 3405s
H13187126 1237686                       0.0007661    0.00021  73.1%  29.3 3406s
H13189691 1237799                       0.0007661    0.00021  73.1%  29.3 3407s
 13202996 1238571    0.00068   81   45    0.00077    0.00021  73.1%  29.3 3410s
 13227306 1240039    0.00021   74   43    0.00077    0.00021  73.1%  29.3 3415s
 13251647 1241943 infeasible   77         0.00077    0.00021  73.1%  29.3 3420s
 13272568 1243121     cutoff   69         0.00077    0.00021  73.1%  29.3 3425s
 13292817 1244250     cutoff   61         0.00077    0.00021  73.1%  29.3 3430s
 13316565 1245440    0.00021   72   44    0.00077    0.00021  73.1%  29.3 3435s
 13338137 1246644    0.00054   80   43    0.00077    0.00021  73.1%  29.3 3440s
 13363330 1247845    0.00021   73   44    0.00077    0.00021  73.1%  29.2 3445s
H13365811 1243882                       0.0007594    0.00021  72.9%  29.2 3446s
H13368250 1244070                       0.0007593    0.00021  72.9%  29.2 3447s
 13381349 1244652    0.00044   56   50    0.00076    0.00021  72.9%  29.2 3450s
 13400570 1245629    0.00021   64   55    0.00076    0.00021  72.9%  29.2 3455s
 13418177 1246487     cutoff   74         0.00076    0.00021  72.9%  29.2 3460s
 13435968 1247561     cutoff   79         0.00076    0.00021  72.9%  29.2 3465s
 13456463 1249205    0.00021   67   48    0.00076    0.00021  72.9%  29.2 3470s
 13477137 1251420    0.00037   71   46    0.00076    0.00021  72.9%  29.2 3475s
 13493733 1253231    0.00035   75   52    0.00076    0.00021  72.9%  29.2 3480s
 13513174 1255123     cutoff   71         0.00076    0.00021  72.9%  29.2 3485s
H13525199 1256237                       0.0007593    0.00021  72.9%  29.2 3488s
 13531561 1256941     cutoff   72         0.00076    0.00021  72.9%  29.2 3490s
H13532795 1255597                       0.0007573    0.00021  72.8%  29.2 3490s
 13547737 1256634 infeasible   73         0.00076    0.00021  72.8%  29.2 3495s
 13566078 1257972    0.00039   67   57    0.00076    0.00021  72.8%  29.2 3500s
 13588057 1259509    0.00021   56   56    0.00076    0.00021  72.8%  29.2 3505s
 13602829 1260136     cutoff   53         0.00076    0.00021  72.8%  29.2 3510s
 13619845 1260706 infeasible   65         0.00076    0.00021  72.8%  29.2 3515s
 13642321 1262323    0.00021   55   67    0.00076    0.00021  72.8%  29.2 3520s
 13661218 1263930 infeasible   71         0.00076    0.00021  72.8%  29.2 3525s
 13684179 1267692    0.00026   82   43    0.00076    0.00021  72.8%  29.2 3530s
 13702823 1269214     cutoff   92         0.00076    0.00021  72.8%  29.2 3535s
 13724879 1272665     cutoff   79         0.00076    0.00021  72.8%  29.2 3540s
 13745560 1275105     cutoff   75         0.00076    0.00021  72.8%  29.2 3545s
 13766813 1277219    0.00021   85   52    0.00076    0.00021  72.8%  29.2 3550s
 13781755 1279276    0.00026   77   43    0.00076    0.00021  72.8%  29.2 3555s
 13804502 1282930    0.00021   75   53    0.00076    0.00021  72.8%  29.1 3560s
 13823472 1285641     cutoff   92         0.00076    0.00021  72.8%  29.1 3565s
 13844201 1288352     cutoff   72         0.00076    0.00021  72.8%  29.1 3570s
 13866850 1291606 infeasible   68         0.00076    0.00021  72.8%  29.1 3575s
 13889464 1294237     cutoff   73         0.00076    0.00021  72.8%  29.1 3580s
 13910134 1296224    0.00021   72   52    0.00076    0.00021  72.8%  29.1 3585s
 13928471 1297456 infeasible   67         0.00076    0.00021  72.8%  29.1 3590s
 13947578 1299270    0.00021   61   54    0.00076    0.00021  72.8%  29.1 3595s
 13968714 1302233    0.00029   73   37    0.00076    0.00021  72.8%  29.1 3600s

Cutting planes:
  Gomory: 6
  Cover: 7
  Implied bound: 23
  Clique: 9
  MIR: 14
  Flow cover: 25
  RLT: 37
  Relax-and-lift: 27
  PSD: 2

Explored 13968902 nodes (406536693 simplex iterations) in 3600.01 seconds (2072.24 work units)
Thread count was 12 (of 12 available processors)

Solution count 10: 0.000757269 0.000759275 0.000759335 ... 0.000855269

Time limit reached
Best objective 7.572688993223e-04, best bound 2.058065039989e-04, gap 72.8225%
