
Gurobi 11.0.2 (win64) logging started Wed Oct  2 02:42:58 2024

Set parameter LogFile to value ".\Experiments\Track_k_e_2\Logs\track_k_e_2_r3_c11.log"
Set parameter TimeLimit to value 3600
Gurobi Optimizer version 11.0.2 build v11.0.2rc0 (win64 - Windows 10.0 (19045.2))

CPU model: Intel(R) Core(TM) i7-10750H CPU @ 2.60GHz, instruction set [SSE2|AVX|AVX2]
Thread count: 6 physical cores, 12 logical processors, using up to 12 threads

Optimize a model with 248 rows, 462 columns and 920 nonzeros
Model fingerprint: 0x289f69e8
Model has 6 quadratic objective terms
Model has 68 quadratic constraints
Model has 116 general constraints
Variable types: 458 continuous, 4 integer (4 binary)
Coefficient statistics:
  Matrix range     [9e-06, 1e+02]
  QMatrix range    [1e+00, 1e+00]
  QLMatrix range   [1e+00, 1e+00]
  Objective range  [1e-02, 2e-01]
  QObjective range [2e+00, 2e+00]
  Bounds range     [8e-05, 9e+01]
  RHS range        [8e-05, 1e+02]
  QRHS range       [1e-06, 1e-06]
Presolve added 36 rows and 0 columns
Presolve removed 0 rows and 73 columns
Presolve time: 0.03s
Presolved: 525 rows, 398 columns, 1457 nonzeros
Presolved model has 50 SOS constraint(s)
Presolved model has 4 quadratic objective terms
Presolved model has 57 bilinear constraint(s)
Presolved model has 4 nonlinear constraint(s)
Warning: Model contains variables with very large bounds participating
         in nonlinear terms.
         Presolve was not able to compute smaller bounds for these variables.
         Consider bounding these variables or reformulating the model.


Solving non-convex MINLP

Variable types: 284 continuous, 114 integer (114 binary)

Root relaxation: objective 2.058065e-04, 419 iterations, 0.00 seconds (0.00 work units)

    Nodes    |    Current Node    |     Objective Bounds      |     Work
 Expl Unexpl |  Obj  Depth IntInf | Incumbent    BestBd   Gap | It/Node Time

     0     0    0.00021    0   44          -    0.00021      -     -    0s
     0     0    0.00021    0   74          -    0.00021      -     -    0s
     0     0    0.00021    0   91          -    0.00021      -     -    0s
     0     0    0.00021    0   96          -    0.00021      -     -    0s
     0     0    0.00021    0   94          -    0.00021      -     -    0s
     0     0    0.00021    0   96          -    0.00021      -     -    0s
     0     0    0.00021    0   94          -    0.00021      -     -    0s
     0     2    0.00021    0   94          -    0.00021      -     -    0s
 17656  6258    0.00021   78   49          -    0.00021      -  30.0    5s
 41253 12281    0.00021   68   61          -    0.00021      -  28.3   10s
 64089 18319 infeasible   70               -    0.00021      -  27.6   15s
 88566 26445 infeasible   62               -    0.00021      -  27.6   20s
 111534 32720    0.00315   77   50          -    0.00021      -  27.4   25s
 134294 39077 infeasible   61               -    0.00021      -  27.5   30s
 160297 47185    0.00021   70   45          -    0.00021      -  26.6   35s
 184215 53854 infeasible   64               -    0.00021      -  26.4   40s
 204563 59604 infeasible   73               -    0.00021      -  26.4   45s
 228254 66528    0.00175   64   48          -    0.00021      -  26.4   50s
 250673 72098 infeasible   84               -    0.00021      -  26.4   55s
 275184 78349 infeasible  100               -    0.00021      -  26.3   60s
 295395 84089 infeasible   95               -    0.00021      -  26.1   65s
 318026 89804 infeasible   62               -    0.00021      -  26.2   70s
 340682 97007    0.00084   72   43          -    0.00021      -  26.2   75s
 363087 103308    0.00021   71   59          -    0.00021      -  26.1   80s
 384842 110580    0.00034   61   57          -    0.00021      -  26.1   85s
 406972 117308    0.00084   76   32          -    0.00021      -  26.2   90s
 430676 123439 infeasible   59               -    0.00021      -  26.2   95s
 450960 130011    0.00029   78   45          -    0.00021      -  26.3  100s
 475733 138059    0.00125   67   54          -    0.00021      -  26.4  105s
 499635 143027    0.00025   66   46          -    0.00021      -  26.4  110s
 523530 148577    0.00565   74   40          -    0.00021      -  26.4  115s
H528630 128848                       0.0042588    0.00021  95.2%  26.4  116s
H528633 128846                       0.0042587    0.00021  95.2%  26.4  116s
 536195 130970    0.00021   50   51    0.00426    0.00021  95.2%  26.4  120s
 545919 134247 infeasible   67         0.00426    0.00021  95.2%  26.4  125s
H548151 134339                       0.0042587    0.00021  95.2%  26.4  126s
H554387 136181                       0.0042587    0.00021  95.2%  26.4  129s
 556289 137342    0.00021   65   40    0.00426    0.00021  95.2%  26.5  130s
H556891 137342                       0.0042587    0.00021  95.2%  26.5  130s
H559885 135377                       0.0039085    0.00021  94.7%  26.5  132s
H562779 136356                       0.0039085    0.00021  94.7%  26.5  133s
H564739 136709                       0.0039085    0.00021  94.7%  26.5  133s
 565457 136718 infeasible   62         0.00391    0.00021  94.7%  26.5  135s
H565458 136718                       0.0039085    0.00021  94.7%  26.5  135s
H568906 137468                       0.0039085    0.00021  94.7%  26.5  136s
H569141 137468                       0.0039084    0.00021  94.7%  26.5  136s
H572395 138046                       0.0039084    0.00021  94.7%  26.5  138s
H575478 138748                       0.0039084    0.00021  94.7%  26.5  139s
 578396 139137    0.00021   87   43    0.00391    0.00021  94.7%  26.5  140s
H578404 139137                       0.0039084    0.00021  94.7%  26.5  140s
H583767 140105                       0.0039084    0.00021  94.7%  26.5  143s
 588201 140889 infeasible   73         0.00391    0.00021  94.7%  26.5  145s
 597924 142416     cutoff   76         0.00391    0.00021  94.7%  26.5  150s
 609248 144071     cutoff   64         0.00391    0.00021  94.7%  26.5  155s
 624183 148240    0.00084   57   35    0.00391    0.00021  94.7%  26.5  160s
 633522 151096 infeasible   90         0.00391    0.00021  94.7%  26.6  165s
 646914 153429    0.00021   66   50    0.00391    0.00021  94.7%  26.5  170s
 657890 155687    0.00193   63   46    0.00391    0.00021  94.7%  26.5  175s
H663924 155584                       0.0037257    0.00021  94.5%  26.5  177s
 668548 157202    0.00021   58   34    0.00373    0.00021  94.5%  26.6  180s
H676590 158462                       0.0037257    0.00021  94.5%  26.6  183s
 679025 158823 infeasible   69         0.00373    0.00021  94.5%  26.6  185s
H679102 158821                       0.0037257    0.00021  94.5%  26.6  185s
H682234 159193                       0.0036308    0.00021  94.3%  26.6  186s
H683313 159603                       0.0036308    0.00021  94.3%  26.6  187s
 689385 160495 infeasible   65         0.00363    0.00021  94.3%  26.6  190s
H689510 160495                       0.0036307    0.00021  94.3%  26.6  190s
H697245 161325                       0.0036022    0.00021  94.3%  26.6  195s
H697372 161325                       0.0036022    0.00021  94.3%  26.6  195s
 708784 164225    0.00307   55   46    0.00360    0.00021  94.3%  26.6  200s
H713314 165645                       0.0035851    0.00021  94.3%  26.6  202s
H714212 166270                       0.0035851    0.00021  94.3%  26.6  203s
H716000 166276                       0.0035851    0.00021  94.3%  26.6  204s
H716007 166276                       0.0035851    0.00021  94.3%  26.6  204s
H716011 166276                       0.0035851    0.00021  94.3%  26.6  204s
 716014 166832    0.00021   51   51    0.00359    0.00021  94.3%  26.6  205s
H726635 169243                       0.0035851    0.00021  94.3%  26.6  208s
H726867 169242                       0.0035851    0.00021  94.3%  26.6  209s
H726882 169242                       0.0035851    0.00021  94.3%  26.6  209s
 726883 169611    0.00084   51   50    0.00359    0.00021  94.3%  26.6  210s
H728597 169969                       0.0035850    0.00021  94.3%  26.6  210s
H731072 170491                       0.0035850    0.00021  94.3%  26.6  211s
 738646 172521    0.00023   65   61    0.00359    0.00021  94.3%  26.6  215s
H744394 173871                       0.0035850    0.00021  94.3%  26.6  217s
 750454 174931    0.00133   51   49    0.00359    0.00021  94.3%  26.6  220s
H757016 175892                       0.0035850    0.00021  94.3%  26.6  222s
 762609 176637    0.00136   56   50    0.00358    0.00021  94.3%  26.5  225s
 777624 179488    0.00021   50   42    0.00358    0.00021  94.3%  26.5  230s
 794077 182022    0.00021   73   49    0.00358    0.00021  94.3%  26.5  235s
H815003 185293                       0.0035850    0.00021  94.3%  26.5  240s
H823230 188243                       0.0035850    0.00021  94.3%  26.5  242s
H832784 191336                       0.0035850    0.00021  94.3%  26.4  244s
 833963 191578    0.00084   54   52    0.00358    0.00021  94.3%  26.4  245s
 849967 195825     cutoff   78         0.00358    0.00021  94.3%  26.4  250s
 867088 200431 infeasible   60         0.00358    0.00021  94.3%  26.5  255s
 885648 204359    0.00021   65   41    0.00358    0.00021  94.3%  26.5  260s
 903678 209057    0.00021   81   55    0.00358    0.00021  94.3%  26.5  265s
 923819 214109     cutoff   63         0.00358    0.00021  94.3%  26.5  270s
 940281 217937 infeasible   55         0.00358    0.00021  94.3%  26.5  275s
*952230 153070              92       0.0008766    0.00021  76.5%  26.5  278s
*952686 149706             101       0.0008559    0.00021  76.0%  26.5  279s
*952687 149706             101       0.0008559    0.00021  76.0%  26.5  279s
*952698 149579             101       0.0008552    0.00021  75.9%  26.5  279s
*953461 145145              92       0.0008375    0.00021  75.4%  26.5  279s
 953568 145339    0.00021   66   58    0.00084    0.00021  75.4%  26.5  280s
*954571 144766             100       0.0008370    0.00021  75.4%  26.5  280s
*954572 144755             100       0.0008370    0.00021  75.4%  26.5  280s
*954573 144647              99       0.0008368    0.00021  75.4%  26.5  280s
H966157 146924                       0.0008368    0.00021  75.4%  26.5  282s
 972186 147877    0.00021   61   41    0.00084    0.00021  75.4%  26.5  285s
H972538 147877                       0.0008368    0.00021  75.4%  26.5  285s
 989780 150875 infeasible   64         0.00084    0.00021  75.4%  26.5  290s
 1008889 155890    0.00021   82   52    0.00084    0.00021  75.4%  26.6  295s
 1027235 159651     cutoff   69         0.00084    0.00021  75.4%  26.6  300s
 1042745 162635     cutoff   60         0.00084    0.00021  75.4%  26.6  305s
 1061928 166328     cutoff   70         0.00084    0.00021  75.4%  26.7  310s
 1083706 173369    0.00021   65   62    0.00084    0.00021  75.4%  26.7  315s
 1101509 177432 infeasible   50         0.00084    0.00021  75.4%  26.7  320s
 1120241 182183    0.00021   54   50    0.00084    0.00021  75.4%  26.7  325s
 1141033 186069 infeasible   55         0.00084    0.00021  75.4%  26.7  330s
H1153169 189352                       0.0008368    0.00021  75.4%  26.7  334s
 1157901 190990     cutoff   58         0.00084    0.00021  75.4%  26.7  335s
H1159269 191608                       0.0008368    0.00021  75.4%  26.7  335s
 1173968 195071    0.00060   75   49    0.00084    0.00021  75.4%  26.8  340s
 1195207 199420     cutoff   75         0.00084    0.00021  75.4%  26.8  345s
 1212359 200840     cutoff   74         0.00084    0.00021  75.4%  26.8  350s
 1230707 201937     cutoff   81         0.00084    0.00021  75.4%  26.8  355s
 1245646 202098    0.00021   63   51    0.00084    0.00021  75.4%  26.8  360s
 1261936 204369    0.00021   61   50    0.00084    0.00021  75.4%  26.8  365s
 1282251 209829    0.00021   85   47    0.00084    0.00021  75.4%  26.8  370s
 1301652 215212 infeasible   55         0.00084    0.00021  75.4%  26.8  375s
 1320019 219829    0.00021   81   53    0.00084    0.00021  75.4%  26.8  380s
 1337051 224039    0.00021   50   50    0.00084    0.00021  75.4%  26.8  385s
 1355517 228132 infeasible   61         0.00084    0.00021  75.4%  26.8  390s
H1358183 226334                       0.0008355    0.00021  75.4%  26.8  390s
H1360982 222082                       0.0008351    0.00021  75.4%  26.8  391s
 1371700 224786    0.00025   70   65    0.00084    0.00021  75.4%  26.8  395s
 1390600 230070    0.00021   74   57    0.00084    0.00021  75.4%  26.8  400s
 1408496 233964    0.00021   84   49    0.00084    0.00021  75.4%  26.8  405s
 1426112 237854    0.00054   85   50    0.00084    0.00021  75.4%  26.8  410s
 1444113 240583     cutoff   73         0.00084    0.00021  75.4%  26.8  415s
 1460223 243949    0.00022   76   60    0.00084    0.00021  75.4%  26.8  420s
 1478514 246457    0.00021   55   44    0.00084    0.00021  75.4%  26.8  425s
 1490426 248588    0.00038   87   57    0.00084    0.00021  75.4%  26.8  430s
 1509054 250594 infeasible   83         0.00084    0.00021  75.4%  26.7  435s
 1524776 252793    0.00021   62   54    0.00084    0.00021  75.4%  26.8  440s
 1541473 255383 infeasible   69         0.00084    0.00021  75.4%  26.8  445s
 1561066 258474     cutoff   86         0.00084    0.00021  75.4%  26.8  450s
 1576730 261307    0.00021   65   59    0.00084    0.00021  75.4%  26.8  455s
 1595242 263006    0.00051   74   46    0.00084    0.00021  75.4%  26.8  460s
 1611559 265244 infeasible   64         0.00084    0.00021  75.4%  26.8  465s
 1629342 269827    0.00021   51   54    0.00084    0.00021  75.4%  26.8  470s
 1648565 274901    0.00021   76   63    0.00084    0.00021  75.4%  26.8  475s
 1664984 278651    0.00021   73   57    0.00084    0.00021  75.4%  26.8  480s
 1681938 282755 infeasible   53         0.00084    0.00021  75.4%  26.8  485s
 1697294 286205    0.00021   59   53    0.00084    0.00021  75.4%  26.9  490s
 1715029 290263    0.00039   57   60    0.00084    0.00021  75.4%  26.9  495s
 1732287 294352 infeasible   62         0.00084    0.00021  75.4%  26.9  500s
 1751527 298034    0.00021   53   62    0.00084    0.00021  75.4%  26.9  505s
 1767626 301615    0.00021   50   58    0.00084    0.00021  75.4%  26.9  510s
 1786030 306284    0.00021   67   68    0.00084    0.00021  75.4%  27.0  515s
 1809490 312557     cutoff   81         0.00084    0.00021  75.4%  27.0  520s
 1826312 316501    0.00031   72   56    0.00084    0.00021  75.4%  27.0  525s
 1844416 320174    0.00045   55   47    0.00084    0.00021  75.4%  27.0  530s
 1861845 323136    0.00034   76   56    0.00084    0.00021  75.4%  27.0  535s
 1881382 327733    0.00021   64   69    0.00084    0.00021  75.4%  27.0  540s
 1901019 332428    0.00021   61   49    0.00084    0.00021  75.4%  27.0  545s
 1919342 336772    0.00021   58   59    0.00084    0.00021  75.4%  27.0  550s
 1936519 339956     cutoff   60         0.00084    0.00021  75.4%  27.0  555s
 1956426 345128     cutoff   62         0.00084    0.00021  75.4%  27.0  560s
 1972365 347479    0.00021   60   52    0.00084    0.00021  75.4%  27.1  565s
H1987838 308683                       0.0008310    0.00021  75.2%  27.1  569s
 1988738 308831    0.00033   62   50    0.00083    0.00021  75.2%  27.1  570s
 2007366 311810     cutoff   64         0.00083    0.00021  75.2%  27.1  575s
 2025592 314514    0.00039   69   54    0.00083    0.00021  75.2%  27.1  580s
H2037910 316412                       0.0008310    0.00021  75.2%  27.1  584s
 2040503 316599 infeasible   80         0.00083    0.00021  75.2%  27.1  585s
H2040617 316451                       0.0008282    0.00021  75.2%  27.1  585s
H2042651 315948                       0.0008167    0.00021  74.8%  27.1  585s
H2045059 316085                       0.0008167    0.00021  74.8%  27.1  586s
H2045578 316185                       0.0008167    0.00021  74.8%  27.1  586s
 2055001 316785    0.00034   68   48    0.00082    0.00021  74.8%  27.1  590s
H2058598 316936                       0.0008167    0.00021  74.8%  27.1  590s
H2074286 318142                       0.0008167    0.00021  74.8%  27.1  595s
H2085159 318907                       0.0008167    0.00021  74.8%  27.1  597s
 2090815 319403    0.00021   72   57    0.00082    0.00021  74.8%  27.1  600s
H2098908 320198                       0.0008167    0.00021  74.8%  27.1  602s
 2104288 320864     cutoff   79         0.00082    0.00021  74.8%  27.1  605s
H2119282 321180                       0.0008167    0.00021  74.8%  27.1  609s
 2121781 321245    0.00022   59   48    0.00082    0.00021  74.8%  27.1  610s
H2130707 321635                       0.0008167    0.00021  74.8%  27.1  612s
 2137739 321933     cutoff   67         0.00082    0.00021  74.8%  27.1  615s
H2138160 321348                       0.0008074    0.00021  74.5%  27.1  615s
 2152288 322242 infeasible   68         0.00081    0.00021  74.5%  27.1  620s
H2164172 323191                       0.0008074    0.00021  74.5%  27.1  624s
 2165953 323739    0.00021   63   51    0.00081    0.00021  74.5%  27.1  625s
 2183753 327891    0.00030   78   57    0.00081    0.00021  74.5%  27.1  630s
 2200221 329355 infeasible   79         0.00081    0.00021  74.5%  27.1  635s
 2217956 331947    0.00021   74   44    0.00081    0.00021  74.5%  27.1  640s
H2224922 332961                       0.0008074    0.00021  74.5%  27.1  643s
H2230911 334606                       0.0008074    0.00021  74.5%  27.1  644s
 2232587 334809     cutoff   62         0.00081    0.00021  74.5%  27.1  645s
 2247974 339426    0.00021   68   47    0.00081    0.00021  74.5%  27.1  650s
H2251548 339773                       0.0008073    0.00021  74.5%  27.1  650s
 2269240 344841 infeasible   69         0.00081    0.00021  74.5%  27.1  655s
 2287900 349598    0.00021   51   52    0.00081    0.00021  74.5%  27.1  660s
 2306572 353636    0.00021   64   48    0.00081    0.00021  74.5%  27.0  665s
H2316439 355475                       0.0008073    0.00021  74.5%  27.0  668s
 2324219 356453    0.00021   66   49    0.00081    0.00021  74.5%  27.0  670s
 2341366 359779    0.00023   67   48    0.00081    0.00021  74.5%  27.0  675s
H2352477 362132                       0.0008073    0.00021  74.5%  27.0  678s
 2358709 363584 infeasible   71         0.00081    0.00021  74.5%  27.0  680s
H2379933 369980                       0.0008073    0.00021  74.5%  27.0  684s
 2380791 369980    0.00021   80   53    0.00081    0.00021  74.5%  27.0  685s
H2380795 369980                       0.0008073    0.00021  74.5%  27.0  685s
H2382322 370333                       0.0008073    0.00021  74.5%  27.0  686s
H2399103 373816                       0.0008073    0.00021  74.5%  27.0  690s
 2415735 377862    0.00021   78   52    0.00081    0.00021  74.5%  27.0  695s
 2434895 381775    0.00042   81   50    0.00081    0.00021  74.5%  27.0  700s
H2448404 383085                       0.0008073    0.00021  74.5%  27.0  702s
 2452604 383618    0.00021   55   47    0.00081    0.00021  74.5%  27.0  705s
 2469820 384727    0.00021   65   48    0.00081    0.00021  74.5%  27.0  710s
 2486192 385810    0.00073   70   50    0.00081    0.00021  74.5%  27.0  715s
H2489885 386001                       0.0008073    0.00021  74.5%  27.0  716s
 2503384 385965     cutoff   83         0.00081    0.00021  74.5%  27.0  720s
H2503396 385965                       0.0008073    0.00021  74.5%  27.0  720s
 2519824 386490    0.00079  101   47    0.00081    0.00021  74.5%  27.0  725s
 2536909 388659    0.00021   83   61    0.00081    0.00021  74.5%  27.0  730s
 2554272 389546    0.00025   71   43    0.00081    0.00021  74.5%  27.0  736s
H2555319 389544                       0.0008073    0.00021  74.5%  27.0  736s
H2558200 389697                       0.0008073    0.00021  74.5%  27.0  737s
H2559669 389757                       0.0008073    0.00021  74.5%  27.0  737s
 2567234 390607    0.00021   65   51    0.00081    0.00021  74.5%  27.0  740s
 2585779 392446    0.00021   69   55    0.00081    0.00021  74.5%  27.0  745s
 2598061 393591     cutoff   72         0.00081    0.00021  74.5%  27.0  750s
H2598140 393591                       0.0008073    0.00021  74.5%  27.0  750s
 2618633 400117    0.00021   69   62    0.00081    0.00021  74.5%  27.0  755s
 2636240 404503    0.00021   60   53    0.00081    0.00021  74.5%  27.0  760s
 2654730 408722    0.00035   83   54    0.00081    0.00021  74.5%  26.9  765s
 2674116 412901    0.00044   78   53    0.00081    0.00021  74.5%  26.9  770s
 2690973 416605 infeasible   51         0.00081    0.00021  74.5%  26.9  775s
 2711367 422280    0.00022   72   69    0.00081    0.00021  74.5%  26.9  780s
H2729132 427143                       0.0008073    0.00021  74.5%  26.9  784s
 2729147 427389     cutoff   61         0.00081    0.00021  74.5%  26.9  785s
 2747717 431400 infeasible   64         0.00081    0.00021  74.5%  26.9  790s
H2747732 431399                       0.0008073    0.00021  74.5%  26.9  790s
H2749369 432016                       0.0008073    0.00021  74.5%  26.9  791s
H2767427 436058                       0.0008073    0.00021  74.5%  26.9  796s
H2767578 436422                       0.0008073    0.00021  74.5%  26.9  796s
H2781450 439438                       0.0008073    0.00021  74.5%  26.9  799s
 2782910 439765     cutoff   80         0.00081    0.00021  74.5%  26.9  800s
 2799879 443533    0.00023   62   63    0.00081    0.00021  74.5%  26.9  805s
 2820416 447682     cutoff   65         0.00081    0.00021  74.5%  26.9  811s
 2837022 450304    0.00021   80   55    0.00081    0.00021  74.5%  26.9  815s
 2852890 451606    0.00021   62   61    0.00081    0.00021  74.5%  26.9  820s
H2857235 451886                       0.0008073    0.00021  74.5%  26.9  821s
 2869506 453799 infeasible   62         0.00081    0.00021  74.5%  26.9  825s
 2888018 455756     cutoff   73         0.00081    0.00021  74.5%  26.9  830s
 2907764 456559     cutoff   84         0.00081    0.00021  74.5%  26.9  835s
 2923634 458922    0.00021   57   52    0.00081    0.00021  74.5%  26.9  840s
 2942648 464612    0.00021   60   53    0.00081    0.00021  74.5%  26.9  845s
 2961256 468821    0.00023   59   60    0.00081    0.00021  74.5%  26.9  850s
 2979805 472687    0.00021   49   50    0.00081    0.00021  74.5%  26.9  855s
 2997426 476842    0.00021   75   52    0.00081    0.00021  74.5%  26.9  860s
 3012965 479933    0.00021   58   49    0.00081    0.00021  74.5%  26.9  865s
 3034722 484577     cutoff   57         0.00081    0.00021  74.5%  26.9  870s
 3055350 489183     cutoff   64         0.00081    0.00021  74.5%  26.9  875s
H3055368 489183                       0.0008073    0.00021  74.5%  26.9  875s
 3073816 493577    0.00021   61   59    0.00081    0.00021  74.5%  26.9  880s
 3092476 497109     cutoff   91         0.00081    0.00021  74.5%  26.8  885s
 3110744 499476    0.00028   71   44    0.00081    0.00021  74.5%  26.8  890s
 3127502 502128    0.00039   76   58    0.00081    0.00021  74.5%  26.8  895s
 3142318 504013    0.00021   69   56    0.00081    0.00021  74.5%  26.8  900s
 3161401 505748    0.00055   74   50    0.00081    0.00021  74.5%  26.8  905s
 3176607 506954     cutoff   66         0.00081    0.00021  74.5%  26.8  910s
 3198478 509027     cutoff   83         0.00081    0.00021  74.5%  26.8  915s
 3216158 510526    0.00021   70   50    0.00081    0.00021  74.5%  26.9  920s
 3232541 512079    0.00021   57   44    0.00081    0.00021  74.5%  26.9  925s
 3250872 513026    0.00044   65   46    0.00081    0.00021  74.5%  26.9  930s
 3266795 513415     cutoff   75         0.00081    0.00021  74.5%  26.9  935s
 3284032 514987 infeasible   79         0.00081    0.00021  74.5%  26.9  940s
 3300397 516535     cutoff   85         0.00081    0.00021  74.5%  26.9  945s
 3317402 518562     cutoff   60         0.00081    0.00021  74.5%  26.9  950s
 3333091 519733 infeasible   84         0.00081    0.00021  74.5%  26.9  955s
 3350246 521164    0.00021   79   44    0.00081    0.00021  74.5%  26.9  960s
 3367327 524765    0.00023   85   49    0.00081    0.00021  74.5%  26.9  965s
 3385758 526382    0.00021   53   64    0.00081    0.00021  74.5%  26.9  970s
H3401242 473097                       0.0004834    0.00021  57.4%  26.9  974s
 3403257 473629    0.00021   49   43    0.00048    0.00021  57.4%  26.9  975s
 3418043 476208     cutoff   51         0.00048    0.00021  57.4%  26.9  980s
H3427591 478696                       0.0004834    0.00021  57.4%  26.9  982s
H3428845 479059                       0.0004834    0.00021  57.4%  26.9  982s
H3430742 454642                       0.0003840    0.00021  46.4%  26.9  983s
H3434070 455350                       0.0003840    0.00021  46.4%  26.9  984s
H3434612 455353                       0.0003840    0.00021  46.4%  26.9  984s
 3434613 455794    0.00021   65   45    0.00038    0.00021  46.4%  26.9  985s
H3440997 457621                       0.0003840    0.00021  46.4%  26.9  986s
H3442652 457439                       0.0003824    0.00021  46.2%  26.9  987s
H3445688 457048                       0.0003793    0.00021  45.7%  26.9  987s
H3446990 457452                       0.0003793    0.00021  45.7%  26.9  988s
 3450835 458669    0.00021   53   42    0.00038    0.00021  45.7%  26.9  990s
 3470188 462728    0.00021   78   55    0.00038    0.00021  45.7%  26.9  995s
H3487528 422317                       0.0002688    0.00021  23.4%  26.9  999s
 3487549 422562     cutoff   69         0.00027    0.00021  23.4%  26.9 1000s
 3506384 426579 infeasible   72         0.00027    0.00021  23.4%  26.9 1005s
H3512061 427904                       0.0002688    0.00021  23.4%  26.9 1006s
H3514054 428049                       0.0002688    0.00021  23.4%  26.9 1006s
 3521669 430739    0.00021   71   61    0.00027    0.00021  23.4%  26.9 1010s
 3540956 433977     cutoff   68         0.00027    0.00021  23.4%  26.9 1015s
 3558216 436249     cutoff   65         0.00027    0.00021  23.4%  26.9 1020s
 3575950 439444 infeasible   53         0.00027    0.00021  23.4%  26.9 1025s
H3580082 439590                       0.0002688    0.00021  23.4%  26.9 1025s
H3581657 439643                       0.0002688    0.00021  23.4%  26.9 1026s
H3584134 377947                       0.0002107    0.00021  2.33%  26.9 1027s
H3590171 377722                       0.0002105    0.00021  2.25%  26.9 1029s
 3590864 377942    0.00021   71   45    0.00021    0.00021  2.25%  26.9 1030s
 3607931 378115 infeasible   87         0.00021    0.00021  2.25%  26.9 1035s
 3627222 377957    0.00021   61   49    0.00021    0.00021  2.25%  26.9 1040s
 3645525 377429    0.00021   68   45    0.00021    0.00021  2.25%  26.8 1045s
H3654008 370271                       0.0002087    0.00021  1.41%  26.8 1048s
 3658533 370551    0.00021   72   47    0.00021    0.00021  1.41%  26.8 1050s
 3669590 370810    0.00021   58   42    0.00021    0.00021  1.41%  26.9 1055s
H3669594 335153                       0.0002064    0.00021  0.29%  26.9 1055s
H3671639 322590                       0.0002060    0.00021  0.11%  26.9 1056s
H3671989 305831                       0.0002058    0.00021  0.01%  26.9 1056s
H3673391 305464                       0.0002058    0.00021  0.01%  26.9 1056s
 3687323 305045     cutoff   77         0.00021    0.00021  0.01%  26.9 1061s
H3688252 299814                       0.0002058    0.00021  0.00%  26.9 1061s

Cutting planes:
  Gomory: 4
  Cover: 11
  Implied bound: 18
  Clique: 6
  MIR: 9
  StrongCG: 1
  Flow cover: 43
  RLT: 25
  Relax-and-lift: 32
  PSD: 1

Explored 3688256 nodes (99086661 simplex iterations) in 1061.24 seconds (570.31 work units)
Thread count was 12 (of 12 available processors)

Solution count 10: 0.000205814 0.000205828 0.000205829 ... 0.000379326

Optimal solution found (tolerance 1.00e-04)
Best objective 2.058137155993e-04, best bound 2.058065039989e-04, gap 0.0035%
