
Gurobi 11.0.2 (win64) logging started Tue Oct  1 17:01:28 2024

Set parameter LogFile to value ".\Experiments\Track_k_e_2\Logs\track_k_e_2_r2_c7.log"
Set parameter TimeLimit to value 3600
Gurobi Optimizer version 11.0.2 build v11.0.2rc0 (win64 - Windows 10.0 (19045.2))

CPU model: Intel(R) Core(TM) i7-10750H CPU @ 2.60GHz, instruction set [SSE2|AVX|AVX2]
Thread count: 6 physical cores, 12 logical processors, using up to 12 threads

Optimize a model with 250 rows, 462 columns and 924 nonzeros
Model fingerprint: 0x0f58b889
Model has 6 quadratic objective terms
Model has 68 quadratic constraints
Model has 116 general constraints
Variable types: 458 continuous, 4 integer (4 binary)
Coefficient statistics:
  Matrix range     [9e-06, 1e+02]
  QMatrix range    [1e+00, 1e+00]
  QLMatrix range   [1e+00, 1e+00]
  Objective range  [1e-02, 2e-01]
  QObjective range [2e+00, 2e+00]
  Bounds range     [8e-05, 5e+00]
  RHS range        [8e-05, 1e+02]
  QRHS range       [1e-06, 1e-06]
Presolve added 60 rows and 0 columns
Presolve removed 0 rows and 97 columns
Presolve time: 0.01s
Presolved: 551 rows, 374 columns, 1541 nonzeros
Presolved model has 2 SOS constraint(s)
Presolved model has 4 quadratic objective terms
Presolved model has 57 bilinear constraint(s)
Presolved model has 4 nonlinear constraint(s)
Warning: Model contains variables with very large bounds participating
         in nonlinear terms.
         Presolve was not able to compute smaller bounds for these variables.
         Consider bounding these variables or reformulating the model.


Solving non-convex MINLP

Variable types: 284 continuous, 90 integer (90 binary)

Root relaxation: objective 2.058065e-04, 451 iterations, 0.00 seconds (0.00 work units)

    Nodes    |    Current Node    |     Objective Bounds      |     Work
 Expl Unexpl |  Obj  Depth IntInf | Incumbent    BestBd   Gap | It/Node Time

     0     0    0.00021    0   57          -    0.00021      -     -    0s
     0     0    0.00021    0   57          -    0.00021      -     -    0s
     0     0    0.00021    0   73          -    0.00021      -     -    0s
     0     0    0.00021    0   73          -    0.00021      -     -    0s
     0     0    0.00021    0   71          -    0.00021      -     -    0s
     0     0    0.00021    0   57          -    0.00021      -     -    0s
     0     2    0.00021    0   57          -    0.00021      -     -    0s
 12450  3481    0.00021   38   64          -    0.00021      -  33.9    5s
 33092 10402    0.00029   52   41          -    0.00021      -  33.7   10s
 54007 16549 infeasible   33               -    0.00021      -  32.5   15s
 77881 25022 infeasible   47               -    0.00021      -  32.1   20s
 100093 32002    0.00021   49   45          -    0.00021      -  32.1   25s
 123736 39854 infeasible   66               -    0.00021      -  31.3   30s
 146906 47369 infeasible   57               -    0.00021      -  31.2   35s
 167749 53267    0.00021   51   46          -    0.00021      -  31.1   40s
 191117 60922    0.00021   51   52          -    0.00021      -  30.7   45s
 214768 67258    0.00286   87   61          -    0.00021      -  30.6   50s
 235755 73628    0.00070   60   59          -    0.00021      -  30.7   55s
 258616 79041    0.00021   61   56          -    0.00021      -  30.6   60s
 281227 85037    0.00021   42   50          -    0.00021      -  30.8   65s
 304157 90937 infeasible   50               -    0.00021      -  30.7   70s
 324571 96247 infeasible   67               -    0.00021      -  30.7   75s
 345425 101275    0.00134   79   43          -    0.00021      -  30.8   80s
 366495 106554    0.00449   66   56          -    0.00021      -  30.7   85s
 389870 112289    0.00021   71   45          -    0.00021      -  30.7   90s
 411281 116778    0.00068   69   55          -    0.00021      -  30.8   95s
 432591 121366    0.00114   75   55          -    0.00021      -  30.8  100s
 453505 125518    0.00047   84   55          -    0.00021      -  30.9  105s
 476204 131603    0.00481   66   66          -    0.00021      -  30.9  110s
 496165 135845    0.00294   72   46          -    0.00021      -  31.0  115s
 519117 141244    0.00330   84   47          -    0.00021      -  31.0  120s
 540510 145727 infeasible   83               -    0.00021      -  31.1  125s
 561772 150905 infeasible   74               -    0.00021      -  31.2  130s
 583187 156020    0.00021   69   51          -    0.00021      -  31.2  135s
 603932 160321    0.00022   68   47          -    0.00021      -  31.2  140s
 624709 164390 infeasible   72               -    0.00021      -  31.3  145s
 646595 168970 infeasible   63               -    0.00021      -  31.3  150s
 670143 174724    0.00242   70   54          -    0.00021      -  31.2  155s
 693548 181016 infeasible   96               -    0.00021      -  31.2  160s
 715976 187569    0.00232   69   45          -    0.00021      -  31.3  165s
 737973 193429    0.00021   51   64          -    0.00021      -  31.4  170s
 760853 199999    0.00021   48   69          -    0.00021      -  31.4  175s
 784629 205933 infeasible  105               -    0.00021      -  31.3  180s
 808176 213111 infeasible   49               -    0.00021      -  31.4  185s
 829626 219779    0.00515   74   51          -    0.00021      -  31.4  190s
 850860 225867    0.00312   59   41          -    0.00021      -  31.5  195s
 871492 231901 infeasible   60               -    0.00021      -  31.6  200s
 893860 238291 infeasible   71               -    0.00021      -  31.6  205s
 916200 245138 infeasible   50               -    0.00021      -  31.6  210s
 938882 252056 infeasible   57               -    0.00021      -  31.7  215s
 960804 258284    0.00021   49   57          -    0.00021      -  31.7  220s
 983207 264256    0.00073   55   51          -    0.00021      -  31.6  225s
 1006036 271252    0.00021   59   56          -    0.00021      -  31.6  230s
 1028537 277325    0.00116   57   60          -    0.00021      -  31.6  235s
 1050861 283613 infeasible   72               -    0.00021      -  31.6  240s
 1072779 288995    0.00039   70   43          -    0.00021      -  31.7  245s
 1094583 294009 infeasible   78               -    0.00021      -  31.7  250s
 1116269 298755 infeasible   72               -    0.00021      -  31.7  255s
 1135515 303115    0.00024   65   40          -    0.00021      -  31.7  260s
 1157341 308164 infeasible   65               -    0.00021      -  31.7  265s
 1179639 312959 infeasible   57               -    0.00021      -  31.7  270s
 1202485 317398 infeasible   59               -    0.00021      -  31.7  275s
 1222679 322127    0.00248   73   52          -    0.00021      -  31.7  280s
 1245973 328811    0.00021   72   55          -    0.00021      -  31.7  285s
 1265948 333911 infeasible   61               -    0.00021      -  31.7  290s
 1286956 339332 infeasible   69               -    0.00021      -  31.8  295s
 1310403 345605    0.00021   71   51          -    0.00021      -  31.8  300s
 1332141 351562 infeasible   69               -    0.00021      -  31.8  305s
 1353202 356302    0.00024   71   60          -    0.00021      -  31.8  310s
 1376309 362703    0.00092   80   37          -    0.00021      -  31.8  315s
 1398312 367927    0.00481   50   36          -    0.00021      -  31.8  320s
 1421596 370688 infeasible   70               -    0.00021      -  31.8  325s
 1439892 376186    0.00548   54   46          -    0.00021      -  31.9  330s
 1463451 383390    0.00107   54   58          -    0.00021      -  31.8  335s
 1484582 389323 infeasible   58               -    0.00021      -  31.8  340s
 1508108 396570    0.00202   74   53          -    0.00021      -  31.8  345s
 1531732 402853 infeasible   67               -    0.00021      -  31.7  350s
 1553003 407967    0.00021   75   58          -    0.00021      -  31.7  355s
 1575119 413245    0.00086   73   27          -    0.00021      -  31.7  360s
 1596582 418678    0.00133   78   55          -    0.00021      -  31.6  365s
 1618382 423447 infeasible   73               -    0.00021      -  31.6  370s
 1642981 429193 infeasible   70               -    0.00021      -  31.6  375s
 1662540 434089    0.00030   79   49          -    0.00021      -  31.5  380s
 1688411 439521    0.00151   93   37          -    0.00021      -  31.4  385s
 1708680 445893 infeasible   66               -    0.00021      -  31.4  390s
 1731336 451911 infeasible   95               -    0.00021      -  31.4  395s
 1754930 457833 infeasible   86               -    0.00021      -  31.4  400s
 1775891 463937 infeasible   97               -    0.00021      -  31.4  405s
 1798787 470440    0.00085   66   47          -    0.00021      -  31.3  410s
 1822265 476075 infeasible   66               -    0.00021      -  31.3  415s
 1843113 481529 infeasible   78               -    0.00021      -  31.4  420s
 1865329 486436    0.00481   62   48          -    0.00021      -  31.4  425s
 1889752 491195    0.00021   84   44          -    0.00021      -  31.3  430s
 1912996 495569    0.00140   95   30          -    0.00021      -  31.3  435s
 1938197 500061    0.00021   91   41          -    0.00021      -  31.3  440s
 1960910 504046    0.00131   88   44          -    0.00021      -  31.3  445s
 1984714 509705    0.00021   68   41          -    0.00021      -  31.3  450s
 2014703 516488 infeasible   74               -    0.00021      -  31.2  455s
 2043828 522749 infeasible   77               -    0.00021      -  31.1  460s
 2071176 527756 infeasible   93               -    0.00021      -  31.0  465s
 2091056 532590    0.00779   53   40          -    0.00021      -  31.0  470s
 2111456 537889    0.00021   82   53          -    0.00021      -  31.1  475s
 2134899 542884    0.00070   88   30          -    0.00021      -  31.0  480s
 2158585 548232 infeasible   80               -    0.00021      -  31.0  485s
 2181903 552900 infeasible   75               -    0.00021      -  31.0  490s
 2206838 556916 infeasible   71               -    0.00021      -  31.0  495s
 2230862 561167 infeasible   91               -    0.00021      -  30.9  500s
 2255246 565470    0.00449   51   43          -    0.00021      -  30.9  505s
 2279680 569800    0.00079   88   41          -    0.00021      -  30.9  510s
 2305759 575088    0.00094   90   54          -    0.00021      -  30.8  515s
 2329950 580385 infeasible   79               -    0.00021      -  30.8  520s
 2353384 586132    0.00021   78   30          -    0.00021      -  30.8  525s
 2376811 591532    0.00126   78   54          -    0.00021      -  30.8  530s
 2401850 597832    0.00142   79   42          -    0.00021      -  30.8  535s
 2426162 603994    0.00032   89   30          -    0.00021      -  30.7  540s
 2450715 610470    0.00021   69   39          -    0.00021      -  30.7  545s
 2472532 616246    0.00055   70   45          -    0.00021      -  30.7  550s
 2496307 622801    0.00124   86   53          -    0.00021      -  30.7  555s
 2524323 628722    0.00021   84   38          -    0.00021      -  30.7  560s
 2550794 633251    0.00021   76   43          -    0.00021      -  30.6  565s
 2579123 638199 infeasible   75               -    0.00021      -  30.6  570s
 2603164 642765    0.00155   83   33          -    0.00021      -  30.5  575s
 2630907 648258    0.00021   85   44          -    0.00021      -  30.5  580s
 2657656 652320 infeasible   80               -    0.00021      -  30.4  585s
 2682631 657006 infeasible   90               -    0.00021      -  30.4  590s
 2708904 661898    0.00037   75   43          -    0.00021      -  30.4  595s
 2735156 666477    0.00021   76   39          -    0.00021      -  30.3  600s
 2762437 670555    0.00053   87   48          -    0.00021      -  30.3  605s
 2786480 675782    0.00087   67   45          -    0.00021      -  30.3  610s
 2812519 680871    0.00098   75   26          -    0.00021      -  30.2  615s
 2839261 687168    0.00062   79   41          -    0.00021      -  30.2  620s
 2865489 691562    0.00030   77   44          -    0.00021      -  30.2  625s
 2890283 695815 infeasible   89               -    0.00021      -  30.2  630s
 2916586 700490 infeasible   83               -    0.00021      -  30.2  635s
 2941589 705163 infeasible   89               -    0.00021      -  30.2  640s
 2967338 710835    0.00021   58   49          -    0.00021      -  30.2  645s
 2995167 716644    0.00021   64   49          -    0.00021      -  30.1  650s
 3023575 722436 infeasible   72               -    0.00021      -  30.1  655s
 3050750 727257 infeasible   74               -    0.00021      -  30.0  660s
 3077855 733008    0.00021   80   38          -    0.00021      -  30.0  665s
 3102883 738073    0.00021   80   47          -    0.00021      -  30.0  670s
 3129859 743544 infeasible   99               -    0.00021      -  30.0  675s
 3160153 751217 infeasible   95               -    0.00021      -  29.9  680s
 3188443 757460    0.00534  110   32          -    0.00021      -  29.9  685s
 3212812 763765    0.00057   77   33          -    0.00021      -  29.8  690s
 3241067 769597 infeasible   72               -    0.00021      -  29.8  695s
 3265589 774263    0.00095   65   33          -    0.00021      -  29.8  700s
 3282161 778503    0.05742   85   42          -    0.00021      -  29.8  705s
 3300525 782216    0.00082   80   54          -    0.00021      -  29.8  710s
 3323076 786487    0.00136   72   54          -    0.00021      -  29.9  715s
 3350095 791750 infeasible   73               -    0.00021      -  29.9  720s
 3372687 796805 infeasible   78               -    0.00021      -  29.9  725s
 3397663 801718 infeasible   83               -    0.00021      -  29.9  730s
 3420150 806194 infeasible   80               -    0.00021      -  29.9  735s
 3442069 810898    0.00021   67   48          -    0.00021      -  29.9  740s
 3468394 817160 infeasible   77               -    0.00021      -  29.9  745s
 3492299 822208    0.00084   80   36          -    0.00021      -  29.9  750s
 3517974 827369    0.00027   86   41          -    0.00021      -  29.9  755s
 3542713 832501    0.00338   87   32          -    0.00021      -  29.9  760s
 3568077 837177 infeasible   80               -    0.00021      -  29.9  765s
 3592820 842237 infeasible   93               -    0.00021      -  29.9  770s
 3618118 846875 infeasible   89               -    0.00021      -  29.9  775s
 3641421 852204    0.00421   41   44          -    0.00021      -  29.9  780s
 3660772 856623 infeasible   73               -    0.00021      -  29.9  785s
 3682351 861594    0.00021   62   41          -    0.00021      -  29.9  790s
 3700985 866395 infeasible   60               -    0.00021      -  29.9  795s
 3723297 871044 infeasible  103               -    0.00021      -  29.9  800s
 3747919 876541    0.00021   59   32          -    0.00021      -  29.9  805s
 3768335 881047 infeasible   81               -    0.00021      -  29.9  810s
 3787597 885234    0.00021   60   36          -    0.00021      -  29.9  815s
 3810314 891461    0.00512   60   30          -    0.00021      -  29.9  820s
 3832433 896231 infeasible   92               -    0.00021      -  29.9  825s
 3853054 901619    0.00028   78   47          -    0.00021      -  29.9  830s
 3871801 906019 infeasible   59               -    0.00021      -  30.0  835s
 3892232 910902    0.00021   89   40          -    0.00021      -  30.0  840s
 3912838 915223    0.00021   60   55          -    0.00021      -  30.0  845s
 3931960 920119    0.00021   56   50          -    0.00021      -  30.0  850s
 3954061 925792    0.00021   60   52          -    0.00021      -  30.0  855s
 3977233 930953    0.00106   72   43          -    0.00021      -  30.0  860s
 3999997 935415 infeasible   96               -    0.00021      -  30.0  865s
 4022217 940104 infeasible   51               -    0.00021      -  30.1  870s
 4045366 944851 infeasible   72               -    0.00021      -  30.1  875s
 4067134 950059 infeasible   58               -    0.00021      -  30.1  880s
 4091134 956508    0.00270  105   36          -    0.00021      -  30.1  885s
 4116906 963653 infeasible   71               -    0.00021      -  30.1  890s
 4140415 969148 infeasible   93               -    0.00021      -  30.1  895s
 4163752 975007    0.00051   82   33          -    0.00021      -  30.1  900s
 4187784 980522    0.00087   85   35          -    0.00021      -  30.1  905s
 4208617 985561    0.00029   60   56          -    0.00021      -  30.2  910s
 4232473 991953    0.00084   56   46          -    0.00021      -  30.2  915s
 4256021 997054 infeasible   57               -    0.00021      -  30.2  920s
 4278547 1002049 infeasible   62               -    0.00021      -  30.2  925s
 4300013 1007296    0.00022   61   48          -    0.00021      -  30.2  930s
 4322364 1014139    0.00024   63   48          -    0.00021      -  30.2  935s
 4345099 1019968 infeasible   62               -    0.00021      -  30.2  940s
 4371507 1027501 infeasible   71               -    0.00021      -  30.2  945s
 4397711 1035537    0.00021   49   41          -    0.00021      -  30.2  950s
 4419809 1042326 infeasible   64               -    0.00021      -  30.2  955s
 4445717 1049881    0.00021   55   39          -    0.00021      -  30.2  960s
 4468297 1057361 infeasible   70               -    0.00021      -  30.2  965s
 4495375 1065580    0.00021   51   53          -    0.00021      -  30.2  970s
 4518730 1072394    0.00080   82   38          -    0.00021      -  30.2  975s
 4539067 1077514    0.00098   62   42          -    0.00021      -  30.2  980s
 4566362 1085399    0.00299   59   29          -    0.00021      -  30.2  985s
 4595390 1093591 infeasible   75               -    0.00021      -  30.1  990s
 4615131 1097771 infeasible   58               -    0.00021      -  30.1  995s
 4635086 1102053    0.00189   75   53          -    0.00021      -  30.2 1000s
 4661692 1110066    0.00033   56   44          -    0.00021      -  30.2 1005s
 4684734 1115512 infeasible   72               -    0.00021      -  30.1 1010s
 4708536 1121071    0.00021   77   52          -    0.00021      -  30.1 1015s
 4730343 1126128    0.00021   69   56          -    0.00021      -  30.1 1020s
 4751056 1130449    0.00087   68   48          -    0.00021      -  30.1 1025s
 4776295 1137451    0.00021   72   51          -    0.00021      -  30.1 1030s
 4797650 1141944    0.00449   71   50          -    0.00021      -  30.1 1035s
 4817317 1145775    0.00021   60   39          -    0.00021      -  30.1 1040s
 4835630 1150852    0.00021   48   50          -    0.00021      -  30.1 1045s
 4854359 1155509    0.00084   63   50          -    0.00021      -  30.1 1050s
 4876902 1161791    0.00491   63   44          -    0.00021      -  30.2 1055s
 4897650 1166695    0.00458   83   29          -    0.00021      -  30.2 1060s
 4917077 1171388    0.00084   77   48          -    0.00021      -  30.2 1065s
 4939900 1176846 infeasible   75               -    0.00021      -  30.2 1070s
 4960967 1182208    0.00161   70   45          -    0.00021      -  30.3 1075s
 4984399 1188188    0.00021   50   55          -    0.00021      -  30.3 1080s
 5008237 1193986 infeasible   82               -    0.00021      -  30.3 1085s
 5028568 1198923    0.00021   57   46          -    0.00021      -  30.3 1090s
 5052206 1203962    0.00021   71   54          -    0.00021      -  30.3 1095s
 5075388 1208193    0.00021   49   52          -    0.00021      -  30.3 1100s
 5099210 1213323    0.00021   83   45          -    0.00021      -  30.3 1105s
 5119414 1218711    0.00300   86   41          -    0.00021      -  30.3 1110s
 5142510 1223124    0.00027   63   47          -    0.00021      -  30.3 1115s
 5163982 1228598    0.00511   67   39          -    0.00021      -  30.3 1120s
 5189224 1234770 infeasible   78               -    0.00021      -  30.3 1125s
 5213007 1240499    0.00021   65   45          -    0.00021      -  30.3 1130s
 5232516 1244980 infeasible   63               -    0.00021      -  30.3 1135s
 5253925 1250300    0.00021   56   56          -    0.00021      -  30.4 1140s
 5279836 1256524    0.00512   75   35          -    0.00021      -  30.4 1145s
 5303169 1262431    0.00084   57   39          -    0.00021      -  30.4 1150s
 5326334 1268074 infeasible   64               -    0.00021      -  30.4 1155s
 5351796 1274512 infeasible   44               -    0.00021      -  30.4 1160s
 5372588 1279105    0.00021   58   49          -    0.00021      -  30.4 1165s
 5391161 1282618    0.00181   71   44          -    0.00021      -  30.4 1170s
 5415412 1286419    0.00021   76   51          -    0.00021      -  30.4 1175s
 5437747 1289839 infeasible   83               -    0.00021      -  30.4 1180s
 5459843 1292922    0.00051   67   54          -    0.00021      -  30.5 1185s
 5488221 1299626    0.00021   68   48          -    0.00021      -  30.4 1190s
 5519510 1304425    0.00021   73   37          -    0.00021      -  30.4 1195s
 5545684 1308352    0.00021   79   52          -    0.00021      -  30.4 1200s
 5573212 1312807 infeasible   87               -    0.00021      -  30.3 1205s
 5601225 1317194 infeasible   85               -    0.00021      -  30.3 1210s
 5627516 1322536 infeasible   77               -    0.00021      -  30.3 1215s
 5653818 1329316    0.00371   92   36          -    0.00021      -  30.3 1220s
 5676535 1334942 infeasible   76               -    0.00021      -  30.3 1225s
 5700944 1340246    0.00084   60   39          -    0.00021      -  30.3 1230s
 5726567 1346123    0.00246   85   27          -    0.00021      -  30.3 1235s
 5748542 1352784    0.00255   69   28          -    0.00021      -  30.3 1240s
 5771751 1358721    0.00052   63   45          -    0.00021      -  30.3 1245s
 5797516 1365027 infeasible   99               -    0.00021      -  30.3 1250s
 5820594 1370387    0.00495   62   37          -    0.00021      -  30.4 1255s
 5846807 1376284 infeasible   71               -    0.00021      -  30.3 1260s
 5874439 1381813 infeasible  118               -    0.00021      -  30.3 1265s
 5903193 1386628    0.00727   87   54          -    0.00021      -  30.3 1270s
 5931595 1392641 infeasible   80               -    0.00021      -  30.3 1275s
 5959984 1398474 infeasible   81               -    0.00021      -  30.2 1280s
 5988635 1403333 infeasible   88               -    0.00021      -  30.2 1285s
 6015479 1406301 infeasible   81               -    0.00021      -  30.2 1290s
 6037620 1412905    0.00085   74   45          -    0.00021      -  30.2 1295s
 6060981 1419287    0.00267   70   34          -    0.00021      -  30.2 1300s
 6082965 1425698 infeasible   90               -    0.00021      -  30.2 1305s
 6103957 1430682 infeasible   85               -    0.00021      -  30.2 1310s
 6124114 1434925    0.00021   62   53          -    0.00021      -  30.2 1315s
 6145448 1440221    0.00136   59   29          -    0.00021      -  30.2 1320s
 6165475 1446808    0.00565   76   42          -    0.00021      -  30.2 1325s
 6187677 1455370    0.00209   80   28          -    0.00021      -  30.2 1330s
 6210140 1463025    0.00154   71   37          -    0.00021      -  30.2 1335s
 6234163 1468773    0.00084   72   28          -    0.00021      -  30.2 1340s
 6257931 1474215    0.00084   60   38          -    0.00021      -  30.2 1345s
 6280856 1480257 infeasible   90               -    0.00021      -  30.1 1350s
 6302914 1485274    0.00340   55   47          -    0.00021      -  30.1 1355s
 6327310 1491428    0.00021   65   42          -    0.00021      -  30.1 1360s
 6350059 1497400    0.00021   41   41          -    0.00021      -  30.1 1365s
 6370928 1502858 infeasible   90               -    0.00021      -  30.1 1370s
 6397734 1508108    0.00039   64   36          -    0.00021      -  30.1 1375s
 6421126 1514748    0.00021   85   37          -    0.00021      -  30.1 1380s
 6447117 1521377 infeasible   84               -    0.00021      -  30.1 1385s
 6471798 1527224    0.00152   89   28          -    0.00021      -  30.1 1390s
 6494362 1532773    0.00095   83   26          -    0.00021      -  30.1 1395s
 6515983 1539531    0.00084   72   42          -    0.00021      -  30.1 1400s
 6538480 1545749 infeasible   81               -    0.00021      -  30.1 1405s
 6563688 1553449    0.00084   69   33          -    0.00021      -  30.1 1410s
 6587510 1559881 infeasible   65               -    0.00021      -  30.1 1415s
 6612312 1565323    0.00024   51   57          -    0.00021      -  30.1 1420s
 6638861 1571272    0.00084   74   39          -    0.00021      -  30.1 1425s
 6665765 1578029    0.00021   69   38          -    0.00021      -  30.1 1430s
 6693694 1584906 infeasible   86               -    0.00021      -  30.1 1435s
 6721595 1592470    0.00422   59   34          -    0.00021      -  30.1 1440s
 6748926 1599983    0.00021   73   56          -    0.00021      -  30.1 1445s
 6777272 1607220    0.00515   43   42          -    0.00021      -  30.1 1450s
 6805552 1615587    0.00021   68   43          -    0.00021      -  30.0 1455s
 6831422 1621375    0.00068   84   53          -    0.00021      -  30.0 1460s
 6856645 1627273    0.00021   67   41          -    0.00021      -  30.0 1465s
 6883028 1634113    0.00021   71   45          -    0.00021      -  30.0 1470s
 6909131 1640952    0.00021   60   49          -    0.00021      -  30.0 1475s
 6933730 1647247    0.00021   65   58          -    0.00021      -  30.0 1480s
 6959132 1653489    0.00021   84   45          -    0.00021      -  30.0 1485s
 6980585 1658348    0.00082   94   54          -    0.00021      -  30.0 1490s
 7001905 1662636    0.00056   61   35          -    0.00021      -  30.1 1495s
 7024028 1666369    0.00021   81   42          -    0.00021      -  30.1 1500s
 7044784 1671103 infeasible   80               -    0.00021      -  30.1 1505s
 7068312 1677883    0.00101   71   25          -    0.00021      -  30.1 1510s
 7093827 1684902    0.00130   81   32          -    0.00021      -  30.1 1515s
 7116676 1691604    0.00084   76   39          -    0.00021      -  30.1 1520s
 7137717 1696644    0.00421   48   44          -    0.00021      -  30.1 1525s
 7161940 1702656    0.00231   53   41          -    0.00021      -  30.1 1530s
 7183000 1708842 infeasible   57               -    0.00021      -  30.1 1535s
 7206679 1715520    0.00122   75   50          -    0.00021      -  30.1 1540s
 7227297 1719583    0.00021   59   41          -    0.00021      -  30.1 1545s
 7248830 1723954    0.00021   66   39          -    0.00021      -  30.1 1550s
 7269899 1730483 infeasible   63               -    0.00021      -  30.1 1555s
 7293065 1736410 infeasible   73               -    0.00021      -  30.1 1560s
 7313186 1741854    0.00021   72   53          -    0.00021      -  30.2 1565s
 7337633 1747190 infeasible   78               -    0.00021      -  30.2 1570s
 7359490 1754337    0.00053   86   43          -    0.00021      -  30.2 1575s
 7384438 1760391    0.00021   82   54          -    0.00021      -  30.2 1580s
 7406559 1766282    0.03077   74   40          -    0.00021      -  30.2 1585s
 7426232 1772557 infeasible   79               -    0.00021      -  30.2 1590s
 7446618 1778231    0.00108   71   41          -    0.00021      -  30.2 1595s
 7469088 1783975    0.00021   63   47          -    0.00021      -  30.2 1600s
 7493557 1789888    0.00047   80   50          -    0.00021      -  30.2 1605s
 7516207 1794735    0.00449   73   49          -    0.00021      -  30.2 1610s
 7539360 1799434 infeasible  107               -    0.00021      -  30.2 1615s
 7562247 1804113    0.00021   62   48          -    0.00021      -  30.2 1620s
 7583967 1810057    0.00222  104   49          -    0.00021      -  30.2 1625s
 7606280 1815312 infeasible   66               -    0.00021      -  30.2 1630s
 7630729 1819797 infeasible   58               -    0.00021      -  30.2 1635s
 7656167 1825063    0.00280  105   34          -    0.00021      -  30.2 1640s
 7684156 1832734    0.00204  108   47          -    0.00021      -  30.2 1645s
 7710286 1838352    0.00021   51   49          -    0.00021      -  30.2 1650s
 7734756 1845467    0.00100   65   43          -    0.00021      -  30.2 1655s
 7756305 1850728 infeasible   74               -    0.00021      -  30.2 1660s
 7777322 1855503    0.00021   73   47          -    0.00021      -  30.2 1665s
 7801419 1860703    0.00315   65   37          -    0.00021      -  30.2 1670s
 7824122 1866563    0.00021   58   56          -    0.00021      -  30.2 1675s
 7847214 1873293    0.00046   65   62          -    0.00021      -  30.2 1680s
 7870359 1880067    0.00203   94   33          -    0.00021      -  30.2 1685s
 7886486 1884555    0.00448   69   59          -    0.00021      -  30.2 1690s
 7906124 1889020 infeasible   46               -    0.00021      -  30.2 1695s
 7932099 1895393    0.00033   76   48          -    0.00021      -  30.2 1700s
 7958071 1902476 infeasible   73               -    0.00021      -  30.2 1705s
 7984834 1908865 infeasible   64               -    0.00021      -  30.2 1710s
 8011800 1913186    0.00022   70   54          -    0.00021      -  30.2 1715s
 8033454 1917899    0.00029   70   41          -    0.00021      -  30.2 1720s
 8056831 1923350    0.00036   66   51          -    0.00021      -  30.2 1725s
 8076980 1927875    0.00021   59   47          -    0.00021      -  30.2 1730s
 8099418 1932409    0.00042   92   40          -    0.00021      -  30.2 1735s
 8123341 1938244 infeasible   88               -    0.00021      -  30.2 1740s
 8147115 1944408    0.00320   58   42          -    0.00021      -  30.2 1745s
 8166201 1949025 infeasible   50               -    0.00021      -  30.2 1750s
H8184206 1042895                       0.0008938    0.00021  77.0%  30.2 1755s
 8196510 1044125 infeasible   47         0.00089    0.00021  77.0%  30.2 1760s
 8201945 1044583     cutoff   55         0.00089    0.00021  77.0%  30.2 1765s
 8207241 1044740     cutoff   51         0.00089    0.00021  77.0%  30.2 1770s
 8215611 1045802    0.00084   49   37    0.00089    0.00021  77.0%  30.2 1775s
 8222908 1046834     cutoff   51         0.00089    0.00021  77.0%  30.2 1781s
 8231845 1047591    0.00021   44   50    0.00089    0.00021  77.0%  30.2 1785s
H8236599 1042178                       0.0008868    0.00021  76.8%  30.2 1786s
H8238712 1042291                       0.0008868    0.00021  76.8%  30.2 1786s
 8245617 1042510 infeasible   47         0.00089    0.00021  76.8%  30.2 1790s
 8258699 1042706     cutoff   44         0.00089    0.00021  76.8%  30.2 1795s
H8262046 1042924                       0.0008868    0.00021  76.8%  30.2 1796s
H8263823 1031170                       0.0008748    0.00021  76.5%  30.2 1797s
 8268347 1031348    0.00084   47   37    0.00087    0.00021  76.5%  30.2 1800s
H8270712 1031347                       0.0008748    0.00021  76.5%  30.2 1801s
 8278975 1031600    0.00021   53   39    0.00087    0.00021  76.5%  30.2 1805s
 8292449 1031996     cutoff   44         0.00087    0.00021  76.5%  30.3 1810s
 8308235 1032856    0.00084   74   35    0.00087    0.00021  76.5%  30.3 1815s
 8321829 1033852    0.00021   56   46    0.00087    0.00021  76.5%  30.3 1820s
 8337188 1034370    0.00021   40   41    0.00087    0.00021  76.5%  30.3 1825s
 8350822 1036117 infeasible   72         0.00087    0.00021  76.5%  30.3 1830s
 8369033 1037725    0.00075   89   42    0.00087    0.00021  76.5%  30.3 1835s
H8373373 1038079                       0.0008748    0.00021  76.5%  30.3 1837s
H8381554 1011167                       0.0008553    0.00021  75.9%  30.2 1840s
H8383115 1011165                       0.0008553    0.00021  75.9%  30.2 1841s
H8385222 1011598                       0.0008553    0.00021  75.9%  30.2 1842s
H8385999 1011594                       0.0008553    0.00021  75.9%  30.2 1842s
H8387415 953386                       0.0008374    0.00021  75.4%  30.2 1843s
 8390402 953756    0.00021   47   37    0.00084    0.00021  75.4%  30.2 1845s
 8403678 954931    0.00084   87   26    0.00084    0.00021  75.4%  30.2 1850s
 8417619 955826    0.00021   55   37    0.00084    0.00021  75.4%  30.2 1855s
 8432174 956702    0.00021   61   56    0.00084    0.00021  75.4%  30.2 1860s
 8444515 957482    0.00023   66   54    0.00084    0.00021  75.4%  30.2 1865s
 8459473 958242    0.00021   60   44    0.00084    0.00021  75.4%  30.2 1870s
 8471709 959569    0.00082   67   47    0.00084    0.00021  75.4%  30.2 1875s
 8482933 961054    0.00023   55   49    0.00084    0.00021  75.4%  30.3 1880s
 8494619 962386     cutoff   73         0.00084    0.00021  75.4%  30.3 1885s
 8505924 963340     cutoff   69         0.00084    0.00021  75.4%  30.3 1890s
 8519218 965328    0.00021   75   57    0.00084    0.00021  75.4%  30.3 1895s
 8532686 966497     cutoff   53         0.00084    0.00021  75.4%  30.3 1900s
 8545553 967811    0.00021   54   49    0.00084    0.00021  75.4%  30.3 1905s
 8555964 968400     cutoff   56         0.00084    0.00021  75.4%  30.3 1910s
 8568440 969407    0.00021   71   53    0.00084    0.00021  75.4%  30.3 1915s
 8581916 969906    0.00021   58   52    0.00084    0.00021  75.4%  30.3 1920s
 8594247 970504     cutoff   62         0.00084    0.00021  75.4%  30.3 1925s
 8607506 970969    0.00023   60   37    0.00084    0.00021  75.4%  30.3 1931s
 8619004 971361 infeasible   65         0.00084    0.00021  75.4%  30.3 1935s
 8629894 972045    0.00025   62   56    0.00084    0.00021  75.4%  30.4 1940s
 8641630 973367    0.00025   77   45    0.00084    0.00021  75.4%  30.4 1945s
 8653449 974589    0.00027   82   39    0.00084    0.00021  75.4%  30.4 1950s
 8665381 975873 infeasible   76         0.00084    0.00021  75.4%  30.4 1955s
 8677742 976797    0.00022   66   41    0.00084    0.00021  75.4%  30.4 1960s
 8690408 978255    0.00021   79   52    0.00084    0.00021  75.4%  30.4 1965s
 8704530 979554     cutoff   85         0.00084    0.00021  75.4%  30.4 1970s
 8715875 979832    0.00021   74   39    0.00084    0.00021  75.4%  30.4 1975s
 8729703 980183    0.00084   74   37    0.00084    0.00021  75.4%  30.4 1980s
H8736911 980407                       0.0008374    0.00021  75.4%  30.4 1982s
 8741920 980521    0.00045   66   50    0.00084    0.00021  75.4%  30.4 1985s
 8754226 981108 infeasible   69         0.00084    0.00021  75.4%  30.4 1990s
 8767973 981941 infeasible   72         0.00084    0.00021  75.4%  30.4 1995s
 8778115 983210    0.00042   68   43    0.00084    0.00021  75.4%  30.4 2000s
 8791236 986321     cutoff   67         0.00084    0.00021  75.4%  30.4 2005s
 8805105 988810    0.00021   60   47    0.00084    0.00021  75.4%  30.4 2010s
 8816379 990221    0.00021   48   38    0.00084    0.00021  75.4%  30.4 2015s
 8827997 991248    0.00023   62   45    0.00084    0.00021  75.4%  30.4 2020s
 8841285 991717    0.00021   72   57    0.00084    0.00021  75.4%  30.4 2025s
 8853482 992239    0.00021   52   55    0.00084    0.00021  75.4%  30.5 2030s
 8867016 992787 infeasible   62         0.00084    0.00021  75.4%  30.5 2035s
 8881081 994771    0.00024   70   52    0.00084    0.00021  75.4%  30.5 2040s
 8891934 996587    0.00021   55   44    0.00084    0.00021  75.4%  30.5 2045s
 8903575 997743 infeasible   48         0.00084    0.00021  75.4%  30.5 2050s
 8916017 998754     cutoff   45         0.00084    0.00021  75.4%  30.5 2055s
 8930921 1000851     cutoff   64         0.00084    0.00021  75.4%  30.5 2060s
 8943256 1002269    0.00021   69   41    0.00084    0.00021  75.4%  30.5 2065s
 8957961 1003020    0.00021   67   44    0.00084    0.00021  75.4%  30.5 2070s
 8971224 1003475    0.00021   63   45    0.00084    0.00021  75.4%  30.5 2075s
 8982224 1004019     cutoff   70         0.00084    0.00021  75.4%  30.5 2080s
 8993122 1004324    0.00021   52   46    0.00084    0.00021  75.4%  30.5 2085s
 9006081 1005122    0.00040   65   54    0.00084    0.00021  75.4%  30.5 2090s
 9018868 1007569 infeasible   69         0.00084    0.00021  75.4%  30.5 2095s
 9033686 1009866    0.00021   66   54    0.00084    0.00021  75.4%  30.5 2100s
 9047232 1011434    0.00035   76   56    0.00084    0.00021  75.4%  30.5 2105s
 9059624 1013587     cutoff   81         0.00084    0.00021  75.4%  30.5 2110s
H9071989 1015708                       0.0008374    0.00021  75.4%  30.5 2114s
H9073435 845618                       0.0008351    0.00021  75.4%  30.5 2115s
 9086766 847758    0.00021   83   45    0.00084    0.00021  75.4%  30.4 2120s
 9100756 849473     cutoff   27         0.00084    0.00021  75.4%  30.4 2125s
 9113905 850650    0.00023   62   59    0.00084    0.00021  75.4%  30.4 2130s
 9130660 852979 infeasible   60         0.00084    0.00021  75.4%  30.4 2135s
 9143975 855041     cutoff   58         0.00084    0.00021  75.4%  30.4 2140s
 9159707 856385    0.00021   58   49    0.00084    0.00021  75.4%  30.4 2145s
 9172113 857096    0.00022   69   42    0.00084    0.00021  75.4%  30.4 2150s
 9187927 860449    0.00037   60   41    0.00084    0.00021  75.4%  30.4 2155s
 9202001 863482     cutoff   54         0.00084    0.00021  75.4%  30.4 2160s
 9213824 865706     cutoff   54         0.00084    0.00021  75.4%  30.4 2165s
 9226794 866832    0.00021   67   53    0.00084    0.00021  75.4%  30.4 2170s
 9240459 868070     cutoff   46         0.00084    0.00021  75.4%  30.4 2175s
 9253335 868792    0.00021   52   40    0.00084    0.00021  75.4%  30.4 2180s
 9266284 869624    0.00021   60   43    0.00084    0.00021  75.4%  30.4 2185s
 9278641 870710    0.00039   69   27    0.00084    0.00021  75.4%  30.4 2190s
 9289741 871216    0.00021   54   44    0.00084    0.00021  75.4%  30.4 2195s
 9301676 871627     cutoff   69         0.00084    0.00021  75.4%  30.4 2200s
 9314978 872177    0.00021   56   48    0.00084    0.00021  75.4%  30.4 2205s
 9328484 872713 infeasible   71         0.00084    0.00021  75.4%  30.4 2210s
 9342546 873612 infeasible   51         0.00084    0.00021  75.4%  30.4 2215s
 9360000 875282     cutoff   67         0.00084    0.00021  75.4%  30.4 2220s
 9373834 876593    0.00054   68   41    0.00084    0.00021  75.4%  30.4 2225s
 9386352 877312 infeasible   54         0.00084    0.00021  75.4%  30.4 2230s
 9400020 877918     cutoff   68         0.00084    0.00021  75.4%  30.4 2235s
 9411631 878946    0.00062   53   48    0.00084    0.00021  75.4%  30.4 2240s
 9423142 880248    0.00024   80   48    0.00084    0.00021  75.4%  30.4 2245s
 9437139 881189    0.00021   53   45    0.00084    0.00021  75.4%  30.4 2250s
 9452577 882274    0.00021   59   53    0.00084    0.00021  75.4%  30.4 2255s
 9464025 883596    0.00038   62   44    0.00084    0.00021  75.4%  30.4 2260s
 9476408 885337     cutoff   63         0.00084    0.00021  75.4%  30.4 2265s
 9488377 887671    0.00074   74   42    0.00084    0.00021  75.4%  30.4 2270s
 9502866 891030    0.00021   68   45    0.00084    0.00021  75.4%  30.4 2275s
 9515579 892820     cutoff   64         0.00084    0.00021  75.4%  30.4 2280s
 9529163 894537     cutoff   86         0.00084    0.00021  75.4%  30.4 2285s
 9540551 896633    0.00037   72   57    0.00084    0.00021  75.4%  30.4 2290s
 9554225 898702 infeasible   90         0.00084    0.00021  75.4%  30.4 2295s
 9566903 899667 infeasible   64         0.00084    0.00021  75.4%  30.4 2300s
 9580914 900542 infeasible   73         0.00084    0.00021  75.4%  30.4 2305s
 9593448 901701    0.00021   63   52    0.00084    0.00021  75.4%  30.4 2310s
 9608751 903627    0.00037   80   41    0.00084    0.00021  75.4%  30.4 2315s
 9624954 904718     cutoff   89         0.00084    0.00021  75.4%  30.4 2321s
 9636451 905293    0.00021   77   42    0.00084    0.00021  75.4%  30.4 2325s
 9649208 906288    0.00023   74   41    0.00084    0.00021  75.4%  30.4 2330s
 9664900 908155     cutoff  100         0.00084    0.00021  75.4%  30.4 2335s
 9681148 909416    0.00021   86   43    0.00084    0.00021  75.4%  30.3 2340s
 9697384 910798 infeasible  110         0.00084    0.00021  75.4%  30.3 2345s
 9710534 911658    0.00022   86   34    0.00084    0.00021  75.4%  30.3 2350s
 9727801 912916    0.00021   71   51    0.00084    0.00021  75.4%  30.3 2355s
 9740912 913548 infeasible   87         0.00084    0.00021  75.4%  30.3 2360s
 9756702 914299    0.00021   83   54    0.00084    0.00021  75.4%  30.3 2365s
 9771355 915776    0.00021   65   45    0.00084    0.00021  75.4%  30.3 2370s
 9785169 917133    0.00021   85   38    0.00084    0.00021  75.4%  30.3 2375s
 9798697 918323    0.00021   89   46    0.00084    0.00021  75.4%  30.3 2380s
 9814642 919421    0.00041   95   54    0.00084    0.00021  75.4%  30.2 2385s
 9828050 919859    0.00021   73   42    0.00084    0.00021  75.4%  30.2 2390s
 9845088 920931    0.00021   74   43    0.00084    0.00021  75.4%  30.2 2395s
 9858191 921794 infeasible   92         0.00084    0.00021  75.4%  30.2 2400s
 9873283 922591    0.00021   82   43    0.00084    0.00021  75.4%  30.2 2405s
 9890122 924490    0.00027   82   43    0.00084    0.00021  75.4%  30.2 2410s
 9904573 925567     cutoff   93         0.00084    0.00021  75.4%  30.2 2415s
 9922647 926738     cutoff   94         0.00084    0.00021  75.4%  30.2 2420s
 9939559 927675    0.00056   94   43    0.00084    0.00021  75.4%  30.1 2425s
 9954907 928699 infeasible   82         0.00084    0.00021  75.4%  30.1 2430s
 9967729 929233    0.00022   67   53    0.00084    0.00021  75.4%  30.1 2435s
 9981621 930346     cutoff   61         0.00084    0.00021  75.4%  30.1 2440s
 9998570 932053    0.00035   92   32    0.00084    0.00021  75.4%  30.1 2445s
 10010153 933381    0.00064   84   54    0.00084    0.00021  75.4%  30.1 2450s
 10027944 935246    0.00021   69   52    0.00084    0.00021  75.4%  30.1 2455s
 10040084 936825    0.00058   93   43    0.00084    0.00021  75.4%  30.1 2460s
 10055956 938391     cutoff   87         0.00084    0.00021  75.4%  30.1 2465s
 10070261 939449    0.00075   97   41    0.00084    0.00021  75.4%  30.1 2470s
 10082353 940790    0.00021   78   51    0.00084    0.00021  75.4%  30.0 2475s
 10100525 942228    0.00021   83   43    0.00084    0.00021  75.4%  30.0 2480s
 10113363 943578 infeasible   82         0.00084    0.00021  75.4%  30.0 2485s
 10126927 944933    0.00021   79   45    0.00084    0.00021  75.4%  30.0 2490s
 10139630 946335     cutoff   83         0.00084    0.00021  75.4%  30.0 2495s
 10153893 947673     cutoff   77         0.00084    0.00021  75.4%  30.0 2500s
 10168791 948512    0.00038   67   54    0.00084    0.00021  75.4%  30.0 2505s
 10180630 949438    0.00021   68   46    0.00084    0.00021  75.4%  30.0 2510s
 10192172 950379    0.00029   74   45    0.00084    0.00021  75.4%  30.0 2515s
 10206021 952400     cutoff   75         0.00084    0.00021  75.4%  30.0 2520s
 10219134 954260    0.00021   79   45    0.00084    0.00021  75.4%  30.0 2525s
 10233086 955912    0.00022   79   55    0.00084    0.00021  75.4%  30.0 2530s
 10244644 957216    0.00040   74   55    0.00084    0.00021  75.4%  30.0 2535s
 10257645 958898 infeasible   78         0.00084    0.00021  75.4%  30.0 2540s
 10270671 960063    0.00068   86   43    0.00084    0.00021  75.4%  30.0 2545s
 10283785 961178    0.00022   83   57    0.00084    0.00021  75.4%  30.0 2550s
 10294772 962329    0.00026   75   46    0.00084    0.00021  75.4%  30.0 2555s
 10307839 963941    0.00021   81   53    0.00084    0.00021  75.4%  30.0 2560s
 10321304 965538     cutoff   83         0.00084    0.00021  75.4%  30.0 2565s
 10333074 966594     cutoff   60         0.00084    0.00021  75.4%  30.0 2570s
 10346279 967896    0.00021   68   56    0.00084    0.00021  75.4%  30.0 2575s
 10357445 969253    0.00021   85   32    0.00084    0.00021  75.4%  30.0 2580s
 10371210 971096     cutoff   82         0.00084    0.00021  75.4%  30.0 2585s
 10387119 972654    0.00035   90   43    0.00084    0.00021  75.4%  30.0 2590s
 10399236 973602     cutoff   91         0.00084    0.00021  75.4%  29.9 2595s
 10411821 975189    0.00044   94   32    0.00084    0.00021  75.4%  29.9 2600s
 10427088 976322    0.00023   93   40    0.00084    0.00021  75.4%  29.9 2605s
 10438504 977986    0.00069   96   30    0.00084    0.00021  75.4%  29.9 2610s
 10453191 979270    0.00039   83   34    0.00084    0.00021  75.4%  29.9 2615s
 10466617 980601    0.00050   77   44    0.00084    0.00021  75.4%  29.9 2620s
 10477986 981479     cutoff   88         0.00084    0.00021  75.4%  29.9 2625s
 10490640 982371 infeasible   52         0.00084    0.00021  75.4%  29.9 2630s
 10505027 983982    0.00070   81   45    0.00084    0.00021  75.4%  29.9 2635s
 10518373 984967 infeasible   83         0.00084    0.00021  75.4%  29.9 2640s
 10529912 985483     cutoff   87         0.00084    0.00021  75.4%  29.9 2645s
 10543978 986765    0.00023   74   54    0.00084    0.00021  75.4%  29.9 2650s
 10558692 987652    0.00021   74   45    0.00084    0.00021  75.4%  29.9 2655s
 10569668 988518     cutoff   92         0.00084    0.00021  75.4%  29.9 2660s
 10584458 990316 infeasible   72         0.00084    0.00021  75.4%  29.9 2665s
 10598266 991694     cutoff   55         0.00084    0.00021  75.4%  29.9 2670s
 10609516 993193     cutoff   85         0.00084    0.00021  75.4%  29.9 2675s
 10625468 995475 infeasible   67         0.00084    0.00021  75.4%  29.9 2680s
 10638350 997301    0.00021   58   42    0.00084    0.00021  75.4%  29.9 2685s
 10656493 999868    0.00021   68   45    0.00084    0.00021  75.4%  29.8 2690s
 10669295 1000758    0.00021   42   40    0.00084    0.00021  75.4%  29.8 2695s
 10682715 1001625     cutoff   64         0.00084    0.00021  75.4%  29.9 2700s
 10695606 1002456    0.00055   79   29    0.00084    0.00021  75.4%  29.9 2705s
 10707611 1003572    0.00040   61   41    0.00084    0.00021  75.4%  29.8 2710s
 10720546 1004672    0.00021   52   58    0.00084    0.00021  75.4%  29.8 2715s
 10732438 1005364    0.00021   59   53    0.00084    0.00021  75.4%  29.8 2720s
 10747604 1006594    0.00030   72   41    0.00084    0.00021  75.4%  29.8 2725s
 10760158 1007803    0.00021   57   60    0.00084    0.00021  75.4%  29.8 2730s
 10772959 1009799    0.00026   63   53    0.00084    0.00021  75.4%  29.8 2735s
 10785000 1012295    0.00021   59   49    0.00084    0.00021  75.4%  29.8 2740s
 10798505 1013946 infeasible   69         0.00084    0.00021  75.4%  29.8 2745s
 10812546 1015507    0.00021   38   56    0.00084    0.00021  75.4%  29.8 2750s
 10826995 1016756    0.00033   85   52    0.00084    0.00021  75.4%  29.8 2756s
 10839215 1018043    0.00021   63   45    0.00084    0.00021  75.4%  29.8 2760s
 10854032 1019143     cutoff   70         0.00084    0.00021  75.4%  29.8 2765s
 10868082 1020286 infeasible   61         0.00084    0.00021  75.4%  29.8 2770s
 10879124 1021314 infeasible   82         0.00084    0.00021  75.4%  29.8 2775s
 10891580 1022324    0.00021   64   45    0.00084    0.00021  75.4%  29.8 2780s
 10903249 1023319    0.00025   86   52    0.00084    0.00021  75.4%  29.8 2785s
 10916174 1024802     cutoff   63         0.00084    0.00021  75.4%  29.8 2790s
 10930764 1026640    0.00021   52   45    0.00084    0.00021  75.4%  29.8 2795s
 10946522 1028253    0.00021   51   39    0.00084    0.00021  75.4%  29.8 2801s
 10958405 1030098    0.00021   62   32    0.00084    0.00021  75.4%  29.8 2805s
 10970330 1032117 infeasible   74         0.00084    0.00021  75.4%  29.8 2810s
 10983416 1033668 infeasible   58         0.00084    0.00021  75.4%  29.8 2815s
 10998709 1034734     cutoff   84         0.00084    0.00021  75.4%  29.8 2820s
 11011857 1036008     cutoff   73         0.00084    0.00021  75.4%  29.8 2825s
 11028811 1037097     cutoff   61         0.00084    0.00021  75.4%  29.8 2830s
 11042622 1038125    0.00021   56   46    0.00084    0.00021  75.4%  29.8 2835s
 11060900 1040518     cutoff   74         0.00084    0.00021  75.4%  29.8 2840s
 11077635 1042678    0.00022   72   46    0.00084    0.00021  75.4%  29.8 2845s
 11092995 1044593    0.00021   69   37    0.00084    0.00021  75.4%  29.8 2850s
 11108052 1046278    0.00021   55   64    0.00084    0.00021  75.4%  29.7 2855s
 11121341 1047694    0.00021   79   43    0.00084    0.00021  75.4%  29.7 2860s
 11134549 1048738    0.00022   77   32    0.00084    0.00021  75.4%  29.7 2865s
 11149895 1049776 infeasible   71         0.00084    0.00021  75.4%  29.7 2870s
 11162534 1051040    0.00053   89   41    0.00084    0.00021  75.4%  29.7 2875s
 11175715 1052769    0.00021   63   33    0.00084    0.00021  75.4%  29.7 2880s
 11189332 1054106    0.00021   45   46    0.00084    0.00021  75.4%  29.7 2885s
 11200183 1054720    0.00021   51   49    0.00084    0.00021  75.4%  29.7 2890s
 11213254 1056618     cutoff   68         0.00084    0.00021  75.4%  29.7 2895s
 11224435 1057665    0.00021   65   46    0.00084    0.00021  75.4%  29.7 2900s
 11240668 1059123 infeasible   67         0.00084    0.00021  75.4%  29.7 2905s
 11253441 1060000 infeasible   70         0.00084    0.00021  75.4%  29.7 2910s
 11263346 1060494     cutoff   76         0.00084    0.00021  75.4%  29.7 2915s
 11275647 1061152 infeasible   60         0.00084    0.00021  75.4%  29.7 2920s
 11288985 1061663     cutoff   79         0.00084    0.00021  75.4%  29.7 2925s
 11303415 1062453    0.00021   71   32    0.00084    0.00021  75.4%  29.7 2930s
 11316986 1063630    0.00077   76   59    0.00084    0.00021  75.4%  29.7 2935s
 11331203 1064203 infeasible   67         0.00084    0.00021  75.4%  29.7 2941s
 11342981 1064708     cutoff   75         0.00084    0.00021  75.4%  29.7 2945s
 11356472 1065278    0.00021   65   50    0.00084    0.00021  75.4%  29.7 2950s
 11368646 1065726 infeasible   57         0.00084    0.00021  75.4%  29.7 2955s
 11382390 1066367    0.00021   69   45    0.00084    0.00021  75.4%  29.7 2960s
 11398538 1067921    0.00048   54   51    0.00084    0.00021  75.4%  29.7 2965s
 11408364 1068756    0.00023   57   57    0.00084    0.00021  75.4%  29.7 2970s
 11420309 1069588     cutoff   75         0.00084    0.00021  75.4%  29.7 2975s
 11432716 1070303    0.00021   67   51    0.00084    0.00021  75.4%  29.7 2980s
 11444363 1070932    0.00021   64   38    0.00084    0.00021  75.4%  29.8 2985s
 11456311 1071213     cutoff   83         0.00084    0.00021  75.4%  29.8 2990s
 11470450 1071796     cutoff   70         0.00084    0.00021  75.4%  29.8 2995s
 11482021 1072255    0.00021   61   53    0.00084    0.00021  75.4%  29.8 3000s
 11491544 1072889    0.00026   85   43    0.00084    0.00021  75.4%  29.8 3005s
 11503685 1074095    0.00021   65   36    0.00084    0.00021  75.4%  29.8 3010s
 11516109 1074889    0.00026   79   49    0.00084    0.00021  75.4%  29.8 3015s
 11528203 1076082     cutoff   74         0.00084    0.00021  75.4%  29.8 3020s
 11542005 1077869    0.00069   69   50    0.00084    0.00021  75.4%  29.8 3025s
 11553751 1078714     cutoff   67         0.00084    0.00021  75.4%  29.8 3030s
 11568286 1080095    0.00021   64   38    0.00084    0.00021  75.4%  29.8 3035s
 11582125 1080979 infeasible   64         0.00084    0.00021  75.4%  29.8 3040s
 11594825 1082388 infeasible   54         0.00084    0.00021  75.4%  29.8 3045s
 11607150 1084619     cutoff   66         0.00084    0.00021  75.4%  29.8 3050s
 11619383 1086981    0.00021   65   43    0.00084    0.00021  75.4%  29.8 3055s
 11638176 1090505 infeasible  116         0.00084    0.00021  75.4%  29.8 3060s
 11649960 1092542    0.00021   61   55    0.00084    0.00021  75.4%  29.8 3065s
 11667203 1095307    0.00021   65   39    0.00084    0.00021  75.4%  29.8 3070s
 11679106 1097838     cutoff   69         0.00084    0.00021  75.4%  29.8 3075s
 11694613 1100242    0.00021   83   43    0.00084    0.00021  75.4%  29.8 3080s
 11707665 1101319 infeasible   69         0.00084    0.00021  75.4%  29.8 3085s
 11718995 1102727    0.00082   63   44    0.00084    0.00021  75.4%  29.8 3090s
 11734382 1105018     cutoff   74         0.00084    0.00021  75.4%  29.8 3095s
 11747751 1106705     cutoff   70         0.00084    0.00021  75.4%  29.8 3100s
 11758873 1108223     cutoff   68         0.00084    0.00021  75.4%  29.8 3105s
 11769969 1109734 infeasible   66         0.00084    0.00021  75.4%  29.8 3110s
 11781482 1111344    0.00021   63   42    0.00084    0.00021  75.4%  29.8 3115s
 11798564 1113706     cutoff   71         0.00084    0.00021  75.4%  29.8 3120s
 11813425 1115947    0.00034   80   38    0.00084    0.00021  75.4%  29.8 3125s
 11829777 1118613     cutoff   78         0.00084    0.00021  75.4%  29.7 3130s
 11844050 1120643     cutoff   75         0.00084    0.00021  75.4%  29.7 3135s
 11856611 1122472    0.00021   67   52    0.00084    0.00021  75.4%  29.7 3140s
 11868929 1123755    0.00021   67   53    0.00084    0.00021  75.4%  29.7 3145s
 11882195 1125442     cutoff   72         0.00084    0.00021  75.4%  29.7 3150s
 11896811 1127101     cutoff   83         0.00084    0.00021  75.4%  29.7 3155s
 11907793 1128659    0.00066   77   41    0.00084    0.00021  75.4%  29.7 3160s
 11919505 1131097    0.00021   58   43    0.00084    0.00021  75.4%  29.7 3165s
 11932520 1133291     cutoff   77         0.00084    0.00021  75.4%  29.7 3170s
 11948131 1136227 infeasible   80         0.00084    0.00021  75.4%  29.7 3175s
 11959179 1138162 infeasible   87         0.00084    0.00021  75.4%  29.7 3180s
 11970291 1139959    0.00028   81   42    0.00084    0.00021  75.4%  29.7 3185s
 11983662 1143141    0.00035   72   38    0.00084    0.00021  75.4%  29.7 3190s
 11997061 1145637    0.00021   77   37    0.00084    0.00021  75.4%  29.7 3195s
 12010257 1147591    0.00036   68   56    0.00084    0.00021  75.4%  29.7 3200s
 12021910 1148717    0.00021   51   37    0.00084    0.00021  75.4%  29.7 3205s
 12033407 1149561    0.00021   62   48    0.00084    0.00021  75.4%  29.7 3210s
 12046627 1150819     cutoff   69         0.00084    0.00021  75.4%  29.7 3215s
 12061921 1152844    0.00021   60   41    0.00084    0.00021  75.4%  29.7 3220s
 12076136 1154493    0.00055   68   52    0.00084    0.00021  75.4%  29.7 3225s
 12092420 1156452 infeasible   76         0.00084    0.00021  75.4%  29.7 3230s
 12108843 1158866    0.00021   61   57    0.00084    0.00021  75.4%  29.7 3235s
 12121050 1159964    0.00021   65   44    0.00084    0.00021  75.4%  29.7 3240s
 12137340 1161709     cutoff   65         0.00084    0.00021  75.4%  29.7 3245s
 12158337 1163784 infeasible   66         0.00084    0.00021  75.4%  29.7 3250s
 12178158 1165614     cutoff   70         0.00084    0.00021  75.4%  29.7 3255s
 12198534 1169381 infeasible   86         0.00084    0.00021  75.4%  29.7 3260s
 12221098 1173666     cutoff   83         0.00084    0.00021  75.4%  29.7 3265s
 12241202 1176963     cutoff   73         0.00084    0.00021  75.4%  29.7 3270s
 12264753 1180795    0.00076   71   43    0.00084    0.00021  75.4%  29.7 3275s
 12284378 1184267    0.00077   71   42    0.00084    0.00021  75.4%  29.6 3280s
 12301945 1186265     cutoff   73         0.00084    0.00021  75.4%  29.6 3285s
 12322980 1191116     cutoff   73         0.00084    0.00021  75.4%  29.6 3290s
 12345519 1195593    0.00021   62   54    0.00084    0.00021  75.4%  29.6 3295s
 12367434 1199613     cutoff   70         0.00084    0.00021  75.4%  29.6 3300s
 12388573 1203115    0.00022   76   42    0.00084    0.00021  75.4%  29.6 3305s
 12409186 1205444    0.00051   86   46    0.00084    0.00021  75.4%  29.6 3310s
 12430859 1207316    0.00035   68   31    0.00084    0.00021  75.4%  29.6 3315s
 12449481 1209539     cutoff   64         0.00084    0.00021  75.4%  29.6 3320s
 12472676 1214338     cutoff   81         0.00084    0.00021  75.4%  29.6 3325s
 12494665 1217617    0.00021   46   35    0.00084    0.00021  75.4%  29.6 3330s
 12513160 1220626     cutoff   73         0.00084    0.00021  75.4%  29.6 3335s
 12533365 1223563    0.00021   61   42    0.00084    0.00021  75.4%  29.6 3340s
 12552411 1226638    0.00022   61   53    0.00084    0.00021  75.4%  29.6 3345s
 12575070 1229777    0.00021   51   54    0.00084    0.00021  75.4%  29.6 3350s
 12597942 1233964    0.00021   62   53    0.00084    0.00021  75.4%  29.6 3355s
 12618250 1236815    0.00021   73   40    0.00084    0.00021  75.4%  29.5 3360s
 12638623 1239357     cutoff   81         0.00084    0.00021  75.4%  29.5 3365s
 12659142 1242403    0.00043   85   42    0.00084    0.00021  75.4%  29.5 3370s
 12676472 1244270    0.00021   56   47    0.00084    0.00021  75.4%  29.5 3375s
 12695534 1245844    0.00026   63   36    0.00084    0.00021  75.4%  29.5 3380s
 12714031 1246860 infeasible   63         0.00084    0.00021  75.4%  29.5 3385s
 12736136 1249180 infeasible   64         0.00084    0.00021  75.4%  29.5 3390s
 12756960 1251408    0.00021   66   44    0.00084    0.00021  75.4%  29.5 3395s
 12779105 1253308 infeasible   63         0.00084    0.00021  75.4%  29.5 3400s
 12800571 1255699    0.00021   62   45    0.00084    0.00021  75.4%  29.5 3405s
 12819686 1256732     cutoff   60         0.00084    0.00021  75.4%  29.5 3410s
 12840165 1258759     cutoff   67         0.00084    0.00021  75.4%  29.5 3415s
 12866934 1260728    0.00021   57   51    0.00084    0.00021  75.4%  29.5 3420s
 12890439 1262604    0.00021   70   40    0.00084    0.00021  75.4%  29.4 3425s
 12914862 1264732    0.00021   47   43    0.00084    0.00021  75.4%  29.4 3430s
 12933125 1265792     cutoff   75         0.00084    0.00021  75.4%  29.4 3435s
 12953306 1266973    0.00021   60   46    0.00084    0.00021  75.4%  29.4 3440s
 12972837 1268344    0.00027   87   52    0.00084    0.00021  75.4%  29.4 3445s
 12989908 1269666    0.00083   95   43    0.00084    0.00021  75.4%  29.4 3450s
 13005754 1271180    0.00021   72   57    0.00084    0.00021  75.4%  29.4 3455s
 13025525 1272823 infeasible   67         0.00084    0.00021  75.4%  29.4 3460s
 13049754 1274337     cutoff   74         0.00084    0.00021  75.4%  29.4 3465s
 13074270 1275674    0.00021   62   44    0.00084    0.00021  75.4%  29.4 3470s
 13100607 1277281    0.00021   77   56    0.00084    0.00021  75.4%  29.4 3475s
 13127914 1278828 infeasible   77         0.00084    0.00021  75.4%  29.4 3480s
 13152249 1279925 infeasible   89         0.00084    0.00021  75.4%  29.3 3485s
 13172681 1281181    0.00021   56   53    0.00084    0.00021  75.4%  29.3 3490s
H13187126 1237686                       0.0007661    0.00021  73.1%  29.3 3493s
H13189691 1237799                       0.0007661    0.00021  73.1%  29.3 3494s
 13193556 1238155    0.00021   61   48    0.00077    0.00021  73.1%  29.3 3495s
 13216654 1239388 infeasible   85         0.00077    0.00021  73.1%  29.3 3500s
 13238763 1241124 infeasible   74         0.00077    0.00021  73.1%  29.3 3505s
 13260241 1242375    0.00021   71   54    0.00077    0.00021  73.1%  29.3 3510s
 13279944 1243650    0.00063   80   40    0.00077    0.00021  73.1%  29.3 3515s
 13303333 1244779 infeasible   73         0.00077    0.00021  73.1%  29.3 3520s
 13329342 1246183    0.00066   87   49    0.00077    0.00021  73.1%  29.3 3525s
 13350613 1247272     cutoff   73         0.00077    0.00021  73.1%  29.2 3530s
H13365811 1243882                       0.0007594    0.00021  72.9%  29.2 3534s
 13366951 1244117 infeasible   86         0.00076    0.00021  72.9%  29.2 3535s
H13368250 1244070                       0.0007593    0.00021  72.9%  29.2 3535s
 13386500 1244998 infeasible   62         0.00076    0.00021  72.9%  29.2 3540s
 13409340 1246022    0.00069   82   56    0.00076    0.00021  72.9%  29.2 3545s
 13426841 1246997 infeasible   74         0.00076    0.00021  72.9%  29.2 3550s
 13445633 1248409 infeasible   71         0.00076    0.00021  72.9%  29.2 3555s
 13461982 1249771 infeasible   88         0.00076    0.00021  72.9%  29.2 3560s
 13482926 1251812    0.00021   60   38    0.00076    0.00021  72.9%  29.2 3566s
 13499046 1253704     cutoff   74         0.00076    0.00021  72.9%  29.2 3570s
 13518903 1255773 infeasible   66         0.00076    0.00021  72.9%  29.2 3575s
H13525199 1256237                       0.0007593    0.00021  72.9%  29.2 3577s
H13532795 1255597                       0.0007573    0.00021  72.8%  29.2 3579s
 13535319 1255827    0.00021   65   44    0.00076    0.00021  72.8%  29.2 3580s
 13551287 1256914     cutoff   71         0.00076    0.00021  72.8%  29.2 3585s
 13569710 1258413    0.00032   70   53    0.00076    0.00021  72.8%  29.2 3590s
 13588057 1259509    0.00021   56   56    0.00076    0.00021  72.8%  29.2 3595s
 13605823 1260168 infeasible   58         0.00076    0.00021  72.8%  29.2 3600s

Cutting planes:
  Gomory: 6
  Cover: 7
  Implied bound: 23
  Clique: 9
  MIR: 14
  Flow cover: 25
  RLT: 37
  Relax-and-lift: 27
  PSD: 2

Explored 13607112 nodes (397226488 simplex iterations) in 3600.01 seconds (2020.60 work units)
Thread count was 12 (of 12 available processors)

Solution count 10: 0.000757269 0.000759275 0.000759335 ... 0.000855269

Time limit reached
Best objective 7.572688993223e-04, best bound 2.058065039989e-04, gap 72.8225%
