
Gurobi 11.0.2 (win64) logging started Wed Oct  2 06:09:00 2024

Set parameter LogFile to value ".\Experiments\Track_k_e_2\Logs\track_k_e_2_r4_c4.log"
Set parameter TimeLimit to value 3600
Gurobi Optimizer version 11.0.2 build v11.0.2rc0 (win64 - Windows 10.0 (19045.2))

CPU model: Intel(R) Core(TM) i7-10750H CPU @ 2.60GHz, instruction set [SSE2|AVX|AVX2]
Thread count: 6 physical cores, 12 logical processors, using up to 12 threads

Optimize a model with 248 rows, 462 columns and 920 nonzeros
Model fingerprint: 0x72f78958
Model has 6 quadratic objective terms
Model has 68 quadratic constraints
Model has 116 general constraints
Variable types: 458 continuous, 4 integer (4 binary)
Coefficient statistics:
  Matrix range     [9e-06, 1e+02]
  QMatrix range    [1e+00, 1e+00]
  QLMatrix range   [1e+00, 1e+00]
  Objective range  [1e-02, 2e-01]
  QObjective range [2e+00, 2e+00]
  Bounds range     [8e-05, 7e+01]
  RHS range        [8e-05, 1e+02]
  QRHS range       [1e-06, 1e-06]
Presolve added 44 rows and 0 columns
Presolve removed 0 rows and 71 columns
Presolve time: 0.01s
Presolved: 533 rows, 400 columns, 1483 nonzeros
Presolved model has 48 SOS constraint(s)
Presolved model has 4 quadratic objective terms
Presolved model has 57 bilinear constraint(s)
Presolved model has 4 nonlinear constraint(s)
Warning: Model contains variables with very large bounds participating
         in nonlinear terms.
         Presolve was not able to compute smaller bounds for these variables.
         Consider bounding these variables or reformulating the model.


Solving non-convex MINLP

Variable types: 284 continuous, 116 integer (116 binary)

Root relaxation: objective 2.058065e-04, 445 iterations, 0.00 seconds (0.00 work units)

    Nodes    |    Current Node    |     Objective Bounds      |     Work
 Expl Unexpl |  Obj  Depth IntInf | Incumbent    BestBd   Gap | It/Node Time

     0     0    0.00021    0   43          -    0.00021      -     -    0s
     0     0    0.00021    0   82          -    0.00021      -     -    0s
     0     0    0.00021    0   93          -    0.00021      -     -    0s
     0     0    0.00021    0  102          -    0.00021      -     -    0s
     0     0    0.00021    0   98          -    0.00021      -     -    0s
     0     0    0.00021    0   97          -    0.00021      -     -    0s
     0     0    0.00021    0   98          -    0.00021      -     -    0s
     0     2    0.00021    0   98          -    0.00021      -     -    0s
 15068  3812    0.00378   61   27          -    0.00021      -  28.3    5s
 36487  9712 infeasible   71               -    0.00021      -  30.4   10s
*57929  4262              92       0.0010312    0.00021  80.0%  30.3   14s
 59283  4026     cutoff   49         0.00103    0.00021  80.0%  30.1   15s
H59298  4025                       0.0010312    0.00021  80.0%  30.1   15s
H65015  4416                       0.0010312    0.00021  80.0%  29.6   16s
H65267  3803                       0.0008438    0.00021  75.6%  29.7   17s
H68546  3965                       0.0008362    0.00021  75.4%  29.6   18s
H69494  4053                       0.0008362    0.00021  75.4%  29.5   18s
H70706  4053                       0.0008362    0.00021  75.4%  29.3   18s
H71251  4076                       0.0008362    0.00021  75.4%  29.3   19s
 72067  4171     cutoff   66         0.00084    0.00021  75.4%  29.3   20s
H72949  4159                       0.0008356    0.00021  75.4%  29.2   20s
H73762  4317                       0.0008356    0.00021  75.4%  29.1   20s
H75521  4329                       0.0008356    0.00021  75.4%  28.8   21s
H75541  4328                       0.0008354    0.00021  75.4%  28.8   21s
 83872  5328     cutoff   71         0.00084    0.00021  75.4%  27.8   25s
H89770  5631                       0.0008354    0.00021  75.4%  27.0   26s
H91146  5779                       0.0008352    0.00021  75.4%  26.9   27s
H91154  5777                       0.0008352    0.00021  75.4%  26.9   27s
 96844  5997     cutoff   55         0.00084    0.00021  75.4%  26.3   30s
 115373  6200 infeasible   55         0.00084    0.00021  75.1%  26.0   35s
H133781  6667                       0.0008352    0.00021  75.1%  25.3   39s
 135187  6649    0.00021   58   35    0.00084    0.00021  75.1%  25.2   40s
H149025  6935                       0.0008352    0.00021  75.1%  24.6   43s
H156414  7098                       0.0008352    0.00021  75.1%  24.6   44s
 157013  7109     cutoff   57         0.00084    0.00021  75.1%  24.6   45s
H161749  7158                       0.0008352    0.00021  75.1%  24.5   46s
 171260  7260     cutoff   68         0.00084    0.00021  75.1%  24.4   50s
H182467  7001                       0.0008352    0.00022  74.2%  24.2   52s
 192443  6930    0.00022   64   38    0.00084    0.00022  74.2%  24.1   55s
 217846  7835    0.00080   72   29    0.00084    0.00022  74.2%  23.9   60s
 242731  8198 infeasible   71         0.00084    0.00022  74.2%  23.6   65s
 269385  7960 infeasible   42         0.00084    0.00024  71.0%  23.1   70s
 292902  9332 infeasible   71         0.00084    0.00025  70.6%  23.4   75s
 319124  9997     cutoff   71         0.00084    0.00025  70.6%  23.3   80s
 344783 11191 infeasible   58         0.00084    0.00025  70.5%  23.1   85s
 373736  9988     cutoff   52         0.00084    0.00028  65.9%  22.6   90s
 395777  9828 infeasible   53         0.00084    0.00028  65.9%  22.8   95s
 423317  8315     cutoff   83         0.00084    0.00036  57.0%  22.7  100s
 449676  7635     cutoff   68         0.00084    0.00040  52.5%  22.5  105s
 473477  6501 infeasible   55         0.00084    0.00040  52.5%  22.6  110s
 503422  2629    0.00078   68   31    0.00084    0.00072  13.7%  22.1  115s
 530816  1177    0.00079   50   36    0.00084    0.00079  5.93%  21.9  120s

Cutting planes:
  Gomory: 5
  Cover: 16
  Implied bound: 21
  Clique: 7
  MIR: 16
  Flow cover: 41
  RLT: 7
  Relax-and-lift: 14

Explored 549203 nodes (12078471 simplex iterations) in 123.77 seconds (66.15 work units)
Thread count was 12 (of 12 available processors)

Solution count 10: 0.000835206 0.000835206 0.000835207 ... 0.000843789

Optimal solution found (tolerance 1.00e-04)
Best objective 8.352061399075e-04, best bound 8.352061399075e-04, gap 0.0000%
