
Gurobi 11.0.2 (win64) logging started Tue Oct  1 20:53:31 2024

Set parameter LogFile to value ".\Experiments\Track_k_e_2\Logs\track_k_e_2_r2_c13.log"
Set parameter TimeLimit to value 3600
Gurobi Optimizer version 11.0.2 build v11.0.2rc0 (win64 - Windows 10.0 (19045.2))

CPU model: Intel(R) Core(TM) i7-10750H CPU @ 2.60GHz, instruction set [SSE2|AVX|AVX2]
Thread count: 6 physical cores, 12 logical processors, using up to 12 threads

Optimize a model with 250 rows, 462 columns and 924 nonzeros
Model fingerprint: 0x486d6976
Model has 6 quadratic objective terms
Model has 68 quadratic constraints
Model has 116 general constraints
Variable types: 458 continuous, 4 integer (4 binary)
Coefficient statistics:
  Matrix range     [9e-06, 1e+02]
  QMatrix range    [1e+00, 1e+00]
  QLMatrix range   [1e+00, 1e+00]
  Objective range  [1e-02, 2e-01]
  QObjective range [2e+00, 2e+00]
  Bounds range     [8e-05, 3e+00]
  RHS range        [8e-05, 1e+02]
  QRHS range       [1e-06, 1e-06]
Presolve removed 28 rows and 9 columns
Presolve time: 0.01s
Presolved: 463 rows, 462 columns, 1269 nonzeros
Presolved model has 178 SOS constraint(s)
Presolved model has 4 quadratic objective terms
Presolved model has 57 bilinear constraint(s)
Presolved model has 4 nonlinear constraint(s)
Warning: Model contains variables with very large bounds participating
         in nonlinear terms.
         Presolve was not able to compute smaller bounds for these variables.
         Consider bounding these variables or reformulating the model.


Solving non-convex MINLP

Variable types: 284 continuous, 178 integer (178 binary)

Root relaxation: objective 2.058065e-04, 455 iterations, 0.00 seconds (0.00 work units)

    Nodes    |    Current Node    |     Objective Bounds      |     Work
 Expl Unexpl |  Obj  Depth IntInf | Incumbent    BestBd   Gap | It/Node Time

     0     0    0.00021    0  119          -    0.00021      -     -    0s
     0     0    0.00021    0  119          -    0.00021      -     -    0s
     0     0    0.00021    0  119          -    0.00021      -     -    0s
     0     0    0.00021    0  119          -    0.00021      -     -    0s
     0     0    0.00021    0  119          -    0.00021      -     -    0s
     0     0    0.00021    0  119          -    0.00021      -     -    0s
     0     0    0.00021    0  121          -    0.00021      -     -    0s
     0     2    0.00021    0  121          -    0.00021      -     -    0s
 63299 26675 infeasible   98               -    0.00021      -   5.9    5s
 127920 45342    0.00111   83   37          -    0.00021      -   8.1   10s
 212083 53001    0.00021   72   36          -    0.00021      -   7.3   15s
 291301 68925    0.00021  155   27          -    0.00021      -   6.9   20s
 364268 81327 infeasible 1067               -    0.00021      -   9.3   25s
 434238 89795    0.00021  178   30          -    0.00021      -  11.0   30s
 502258 101426    0.00021  226   31          -    0.00021      -  12.2   35s
 579027 113698    0.00084  157   24          -    0.00021      -  13.3   40s
 648389 124445    0.00021  175   28          -    0.00021      -  14.2   45s
 719915 136707 infeasible  118               -    0.00021      -  14.8   50s
 789400 149254    0.00021  224   30          -    0.00021      -  15.3   55s
 866906 157508 infeasible  147               -    0.00021      -  15.7   60s
 938327 167753 infeasible  159               -    0.00021      -  16.2   65s
 1008478 178662    0.00084  213   23          -    0.00021      -  16.5   70s
 1073379 191943 infeasible  206               -    0.00021      -  16.8   75s
 1142727 208515    0.00021  261   27          -    0.00021      -  16.4   80s
 1199953 216472    0.00084  210   15          -    0.00021      -  15.9   85s
 1209715 217409    0.00021  281   33          -    0.00021      -  16.0   90s
 1219532 218477 infeasible  290               -    0.00021      -  16.1   95s
 1235368 219640 infeasible  265               -    0.00021      -  16.3  101s
 1250609 220415    0.00021  198   30          -    0.00021      -  16.4  105s
 1270487 221291 infeasible  227               -    0.00021      -  16.3  111s
 1283365 221587    0.00055  261   35          -    0.00021      -  16.4  116s
 1299183 222121 infeasible  225               -    0.00021      -  16.3  120s
 1314278 222306    0.00021  203   27          -    0.00021      -  16.3  125s
 1325477 224547    0.00021  218   40          -    0.00021      -  16.4  130s
 1341065 227519    0.00021  567   40          -    0.00021      -  16.5  135s
 1356478 228346    0.00021  419   40          -    0.00021      -  16.7  140s
 1370442 229036    0.00021  311   31          -    0.00021      -  16.7  145s
 1388054 229044    0.00021  946   31          -    0.00021      -  16.6  150s
 1404066 229049 infeasible 1594               -    0.00021      -  16.5  155s
 1426514 229051 infeasible 2616               -    0.00021      -  16.4  160s
 1447892 229152    0.00021 3589   31          -    0.00021      -  16.2  165s
 1462683 229633 infeasible 4330               -    0.00021      -  16.2  170s
 1478865 232284 infeasible  486               -    0.00021      -  16.2  175s
 1497230 236191    0.00021  131   28          -    0.00021      -  16.2  181s
 1510706 239579    0.00021  107   31          -    0.00021      -  16.2  185s
 1528865 243614    0.00021  136   28          -    0.00021      -  16.2  190s
 1550806 245754 infeasible  137               -    0.00021      -  16.1  195s
 1570090 249229 infeasible  482               -    0.00021      -  16.1  200s
 1589145 251318 infeasible 1535               -    0.00021      -  16.0  205s
 1603974 252819 infeasible 2366               -    0.00021      -  16.0  210s
 1623120 256369    0.00084 3552   30          -    0.00021      -  15.9  215s
 1664677 264803 infeasible  270               -    0.00021      -  15.7  221s
 1675202 267170 infeasible  151               -    0.00021      -  15.8  226s
 1715164 271601 infeasible  233               -    0.00021      -  15.7  230s
 1796033 277133 infeasible  323               -    0.00021      -  15.1  236s
 1866367 281073    0.00021  316   36          -    0.00021      -  14.6  240s
 1933422 284588    0.00021  312   36          -    0.00021      -  14.2  245s
 2001943 291101    0.00021  153   34          -    0.00021      -  13.8  250s
 2030215 294492 infeasible  315               -    0.00021      -  13.7  255s
 2043112 296506    0.00021  147   34          -    0.00021      -  13.8  260s
 2055910 298306    0.00084  175   35          -    0.00021      -  13.8  265s
 2067360 299692    0.00021  240   34          -    0.00021      -  13.9  270s
 2083819 301749 infeasible  239               -    0.00021      -  14.1  276s
 2093349 304000    0.00021  180   37          -    0.00021      -  14.3  281s
 2107608 306860    0.00021  279   33          -    0.00021      -  14.4  285s
 2126947 311643    0.00021  275   36          -    0.00021      -  14.5  290s
 2139116 314316    0.00021  263   35          -    0.00021      -  14.6  295s
 2155992 317082    0.00021  272   32          -    0.00021      -  14.6  300s
 2171319 318732    0.00021  283   31          -    0.00021      -  14.6  305s
 2185338 320269    0.00084  141   32          -    0.00021      -  14.6  311s
 2199795 321885    0.00021  185   26          -    0.00021      -  14.7  315s
 2209895 322983 infeasible  231               -    0.00021      -  14.8  320s
 2229992 324910 infeasible  325               -    0.00021      -  14.9  326s
 2248699 327128 infeasible  266               -    0.00021      -  14.9  330s
 2336186 333594    0.00021  322   35          -    0.00021      -  14.4  335s
 2348427 334694    0.00021  298   36          -    0.00021      -  14.4  341s
 2357929 335997    0.00021  332   36          -    0.00021      -  14.6  346s
 2371840 336853 infeasible  231               -    0.00021      -  14.6  350s
 2425059 340107 infeasible  304               -    0.00021      -  14.4  356s
 2448774 341036 infeasible  315               -    0.00021      -  14.3  360s
 2522347 346932 infeasible  235               -    0.00021      -  14.0  365s
 2554862 351655    0.00084  167   28          -    0.00021      -  13.9  370s
 2611904 356623    0.00021  337   37          -    0.00021      -  13.8  375s
 2650329 360438    0.00021  317   33          -    0.00021      -  13.7  380s
 2682455 365930    0.00021  305   34          -    0.00021      -  13.6  385s
 2696619 368108    0.00021  204   33          -    0.00021      -  13.6  390s
 2709671 369567    0.00110  328   27          -    0.00021      -  13.6  395s
 2724287 371816    0.00021  342   33          -    0.00021      -  13.7  401s
 2740018 373524 infeasible  270               -    0.00021      -  13.7  406s
 2758207 375431 infeasible  291               -    0.00021      -  13.8  411s
 2777818 377314    0.00021  326   30          -    0.00021      -  13.8  416s
 2792147 379130 infeasible  288               -    0.00021      -  13.8  421s
 2807846 381055 infeasible  196               -    0.00021      -  13.8  426s
 2818064 382458    0.00021  332   34          -    0.00021      -  13.9  431s
 2834921 384824    0.00110  343   28          -    0.00021      -  13.9  435s
 2846156 385941    0.00021  196   30          -    0.00021      -  13.9  440s
 2863209 387731    0.00021  171   31          -    0.00021      -  14.0  446s
 2874877 388077    0.00021  517   30          -    0.00021      -  14.0  450s
 2893652 388256    0.00021 1140   30          -    0.00021      -  14.0  455s
 2909546 388311    0.00021 1666   30          -    0.00021      -  13.9  460s
 2925021 388365    0.00021 2187   30          -    0.00021      -  13.9  465s
 2940189 388580 infeasible 2718               -    0.00021      -  13.9  471s
 2950190 388734 infeasible 3042               -    0.00021      -  13.9  475s
 2971559 389028    0.00021 4019   30          -    0.00021      -  13.9  480s
 2988023 389505    0.00021  231   34          -    0.00021      -  13.9  485s
 3006713 390773 infeasible  261               -    0.00021      -  13.9  490s
 3023149 391599 infeasible  284               -    0.00021      -  13.9  495s
 3034075 392398    0.00021  256   35          -    0.00021      -  13.9  500s
 3055694 393558 infeasible  588               -    0.00021      -  13.9  505s
 3071566 394805 infeasible 1710               -    0.00021      -  14.0  510s
 3082682 395561 infeasible 2531               -    0.00021      -  14.1  515s
 3101717 396913 infeasible 3999               -    0.00021      -  14.2  521s
 3119492 398077    0.00021  159   29          -    0.00021      -  14.2  525s
 3132045 399451    0.00103  295   28          -    0.00021      -  14.3  530s
 3145695 400357    0.00021  278   34          -    0.00021      -  14.4  535s
 3164733 401527    0.00021  293   34          -    0.00021      -  14.4  541s
 3177092 402354 infeasible  281               -    0.00021      -  14.5  545s
 3189308 403858 infeasible  290               -    0.00021      -  14.7  550s
 3205105 405160 infeasible  254               -    0.00021      -  14.8  556s
 3217506 406902    0.00021  215   36          -    0.00021      -  15.0  561s
 3231032 407779    0.00021  313   33          -    0.00021      -  15.1  565s
 3244284 408481    0.00021  314   34          -    0.00021      -  15.3  571s
 3247357 408749    0.00021  301   34          -    0.00021      -  15.6  576s
 3251277 408998    0.00021  304   34          -    0.00021      -  15.9  581s
 3254167 409149  postponed  352               -    0.00021      -  16.2  585s
 3255439 409242  postponed  353               -    0.00021      -  16.5  591s
 3255848 409278  postponed  354               -    0.00021      -  16.8  595s
 3255893 409304  postponed  356               -    0.00021      -  17.2  600s
 3255940 409327  postponed  357               -    0.00021      -  17.6  606s
 3255985 409339  postponed  353               -    0.00021      -  17.9  610s
 3256035 409360  postponed  360               -    0.00021      -  18.3  616s
 3256088 409372  postponed  361               -    0.00021      -  18.7  621s
 3256125 409386 infeasible  362               -    0.00021      -  19.0  625s
 3256178 409410 infeasible  361               -    0.00021      -  19.4  630s
 3256227 409428 infeasible  362               -    0.00021      -  19.8  636s
 3256262 409441 infeasible  367               -    0.00021      -  20.1  640s
 3256317 409459 infeasible  369               -    0.00021      -  20.5  645s
 3256379 409467 infeasible  372               -    0.00021      -  20.9  651s
 3256434 409474 infeasible  374               -    0.00021      -  21.2  657s
 3256470 409479 infeasible  375               -    0.00021      -  21.4  660s
 3256525 409487 infeasible  377               -    0.00021      -  21.7  665s
 3256598 409491 infeasible  379               -    0.00021      -  22.0  670s
 3256755 409502 infeasible  381               -    0.00021      -  22.3  676s
 3256810 409522 infeasible  383               -    0.00021      -  22.5  680s
 3256980 409560 infeasible  360               -    0.00021      -  22.9  686s
 3257078 409578  postponed  362               -    0.00021      -  23.2  690s
 3257191 409604  postponed  364               -    0.00021      -  23.6  698s
 3257288 409626  postponed  365               -    0.00021      -  23.9  702s
 3257374 409631  postponed  366               -    0.00021      -  24.1  706s
 3257595 409652 infeasible  363               -    0.00021      -  24.6  713s
 3257684 409650 infeasible  370               -    0.00021      -  24.8  717s
 3257756 409658  postponed  372               -    0.00021      -  25.1  721s
 3257806 409665 infeasible  373               -    0.00021      -  25.4  725s
 3257888 409671 infeasible  377               -    0.00021      -  25.9  733s
 3257937 409679 infeasible  379               -    0.00021      -  26.2  737s
 3257977 409682 infeasible  381               -    0.00021      -  26.5  741s
 3258022 409690 infeasible  383               -    0.00021      -  26.8  745s
 3258634 409735  postponed  353               -    0.00021      -  27.3  754s
 3258717 409740  postponed  354               -    0.00021      -  27.6  758s
 3258768 409739  postponed  355               -    0.00021      -  27.8  761s
 3258853 409749  postponed  356               -    0.00021      -  28.1  766s
 3259019 409759 infeasible  357               -    0.00021      -  28.4  770s
 3259061 409765  postponed  358               -    0.00021      -  28.7  775s
 3259123 409771 infeasible  359               -    0.00021      -  29.0  780s
 3259223 409795  postponed  355               -    0.00021      -  29.3  786s
 3259319 409802  postponed  355               -    0.00021      -  29.6  791s
 3259402 409811  postponed  361               -    0.00021      -  29.9  796s
 3259453 409816  postponed  360               -    0.00021      -  30.3  801s
 3259516 409819  postponed  363               -    0.00021      -  30.7  807s
 3259601 409831  postponed  365               -    0.00021      -  31.1  813s
 3259661 409886  postponed  366               -    0.00021      -  31.5  818s
 3260734 409923  postponed  368               -    0.00021      -  31.8  825s
 3261173 409972  postponed  369               -    0.00021      -  32.2  830s
 3262348 409983 infeasible  371               -    0.00021      -  32.6  837s
 3262423 410020 infeasible  374               -    0.00021      -  33.0  843s
 3262636 410041 infeasible  377               -    0.00021      -  33.5  850s
 3262703 410059 infeasible  380               -    0.00021      -  34.0  857s
 3262835 410117 infeasible  313               -    0.00021      -  34.4  864s
 3263161 410147  postponed  357               -    0.00021      -  35.0  871s
 3263227 410170  postponed  359               -    0.00021      -  35.5  879s
 3263314 410168  postponed  361               -    0.00021      -  36.1  887s
 3263436 410190  postponed  363               -    0.00021      -  36.6  894s
 3263512 410201  postponed  360               -    0.00021      -  37.2  903s
 3263599 410241 infeasible  364               -    0.00021      -  37.7  912s
 3264207 410256 infeasible  370               -    0.00021      -  38.3  921s
 3264386 410391  postponed  373               -    0.00021      -  39.0  931s
 3265571 410389  postponed  376               -    0.00021      -  39.6  940s
 3266723 410412 infeasible  373               -    0.00021      -  40.2  950s
 3267826 410420 infeasible  383               -    0.00021      -  40.9  961s
 3269506 410447 infeasible  359               -    0.00021      -  41.6  971s
 3270607 410468 infeasible  362               -    0.00021      -  42.3  982s
 3271718 410486  postponed  365               -    0.00021      -  43.0  993s
 3272864 410505 infeasible  368               -    0.00021      -  43.8 1004s
 3274019 410520 infeasible  372               -    0.00021      -  44.6 1017s
 3274224 410526 infeasible  378               -    0.00021      -  45.5 1030s
 3274642 410567  postponed  356               -    0.00021      -  46.3 1044s
 3274827 410626  postponed  360               -    0.00021      -  47.4 1058s
 3275112 410650 infeasible  361               -    0.00021      -  48.4 1073s
 3275312 410674  postponed  370               -    0.00021      -  49.6 1089s
 3275522 410739  postponed  374               -    0.00021      -  50.8 1105s
 3276167 410764    0.00485  382   28          -    0.00021      -  51.9 1122s
 3277458 410774  postponed  362               -    0.00021      -  53.2 1139s
 3278756 410810 infeasible  365               -    0.00021      -  54.4 1157s
 3280996 410827 infeasible  374               -    0.00021      -  55.5 1173s
 3283241 410862 infeasible  361               -    0.00021      -  56.6 1188s
 3285422 410879  postponed  368               -    0.00021      -  57.6 1203s
 3287603 410874 infeasible  375               -    0.00021      -  58.6 1217s
 3289806 410883  postponed  355               -    0.00021      -  59.5 1231s
 3291631 410942  postponed  359               -    0.00021      -  60.4 1245s
 3293432 410947 infeasible  362               -    0.00021      -  61.4 1259s
 3295427 410947 infeasible  366               -    0.00021      -  62.3 1272s
 3296641 410972  postponed  370               -    0.00021      -  63.2 1286s
 3297830 410997  postponed  374               -    0.00021      -  64.2 1300s
 3299029 411016 infeasible  381               -    0.00021      -  65.1 1316s
 3300382 411007 infeasible  377               -    0.00021      -  66.1 1330s
 3301731 411037  postponed  369               -    0.00021      -  67.2 1346s
 3303299 411234  postponed  375               -    0.00021      -  68.3 1362s
 3304564 411288 infeasible  360               -    0.00021      -  69.4 1383s
 3305266 411373  postponed  365               -    0.00021      -  70.6 1401s
 3306781 411394  postponed  369               -    0.00021      -  71.8 1418s
 3308074 411525 infeasible  377               -    0.00021      -  73.1 1437s
 3309975 412275 infeasible  360               -    0.00021      -  74.3 1450s
 3318119 412952 infeasible  327               -    0.00021      -  74.7 1457s
 3329282 413452  postponed  371               -    0.00021      -  74.6 1461s
 3344920 414113 infeasible  374               -    0.00021      -  74.3 1466s
 3353361 414532 infeasible  377               -    0.00021      -  74.1 1471s
 3360739 414691 infeasible  380               -    0.00021      -  74.0 1475s
 3367687 414815 infeasible  383               -    0.00021      -  73.9 1480s
 3379274 415055    0.00021  127   36          -    0.00021      -  73.6 1485s
 3395240 415191 infeasible  639               -    0.00021      -  73.3 1490s
 3411953 415278    0.01050 1371   32          -    0.00021      -  72.9 1495s
 3426521 415431 infeasible 1998               -    0.00021      -  72.6 1500s
 3474700 415739    0.00021  180   39          -    0.00021      -  71.6 1505s
 3576551 416342 infeasible 3881               -    0.00021      -  69.6 1510s
 3673610 416694 infeasible 2846               -    0.00021      -  67.8 1515s
 3770770 417219    0.00021 2712   30          -    0.00021      -  66.0 1520s
 3866037 417545 infeasible 1569               -    0.00021      -  64.4 1525s
 3962109 418032    0.00021  555   32          -    0.00021      -  62.8 1530s
 4058752 418360 infeasible 4251               -    0.00021      -  61.3 1535s
 4148433 419225 infeasible 3287               -    0.00021      -  60.0 1540s
 4243035 420822 infeasible 2322               -    0.00021      -  58.7 1545s
 4338327 422421 infeasible 1521               -    0.00021      -  57.4 1550s
 4435481 423363 infeasible  750               -    0.00021      -  56.2 1555s
 4535120 423997    0.00021  540   33          -    0.00021      -  55.0 1560s
 4632433 424844    0.00021 4309   33          -    0.00021      -  53.8 1565s
 4733297 425470    0.00021 3331   35          -    0.00021      -  52.7 1570s
 4836459 425931 infeasible 2360               -    0.00021      -  51.6 1575s
 4937299 426270    0.00021 1265   34          -    0.00021      -  50.5 1580s
 5040786 426714    0.00021  678   33          -    0.00021      -  49.5 1585s
 5160125 426986 infeasible 1198               -    0.00021      -  48.3 1590s
 5281425 427249 infeasible 1645               -    0.00021      -  47.2 1595s
 5403630 427668 infeasible 2323               -    0.00021      -  46.2 1600s
 5525376 427913 infeasible 2888               -    0.00021      -  45.1 1605s
 5644757 428100    0.00021 3320   33          -    0.00021      -  44.2 1610s
 5766355 428412    0.00021 3904   33          -    0.00021      -  43.2 1615s
 5889115 428574 infeasible 4559               -    0.00021      -  42.3 1620s
 6008348 428824 infeasible  597               -    0.00021      -  41.5 1625s
 6126634 428970 infeasible  868               -    0.00021      -  40.7 1630s
 6247029 429195 infeasible 1272               -    0.00021      -  39.9 1635s
 6366462 429584    0.00021 1802   32          -    0.00021      -  39.2 1640s
 6488016 429861 infeasible 2442               -    0.00021      -  38.4 1645s
 6601105 430476 infeasible 2792               -    0.00021      -  37.8 1650s
 6690016 430726 infeasible 2089               -    0.00021      -  37.3 1655s
 6810197 431333    0.00021 2549   33          -    0.00021      -  36.6 1660s
 6867520 431795    0.00021  245   36          -    0.00021      -  36.3 1665s
 6936045 432198 infeasible 3143               -    0.00021      -  36.0 1671s
 6971497 432496    0.00021 4683   33          -    0.00021      -  35.8 1675s
 7065690 432993    0.00021 3680   32          -    0.00021      -  35.4 1680s
 7146520 435479    0.00021  166   29          -    0.00021      -  35.0 1685s
 7255167 439662 infeasible  144               -    0.00021      -  34.5 1690s
 7324626 446117    0.00021  175   38          -    0.00021      -  34.2 1695s
 7331810 447129    0.00025  176   31          -    0.00021      -  34.2 1700s
 7348052 449474    0.00021  156   28          -    0.00021      -  34.1 1705s
 7362385 451238 infeasible  151               -    0.00021      -  34.1 1710s
 7377123 452717    0.00021  179   45          -    0.00021      -  34.1 1716s
 7383139 452907    0.00021  220   39          -    0.00021      -  34.1 1720s
 7396345 453901 infeasible  211               -    0.00021      -  34.1 1726s
 7410089 455214 infeasible  175               -    0.00021      -  34.1 1731s
 7420726 456367    0.00021  241   49          -    0.00021      -  34.1 1735s
 7437882 457378 infeasible  257               -    0.00021      -  34.2 1740s
 7448974 458439    0.00021  237   40          -    0.00021      -  34.2 1746s
 7462889 462837  postponed  256               -    0.00021      -  34.3 1751s
 7479014 464980    0.00485  256   39          -    0.00021      -  34.2 1755s
 7497258 467375    0.00021  257   33          -    0.00021      -  34.2 1761s
 7512943 470056    0.00021  290   32          -    0.00021      -  34.2 1765s
 7530696 471623    0.00021  298   33          -    0.00021      -  34.1 1770s
 7571182 474001 infeasible  301               -    0.00021      -  34.0 1775s
 7643989 480326    0.00110  171   31          -    0.00021      -  33.7 1780s
 7685594 485065    0.00021  258   34          -    0.00021      -  33.6 1785s
 7709259 487784 infeasible  407               -    0.00021      -  33.5 1790s
 7730257 489506 infeasible  298               -    0.00021      -  33.4 1795s
 7751013 491851    0.00021  321   34          -    0.00021      -  33.4 1800s
 7763766 493123    0.00021  305   40          -    0.00021      -  33.4 1805s
 7770351 494018    0.00084  316   29          -    0.00021      -  33.4 1811s
 7780406 495161 infeasible  314               -    0.00021      -  33.4 1815s
 7804322 499459    0.00110  353   26          -    0.00021      -  33.3 1820s
 7893170 512042 infeasible  336               -    0.00021      -  33.0 1825s
 7965895 520718    0.00021  160   37          -    0.00021      -  32.8 1830s
 8024912 523635    0.00021  178   35          -    0.00021      -  32.5 1835s
 8129153 526462 infeasible  167               -    0.00021      -  32.1 1840s
 8228100 529376 infeasible  177               -    0.00021      -  31.8 1845s
 8317397 534376 infeasible  172               -    0.00021      -  31.5 1850s
 8344975 535712    0.00021  163   35          -    0.00021      -  31.4 1856s
 8354740 536040    0.00021  164   37          -    0.00021      -  31.4 1861s
 8365997 536616    0.00021  162   34          -    0.00021      -  31.4 1866s
 8376953 537141    0.00021  141   36          -    0.00021      -  31.4 1871s
 8396799 538028 infeasible  140               -    0.00021      -  31.3 1876s
 8429383 539515 infeasible  201               -    0.00021      -  31.2 1880s
 8488556 543144 infeasible  158               -    0.00021      -  31.1 1885s
 8547025 548375    0.00021  167   35          -    0.00021      -  30.9 1890s
 8609258 553895    0.00021  208   34          -    0.00021      -  30.7 1895s
 8666513 559194    0.00021  215   34          -    0.00021      -  30.6 1900s
 8705218 563666    0.00021  239   30          -    0.00021      -  30.5 1905s
 8712159 563895    0.00021  233   45          -    0.00021      -  30.5 1910s
 8729153 564449    0.00021  235   37          -    0.00021      -  30.5 1916s
 8745092 565121    0.00021  239   40          -    0.00021      -  30.5 1921s
 8760487 565955    0.00021  231   45          -    0.00021      -  30.5 1925s
 8783059 569650    0.00084  184   26          -    0.00021      -  30.5 1930s
 8789816 570856    0.00021  168   31          -    0.00021      -  30.5 1935s
 8802920 571935  postponed  263               -    0.00021      -  30.5 1941s
 8808688 573017 infeasible  264               -    0.00021      -  30.5 1946s
 8814400 573495 infeasible  266               -    0.00021      -  30.6 1950s
 8823249 574605 infeasible  266               -    0.00021      -  30.6 1955s
 8827610 576246  postponed  268               -    0.00021      -  30.7 1961s
 8833548 576753 infeasible  269               -    0.00021      -  30.7 1965s
 8838178 577390 infeasible  269               -    0.00021      -  30.8 1971s
 8842589 578683 infeasible  271               -    0.00021      -  30.9 1977s
 8848181 579251 infeasible  271               -    0.00021      -  31.0 1982s
 8849405 579535 infeasible  272               -    0.00021      -  31.0 1985s
 8852399 580639    0.00021  273   40          -    0.00021      -  31.1 1992s
 8856885 581199 infeasible  291               -    0.00021      -  31.2 1995s
 8861357 581927    0.00021  274   44          -    0.00021      -  31.2 2001s
 8867549 583544    0.00021  264   52          -    0.00021      -  31.3 2008s
 8872454 584336 infeasible  353               -    0.00021      -  31.3 2010s
 8877978 585509    0.00021  276   44          -    0.00021      -  31.4 2015s
 8885495 586152    0.00021  277   49          -    0.00021      -  31.4 2021s
 8894969 588771    0.00021  279   33          -    0.00021      -  31.5 2027s
 8904066 590496 infeasible  280               -    0.00021      -  31.5 2031s
 8917796 592913    0.00021  285   28          -    0.00021      -  31.5 2036s
 8938239 595972 infeasible  296               -    0.00021      -  31.5 2042s
 8944407 597187    0.00047  279   29          -    0.00021      -  31.5 2045s
 8958053 599200    0.00021  289   33          -    0.00021      -  31.6 2051s
 8970224 600840    0.00021  291   29          -    0.00021      -  31.6 2055s
 8989170 603655 infeasible  308               -    0.00021      -  31.5 2061s
 9043127 610448    0.00021  197   27          -    0.00021      -  31.4 2065s
 9079638 615568 infeasible  316               -    0.00021      -  31.3 2070s
 9087868 616623 infeasible  302               -    0.00021      -  31.3 2075s
 9100721 619183    0.00021  305   40          -    0.00021      -  31.3 2081s
 9109985 620763 infeasible  308               -    0.00021      -  31.3 2085s
 9122748 622787  postponed  308               -    0.00021      -  31.2 2091s
 9132972 624566 infeasible  310               -    0.00021      -  31.2 2096s
 9144882 626469 infeasible  330               -    0.00021      -  31.2 2101s
 9179412 630712    0.00021  327   35          -    0.00021      -  31.1 2105s
 9213379 635494    0.00021  139   33          -    0.00021      -  31.0 2110s
 9291614 643590    0.00021  177   33          -    0.00021      -  30.8 2115s
 9362595 651419 infeasible  140               -    0.00021      -  30.6 2120s
 9419689 658252 infeasible  215               -    0.00021      -  30.4 2125s
 9430107 659572    0.00021  162   33          -    0.00021      -  30.4 2130s
 9442965 661923    0.00021  197   36          -    0.00021      -  30.4 2135s
 9459894 663993    0.00021  274   39          -    0.00021      -  30.4 2140s
 9482621 665553    0.00084  319   35          -    0.00021      -  30.4 2145s
 9495109 666383 infeasible  319               -    0.00021      -  30.4 2150s
 9576591 671997 infeasible  158               -    0.00021      -  30.2 2155s
 9661053 679599 infeasible  153               -    0.00021      -  29.9 2160s
 9671558 680810    0.00084  263   33          -    0.00021      -  29.9 2165s
 9673323 680986 infeasible  266               -    0.00021      -  30.0 2171s
 9675048 681145 infeasible  267               -    0.00021      -  30.1 2176s
 9675522 681206  postponed  268               -    0.00021      -  30.2 2180s
 9675918 681224 infeasible  269               -    0.00021      -  30.3 2185s
 9676325 681268  postponed  270               -    0.00021      -  30.4 2191s
 9676363 681391  postponed  271               -    0.00021      -  30.5 2196s
 9677482 681544  postponed  269               -    0.00021      -  30.6 2200s
 9678641 681667    0.00084  269   31          -    0.00021      -  30.7 2206s
 9679416 681681 infeasible  286               -    0.00021      -  30.8 2210s
 9680803 681911 infeasible  287               -    0.00021      -  30.9 2217s
 9681491 681945  postponed  288               -    0.00021      -  31.0 2222s
 9681562 682015 infeasible  290               -    0.00021      -  31.1 2227s
 9682319 682158 infeasible  291               -    0.00021      -  31.2 2230s
 9683415 682327 infeasible  293               -    0.00021      -  31.4 2235s
 9684799 682490 infeasible  276               -    0.00021      -  31.5 2241s
 9685552 682618  postponed  278               -    0.00021      -  31.7 2248s
 9685942 682619  postponed  279               -    0.00021      -  31.8 2252s
 9685997 682665  postponed  280               -    0.00021      -  31.9 2256s
 9686851 682673  postponed  281               -    0.00021      -  32.0 2260s
 9687981 683035 infeasible  274               -    0.00021      -  32.2 2269s
 9689403 683153  postponed  274               -    0.00021      -  32.3 2274s
 9689909 683228  postponed  275               -    0.00021      -  32.4 2278s
 9690236 683464  postponed  276               -    0.00021      -  32.5 2283s
 9691408 683530  postponed  277               -    0.00021      -  32.7 2288s
 9692046 683613  postponed  278               -    0.00021      -  32.8 2293s
 9692717 683625  postponed  279               -    0.00021      -  32.9 2299s
 9692903 683651  postponed  277               -    0.00021      -  33.1 2306s
 9693039 683832    0.00084  282   33          -    0.00021      -  33.2 2315s
 9694054 683968 infeasible  279               -    0.00021      -  33.4 2323s
 9694756 684209  postponed  280               -    0.00021      -  33.6 2331s
 9695873 684287 infeasible  282               -    0.00021      -  33.7 2340s
 9696601 684382  postponed  283               -    0.00021      -  33.9 2349s
 9697040 684608 infeasible  282               -    0.00021      -  34.1 2358s
 9698070 684671    0.00084  287   35          -    0.00021      -  34.3 2368s
 9698711 684755 infeasible  282               -    0.00021      -  34.5 2379s
 9699087 684810 infeasible  285               -    0.00021      -  34.8 2391s
 9699590 685042 infeasible  283               -    0.00021      -  35.1 2402s
 9700716 685140  postponed  286               -    0.00021      -  35.3 2414s
 9701560 685232 infeasible  282               -    0.00021      -  35.6 2428s
 9702286 685325 infeasible  286               -    0.00021      -  35.9 2442s
 9702865 685639 infeasible  274               -    0.00021      -  36.3 2456s
 9704937 685896  postponed  278               -    0.00021      -  36.6 2469s
 9706728 685996 infeasible  299               -    0.00021      -  37.0 2482s
 9707508 686155  postponed  302               -    0.00021      -  37.4 2496s
 9708569 686252 infeasible  305               -    0.00021      -  37.8 2511s
 9709312 686574 infeasible  308               -    0.00021      -  38.2 2525s
 9711542 686814 infeasible  285               -    0.00021      -  38.6 2539s
 9713242 686966  postponed  287               -    0.00021      -  39.0 2553s
 9714476 687105  postponed  283               -    0.00021      -  39.4 2568s
 9715565 687314  postponed  286               -    0.00021      -  39.9 2583s
 9717138 687515    0.00021  274   33          -    0.00021      -  40.3 2600s
 9718683 687731 infeasible  293               -    0.00021      -  40.8 2616s
 9719807 688195 infeasible  285               -    0.00021      -  41.3 2633s
 9722101 688408  postponed  288               -    0.00021      -  41.8 2649s
 9723430 688658    0.00084  295   34          -    0.00021      -  42.4 2667s
 9725086 688847 infeasible  282               -    0.00021      -  42.9 2685s
 9726393 689254 infeasible  299               -    0.00021      -  43.4 2702s
 9729322 689565  postponed  280               -    0.00021      -  44.0 2719s
 9730843 689788 infeasible  269               -    0.00021      -  44.5 2735s
 9732262 690100 infeasible  272               -    0.00021      -  45.0 2752s
 9734328 690245  postponed  272               -    0.00021      -  45.4 2771s
 9735275 690413  postponed  271               -    0.00021      -  45.9 2789s
 9736305 690575 infeasible  275               -    0.00021      -  46.3 2808s
 9737523 690655  postponed  280               -    0.00021      -  46.9 2829s
 9738375 690771 infeasible  279               -    0.00021      -  47.4 2851s
 9739429 690931  postponed  283               -    0.00021      -  48.0 2874s
 9740919 691182  postponed  285               -    0.00021      -  48.7 2897s
 9742398 691482  postponed  287               -    0.00021      -  49.4 2922s
 9744200 691782 infeasible  292               -    0.00021      -  50.2 2946s
 9746210 692351  postponed  284               -    0.00021      -  50.9 2971s
 9749515 692533  postponed  295               -    0.00021      -  51.5 2991s
 9750839 692788  postponed  280               -    0.00021      -  52.1 3012s
 9752864 693137 infeasible  281               -    0.00021      -  52.7 3033s
 9755309 693499 infeasible  286               -    0.00021      -  53.3 3051s
 9757567 693886 infeasible  293               -    0.00021      -  53.9 3069s
 9760566 694079    0.00021  224   31          -    0.00021      -  54.4 3086s
 9762133 694296 infeasible  282               -    0.00021      -  54.9 3103s
 9763522 694544  postponed  296               -    0.00021      -  55.4 3121s
 9765274 694855  postponed  286               -    0.00021      -  55.9 3139s
 9766945 695033    0.00084  285   32          -    0.00021      -  56.3 3157s
 9768255 695364 infeasible  293               -    0.00021      -  56.9 3175s
 9770542 695832 infeasible  278               -    0.00021      -  57.4 3193s
 9773366 696490 infeasible  293               -    0.00021      -  57.9 3207s
 9780010 697105  postponed  294               -    0.00021      -  58.3 3215s
 9787593 698154  postponed  298               -    0.00021      -  58.3 3220s
 9801350 698946 infeasible  208               -    0.00021      -  58.3 3226s
 9808342 699609 infeasible  295               -    0.00021      -  58.3 3230s
 9815876 700983  postponed  297               -    0.00021      -  58.3 3236s
 9820697 701621  postponed  298               -    0.00021      -  58.3 3240s
 9827922 702478 infeasible  300               -    0.00021      -  58.3 3246s
 9833303 703088 infeasible  301               -    0.00021      -  58.3 3250s
 9841675 703642    0.00084  303   34          -    0.00021      -  58.3 3255s
 9854276 704508 infeasible  505               -    0.00021      -  58.2 3260s
 9868578 704689 infeasible 1128               -    0.00021      -  58.1 3265s
 9880048 704688 infeasible 1603               -    0.00021      -  58.1 3270s
 9894686 704689 infeasible 2198               -    0.00021      -  58.0 3275s
 9907160 704687 infeasible 2714               -    0.00021      -  57.9 3280s
 9919936 704720 infeasible 3246               -    0.00021      -  57.8 3285s
 9966841 705278 infeasible  208               -    0.00021      -  57.6 3290s
 10057183 705521    0.00021 3161   35          -    0.00021      -  57.0 3295s
 10154867 706384    0.00021 1557   33          -    0.00021      -  56.5 3300s
 10254523 707492    0.00021  959   35          -    0.00021      -  56.0 3305s
 10350648 708149    0.00021  192   31          -    0.00021      -  55.4 3310s
 10442392 709305    0.00021 3298   35          -    0.00021      -  55.0 3315s
 10537933 711169    0.00021 1534   32          -    0.00021      -  54.5 3320s
 10634198 711830    0.01050  265   38          -    0.00021      -  54.0 3325s
 10684944 712749 infeasible  759               -    0.00021      -  53.7 3330s
 10790522 713488 infeasible  550               -    0.00021      -  53.2 3335s
 10885894 714584 infeasible 4005               -    0.00021      -  52.7 3340s
 10987885 715318 infeasible 3759               -    0.00021      -  52.2 3345s
 11095421 716818    0.00021 3854   34          -    0.00021      -  51.7 3350s
 11189396 722009    0.00021  277   33          -    0.00021      -  51.3 3355s
 11266450 729478 infeasible  573               -    0.00021      -  51.0 3360s
 11369176 730205 infeasible  236               -    0.00021      -  50.5 3365s
 11477837 730693    0.00021  243   32          -    0.00021      -  50.1 3370s
 11583580 731072 infeasible 4667               -    0.00021      -  49.6 3375s
 11692741 731563    0.00021 4669   35          -    0.00021      -  49.1 3380s
 11804392 731912    0.00021  259   35          -    0.00021      -  48.7 3385s
 11918500 732357 infeasible  509               -    0.00021      -  48.2 3390s
 12026506 732543    0.00021  544   32          -    0.00021      -  47.8 3395s
 12123172 732568    0.00021 4586   32          -    0.00021      -  47.4 3400s
 12218040 732854 infeasible 4039               -    0.00021      -  47.0 3405s
 12326160 733262    0.00021 4033   29          -    0.00021      -  46.6 3410s
 12433145 733471 infeasible 4046               -    0.00021      -  46.2 3415s
 12541780 733851 infeasible 4086               -    0.00021      -  45.8 3420s
 12644572 734986    0.00021 3831   31          -    0.00021      -  45.4 3425s
 12743041 735198    0.00021 3256   35          -    0.00021      -  45.1 3430s
 12841982 735298 infeasible 2953               -    0.00021      -  44.7 3435s
 12936577 736064 infeasible 3099               -    0.00021      -  44.4 3440s
 13029200 736388 infeasible 2584               -    0.00021      -  44.1 3445s
 13125893 736807 infeasible 2112               -    0.00021      -  43.8 3450s
 13231528 738831    0.00021  274   34          -    0.00021      -  43.4 3455s
 13316941 745191 infeasible  117               -    0.00021      -  43.2 3460s
 13401821 750541    0.00021 2305   34          -    0.00021      -  42.9 3465s
 13513285 751171    0.00021 2134   32          -    0.00021      -  42.6 3470s
 13623442 751646 infeasible 2112               -    0.00021      -  42.2 3475s
 13739779 752269 infeasible 1795               -    0.00021      -  41.9 3480s
 13850332 752984    0.00021 2225   32          -    0.00021      -  41.6 3485s
 13950484 754005    0.00103  550   21          -    0.00021      -  41.3 3490s
 14052616 754873    0.00103 1650   15          -    0.00021      -  41.0 3495s
 14152154 755250    0.00103 2807   16          -    0.00021      -  40.7 3500s
 14257356 756578 infeasible 3660               -    0.00021      -  40.4 3505s
 14354483 758148    0.00103 4498   15          -    0.00021      -  40.1 3510s
 14457297 758828    0.00021 3509   32          -    0.00021      -  39.8 3515s
 14562389 759765 infeasible 3441               -    0.00021      -  39.6 3520s
 14675947 760523 infeasible  171               -    0.00021      -  39.2 3525s
 14781323 764482    0.00021  347   31          -    0.00021      -  39.0 3530s
 14873404 768221    0.00021  239   34          -    0.00021      -  38.7 3535s
 14904884 770204    0.00021  268   33          -    0.00021      -  38.7 3540s
 14968796 776726 infeasible  251               -    0.00021      -  38.5 3545s
 15065670 779889 infeasible 3297               -    0.00021      -  38.3 3550s
 15171095 780577 infeasible 3267               -    0.00021      -  38.0 3555s
 15273296 781011 infeasible 3103               -    0.00021      -  37.8 3560s
 15374318 782090    0.00021 2914   34          -    0.00021      -  37.5 3565s
 15477864 782750 infeasible 2760               -    0.00021      -  37.3 3570s
 15577269 784991    0.00021 2675   33          -    0.00021      -  37.0 3575s
 15670373 788042 infeasible 1629               -    0.00021      -  36.8 3580s
 15739048 793834 infeasible  288               -    0.00021      -  36.7 3585s
 15845716 794368 infeasible 3832               -    0.00021      -  36.5 3590s
 15955207 795148 infeasible 3487               -    0.00021      -  36.2 3595s
 16066145 795495 infeasible 3191               -    0.00021      -  36.0 3600s

Cutting planes:
  Flow cover: 4

Explored 16066597 nodes (577721452 simplex iterations) in 3600.00 seconds (2625.51 work units)
Thread count was 12 (of 12 available processors)

Solution count 0

Time limit reached
Best objective -, best bound 2.058065039989e-04, gap -
