
Gurobi 11.0.2 (win64) logging started Wed Oct  2 06:00:41 2024

Set parameter LogFile to value ".\Experiments\Track_k_e_2\Logs\track_k_e_2_r4_c1.log"
Set parameter TimeLimit to value 3600
Gurobi Optimizer version 11.0.2 build v11.0.2rc0 (win64 - Windows 10.0 (19045.2))

CPU model: Intel(R) Core(TM) i7-10750H CPU @ 2.60GHz, instruction set [SSE2|AVX|AVX2]
Thread count: 6 physical cores, 12 logical processors, using up to 12 threads

Optimize a model with 298 rows, 462 columns and 1052 nonzeros
Model fingerprint: 0xc1c6de5a
Model has 6 quadratic objective terms
Model has 68 quadratic constraints
Model has 116 general constraints
Variable types: 458 continuous, 4 integer (4 binary)
Coefficient statistics:
  Matrix range     [9e-06, 1e+02]
  QMatrix range    [1e+00, 1e+00]
  QLMatrix range   [1e+00, 1e+00]
  Objective range  [1e-02, 2e-01]
  QObjective range [2e+00, 2e+00]
  Bounds range     [8e-05, 9e+01]
  RHS range        [8e-05, 1e+02]
  QRHS range       [1e-06, 1e-06]
Presolve added 68 rows and 0 columns
Presolve removed 0 rows and 95 columns
Presolve time: 0.01s
Presolved: 607 rows, 376 columns, 1695 nonzeros
Presolved model has 4 quadratic objective terms
Presolved model has 57 bilinear constraint(s)
Presolved model has 4 nonlinear constraint(s)
Warning: Model contains variables with very large bounds participating
         in nonlinear terms.
         Presolve was not able to compute smaller bounds for these variables.
         Consider bounding these variables or reformulating the model.


Solving non-convex MINLP

Variable types: 284 continuous, 92 integer (92 binary)

Root relaxation: objective 2.058065e-04, 477 iterations, 0.00 seconds (0.00 work units)

    Nodes    |    Current Node    |     Objective Bounds      |     Work
 Expl Unexpl |  Obj  Depth IntInf | Incumbent    BestBd   Gap | It/Node Time

     0     0    0.00021    0   58          -    0.00021      -     -    0s
     0     0    0.00021    0   79          -    0.00021      -     -    0s
     0     0    0.00021    0  104          -    0.00021      -     -    0s
     0     0    0.00021    0  105          -    0.00021      -     -    0s
     0     0    0.00021    0  100          -    0.00021      -     -    0s
     0     0    0.00021    0  100          -    0.00021      -     -    0s
     0     0    0.00021    0   93          -    0.00021      -     -    0s
     0     0    0.00021    0   68          -    0.00021      -     -    0s
     0     2    0.00021    0   68          -    0.00021      -     -    0s
 16635  3725 infeasible   61               -    0.00021      -  29.5    5s
 42865  7918    0.00205   41   34          -    0.00021      -  25.4   10s
*50902  3365              84       0.0008980    0.00021  77.1%  24.5   11s
*50903  3365              84       0.0008979    0.00021  77.1%  24.5   11s
H51053  2836                       0.0008359    0.00021  75.4%  24.5   11s
H52410  2889                       0.0008358    0.00021  75.4%  24.3   12s
H53564  3059                       0.0008358    0.00021  75.4%  24.1   13s
H57402  3290                       0.0008358    0.00021  75.4%  23.7   14s
 60990  3563 infeasible   49         0.00084    0.00021  75.4%  23.3   15s
H62953  3561                       0.0008358    0.00021  75.4%  23.1   16s
H62988  3561                       0.0008358    0.00021  75.4%  23.1   16s
H65099  3737                       0.0008358    0.00021  75.4%  22.9   16s
H68780  4223                       0.0008354    0.00021  75.4%  22.8   18s
H70708  4486                       0.0008352    0.00021  75.4%  22.6   18s
H71657  4485                       0.0008352    0.00021  75.4%  22.5   18s
H74898  4846                       0.0008352    0.00021  75.4%  22.2   19s
 75889  4849    0.00027   53   29    0.00084    0.00021  75.4%  22.1   20s
H76001  4849                       0.0008352    0.00021  75.4%  22.1   20s
H82641  5439                       0.0008352    0.00021  75.4%  21.8   22s
 89015  5605 infeasible   38         0.00084    0.00021  75.4%  21.8   25s
H101475  6261                       0.0008352    0.00021  75.4%  21.9   28s
 106494  6650 infeasible   66         0.00084    0.00021  75.4%  21.7   30s
 128001  7263 infeasible   52         0.00084    0.00021  75.1%  21.3   35s
 148417  7815    0.00021   53   38    0.00084    0.00021  75.1%  20.9   40s
 167931  8575    0.00021   50   30    0.00084    0.00021  75.1%  20.4   45s
 187778  9418     cutoff   50         0.00084    0.00021  75.1%  20.1   50s
 207203 10150    0.00021   49   40    0.00084    0.00021  75.1%  19.9   55s
 225094 10588     cutoff   46         0.00084    0.00021  75.1%  19.7   60s
 245046 10452 infeasible   51         0.00084    0.00021  75.1%  19.4   65s
 265051 10680     cutoff   51         0.00084    0.00022  74.2%  19.4   70s
 292663 11194     cutoff   51         0.00084    0.00022  74.2%  19.0   75s
H312682 11651                       0.0008352    0.00022  74.2%  18.8   78s
 319738 11831    0.00022   33   26    0.00084    0.00022  74.2%  18.7   80s
 346149 12482     cutoff   52         0.00084    0.00022  74.2%  18.5   85s
H364263 12065                       0.0008352    0.00022  74.2%  18.2   88s
 373223 11455    0.00052   63   29    0.00084    0.00024  71.5%  18.2   90s
 396967 11874    0.00025   41   32    0.00084    0.00025  70.6%  18.3   95s
 422906 12470    0.00039   41   34    0.00084    0.00025  70.6%  18.3  100s
 447269 10968 infeasible   49         0.00084    0.00028  65.9%  18.3  105s
 473281 11381    0.00030   47   28    0.00084    0.00028  65.9%  18.4  110s
 500517 11343 infeasible   63         0.00084    0.00028  65.9%  18.2  115s
 526565  9364    0.00040   56   40    0.00084    0.00040  52.5%  18.1  120s
 550937  9796    0.00040   39   28    0.00084    0.00040  52.5%  18.2  125s
 575961  8928    0.00079   58   30    0.00084    0.00046  45.2%  18.2  130s
 601831  6338    0.00078   57   22    0.00084    0.00061  26.5%  18.1  135s
 632059  4061 infeasible   55         0.00084    0.00076  9.35%  18.0  140s
 656798  1917    0.00083   44   19    0.00084    0.00083  1.06%  17.9  145s
 680905  1010     cutoff   54         0.00084    0.00084  0.02%  18.1  150s

Cutting planes:
  Gomory: 3
  Cover: 22
  Implied bound: 17
  Clique: 7
  MIR: 14
  StrongCG: 1
  Flow cover: 39
  RLT: 8
  Relax-and-lift: 12

Explored 693178 nodes (12568820 simplex iterations) in 152.64 seconds (79.73 work units)
Thread count was 12 (of 12 available processors)

Solution count 10: 0.00083522 0.000835222 0.000835223 ... 0.000835806

Optimal solution found (tolerance 1.00e-04)
Best objective 8.352204757620e-04, best bound 8.352204757620e-04, gap 0.0000%

Gurobi 11.0.2 (win64) logging started Wed Oct  2 15:29:12 2024

Set parameter LogFile to value ".\Experiments\Track_k_e_2\Logs\Track_k_e_2_r4_c1.log"
Set parameter TimeLimit to value 3600
Gurobi Optimizer version 11.0.2 build v11.0.2rc0 (win64 - Windows 10.0 (19045.2))

CPU model: Intel(R) Core(TM) i7-10750H CPU @ 2.60GHz, instruction set [SSE2|AVX|AVX2]
Thread count: 6 physical cores, 12 logical processors, using up to 12 threads

Optimize a model with 298 rows, 462 columns and 1052 nonzeros
Model fingerprint: 0xb105e637
Model has 6 quadratic objective terms
Model has 68 quadratic constraints
Model has 116 general constraints
Variable types: 458 continuous, 4 integer (4 binary)
Coefficient statistics:
  Matrix range     [9e-06, 1e+02]
  QMatrix range    [1e+00, 1e+00]
  QLMatrix range   [1e+00, 1e+00]
  Objective range  [1e-02, 2e-01]
  QObjective range [2e+00, 2e+00]
  Bounds range     [8e-05, 9e+01]
  RHS range        [8e-05, 1e+02]
  QRHS range       [1e-06, 1e-06]
Presolve added 68 rows and 0 columns
Presolve removed 0 rows and 95 columns
Presolve time: 0.01s
Presolved: 607 rows, 376 columns, 1697 nonzeros
Presolved model has 4 quadratic objective terms
Presolved model has 57 bilinear constraint(s)
Presolved model has 4 nonlinear constraint(s)
Warning: Model contains variables with very large bounds participating
         in nonlinear terms.
         Presolve was not able to compute smaller bounds for these variables.
         Consider bounding these variables or reformulating the model.


Solving non-convex MINLP

Variable types: 284 continuous, 92 integer (92 binary)

Root relaxation: objective 2.058065e-04, 457 iterations, 0.00 seconds (0.00 work units)

    Nodes    |    Current Node    |     Objective Bounds      |     Work
 Expl Unexpl |  Obj  Depth IntInf | Incumbent    BestBd   Gap | It/Node Time

     0     0    0.00021    0   56          -    0.00021      -     -    0s
     0     0    0.00021    0   56          -    0.00021      -     -    0s
     0     0    0.00021    0   71          -    0.00021      -     -    0s
     0     0    0.00021    0   71          -    0.00021      -     -    0s
     0     0    0.00021    0  105          -    0.00021      -     -    0s
     0     0    0.00021    0  106          -    0.00021      -     -    0s
     0     0    0.00021    0  100          -    0.00021      -     -    0s
     0     0    0.00021    0   64          -    0.00021      -     -    0s
     0     2    0.00021    0   64          -    0.00021      -     -    0s
 11511  3161 infeasible   43               -    0.00021      -  29.6    5s
 27277  5477    0.00021   46   33          -    0.00021      -  28.0   10s
 45993  8084 infeasible   43               -    0.00021      -  27.1   15s
 61966 10700    0.00021   36   33          -    0.00021      -  27.2   20s
 76382 13238    0.00219   59   35          -    0.00021      -  27.4   25s
 91654 15783    0.00021   46   41          -    0.00021      -  27.9   30s
 110025 18262    0.00021   53   37          -    0.00021      -  28.0   35s
 123672 20074    0.00021   40   35          -    0.00021      -  28.1   40s
 139088 22361    0.00021   52   29          -    0.00021      -  28.3   45s

Cutting planes:
  Gomory: 3
  Cover: 15
  Implied bound: 10
  Clique: 2
  MIR: 30
  StrongCG: 2
  Flow cover: 69
  Zero half: 2
  RLT: 9
  Relax-and-lift: 27

Explored 150330 nodes (4241296 simplex iterations) in 48.82 seconds (25.77 work units)
Thread count was 12 (of 12 available processors)

Solution count 0

Solve interrupted
Best objective -, best bound 2.058065039989e-04, gap -
