
Gurobi 11.0.2 (win64) logging started Tue Oct  1 19:35:05 2024

Set parameter LogFile to value ".\Experiments\Track_k_e_2\Logs\track_k_e_2_r2_c11.log"
Set parameter TimeLimit to value 3600
Gurobi Optimizer version 11.0.2 build v11.0.2rc0 (win64 - Windows 10.0 (19045.2))

CPU model: Intel(R) Core(TM) i7-10750H CPU @ 2.60GHz, instruction set [SSE2|AVX|AVX2]
Thread count: 6 physical cores, 12 logical processors, using up to 12 threads

Optimize a model with 248 rows, 462 columns and 920 nonzeros
Model fingerprint: 0x289f69e8
Model has 6 quadratic objective terms
Model has 68 quadratic constraints
Model has 116 general constraints
Variable types: 458 continuous, 4 integer (4 binary)
Coefficient statistics:
  Matrix range     [9e-06, 1e+02]
  QMatrix range    [1e+00, 1e+00]
  QLMatrix range   [1e+00, 1e+00]
  Objective range  [1e-02, 2e-01]
  QObjective range [2e+00, 2e+00]
  Bounds range     [8e-05, 9e+01]
  RHS range        [8e-05, 1e+02]
  QRHS range       [1e-06, 1e-06]
Presolve added 36 rows and 0 columns
Presolve removed 0 rows and 73 columns
Presolve time: 0.01s
Presolved: 525 rows, 398 columns, 1457 nonzeros
Presolved model has 50 SOS constraint(s)
Presolved model has 4 quadratic objective terms
Presolved model has 57 bilinear constraint(s)
Presolved model has 4 nonlinear constraint(s)
Warning: Model contains variables with very large bounds participating
         in nonlinear terms.
         Presolve was not able to compute smaller bounds for these variables.
         Consider bounding these variables or reformulating the model.


Solving non-convex MINLP

Variable types: 284 continuous, 114 integer (114 binary)

Root relaxation: objective 2.058065e-04, 419 iterations, 0.00 seconds (0.00 work units)

    Nodes    |    Current Node    |     Objective Bounds      |     Work
 Expl Unexpl |  Obj  Depth IntInf | Incumbent    BestBd   Gap | It/Node Time

     0     0    0.00021    0   44          -    0.00021      -     -    0s
     0     0    0.00021    0   74          -    0.00021      -     -    0s
     0     0    0.00021    0   91          -    0.00021      -     -    0s
     0     0    0.00021    0   96          -    0.00021      -     -    0s
     0     0    0.00021    0   94          -    0.00021      -     -    0s
     0     0    0.00021    0   96          -    0.00021      -     -    0s
     0     0    0.00021    0   94          -    0.00021      -     -    0s
     0     2    0.00021    0   94          -    0.00021      -     -    0s
 14777  5212    0.00547   48   42          -    0.00021      -  31.0    5s
 37036 11184    0.00022   49   56          -    0.00021      -  28.5   10s
 58632 17082    0.00075   54   40          -    0.00021      -  27.7   15s
 83475 24573    0.00330   71   49          -    0.00021      -  27.6   20s
 105439 31014 infeasible   46               -    0.00021      -  27.4   25s
 128254 37583    0.00392  100   53          -    0.00021      -  27.4   30s
 151610 44423 infeasible   81               -    0.00021      -  27.0   35s
 173628 51211    0.00078   65   46          -    0.00021      -  26.5   40s
 192948 56232    0.00021   57   42          -    0.00021      -  26.5   45s
 217489 63140    0.00084   63   46          -    0.00021      -  26.4   50s
 239192 69100    0.00084   60   38          -    0.00021      -  26.4   55s
 258789 74092 infeasible   70               -    0.00021      -  26.4   60s
 282069 80458    0.00254   90   44          -    0.00021      -  26.2   65s
 302026 85997    0.00084   91   42          -    0.00021      -  26.2   70s
 323771 91547    0.00021   63   41          -    0.00021      -  26.3   75s
 345970 98890    0.00049   64   55          -    0.00021      -  26.2   80s
 365082 104218    0.00067   86   52          -    0.00021      -  26.1   85s
 386581 111360    0.00088   59   48          -    0.00021      -  26.1   90s
 406972 117308    0.00084   76   32          -    0.00021      -  26.2   95s
 426537 122103    0.00021   45   47          -    0.00021      -  26.2  100s
 449865 129235 infeasible   55               -    0.00021      -  26.3  105s
 470513 136398 infeasible   60               -    0.00021      -  26.4  110s
 494159 141917    0.00066   79   50          -    0.00021      -  26.4  115s
 518458 147569    0.00021   77   56          -    0.00021      -  26.4  120s
H528630 128848                       0.0042588    0.00021  95.2%  26.4  122s
H528633 128846                       0.0042587    0.00021  95.2%  26.4  122s
 536195 130970    0.00021   50   51    0.00426    0.00021  95.2%  26.4  126s
 541972 132704    0.00021   56   54    0.00426    0.00021  95.2%  26.4  130s
H548151 134339                       0.0042587    0.00021  95.2%  26.4  133s
 554381 136181    0.00021   51   59    0.00426    0.00021  95.2%  26.4  135s
H554387 136181                       0.0042587    0.00021  95.2%  26.4  135s
H556891 137342                       0.0042587    0.00021  95.2%  26.5  136s
H559885 135377                       0.0039085    0.00021  94.7%  26.5  138s
H562779 136356                       0.0039085    0.00021  94.7%  26.5  139s
 563870 136709    0.00021   54   51    0.00391    0.00021  94.7%  26.5  140s
H564739 136709                       0.0039085    0.00021  94.7%  26.5  140s
H565458 136718                       0.0039085    0.00021  94.7%  26.5  141s
H568906 137468                       0.0039085    0.00021  94.7%  26.5  142s
H569141 137468                       0.0039084    0.00021  94.7%  26.5  142s
H572395 138046                       0.0039084    0.00021  94.7%  26.5  144s
 572408 138472    0.00023   71   46    0.00391    0.00021  94.7%  26.5  145s
H575478 138748                       0.0039084    0.00021  94.7%  26.5  145s
H578404 139137                       0.0039084    0.00021  94.7%  26.5  147s
 583373 140105    0.00021   54   47    0.00391    0.00021  94.7%  26.5  150s
H583767 140105                       0.0039084    0.00021  94.7%  26.5  150s
 596115 141892    0.00095   59   42    0.00391    0.00021  94.7%  26.5  156s
 606914 143363    0.00021   48   53    0.00391    0.00021  94.7%  26.5  161s
 618698 146309    0.00021   60   43    0.00391    0.00021  94.7%  26.5  166s
 629462 149982 infeasible   74         0.00391    0.00021  94.7%  26.6  170s
 641095 152527    0.00337   79   50    0.00391    0.00021  94.7%  26.5  175s
 652241 154416    0.00021   51   51    0.00391    0.00021  94.7%  26.5  180s
 661790 156550     cutoff   75         0.00391    0.00021  94.7%  26.5  185s
H663924 155584                       0.0037257    0.00021  94.5%  26.5  185s
 673966 157900 infeasible   74         0.00373    0.00021  94.5%  26.6  190s
H676590 158462                       0.0037257    0.00021  94.5%  26.6  191s
H679102 158821                       0.0037257    0.00021  94.5%  26.6  193s
H682234 159193                       0.0036308    0.00021  94.3%  26.6  194s
H683313 159603                       0.0036308    0.00021  94.3%  26.6  195s
H689510 160495                       0.0036307    0.00021  94.3%  26.6  198s
 691670 160872    0.00021   44   43    0.00363    0.00021  94.3%  26.6  200s
H697245 161325                       0.0036022    0.00021  94.3%  26.6  202s
H697372 161325                       0.0036022    0.00021  94.3%  26.6  202s
 702657 162492    0.00021   62   53    0.00360    0.00021  94.3%  26.6  206s
 711222 165530    0.00021   56   69    0.00360    0.00021  94.3%  26.6  210s
H713314 165645                       0.0035851    0.00021  94.3%  26.6  210s
H714212 166270                       0.0035851    0.00021  94.3%  26.6  211s
H716000 166276                       0.0035851    0.00021  94.3%  26.6  212s
H716007 166276                       0.0035851    0.00021  94.3%  26.6  212s
H716011 166276                       0.0035851    0.00021  94.3%  26.6  212s
 721541 168265 infeasible   56         0.00359    0.00021  94.3%  26.6  215s
H726635 169243                       0.0035851    0.00021  94.3%  26.6  216s
H726867 169242                       0.0035851    0.00021  94.3%  26.6  217s
H726882 169242                       0.0035851    0.00021  94.3%  26.6  217s
H728597 169969                       0.0035850    0.00021  94.3%  26.6  218s
H731072 170491                       0.0035850    0.00021  94.3%  26.6  219s
 732411 170566    0.00140   66   51    0.00359    0.00021  94.3%  26.6  220s
 744384 173871     cutoff   68         0.00359    0.00021  94.3%  26.6  225s
H744394 173871                       0.0035850    0.00021  94.3%  26.6  226s
 756990 175892 infeasible   62         0.00359    0.00021  94.3%  26.6  230s
H757016 175892                       0.0035850    0.00021  94.3%  26.6  230s
 768762 177778     cutoff   60         0.00358    0.00021  94.3%  26.5  235s
 783136 180421    0.00050   65   49    0.00358    0.00021  94.3%  26.5  240s
 799424 183005 infeasible   73         0.00358    0.00021  94.3%  26.5  245s
H815003 185293                       0.0035850    0.00021  94.3%  26.5  249s
 816477 186224    0.00084   50   34    0.00358    0.00021  94.3%  26.5  250s
H823230 188243                       0.0035850    0.00021  94.3%  26.5  251s
H832784 191336                       0.0035850    0.00021  94.3%  26.4  253s
 835228 191583 infeasible   74         0.00358    0.00021  94.3%  26.4  255s
 854609 197385    0.00097   67   48    0.00358    0.00021  94.3%  26.4  260s
 872187 201963    0.00062   65   59    0.00358    0.00021  94.3%  26.5  265s
 886841 204887    0.00063   77   48    0.00358    0.00021  94.3%  26.5  270s
 903690 209385    0.00021   82   55    0.00358    0.00021  94.3%  26.5  275s
 923819 214109     cutoff   63         0.00358    0.00021  94.3%  26.5  280s
 940281 217937 infeasible   55         0.00358    0.00021  94.3%  26.5  285s
*952230 153070              92       0.0008766    0.00021  76.5%  26.5  288s
*952686 149706             101       0.0008559    0.00021  76.0%  26.5  289s
*952687 149706             101       0.0008559    0.00021  76.0%  26.5  289s
*952698 149579             101       0.0008552    0.00021  75.9%  26.5  289s
*953461 145145              92       0.0008375    0.00021  75.4%  26.5  289s
 953568 145339    0.00021   66   58    0.00084    0.00021  75.4%  26.5  290s
*954571 144766             100       0.0008370    0.00021  75.4%  26.5  290s
*954572 144755             100       0.0008370    0.00021  75.4%  26.5  290s
*954573 144647              99       0.0008368    0.00021  75.4%  26.5  290s
H966157 146924                       0.0008368    0.00021  75.4%  26.5  292s
 972186 147877    0.00021   61   41    0.00084    0.00021  75.4%  26.5  295s
H972538 147877                       0.0008368    0.00021  75.4%  26.5  295s
 989780 150875 infeasible   64         0.00084    0.00021  75.4%  26.5  300s
 1008889 155890    0.00021   82   52    0.00084    0.00021  75.4%  26.6  305s
 1023158 158693    0.00022   44   70    0.00084    0.00021  75.4%  26.6  310s
 1039456 162225    0.00084   59   48    0.00084    0.00021  75.4%  26.6  315s
 1059560 166323    0.00021   71   48    0.00084    0.00021  75.4%  26.7  320s
 1075992 171224    0.00036   69   57    0.00084    0.00021  75.4%  26.7  325s
 1094258 175633    0.00060   59   50    0.00084    0.00021  75.4%  26.7  330s
 1112368 180190     cutoff   74         0.00084    0.00021  75.4%  26.7  335s
 1131327 184301    0.00021   69   65    0.00084    0.00021  75.4%  26.7  340s
 1149587 188066 infeasible   68         0.00084    0.00021  75.4%  26.7  345s
H1153169 189352                       0.0008368    0.00021  75.4%  26.7  346s
H1159269 191608                       0.0008368    0.00021  75.4%  26.7  348s
 1167716 193797    0.00021   61   40    0.00084    0.00021  75.4%  26.8  350s
 1183853 197322    0.00021   68   59    0.00084    0.00021  75.4%  26.8  355s
 1201753 199928    0.00049   66   53    0.00084    0.00021  75.4%  26.8  360s
 1217816 201005    0.00084   68   45    0.00084    0.00021  75.4%  26.8  365s
 1232976 202010 infeasible   70         0.00084    0.00021  75.4%  26.8  370s
 1247663 202312 infeasible   58         0.00084    0.00021  75.4%  26.8  375s
 1265702 205806 infeasible   71         0.00084    0.00021  75.4%  26.8  380s
 1285377 210204    0.00083   68   63    0.00084    0.00021  75.4%  26.8  385s
 1304894 215566 infeasible   65         0.00084    0.00021  75.4%  26.8  390s
 1323433 221010     cutoff   50         0.00084    0.00021  75.4%  26.8  395s
 1340542 224753    0.00022   79   53    0.00084    0.00021  75.4%  26.8  400s
 1357995 228465    0.00021   70   49    0.00084    0.00021  75.4%  26.8  405s
H1358183 226334                       0.0008355    0.00021  75.4%  26.8  405s
H1360982 222082                       0.0008351    0.00021  75.4%  26.8  406s
 1373137 225487    0.00021   47   50    0.00084    0.00021  75.4%  26.8  410s
 1391893 230647 infeasible   73         0.00084    0.00021  75.4%  26.8  415s
 1409991 234570 infeasible   91         0.00084    0.00021  75.4%  26.8  420s
 1426112 237854    0.00054   85   50    0.00084    0.00021  75.4%  26.8  425s
 1444113 240583     cutoff   73         0.00084    0.00021  75.4%  26.8  430s
 1460223 243949    0.00022   76   60    0.00084    0.00021  75.4%  26.8  435s
 1475687 246162     cutoff   86         0.00084    0.00021  75.4%  26.8  440s
 1487260 247973 infeasible   60         0.00084    0.00021  75.4%  26.8  445s
 1504219 250034     cutoff   85         0.00084    0.00021  75.4%  26.7  450s
 1515705 251231 infeasible   58         0.00084    0.00021  75.4%  26.8  455s
 1534607 254210    0.00021   62   49    0.00084    0.00021  75.4%  26.8  460s
 1550847 257445     cutoff   69         0.00084    0.00021  75.4%  26.8  465s
 1564622 258851    0.00021   81   56    0.00084    0.00021  75.4%  26.8  470s
 1584507 262056     cutoff   52         0.00084    0.00021  75.4%  26.8  475s
 1602206 263740    0.00021   68   51    0.00084    0.00021  75.4%  26.8  480s
 1618611 266971     cutoff   66         0.00084    0.00021  75.4%  26.8  485s
 1639250 271311 infeasible   65         0.00084    0.00021  75.4%  26.8  490s
 1657419 276977    0.00021   47   50    0.00084    0.00021  75.4%  26.8  495s
 1676525 281221    0.00021   59   59    0.00084    0.00021  75.4%  26.8  500s
 1693331 284782    0.00021   63   66    0.00084    0.00021  75.4%  26.8  505s
 1712629 289018     cutoff   89         0.00084    0.00021  75.4%  26.9  510s
 1731086 294054    0.00057   72   49    0.00084    0.00021  75.4%  26.9  515s
 1748131 297873    0.00021   65   57    0.00084    0.00021  75.4%  26.9  520s
 1765638 301353    0.00021   56   46    0.00084    0.00021  75.4%  26.9  525s
 1783844 305924    0.00041   62   48    0.00084    0.00021  75.4%  27.0  530s
 1801986 310575    0.00021   64   48    0.00084    0.00021  75.4%  27.0  535s
 1819263 314732     cutoff   68         0.00084    0.00021  75.4%  27.0  540s
 1836289 318604    0.00021   84   52    0.00084    0.00021  75.4%  27.0  545s
 1854150 322048    0.00021   59   62    0.00084    0.00021  75.4%  27.0  550s
 1870438 325077    0.00021   67   50    0.00084    0.00021  75.4%  27.0  555s
 1891995 330424    0.00021   56   65    0.00084    0.00021  75.4%  27.0  560s
 1908808 334321    0.00021   59   41    0.00084    0.00021  75.4%  27.0  565s
 1926806 337967    0.00021   76   49    0.00084    0.00021  75.4%  27.0  570s
 1945594 342401    0.00021   63   67    0.00084    0.00021  75.4%  27.0  575s
 1963493 346021    0.00075   64   55    0.00084    0.00021  75.4%  27.1  580s
 1980169 350000    0.00021   45   48    0.00084    0.00021  75.4%  27.1  585s
H1987838 308683                       0.0008310    0.00021  75.2%  27.1  587s
 1996128 310536     cutoff   78         0.00083    0.00021  75.2%  27.1  590s
 2014599 312839     cutoff   71         0.00083    0.00021  75.2%  27.1  595s
 2030715 315257    0.00021   56   68    0.00083    0.00021  75.2%  27.1  600s
H2037910 316412                       0.0008310    0.00021  75.2%  27.1  602s
H2040617 316451                       0.0008282    0.00021  75.2%  27.1  603s
H2042651 315948                       0.0008167    0.00021  74.8%  27.1  604s
H2045059 316085                       0.0008167    0.00021  74.8%  27.1  604s
 2045236 316185    0.00052   64   54    0.00082    0.00021  74.8%  27.1  605s
H2045578 316185                       0.0008167    0.00021  74.8%  27.1  605s
H2058598 316936                       0.0008167    0.00021  74.8%  27.1  609s
 2061228 317263    0.00021   67   57    0.00082    0.00021  74.8%  27.1  610s
H2074286 318142                       0.0008167    0.00021  74.8%  27.1  614s
 2076372 318464    0.00032   56   53    0.00082    0.00021  74.8%  27.1  615s
H2085159 318907                       0.0008167    0.00021  74.8%  27.1  616s
 2094439 319855    0.00021   65   57    0.00082    0.00021  74.8%  27.1  620s
H2098908 320198                       0.0008167    0.00021  74.8%  27.1  621s
 2107870 320885    0.00035   86   42    0.00082    0.00021  74.8%  27.1  625s
H2119282 321180                       0.0008167    0.00021  74.8%  27.1  628s
 2123437 321375    0.00021   69   48    0.00082    0.00021  74.8%  27.1  630s
H2130707 321635                       0.0008167    0.00021  74.8%  27.1  632s
H2138160 321348                       0.0008074    0.00021  74.5%  27.1  634s
 2139519 321345    0.00021   69   56    0.00081    0.00021  74.5%  27.1  636s
 2152288 322242 infeasible   68         0.00081    0.00021  74.5%  27.1  640s
H2164172 323191                       0.0008074    0.00021  74.5%  27.1  644s
 2165953 323739    0.00021   63   51    0.00081    0.00021  74.5%  27.1  645s
 2179793 327335 infeasible   77         0.00081    0.00021  74.5%  27.1  650s
 2198290 329222    0.00021   74   53    0.00081    0.00021  74.5%  27.1  655s
 2213961 331573    0.00021   75   53    0.00081    0.00021  74.5%  27.1  660s
H2224922 332961                       0.0008074    0.00021  74.5%  27.1  663s
 2227932 333699    0.00025   66   47    0.00081    0.00021  74.5%  27.1  665s
H2230911 334606                       0.0008074    0.00021  74.5%  27.1  665s
 2245238 338307    0.00021   54   58    0.00081    0.00021  74.5%  27.1  670s
H2251548 339773                       0.0008073    0.00021  74.5%  27.1  671s
 2265697 344055     cutoff   84         0.00081    0.00021  74.5%  27.1  675s
 2282496 348207     cutoff   70         0.00081    0.00021  74.5%  27.1  680s
 2299842 352157     cutoff   65         0.00081    0.00021  74.5%  27.0  685s
H2316439 355475                       0.0008073    0.00021  74.5%  27.0  689s
 2316884 355850    0.00021   69   60    0.00081    0.00021  74.5%  27.0  690s
 2332380 357646    0.00021   70   48    0.00081    0.00021  74.5%  27.0  695s
H2352477 362132                       0.0008073    0.00021  74.5%  27.0  700s
 2371738 367992     cutoff   71         0.00081    0.00021  74.5%  27.0  705s
H2379933 369980                       0.0008073    0.00021  74.5%  27.0  706s
H2380795 369980                       0.0008073    0.00021  74.5%  27.0  707s
H2382322 370333                       0.0008073    0.00021  74.5%  27.0  708s
 2386034 371509    0.00024   75   51    0.00081    0.00021  74.5%  27.0  710s
H2399103 373816                       0.0008073    0.00021  74.5%  27.0  712s
 2404953 375504    0.00021   42   47    0.00081    0.00021  74.5%  27.0  715s
 2427296 380275    0.00029   71   47    0.00081    0.00021  74.5%  27.0  720s
 2444555 382715     cutoff   75         0.00081    0.00021  74.5%  27.0  725s
H2448404 383085                       0.0008073    0.00021  74.5%  27.0  725s
 2459262 384049     cutoff   76         0.00081    0.00021  74.5%  27.0  730s
 2476739 385218    0.00074   69   49    0.00081    0.00021  74.5%  27.0  735s
H2489885 386001                       0.0008073    0.00021  74.5%  27.0  739s
 2491582 386030 infeasible   95         0.00081    0.00021  74.5%  27.0  740s
H2503396 385965                       0.0008073    0.00021  74.5%  27.0  744s
 2505112 386152     cutoff   72         0.00081    0.00021  74.5%  27.0  745s
 2521801 386622    0.00021   80   50    0.00081    0.00021  74.5%  27.0  750s
 2539681 388662     cutoff   78         0.00081    0.00021  74.5%  27.0  755s
 2554272 389546    0.00025   71   43    0.00081    0.00021  74.5%  27.0  760s
H2555319 389544                       0.0008073    0.00021  74.5%  27.0  760s
H2558200 389697                       0.0008073    0.00021  74.5%  27.0  761s
H2559669 389757                       0.0008073    0.00021  74.5%  27.0  762s
 2569502 390914    0.00021   69   54    0.00081    0.00021  74.5%  27.0  765s
 2587546 392460     cutoff   63         0.00081    0.00021  74.5%  27.0  770s
H2598140 393591                       0.0008073    0.00021  74.5%  27.0  774s
 2598160 394068 infeasible   54         0.00081    0.00021  74.5%  27.0  775s
 2618633 400117    0.00021   69   62    0.00081    0.00021  74.5%  27.0  780s
 2638473 404752     cutoff   85         0.00081    0.00021  74.5%  27.0  785s
 2657068 409012    0.00036   55   49    0.00081    0.00021  74.5%  26.9  790s
 2674116 412901    0.00044   78   53    0.00081    0.00021  74.5%  26.9  795s
 2690973 416605 infeasible   51         0.00081    0.00021  74.5%  26.9  800s
 2710133 421919 infeasible   87         0.00081    0.00021  74.5%  26.9  805s
 2729128 427143    0.00055   60   51    0.00081    0.00021  74.5%  26.9  810s
H2729132 427143                       0.0008073    0.00021  74.5%  26.9  810s
 2747717 431400 infeasible   64         0.00081    0.00021  74.5%  26.9  816s
H2747732 431399                       0.0008073    0.00021  74.5%  26.9  816s
H2749369 432016                       0.0008073    0.00021  74.5%  26.9  817s
 2759916 434605     cutoff   68         0.00081    0.00021  74.5%  26.9  820s
H2767427 436058                       0.0008073    0.00021  74.5%  26.9  822s
H2767578 436422                       0.0008073    0.00021  74.5%  26.9  823s
 2773616 437663    0.00021   60   49    0.00081    0.00021  74.5%  26.9  825s
H2781450 439438                       0.0008073    0.00021  74.5%  26.9  827s
 2787692 440905    0.00021   72   55    0.00081    0.00021  74.5%  26.9  830s
 2805444 444840    0.00021   80   43    0.00081    0.00021  74.5%  26.9  835s
 2823122 448609    0.00044   70   49    0.00081    0.00021  74.5%  26.9  840s
 2839291 450375     cutoff   73         0.00081    0.00021  74.5%  26.9  845s
 2852890 451606    0.00021   62   61    0.00081    0.00021  74.5%  26.9  850s
H2857235 451886                       0.0008073    0.00021  74.5%  26.9  852s
 2865891 453325 infeasible   87         0.00081    0.00021  74.5%  26.9  855s
 2882395 455154    0.00062   71   48    0.00081    0.00021  74.5%  26.9  860s
 2902332 456286     cutoff   74         0.00081    0.00021  74.5%  26.9  865s
 2919115 458233    0.00021   61   58    0.00081    0.00021  74.5%  26.9  870s
 2932582 462273    0.00021   52   46    0.00081    0.00021  74.5%  26.9  875s
 2951010 466854     cutoff   63         0.00081    0.00021  74.5%  26.9  880s
 2967839 470258    0.00021   72   57    0.00081    0.00021  74.5%  26.9  885s
 2987958 474181    0.00021   74   46    0.00081    0.00021  74.5%  26.9  890s
 3007805 478602    0.00021   49   45    0.00081    0.00021  74.5%  26.9  895s
 3025184 482349    0.00021   66   44    0.00081    0.00021  74.5%  26.9  900s
 3042063 486477     cutoff   77         0.00081    0.00021  74.5%  26.9  905s
H3055368 489183                       0.0008073    0.00021  74.5%  26.9  909s
 3056479 489591    0.00052   61   57    0.00081    0.00021  74.5%  26.9  910s
 3078316 494149     cutoff   70         0.00081    0.00021  74.5%  26.9  915s
 3096151 497640    0.00021   74   47    0.00081    0.00021  74.5%  26.8  920s
 3112281 499626    0.00021   58   58    0.00081    0.00021  74.5%  26.8  925s
 3129115 502552 infeasible   71         0.00081    0.00021  74.5%  26.8  930s
 3142318 504013    0.00021   69   56    0.00081    0.00021  74.5%  26.8  935s
 3161401 505748    0.00055   74   50    0.00081    0.00021  74.5%  26.8  940s
 3176607 506954     cutoff   66         0.00081    0.00021  74.5%  26.8  945s
 3193249 508724    0.00021   77   50    0.00081    0.00021  74.5%  26.8  950s
 3207458 509844    0.00021   74   44    0.00081    0.00021  74.5%  26.8  955s
 3223343 511001     cutoff   83         0.00081    0.00021  74.5%  26.9  960s
 3239863 512623    0.00079   91   46    0.00081    0.00021  74.5%  26.9  965s
 3254209 513187    0.00021   60   60    0.00081    0.00021  74.5%  26.9  970s
 3268402 513676     cutoff   68         0.00081    0.00021  74.5%  26.9  975s
 3285752 514998     cutoff   71         0.00081    0.00021  74.5%  26.9  980s
 3304625 516800    0.00030   79   59    0.00081    0.00021  74.5%  26.9  986s
 3319622 518665     cutoff   76         0.00081    0.00021  74.5%  26.9  990s
 3334786 519652    0.00021   63   51    0.00081    0.00021  74.5%  26.9  995s
 3350246 521164    0.00021   79   44    0.00081    0.00021  74.5%  26.9 1000s
 3367327 524765    0.00023   85   49    0.00081    0.00021  74.5%  26.9 1005s
 3384099 526304    0.00030   77   48    0.00081    0.00021  74.5%  26.9 1010s
 3401217 527022     cutoff   82         0.00081    0.00021  74.5%  26.9 1015s
H3401242 473097                       0.0004834    0.00021  57.4%  26.9 1015s
 3418024 476029     cutoff   61         0.00048    0.00021  57.4%  26.9 1020s
H3427591 478696                       0.0004834    0.00021  57.4%  26.9 1023s
H3428845 479059                       0.0004834    0.00021  57.4%  26.9 1023s
H3430742 454642                       0.0003840    0.00021  46.4%  26.9 1024s
H3434070 455350                       0.0003840    0.00021  46.4%  26.9 1024s
 3434593 455354    0.00021   64   47    0.00038    0.00021  46.4%  26.9 1025s
H3434612 455353                       0.0003840    0.00021  46.4%  26.9 1025s
H3440997 457621                       0.0003840    0.00021  46.4%  26.9 1027s
H3442652 457439                       0.0003824    0.00021  46.2%  26.9 1028s
H3445688 457048                       0.0003793    0.00021  45.7%  26.9 1028s
H3446990 457452                       0.0003793    0.00021  45.7%  26.9 1029s
 3450058 458389    0.00021   55   37    0.00038    0.00021  45.7%  26.9 1030s
 3467897 462457    0.00021   67   59    0.00038    0.00021  45.7%  26.9 1035s
 3485972 465780    0.00021   47   52    0.00038    0.00021  45.7%  26.9 1040s
H3487528 422317                       0.0002688    0.00021  23.4%  26.9 1041s
 3502548 426094    0.00021   64   58    0.00027    0.00021  23.4%  26.9 1045s
H3512061 427904                       0.0002688    0.00021  23.4%  26.9 1048s
H3514054 428049                       0.0002688    0.00021  23.4%  26.9 1048s
 3519069 429444     cutoff   80         0.00027    0.00021  23.4%  26.9 1050s
 3537109 433439     cutoff   66         0.00027    0.00021  23.4%  26.9 1055s
 3553237 435972    0.00021   53   53    0.00027    0.00021  23.4%  26.9 1060s
 3569374 438056    0.00021   70   51    0.00027    0.00021  23.4%  26.9 1065s
H3580082 439590                       0.0002688    0.00021  23.4%  26.9 1068s
H3581657 439643                       0.0002688    0.00021  23.4%  26.9 1068s
 3584114 439786     cutoff   69         0.00027    0.00021  23.4%  26.9 1070s
H3584134 377947                       0.0002107    0.00021  2.33%  26.9 1070s
H3590171 377722                       0.0002105    0.00021  2.25%  26.9 1072s
 3595473 378431    0.00021   68   44    0.00021    0.00021  2.25%  26.9 1075s
 3616981 377998    0.00021   64   57    0.00021    0.00021  2.25%  26.9 1080s
 3635085 377868    0.00021   67   46    0.00021    0.00021  2.25%  26.8 1086s
 3648744 377248    0.00021   81   42    0.00021    0.00021  2.25%  26.8 1090s
H3654008 370271                       0.0002087    0.00021  1.41%  26.8 1092s
 3661125 370743     cutoff   57         0.00021    0.00021  1.41%  26.8 1095s
H3669594 335153                       0.0002064    0.00021  0.29%  26.9 1099s
 3669623 334974     cutoff   59         0.00021    0.00021  0.29%  26.9 1100s
H3671639 322590                       0.0002060    0.00021  0.11%  26.9 1100s
H3671989 305831                       0.0002058    0.00021  0.01%  26.9 1100s
H3673391 305464                       0.0002058    0.00021  0.01%  26.9 1101s
 3687323 305045     cutoff   77         0.00021    0.00021  0.01%  26.9 1105s
H3688252 299814                       0.0002058    0.00021  0.00%  26.9 1105s

Cutting planes:
  Gomory: 4
  Cover: 11
  Implied bound: 18
  Clique: 6
  MIR: 9
  StrongCG: 1
  Flow cover: 43
  RLT: 25
  Relax-and-lift: 32
  PSD: 1

Explored 3688256 nodes (99086661 simplex iterations) in 1105.93 seconds (570.31 work units)
Thread count was 12 (of 12 available processors)

Solution count 10: 0.000205814 0.000205828 0.000205829 ... 0.000379326

Optimal solution found (tolerance 1.00e-04)
Best objective 2.058137155993e-04, best bound 2.058065039989e-04, gap 0.0035%
