
Gurobi 11.0.2 (win64) logging started Tue Oct  1 18:05:58 2024

Set parameter LogFile to value ".\Experiments\Track_k_e_2\Logs\track_k_e_2_r2_c9.log"
Set parameter TimeLimit to value 3600
Gurobi Optimizer version 11.0.2 build v11.0.2rc0 (win64 - Windows 10.0 (19045.2))

CPU model: Intel(R) Core(TM) i7-10750H CPU @ 2.60GHz, instruction set [SSE2|AVX|AVX2]
Thread count: 6 physical cores, 12 logical processors, using up to 12 threads

Optimize a model with 298 rows, 462 columns and 1052 nonzeros
Model fingerprint: 0xda2dc908
Model has 6 quadratic objective terms
Model has 68 quadratic constraints
Model has 116 general constraints
Variable types: 458 continuous, 4 integer (4 binary)
Coefficient statistics:
  Matrix range     [9e-06, 1e+02]
  QMatrix range    [1e+00, 1e+00]
  QLMatrix range   [1e+00, 1e+00]
  Objective range  [1e-02, 2e-01]
  QObjective range [2e+00, 2e+00]
  Bounds range     [8e-05, 9e+01]
  RHS range        [8e-05, 1e+02]
  QRHS range       [1e-06, 1e-06]
Presolve added 60 rows and 0 columns
Presolve removed 0 rows and 97 columns
Presolve time: 0.01s
Presolved: 599 rows, 374 columns, 1669 nonzeros
Presolved model has 2 SOS constraint(s)
Presolved model has 4 quadratic objective terms
Presolved model has 57 bilinear constraint(s)
Presolved model has 4 nonlinear constraint(s)
Warning: Model contains variables with very large bounds participating
         in nonlinear terms.
         Presolve was not able to compute smaller bounds for these variables.
         Consider bounding these variables or reformulating the model.


Solving non-convex MINLP

Variable types: 284 continuous, 90 integer (90 binary)

Root relaxation: objective 2.058065e-04, 441 iterations, 0.00 seconds (0.00 work units)

    Nodes    |    Current Node    |     Objective Bounds      |     Work
 Expl Unexpl |  Obj  Depth IntInf | Incumbent    BestBd   Gap | It/Node Time

     0     0    0.00021    0   57          -    0.00021      -     -    0s
     0     0    0.00021    0   57          -    0.00021      -     -    0s
     0     0    0.00021    0   72          -    0.00021      -     -    0s
     0     0    0.00021    0   72          -    0.00021      -     -    0s
     0     0    0.00021    0  107          -    0.00021      -     -    0s
     0     0    0.00021    0   64          -    0.00021      -     -    0s
     0     2    0.00021    0   64          -    0.00021      -     -    0s
 15462  5060    0.01187   57   45          -    0.00021      -  45.0    5s
 33012  9885    0.00369   63   35          -    0.00021      -  47.7   10s
 49706 13643    0.00021   51   54          -    0.00021      -  48.0   15s
 67122 17595    0.00021   41   48          -    0.00021      -  48.7   20s
 82155 19915    0.01569   60   54          -    0.00021      -  47.9   25s
 96681 24826    0.00273   48   45          -    0.00021      -  47.7   30s
 117280 29462 infeasible   50               -    0.00021      -  46.5   35s
 136338 34007    0.00084   63   37          -    0.00021      -  46.2   40s
 153308 38015    0.00030   51   46          -    0.00021      -  46.3   45s
 172321 42506 infeasible   64               -    0.00021      -  45.5   50s
 193032 46675    0.00027   64   44          -    0.00021      -  44.1   55s
 212326 50883    0.00021   58   48          -    0.00021      -  43.7   60s
 231292 55384    0.00021   46   32          -    0.00021      -  43.2   65s
 251179 59567    0.00021   54   47          -    0.00021      -  42.7   70s
 270855 63314 infeasible   74               -    0.00021      -  42.6   75s
 292181 70164 infeasible   71               -    0.00021      -  42.3   80s
 310799 75182    0.00021   61   54          -    0.00021      -  42.1   85s
 331434 81285    0.00392   60   34          -    0.00021      -  41.8   90s
 355354 86464    0.00021   42   38          -    0.00021      -  41.2   95s
 372900 89930 infeasible   55               -    0.00021      -  41.5  100s
 392095 92522    0.00034   51   44          -    0.00021      -  41.6  105s
 409300 94839 infeasible   70               -    0.00021      -  41.7  110s
 426851 97882 infeasible   59               -    0.00021      -  41.5  115s
 447051 101314 infeasible   58               -    0.00021      -  41.3  120s
 466468 105014    2.63253   49   59          -    0.00021      -  41.3  125s
 485824 110324    0.00021   74   45          -    0.00021      -  41.3  130s
 505392 114726 infeasible   58               -    0.00021      -  41.2  135s
 526514 119085    0.00313   65   35          -    0.00021      -  40.9  140s
 549911 123513    0.00514   60   46          -    0.00021      -  40.6  145s
 569372 126892 infeasible   65               -    0.00021      -  40.5  150s
 591513 130505    0.00021   41   48          -    0.00021      -  40.2  155s
 612371 137278    0.00021   67   53          -    0.00021      -  40.0  160s
 635438 143134 infeasible   72               -    0.00021      -  39.7  165s
 657423 149443    0.00021   73   51          -    0.00021      -  39.6  170s
 677749 155085    0.00084   72   37          -    0.00021      -  39.3  175s
 695022 158107    0.00021   70   36          -    0.00021      -  39.3  180s
 713411 162182 infeasible   63               -    0.00021      -  39.5  185s
 732351 166505    0.00021   57   49          -    0.00021      -  39.6  190s
 752599 170226    0.00021   65   44          -    0.00021      -  39.6  195s
 773654 175696    0.00084   55   33          -    0.00021      -  39.4  200s
 793505 180587    0.00021   57   44          -    0.00021      -  39.3  205s
 813849 186121    0.00021   62   56          -    0.00021      -  38.9  210s
 836729 192594    0.00021   63   46          -    0.00021      -  38.6  215s
 858861 198480    0.00023   75   56          -    0.00021      -  38.3  220s
 879324 201732    0.00084   42   41          -    0.00021      -  38.2  225s
 899406 205091    0.00260   79   32          -    0.00021      -  38.1  230s
 917073 209544    0.00021   71   48          -    0.00021      -  38.1  235s
 938117 214993    0.00343   82   46          -    0.00021      -  37.9  240s
 960788 220297 infeasible   53               -    0.00021      -  37.7  245s
 981815 225953 infeasible   86               -    0.00021      -  37.6  250s
 1002957 231720    0.00436   69   45          -    0.00021      -  37.5  255s
 1024721 236523 infeasible   83               -    0.00021      -  37.3  260s
 1048006 241886    0.00210   73   57          -    0.00021      -  37.1  265s
 1069503 246099    0.00183   74   51          -    0.00021      -  37.1  270s
 1088498 249616    0.00021   56   61          -    0.00021      -  37.1  275s
 1110030 253675 infeasible   65               -    0.00021      -  37.0  280s
 1131162 258488    0.00398   73   42          -    0.00021      -  36.9  285s
 1150784 262351 infeasible   49               -    0.00021      -  36.8  290s
 1171718 266760    0.00021   52   60          -    0.00021      -  36.8  295s
 1195226 271485 infeasible   61               -    0.00021      -  36.7  300s
 1216192 275386    0.00021   54   49          -    0.00021      -  36.6  305s
 1240578 279928    0.00440   72   46          -    0.00021      -  36.5  310s
 1262891 284308    0.00317   59   50          -    0.00021      -  36.4  315s
 1281494 288426    0.00084   48   43          -    0.00021      -  36.4  320s
 1301991 292340 infeasible   71               -    0.00021      -  36.4  325s
 1325535 297539    0.00034   77   49          -    0.00021      -  36.3  330s
 1346177 301857    0.00027   69   40          -    0.00021      -  36.2  335s
 1366960 305957 infeasible   42               -    0.00021      -  36.1  340s
 1389446 309664 infeasible   83               -    0.00021      -  36.1  345s
 1410888 313550    0.55411   68   42          -    0.00021      -  36.1  350s
 1430769 316635    0.00021   61   61          -    0.00021      -  36.0  355s
 1453320 320676    0.00021   58   44          -    0.00021      -  36.0  360s
 1477744 327051 infeasible   58               -    0.00021      -  35.8  365s
 1499959 330767 infeasible   60               -    0.00021      -  35.7  370s
 1522217 334884 infeasible   85               -    0.00021      -  35.6  375s
 1550376 340224 infeasible   51               -    0.00021      -  35.3  380s
 1577474 345841    0.00142   77   27          -    0.00021      -  35.0  385s
 1601184 349872    0.00103   66   44          -    0.00021      -  34.9  390s
 1622349 353765 infeasible   70               -    0.00021      -  34.8  395s
 1648268 358916 infeasible   69               -    0.00021      -  34.7  400s
 1669659 363174    0.00452   89   40          -    0.00021      -  34.6  405s
 1694844 366765    0.00021   69   46          -    0.00021      -  34.5  410s
 1716922 370856 infeasible   67               -    0.00021      -  34.5  415s
 1737084 373855    0.00037   55   45          -    0.00021      -  34.4  420s
 1761351 377608 infeasible   70               -    0.00021      -  34.3  425s
 1786092 382000    0.00270   43   49          -    0.00021      -  34.2  430s
 1809430 386707 infeasible   80               -    0.00021      -  34.2  435s
 1831435 389855    0.00188   73   41          -    0.00021      -  34.1  440s
 1854780 395366    0.00021   59   54          -    0.00021      -  34.1  445s
 1878983 399934    0.00604   83   36          -    0.00021      -  34.0  450s
 1905335 405511    0.00144   82   42          -    0.00021      -  33.9  455s
*1907994 351957             106       0.0050089    0.00021  95.9%  33.9  455s
H1909634 352032                       0.0050089    0.00021  95.9%  33.9  456s
H1910285 350655                       0.0049480    0.00021  95.8%  33.9  456s
H1910902 350655                       0.0049480    0.00021  95.8%  33.9  456s
H1913936 351356                       0.0049480    0.00021  95.8%  33.9  457s
H1915202 342061                       0.0046414    0.00021  95.6%  33.9  458s
H1915510 342061                       0.0046414    0.00021  95.6%  33.9  458s
H1917950 342525                       0.0046414    0.00021  95.6%  33.9  459s
 1922026 343041    0.00021   60   60    0.00464    0.00021  95.6%  33.9  460s
H1922206 343041                       0.0046414    0.00021  95.6%  33.9  460s
H1922414 292242                       0.0035664    0.00021  94.2%  33.9  461s
H1923614 292242                       0.0035663    0.00021  94.2%  33.8  461s
H1924209 292240                       0.0035663    0.00021  94.2%  33.8  461s
 1933939 294104    0.00220   63   48    0.00357    0.00021  94.2%  33.8  465s
H1940586 294789                       0.0035663    0.00021  94.2%  33.8  466s
H1940724 294586                       0.0035624    0.00021  94.2%  33.8  467s
H1940838 294595                       0.0035624    0.00021  94.2%  33.8  468s
 1940915 294604    0.00021   85   43    0.00356    0.00021  94.2%  33.8  470s
H1942041 294843                       0.0035624    0.00021  94.2%  33.8  472s
H1946415 295347                       0.0035624    0.00021  94.2%  33.8  473s
H1947239 283265                       0.0033832    0.00021  93.9%  33.8  474s
H1947568 283261                       0.0033831    0.00021  93.9%  33.8  474s
 1949181 283476     cutoff   58         0.00338    0.00021  93.9%  33.8  475s
H1961713 284806                       0.0033831    0.00021  93.9%  33.7  479s
 1962248 285185    0.00277   74   41    0.00338    0.00021  93.9%  33.7  480s
H1964710 247127                       0.0028105    0.00021  92.7%  33.7  480s
H1965988 247127                       0.0028105    0.00021  92.7%  33.7  480s
H1966167 247127                       0.0028105    0.00021  92.7%  33.7  480s
H1970659 247930                       0.0028104    0.00021  92.7%  33.7  482s
H1973925 232158                       0.0025361    0.00021  91.9%  33.7  483s
 1979709 232733    0.00086   83   36    0.00254    0.00021  91.9%  33.6  485s
H1981910 232806                       0.0025360    0.00021  91.9%  33.6  486s
H1983368 232859                       0.0025360    0.00021  91.9%  33.6  486s
H1984279 232855                       0.0025360    0.00021  91.9%  33.6  486s
 1994312 233657     cutoff   78         0.00254    0.00021  91.9%  33.6  490s
H1994809 233654                       0.0025360    0.00021  91.9%  33.6  490s
H1996798 225855                       0.0024495    0.00021  91.6%  33.6  491s
H2008312 227199                       0.0024495    0.00021  91.6%  33.6  495s
H2021771 227871                       0.0024495    0.00021  91.6%  33.5  499s
 2022883 227964 infeasible   67         0.00245    0.00021  91.6%  33.5  500s
 2038756 228815    0.00021   58   57    0.00245    0.00021  91.6%  33.4  505s
 2052594 230117    0.00021   51   45    0.00245    0.00021  91.6%  33.4  510s
 2066055 231034    0.00021   54   44    0.00245    0.00021  91.6%  33.4  515s
H2075567 231829                       0.0024495    0.00021  91.6%  33.4  518s
H2078117 210330                       0.0020963    0.00021  90.2%  33.4  519s
 2080245 210412     cutoff   73         0.00210    0.00021  90.2%  33.4  520s
H2095685 212014                       0.0020963    0.00021  90.2%  33.3  524s
 2096928 212224    0.00021   57   44    0.00210    0.00021  90.2%  33.3  525s
H2098265 212224                       0.0020963    0.00021  90.2%  33.3  525s
H2098846 212410                       0.0020963    0.00021  90.2%  33.3  525s
H2102880 212516                       0.0020963    0.00021  90.2%  33.3  527s
H2103584 212516                       0.0020963    0.00021  90.2%  33.3  527s
H2103752 212639                       0.0020963    0.00021  90.2%  33.3  527s
 2110441 212922    0.00021   67   56    0.00210    0.00021  90.2%  33.3  530s
 2128404 213841    0.00021   68   48    0.00210    0.00021  90.2%  33.3  535s
 2147607 215221    0.00021   59   48    0.00210    0.00021  90.2%  33.2  540s
H2153148 215452                       0.0020963    0.00021  90.2%  33.2  542s
 2161490 215862    0.00021   67   49    0.00210    0.00021  90.2%  33.2  545s
 2177584 216851    0.00021   56   44    0.00210    0.00021  90.2%  33.1  550s
H2184785 217256                       0.0020963    0.00021  90.2%  33.1  552s
H2187368 217579                       0.0020962    0.00021  90.2%  33.1  553s
 2194810 217875    0.00021   54   53    0.00210    0.00021  90.2%  33.1  555s
 2207835 218402     cutoff   47         0.00210    0.00021  90.2%  33.0  560s
 2224115 219408    0.00068   72   55    0.00210    0.00021  90.2%  33.1  565s
 2240734 220227     cutoff   65         0.00210    0.00021  90.2%  33.0  570s
 2256166 221359    0.00021   59   47    0.00210    0.00021  90.2%  33.0  575s
 2269917 222700    0.00021   64   50    0.00210    0.00021  90.2%  33.0  580s
 2288003 223889    0.00021   65   42    0.00210    0.00021  90.2%  32.9  585s
 2305411 225527    0.00021   62   47    0.00210    0.00021  90.2%  32.9  590s
 2320230 227067 infeasible   74         0.00210    0.00021  90.2%  32.8  595s
H2333775 224387                       0.0020319    0.00021  89.9%  32.8  598s
H2336776 224802                       0.0020319    0.00021  89.9%  32.8  599s
H2337411 224802                       0.0020319    0.00021  89.9%  32.8  599s
 2338304 224934 infeasible   52         0.00203    0.00021  89.9%  32.8  600s
H2341457 225147                       0.0020318    0.00021  89.9%  32.8  602s
H2346123 225399                       0.0020318    0.00021  89.9%  32.8  603s
 2348684 225716    0.00021   70   44    0.00203    0.00021  89.9%  32.8  605s
H2349400 225713                       0.0020318    0.00021  89.9%  32.8  605s
H2349820 187881                       0.0014197    0.00021  85.5%  32.8  605s
H2351295 188058                       0.0014197    0.00021  85.5%  32.8  606s
H2358596 188578                       0.0014196    0.00021  85.5%  32.8  608s
 2365862 189271     cutoff   74         0.00142    0.00021  85.5%  32.7  610s
H2378513 190007                       0.0014196    0.00021  85.5%  32.7  614s
H2379537 190064                       0.0014196    0.00021  85.5%  32.7  614s
 2382086 190130    0.00021   58   35    0.00142    0.00021  85.5%  32.7  615s
H2389136 190581                       0.0014196    0.00021  85.5%  32.7  617s
 2396532 191055    0.00023   71   37    0.00142    0.00021  85.5%  32.6  620s
 2412671 192166    0.00021   59   51    0.00142    0.00021  85.5%  32.6  625s
 2431160 193190    0.00021   59   45    0.00142    0.00021  85.5%  32.6  630s
H2439094 191141                       0.0013813    0.00021  85.1%  32.6  632s
H2439732 190750                       0.0013744    0.00021  85.0%  32.6  633s
 2445855 191098    0.00084   72   38    0.00137    0.00021  85.0%  32.6  635s
H2449030 191202                       0.0013744    0.00021  85.0%  32.6  635s
H2452836 191348                       0.0013744    0.00021  85.0%  32.5  637s
 2463467 192090     cutoff   56         0.00137    0.00021  85.0%  32.6  640s
 2479791 193092    0.00034   63   43    0.00137    0.00021  85.0%  32.6  645s
 2498121 194754 infeasible   91         0.00137    0.00021  85.0%  32.6  650s
H2498616 194750                       0.0013744    0.00021  85.0%  32.6  650s
H2502536 191885                       0.0013233    0.00021  84.4%  32.5  651s
H2509863 187968                       0.0012552    0.00021  83.6%  32.5  654s
 2513055 188136    0.00021   62   51    0.00126    0.00021  83.6%  32.5  655s
H2527627 188952                       0.0012552    0.00021  83.6%  32.5  659s
 2527628 189001     cutoff   65         0.00126    0.00021  83.6%  32.5  660s
H2541074 188117                       0.0012371    0.00021  83.4%  32.5  664s
 2544072 188138    0.00021   66   53    0.00124    0.00021  83.4%  32.5  665s
H2554884 188180                       0.0012371    0.00021  83.4%  32.5  669s
 2556640 188284    0.00053   72   47    0.00124    0.00021  83.4%  32.5  670s
H2557864 188282                       0.0012371    0.00021  83.4%  32.5  670s
H2561617 188315                       0.0012370    0.00021  83.4%  32.5  671s
 2571346 188435    0.00021   58   46    0.00124    0.00021  83.4%  32.4  675s
H2574731 188429                       0.0012370    0.00021  83.4%  32.4  675s
 2584975 188833     cutoff   67         0.00124    0.00021  83.4%  32.4  680s
 2598377 189661     cutoff   67         0.00124    0.00021  83.4%  32.4  685s
 2613178 190526     cutoff   59         0.00124    0.00021  83.4%  32.4  690s
 2630279 191588    0.00027   78   56    0.00124    0.00021  83.4%  32.4  695s
 2647050 192733     cutoff   68         0.00124    0.00021  83.4%  32.4  700s
 2661752 193914 infeasible   53         0.00124    0.00021  83.4%  32.3  705s
 2674699 194339    0.00024   49   55    0.00124    0.00021  83.4%  32.3  710s
 2687222 195010    0.00084   62   33    0.00124    0.00021  83.4%  32.3  715s
 2705266 195984 infeasible   56         0.00124    0.00021  83.4%  32.2  720s
 2719344 197813    0.00081   70   43    0.00124    0.00021  83.4%  32.2  725s
 2735272 199395    0.00021   44   68    0.00124    0.00021  83.4%  32.1  730s
 2747558 200223    0.00021   55   52    0.00124    0.00021  83.4%  32.2  735s
 2761537 200807    0.00039   71   52    0.00124    0.00021  83.4%  32.2  740s
 2775565 201396     cutoff   61         0.00124    0.00021  83.4%  32.2  745s
 2791908 202354    0.00094   66   53    0.00124    0.00021  83.4%  32.2  750s
H2792167 202354                       0.0012370    0.00021  83.4%  32.2  750s
H2794597 202488                       0.0012370    0.00021  83.4%  32.2  752s
 2803385 202659    0.00097   66   47    0.00124    0.00021  83.4%  32.1  755s
H2804229 202657                       0.0012370    0.00021  83.4%  32.1  755s
H2805142 202654                       0.0012370    0.00021  83.4%  32.1  756s
H2805744 202641                       0.0012370    0.00021  83.4%  32.2  756s
H2813212 192743                       0.0010933    0.00021  81.2%  32.1  759s
 2815848 192886 infeasible   64         0.00109    0.00021  81.2%  32.1  760s
H2819463 193010                       0.0010933    0.00021  81.2%  32.1  761s
H2823380 193104                       0.0010933    0.00021  81.2%  32.1  763s
 2826967 193213    0.00021   66   53    0.00109    0.00021  81.2%  32.1  765s
 2838380 193350    0.00021   48   55    0.00109    0.00021  81.2%  32.2  770s
 2852997 193936    0.00021   57   55    0.00109    0.00021  81.2%  32.2  775s
H2867050 194701                       0.0010933    0.00021  81.2%  32.1  779s
 2867826 194886     cutoff   61         0.00109    0.00021  81.2%  32.1  780s
H2868354 194884                       0.0010933    0.00021  81.2%  32.1  780s
 2881419 195837    0.00021   83   56    0.00109    0.00021  81.2%  32.1  785s
 2895483 196787     cutoff   63         0.00109    0.00021  81.2%  32.1  790s
H2904082 197569                       0.0010933    0.00021  81.2%  32.1  793s
H2906557 197599                       0.0010933    0.00021  81.2%  32.1  794s
 2907335 197606    0.00021   61   56    0.00109    0.00021  81.2%  32.1  795s
 2921083 198357     cutoff   67         0.00109    0.00021  81.2%  32.1  800s
 2933484 198481    0.00021   55   34    0.00109    0.00021  81.2%  32.1  805s
 2948315 199258     cutoff   69         0.00109    0.00021  81.2%  32.1  810s
 2963790 199873    0.00021   67   51    0.00109    0.00021  81.2%  32.1  815s
H2972888 200304                       0.0010932    0.00021  81.2%  32.1  818s
H2973939 200548                       0.0010932    0.00021  81.2%  32.1  818s
H2975373 200548                       0.0010932    0.00021  81.2%  32.1  818s
 2976929 200873    0.00021   64   57    0.00109    0.00021  81.2%  32.1  820s
 2989384 201427    0.00021   53   44    0.00109    0.00021  81.2%  32.1  825s
 2999485 201467 infeasible   57         0.00109    0.00021  81.2%  32.1  830s
 3015375 202471 infeasible   68         0.00109    0.00021  81.2%  32.1  835s
 3029127 203191    0.00021   50   58    0.00109    0.00021  81.2%  32.1  840s
 3042782 205044 infeasible   52         0.00109    0.00021  81.2%  32.1  845s
H3043901 200594                       0.0010401    0.00021  80.2%  32.0  845s
H3049692 200998                       0.0010401    0.00021  80.2%  32.0  847s
H3052650 189297                       0.0008961    0.00021  77.0%  32.0  848s
H3053300 189297                       0.0008961    0.00021  77.0%  32.0  848s
 3056153 189789    0.00065   79   42    0.00090    0.00021  77.0%  32.0  850s
H3057614 189789                       0.0008961    0.00021  77.0%  32.0  850s
 3067762 191322 infeasible   59         0.00090    0.00021  77.0%  32.1  856s
 3077378 192701     cutoff   74         0.00090    0.00021  77.0%  32.1  860s
 3087103 193788    0.00021   40   68    0.00090    0.00021  77.0%  32.1  865s
 3098865 195101     cutoff   57         0.00090    0.00021  77.0%  32.1  870s
 3111259 196205 infeasible   53         0.00090    0.00021  77.0%  32.1  876s
 3123809 197208    0.00021   58   43    0.00090    0.00021  77.0%  32.0  880s
 3134700 198151    0.00084   61   37    0.00090    0.00021  77.0%  32.0  885s
 3141692 198877 infeasible   60         0.00090    0.00021  77.0%  32.0  890s
 3152589 200225    0.00021   56   46    0.00090    0.00021  77.0%  32.1  895s
 3160704 201658    0.00021   56   50    0.00090    0.00021  77.0%  32.1  900s
 3171292 202696    0.00087   55   47    0.00090    0.00021  77.0%  32.1  905s
 3184929 204055     cutoff   51         0.00090    0.00021  77.0%  32.1  910s
 3194663 205358    0.00084   50   49    0.00090    0.00021  77.0%  32.1  915s
 3205389 206654     cutoff   63         0.00090    0.00021  77.0%  32.1  920s
 3215178 208343    0.00084   43   27    0.00090    0.00021  77.0%  32.1  925s
 3224344 209685 infeasible   67         0.00090    0.00021  77.0%  32.1  930s
 3238868 211494     cutoff   70         0.00090    0.00021  77.0%  32.1  935s
 3249633 213428    0.00021   57   45    0.00090    0.00021  77.0%  32.1  940s
 3263808 215228    0.00037   49   60    0.00090    0.00021  77.0%  32.1  946s
 3275673 217173    0.00021   46   35    0.00090    0.00021  77.0%  32.1  951s
 3284485 219019 infeasible   58         0.00090    0.00021  77.0%  32.1  955s
 3296111 220499 infeasible   61         0.00090    0.00021  77.0%  32.1  960s
 3310227 222580    0.00021   69   55    0.00090    0.00021  77.0%  32.1  965s
 3320968 223381    0.00021   46   49    0.00090    0.00021  77.0%  32.1  970s
 3334786 226444    0.00021   56   54    0.00090    0.00021  77.0%  32.1  976s
 3344420 228878    0.00021   54   65    0.00090    0.00021  77.0%  32.1  980s
 3356841 231296    0.00021   69   47    0.00090    0.00021  77.0%  32.1  985s
 3368441 233898    0.00084   65   38    0.00090    0.00021  77.0%  32.1  990s
 3383595 237146    0.00021   54   49    0.00090    0.00021  77.0%  32.1  995s
 3395793 239382     cutoff   53         0.00090    0.00021  77.0%  32.1 1000s
 3409470 242011 infeasible   64         0.00090    0.00021  77.0%  32.1 1005s
 3418945 243852    0.00021   61   55    0.00090    0.00021  77.0%  32.1 1010s
 3429039 245974     cutoff   52         0.00090    0.00021  77.0%  32.1 1015s
 3446713 248696    0.00084   65   36    0.00090    0.00021  77.0%  32.0 1020s
 3456338 249862    0.00084   69   38    0.00090    0.00021  77.0%  32.0 1025s
 3465873 251105    0.00045   49   57    0.00090    0.00021  77.0%  32.0 1030s
 3479558 253225     cutoff   67         0.00090    0.00021  77.0%  32.0 1035s
 3493693 255210     cutoff   73         0.00090    0.00021  77.0%  32.0 1040s
 3505328 257103    0.00070   79   36    0.00090    0.00021  77.0%  32.1 1045s
 3516312 258637     cutoff   74         0.00090    0.00021  77.0%  32.1 1050s
 3526318 259793     cutoff   69         0.00090    0.00021  77.0%  32.0 1055s
 3537820 261161    0.00084   68   28    0.00090    0.00021  77.0%  32.0 1060s
 3552273 263229    0.00048   75   35    0.00090    0.00021  77.0%  32.0 1065s
 3565410 265134     cutoff   69         0.00090    0.00021  77.0%  32.0 1070s
 3579198 266663    0.00043   73   37    0.00090    0.00021  77.0%  32.1 1075s
 3591089 267956    0.00042   83   52    0.00090    0.00021  77.0%  32.1 1080s
 3604612 268750    0.00022   77   41    0.00090    0.00021  77.0%  32.0 1085s
 3613960 269418    0.00021   55   54    0.00090    0.00021  77.0%  32.1 1090s
 3623833 271012     cutoff   60         0.00090    0.00021  77.0%  32.1 1095s
 3635535 273000    0.00022   52   53    0.00090    0.00021  77.0%  32.1 1100s
 3646592 274529    0.00021   52   40    0.00090    0.00021  77.0%  32.1 1105s
 3658287 277343    0.00068   72   55    0.00090    0.00021  77.0%  32.1 1110s
 3670024 279654    0.00021   67   44    0.00090    0.00021  77.0%  32.1 1115s
 3682280 282455    0.00021   52   45    0.00090    0.00021  77.0%  32.1 1120s
 3694942 285148    0.00035   69   43    0.00090    0.00021  77.0%  32.1 1125s
 3706735 287935 infeasible   82         0.00090    0.00021  77.0%  32.1 1130s
 3719036 290719    0.00075   61   42    0.00090    0.00021  77.0%  32.0 1135s
 3732415 292977     cutoff   77         0.00090    0.00021  77.0%  32.0 1140s
 3745659 294437 infeasible   83         0.00090    0.00021  77.0%  32.0 1145s
H3748941 295040                       0.0008961    0.00021  77.0%  32.0 1147s
 3757810 295991     cutoff   74         0.00090    0.00021  77.0%  32.0 1150s
 3768445 297851     cutoff   63         0.00090    0.00021  77.0%  32.0 1155s
H3770980 298059                       0.0008960    0.00021  77.0%  32.0 1156s
 3778724 299464    0.00061   76   55    0.00090    0.00021  77.0%  32.0 1160s
 3792456 301553    0.00084   55   48    0.00090    0.00021  77.0%  32.0 1165s
 3803888 303906     cutoff   69         0.00090    0.00021  77.0%  32.0 1170s
 3817522 305821    0.00021   69   45    0.00090    0.00021  77.0%  32.0 1175s
 3831138 307995 infeasible   57         0.00090    0.00021  77.0%  32.0 1180s
 3842238 310224    0.00021   82   45    0.00090    0.00021  77.0%  32.0 1185s
 3855688 313828 infeasible   71         0.00090    0.00021  77.0%  32.0 1190s
 3868542 315990    0.00021   82   47    0.00090    0.00021  77.0%  32.0 1195s
 3880116 317088     cutoff   87         0.00090    0.00021  77.0%  31.9 1200s
 3892714 317781    0.00021   81   46    0.00090    0.00021  77.0%  31.9 1205s
 3904628 318448 infeasible   98         0.00090    0.00021  77.0%  31.9 1210s
H3912880 319280                       0.0008959    0.00021  77.0%  31.9 1212s
 3919369 320249    0.00023   77   44    0.00090    0.00021  77.0%  31.9 1215s
H3926471 321340                       0.0008959    0.00021  77.0%  31.9 1218s
 3931756 322153 infeasible   73         0.00090    0.00021  77.0%  31.9 1220s
 3946210 324071    0.00084   73   41    0.00090    0.00021  77.0%  31.9 1225s
 3958602 326315     cutoff   95         0.00090    0.00021  77.0%  31.9 1230s
 3973634 328690    0.00055   60   43    0.00090    0.00021  77.0%  31.9 1235s
 3986422 330490     cutoff   85         0.00090    0.00021  77.0%  31.9 1240s
 3998344 333105 infeasible   76         0.00090    0.00021  77.0%  31.9 1245s
 4011911 335719    0.00084   78   37    0.00090    0.00021  77.0%  31.9 1250s
 4026226 337688     cutoff   77         0.00090    0.00021  77.0%  31.9 1255s
 4038111 339585    0.00085   84   52    0.00090    0.00021  77.0%  31.9 1260s
 4051633 341575 infeasible   82         0.00090    0.00021  77.0%  31.9 1266s
 4062139 343065 infeasible   77         0.00090    0.00021  77.0%  31.9 1270s
 4073239 344299     cutoff   65         0.00090    0.00021  77.0%  31.9 1275s
H4081813 345173                       0.0008959    0.00021  77.0%  31.9 1277s
H4082568 345215                       0.0008959    0.00021  77.0%  31.9 1279s
 4084607 345951    0.00021   56   48    0.00090    0.00021  77.0%  31.9 1280s
 4097590 348123 infeasible   63         0.00090    0.00021  77.0%  31.9 1285s
 4109818 350507    0.00025   58   34    0.00090    0.00021  77.0%  31.9 1290s
 4124569 352314    0.00040   59   56    0.00090    0.00021  77.0%  31.8 1295s
 4136509 353727 infeasible   52         0.00090    0.00021  77.0%  31.8 1300s
 4145864 354790 infeasible   37         0.00090    0.00021  77.0%  31.8 1305s
 4156941 355689     cutoff   46         0.00090    0.00021  77.0%  31.8 1310s
 4170042 357368 infeasible   67         0.00090    0.00021  77.0%  31.8 1315s
 4186385 359871    0.00021   69   44    0.00090    0.00021  77.0%  31.8 1320s
 4205202 364598     cutoff   70         0.00090    0.00021  77.0%  31.8 1325s
 4222042 369164    0.00021   51   43    0.00090    0.00021  77.0%  31.8 1330s
 4238275 371516    0.00073   39   41    0.00090    0.00021  77.0%  31.8 1335s
 4251730 373837 infeasible   78         0.00090    0.00021  77.0%  31.8 1340s
 4268655 375860    0.00026   59   39    0.00090    0.00021  77.0%  31.7 1345s
 4285463 377980    0.00021   76   55    0.00090    0.00021  77.0%  31.7 1350s
 4299449 379920     cutoff   56         0.00090    0.00021  77.0%  31.7 1355s
 4317676 382106    0.00021   61   47    0.00090    0.00021  77.0%  31.7 1360s
 4333357 383424    0.00021   74   48    0.00090    0.00021  77.0%  31.7 1365s
 4349786 384626    0.00021   75   45    0.00090    0.00021  77.0%  31.7 1370s
 4367918 386894 infeasible   79         0.00090    0.00021  77.0%  31.7 1375s
 4386554 388837    0.00021   69   54    0.00090    0.00021  77.0%  31.7 1381s
 4403656 390596 infeasible   79         0.00090    0.00021  77.0%  31.7 1385s
 4415339 391703     cutoff   76         0.00090    0.00021  77.0%  31.7 1390s
 4429224 393917    0.00023   80   45    0.00090    0.00021  77.0%  31.7 1395s
 4445119 395649    0.00021   70   61    0.00090    0.00021  77.0%  31.7 1400s
 4463528 397665    0.00021   49   59    0.00090    0.00021  77.0%  31.8 1405s
H4482171 401475                       0.0008959    0.00021  77.0%  31.8 1410s
H4487328 402704                       0.0008958    0.00021  77.0%  31.8 1412s
 4498906 405093    0.00084   50   41    0.00090    0.00021  77.0%  31.8 1415s
 4514493 407811     cutoff   61         0.00090    0.00021  77.0%  31.7 1420s
 4530140 409979     cutoff   73         0.00090    0.00021  77.0%  31.7 1425s
 4549041 412481    0.00066   88   52    0.00090    0.00021  77.0%  31.7 1430s
 4567648 416220    0.00023   67   45    0.00090    0.00021  77.0%  31.7 1435s
 4582880 418355    0.00021   57   47    0.00090    0.00021  77.0%  31.7 1440s
 4599370 420584     cutoff   62         0.00090    0.00021  77.0%  31.7 1445s
 4614823 422984    0.00021   52   61    0.00090    0.00021  77.0%  31.6 1450s
 4630585 424660    0.00021   57   59    0.00090    0.00021  77.0%  31.6 1455s
 4648034 426947    0.00062   89   32    0.00090    0.00021  77.0%  31.6 1460s
 4669486 429838 infeasible   69         0.00090    0.00021  77.0%  31.6 1465s
 4685301 431779     cutoff   60         0.00090    0.00021  77.0%  31.6 1470s
 4699928 433338     cutoff   80         0.00090    0.00021  77.0%  31.6 1475s
 4715018 435109     cutoff   70         0.00090    0.00021  77.0%  31.6 1480s
 4730608 436935 infeasible   43         0.00090    0.00021  77.0%  31.6 1485s
 4746495 439650 infeasible   78         0.00090    0.00021  77.0%  31.6 1490s
 4761876 441911     cutoff   62         0.00090    0.00021  77.0%  31.6 1495s
 4778346 443523    0.00021   67   44    0.00090    0.00021  77.0%  31.6 1500s
 4795762 445829     cutoff   70         0.00090    0.00021  77.0%  31.6 1505s
 4816060 447850     cutoff   87         0.00090    0.00021  77.0%  31.6 1510s
 4835570 450400 infeasible   76         0.00090    0.00021  77.0%  31.6 1515s
 4849838 452210    0.00021   67   58    0.00090    0.00021  77.0%  31.6 1520s
 4862934 453376     cutoff   53         0.00090    0.00021  77.0%  31.6 1525s
 4875752 454775     cutoff   51         0.00090    0.00021  77.0%  31.6 1530s
 4889466 456174     cutoff   82         0.00090    0.00021  77.0%  31.6 1535s
H4889467 456172                       0.0008958    0.00021  77.0%  31.6 1535s
H4898570 456253                       0.0008856    0.00021  76.8%  31.6 1537s
H4899469 456242                       0.0008855    0.00021  76.8%  31.6 1537s
 4905696 457370     cutoff   67         0.00089    0.00021  76.8%  31.6 1540s
H4909509 457794                       0.0008855    0.00021  76.8%  31.6 1541s
H4914831 458349                       0.0008855    0.00021  76.8%  31.6 1542s
H4919105 459043                       0.0008855    0.00021  76.8%  31.6 1543s
 4927623 459805     cutoff   55         0.00089    0.00021  76.8%  31.6 1546s
H4927625 457351                       0.0008726    0.00021  76.4%  31.6 1546s
H4938747 459080                       0.0008726    0.00021  76.4%  31.6 1549s
H4939596 459080                       0.0008726    0.00021  76.4%  31.6 1549s
 4942442 459661    0.00021   51   57    0.00087    0.00021  76.4%  31.6 1550s
H4950330 460389                       0.0008726    0.00021  76.4%  31.6 1552s
H4950782 460547                       0.0008726    0.00021  76.4%  31.6 1553s
H4951589 460547                       0.0008726    0.00021  76.4%  31.6 1553s
 4957565 461152    0.00084   62   50    0.00087    0.00021  76.4%  31.6 1555s
 4973722 462778 infeasible   59         0.00087    0.00021  76.4%  31.5 1560s
 4987853 464128 infeasible   67         0.00087    0.00021  76.4%  31.5 1565s
 5006827 465693    0.00024   74   44    0.00087    0.00021  76.4%  31.5 1571s
H5009988 466043                       0.0008725    0.00021  76.4%  31.5 1572s
 5020349 467145     cutoff   79         0.00087    0.00021  76.4%  31.5 1575s
H5020756 467145                       0.0008725    0.00021  76.4%  31.5 1575s
H5030071 468125                       0.0008725    0.00021  76.4%  31.5 1578s
 5034201 468755    0.00021   77   46    0.00087    0.00021  76.4%  31.5 1580s
H5041191 469333                       0.0008725    0.00021  76.4%  31.5 1581s
 5048479 471417    0.00021   58   51    0.00087    0.00021  76.4%  31.5 1585s
 5065481 474374     cutoff   69         0.00087    0.00021  76.4%  31.5 1590s
 5082672 475765    0.00021   54   53    0.00087    0.00021  76.4%  31.5 1595s
 5098965 477124     cutoff   88         0.00087    0.00021  76.4%  31.5 1600s
 5118243 478884 infeasible   68         0.00087    0.00021  76.4%  31.5 1606s
 5135382 481250    0.00043   73   54    0.00087    0.00021  76.4%  31.5 1610s
 5149986 482720 infeasible   75         0.00087    0.00021  76.4%  31.5 1615s
 5164905 483820     cutoff   69         0.00087    0.00021  76.4%  31.5 1620s
 5181938 484966    0.00072   70   57    0.00087    0.00021  76.4%  31.5 1625s
 5197633 487987    0.00054   70   41    0.00087    0.00021  76.4%  31.5 1630s
 5214640 492402    0.00021   75   27    0.00087    0.00021  76.4%  31.5 1635s
 5232461 496506    0.00021   88   32    0.00087    0.00021  76.4%  31.4 1640s
 5247904 499231    0.00021   78   44    0.00087    0.00021  76.4%  31.4 1645s
 5270331 501925    0.00035   99   42    0.00087    0.00021  76.4%  31.4 1650s
 5286937 503662    0.00021   79   48    0.00087    0.00021  76.4%  31.4 1655s
H5290711 504183                       0.0008725    0.00021  76.4%  31.4 1656s
H5294375 404141                       0.0008245    0.00021  75.0%  31.4 1657s
H5294559 404417                       0.0008245    0.00021  75.0%  31.4 1658s
H5296190 404105                       0.0008216    0.00021  74.9%  31.4 1658s
H5297792 404308                       0.0008216    0.00021  74.9%  31.4 1659s
H5298205 404308                       0.0008216    0.00021  74.9%  31.4 1659s
 5300029 404541    0.00034   82   49    0.00082    0.00021  74.9%  31.3 1660s
H5300181 404530                       0.0008216    0.00021  74.9%  31.3 1660s
H5303529 404454                       0.0008166    0.00021  74.8%  31.3 1662s
 5313045 406158    0.00034   85   32    0.00082    0.00021  74.8%  31.3 1665s
H5313315 406398                       0.0008166    0.00021  74.8%  31.3 1666s
H5322564 407888                       0.0008165    0.00021  74.8%  31.3 1668s
 5327779 408689 infeasible   54         0.00082    0.00021  74.8%  31.3 1670s
H5328174 408268                       0.0008105    0.00021  74.6%  31.3 1671s
H5328766 408268                       0.0008105    0.00021  74.6%  31.3 1671s
H5341712 410162                       0.0008105    0.00021  74.6%  31.3 1674s
H5341842 410162                       0.0008105    0.00021  74.6%  31.3 1674s
 5343236 410164 infeasible   52         0.00081    0.00021  74.6%  31.3 1675s
H5347191 411046                       0.0008105    0.00021  74.6%  31.3 1678s
 5354576 412664    0.00070   94   56    0.00081    0.00021  74.6%  31.3 1680s
H5366220 414310                       0.0008105    0.00021  74.6%  31.3 1683s
 5370996 414987     cutoff   90         0.00081    0.00021  74.6%  31.2 1685s
 5385572 416900     cutoff   89         0.00081    0.00021  74.6%  31.2 1690s
 5408050 419448    0.00043   82   58    0.00081    0.00021  74.6%  31.2 1695s
 5423918 421359     cutoff   63         0.00081    0.00021  74.6%  31.2 1700s
 5438722 423387    0.00021   81   54    0.00081    0.00021  74.6%  31.1 1705s
 5453731 425441    0.00021   85   45    0.00081    0.00021  74.6%  31.1 1710s
 5471751 427386 infeasible   67         0.00081    0.00021  74.6%  31.1 1715s
H5475050 427710                       0.0008105    0.00021  74.6%  31.1 1716s
 5487826 429143    0.00021   84   36    0.00081    0.00021  74.6%  31.1 1720s
H5489399 429372                       0.0008104    0.00021  74.6%  31.1 1720s
 5507199 430965 infeasible   97         0.00081    0.00021  74.6%  31.1 1725s
 5525352 434516     cutoff   86         0.00081    0.00021  74.6%  31.0 1730s
 5543079 436649     cutoff   58         0.00081    0.00021  74.6%  31.0 1735s
H5547341 436866                       0.0008104    0.00021  74.6%  31.0 1736s
 5561397 437944    0.00034   81   46    0.00081    0.00021  74.6%  31.0 1740s
 5577869 439095    0.00021   58   58    0.00081    0.00021  74.6%  31.0 1745s
 5593659 439981    0.00021   85   47    0.00081    0.00021  74.6%  31.0 1750s
 5613434 441657    0.00022   97   59    0.00081    0.00021  74.6%  31.0 1755s
H5626549 442562                       0.0008104    0.00021  74.6%  31.0 1759s
 5628133 442613    0.00021   61   50    0.00081    0.00021  74.6%  31.0 1760s
 5642028 444000    0.00065   69   57    0.00081    0.00021  74.6%  31.0 1765s
 5659978 445500    0.00021   62   53    0.00081    0.00021  74.6%  30.9 1770s
 5676391 447474 infeasible   82         0.00081    0.00021  74.6%  30.9 1775s
H5693041 450013                       0.0008104    0.00021  74.6%  30.9 1779s
H5693315 449903                       0.0008094    0.00021  74.6%  30.9 1779s
 5694619 449907    0.00050   68   48    0.00081    0.00021  74.6%  30.9 1781s
H5694626 449906                       0.0008094    0.00021  74.6%  30.9 1781s
H5694628 449906                       0.0008094    0.00021  74.6%  30.9 1781s
 5706449 451574    0.00049   79   44    0.00081    0.00021  74.6%  30.9 1785s
H5710106 451658                       0.0008094    0.00021  74.6%  30.9 1786s
 5722113 453264    0.00021   65   49    0.00081    0.00021  74.6%  30.9 1790s
 5738515 455144    0.00021   74   50    0.00081    0.00021  74.6%  30.9 1795s
H5741857 455500                       0.0008094    0.00021  74.6%  30.9 1795s
 5754488 457465    0.00021   58   44    0.00081    0.00021  74.6%  30.9 1800s
 5771630 459399    0.00021   54   45    0.00081    0.00021  74.6%  30.9 1805s
 5788655 461685 infeasible   90         0.00081    0.00021  74.6%  30.9 1810s
 5807558 463545    0.00021   55   56    0.00081    0.00021  74.6%  30.9 1816s
 5823321 465929    0.00025   61   59    0.00081    0.00021  74.6%  30.9 1820s
 5841577 468279    0.00021   75   47    0.00081    0.00021  74.6%  30.8 1825s
 5859701 469998 infeasible   78         0.00081    0.00021  74.6%  30.8 1830s
H5860620 469782                       0.0008079    0.00021  74.5%  30.8 1830s
 5876131 471400     cutoff   78         0.00081    0.00021  74.5%  30.8 1835s
 5899816 473073 infeasible   77         0.00081    0.00021  74.5%  30.8 1841s
H5912220 474336                       0.0008079    0.00021  74.5%  30.8 1843s
 5916209 475011    0.00054   80   43    0.00081    0.00021  74.5%  30.8 1845s
H5918358 475233                       0.0008079    0.00021  74.5%  30.8 1845s
 5936834 477085    0.00028   72   54    0.00081    0.00021  74.5%  30.8 1850s
 5950591 478555    0.00023   66   55    0.00081    0.00021  74.5%  30.8 1855s
 5966264 479830    0.00021   52   52    0.00081    0.00021  74.5%  30.8 1860s
 5985380 480820     cutoff   71         0.00081    0.00021  74.5%  30.7 1865s
 6003021 481529     cutoff   76         0.00081    0.00021  74.5%  30.7 1870s
 6019218 482325    0.00021   72   46    0.00081    0.00021  74.5%  30.7 1875s
 6038742 483269     cutoff   67         0.00081    0.00021  74.5%  30.7 1880s
 6058343 484846    0.00042   74   55    0.00081    0.00021  74.5%  30.7 1885s
 6077633 486592    0.00021   61   61    0.00081    0.00021  74.5%  30.7 1890s
 6095280 487879    0.00021   57   62    0.00081    0.00021  74.5%  30.6 1895s
 6109219 488691 infeasible   95         0.00081    0.00021  74.5%  30.6 1900s
 6119225 489638    0.00021   79   58    0.00081    0.00021  74.5%  30.6 1905s
 6135666 491669     cutoff   63         0.00081    0.00021  74.5%  30.6 1910s
 6150739 493243     cutoff   62         0.00081    0.00021  74.5%  30.6 1915s
 6164390 494671     cutoff   84         0.00081    0.00021  74.5%  30.6 1920s
 6180436 496833    0.00021   70   62    0.00081    0.00021  74.5%  30.6 1925s
 6197559 499008     cutoff   95         0.00081    0.00021  74.5%  30.6 1930s
H6197711 499008                       0.0008079    0.00021  74.5%  30.6 1930s
 6214261 501322 infeasible   96         0.00081    0.00021  74.5%  30.6 1935s
 6231919 504165     cutoff   66         0.00081    0.00021  74.5%  30.6 1940s
 6252787 506869     cutoff   81         0.00081    0.00021  74.5%  30.6 1945s
 6270610 509658 infeasible   64         0.00081    0.00021  74.5%  30.6 1950s
 6288915 511366     cutoff   67         0.00081    0.00021  74.5%  30.6 1955s
 6304627 513124     cutoff   54         0.00081    0.00021  74.5%  30.6 1960s
 6321952 515467     cutoff   82         0.00081    0.00021  74.5%  30.5 1965s
 6340862 518660    0.00021   79   30    0.00081    0.00021  74.5%  30.5 1970s
 6358854 521215    0.00021   60   55    0.00081    0.00021  74.5%  30.5 1975s
 6376485 522491    0.00021   56   63    0.00081    0.00021  74.5%  30.5 1980s
H6388079 523937                       0.0008079    0.00021  74.5%  30.5 1982s
H6389470 524000                       0.0008079    0.00021  74.5%  30.5 1983s
 6391572 524116    0.00021   48   55    0.00081    0.00021  74.5%  30.5 1985s
 6409367 525694    0.00021   48   50    0.00081    0.00021  74.5%  30.5 1990s
 6425061 526822    0.00021   57   52    0.00081    0.00021  74.5%  30.5 1995s
H6440497 529053                       0.0008079    0.00021  74.5%  30.5 1999s
 6444117 529326     cutoff   73         0.00081    0.00021  74.5%  30.5 2000s
 6460670 531489     cutoff   79         0.00081    0.00021  74.5%  30.5 2005s
 6479215 533909     cutoff   50         0.00081    0.00021  74.5%  30.4 2010s
 6496844 535359    0.00021   71   43    0.00081    0.00021  74.5%  30.4 2015s
 6515435 537631 infeasible   69         0.00081    0.00021  74.5%  30.4 2020s
 6528047 538389 infeasible   62         0.00081    0.00021  74.5%  30.4 2025s
 6544051 539908    0.00070   81   43    0.00081    0.00021  74.5%  30.4 2030s
 6562467 541256    0.00021   71   44    0.00081    0.00021  74.5%  30.4 2035s
 6582152 542349 infeasible   91         0.00081    0.00021  74.5%  30.4 2040s
 6598372 543161    0.00021   58   47    0.00081    0.00021  74.5%  30.4 2045s
 6616562 544204    0.00021   59   42    0.00081    0.00021  74.5%  30.4 2050s
 6631426 544474 infeasible   73         0.00081    0.00021  74.5%  30.4 2055s
 6649043 545339 infeasible   67         0.00081    0.00021  74.5%  30.4 2060s
 6667021 546418     cutoff   73         0.00081    0.00021  74.5%  30.4 2065s
 6684750 547490    0.00021   61   55    0.00081    0.00021  74.5%  30.3 2071s
 6701335 548904     cutoff   60         0.00081    0.00021  74.5%  30.3 2075s
 6715752 549997     cutoff   61         0.00081    0.00021  74.5%  30.3 2080s
 6732053 551087    0.00021   55   46    0.00081    0.00021  74.5%  30.3 2085s
 6748701 551484     cutoff   70         0.00081    0.00021  74.5%  30.4 2090s
 6764791 551939     cutoff   68         0.00081    0.00021  74.5%  30.4 2095s
 6782199 552393    0.00021   67   39    0.00081    0.00021  74.5%  30.4 2100s
 6799221 554507     cutoff   44         0.00081    0.00021  74.5%  30.4 2105s
 6821197 557475     cutoff   57         0.00081    0.00021  74.5%  30.4 2110s
 6838178 560257     cutoff   63         0.00081    0.00021  74.5%  30.4 2115s
 6854855 563052     cutoff   73         0.00081    0.00021  74.5%  30.4 2120s
 6873762 564833    0.00021   64   44    0.00081    0.00021  74.5%  30.3 2125s
 6891583 566197    0.00021   65   54    0.00081    0.00021  74.5%  30.3 2130s
 6909670 568079    0.00021   60   65    0.00081    0.00021  74.5%  30.3 2135s
 6926745 569008     cutoff   58         0.00081    0.00021  74.5%  30.3 2140s
 6940699 570335    0.00021   79   42    0.00081    0.00021  74.5%  30.3 2145s
 6957221 572719    0.00021   92   42    0.00081    0.00021  74.5%  30.3 2150s
 6978028 573724    0.00021   73   41    0.00081    0.00021  74.5%  30.3 2155s
 6995778 574659    0.00021   53   52    0.00081    0.00021  74.5%  30.3 2160s
 7014158 575818    0.00070   76   33    0.00081    0.00021  74.5%  30.3 2165s
 7030355 576399    0.00022   63   46    0.00081    0.00021  74.5%  30.3 2170s
 7049294 577558    0.00048   70   38    0.00081    0.00021  74.5%  30.3 2175s
 7065034 578616     cutoff   65         0.00081    0.00021  74.5%  30.2 2180s
 7082076 580499    0.00047   78   44    0.00081    0.00021  74.5%  30.2 2185s
 7098280 581883    0.00070   98   43    0.00081    0.00021  74.5%  30.2 2190s
 7112489 583976    0.00029   54   48    0.00081    0.00021  74.5%  30.2 2195s
 7130238 585023 infeasible   61         0.00081    0.00021  74.5%  30.2 2200s
 7147448 585790    0.00024   72   48    0.00081    0.00021  74.5%  30.2 2205s
 7160995 586665    0.00021   56   45    0.00081    0.00021  74.5%  30.2 2210s
 7177268 588154    0.00021   44   48    0.00081    0.00021  74.5%  30.2 2215s
 7195649 590565     cutoff   58         0.00081    0.00021  74.5%  30.2 2220s
 7216196 593947    0.00021   73   43    0.00081    0.00021  74.5%  30.2 2225s
 7233858 596053    0.00021   55   40    0.00081    0.00021  74.5%  30.2 2230s
 7249785 597095    0.00021   62   47    0.00081    0.00021  74.5%  30.2 2235s
 7264624 598371 infeasible   79         0.00081    0.00021  74.5%  30.2 2240s
 7280983 599530    0.00033   72   54    0.00081    0.00021  74.5%  30.2 2245s
 7300503 600770     cutoff   74         0.00081    0.00021  74.5%  30.2 2250s
 7315738 601346 infeasible   53         0.00081    0.00021  74.5%  30.2 2255s
 7333165 602786 infeasible   56         0.00081    0.00021  74.5%  30.2 2260s
 7350200 604635     cutoff   52         0.00081    0.00021  74.5%  30.2 2266s
 7364730 607591    0.00029   59   59    0.00081    0.00021  74.5%  30.2 2270s
 7380328 609595    0.00076   72   46    0.00081    0.00021  74.5%  30.2 2275s
 7395749 610957    0.00021   60   45    0.00081    0.00021  74.5%  30.2 2280s
 7413726 612774 infeasible   71         0.00081    0.00021  74.5%  30.3 2285s
 7430008 613788     cutoff   59         0.00081    0.00021  74.5%  30.3 2290s
 7446950 614756     cutoff   73         0.00081    0.00021  74.5%  30.3 2295s
 7464457 615819    0.00023   57   57    0.00081    0.00021  74.5%  30.3 2300s
 7479687 615995     cutoff   76         0.00081    0.00021  74.5%  30.3 2305s
 7496173 617050    0.00021   70   50    0.00081    0.00021  74.5%  30.3 2310s
 7517869 620016     cutoff   67         0.00081    0.00021  74.5%  30.3 2315s
 7532959 621430    0.00046   81   50    0.00081    0.00021  74.5%  30.3 2320s
 7548002 622210    0.00021   74   49    0.00081    0.00021  74.5%  30.3 2325s
 7565008 622820 infeasible   78         0.00081    0.00021  74.5%  30.3 2330s
 7583017 624403    0.00037   57   38    0.00081    0.00021  74.5%  30.3 2335s
 7601915 626023     cutoff   48         0.00081    0.00021  74.5%  30.3 2340s
 7618476 630474     cutoff   59         0.00081    0.00021  74.5%  30.3 2345s
 7634529 633368    0.00073   58   55    0.00081    0.00021  74.5%  30.3 2350s
 7653401 636254     cutoff   57         0.00081    0.00021  74.5%  30.3 2355s
 7668967 638644    0.00021   57   55    0.00081    0.00021  74.5%  30.3 2360s
 7685351 640795     cutoff   47         0.00081    0.00021  74.5%  30.3 2365s
 7702676 643036    0.00046   52   57    0.00081    0.00021  74.5%  30.3 2370s
 7722742 645863    0.00038   68   45    0.00081    0.00021  74.5%  30.3 2375s
 7740046 648635    0.00021   52   60    0.00081    0.00021  74.5%  30.3 2380s
 7756247 650614    0.00033   56   60    0.00081    0.00021  74.5%  30.3 2385s
 7770429 652444    0.00021   64   45    0.00081    0.00021  74.5%  30.2 2390s
 7785194 654282    0.00074   73   47    0.00081    0.00021  74.5%  30.2 2395s
 7801756 657962    0.00032   68   48    0.00081    0.00021  74.5%  30.2 2400s
 7822588 663623    0.00040   85   39    0.00081    0.00021  74.5%  30.2 2405s
 7842372 668680    0.00021   67   57    0.00081    0.00021  74.5%  30.2 2411s
 7859231 672430    0.00030   60   39    0.00081    0.00021  74.5%  30.2 2415s
 7875376 675426    0.00021   60   54    0.00081    0.00021  74.5%  30.2 2420s
 7891027 678380    0.00023   79   36    0.00081    0.00021  74.5%  30.2 2425s
 7908759 680596 infeasible   69         0.00081    0.00021  74.5%  30.2 2430s
H7922419 683178                       0.0008079    0.00021  74.5%  30.2 2434s
 7922560 683496    0.00021   53   56    0.00081    0.00021  74.5%  30.2 2435s
 7939638 686252    0.00036   76   52    0.00081    0.00021  74.5%  30.2 2440s
 7958208 688777    0.00021   61   42    0.00081    0.00021  74.5%  30.2 2445s
 7976490 691787     cutoff   59         0.00081    0.00021  74.5%  30.2 2450s
 7992457 695065 infeasible   83         0.00081    0.00021  74.5%  30.2 2455s
 8010044 696900 infeasible   76         0.00081    0.00021  74.5%  30.2 2460s
 8025134 698790    0.00021   75   37    0.00081    0.00021  74.5%  30.2 2465s
 8044985 700438 infeasible   77         0.00081    0.00021  74.5%  30.1 2470s
 8061335 701785 infeasible   46         0.00081    0.00021  74.5%  30.1 2475s
 8077338 703612     cutoff   82         0.00081    0.00021  74.5%  30.1 2480s
 8094388 705244    0.00024   69   53    0.00081    0.00021  74.5%  30.1 2485s
 8110278 706615    0.00029   68   50    0.00081    0.00021  74.5%  30.1 2490s
 8126701 708664    0.00029   71   55    0.00081    0.00021  74.5%  30.1 2495s
 8143126 712621     cutoff   72         0.00081    0.00021  74.5%  30.1 2500s
 8159596 716240    0.00021   71   54    0.00081    0.00021  74.5%  30.1 2505s
 8174334 719310    0.00021   63   53    0.00081    0.00021  74.5%  30.1 2510s
 8189320 721870     cutoff   92         0.00081    0.00021  74.5%  30.1 2515s
 8207749 725380    0.00021   65   54    0.00081    0.00021  74.5%  30.1 2520s
 8224138 728336    0.00054   86   39    0.00081    0.00021  74.5%  30.1 2525s
 8240572 730762 infeasible   68         0.00081    0.00021  74.5%  30.1 2530s
 8257028 733728 infeasible   68         0.00081    0.00021  74.5%  30.0 2535s
 8272819 735962 infeasible   73         0.00081    0.00021  74.5%  30.0 2540s
 8286543 737362    0.00029   98   42    0.00081    0.00021  74.5%  30.0 2545s
 8302107 740788    0.00026   87   34    0.00081    0.00021  74.5%  30.0 2550s
 8321380 742919    0.00026   83   52    0.00081    0.00021  74.5%  30.0 2555s
 8338383 745915    0.00073   81   48    0.00081    0.00021  74.5%  30.0 2560s
 8354564 748143     cutoff   75         0.00081    0.00021  74.5%  30.0 2565s
 8371328 751387    0.00021   73   44    0.00081    0.00021  74.5%  30.0 2570s
 8386061 753586    0.00042   84   42    0.00081    0.00021  74.5%  30.0 2575s
 8403095 755289    0.00021   69   44    0.00081    0.00021  74.5%  30.0 2580s
 8419287 756436    0.00032   93   57    0.00081    0.00021  74.5%  30.0 2585s
 8434381 757620    0.00036   78   43    0.00081    0.00021  74.5%  29.9 2590s
 8451855 759092 infeasible  101         0.00081    0.00021  74.5%  29.9 2595s
 8466861 760217    0.00046   83   54    0.00081    0.00021  74.5%  29.9 2600s
 8482136 761989    0.00021   72   40    0.00081    0.00021  74.5%  29.9 2605s
 8504010 765286    0.00021   81   43    0.00081    0.00021  74.5%  29.9 2610s
 8520900 766879    0.00021   80   34    0.00081    0.00021  74.5%  29.9 2615s
 8535770 767602     cutoff   81         0.00081    0.00021  74.5%  29.9 2620s
 8551847 768593    0.00021   88   40    0.00081    0.00021  74.5%  29.9 2625s
 8567392 769563     cutoff   91         0.00081    0.00021  74.5%  29.8 2630s
 8582848 770524    0.00025   85   43    0.00081    0.00021  74.5%  29.8 2635s
 8599217 771634     cutoff   61         0.00081    0.00021  74.5%  29.8 2640s
 8616570 775889    0.00021   80   44    0.00081    0.00021  74.5%  29.8 2645s
 8634027 778061    0.00021   68   46    0.00081    0.00021  74.5%  29.8 2650s
 8649834 779716    0.00050   86   46    0.00081    0.00021  74.5%  29.8 2655s
 8666728 781373    0.00021   79   55    0.00081    0.00021  74.5%  29.8 2660s
 8684341 783800    0.00021   84   54    0.00081    0.00021  74.5%  29.8 2665s
 8701551 785484     cutoff   91         0.00081    0.00021  74.5%  29.8 2670s
 8721479 786630    0.00021   80   54    0.00081    0.00021  74.5%  29.8 2675s
 8739331 788594    0.00070   80   44    0.00081    0.00021  74.5%  29.7 2680s
 8758336 791034     cutoff   51         0.00081    0.00021  74.5%  29.7 2685s
 8774711 793288    0.00034  104   32    0.00081    0.00021  74.5%  29.7 2690s
 8788953 794506     cutoff  107         0.00081    0.00021  74.5%  29.7 2695s
 8805292 796614    0.00021   72   48    0.00081    0.00021  74.5%  29.7 2700s
 8819381 798398    0.00021   94   35    0.00081    0.00021  74.5%  29.7 2705s
 8833431 799979    0.00021   75   44    0.00081    0.00021  74.5%  29.7 2710s
 8850984 803354 infeasible   72         0.00081    0.00021  74.5%  29.7 2715s
 8872297 807193 infeasible   81         0.00081    0.00021  74.5%  29.7 2720s
 8890654 810389 infeasible   83         0.00081    0.00021  74.5%  29.6 2725s
 8906340 812454    0.00021   79   51    0.00081    0.00021  74.5%  29.6 2730s
 8922158 814411    0.00021   56   35    0.00081    0.00021  74.5%  29.6 2735s
 8936579 815985    0.00021   67   38    0.00081    0.00021  74.5%  29.6 2740s
 8952897 817177    0.00024   83   43    0.00081    0.00021  74.5%  29.6 2745s
 8969172 818959 infeasible   88         0.00081    0.00021  74.5%  29.6 2750s
 8988061 820411    0.00026   92   36    0.00081    0.00021  74.5%  29.6 2755s
 9002552 821428 infeasible   75         0.00081    0.00021  74.5%  29.6 2760s
 9015395 822096    0.00032   77   55    0.00081    0.00021  74.5%  29.6 2765s
 9032477 823068    0.00036   76   43    0.00081    0.00021  74.5%  29.6 2770s
 9050573 824179    0.00021   70   44    0.00081    0.00021  74.5%  29.6 2775s
 9068201 825953    0.00021   69   41    0.00081    0.00021  74.5%  29.6 2780s
H9075631 826538                       0.0008079    0.00021  74.5%  29.6 2782s
 9087428 827547     cutoff   73         0.00081    0.00021  74.5%  29.6 2785s
 9101997 829082    0.00021   63   40    0.00081    0.00021  74.5%  29.5 2790s
 9122984 831238 infeasible   61         0.00081    0.00021  74.5%  29.5 2796s
 9139610 833833     cutoff   74         0.00081    0.00021  74.5%  29.5 2800s
 9155154 835275    0.00021   83   47    0.00081    0.00021  74.5%  29.5 2805s
 9171397 837251     cutoff   84         0.00081    0.00021  74.5%  29.5 2810s
 9190312 839771 infeasible  112         0.00081    0.00021  74.5%  29.5 2815s
 9206443 841592    0.00021   67   39    0.00081    0.00021  74.5%  29.5 2820s
 9222569 843384     cutoff   78         0.00081    0.00021  74.5%  29.5 2825s
 9241142 845542    0.00050   75   51    0.00081    0.00021  74.5%  29.5 2830s
 9261534 847615     cutoff   65         0.00081    0.00021  74.5%  29.5 2835s
 9282254 849807    0.00021   71   36    0.00081    0.00021  74.5%  29.5 2840s
 9302984 851730 infeasible   89         0.00081    0.00021  74.5%  29.4 2845s
 9319859 854062     cutoff   93         0.00081    0.00021  74.5%  29.4 2850s
 9337706 856605    0.00021   85   46    0.00081    0.00021  74.5%  29.4 2855s
 9354924 858501    0.00021   67   52    0.00081    0.00021  74.5%  29.4 2860s
 9371529 860474     cutoff   83         0.00081    0.00021  74.5%  29.4 2865s
H9372666 860164                       0.0008062    0.00021  74.5%  29.4 2865s
 9390723 861600 infeasible   76         0.00081    0.00021  74.5%  29.4 2870s
 9407135 863532    0.00023   78   40    0.00081    0.00021  74.5%  29.4 2875s
 9424177 865484     cutoff   83         0.00081    0.00021  74.5%  29.4 2880s
 9442065 867031    0.00057   80   34    0.00081    0.00021  74.5%  29.4 2885s
 9462434 868636    0.00025   81   43    0.00081    0.00021  74.5%  29.4 2890s
 9480607 870515    0.00021   68   51    0.00081    0.00021  74.5%  29.4 2895s
 9498484 873339 infeasible   90         0.00081    0.00021  74.5%  29.3 2900s
 9517073 874862 infeasible   75         0.00081    0.00021  74.5%  29.3 2905s
 9535388 877519 infeasible   68         0.00081    0.00021  74.5%  29.3 2910s
 9553190 880274     cutoff   63         0.00081    0.00021  74.5%  29.3 2915s
H9563477 881757                       0.0008062    0.00021  74.5%  29.3 2917s
 9571933 882562 infeasible   91         0.00081    0.00021  74.5%  29.3 2920s
H9576012 882571                       0.0008038    0.00021  74.4%  29.3 2921s
 9589824 883885 infeasible   89         0.00080    0.00021  74.4%  29.3 2925s
 9607980 885082    0.00024   86   57    0.00080    0.00021  74.4%  29.3 2930s
 9624693 886732    0.00021   76   45    0.00080    0.00021  74.4%  29.3 2935s
 9644149 888291    0.00021   85   38    0.00080    0.00021  74.4%  29.3 2940s
 9664586 889655 infeasible   84         0.00080    0.00021  74.4%  29.2 2945s
 9684292 891123    0.00022   76   45    0.00080    0.00021  74.4%  29.2 2950s
 9701348 892875     cutoff   84         0.00080    0.00021  74.4%  29.2 2955s
 9718962 895107 infeasible   69         0.00080    0.00021  74.4%  29.2 2960s
 9741731 896556    0.00040   87   53    0.00080    0.00021  74.4%  29.2 2965s
 9760459 898546    0.00021   74   45    0.00080    0.00021  74.4%  29.2 2970s
 9780097 900642     cutoff   81         0.00080    0.00021  74.4%  29.2 2975s
 9796071 902727     cutoff   86         0.00080    0.00021  74.4%  29.2 2980s
 9810272 904133    0.00036   82   46    0.00080    0.00021  74.4%  29.2 2985s
 9826332 905168    0.00033   89   42    0.00080    0.00021  74.4%  29.2 2990s
 9845077 906961     cutoff   93         0.00080    0.00021  74.4%  29.2 2995s
 9866995 908514    0.00021   79   34    0.00080    0.00021  74.4%  29.2 3000s
 9882838 909669    0.00021   67   52    0.00080    0.00021  74.4%  29.2 3005s
 9903484 911626     cutoff   78         0.00080    0.00021  74.4%  29.1 3010s
 9923063 913176    0.00033   94   54    0.00080    0.00021  74.4%  29.1 3015s
 9941106 915190    0.00021   82   47    0.00080    0.00021  74.4%  29.1 3020s
 9959178 916486    0.00021   69   56    0.00080    0.00021  74.4%  29.1 3025s
 9977466 917529    0.00049   79   47    0.00080    0.00021  74.4%  29.1 3030s
 9995648 919004    0.00067   84   56    0.00080    0.00021  74.4%  29.1 3035s
 10012880 920088    0.00071   83   43    0.00080    0.00021  74.4%  29.1 3040s
 10028882 920891    0.00021   64   48    0.00080    0.00021  74.4%  29.1 3045s
 10044600 921878    0.00026   76   40    0.00080    0.00021  74.4%  29.1 3050s
 10059600 922706     cutoff   81         0.00080    0.00021  74.4%  29.1 3055s
 10075795 923824    0.00021   49   53    0.00080    0.00021  74.4%  29.1 3060s
 10089309 926301     cutoff   66         0.00080    0.00021  74.4%  29.1 3065s
 10110119 929795    0.00029   55   42    0.00080    0.00021  74.4%  29.1 3070s
 10124973 931960    0.00021   68   60    0.00080    0.00021  74.4%  29.1 3075s
 10140753 933614     cutoff   73         0.00080    0.00021  74.4%  29.1 3080s
 10153116 935555    0.00021   68   56    0.00080    0.00021  74.4%  29.1 3085s
 10168160 937786     cutoff   59         0.00080    0.00021  74.4%  29.1 3090s
 10180759 940015     cutoff   57         0.00080    0.00021  74.4%  29.1 3095s
 10197012 942385     cutoff   67         0.00080    0.00021  74.4%  29.1 3100s
 10211789 945433    0.00021   64   55    0.00080    0.00021  74.4%  29.1 3105s
 10222853 947493 infeasible   51         0.00080    0.00021  74.4%  29.1 3110s
 10237450 949993    0.00040   61   46    0.00080    0.00021  74.4%  29.1 3115s
 10252184 952208     cutoff   67         0.00080    0.00021  74.4%  29.1 3120s
 10268969 954151     cutoff   59         0.00080    0.00021  74.4%  29.1 3125s
 10285439 956772    0.00021   55   47    0.00080    0.00021  74.4%  29.1 3130s
 10299598 958381    0.00021   66   46    0.00080    0.00021  74.4%  29.1 3135s
 10312713 959617    0.00021   54   58    0.00080    0.00021  74.4%  29.1 3140s
 10327221 961700    0.00021   55   62    0.00080    0.00021  74.4%  29.1 3145s
 10344369 963592    0.00021   48   49    0.00080    0.00021  74.4%  29.1 3150s
 10361888 966083    0.00021   39   53    0.00080    0.00021  74.4%  29.0 3155s
 10378507 969844    0.00038   60   42    0.00080    0.00021  74.4%  29.0 3160s
 10394910 972501    0.00022   63   45    0.00080    0.00021  74.4%  29.0 3165s
 10411894 975001    0.00021   61   58    0.00080    0.00021  74.4%  29.0 3170s
 10431004 977630     cutoff   64         0.00080    0.00021  74.4%  29.0 3176s
 10446103 980988     cutoff   65         0.00080    0.00021  74.4%  29.0 3180s
 10462249 983137    0.00028   74   48    0.00080    0.00021  74.4%  29.0 3185s
 10477013 985253 infeasible   63         0.00080    0.00021  74.4%  29.0 3190s
 10494059 986880     cutoff   76         0.00080    0.00021  74.4%  29.0 3195s
 10509896 988234    0.00021   58   56    0.00080    0.00021  74.4%  29.0 3200s
 10525501 990139 infeasible   68         0.00080    0.00021  74.4%  29.0 3205s
H10530744 990494                       0.0008038    0.00021  74.4%  29.0 3206s
 10543365 991811    0.00058   76   53    0.00080    0.00021  74.4%  29.0 3210s
 10558600 994810    0.00072   65   58    0.00080    0.00021  74.4%  29.0 3215s
 10575944 996823    0.00021   64   60    0.00080    0.00021  74.4%  29.0 3220s
 10592501 998358    0.00024   54   44    0.00080    0.00021  74.4%  29.0 3225s
 10608379 999847     cutoff   62         0.00080    0.00021  74.4%  29.0 3230s
 10624885 1001348    0.00021   73   47    0.00080    0.00021  74.4%  29.0 3235s
 10641244 1003506    0.00045   63   60    0.00080    0.00021  74.4%  29.0 3240s
 10658361 1005263    0.00021   61   52    0.00080    0.00021  74.4%  29.0 3245s
 10673666 1007294    0.00057   62   32    0.00080    0.00021  74.4%  29.0 3250s
 10690466 1008725    0.00035   68   40    0.00080    0.00021  74.4%  29.0 3255s
 10708387 1009978    0.00021   61   41    0.00080    0.00021  74.4%  29.0 3260s
 10724768 1011542    0.00021   69   54    0.00080    0.00021  74.4%  29.0 3265s
 10742246 1012838 infeasible   67         0.00080    0.00021  74.4%  29.0 3270s
 10760058 1013824    0.00058   75   55    0.00080    0.00021  74.4%  29.0 3275s
 10774676 1014548    0.00021   64   54    0.00080    0.00021  74.4%  29.0 3280s
 10791482 1015572    0.00042   59   50    0.00080    0.00021  74.4%  29.0 3285s
 10808457 1016108     cutoff   64         0.00080    0.00021  74.4%  29.0 3290s
 10824048 1017264     cutoff   62         0.00080    0.00021  74.4%  29.0 3295s
 10838695 1019154     cutoff   61         0.00080    0.00021  74.4%  29.0 3300s
 10851621 1021326    0.00021   54   52    0.00080    0.00021  74.4%  29.0 3305s
 10865634 1023519     cutoff   50         0.00080    0.00021  74.4%  29.0 3310s
 10880059 1025030    0.00021   63   47    0.00080    0.00021  74.4%  29.0 3315s
 10895353 1026239    0.00076   76   36    0.00080    0.00021  74.4%  29.0 3320s
 10909053 1027071 infeasible   69         0.00080    0.00021  74.4%  29.0 3325s
 10926862 1029211    0.00021   56   47    0.00080    0.00021  74.4%  29.0 3330s
 10946345 1031216    0.00021   60   45    0.00080    0.00021  74.4%  29.0 3335s
 10964286 1033081    0.00057   73   47    0.00080    0.00021  74.4%  29.0 3340s
 10980534 1034662    0.00027   76   33    0.00080    0.00021  74.4%  29.0 3345s
 10996701 1035453    0.00021   63   45    0.00080    0.00021  74.4%  29.0 3350s
 11012508 1036711    0.00021   76   52    0.00080    0.00021  74.4%  29.0 3355s
 11028941 1038465 infeasible   61         0.00080    0.00021  74.4%  29.0 3360s
 11044257 1040525    0.00065   74   51    0.00080    0.00021  74.4%  29.0 3365s
 11059183 1041850    0.00021   71   61    0.00080    0.00021  74.4%  29.0 3370s
 11073650 1043231    0.00047   67   51    0.00080    0.00021  74.4%  29.0 3375s
 11090075 1045075    0.00029   73   34    0.00080    0.00021  74.4%  29.0 3380s
 11105267 1046379    0.00021   67   45    0.00080    0.00021  74.4%  29.0 3385s
 11120302 1046692     cutoff   94         0.00080    0.00021  74.4%  29.0 3390s
 11134590 1047650     cutoff   70         0.00080    0.00021  74.4%  29.0 3395s
 11153861 1049800     cutoff   99         0.00080    0.00021  74.4%  29.0 3401s
 11166753 1051311    0.00048   86   46    0.00080    0.00021  74.4%  29.0 3405s
 11183139 1053359    0.00037   85   48    0.00080    0.00021  74.4%  29.0 3410s
 11197814 1054882    0.00034   82   49    0.00080    0.00021  74.4%  29.0 3415s
 11215625 1056559    0.00021   81   37    0.00080    0.00021  74.4%  29.0 3420s
 11231041 1058401    0.00021   93   43    0.00080    0.00021  74.4%  29.0 3425s
 11248464 1060639 infeasible   71         0.00080    0.00021  74.4%  29.0 3430s
 11266856 1062713    0.00054   94   40    0.00080    0.00021  74.4%  29.0 3435s
 11284391 1064826     cutoff   99         0.00080    0.00021  74.4%  28.9 3440s
 11302317 1066688    0.00021   53   44    0.00080    0.00021  74.4%  28.9 3445s
 11319417 1068758    0.00042   95   45    0.00080    0.00021  74.4%  28.9 3450s
 11336573 1070737    0.00021   61   49    0.00080    0.00021  74.4%  28.9 3455s
 11354804 1072695 infeasible   91         0.00080    0.00021  74.4%  28.9 3460s
 11371635 1074252    0.00068   72   57    0.00080    0.00021  74.4%  28.9 3465s
 11387472 1075249     cutoff   61         0.00080    0.00021  74.4%  28.9 3470s
 11403988 1076016    0.00021   56   49    0.00080    0.00021  74.4%  28.9 3475s
 11420597 1076977    0.00021   70   59    0.00080    0.00021  74.4%  28.9 3480s
 11441424 1078397 infeasible   84         0.00080    0.00021  74.4%  28.9 3485s
 11459175 1080480    0.00062   65   29    0.00080    0.00021  74.4%  28.9 3490s
 11474993 1081932 infeasible  102         0.00080    0.00021  74.4%  28.9 3495s
 11494068 1083484    0.00027   69   34    0.00080    0.00021  74.4%  28.9 3500s
 11509349 1085011    0.00021   53   45    0.00080    0.00021  74.4%  28.9 3505s
 11526749 1086953 infeasible   74         0.00080    0.00021  74.4%  28.9 3510s
 11545712 1088832     cutoff   52         0.00080    0.00021  74.4%  28.9 3515s
 11568310 1090833    0.00044   73   35    0.00080    0.00021  74.4%  28.9 3520s
 11595479 1093959     cutoff   76         0.00080    0.00021  74.4%  28.8 3525s
 11611490 1096088    0.00057   74   36    0.00080    0.00021  74.4%  28.8 3530s
 11631250 1099118    0.00021   79   44    0.00080    0.00021  74.4%  28.8 3535s
 11655512 1101403     cutoff   70         0.00080    0.00021  74.4%  28.8 3540s
 11674626 1103378    0.00021   71   44    0.00080    0.00021  74.4%  28.8 3545s
 11693156 1105209    0.00021   77   40    0.00080    0.00021  74.4%  28.8 3550s
 11712056 1107459    0.00026   80   54    0.00080    0.00021  74.4%  28.8 3555s
 11729929 1108568    0.00023   57   53    0.00080    0.00021  74.4%  28.7 3560s
 11749574 1109129    0.00021   67   45    0.00080    0.00021  74.4%  28.7 3565s
 11765582 1110706    0.00021   76   43    0.00080    0.00021  74.4%  28.7 3570s
 11782415 1112259    0.00021   73   30    0.00080    0.00021  74.4%  28.7 3575s
 11799776 1114419    0.00025   69   47    0.00080    0.00021  74.4%  28.7 3580s
 11816675 1116636     cutoff   80         0.00080    0.00021  74.4%  28.7 3585s
 11836442 1117203 infeasible   59         0.00080    0.00021  74.4%  28.7 3590s
 11851163 1117898    0.00021   48   50    0.00080    0.00021  74.4%  28.7 3595s
 11865552 1118885    0.00062   85   41    0.00080    0.00021  74.4%  28.7 3600s

Cutting planes:
  Gomory: 9
  Cover: 7
  Implied bound: 21
  Clique: 7
  MIR: 5
  Flow cover: 35
  RLT: 27
  Relax-and-lift: 7
  PSD: 1

Explored 11866093 nodes (340804992 simplex iterations) in 3600.01 seconds (2042.16 work units)
Thread count was 12 (of 12 available processors)

Solution count 10: 0.000803813 0.000806167 0.000807875 ... 0.000824497

Time limit reached
Best objective 8.038130019190e-04, best bound 2.058065039989e-04, gap 74.3962%
