
Gurobi 11.0.2 (win64) logging started Tue Oct  1 19:53:31 2024

Set parameter LogFile to value ".\Experiments\Track_k_e_2\Logs\track_k_e_2_r2_c12.log"
Set parameter TimeLimit to value 3600
Gurobi Optimizer version 11.0.2 build v11.0.2rc0 (win64 - Windows 10.0 (19045.2))

CPU model: Intel(R) Core(TM) i7-10750H CPU @ 2.60GHz, instruction set [SSE2|AVX|AVX2]
Thread count: 6 physical cores, 12 logical processors, using up to 12 threads

Optimize a model with 250 rows, 462 columns and 924 nonzeros
Model fingerprint: 0x9839abed
Model has 6 quadratic objective terms
Model has 68 quadratic constraints
Model has 116 general constraints
Variable types: 458 continuous, 4 integer (4 binary)
Coefficient statistics:
  Matrix range     [9e-06, 1e+02]
  QMatrix range    [1e+00, 1e+00]
  QLMatrix range   [1e+00, 1e+00]
  Objective range  [1e-02, 2e-01]
  QObjective range [2e+00, 2e+00]
  Bounds range     [8e-05, 7e+01]
  RHS range        [8e-05, 1e+02]
  QRHS range       [1e-06, 1e-06]
Presolve removed 28 rows and 9 columns
Presolve time: 0.00s
Presolved: 463 rows, 462 columns, 1271 nonzeros
Presolved model has 178 SOS constraint(s)
Presolved model has 4 quadratic objective terms
Presolved model has 57 bilinear constraint(s)
Presolved model has 4 nonlinear constraint(s)
Warning: Model contains variables with very large bounds participating
         in nonlinear terms.
         Presolve was not able to compute smaller bounds for these variables.
         Consider bounding these variables or reformulating the model.


Solving non-convex MINLP

Variable types: 284 continuous, 178 integer (178 binary)

Root relaxation: objective 2.058065e-04, 463 iterations, 0.00 seconds (0.00 work units)

    Nodes    |    Current Node    |     Objective Bounds      |     Work
 Expl Unexpl |  Obj  Depth IntInf | Incumbent    BestBd   Gap | It/Node Time

     0     0    0.00021    0  127          -    0.00021      -     -    0s
     0     0    0.00021    0  127          -    0.00021      -     -    0s
     0     0    0.00021    0  127          -    0.00021      -     -    0s
     0     0    0.00021    0  127          -    0.00021      -     -    0s
     0     0    0.00021    0  127          -    0.00021      -     -    0s
     0     0    0.00021    0  126          -    0.00021      -     -    0s
     0     0    0.00021    0  127          -    0.00021      -     -    0s
     0     0    0.00021    0  127          -    0.00021      -     -    0s
     0     0    0.00021    0  127          -    0.00021      -     -    0s
     0     0    0.00021    0  129          -    0.00021      -     -    0s
     0     2    0.00021    0  129          -    0.00021      -     -    0s
 66914 28203 infeasible   89               -    0.00021      -   4.7    5s
 143594 54833    0.00021  137   40          -    0.00021      -   4.6   10s
 220067 72106    0.00084  111   30          -    0.00021      -   4.7   15s
 286218 88526    0.00087  152   24          -    0.00021      -   4.7   20s
 355562 105584 infeasible  146               -    0.00021      -   5.1   25s
 422940 115784 infeasible  249               -    0.00021      -   5.0   30s
 496115 125662    0.00021  262   22          -    0.00021      -   4.9   35s
 561936 136121    0.00021  269   19          -    0.00021      -   5.1   40s
 625178 143912    0.00021  261   24          -    0.00021      -   5.2   45s
 696755 149821 infeasible  207               -    0.00021      -   5.1   50s
 766250 154460 infeasible  194               -    0.00021      -   5.1   55s
 839249 164598    0.00021  266   21          -    0.00021      -   5.0   60s
 916745 173948    0.00021   52   67          -    0.00021      -   4.9   65s
 992280 191230    0.00021  172   37          -    0.00021      -   4.9   70s
 1059817 205543    0.00084  179   22          -    0.00021      -   5.4   75s
 1118025 219630    0.00084  182   25          -    0.00021      -   5.9   80s
 1187073 233897    0.00308  206   28          -    0.00021      -   5.9   85s
 1256155 247535    0.00024  253   20          -    0.00021      -   5.9   90s
 1329371 263894    0.01257  138   35          -    0.00021      -   5.9   95s
 1403116 284157 infeasible  184               -    0.00021      -   5.9  100s
 1479217 300774    0.00021   98   39          -    0.00021      -   5.9  105s
 1546529 321851 infeasible  158               -    0.00021      -   5.9  110s
 1616521 342987    0.00021  115   39          -    0.00021      -   5.9  115s
 1696428 360294 infeasible  196               -    0.00021      -   5.9  120s
 1773777 377288    0.00021  223   36          -    0.00021      -   5.8  125s
 1851311 395194    0.00021  260   20          -    0.00021      -   5.7  130s
 1936648 406857    0.00033  152   32          -    0.00021      -   5.7  135s
 2014591 419389    0.03002  117   38          -    0.00021      -   5.6  140s
 2088205 433786    0.00024  260   23          -    0.00021      -   5.6  145s
 2158012 447923    0.00024  260   18          -    0.00021      -   5.6  150s
 2219433 458377 infeasible  267               -    0.00021      -   5.7  155s
 2281216 471119    0.00021  140   40          -    0.00021      -   5.7  160s
 2339014 494276 infeasible  236               -    0.00021      -   5.7  165s
 2394994 517490 infeasible  211               -    0.00021      -   5.8  170s
 2463383 545367    0.00109  181   24          -    0.00021      -   5.8  175s
 2526594 571566    0.00042  201   47          -    0.00021      -   5.9  180s
 2590276 595513    0.00034  178   46          -    0.00021      -   5.9  185s
 2656441 610953    0.00021  206   35          -    0.00021      -   6.1  190s
 2722181 630892    0.00021  200   48          -    0.00021      -   6.3  195s
 2785977 653973    0.00033  176   48          -    0.00021      -   6.3  200s
 2849268 679216    0.00027  197   47          -    0.00021      -   6.4  205s
 2914328 706338 infeasible  250               -    0.00021      -   6.4  210s
 2977634 731906    0.00103  196   27          -    0.00021      -   6.4  215s
 3039128 756983    0.00069  205   47          -    0.00021      -   6.5  220s
 3102882 781544    0.00052  202   33          -    0.00021      -   6.5  225s
 3169167 805739    0.00021  239   23          -    0.00021      -   6.5  230s
 3242258 828352    0.00038  227   48          -    0.00021      -   6.6  235s
 3309411 848543    0.00024  271   17          -    0.00021      -   6.6  240s
 3371525 866067    0.00045  280   17          -    0.00021      -   6.6  245s
 3438453 878548    0.00021  261   19          -    0.00021      -   6.6  250s
 3509760 892063    0.00021  250   18          -    0.00021      -   6.6  255s
 3575874 905508    0.00021  183   31          -    0.00021      -   6.6  260s
 3641209 916878    0.01306  222   27          -    0.00021      -   6.6  265s
 3712352 920292 infeasible  247               -    0.00021      -   6.6  270s
 3789368 930258 infeasible  281               -    0.00021      -   6.6  275s
 3862052 947967 infeasible  129               -    0.00021      -   6.6  280s
 3941723 960661    0.00084  204   29          -    0.00021      -   6.7  285s
 4009532 985535    0.00046  210   48          -    0.00021      -   6.7  290s
 4074392 1010782 infeasible  187               -    0.00021      -   6.6  295s
 4145234 1032571    0.00055  173   31          -    0.00021      -   6.6  300s
 4223284 1041909 infeasible  219               -    0.00021      -   6.5  305s
 4297049 1043804    0.00021  217   23          -    0.00021      -   6.5  310s
 4374429 1043585 infeasible  225               -    0.00021      -   6.4  315s
 4450160 1044737    0.00051  223   27          -    0.00021      -   6.3  320s
 4529138 1045948 infeasible  235               -    0.00021      -   6.2  325s
 4603036 1046311    0.00021  212   29          -    0.00021      -   6.2  330s
 4676904 1047970    0.00021  201   25          -    0.00021      -   6.1  335s
 4752248 1054505 infeasible  217               -    0.00021      -   6.1  340s
 4829368 1062819    0.00021  216   22          -    0.00021      -   6.0  345s
 4901838 1079058    0.00079  171   32          -    0.00021      -   6.0  350s
 4969247 1101223 infeasible  284               -    0.00021      -   6.0  355s
 5037858 1120965 infeasible  250               -    0.00021      -   5.9  360s
 5104568 1138135 infeasible  265               -    0.00021      -   6.0  365s
 5176123 1153048    0.00021  197   32          -    0.00021      -   6.0  370s
 5251715 1166971 infeasible  184               -    0.00021      -   6.0  375s
 5323771 1187436    0.00032  194   36          -    0.00021      -   6.0  380s
 5390906 1213410 infeasible  170               -    0.00021      -   6.0  385s
 5457771 1240836    0.00095  205   26          -    0.00021      -   6.0  390s
 5522952 1263036 infeasible  206               -    0.00021      -   6.0  395s
 5592286 1278021    0.00021  231   35          -    0.00021      -   6.0  400s
 5662424 1299332    0.00026  184   26          -    0.00021      -   6.0  405s
 5738955 1318265    0.00021  259   21          -    0.00021      -   5.9  410s
 5810532 1336745    0.00028  193   35          -    0.00021      -   5.9  415s
 5876577 1364158    0.00056  167   35          -    0.00021      -   5.9  420s
 5942564 1394113    0.00062  199   36          -    0.00021      -   5.9  425s
 6008156 1421846 infeasible  171               -    0.00021      -   5.9  430s
 6083884 1439900 infeasible  198               -    0.00021      -   5.9  435s
 6158650 1461631    0.00021  145   46          -    0.00021      -   5.9  440s
 6217939 1489604    0.00036  234   33          -    0.00021      -   5.9  445s
 6280196 1518112    0.00035  167   47          -    0.00021      -   5.9  450s
 6346728 1542476 infeasible  224               -    0.00021      -   5.9  455s
 6412151 1564190 infeasible  176               -    0.00021      -   5.9  460s
 6483428 1590013    0.00022  187   38          -    0.00021      -   5.9  465s
 6549221 1616511 infeasible  182               -    0.00021      -   5.9  470s
 6613227 1642616    0.00021  188   36          -    0.00021      -   5.9  475s
 6677508 1669524    0.00084  210   23          -    0.00021      -   6.0  480s
 6741608 1696478    0.00043  203   35          -    0.00021      -   6.0  485s
 6803103 1723364 infeasible  159               -    0.00021      -   6.0  490s
 6867814 1751334    0.00033  203   34          -    0.00021      -   6.0  495s
 6928388 1776271    0.00049  232   46          -    0.00021      -   6.0  500s
 6972874 1795864    0.00034  224   48          -    0.00021      -   6.0  505s
 7032272 1817715    0.00021  171   29          -    0.00021      -   6.0  510s
 7093973 1836230    0.00049  205   46          -    0.00021      -   6.1  515s
 7163671 1856572    0.00021  266   24          -    0.00021      -   6.1  520s
 7232746 1876902 infeasible  206               -    0.00021      -   6.1  525s
 7308116 1892461 infeasible  218               -    0.00021      -   6.1  530s
 7380644 1907774 infeasible  215               -    0.00021      -   6.1  535s
 7445708 1936008    0.00084  250   39          -    0.00021      -   6.1  540s
 7509224 1964528 infeasible  199               -    0.00021      -   6.1  545s
 7571252 1991784    0.00049  253   37          -    0.00021      -   6.1  550s
 7640835 2019139 infeasible  180               -    0.00021      -   6.1  555s
 7707283 2042895 infeasible  178               -    0.00021      -   6.2  560s
 7775201 2065460    0.00084  219   40          -    0.00021      -   6.2  565s
 7842249 2091154    0.00039  253   47          -    0.00021      -   6.2  570s
 7906815 2115909    0.00084  227   42          -    0.00021      -   6.2  575s
 7972470 2142355    0.00021  171   47          -    0.00021      -   6.2  580s
 8039519 2169822    0.00109  198   24          -    0.00021      -   6.2  585s
 8108477 2197190    0.00040  265   36          -    0.00021      -   6.2  590s
 8172000 2223073    0.00084  188   31          -    0.00021      -   6.2  595s
 8233636 2250308    0.00062  171   36          -    0.00021      -   6.2  600s
 8289460 2272681    0.00021  172   45          -    0.00021      -   6.2  605s
 8354468 2292701    0.00084  189   40          -    0.00021      -   6.2  610s
 8433974 2311645 infeasible  211               -    0.00021      -   6.2  615s
 8507690 2330013    0.01304  211   25          -    0.00021      -   6.2  620s
 8573805 2355578    0.00021  178   44          -    0.00021      -   6.2  625s
 8628062 2375977 infeasible  290               -    0.00021      -   6.2  630s
 8703360 2394932    0.01303  209   29          -    0.00021      -   6.2  635s
 8771004 2413249 infeasible  162               -    0.00021      -   6.2  640s
 8836724 2422332 infeasible  113               -    0.00021      -   6.2  645s
 8891414 2433683 infeasible  143               -    0.00021      -   6.2  650s
 8958980 2445863    0.00668  156   43          -    0.00021      -   6.2  655s
 9027079 2460651    0.01303  188   28          -    0.00021      -   6.2  660s
 9093879 2484147    0.00035  201   35          -    0.00021      -   6.2  665s
 9160583 2507096    0.00046  196   48          -    0.00021      -   6.2  670s
 9228901 2528571    0.00033  225   47          -    0.00021      -   6.2  675s
 9298931 2547326    0.00030  208   42          -    0.00021      -   6.2  680s
 9367573 2572364    0.00026  203   52          -    0.00021      -   6.2  685s
 9430975 2599869    0.00051  174   48          -    0.00021      -   6.2  690s
 9491758 2624051    0.00049  241   35          -    0.00021      -   6.2  695s
 9560798 2648082    0.00021  182   37          -    0.00021      -   6.2  700s
 9627065 2671766    0.00021  209   49          -    0.00021      -   6.3  705s
 9696778 2698061 infeasible  114               -    0.00021      -   6.3  710s
 9766151 2716765    0.00021  150   35          -    0.00021      -   6.3  715s
 9827809 2735876    0.00021  164   41          -    0.00021      -   6.3  720s
 9892376 2755283    0.00084  179   30          -    0.00021      -   6.3  725s
 9953617 2778659    0.00044  237   32          -    0.00021      -   6.3  730s
 10015602 2802543    0.00055  241   24          -    0.00021      -   6.3  735s
 10074739 2824539    0.00075  194   36          -    0.00021      -   6.3  740s
 10139719 2848253    0.00085  285   29          -    0.00021      -   6.3  745s
 10205006 2871887    0.00109  197   26          -    0.00021      -   6.3  750s
 10272423 2887103    0.00084 1464   27          -    0.00021      -   6.3  755s
 10346126 2893959    0.00084 4169   27          -    0.00021      -   6.3  760s
 10413114 2910935    0.00092  181   32          -    0.00021      -   6.3  765s
 10471270 2933294    0.00021  173   48          -    0.00021      -   6.3  770s
 10526556 2954167    0.00030  206   36          -    0.00021      -   6.3  775s
 10586856 2976170    0.00064  155   45          -    0.00021      -   6.3  780s
 10647985 2996332 infeasible  197               -    0.00021      -   6.3  785s
 10709143 3016543 infeasible  290               -    0.00021      -   6.3  790s
 10774365 3038294    0.00077  166   36          -    0.00021      -   6.4  795s
 10833259 3061251    0.00028  202   36          -    0.00021      -   6.4  800s
 10890449 3085936    0.00109  266   12          -    0.00021      -   6.4  805s
 10949305 3111589    0.00057  173   35          -    0.00021      -   6.4  810s
 11010699 3136265    0.00084  220   38          -    0.00021      -   6.4  815s
 11075725 3158909    0.00042  174   36          -    0.00021      -   6.4  820s
 11139998 3182571    0.00029  247   41          -    0.00021      -   6.4  825s
 11203478 3206499    0.00057  205   36          -    0.00021      -   6.4  830s
 11266614 3229642    0.00027  198   40          -    0.00021      -   6.4  835s
 11325633 3251057    0.00084  215   19          -    0.00021      -   6.4  840s
 11386224 3273188 infeasible  186               -    0.00021      -   6.4  845s
 11444861 3295131    0.00021  165   48          -    0.00021      -   6.4  850s
 11503735 3316426    0.00109  186   32          -    0.00021      -   6.4  855s
 11559259 3340954 infeasible  176               -    0.00021      -   6.4  860s
 11615513 3366549 infeasible  218               -    0.00021      -   6.4  865s
 11676300 3395263    0.00021  174   47          -    0.00021      -   6.4  870s
 11737773 3420050 infeasible  174               -    0.00021      -   6.4  875s
 11798928 3443398 infeasible  181               -    0.00021      -   6.4  880s
 11862157 3463718    0.00027  215   45          -    0.00021      -   6.4  885s
 11931575 3483731    0.00070  193   47          -    0.00021      -   6.4  890s
 12000056 3505060    0.00021  161   50          -    0.00021      -   6.4  895s
 12059265 3526758 infeasible  235               -    0.00021      -   6.4  900s
 12123099 3549322    0.00084  229   36          -    0.00021      -   6.4  905s
 12186563 3565115    0.00095  191   31          -    0.00021      -   6.4  910s
 12250379 3590283    0.00025  195   48          -    0.00021      -   6.4  915s
 12309512 3614577 infeasible  167               -    0.00021      -   6.4  920s
 12374083 3641737    0.00084  169   36          -    0.00021      -   6.5  925s
 12439204 3669859    0.00085  266   26          -    0.00021      -   6.5  930s
 12500027 3692919    0.00021  164   37          -    0.00021      -   6.5  935s
 12569414 3708627 infeasible  278               -    0.00021      -   6.5  940s
 12630065 3726054    0.00054  175   50          -    0.00021      -   6.5  945s
 12688701 3749817 infeasible  213               -    0.00021      -   6.5  950s
 12747942 3766667    0.00029  186   45          -    0.00021      -   6.5  955s
 12811554 3778531    0.00047  200   49          -    0.00021      -   6.5  960s
 12875838 3798753    0.00021  204   36          -    0.00021      -   6.5  965s
 12941897 3819836    0.00021  163   37          -    0.00021      -   6.5  970s
 13006530 3837667 infeasible  243               -    0.00021      -   6.5  975s
 13066214 3854986    0.00021  174   42          -    0.00021      -   6.5  980s
 13129671 3870794    0.00021  171   42          -    0.00021      -   6.6  985s
 13196905 3885865    0.00046  183   33          -    0.00021      -   6.6  990s
 13259738 3899945 infeasible  190               -    0.00021      -   6.6  995s
 13327491 3914907    0.00084  179   29          -    0.00021      -   6.7 1000s
 13391938 3929374    0.00092  191   29          -    0.00021      -   6.7 1005s
 13460307 3944848 infeasible  183               -    0.00021      -   6.7 1010s
 13524186 3959548    0.00047  180   40          -    0.00021      -   6.7 1015s
 13587785 3979031    0.00021  552   20          -    0.00021      -   6.7 1020s
 13644061 3986533    0.00021  736   19          -    0.00021      -   6.8 1025s
 13700813 3988869 infeasible  697               -    0.00021      -   6.8 1030s
 13760801 3989006    0.00021  620   19          -    0.00021      -   6.8 1035s
 13822064 3988606 infeasible  639               -    0.00021      -   6.8 1040s
 13884538 3989307    0.00021  740   18          -    0.00021      -   6.8 1045s
 13935817 3988803    0.00021  629   18          -    0.00021      -   6.8 1050s
 13982113 3988624    0.00021  635   19          -    0.00021      -   6.8 1055s
 14036469 3988387    0.00021  623   20          -    0.00021      -   6.8 1060s
 14082835 3988468    0.00021  658   20          -    0.00021      -   6.8 1065s
 14129802 3988143 infeasible  733               -    0.00021      -   6.8 1070s
 14179440 3988656    0.00021  758   18          -    0.00021      -   6.9 1075s
 14240200 3988801 infeasible  756               -    0.00021      -   6.9 1080s
 14298088 3988602 infeasible  771               -    0.00021      -   6.9 1085s
 14357639 3988160    0.00021  757   18          -    0.00021      -   6.9 1090s
 14419175 3987895 infeasible  757               -    0.00021      -   6.9 1095s
 14475917 3988597 infeasible  694               -    0.00021      -   6.9 1100s
 14540275 3988338    0.00021  698   20          -    0.00021      -   6.9 1105s
 14601641 3987938 infeasible  685               -    0.00021      -   6.9 1110s
 14665125 3987900    0.00021  691   19          -    0.00021      -   6.9 1115s
 14726466 3988756    0.00021  695   19          -    0.00021      -   6.9 1120s
 14783448 3988555 infeasible  625               -    0.00021      -   6.9 1125s
 14846102 3988630 infeasible  698               -    0.00021      -   6.9 1130s
 14908628 3988198    0.00021  693   18          -    0.00021      -   6.9 1135s
 14972467 3988232 infeasible  700               -    0.00021      -   7.0 1140s
 15031996 3987838 infeasible  722               -    0.00021      -   7.0 1145s
 15093720 3987642    0.00021  705   19          -    0.00021      -   7.0 1150s
 15154257 3989746    0.00021  662   20          -    0.00021      -   7.0 1155s
 15211118 3991362    0.00021  701   20          -    0.00021      -   7.0 1160s
 15269349 3991418 infeasible  721               -    0.00021      -   7.0 1165s
 15324857 3991275 infeasible  712               -    0.00021      -   7.0 1170s
 15383941 3991080 infeasible  698               -    0.00021      -   7.0 1175s
 15445394 3991027 infeasible  697               -    0.00021      -   7.0 1180s
 15507303 3990893 infeasible  747               -    0.00021      -   7.0 1185s
 15568587 3990749 infeasible  690               -    0.00021      -   7.0 1190s
 15627925 3990612 infeasible  721               -    0.00021      -   7.1 1195s
 15687604 3990537 infeasible  706               -    0.00021      -   7.1 1200s
 15748839 3990836 infeasible  687               -    0.00021      -   7.1 1205s
 15809045 3990801 infeasible  699               -    0.00021      -   7.1 1210s
 15868173 3990443 infeasible  715               -    0.00021      -   7.1 1215s
 15930244 3990739 infeasible  719               -    0.00021      -   7.1 1220s
 15987721 3990659 infeasible  713               -    0.00021      -   7.1 1225s
 16047079 3990366    0.00021  696   19          -    0.00021      -   7.1 1230s
 16103775 3990825 infeasible  710               -    0.00021      -   7.1 1235s
 16163826 3990830 infeasible  697               -    0.00021      -   7.1 1240s
 16224894 3990227    0.00021  706   18          -    0.00021      -   7.2 1245s
 16286468 3990414    0.00021  716   19          -    0.00021      -   7.2 1250s
 16348708 3990492    0.00021  695   17          -    0.00021      -   7.2 1255s
 16409937 3990191 infeasible  696               -    0.00021      -   7.2 1260s
 16473960 3990519    0.00021  720   19          -    0.00021      -   7.2 1265s
 16533120 3990534    0.00021  714   19          -    0.00021      -   7.2 1270s
 16594866 3990438 infeasible  702               -    0.00021      -   7.2 1275s
 16648470 3990150 infeasible  714               -    0.00021      -   7.2 1280s
 16706085 3990188    0.00021  711   18          -    0.00021      -   7.2 1285s
 16765513 3989877 infeasible  700               -    0.00021      -   7.2 1290s
 16825240 3990350 infeasible  734               -    0.00021      -   7.2 1295s
 16886512 3990213 infeasible  752               -    0.00021      -   7.2 1300s
 16946222 3989952 infeasible  726               -    0.00021      -   7.2 1305s
 17005872 3989814    0.00021  704   20          -    0.00021      -   7.3 1310s
 17065962 3990164    0.00021  707   19          -    0.00021      -   7.3 1315s
 17125302 3989932 infeasible  726               -    0.00021      -   7.3 1320s
 17183193 3989698 infeasible  699               -    0.00021      -   7.3 1325s
 17242096 3990570    0.00021  697   18          -    0.00021      -   7.3 1330s
 17300660 3991109 infeasible  698               -    0.00021      -   7.3 1335s
 17357378 3991077    0.00021  711   18          -    0.00021      -   7.3 1340s
 17418141 3990729    0.00021  700   18          -    0.00021      -   7.3 1345s
 17475327 3990904    0.00021  716   17          -    0.00021      -   7.3 1350s
 17533733 3990403 infeasible  696               -    0.00021      -   7.3 1355s
 17593726 3990320    0.00021  696   18          -    0.00021      -   7.3 1360s
 17652445 3989892    0.00021  701   18          -    0.00021      -   7.3 1365s
 17716944 3990707    0.00021  708   19          -    0.00021      -   7.3 1370s
 17782075 3990578 infeasible  733               -    0.00021      -   7.3 1375s
 17842953 3989964    0.00021  744   18          -    0.00021      -   7.3 1380s
 17905253 3989856 infeasible  711               -    0.00021      -   7.3 1385s
 17968038 3989572    0.00021  691   19          -    0.00021      -   7.3 1390s
 18031574 3989835    0.00021  763   19          -    0.00021      -   7.3 1395s
 18089905 3989758    0.00021  692   19          -    0.00021      -   7.3 1400s
 18151301 3989822 infeasible  704               -    0.00021      -   7.4 1405s
 18212642 3989858 infeasible  696               -    0.00021      -   7.4 1410s
 18273369 3990043    0.00021  695   19          -    0.00021      -   7.4 1415s
 18333363 3989394    0.00021  713   18          -    0.00021      -   7.4 1420s
 18393143 3989662 infeasible  710               -    0.00021      -   7.4 1425s
 18454658 3989558 infeasible  705               -    0.00021      -   7.4 1430s
 18514130 3989592    0.00021  717   18          -    0.00021      -   7.4 1435s
 18574121 3989474 infeasible  713               -    0.00021      -   7.4 1440s
 18635073 3989701    0.00021  743   18          -    0.00021      -   7.4 1445s
 18697277 3989635    0.00021  709   18          -    0.00021      -   7.4 1450s
 18756405 3990394 infeasible  703               -    0.00021      -   7.4 1455s
 18817558 3990324 infeasible  710               -    0.00021      -   7.4 1460s
 18874972 3990143    0.00021  725   17          -    0.00021      -   7.4 1465s
 18935164 3990061 infeasible  722               -    0.00021      -   7.4 1470s
 18992881 3989957 infeasible  703               -    0.00021      -   7.5 1475s
 19048481 3989833    0.00021  698   20          -    0.00021      -   7.5 1480s
 19101704 3989640    0.00021  698   18          -    0.00021      -   7.5 1485s
 19160358 3990686 infeasible  711               -    0.00021      -   7.5 1490s
 19217985 3990960 infeasible  723               -    0.00021      -   7.5 1495s
 19273570 3990703 infeasible  702               -    0.00021      -   7.5 1500s
 19327470 3990478    0.00021  727   18          -    0.00021      -   7.5 1505s
 19385163 3990453 infeasible  707               -    0.00021      -   7.5 1510s
 19438581 3990942 infeasible  718               -    0.00021      -   7.5 1515s
 19498342 3990593 infeasible  714               -    0.00021      -   7.5 1520s
 19554184 3990783 infeasible  749               -    0.00021      -   7.5 1525s
 19609323 3990373    0.00021  736   19          -    0.00021      -   7.5 1530s
 19667295 3990501 infeasible  725               -    0.00021      -   7.5 1535s
 19723034 3990637 infeasible  729               -    0.00021      -   7.6 1540s
 19777550 3990608    0.00021  704   18          -    0.00021      -   7.6 1545s
 19834899 3990701 infeasible  701               -    0.00021      -   7.6 1550s
 19894933 3990945 infeasible  729               -    0.00021      -   7.6 1555s
 19955805 3990396    0.00021  707   19          -    0.00021      -   7.6 1560s
 20012821 3990374 infeasible  711               -    0.00021      -   7.6 1565s
 20058966 3990424    0.00021  716   18          -    0.00021      -   7.6 1570s
 20106022 3990330 infeasible  715               -    0.00021      -   7.6 1575s
 20156459 3990880 infeasible  720               -    0.00021      -   7.6 1580s
 20206384 3990406 infeasible  715               -    0.00021      -   7.6 1585s
 20247953 3990051    0.00021  773   20          -    0.00021      -   7.6 1590s
 20301145 3990657    0.00021  747   19          -    0.00021      -   7.6 1595s
 20358769 3992105 infeasible  712               -    0.00021      -   7.6 1600s
 20416098 3992257    0.00021  724   18          -    0.00021      -   7.6 1605s
 20474126 3991802    0.00021  717   19          -    0.00021      -   7.6 1610s
 20533355 3991624 infeasible  708               -    0.00021      -   7.6 1615s
 20590736 3991511 infeasible  720               -    0.00021      -   7.7 1620s
 20641584 3992023 infeasible  721               -    0.00021      -   7.7 1625s
 20700883 3991731    0.00021  721   19          -    0.00021      -   7.7 1630s
 20759723 3991578    0.00021  711   19          -    0.00021      -   7.7 1635s
 20812281 3991199 infeasible  692               -    0.00021      -   7.7 1640s
 20871252 3991221    0.00021  708   19          -    0.00021      -   7.7 1645s
 20930940 3991353    0.00021  702   18          -    0.00021      -   7.7 1650s
 20990570 3991225 infeasible  721               -    0.00021      -   7.7 1655s
 21050062 3990962 infeasible  730               -    0.00021      -   7.7 1660s
 21108692 3991229 infeasible  695               -    0.00021      -   7.7 1665s
 21163808 3990938 infeasible  714               -    0.00021      -   7.7 1670s
 21223939 3991388 infeasible  715               -    0.00021      -   7.7 1675s
 21279756 3991135    0.00021  733   19          -    0.00021      -   7.7 1680s
 21334974 3990936    0.00021  737   18          -    0.00021      -   7.7 1685s
 21391326 3991132 infeasible  727               -    0.00021      -   7.7 1690s
 21452282 3991071 infeasible  712               -    0.00021      -   7.7 1695s
 21511047 3990758 infeasible  729               -    0.00021      -   7.8 1700s
 21570162 3990782    0.00021  720   19          -    0.00021      -   7.8 1705s
 21627729 3990961    0.00021  721   19          -    0.00021      -   7.8 1710s
 21687314 3990876 infeasible  720               -    0.00021      -   7.8 1715s
 21746850 3990950 infeasible  714               -    0.00021      -   7.8 1720s
 21807610 3992183 infeasible  758               -    0.00021      -   7.8 1725s
 21865726 3991781    0.00021  720   18          -    0.00021      -   7.8 1730s
 21918967 3991594    0.00021  791   19          -    0.00021      -   7.8 1735s
 21978933 3991366 infeasible  724               -    0.00021      -   7.8 1740s
 22038542 3991460 infeasible  723               -    0.00021      -   7.8 1745s
 22094339 3991233    0.00021  710   19          -    0.00021      -   7.8 1750s
 22149719 3991555    0.00021  743   19          -    0.00021      -   7.8 1755s
 22207710 3991077    0.00021  728   20          -    0.00021      -   7.8 1760s
 22263449 3991437    0.00021  726   18          -    0.00021      -   7.8 1765s
 22320970 3991783 infeasible  718               -    0.00021      -   7.8 1770s
 22378647 3991849 infeasible  733               -    0.00021      -   7.8 1775s
 22437654 3991750 infeasible  726               -    0.00021      -   7.9 1780s
 22497529 3991298    0.00021  764   19          -    0.00021      -   7.9 1785s
 22556030 3991626 infeasible  756               -    0.00021      -   7.9 1790s
 22614196 3991915    0.00021  791   19          -    0.00021      -   7.9 1795s
 22675104 3991640    0.00021  750   20          -    0.00021      -   7.9 1800s
 22736221 3991273 infeasible  770               -    0.00021      -   7.9 1805s
 22786553 3991166 infeasible  741               -    0.00021      -   7.9 1810s
 22844244 3990934 infeasible  771               -    0.00021      -   7.9 1815s
 22902036 3990882 infeasible  779               -    0.00021      -   7.9 1820s
 22959020 3990994 infeasible  747               -    0.00021      -   7.9 1825s
 23018687 3991232 infeasible  734               -    0.00021      -   7.9 1830s
 23080034 3990804    0.00021  721   18          -    0.00021      -   7.9 1835s
 23139028 3990713    0.00021  725   19          -    0.00021      -   7.9 1840s
 23198980 3990673 infeasible  714               -    0.00021      -   7.9 1845s
 23259005 3990891    0.00021  754   18          -    0.00021      -   7.9 1850s
 23316840 3990907 infeasible  709               -    0.00021      -   7.9 1855s
 23377296 3990486 infeasible  721               -    0.00021      -   7.9 1860s
 23435001 3990241    0.00021  743   20          -    0.00021      -   7.9 1865s
 23494683 3989969 infeasible  744               -    0.00021      -   7.9 1870s
 23556929 3990525    0.00021  765   19          -    0.00021      -   7.9 1875s
 23615419 3990310    0.00021  722   18          -    0.00021      -   8.0 1880s
 23674747 3990047    0.00021  728   19          -    0.00021      -   8.0 1885s
 23734576 3991183 infeasible  749               -    0.00021      -   8.0 1890s
 23796343 3991561    0.00021  721   19          -    0.00021      -   8.0 1895s
 23856512 3991139    0.00021  718   19          -    0.00021      -   8.0 1900s
 23916416 3991037    0.00021  699   19          -    0.00021      -   8.0 1905s
 23972726 3990816 infeasible  732               -    0.00021      -   8.0 1910s
 24031717 3990600    0.00021  710   20          -    0.00021      -   8.0 1915s
 24091005 3990709 infeasible  712               -    0.00021      -   8.0 1920s
 24152150 3990175 infeasible  700               -    0.00021      -   8.0 1925s
 24211928 3990197    0.00021  706   18          -    0.00021      -   8.0 1930s
 24271247 3990094 infeasible  726               -    0.00021      -   8.0 1935s
 24331439 3989550 infeasible  687               -    0.00021      -   8.0 1940s
 24390562 3989536    0.00021  694   19          -    0.00021      -   8.0 1945s
 24451214 3989462 infeasible  705               -    0.00021      -   8.0 1950s
 24508115 3989486 infeasible  698               -    0.00021      -   8.0 1955s
 24569613 3989904    0.00021  704   19          -    0.00021      -   8.0 1960s
 24626428 3989235 infeasible  723               -    0.00021      -   8.1 1965s
 24683886 3990227 infeasible  725               -    0.00021      -   8.1 1970s
 24742702 3991516 infeasible  722               -    0.00021      -   8.1 1975s
 24800664 3991440 infeasible  718               -    0.00021      -   8.1 1980s
 24862228 3991689    0.00021  721   19          -    0.00021      -   8.1 1985s
 24922938 3991261    0.00021  733   18          -    0.00021      -   8.1 1990s
 24981777 3991241 infeasible  709               -    0.00021      -   8.1 1995s
 25044916 3991479 infeasible  715               -    0.00021      -   8.1 2000s
 25105551 3991094 infeasible  730               -    0.00021      -   8.1 2005s
 25165171 3991274    0.00021  722   18          -    0.00021      -   8.1 2010s
 25226216 3991309 infeasible  750               -    0.00021      -   8.1 2015s
 25286742 3992050    0.00021  711   19          -    0.00021      -   8.1 2020s
 25347557 3991673    0.00021  725   18          -    0.00021      -   8.1 2025s
 25404382 3991510    0.00021  713   18          -    0.00021      -   8.1 2030s
 25463783 3991352    0.00021  741   19          -    0.00021      -   8.1 2035s
 25524860 3991348    0.00021  707   18          -    0.00021      -   8.1 2040s
 25570828 3990922 infeasible  707               -    0.00021      -   8.1 2045s
 25611526 3991465    0.00021  744   19          -    0.00021      -   8.1 2050s
 25646589 3992001    0.00021  745   19          -    0.00021      -   8.1 2055s
 25681044 3991558 infeasible  732               -    0.00021      -   8.1 2060s
 25720241 3991430    0.00021  729   19          -    0.00021      -   8.1 2065s
 25762683 3991221    0.00021  728   20          -    0.00021      -   8.1 2070s
 25795488 3991407    0.00021  735   18          -    0.00021      -   8.1 2075s
 25843229 3991250 infeasible  722               -    0.00021      -   8.1 2080s
 25892037 3991521    0.00021  722   18          -    0.00021      -   8.1 2085s
 25948661 3991491    0.00021  725   18          -    0.00021      -   8.1 2090s
 26005888 3991400    0.00021  728   18          -    0.00021      -   8.1 2095s
 26064656 3991448    0.00021  727   18          -    0.00021      -   8.1 2100s
 26121462 3991056 infeasible  720               -    0.00021      -   8.1 2105s
 26167234 3990860 infeasible  694               -    0.00021      -   8.1 2110s
 26219411 3990952    0.00021  740   19          -    0.00021      -   8.1 2115s
 26265005 3990725 infeasible  698               -    0.00021      -   8.1 2120s
 26304526 3991165 infeasible  715               -    0.00021      -   8.1 2125s
 26354322 3991243    0.00021  733   19          -    0.00021      -   8.1 2130s
 26411074 3991144 infeasible  722               -    0.00021      -   8.1 2135s
 26472645 3990596    0.00021  711   18          -    0.00021      -   8.1 2140s
 26533198 3991113 infeasible  737               -    0.00021      -   8.1 2145s
 26594559 3991251 infeasible  732               -    0.00021      -   8.1 2150s
 26654668 3990543    0.00021  748   18          -    0.00021      -   8.1 2155s
 26711687 3990639 infeasible  712               -    0.00021      -   8.1 2160s
 26770277 3990551 infeasible  727               -    0.00021      -   8.1 2165s
 26833770 3990752    0.00021  713   18          -    0.00021      -   8.1 2170s
 26893995 3990192 infeasible  728               -    0.00021      -   8.1 2175s
 26954056 3991214    0.00021  714   18          -    0.00021      -   8.1 2180s
 27012242 3991172 infeasible  728               -    0.00021      -   8.1 2185s
 27069251 3990970 infeasible  708               -    0.00021      -   8.1 2190s
 27128366 3990624    0.00021  720   19          -    0.00021      -   8.1 2195s
 27182584 3990227 infeasible  718               -    0.00021      -   8.1 2200s
 27240600 3990034    0.00021  731   19          -    0.00021      -   8.1 2205s
 27300538 3990060 infeasible  718               -    0.00021      -   8.1 2210s
 27361276 3989838    0.00021  701   19          -    0.00021      -   8.1 2215s
 27418342 3989916    0.00021  698   17          -    0.00021      -   8.1 2220s
 27479659 3991206    0.00021  726   18          -    0.00021      -   8.1 2225s
 27540419 3991388 infeasible  729               -    0.00021      -   8.1 2230s
 27598917 3991314    0.00021  723   19          -    0.00021      -   8.1 2235s
 27661989 3991446 infeasible  726               -    0.00021      -   8.1 2240s
 27722164 3991105    0.00021  743   19          -    0.00021      -   8.1 2245s
 27784648 3990815    0.00021  717   19          -    0.00021      -   8.1 2250s
 27844284 3990723    0.00021  721   19          -    0.00021      -   8.1 2255s
 27901376 3990724    0.00021  725   18          -    0.00021      -   8.2 2260s
 27957148 3990621 infeasible  746               -    0.00021      -   8.2 2265s
 28015628 3990421    0.00021  724   18          -    0.00021      -   8.2 2270s
 28076783 3990388    0.00021  722   18          -    0.00021      -   8.2 2275s
 28134201 3990739 infeasible  779               -    0.00021      -   8.2 2280s
 28195472 3990264 infeasible  710               -    0.00021      -   8.2 2285s
 28255627 3990115    0.00021  727   19          -    0.00021      -   8.2 2290s
 28316297 3990877 infeasible  716               -    0.00021      -   8.2 2295s
 28377999 3991375    0.00021  713   19          -    0.00021      -   8.2 2300s
 28440605 3991987    0.00021  748   19          -    0.00021      -   8.2 2305s
 28502020 3991328    0.00021  711   18          -    0.00021      -   8.2 2310s
 28563648 3990677 infeasible  729               -    0.00021      -   8.2 2315s
 28622446 3990981    0.00021  738   19          -    0.00021      -   8.2 2320s
 28683117 3990752    0.00021  719   18          -    0.00021      -   8.2 2325s
 28746401 3990174 infeasible  720               -    0.00021      -   8.2 2330s
 28807057 3990009    0.00021  731   18          -    0.00021      -   8.2 2335s
 28868710 3989961    0.00021  738   18          -    0.00021      -   8.2 2340s
 28932852 3990079    0.00021  705   19          -    0.00021      -   8.2 2345s
 28994723 3990289    0.00021  758   19          -    0.00021      -   8.2 2350s
 29057489 3990380    0.00021  710   18          -    0.00021      -   8.2 2355s
 29120843 3989724    0.00021  722   17          -    0.00021      -   8.2 2360s
 29181312 3990119    0.00021  709   18          -    0.00021      -   8.2 2365s
 29240335 3990400    0.00021  727   19          -    0.00021      -   8.2 2370s
 29297859 3990137 infeasible  766               -    0.00021      -   8.2 2375s
 29358810 3989989 infeasible  740               -    0.00021      -   8.2 2380s
 29415178 3989695 infeasible  729               -    0.00021      -   8.2 2385s
 29471654 3990037    0.00021  724   19          -    0.00021      -   8.2 2390s
 29516339 3990408 infeasible  738               -    0.00021      -   8.2 2395s
 29564341 3990224 infeasible  726               -    0.00021      -   8.2 2400s
 29616007 3989964 infeasible  724               -    0.00021      -   8.2 2405s
 29662325 3989851 infeasible  686               -    0.00021      -   8.2 2410s
 29721728 3990261 infeasible  726               -    0.00021      -   8.2 2415s
 29781890 3990463    0.00021  712   19          -    0.00021      -   8.2 2420s
 29840870 3990266    0.00021  697   19          -    0.00021      -   8.2 2425s
 29900069 3990354 infeasible  710               -    0.00021      -   8.2 2430s
 29958991 3990240    0.00021  710   18          -    0.00021      -   8.2 2435s
 30016491 3989919 infeasible  698               -    0.00021      -   8.2 2440s
 30075975 3990464    0.00021  711   19          -    0.00021      -   8.2 2445s
 30133344 3990903 infeasible  752               -    0.00021      -   8.2 2450s
 30184583 3990333 infeasible  767               -    0.00021      -   8.2 2455s
 30235016 3989808    0.00021  730   18          -    0.00021      -   8.2 2460s
 30289452 3990114 infeasible  743               -    0.00021      -   8.2 2465s
 30345264 3990085 infeasible  714               -    0.00021      -   8.2 2470s
 30394860 3989659    0.00021  708   18          -    0.00021      -   8.2 2475s
 30454687 3989637 infeasible  734               -    0.00021      -   8.2 2480s
 30515159 3990131    0.00021  716   19          -    0.00021      -   8.2 2485s
 30574046 3990525 infeasible  741               -    0.00021      -   8.2 2490s
 30632662 3990209    0.00021  713   18          -    0.00021      -   8.2 2495s
 30693805 3990012    0.00021  741   18          -    0.00021      -   8.2 2500s
 30752817 3989772 infeasible  697               -    0.00021      -   8.2 2505s
 30816059 3990302    0.00021  720   19          -    0.00021      -   8.2 2510s
 30875763 3989770 infeasible  711               -    0.00021      -   8.2 2515s
 30937436 3989582    0.00021  737   19          -    0.00021      -   8.2 2520s
 30993961 3989311    0.00021  730   19          -    0.00021      -   8.2 2525s
 31049336 3989725 infeasible  709               -    0.00021      -   8.2 2530s
 31105502 3989557 infeasible  723               -    0.00021      -   8.2 2535s
 31162291 3989521 infeasible  757               -    0.00021      -   8.2 2540s
 31220017 3990267    0.00021  704   18          -    0.00021      -   8.2 2545s
 31278627 3991228    0.00021  698   17          -    0.00021      -   8.2 2550s
 31336510 3991013 infeasible  701               -    0.00021      -   8.2 2555s
 31395668 3990726 infeasible  699               -    0.00021      -   8.2 2560s
 31457170 3990508    0.00021  753   18          -    0.00021      -   8.2 2565s
 31517904 3990278    0.00021  803   18          -    0.00021      -   8.2 2570s
 31575406 3990179    0.00021  722   18          -    0.00021      -   8.2 2575s
 31635762 3990205 infeasible  710               -    0.00021      -   8.2 2580s
 31692251 3990054 infeasible  715               -    0.00021      -   8.2 2585s
 31753495 3989930 infeasible  728               -    0.00021      -   8.2 2590s
 31813967 3989791    0.00021  727   19          -    0.00021      -   8.2 2595s
 31873878 3989992    0.00021  746   18          -    0.00021      -   8.2 2600s
 31935295 3990287    0.00021  729   19          -    0.00021      -   8.2 2605s
 31997654 3989789    0.00021  737   19          -    0.00021      -   8.2 2610s
 32058041 3989447    0.00021  714   19          -    0.00021      -   8.2 2615s
 32116812 3989551    0.00021  706   18          -    0.00021      -   8.3 2620s
 32175274 3989343    0.00021  713   19          -    0.00021      -   8.3 2625s
 32230421 3989194 infeasible  731               -    0.00021      -   8.3 2630s
 32286290 3989218 infeasible  708               -    0.00021      -   8.3 2635s
 32342928 3989086 infeasible  705               -    0.00021      -   8.3 2640s
 32395395 3989467    0.00021  701   19          -    0.00021      -   8.3 2645s
 32452037 3989354    0.00021  703   19          -    0.00021      -   8.3 2650s
 32507328 3989017    0.00021  697   17          -    0.00021      -   8.3 2655s
 32565797 3989084    0.00021  774   19          -    0.00021      -   8.3 2660s
 32630170 3989351 infeasible  730               -    0.00021      -   8.3 2665s
 32692467 3989619    0.00021  697   18          -    0.00021      -   8.3 2670s
 32755605 3989546    0.00021  707   18          -    0.00021      -   8.3 2675s
 32816511 3988962 infeasible  709               -    0.00021      -   8.3 2680s
 32877173 3989496 infeasible  703               -    0.00021      -   8.3 2685s
 32939798 3989347 infeasible  733               -    0.00021      -   8.3 2690s
 33002289 3988953    0.00021  700   18          -    0.00021      -   8.3 2695s
 33065307 3988888 infeasible  709               -    0.00021      -   8.3 2700s
 33127845 3988780 infeasible  725               -    0.00021      -   8.3 2705s
 33188520 3989561    0.00021  700   18          -    0.00021      -   8.3 2710s
 33249489 3989044 infeasible  711               -    0.00021      -   8.3 2715s
 33307965 3989139 infeasible  741               -    0.00021      -   8.3 2720s
 33361119 3989304 infeasible  734               -    0.00021      -   8.3 2725s
 33419554 3989137    0.00021  702   19          -    0.00021      -   8.3 2730s
 33481610 3988975    0.00021  753   18          -    0.00021      -   8.3 2735s
 33541929 3988680 infeasible  716               -    0.00021      -   8.3 2740s
 33604378 3988897    0.00021  696   19          -    0.00021      -   8.3 2745s
 33663163 3989341    0.00021  690   19          -    0.00021      -   8.3 2750s
 33723500 3988891    0.00021  695   18          -    0.00021      -   8.3 2755s
 33780390 3988993 infeasible  708               -    0.00021      -   8.3 2760s
 33838132 3989485 infeasible  710               -    0.00021      -   8.3 2765s
 33892486 3989210 infeasible  696               -    0.00021      -   8.3 2770s
 33948247 3989166    0.00021  706   20          -    0.00021      -   8.3 2775s
 34002340 3988827    0.00021  716   18          -    0.00021      -   8.3 2780s
 34059625 3989722 infeasible  725               -    0.00021      -   8.3 2785s
 34120418 3989761    0.00021  750   19          -    0.00021      -   8.3 2790s
 34179717 3989606 infeasible  745               -    0.00021      -   8.3 2795s
 34236399 3989361    0.00021  730   18          -    0.00021      -   8.3 2800s
 34291320 3989100 infeasible  711               -    0.00021      -   8.3 2805s
 34346396 3989394    0.00021  734   19          -    0.00021      -   8.3 2810s
 34405864 3989224    0.00021  697   19          -    0.00021      -   8.3 2815s
 34466399 3989226    0.00021  720   17          -    0.00021      -   8.3 2820s
 34526611 3989327 infeasible  713               -    0.00021      -   8.3 2825s
 34587407 3989046    0.00021  701   18          -    0.00021      -   8.3 2830s
 34649103 3989746    0.00021  811   19          -    0.00021      -   8.3 2835s
 34710388 3989143    0.00021  710   19          -    0.00021      -   8.3 2840s
 34765564 3988647 infeasible  720               -    0.00021      -   8.3 2845s
 34820195 3988989    0.00021  709   19          -    0.00021      -   8.3 2850s
 34876922 3988942    0.00021  740   19          -    0.00021      -   8.3 2855s
 34936300 3988634    0.00021  706   18          -    0.00021      -   8.3 2860s
 34991523 3989249 infeasible  718               -    0.00021      -   8.3 2865s
 35046820 3989997    0.00021  707   18          -    0.00021      -   8.3 2870s
 35104678 3989552 infeasible  711               -    0.00021      -   8.3 2875s
 35161502 3989602 infeasible  689               -    0.00021      -   8.3 2880s
 35220131 3989272    0.00021  702   18          -    0.00021      -   8.3 2885s
 35277640 3989650 infeasible  717               -    0.00021      -   8.3 2890s
 35337929 3989855 infeasible  727               -    0.00021      -   8.3 2895s
 35384344 3989715    0.00021  714   19          -    0.00021      -   8.3 2900s
 35434449 3989342 infeasible  712               -    0.00021      -   8.3 2905s
 35483687 3989171 infeasible  708               -    0.00021      -   8.3 2910s
 35532192 3989608    0.00021  718   19          -    0.00021      -   8.3 2915s
 35586647 3990608 infeasible  686               -    0.00021      -   8.3 2920s
 35642480 3990375    0.00021  718   20          -    0.00021      -   8.3 2925s
 35696955 3989902    0.00021  697   19          -    0.00021      -   8.3 2930s
 35750627 3990294 infeasible  699               -    0.00021      -   8.3 2935s
 35810311 3990784    0.00021  722   20          -    0.00021      -   8.3 2940s
 35863644 3991096    0.00021  738   19          -    0.00021      -   8.3 2945s
 35924306 3990762 infeasible  708               -    0.00021      -   8.3 2950s
 35981574 3990823 infeasible  702               -    0.00021      -   8.3 2955s
 36036388 3990387    0.00021  720   19          -    0.00021      -   8.3 2960s
 36092269 3989995    0.00021  745   19          -    0.00021      -   8.3 2965s
 36147685 3989636    0.00021  716   19          -    0.00021      -   8.3 2970s
 36206607 3989653    0.00021  733   18          -    0.00021      -   8.3 2975s
 36265855 3990204    0.00021  725   19          -    0.00021      -   8.3 2980s
 36322710 3990920    0.00021  704   19          -    0.00021      -   8.4 2985s
 36379868 3991163    0.00021  702   18          -    0.00021      -   8.4 2990s
 36439382 3991590    0.00021  747   18          -    0.00021      -   8.4 2995s
 36498504 3991553    0.00021  731   19          -    0.00021      -   8.4 3000s
 36557209 3990584    0.00021  724   20          -    0.00021      -   8.4 3005s
 36613815 3990157    0.00021  722   19          -    0.00021      -   8.4 3010s
 36673190 3989805    0.00021  731   19          -    0.00021      -   8.4 3015s
 36734233 3990222 infeasible  695               -    0.00021      -   8.4 3020s
 36794327 3990392    0.00021  741   20          -    0.00021      -   8.4 3025s
 36850131 3990831 infeasible  724               -    0.00021      -   8.4 3030s
 36909117 3990851    0.00021  700   19          -    0.00021      -   8.4 3035s
 36970315 3990211 infeasible  733               -    0.00021      -   8.4 3040s
 37029027 3990339    0.00021  761   19          -    0.00021      -   8.4 3045s
 37088045 3990488    0.00021  740   18          -    0.00021      -   8.4 3050s
 37147030 3990160 infeasible  725               -    0.00021      -   8.4 3055s
 37204454 3990022 infeasible  693               -    0.00021      -   8.4 3060s
 37263693 3989821    0.00021  708   19          -    0.00021      -   8.4 3065s
 37320737 3990684    0.00021  746   18          -    0.00021      -   8.4 3070s
 37375874 3990825    0.00021  712   18          -    0.00021      -   8.4 3075s
 37436704 3990694    0.00021  721   18          -    0.00021      -   8.4 3080s
 37495270 3990618    0.00021  723   19          -    0.00021      -   8.4 3085s
 37559016 3990347    0.00021  725   18          -    0.00021      -   8.4 3090s
 37617165 3989749    0.00021  672   20          -    0.00021      -   8.4 3095s
 37678299 3989825 infeasible  737               -    0.00021      -   8.4 3100s
 37739050 3989602 infeasible  759               -    0.00021      -   8.4 3105s
 37797580 3989351    0.00021  698   20          -    0.00021      -   8.4 3110s
 37855305 3991081 infeasible  718               -    0.00021      -   8.4 3115s
 37914755 3992417    0.00021  704   20          -    0.00021      -   8.4 3120s
 37973053 3992024 infeasible  723               -    0.00021      -   8.4 3125s
 38030187 3991942 infeasible  720               -    0.00021      -   8.4 3130s
 38087293 3992061 infeasible  702               -    0.00021      -   8.4 3135s
 38144181 3992144 infeasible  757               -    0.00021      -   8.4 3140s
 38201464 3991892 infeasible  735               -    0.00021      -   8.4 3145s
 38258713 3991539    0.00021  698   19          -    0.00021      -   8.4 3150s
 38314170 3991854    0.00021  708   18          -    0.00021      -   8.4 3155s
 38368834 3991502 infeasible  711               -    0.00021      -   8.4 3160s
 38425810 3991168 infeasible  710               -    0.00021      -   8.4 3165s
 38481961 3990728    0.00021  761   19          -    0.00021      -   8.4 3170s
 38540887 3990867    0.00021  726   19          -    0.00021      -   8.4 3175s
 38599524 3990681 infeasible  721               -    0.00021      -   8.4 3180s
 38661336 3990874    0.00021  745   20          -    0.00021      -   8.4 3185s
 38720968 3990529    0.00021  759   20          -    0.00021      -   8.4 3190s
 38782041 3991200 infeasible  722               -    0.00021      -   8.4 3195s
 38839695 3991386 infeasible  707               -    0.00021      -   8.4 3200s
 38898835 3991451    0.00021  710   19          -    0.00021      -   8.4 3205s
 38957439 3991349    0.00021  700   18          -    0.00021      -   8.4 3210s
 39016782 3991236    0.00021  705   18          -    0.00021      -   8.4 3215s
 39075824 3992133 infeasible  723               -    0.00021      -   8.4 3220s
 39135284 3992617 infeasible  736               -    0.00021      -   8.4 3225s
 39191609 3992746 infeasible  711               -    0.00021      -   8.4 3230s
 39248910 3992743    0.00021  713   19          -    0.00021      -   8.4 3235s
 39305931 3992261 infeasible  722               -    0.00021      -   8.4 3240s
 39364329 3991710    0.00021  730   19          -    0.00021      -   8.4 3245s
 39423881 3991471    0.00021  711   18          -    0.00021      -   8.4 3250s
 39484320 3990994 infeasible  715               -    0.00021      -   8.4 3255s
 39541952 3991500 infeasible  715               -    0.00021      -   8.4 3260s
 39600680 3991151 infeasible  746               -    0.00021      -   8.4 3265s
 39660719 3991096 infeasible  725               -    0.00021      -   8.4 3270s
 39722887 3990588 infeasible  714               -    0.00021      -   8.4 3275s
 39782768 3990277 infeasible  728               -    0.00021      -   8.4 3280s
 39846258 3991977 infeasible  704               -    0.00021      -   8.4 3285s
 39903397 3992217 infeasible  694               -    0.00021      -   8.4 3290s
 39965848 3991922 infeasible  720               -    0.00021      -   8.4 3295s
 40022989 3991629    0.00021  702   18          -    0.00021      -   8.4 3300s
 40079540 3991267 infeasible  707               -    0.00021      -   8.4 3305s
 40137097 3991386    0.00021  709   19          -    0.00021      -   8.4 3310s
 40192823 3991280 infeasible  698               -    0.00021      -   8.4 3315s
 40249761 3991029    0.00021  710   18          -    0.00021      -   8.4 3320s
 40307019 3990958    0.00021  712   19          -    0.00021      -   8.4 3325s
 40368669 3990627    0.00021  765   18          -    0.00021      -   8.4 3330s
 40429196 3991035 infeasible  707               -    0.00021      -   8.4 3335s
 40486745 3990962 infeasible  707               -    0.00021      -   8.4 3340s
 40546890 3990664    0.00021  703   20          -    0.00021      -   8.4 3345s
 40609785 3990265    0.00021  757   20          -    0.00021      -   8.4 3350s
 40670558 3990862    0.00021  696   19          -    0.00021      -   8.4 3355s
 40729737 3990533 infeasible  732               -    0.00021      -   8.4 3360s
 40787992 3990430    0.00021  718   18          -    0.00021      -   8.4 3365s
 40848240 3990775    0.00021  778   19          -    0.00021      -   8.4 3370s
 40906581 3990688 infeasible  715               -    0.00021      -   8.4 3375s
 40965422 3990161 infeasible  702               -    0.00021      -   8.4 3380s
 41020426 3990165    0.00021  728   18          -    0.00021      -   8.4 3385s
 41079312 3989938 infeasible  724               -    0.00021      -   8.4 3390s
 41136387 3990163 infeasible  703               -    0.00021      -   8.4 3395s
 41193618 3990156    0.00021  707   18          -    0.00021      -   8.4 3400s
 41251129 3990065    0.00021  689   19          -    0.00021      -   8.4 3405s
 41309583 3990115    0.00021  719   19          -    0.00021      -   8.4 3410s
 41369567 3990365 infeasible  714               -    0.00021      -   8.4 3415s
 41428457 3990065    0.00021  711   18          -    0.00021      -   8.4 3420s
 41489997 3990540    0.00021  713   18          -    0.00021      -   8.4 3425s
 41543294 3990097    0.00021  729   19          -    0.00021      -   8.4 3430s
 41595184 3989919    0.00021  724   18          -    0.00021      -   8.4 3435s
 41647748 3990035    0.00021  694   20          -    0.00021      -   8.5 3440s
 41701397 3989777    0.00021  760   19          -    0.00021      -   8.5 3445s
 41757207 3990012    0.00021  731   19          -    0.00021      -   8.5 3450s
 41816071 3989825 infeasible  753               -    0.00021      -   8.5 3455s
 41873838 3989615 infeasible  706               -    0.00021      -   8.5 3460s
 41932420 3989819 infeasible  710               -    0.00021      -   8.5 3465s
 41989013 3991566    0.00021  722   20          -    0.00021      -   8.5 3470s
 42048753 3991817 infeasible  710               -    0.00021      -   8.5 3475s
 42108064 3991308    0.00021  706   18          -    0.00021      -   8.5 3480s
 42168770 3991629    0.00021  692   18          -    0.00021      -   8.5 3485s
 42229362 3991552    0.00021  712   19          -    0.00021      -   8.5 3490s
 42288553 3991185    0.00021  718   19          -    0.00021      -   8.5 3495s
 42349839 3990940 infeasible  718               -    0.00021      -   8.5 3500s
 42409947 3991012 infeasible  734               -    0.00021      -   8.5 3505s
 42468993 3992780    0.00021  715   20          -    0.00021      -   8.5 3510s
 42528442 3993278    0.00021  720   19          -    0.00021      -   8.5 3515s
 42589392 3993654 infeasible  727               -    0.00021      -   8.5 3520s
 42650029 3993396 infeasible  728               -    0.00021      -   8.5 3525s
 42710061 3992857 infeasible  733               -    0.00021      -   8.5 3530s
 42769771 3992663 infeasible  735               -    0.00021      -   8.5 3535s
 42828495 3993254    0.00021  706   18          -    0.00021      -   8.5 3540s
 42889626 3993736 infeasible  740               -    0.00021      -   8.5 3545s
 42947636 3993915    0.00021  744   20          -    0.00021      -   8.5 3550s
 43007089 3993671    0.00021  721   19          -    0.00021      -   8.5 3555s
 43068029 3994097 infeasible  756               -    0.00021      -   8.5 3560s
 43126079 3993560    0.00021  741   18          -    0.00021      -   8.5 3565s
 43188022 3993165    0.00021  699   19          -    0.00021      -   8.5 3570s
 43246491 3993198 infeasible  731               -    0.00021      -   8.5 3575s
 43310945 3993209 infeasible  716               -    0.00021      -   8.5 3580s
 43372418 3992892    0.00021  752   19          -    0.00021      -   8.5 3585s
 43430886 3993079    0.00021  746   19          -    0.00021      -   8.5 3590s
 43493966 3993303 infeasible  739               -    0.00021      -   8.5 3595s
 43555055 3993328    0.00021  750   20          -    0.00021      -   8.5 3600s

Cutting planes:
  Flow cover: 4

Explored 43556586 nodes (369943217 simplex iterations) in 3600.01 seconds (1449.15 work units)
Thread count was 12 (of 12 available processors)

Solution count 0

Time limit reached
Best objective -, best bound 2.058065039989e-04, gap -
