
Gurobi 11.0.2 (win64) logging started Tue Oct  1 23:02:31 2024

Set parameter LogFile to value ".\Experiments\Track_k_e_2\Logs\track_k_e_2_r3_c4.log"
Set parameter TimeLimit to value 3600
Gurobi Optimizer version 11.0.2 build v11.0.2rc0 (win64 - Windows 10.0 (19045.2))

CPU model: Intel(R) Core(TM) i7-10750H CPU @ 2.60GHz, instruction set [SSE2|AVX|AVX2]
Thread count: 6 physical cores, 12 logical processors, using up to 12 threads

Optimize a model with 248 rows, 462 columns and 920 nonzeros
Model fingerprint: 0x72f78958
Model has 6 quadratic objective terms
Model has 68 quadratic constraints
Model has 116 general constraints
Variable types: 458 continuous, 4 integer (4 binary)
Coefficient statistics:
  Matrix range     [9e-06, 1e+02]
  QMatrix range    [1e+00, 1e+00]
  QLMatrix range   [1e+00, 1e+00]
  Objective range  [1e-02, 2e-01]
  QObjective range [2e+00, 2e+00]
  Bounds range     [8e-05, 7e+01]
  RHS range        [8e-05, 1e+02]
  QRHS range       [1e-06, 1e-06]
Presolve added 44 rows and 0 columns
Presolve removed 0 rows and 71 columns
Presolve time: 0.01s
Presolved: 533 rows, 400 columns, 1483 nonzeros
Presolved model has 48 SOS constraint(s)
Presolved model has 4 quadratic objective terms
Presolved model has 57 bilinear constraint(s)
Presolved model has 4 nonlinear constraint(s)
Warning: Model contains variables with very large bounds participating
         in nonlinear terms.
         Presolve was not able to compute smaller bounds for these variables.
         Consider bounding these variables or reformulating the model.


Solving non-convex MINLP

Variable types: 284 continuous, 116 integer (116 binary)

Root relaxation: objective 2.058065e-04, 445 iterations, 0.00 seconds (0.00 work units)

    Nodes    |    Current Node    |     Objective Bounds      |     Work
 Expl Unexpl |  Obj  Depth IntInf | Incumbent    BestBd   Gap | It/Node Time

     0     0    0.00021    0   43          -    0.00021      -     -    0s
     0     0    0.00021    0   82          -    0.00021      -     -    0s
     0     0    0.00021    0   93          -    0.00021      -     -    0s
     0     0    0.00021    0  102          -    0.00021      -     -    0s
     0     0    0.00021    0   98          -    0.00021      -     -    0s
     0     0    0.00021    0   97          -    0.00021      -     -    0s
     0     0    0.00021    0   98          -    0.00021      -     -    0s
     0     2    0.00021    0   98          -    0.00021      -     -    0s
 14145  3649    0.00021   54   43          -    0.00021      -  27.7    5s
 34945  9638    0.00107   56   28          -    0.00021      -  30.3   10s
 57291 14654    0.00260   56   29          -    0.00021      -  30.4   15s
*57929  4262              92       0.0010312    0.00021  80.0%  30.3   15s
H59298  4025                       0.0010312    0.00021  80.0%  30.1   15s
H65015  4416                       0.0010312    0.00021  80.0%  29.6   16s
H65267  3803                       0.0008438    0.00021  75.6%  29.7   17s
H68546  3965                       0.0008362    0.00021  75.4%  29.6   18s
H69494  4053                       0.0008362    0.00021  75.4%  29.5   19s
H70706  4053                       0.0008362    0.00021  75.4%  29.3   19s
H71251  4076                       0.0008362    0.00021  75.4%  29.3   19s
 71483  4077    0.00021   40   59    0.00084    0.00021  75.4%  29.3   20s
H72949  4159                       0.0008356    0.00021  75.4%  29.2   20s
H73762  4317                       0.0008356    0.00021  75.4%  29.1   21s
H75521  4329                       0.0008356    0.00021  75.4%  28.8   21s
H75541  4328                       0.0008354    0.00021  75.4%  28.8   21s
 83004  5276    0.00021   53   50    0.00084    0.00021  75.4%  27.9   25s
H89770  5631                       0.0008354    0.00021  75.4%  27.0   27s
H91146  5779                       0.0008352    0.00021  75.4%  26.9   28s
H91154  5777                       0.0008352    0.00021  75.4%  26.9   28s
 95974  6063    0.00021   50   41    0.00084    0.00021  75.4%  26.4   30s
 112942  6161    0.00021   58   42    0.00084    0.00021  75.1%  25.9   35s
 131831  6576     cutoff   58         0.00084    0.00021  75.1%  25.4   40s
H133781  6667                       0.0008352    0.00021  75.1%  25.3   41s
 147742  6933    0.00021   66   37    0.00084    0.00021  75.1%  24.6   45s
H149025  6935                       0.0008352    0.00021  75.1%  24.6   46s
H156414  7098                       0.0008352    0.00021  75.1%  24.6   48s
 158239  7083    0.00029   48   42    0.00084    0.00021  75.1%  24.6   50s
H161749  7158                       0.0008352    0.00021  75.1%  24.5   51s
 173083  7212    0.00021   61   33    0.00084    0.00021  75.1%  24.4   55s
H182467  7001                       0.0008352    0.00022  74.2%  24.2   57s
 191464  6838     cutoff   55         0.00084    0.00022  74.2%  24.1   60s
 209875  7453 infeasible   51         0.00084    0.00022  74.2%  24.0   65s
 231170  8044     cutoff   64         0.00084    0.00022  74.2%  23.7   70s
 251184  8420 infeasible   60         0.00084    0.00022  74.2%  23.6   75s
 275793  8508    0.00061   67   31    0.00084    0.00024  70.8%  23.1   80s
 296371  9551    0.00040   54   35    0.00084    0.00025  70.6%  23.4   85s
 319902 10082     cutoff   78         0.00084    0.00025  70.6%  23.3   90s
 342554 11347    0.00027   53   36    0.00084    0.00025  70.5%  23.1   95s
 366980 10129     cutoff   55         0.00084    0.00028  65.9%  22.7  100s
 387738 10027     cutoff   58         0.00084    0.00028  65.9%  22.7  105s
 409470  9547     cutoff   62         0.00084    0.00030  64.4%  22.9  110s
 435033  7598 infeasible   67         0.00084    0.00040  52.5%  22.5  115s
 456699  7706 infeasible   58         0.00084    0.00040  52.5%  22.6  120s
 481351  5692     cutoff   76         0.00084    0.00050  39.8%  22.5  125s
 509352  1871 infeasible   71         0.00084    0.00078  6.65%  22.0  130s
 530816  1177    0.00079   50   36    0.00084    0.00079  5.93%  21.9  135s

Cutting planes:
  Gomory: 5
  Cover: 16
  Implied bound: 21
  Clique: 7
  MIR: 16
  Flow cover: 41
  RLT: 7
  Relax-and-lift: 14

Explored 549203 nodes (12078471 simplex iterations) in 139.74 seconds (66.15 work units)
Thread count was 12 (of 12 available processors)

Solution count 10: 0.000835206 0.000835206 0.000835207 ... 0.000843789

Optimal solution found (tolerance 1.00e-04)
Best objective 8.352061399075e-04, best bound 8.352061399075e-04, gap 0.0000%
