
Gurobi 11.0.2 (win64) logging started Tue Oct  1 23:04:51 2024

Set parameter LogFile to value ".\Experiments\Track_k_e_2\Logs\track_k_e_2_r3_c5.log"
Set parameter TimeLimit to value 3600
Gurobi Optimizer version 11.0.2 build v11.0.2rc0 (win64 - Windows 10.0 (19045.2))

CPU model: Intel(R) Core(TM) i7-10750H CPU @ 2.60GHz, instruction set [SSE2|AVX|AVX2]
Thread count: 6 physical cores, 12 logical processors, using up to 12 threads

Optimize a model with 248 rows, 462 columns and 920 nonzeros
Model fingerprint: 0xb30d9ee0
Model has 6 quadratic objective terms
Model has 68 quadratic constraints
Model has 116 general constraints
Variable types: 458 continuous, 4 integer (4 binary)
Coefficient statistics:
  Matrix range     [9e-06, 1e+02]
  QMatrix range    [1e+00, 1e+00]
  QLMatrix range   [1e+00, 1e+00]
  Objective range  [1e-02, 2e-01]
  QObjective range [2e+00, 2e+00]
  Bounds range     [8e-05, 5e+00]
  RHS range        [8e-05, 1e+02]
  QRHS range       [1e-06, 1e-06]
Presolve added 36 rows and 0 columns
Presolve removed 0 rows and 73 columns
Presolve time: 0.01s
Presolved: 525 rows, 398 columns, 1457 nonzeros
Presolved model has 50 SOS constraint(s)
Presolved model has 4 quadratic objective terms
Presolved model has 57 bilinear constraint(s)
Presolved model has 4 nonlinear constraint(s)
Warning: Model contains variables with very large bounds participating
         in nonlinear terms.
         Presolve was not able to compute smaller bounds for these variables.
         Consider bounding these variables or reformulating the model.


Solving non-convex MINLP

Variable types: 284 continuous, 114 integer (114 binary)

Root relaxation: objective 2.058065e-04, 419 iterations, 0.00 seconds (0.00 work units)

    Nodes    |    Current Node    |     Objective Bounds      |     Work
 Expl Unexpl |  Obj  Depth IntInf | Incumbent    BestBd   Gap | It/Node Time

     0     0    0.00021    0   44          -    0.00021      -     -    0s
     0     0    0.00021    0   74          -    0.00021      -     -    0s
     0     0    0.00021    0   91          -    0.00021      -     -    0s
     0     0    0.00021    0   94          -    0.00021      -     -    0s
     0     0    0.00021    0   92          -    0.00021      -     -    0s
     0     0    0.00021    0   96          -    0.00021      -     -    0s
     0     0    0.00021    0   97          -    0.00021      -     -    0s
     0     2    0.00021    0   97          -    0.00021      -     -    0s
 13865  4151 infeasible   74               -    0.00021      -  28.7    5s
 35365  9718    0.00200   56   37          -    0.00021      -  29.5   10s
 54898 15457 infeasible   58               -    0.00021      -  31.2   15s
 76149 20066 infeasible   48               -    0.00021      -  31.2   20s
 98969 26081    0.00022   57   39          -    0.00021      -  30.2   25s
 119525 32406    0.00021   53   57          -    0.00021      -  30.2   30s
 139544 36857    0.00021   66   39          -    0.00021      -  30.2   35s
 161461 41998    0.00084   64   42          -    0.00021      -  30.3   40s
*172321 35477             113       0.0018440    0.00021  88.8%  30.3   42s
*172326 33133             113       0.0013987    0.00021  85.3%  30.3   42s
 179363 34737    0.00021   49   58    0.00140    0.00021  85.3%  30.2   45s
 187286 37861    0.00021   42   52    0.00140    0.00021  85.3%  30.0   50s
 200510 42517    0.00021   60   53    0.00140    0.00021  85.3%  29.8   55s
 214388 47083    0.00077   57   53    0.00140    0.00021  85.3%  29.5   60s
 228164 51402    0.00084   61   41    0.00140    0.00021  85.3%  29.2   65s
 236656 55097    0.00084   63   34    0.00140    0.00021  85.3%  29.1   70s
 248040 58165    0.00084   72   35    0.00140    0.00021  85.3%  28.8   75s
 261194 61748    0.00021   59   66    0.00140    0.00021  85.3%  28.6   80s
 274430 66169    0.00021   62   60    0.00140    0.00021  85.3%  28.3   85s
 289552 70343    0.00084   72   46    0.00140    0.00021  85.3%  28.0   90s
 303386 74903    0.00022   66   67    0.00140    0.00021  85.3%  27.8   95s
 319103 80110 infeasible   58         0.00140    0.00021  85.3%  27.6  100s
 330787 84864    0.00021   59   50    0.00140    0.00021  85.3%  27.7  105s
 343994 89287 infeasible   75         0.00140    0.00021  85.3%  27.7  110s
 361043 93950    0.00065   65   44    0.00140    0.00021  85.3%  27.6  115s
 377875 99208    0.00021   56   62    0.00140    0.00021  85.3%  27.5  120s
 394261 103982    0.00062   62   53    0.00140    0.00021  85.3%  27.4  125s
 409624 106639    0.00024   66   50    0.00140    0.00021  85.3%  27.3  130s
 428396 109891    0.00092   61   54    0.00140    0.00021  85.3%  27.2  135s
 445682 113629    0.00022   73   44    0.00140    0.00021  85.3%  27.1  140s
 460434 116312    0.00023   72   50    0.00140    0.00021  85.3%  27.1  145s
 477072 118052    0.00038   78   44    0.00140    0.00021  85.3%  27.1  150s
 495444 121684    0.00084   51   52    0.00140    0.00021  85.3%  27.0  155s
 508073 126069    0.00021   49   60    0.00140    0.00021  85.3%  27.1  160s
 526520 131466    0.00075   82   51    0.00140    0.00021  85.3%  27.1  165s
 541270 135611    0.00100   78   46    0.00140    0.00021  85.3%  27.1  170s
 560508 140589    0.00021   77   44    0.00140    0.00021  85.3%  27.0  175s
 575663 146075    0.00084   61   56    0.00140    0.00021  85.3%  26.9  180s
 594053 151535    0.00090   68   54    0.00140    0.00021  85.3%  26.8  185s
 610192 156962    0.00057   71   59    0.00140    0.00021  85.3%  26.8  190s
 629589 162380    0.00021   67   53    0.00140    0.00021  85.3%  26.7  195s
 646888 166238    0.00021   59   54    0.00140    0.00021  85.3%  26.7  200s
 664429 170624 infeasible   73         0.00140    0.00021  85.3%  26.6  206s
 677762 173904    0.00021   61   50    0.00140    0.00021  85.3%  26.6  210s
 694782 177012    0.00071   76   44    0.00140    0.00021  85.3%  26.6  215s
 710174 180284    0.00021   61   57    0.00140    0.00021  85.3%  26.5  220s
 723249 183878 infeasible   71         0.00140    0.00021  85.3%  26.5  225s
 740095 185787    0.00021   55   47    0.00140    0.00021  85.3%  26.5  230s
 758271 188775 infeasible   60         0.00140    0.00021  85.3%  26.4  235s
 771817 190248 infeasible   76         0.00140    0.00021  85.3%  26.4  240s
 787426 192671    0.00027   66   54    0.00140    0.00021  85.3%  26.4  245s
 804421 195911    0.00026   68   49    0.00140    0.00021  85.3%  26.3  250s
 819399 198111     cutoff   66         0.00140    0.00021  85.3%  26.3  255s
 835795 200209     cutoff   78         0.00140    0.00021  85.3%  26.3  260s
 849115 201841    0.00021   64   48    0.00140    0.00021  85.3%  26.3  265s
 864198 203453    0.00084   83   41    0.00140    0.00021  85.3%  26.3  270s
 880732 205069     cutoff   85         0.00140    0.00021  85.3%  26.3  275s
 897373 207138    0.00038   81   39    0.00140    0.00021  85.3%  26.3  280s
 911946 209229     cutoff   70         0.00140    0.00021  85.3%  26.3  285s
 929314 211392    0.00021   57   51    0.00140    0.00021  85.3%  26.4  291s
 942466 213374     cutoff   68         0.00140    0.00021  85.3%  26.4  295s
 958061 215247    0.00047   73   58    0.00140    0.00021  85.3%  26.5  300s
 972982 217154    0.00033   71   52    0.00140    0.00021  85.3%  26.5  305s
 986397 218945    0.00023   71   62    0.00140    0.00021  85.3%  26.6  310s
 1001790 220744     cutoff   78         0.00140    0.00021  85.3%  26.6  315s
 1017083 223677    0.00027   83   56    0.00140    0.00021  85.3%  26.6  320s
 1034181 226044    0.00041   89   44    0.00140    0.00021  85.3%  26.6  325s
 1051838 228426    0.00021   62   40    0.00140    0.00021  85.3%  26.7  330s
 1065018 230730    0.00021   68   61    0.00140    0.00021  85.3%  26.7  335s
 1079775 233217    0.00028   68   45    0.00140    0.00021  85.3%  26.7  340s
 1097565 238529 infeasible   62         0.00140    0.00021  85.3%  26.7  345s
 1114437 241903    0.00036   63   39    0.00140    0.00021  85.3%  26.7  350s
 1127421 243992    0.00047   73   46    0.00140    0.00021  85.3%  26.7  355s
 1141403 246260    0.00021   58   56    0.00140    0.00021  85.3%  26.8  360s
 1158699 248616 infeasible   72         0.00140    0.00021  85.3%  26.8  365s
 1173075 250591    0.00021   54   58    0.00140    0.00021  85.3%  26.8  371s
 1186217 251690 infeasible   61         0.00140    0.00021  85.3%  26.8  375s
 1198559 253708     cutoff   84         0.00140    0.00021  85.3%  26.9  380s
 1213778 255777     cutoff   58         0.00140    0.00021  85.3%  26.9  385s
 1227211 257932    0.00021   51   45    0.00140    0.00021  85.3%  26.9  390s
 1243601 260462    0.00021   64   38    0.00140    0.00021  85.3%  26.9  395s
 1257751 262263    0.00021   59   60    0.00140    0.00021  85.3%  26.9  400s
 1273401 264685 infeasible   62         0.00140    0.00021  85.3%  26.9  405s
 1289920 269860    0.00021   61   46    0.00140    0.00021  85.3%  27.0  410s
 1306204 274086    0.00085   59   46    0.00140    0.00021  85.3%  27.0  415s
 1322078 278417    0.00080   81   58    0.00140    0.00021  85.3%  27.0  420s
 1338461 280231    0.00108   67   57    0.00140    0.00021  85.3%  27.0  426s
 1353593 284391    0.00021   55   58    0.00140    0.00021  85.3%  26.9  430s
 1367413 287992 infeasible   66         0.00140    0.00021  85.3%  26.9  435s
 1383699 291944 infeasible   69         0.00140    0.00021  85.3%  26.9  440s
 1400285 297276    0.00021   65   62    0.00140    0.00021  85.3%  27.0  445s
 1422001 302385    0.00084   66   49    0.00140    0.00021  85.3%  27.0  450s
 1440973 305977    0.00047   65   53    0.00140    0.00021  85.3%  27.1  455s
 1456759 309460    0.00021   70   51    0.00140    0.00021  85.3%  27.1  460s
 1471675 311984    0.00021   63   63    0.00140    0.00021  85.3%  27.1  465s
 1485634 314480 infeasible   51         0.00140    0.00021  85.3%  27.2  470s
 1498358 316774    0.00021   68   56    0.00140    0.00021  85.3%  27.2  475s
 1513653 319443     cutoff   68         0.00140    0.00021  85.3%  27.2  480s
 1527304 322197     cutoff   69         0.00140    0.00021  85.3%  27.2  485s
 1540681 324678    0.00058   54   41    0.00140    0.00021  85.3%  27.2  490s
 1555932 328369 infeasible   66         0.00140    0.00021  85.3%  27.2  495s
 1577003 332916 infeasible   82         0.00140    0.00021  85.3%  27.1  500s
 1589522 335352    0.00123   82   36    0.00140    0.00021  85.3%  27.1  505s
 1604105 338847     cutoff   67         0.00140    0.00021  85.3%  27.1  510s
 1618640 340875    0.00021   55   47    0.00140    0.00021  85.3%  27.1  515s
 1635743 345123    0.00021   71   54    0.00140    0.00021  85.3%  27.1  520s
 1652076 348229    0.00084   68   35    0.00140    0.00021  85.3%  27.1  525s
 1665455 350011    0.00021   57   57    0.00140    0.00021  85.3%  27.2  530s
 1682106 351329    0.00021   67   54    0.00140    0.00021  85.3%  27.2  535s
 1696591 354172     cutoff   72         0.00140    0.00021  85.3%  27.2  540s
 1715024 361039 infeasible   60         0.00140    0.00021  85.3%  27.1  545s
 1732437 365175    0.00021   70   55    0.00140    0.00021  85.3%  27.1  550s
 1752661 370321    0.00029   74   47    0.00140    0.00021  85.3%  27.0  555s
 1766058 373132    0.00084   70   30    0.00140    0.00021  85.3%  27.0  560s
 1783066 377569    0.00021   67   57    0.00140    0.00021  85.3%  27.0  565s
 1801292 382917    0.00021   62   54    0.00140    0.00021  85.3%  27.0  570s
 1817176 387137    0.00021   70   58    0.00140    0.00021  85.3%  27.0  575s
 1834104 392973    0.00032   71   65    0.00140    0.00021  85.3%  27.0  580s
 1851554 397481    0.00021   75   63    0.00140    0.00021  85.3%  26.9  585s
 1868260 399745     cutoff   83         0.00140    0.00021  85.3%  27.0  591s
 1881181 402266    0.00059   46   45    0.00140    0.00021  85.3%  27.0  595s
 1897982 405703     cutoff   59         0.00140    0.00021  85.3%  26.9  600s
 1911253 408514    0.00021   76   39    0.00140    0.00021  85.3%  27.0  605s
 1928640 411574 infeasible   61         0.00140    0.00021  85.3%  26.9  610s
 1947213 416403    0.00024   73   49    0.00140    0.00021  85.3%  26.9  615s
 1962980 421258 infeasible   62         0.00140    0.00021  85.3%  26.9  620s
 1978574 425687     cutoff   53         0.00140    0.00021  85.3%  26.9  626s
 1988877 429487    0.00021   67   63    0.00140    0.00021  85.3%  26.9  630s
 2006556 434211    0.00084   57   32    0.00140    0.00021  85.3%  26.8  635s
 2023492 437359 infeasible   74         0.00140    0.00021  85.3%  26.8  640s
 2036134 439095 infeasible   81         0.00140    0.00021  85.3%  26.8  645s
 2052597 441041     cutoff   82         0.00140    0.00021  85.3%  26.9  650s
 2067921 442988    0.00021   73   44    0.00140    0.00021  85.3%  26.9  655s
 2080705 445174    0.00027   63   53    0.00140    0.00021  85.3%  26.9  660s
 2094312 447239    0.00023   75   46    0.00140    0.00021  85.3%  26.9  665s
 2108958 449902 infeasible   48         0.00140    0.00021  85.3%  26.9  670s
 2124301 451829 infeasible   61         0.00140    0.00021  85.3%  26.9  675s
 2139956 454025     cutoff   74         0.00140    0.00021  85.3%  26.9  680s
 2159277 460447    0.00025   65   62    0.00140    0.00021  85.3%  26.9  685s
 2174606 462956     cutoff   75         0.00140    0.00021  85.3%  26.9  690s
 2190914 467875 infeasible   57         0.00140    0.00021  85.3%  26.9  695s
 2204495 471810    0.00084   52   38    0.00140    0.00021  85.3%  26.9  700s
 2217383 474992    0.00109   69   57    0.00140    0.00021  85.3%  26.9  705s
 2233254 478166     cutoff   69         0.00140    0.00021  85.3%  26.9  710s
 2249537 479925 infeasible   77         0.00140    0.00021  85.3%  26.9  715s
 2264725 481760     cutoff   73         0.00140    0.00021  85.3%  26.9  720s
 2281369 483321    0.00058   71   41    0.00140    0.00021  85.3%  26.9  726s
 2293415 484306    0.00050   63   55    0.00140    0.00021  85.3%  26.9  730s
 2311866 487423    0.00021   57   61    0.00140    0.00021  85.3%  26.9  735s
 2327044 491402    0.00028   76   48    0.00140    0.00021  85.3%  26.9  740s
 2345549 496626     cutoff   61         0.00140    0.00021  85.3%  26.9  745s
 2358792 499493     cutoff   73         0.00140    0.00021  85.3%  26.9  750s
 2374797 501515     cutoff   58         0.00140    0.00021  85.3%  26.8  755s
 2390846 503342 infeasible   65         0.00140    0.00021  85.3%  26.8  760s
 2409193 506264    0.00023   71   36    0.00140    0.00021  85.3%  26.8  765s
 2422448 508658 infeasible   81         0.00140    0.00021  85.3%  26.8  770s
 2437286 511469    0.00084   54   47    0.00140    0.00021  85.3%  26.8  775s
 2452180 516214    0.00084   80   47    0.00140    0.00021  85.3%  26.8  780s
 2468576 521083    0.00084   69   44    0.00140    0.00021  85.3%  26.8  785s
 2484888 524633    0.00021   71   45    0.00140    0.00021  85.3%  26.8  790s
 2498376 526346 infeasible   63         0.00140    0.00021  85.3%  26.8  795s
 2513776 528043     cutoff   68         0.00140    0.00021  85.3%  26.8  800s
 2527697 530573     cutoff   58         0.00140    0.00021  85.3%  26.8  805s
 2543517 533073     cutoff   63         0.00140    0.00021  85.3%  26.8  810s
 2561145 535193    0.00021   80   41    0.00140    0.00021  85.3%  26.8  815s
 2574276 536346    0.00021   76   51    0.00140    0.00021  85.3%  26.9  820s
 2588498 537881    0.00029   73   45    0.00140    0.00021  85.3%  26.9  825s
 2604852 539576     cutoff   74         0.00140    0.00021  85.3%  26.9  830s
 2620020 541345     cutoff   68         0.00140    0.00021  85.3%  26.9  835s
 2637047 542992    0.00021   63   45    0.00140    0.00021  85.3%  26.9  840s
 2653864 545110    0.00021   61   59    0.00140    0.00021  85.3%  27.0  845s
 2666408 546757 infeasible   54         0.00140    0.00021  85.3%  27.0  850s
 2682241 548751     cutoff   60         0.00140    0.00021  85.3%  27.0  855s
 2698079 551036    0.00021   64   55    0.00140    0.00021  85.3%  27.0  860s
 2713386 553162 infeasible   68         0.00140    0.00021  85.3%  27.0  865s
 2729518 555811 infeasible   63         0.00140    0.00021  85.3%  27.0  870s
 2743342 557564    0.00021   71   52    0.00140    0.00021  85.3%  27.0  875s
 2759806 560406     cutoff   65         0.00140    0.00021  85.3%  27.0  880s
 2777692 562796 infeasible   64         0.00140    0.00021  85.3%  27.0  885s
 2794882 563981    0.00126   84   44    0.00140    0.00021  85.3%  27.0  890s
 2808190 566625     cutoff   71         0.00140    0.00021  85.3%  27.0  895s
 2823798 568733    0.00021   61   61    0.00140    0.00021  85.3%  27.0  900s
 2838422 569401    0.00021   64   50    0.00140    0.00021  85.3%  27.0  905s
 2846989 569784    0.00077   69   47    0.00140    0.00021  85.3%  27.0  910s
 2862797 570733    0.00033   71   47    0.00140    0.00021  85.3%  27.1  915s
 2878636 572791    0.00021   69   55    0.00140    0.00021  85.3%  27.1  920s
 2892315 574155    0.00021   70   47    0.00140    0.00021  85.3%  27.1  925s
 2909339 576956 infeasible   70         0.00140    0.00021  85.3%  27.1  930s
 2925784 578770     cutoff   74         0.00140    0.00021  85.3%  27.1  935s
 2942601 581210     cutoff   66         0.00140    0.00021  85.3%  27.1  940s
 2955848 583797    0.00026   48   40    0.00140    0.00021  85.3%  27.1  945s
 2976704 589670    0.00095   67   55    0.00140    0.00021  85.3%  27.1  950s
 2992334 590845    0.00113   71   57    0.00140    0.00021  85.3%  27.1  955s
 3008826 596177    0.00076   63   51    0.00140    0.00021  85.3%  27.1  960s
 3026058 599859    0.00032   56   49    0.00140    0.00021  85.3%  27.1  965s
 3038449 603349 infeasible   58         0.00140    0.00021  85.3%  27.1  970s
 3051713 607440     cutoff   68         0.00140    0.00021  85.3%  27.1  976s
 3061330 610852    0.00128   51   37    0.00140    0.00021  85.3%  27.2  980s
 3073895 614089    0.00021   57   62    0.00140    0.00021  85.3%  27.2  985s
 3088356 616307 infeasible   64         0.00140    0.00021  85.3%  27.2  990s
 3104846 618422    0.00026   80   54    0.00140    0.00021  85.3%  27.2  995s
 3117703 620010     cutoff   66         0.00140    0.00021  85.3%  27.2 1000s
 3133180 621694 infeasible   77         0.00140    0.00021  85.3%  27.3 1005s
 3147553 622842    0.00021   66   50    0.00140    0.00021  85.3%  27.3 1010s
 3162279 624051    0.00052   66   51    0.00140    0.00021  85.3%  27.3 1015s
 3176255 625545     cutoff   76         0.00140    0.00021  85.3%  27.3 1020s
 3187953 627043    0.00021   63   52    0.00140    0.00021  85.3%  27.4 1025s
 3204089 628669    0.00021   46   62    0.00140    0.00021  85.3%  27.4 1030s
 3217993 630914    0.00060   64   50    0.00140    0.00021  85.3%  27.4 1035s
 3236750 633601    0.00094   61   53    0.00140    0.00021  85.3%  27.4 1040s
 3249332 635645     cutoff   71         0.00140    0.00021  85.3%  27.4 1045s
 3265434 638245     cutoff   64         0.00140    0.00021  85.3%  27.3 1050s
 3282043 641501     cutoff   69         0.00140    0.00021  85.3%  27.3 1055s
 3296503 643650    0.00021   41   71    0.00140    0.00021  85.3%  27.3 1060s
 3307110 645251     cutoff   63         0.00140    0.00021  85.3%  27.3 1065s
 3322480 646497 infeasible   64         0.00140    0.00021  85.3%  27.3 1070s
 3335444 648109     cutoff   59         0.00140    0.00021  85.3%  27.3 1075s
 3348878 649794    0.00026   77   32    0.00140    0.00021  85.3%  27.3 1080s
 3362885 651190    0.00082   69   45    0.00140    0.00021  85.3%  27.3 1085s
 3380401 654548    0.00023   60   59    0.00140    0.00021  85.3%  27.3 1090s
 3397838 658322 infeasible   74         0.00140    0.00021  85.3%  27.3 1095s
 3414577 660360     cutoff   76         0.00140    0.00021  85.3%  27.3 1100s
 3428281 661676    0.00022   81   50    0.00140    0.00021  85.3%  27.3 1105s
 3442008 663956    0.00061   78   48    0.00140    0.00021  85.3%  27.3 1110s
 3454689 665100    0.00063   79   48    0.00140    0.00021  85.3%  27.3 1115s
 3468040 666199    0.00021   62   58    0.00140    0.00021  85.3%  27.3 1120s
 3483986 667868    0.00021   73   43    0.00140    0.00021  85.3%  27.3 1125s
 3497190 669673     cutoff   65         0.00140    0.00021  85.3%  27.3 1130s
 3513283 671740 infeasible   67         0.00140    0.00021  85.3%  27.4 1135s
 3526829 672973     cutoff   72         0.00140    0.00021  85.3%  27.4 1140s
 3540705 675282     cutoff   85         0.00140    0.00021  85.3%  27.4 1145s
 3557380 677723     cutoff   66         0.00140    0.00021  85.3%  27.4 1150s
 3572962 679129    0.00021   67   56    0.00140    0.00021  85.3%  27.4 1155s
 3588240 680784    0.00029   73   56    0.00140    0.00021  85.3%  27.4 1160s
 3601514 682368    0.00021   62   50    0.00140    0.00021  85.3%  27.4 1165s
 3616770 684410 infeasible   63         0.00140    0.00021  85.3%  27.4 1170s
 3632051 686622    0.00021   71   49    0.00140    0.00021  85.3%  27.4 1175s
 3649706 688686 infeasible   78         0.00140    0.00021  85.3%  27.4 1181s
 3664417 690616     cutoff   68         0.00140    0.00021  85.3%  27.4 1185s
 3678743 692324    0.00060   58   48    0.00140    0.00021  85.3%  27.4 1190s
 3693818 694181     cutoff   77         0.00140    0.00021  85.3%  27.4 1195s
 3708289 696116    0.00021   72   51    0.00140    0.00021  85.3%  27.4 1200s
 3720586 697790    0.00021   73   62    0.00140    0.00021  85.3%  27.5 1205s
 3737546 699127     cutoff   81         0.00140    0.00021  85.3%  27.5 1210s
 3754265 700892 infeasible   74         0.00140    0.00021  85.3%  27.5 1215s
 3768423 702230 infeasible   67         0.00140    0.00021  85.3%  27.5 1220s
 3784737 704202     cutoff   71         0.00140    0.00021  85.3%  27.5 1225s
 3799552 706054    0.00075   68   54    0.00140    0.00021  85.3%  27.5 1230s
 3814777 707660    0.00064   66   48    0.00140    0.00021  85.3%  27.5 1235s
 3827690 709063    0.00035   70   37    0.00140    0.00021  85.3%  27.5 1240s
 3839837 710010    0.00021   69   49    0.00140    0.00021  85.3%  27.5 1245s
 3849405 711638     cutoff   67         0.00140    0.00021  85.3%  27.5 1250s
 3864019 713314    0.00064   69   43    0.00140    0.00021  85.3%  27.5 1255s
 3878603 714265 infeasible   62         0.00140    0.00021  85.3%  27.5 1260s
 3890571 715142     cutoff   62         0.00140    0.00021  85.3%  27.5 1265s
 3907029 717828 infeasible   62         0.00140    0.00021  85.3%  27.5 1270s
 3920079 719773    0.00067   72   52    0.00140    0.00021  85.3%  27.5 1275s
 3935288 722107    0.00053   62   57    0.00140    0.00021  85.3%  27.5 1280s
 3953749 724550 infeasible   69         0.00140    0.00021  85.3%  27.5 1285s
 3971733 726528    0.00033   60   57    0.00140    0.00021  85.3%  27.5 1290s
 3984963 727771     cutoff   76         0.00140    0.00021  85.3%  27.5 1295s
 3996113 729091    0.00030   84   53    0.00140    0.00021  85.3%  27.5 1300s
 4014242 731169    0.00046   95   44    0.00140    0.00021  85.3%  27.5 1305s
 4029275 734522    0.00021   69   47    0.00140    0.00021  85.3%  27.5 1310s
 4046380 737356    0.00084   80   38    0.00140    0.00021  85.3%  27.5 1315s
 4062355 738755     cutoff   66         0.00140    0.00021  85.3%  27.5 1320s
 4078191 742006    0.00021   69   52    0.00140    0.00021  85.3%  27.5 1325s
 4094017 745149    0.00121   78   34    0.00140    0.00021  85.3%  27.5 1330s
 4109607 747295    0.00021   55   50    0.00140    0.00021  85.3%  27.5 1335s
 4120850 749288     cutoff   71         0.00140    0.00021  85.3%  27.5 1340s
 4138773 751376 infeasible   69         0.00140    0.00021  85.3%  27.5 1345s
 4150613 753081 infeasible   79         0.00140    0.00021  85.3%  27.5 1350s
 4166792 756089 infeasible   77         0.00140    0.00021  85.3%  27.5 1355s
 4182516 757964 infeasible   61         0.00140    0.00021  85.3%  27.5 1360s
 4199722 759634    0.00041   62   47    0.00140    0.00021  85.3%  27.5 1365s
 4214997 761330 infeasible   94         0.00140    0.00021  85.3%  27.5 1370s
 4228578 762815    0.00084   68   37    0.00140    0.00021  85.3%  27.5 1375s
 4244321 764957 infeasible   87         0.00140    0.00021  85.3%  27.5 1380s
 4259838 766859 infeasible   61         0.00140    0.00021  85.3%  27.5 1385s
 4275363 769118 infeasible   61         0.00140    0.00021  85.3%  27.5 1390s
 4292122 771425     cutoff   72         0.00140    0.00021  85.3%  27.4 1395s
 4313748 777222     cutoff   53         0.00140    0.00021  85.3%  27.5 1400s
 4335998 783371    0.00021   51   61    0.00140    0.00021  85.3%  27.5 1405s
 4356586 788177    0.00021   45   57    0.00140    0.00021  85.3%  27.5 1410s
 4367378 791012     cutoff   74         0.00140    0.00021  85.3%  27.5 1415s
 4382139 794932    0.00021   53   52    0.00140    0.00021  85.3%  27.5 1420s
 4395836 798016     cutoff   86         0.00140    0.00021  85.3%  27.5 1425s
 4409173 801442    0.00084   75   37    0.00140    0.00021  85.3%  27.5 1430s
 4427636 806510    0.00112   73   52    0.00140    0.00021  85.3%  27.5 1435s
 4445802 811686    0.00021   71   57    0.00140    0.00021  85.3%  27.5 1440s
 4464016 817339    0.00021   60   60    0.00140    0.00021  85.3%  27.5 1445s
 4476952 820095 infeasible   64         0.00140    0.00021  85.3%  27.5 1450s
 4494598 825312 infeasible   78         0.00140    0.00021  85.3%  27.5 1455s
 4511014 828418    0.00030   76   42    0.00140    0.00021  85.3%  27.5 1460s
 4526641 832086    0.00021   68   52    0.00140    0.00021  85.3%  27.5 1465s
 4542833 835387    0.00073   83   42    0.00140    0.00021  85.3%  27.5 1470s
 4562521 837958    0.00023   60   66    0.00140    0.00021  85.3%  27.5 1476s
 4577357 839957 infeasible   80         0.00140    0.00021  85.3%  27.5 1480s
 4592038 841919 infeasible   73         0.00140    0.00021  85.3%  27.5 1485s
 4605693 843487    0.00021   66   47    0.00140    0.00021  85.3%  27.5 1490s
 4621431 845717    0.00021   78   50    0.00140    0.00021  85.3%  27.5 1495s
 4633942 847778 infeasible   64         0.00140    0.00021  85.3%  27.5 1500s
 4650129 850304    0.00084   80   45    0.00140    0.00021  85.3%  27.5 1505s
 4666485 852684    0.00021   75   49    0.00140    0.00021  85.3%  27.5 1511s
 4677032 854159    0.00045   82   58    0.00140    0.00021  85.3%  27.5 1515s
 4692024 856082 infeasible   94         0.00140    0.00021  85.3%  27.5 1520s
 4705998 857695 infeasible   61         0.00140    0.00021  85.3%  27.5 1525s
 4721434 859527    0.00021   68   49    0.00140    0.00021  85.3%  27.5 1530s
 4735363 861791    0.00021   70   45    0.00140    0.00021  85.3%  27.5 1535s
 4748453 864552    0.00068   73   49    0.00140    0.00021  85.3%  27.5 1540s
 4763056 866232    0.00028   64   44    0.00140    0.00021  85.3%  27.5 1545s
 4779093 869100    0.00021   73   41    0.00140    0.00021  85.3%  27.5 1550s
 4796590 871670    0.00021   60   59    0.00140    0.00021  85.3%  27.5 1555s
 4811003 876008     cutoff   57         0.00140    0.00021  85.3%  27.5 1560s
 4828662 880989    0.00022   57   52    0.00140    0.00021  85.3%  27.5 1565s
 4844143 885029    0.00084   63   42    0.00140    0.00021  85.3%  27.5 1570s
 4855661 888324    0.00065   57   48    0.00140    0.00021  85.3%  27.5 1575s
 4872166 892440     cutoff   65         0.00140    0.00021  85.3%  27.5 1581s
 4883262 895776    0.00021   46   45    0.00140    0.00021  85.3%  27.5 1585s
 4901752 899917    0.00021   63   56    0.00140    0.00021  85.3%  27.5 1590s
 4917793 903273    0.00070   69   50    0.00140    0.00021  85.3%  27.5 1595s
 4936177 908279    0.00021   59   63    0.00140    0.00021  85.3%  27.5 1600s
 4950895 910849    0.00080   65   62    0.00140    0.00021  85.3%  27.5 1605s
 4968781 914024 infeasible   64         0.00140    0.00021  85.3%  27.5 1610s
 4981583 915937    0.00033   69   51    0.00140    0.00021  85.3%  27.5 1615s
 5000698 919237 infeasible   77         0.00140    0.00021  85.3%  27.5 1620s
 5016678 921823    0.00021   52   60    0.00140    0.00021  85.3%  27.5 1625s
 5031471 923746     cutoff   68         0.00140    0.00021  85.3%  27.5 1630s
 5045699 926112    0.00021   65   45    0.00140    0.00021  85.3%  27.5 1635s
 5059212 928363    0.00038   74   50    0.00140    0.00021  85.3%  27.5 1640s
 5076705 930409     cutoff   69         0.00140    0.00021  85.3%  27.5 1645s
 5090692 931833    0.00030   76   50    0.00140    0.00021  85.3%  27.4 1650s
 5107181 933686    0.00054   64   59    0.00140    0.00021  85.3%  27.4 1655s
 5122744 935864    0.00085   67   55    0.00140    0.00021  85.3%  27.4 1660s
 5138183 937171     cutoff   59         0.00140    0.00021  85.3%  27.4 1665s
 5150865 938420    0.00059   69   50    0.00140    0.00021  85.3%  27.4 1670s
 5165740 940428    0.00066   89   45    0.00140    0.00021  85.3%  27.4 1675s
 5181045 942648     cutoff   72         0.00140    0.00021  85.3%  27.4 1680s
 5194788 944543    0.00021   67   63    0.00140    0.00021  85.3%  27.4 1685s
 5210680 946991     cutoff   64         0.00140    0.00021  85.3%  27.4 1690s
 5227553 948869    0.00021   77   45    0.00140    0.00021  85.3%  27.4 1695s
 5241547 950705    0.00032   68   48    0.00140    0.00021  85.3%  27.4 1700s
 5256199 952542 infeasible   59         0.00140    0.00021  85.3%  27.4 1705s
 5267470 954066    0.00084   62   47    0.00140    0.00021  85.3%  27.4 1710s
 5284446 956885    0.00033   87   49    0.00140    0.00021  85.3%  27.4 1715s
 5302239 959660    0.00021   74   48    0.00140    0.00021  85.3%  27.4 1720s
 5316591 961573     cutoff   80         0.00140    0.00021  85.3%  27.4 1725s
 5332199 963838 infeasible   74         0.00140    0.00021  85.3%  27.4 1730s
 5347418 965558    0.00113   61   56    0.00140    0.00021  85.3%  27.4 1735s
 5360460 966407     cutoff   75         0.00140    0.00021  85.3%  27.4 1740s
 5373957 967662     cutoff   72         0.00140    0.00021  85.3%  27.4 1745s
 5389390 969019    0.00057   85   55    0.00140    0.00021  85.3%  27.4 1750s
 5405913 970887    0.00109   56   38    0.00140    0.00021  85.3%  27.4 1755s
 5420176 971449    0.00021   67   41    0.00140    0.00021  85.3%  27.4 1760s
 5433380 973066    0.00021   76   49    0.00140    0.00021  85.3%  27.5 1765s
 5447896 974318    0.00021   75   42    0.00140    0.00021  85.3%  27.5 1770s
 5461766 976835     cutoff   73         0.00140    0.00021  85.3%  27.5 1775s
 5479658 978495     cutoff   78         0.00140    0.00021  85.3%  27.5 1780s
 5494993 982009     cutoff   69         0.00140    0.00021  85.3%  27.5 1785s
 5512877 986137     cutoff   58         0.00140    0.00021  85.3%  27.5 1790s
 5528357 991470    0.00026   74   48    0.00140    0.00021  85.3%  27.5 1795s
 5543734 995919    0.00021   56   50    0.00140    0.00021  85.3%  27.5 1800s
 5561990 1001829    0.00021   76   62    0.00140    0.00021  85.3%  27.5 1805s
 5581203 1006928    0.00024   64   56    0.00140    0.00021  85.3%  27.5 1810s
 5595140 1010240     cutoff   82         0.00140    0.00021  85.3%  27.5 1815s
 5611562 1011696     cutoff   77         0.00140    0.00021  85.3%  27.5 1820s
 5624914 1013179     cutoff   86         0.00140    0.00021  85.3%  27.5 1825s
 5638388 1014177    0.00021   59   55    0.00140    0.00021  85.3%  27.5 1830s
 5654219 1016514    0.00022   81   49    0.00140    0.00021  85.3%  27.5 1835s
 5669972 1018941     cutoff   93         0.00140    0.00021  85.3%  27.5 1840s
 5686019 1020516    0.00034   70   54    0.00140    0.00021  85.3%  27.5 1845s
 5698380 1021860     cutoff   73         0.00140    0.00021  85.3%  27.5 1850s
 5713458 1023164    0.00042   55   50    0.00140    0.00021  85.3%  27.5 1855s
 5729115 1024881    0.00085   79   54    0.00140    0.00021  85.3%  27.5 1860s
 5744097 1026639    0.00021   67   55    0.00140    0.00021  85.3%  27.5 1865s
 5758473 1028117 infeasible   70         0.00140    0.00021  85.3%  27.5 1870s
 5772705 1029494     cutoff   60         0.00140    0.00021  85.3%  27.5 1875s
 5790627 1031585    0.00066   66   33    0.00140    0.00021  85.3%  27.5 1880s
 5805311 1033524    0.00026   65   56    0.00140    0.00021  85.3%  27.5 1885s
 5817409 1034628    0.00026   58   57    0.00140    0.00021  85.3%  27.5 1890s
 5831962 1036496    0.00025   64   51    0.00140    0.00021  85.3%  27.5 1895s
 5850185 1039106 infeasible   79         0.00140    0.00021  85.3%  27.5 1900s
 5866216 1042036    0.00021   58   41    0.00140    0.00021  85.3%  27.5 1905s
 5880634 1044775    0.00030   77   48    0.00140    0.00021  85.3%  27.5 1910s
 5894669 1046966    0.00021   59   52    0.00140    0.00021  85.3%  27.5 1915s
 5912290 1049666     cutoff   92         0.00140    0.00021  85.3%  27.5 1920s
 5926882 1051146    0.00021   67   48    0.00140    0.00021  85.3%  27.5 1925s
 5942652 1052772 infeasible   65         0.00140    0.00021  85.3%  27.5 1930s
 5955092 1054588 infeasible   75         0.00140    0.00021  85.3%  27.5 1935s
 5973186 1057358    0.00040   74   44    0.00140    0.00021  85.3%  27.5 1940s
 5989132 1059692 infeasible   78         0.00140    0.00021  85.3%  27.5 1945s
 6003880 1061094    0.00021   52   57    0.00140    0.00021  85.3%  27.5 1950s
 6016003 1062563    0.00023   62   55    0.00140    0.00021  85.3%  27.5 1955s
 6030419 1064936    0.00045   76   44    0.00140    0.00021  85.3%  27.5 1960s
 6043664 1066402    0.00077   67   47    0.00140    0.00021  85.3%  27.5 1965s
 6060298 1068199    0.00084   57   42    0.00140    0.00021  85.3%  27.5 1970s
 6076394 1071001     cutoff   68         0.00140    0.00021  85.3%  27.5 1975s
 6090980 1072657 infeasible   64         0.00140    0.00021  85.3%  27.5 1980s
 6100732 1073863     cutoff   61         0.00140    0.00021  85.3%  27.5 1985s
 6114817 1075672     cutoff   67         0.00140    0.00021  85.3%  27.5 1990s
 6129174 1077216    0.00023   73   53    0.00140    0.00021  85.3%  27.5 1995s
 6141660 1078043 infeasible   72         0.00140    0.00021  85.3%  27.5 2000s
 6154593 1078790 infeasible   64         0.00140    0.00021  85.3%  27.5 2005s
 6166887 1080062    0.00021   69   54    0.00140    0.00021  85.3%  27.5 2010s
 6179654 1081527 infeasible   71         0.00140    0.00021  85.3%  27.5 2015s
 6193743 1083686 infeasible   79         0.00140    0.00021  85.3%  27.5 2020s
 6209001 1085273     cutoff   63         0.00140    0.00021  85.3%  27.5 2025s
 6224320 1087161     cutoff   52         0.00140    0.00021  85.3%  27.5 2030s
 6238947 1088980    0.00021   54   40    0.00140    0.00021  85.3%  27.5 2035s
 6250888 1090305    0.00084   87   36    0.00140    0.00021  85.3%  27.5 2040s
 6266827 1092372     cutoff   62         0.00140    0.00021  85.3%  27.5 2045s
 6281404 1093922    0.00084   72   45    0.00140    0.00021  85.3%  27.6 2050s
 6295819 1095408 infeasible   75         0.00140    0.00021  85.3%  27.6 2055s
 6309700 1096491 infeasible   70         0.00140    0.00021  85.3%  27.6 2060s
 6323253 1098411    0.00021   63   53    0.00140    0.00021  85.3%  27.6 2065s
 6340957 1100472    0.00021   70   42    0.00140    0.00021  85.3%  27.6 2070s
 6356912 1102396    0.00021   66   46    0.00140    0.00021  85.3%  27.6 2075s
 6369833 1103463 infeasible   74         0.00140    0.00021  85.3%  27.6 2080s
 6383440 1104759     cutoff   67         0.00140    0.00021  85.3%  27.6 2085s
 6398383 1106645    0.00134   78   37    0.00140    0.00021  85.3%  27.6 2090s
 6413176 1108783     cutoff   68         0.00140    0.00021  85.3%  27.6 2095s
 6430150 1111715    0.00021   71   54    0.00140    0.00021  85.3%  27.6 2100s
 6442584 1114008    0.00021   70   54    0.00140    0.00021  85.3%  27.6 2105s
 6458634 1116097    0.00052   76   62    0.00140    0.00021  85.3%  27.6 2110s
 6473121 1118658    0.00021   50   64    0.00140    0.00021  85.3%  27.6 2115s
 6491504 1120612 infeasible   59         0.00140    0.00021  85.3%  27.6 2121s
 6507903 1122308     cutoff   66         0.00140    0.00021  85.3%  27.6 2125s
 6517948 1123703    0.00021   63   53    0.00140    0.00021  85.3%  27.6 2130s
 6534487 1125788    0.00021   70   60    0.00140    0.00021  85.3%  27.6 2135s
 6546079 1127433     cutoff   76         0.00140    0.00021  85.3%  27.6 2140s
 6564231 1130638    0.00023   81   53    0.00140    0.00021  85.3%  27.6 2145s
 6577830 1131901    0.00021   57   53    0.00140    0.00021  85.3%  27.6 2150s
 6594311 1133456     cutoff   55         0.00140    0.00021  85.3%  27.6 2155s
 6608855 1135409     cutoff   75         0.00140    0.00021  85.3%  27.6 2160s
 6626299 1137127     cutoff   89         0.00140    0.00021  85.3%  27.6 2165s
 6638990 1138693    0.00022   71   51    0.00140    0.00021  85.3%  27.6 2170s
 6655213 1140133     cutoff   75         0.00140    0.00021  85.3%  27.6 2175s
 6670360 1141367    0.00021   59   59    0.00140    0.00021  85.3%  27.6 2180s
 6683369 1142531    0.00021   55   46    0.00140    0.00021  85.3%  27.6 2185s
 6699526 1144744 infeasible   65         0.00140    0.00021  85.3%  27.6 2190s
 6716451 1147640    0.00021   61   58    0.00140    0.00021  85.3%  27.6 2195s
 6729562 1148858 infeasible   59         0.00140    0.00021  85.3%  27.6 2200s
 6744735 1150711    0.00108   67   41    0.00140    0.00021  85.3%  27.6 2205s
 6757494 1152523    0.00021   72   59    0.00140    0.00021  85.3%  27.7 2210s
 6770051 1154098    0.00035   70   50    0.00140    0.00021  85.3%  27.6 2215s
 6785821 1155688    0.00131   63   36    0.00140    0.00021  85.3%  27.7 2220s
 6798408 1156962    0.00025   66   51    0.00140    0.00021  85.3%  27.7 2225s
 6813793 1159202 infeasible   57         0.00140    0.00021  85.3%  27.7 2230s
 6830353 1160547 infeasible   59         0.00140    0.00021  85.3%  27.7 2235s
 6842952 1161993    0.00021   62   50    0.00140    0.00021  85.3%  27.7 2240s
 6859860 1164100    0.00087   76   49    0.00140    0.00021  85.3%  27.7 2245s
 6873615 1166035    0.00022   71   46    0.00140    0.00021  85.3%  27.7 2250s
 6889413 1167710    0.00084   81   45    0.00140    0.00021  85.3%  27.7 2255s
 6905552 1170867 infeasible   72         0.00140    0.00021  85.3%  27.7 2260s
 6920150 1172670    0.00127   72   47    0.00140    0.00021  85.3%  27.7 2265s
 6939115 1176287    0.00123   84   47    0.00140    0.00021  85.3%  27.7 2270s
 6953945 1178908    0.00021   50   43    0.00140    0.00021  85.3%  27.6 2275s
 6970269 1182067 infeasible   58         0.00140    0.00021  85.3%  27.6 2280s
 6986553 1184194    0.00021   54   53    0.00140    0.00021  85.3%  27.6 2285s
 6999566 1185557 infeasible   78         0.00140    0.00021  85.3%  27.6 2290s
 7016757 1187594    0.00139   72   44    0.00140    0.00021  85.3%  27.6 2295s
 7032649 1189242     cutoff   74         0.00140    0.00021  85.3%  27.6 2300s
 7047802 1191244    0.00085   53   45    0.00140    0.00021  85.3%  27.7 2305s
 7062817 1193152    0.00102   78   57    0.00140    0.00021  85.3%  27.7 2310s
 7078442 1194350     cutoff   59         0.00140    0.00021  85.3%  27.7 2315s
 7090204 1195726    0.00021   68   39    0.00140    0.00021  85.3%  27.7 2320s
 7107096 1197954    0.00021   69   51    0.00140    0.00021  85.3%  27.7 2325s
 7122817 1199933    0.00021   60   60    0.00140    0.00021  85.3%  27.7 2330s
 7140920 1203137    0.00055   69   53    0.00140    0.00021  85.3%  27.7 2335s
 7155931 1205654    0.00021   74   45    0.00140    0.00021  85.3%  27.7 2340s
 7172224 1208205 infeasible   64         0.00140    0.00021  85.3%  27.7 2345s
 7188461 1210356    0.00021   59   43    0.00140    0.00021  85.3%  27.7 2350s
 7205599 1212519    0.00021   75   40    0.00140    0.00021  85.3%  27.7 2355s
 7220275 1213860    0.00084   65   44    0.00140    0.00021  85.3%  27.7 2360s
 7233781 1215277    0.00021   61   44    0.00140    0.00021  85.3%  27.7 2365s
 7247688 1216875    0.00021   63   52    0.00140    0.00021  85.3%  27.7 2370s
 7264625 1219257     cutoff   82         0.00140    0.00021  85.3%  27.7 2375s
 7279659 1221417 infeasible   67         0.00140    0.00021  85.3%  27.7 2380s
 7294558 1223395    0.00021   65   52    0.00140    0.00021  85.3%  27.7 2385s
 7311789 1225738     cutoff   64         0.00140    0.00021  85.3%  27.7 2390s
 7324921 1226971 infeasible   80         0.00140    0.00021  85.3%  27.7 2395s
 7341661 1228519    0.00025   82   41    0.00140    0.00021  85.3%  27.7 2400s
 7354417 1229622    0.00021   73   46    0.00140    0.00021  85.3%  27.7 2405s
 7370278 1231492     cutoff   90         0.00140    0.00021  85.3%  27.7 2410s
 7386552 1233901 infeasible   82         0.00140    0.00021  85.3%  27.7 2415s
 7401878 1236537    0.00021   69   57    0.00140    0.00021  85.3%  27.7 2420s
 7417352 1238053    0.00021   63   51    0.00140    0.00021  85.3%  27.7 2425s
 7436114 1240322    0.00021   62   47    0.00140    0.00021  85.3%  27.7 2430s
 7448464 1241803    0.00021   61   62    0.00140    0.00021  85.3%  27.7 2435s
 7465597 1244060     cutoff   63         0.00140    0.00021  85.3%  27.6 2440s
 7479490 1245467    0.00022   77   49    0.00140    0.00021  85.3%  27.6 2445s
 7495325 1247242    0.00021   68   54    0.00140    0.00021  85.3%  27.6 2450s
 7505914 1248712     cutoff   61         0.00140    0.00021  85.3%  27.6 2455s
 7521796 1250455    0.00021   63   54    0.00140    0.00021  85.3%  27.6 2460s
 7536711 1252323     cutoff   83         0.00140    0.00021  85.3%  27.6 2465s
 7552210 1254135    0.00021   68   50    0.00140    0.00021  85.3%  27.6 2470s
 7568484 1256085 infeasible   60         0.00140    0.00021  85.3%  27.6 2475s
 7581068 1257516     cutoff   65         0.00140    0.00021  85.3%  27.6 2480s
 7597216 1259206 infeasible   73         0.00140    0.00021  85.3%  27.6 2485s
 7614341 1261205 infeasible   83         0.00140    0.00021  85.3%  27.6 2490s
 7632206 1263042     cutoff   85         0.00140    0.00021  85.3%  27.6 2495s
 7649548 1264972    0.00063   67   54    0.00140    0.00021  85.3%  27.6 2500s
 7662338 1266442 infeasible   57         0.00140    0.00021  85.3%  27.6 2505s
 7676734 1268173 infeasible   61         0.00140    0.00021  85.3%  27.6 2510s
 7691388 1270133     cutoff   82         0.00140    0.00021  85.3%  27.6 2515s
 7706098 1271726    0.00021   73   44    0.00140    0.00021  85.3%  27.6 2520s
 7719940 1273466    0.00035   68   35    0.00140    0.00021  85.3%  27.6 2525s
 7736245 1275576    0.00021   53   65    0.00140    0.00021  85.3%  27.6 2530s
 7751092 1276905     cutoff   67         0.00140    0.00021  85.3%  27.6 2535s
 7764983 1278634    0.00021   60   49    0.00140    0.00021  85.3%  27.7 2540s
 7779816 1280862    0.00021   70   52    0.00140    0.00021  85.3%  27.7 2545s
 7796592 1283596    0.00106   71   44    0.00140    0.00021  85.3%  27.7 2550s
 7809358 1285627 infeasible   78         0.00140    0.00021  85.3%  27.7 2555s
 7824633 1288233     cutoff   68         0.00140    0.00021  85.3%  27.7 2560s
 7839844 1290597     cutoff   73         0.00140    0.00021  85.3%  27.7 2565s
 7853590 1292239    0.00024   69   51    0.00140    0.00021  85.3%  27.7 2570s
 7868047 1293945 infeasible   45         0.00140    0.00021  85.3%  27.7 2575s
 7881721 1295446    0.00021   62   45    0.00140    0.00021  85.3%  27.7 2580s
 7896293 1298032 infeasible   60         0.00140    0.00021  85.3%  27.7 2585s
 7912882 1300081     cutoff   68         0.00140    0.00021  85.3%  27.7 2590s
 7925534 1301584 infeasible   65         0.00140    0.00021  85.3%  27.7 2595s
 7936820 1303463 infeasible   47         0.00140    0.00021  85.3%  27.7 2600s
 7953401 1305476    0.00086   63   39    0.00140    0.00021  85.3%  27.7 2605s
 7967715 1307207    0.00041   73   46    0.00140    0.00021  85.3%  27.7 2610s
 7981751 1308598    0.00023   78   39    0.00140    0.00021  85.3%  27.7 2615s
 8000220 1311318 infeasible   93         0.00140    0.00021  85.3%  27.7 2620s
 8015382 1312923 infeasible   82         0.00140    0.00021  85.3%  27.7 2625s
 8032450 1314176 infeasible   96         0.00140    0.00021  85.3%  27.7 2630s
 8045599 1315032     cutoff   82         0.00140    0.00021  85.3%  27.7 2635s
 8059853 1316243    0.00112   71   56    0.00140    0.00021  85.3%  27.7 2640s
 8075544 1318695    0.00021   94   48    0.00140    0.00021  85.3%  27.7 2645s
 8089061 1320400 infeasible   73         0.00140    0.00021  85.3%  27.7 2650s
 8105373 1322361     cutoff   58         0.00140    0.00021  85.3%  27.7 2655s
 8118942 1324237    0.00021   61   62    0.00140    0.00021  85.3%  27.7 2660s
 8131571 1326296    0.00021   56   43    0.00140    0.00021  85.3%  27.7 2665s
 8148661 1328537    0.00021   59   54    0.00140    0.00021  85.3%  27.7 2670s
 8164944 1331272    0.00084   78   42    0.00140    0.00021  85.3%  27.7 2675s
 8177471 1333083    0.00100   87   45    0.00140    0.00021  85.3%  27.7 2680s
 8193829 1335277     cutoff   88         0.00140    0.00021  85.3%  27.7 2685s
 8209953 1337484    0.00021   63   51    0.00140    0.00021  85.3%  27.7 2690s
 8222160 1338835    0.00112   65   37    0.00140    0.00021  85.3%  27.7 2695s
 8236043 1340337    0.00021   58   50    0.00140    0.00021  85.3%  27.7 2700s
 8249478 1341930    0.00034   64   43    0.00140    0.00021  85.3%  27.7 2705s
 8265948 1343787 infeasible   46         0.00140    0.00021  85.3%  27.7 2710s
 8278372 1345302    0.00021   77   51    0.00140    0.00021  85.3%  27.7 2716s
 8291355 1346644    0.00106   57   45    0.00140    0.00021  85.3%  27.7 2720s
 8309093 1348677    0.00021   55   50    0.00140    0.00021  85.3%  27.7 2726s
 8321872 1351127    0.00022   78   42    0.00140    0.00021  85.3%  27.8 2730s
 8336715 1352566     cutoff   75         0.00140    0.00021  85.3%  27.8 2735s
 8350776 1354924 infeasible   75         0.00140    0.00021  85.3%  27.8 2740s
 8365476 1356704    0.00021   52   53    0.00140    0.00021  85.3%  27.8 2745s
 8379016 1358477     cutoff   64         0.00140    0.00021  85.3%  27.8 2750s
 8393256 1359935 infeasible   74         0.00140    0.00021  85.3%  27.8 2755s
 8404840 1361473    0.00021   65   56    0.00140    0.00021  85.3%  27.8 2760s
 8420125 1363968 infeasible   76         0.00140    0.00021  85.3%  27.8 2765s
 8433244 1366119     cutoff   87         0.00140    0.00021  85.3%  27.8 2770s
 8447105 1367716     cutoff   70         0.00140    0.00021  85.3%  27.8 2775s
 8461232 1369643 infeasible   68         0.00140    0.00021  85.3%  27.8 2780s
 8473441 1371478 infeasible   74         0.00140    0.00021  85.3%  27.8 2785s
 8485858 1373181    0.00088   70   42    0.00140    0.00021  85.3%  27.8 2790s
 8500299 1374564 infeasible   57         0.00140    0.00021  85.3%  27.8 2795s
 8513938 1376565     cutoff   67         0.00140    0.00021  85.3%  27.8 2800s
 8528604 1378158 infeasible   64         0.00140    0.00021  85.3%  27.8 2805s
 8541127 1379212    0.00021   69   48    0.00140    0.00021  85.3%  27.8 2810s
 8554451 1380793 infeasible   73         0.00140    0.00021  85.3%  27.8 2815s
 8568154 1382251    0.00084   71   47    0.00140    0.00021  85.3%  27.8 2820s
 8580736 1383823    0.00021   70   52    0.00140    0.00021  85.3%  27.8 2825s
 8595772 1385850    0.00073   92   52    0.00140    0.00021  85.3%  27.8 2830s
 8609408 1387744 infeasible   59         0.00140    0.00021  85.3%  27.8 2835s
 8626193 1389520 infeasible   74         0.00140    0.00021  85.3%  27.8 2840s
 8641052 1391502    0.00054   70   52    0.00140    0.00021  85.3%  27.8 2845s
 8657395 1393633     cutoff   77         0.00140    0.00021  85.3%  27.8 2850s
 8671571 1394841    0.00121   68   46    0.00140    0.00021  85.3%  27.8 2855s
 8684849 1396326    0.00023   72   43    0.00140    0.00021  85.3%  27.8 2860s
 8694836 1397270    0.00087   58   56    0.00140    0.00021  85.3%  27.8 2865s
 8710729 1399323     cutoff   70         0.00140    0.00021  85.3%  27.8 2870s
 8723528 1400717 infeasible   57         0.00140    0.00021  85.3%  27.8 2875s
 8735544 1401976    0.00021   69   49    0.00140    0.00021  85.3%  27.8 2880s
 8750064 1404394    0.00021   64   51    0.00140    0.00021  85.3%  27.8 2885s
 8766253 1405924 infeasible   63         0.00140    0.00021  85.3%  27.8 2890s
 8776927 1406923    0.00021   63   47    0.00140    0.00021  85.3%  27.8 2895s
 8791434 1408755     cutoff   65         0.00140    0.00021  85.3%  27.8 2900s
 8805711 1410215    0.00072   74   50    0.00140    0.00021  85.3%  27.8 2905s
 8822331 1411944    0.00032   66   43    0.00140    0.00021  85.3%  27.8 2911s
 8835370 1413323     cutoff   60         0.00140    0.00021  85.3%  27.8 2915s
 8849014 1414537     cutoff   77         0.00140    0.00021  85.3%  27.8 2920s
 8865592 1415937 infeasible   69         0.00140    0.00021  85.3%  27.8 2925s
 8876420 1417079    0.00021   63   51    0.00140    0.00021  85.3%  27.8 2930s
 8890686 1418737    0.00126   78   46    0.00140    0.00021  85.3%  27.8 2935s
 8904748 1420261    0.00079   76   44    0.00140    0.00021  85.3%  27.8 2940s
 8921079 1422884 infeasible   55         0.00140    0.00021  85.3%  27.8 2945s
 8936800 1425471    0.00025   74   50    0.00140    0.00021  85.3%  27.8 2950s
 8953159 1428571    0.00084   65   39    0.00140    0.00021  85.3%  27.8 2955s
 8968068 1430919 infeasible   60         0.00140    0.00021  85.3%  27.8 2960s
 8985753 1433376 infeasible   64         0.00140    0.00021  85.3%  27.8 2965s
 9002546 1435780    0.00021   54   57    0.00140    0.00021  85.3%  27.8 2970s
 9018300 1438061 infeasible   69         0.00140    0.00021  85.3%  27.8 2975s
 9035916 1440392    0.00091   66   48    0.00140    0.00021  85.3%  27.8 2980s
 9048815 1442164     cutoff   69         0.00140    0.00021  85.3%  27.8 2985s
 9064916 1444133    0.00021   48   51    0.00140    0.00021  85.3%  27.8 2990s
 9078242 1445843    0.00086   67   41    0.00140    0.00021  85.3%  27.8 2995s
 9096972 1447699    0.00025   77   56    0.00140    0.00021  85.3%  27.8 3000s
 9106749 1448908 infeasible   76         0.00140    0.00021  85.3%  27.8 3005s
 9123543 1449943    0.00021   53   48    0.00140    0.00021  85.3%  27.8 3010s
 9137593 1451514    0.00063   86   39    0.00140    0.00021  85.3%  27.8 3015s
 9149639 1452701     cutoff   78         0.00140    0.00021  85.3%  27.8 3020s
 9165706 1454958    0.00024   70   57    0.00140    0.00021  85.3%  27.8 3025s
 9181181 1457152 infeasible   65         0.00140    0.00021  85.3%  27.8 3030s
 9197343 1460424    0.00021   62   46    0.00140    0.00021  85.3%  27.8 3035s
 9213161 1463678    0.00112   70   40    0.00140    0.00021  85.3%  27.8 3040s
 9230120 1467410    0.00021   56   49    0.00140    0.00021  85.3%  27.8 3045s
 9246707 1470085    0.00053   70   43    0.00140    0.00021  85.3%  27.8 3050s
 9262188 1472025 infeasible   71         0.00140    0.00021  85.3%  27.8 3055s
 9277047 1473593    0.00021   59   35    0.00140    0.00021  85.3%  27.8 3060s
 9289510 1475826 infeasible   61         0.00140    0.00021  85.3%  27.7 3065s
 9309507 1478530 infeasible   76         0.00140    0.00021  85.3%  27.7 3070s
 9322573 1480819    0.00024   66   50    0.00140    0.00021  85.3%  27.7 3075s
 9336918 1482451     cutoff   68         0.00140    0.00021  85.3%  27.7 3080s
 9351157 1484332    0.00021   66   39    0.00140    0.00021  85.3%  27.7 3085s
 9364991 1485935     cutoff   68         0.00140    0.00021  85.3%  27.7 3090s
 9377990 1487254    0.00021   57   61    0.00140    0.00021  85.3%  27.7 3095s
 9394747 1489820    0.00021   56   56    0.00140    0.00021  85.3%  27.7 3100s
 9412938 1492593 infeasible   67         0.00140    0.00021  85.3%  27.7 3105s
 9428581 1494911    0.00021   60   54    0.00140    0.00021  85.3%  27.7 3110s
 9442095 1496066    0.00035   72   43    0.00140    0.00021  85.3%  27.7 3115s
 9456077 1497426 infeasible   50         0.00140    0.00021  85.3%  27.7 3120s
 9470119 1498668    0.00025   74   55    0.00140    0.00021  85.3%  27.7 3125s
 9483728 1500300     cutoff   77         0.00140    0.00021  85.3%  27.7 3130s
 9496455 1502075    0.00021   70   59    0.00140    0.00021  85.3%  27.7 3135s
 9505683 1503875     cutoff   59         0.00140    0.00021  85.3%  27.7 3140s
 9521283 1505986     cutoff   63         0.00140    0.00021  85.3%  27.7 3145s
 9535935 1508068    0.00021   62   48    0.00140    0.00021  85.3%  27.7 3150s
 9551656 1509674 infeasible   76         0.00140    0.00021  85.3%  27.7 3155s
 9565144 1511376    0.00021   66   48    0.00140    0.00021  85.3%  27.7 3160s
 9578031 1512675    0.00079   77   42    0.00140    0.00021  85.3%  27.7 3165s
 9592804 1514509 infeasible   55         0.00140    0.00021  85.3%  27.7 3170s
 9606049 1515998     cutoff   61         0.00140    0.00021  85.3%  27.7 3175s
 9620551 1517367    0.00084   71   48    0.00140    0.00021  85.3%  27.7 3180s
 9636583 1519436     cutoff   69         0.00140    0.00021  85.3%  27.8 3185s
 9652638 1522303    0.00049   77   42    0.00140    0.00021  85.3%  27.7 3190s
 9668460 1524124     cutoff   73         0.00140    0.00021  85.3%  27.7 3195s
 9682588 1525939    0.00063   74   45    0.00140    0.00021  85.3%  27.8 3201s
 9692487 1527034 infeasible   59         0.00140    0.00021  85.3%  27.8 3205s
 9707570 1528751 infeasible   75         0.00140    0.00021  85.3%  27.8 3210s
 9721674 1530454    0.00027   62   48    0.00140    0.00021  85.3%  27.8 3215s
 9737425 1531779    0.00115   75   44    0.00140    0.00021  85.3%  27.8 3220s
 9752462 1533340    0.00036   69   52    0.00140    0.00021  85.3%  27.8 3225s
 9767004 1534903    0.00034   70   44    0.00140    0.00021  85.3%  27.8 3230s
 9781923 1536669    0.00022   82   49    0.00140    0.00021  85.3%  27.8 3235s
 9797269 1538400    0.00047   70   42    0.00140    0.00021  85.3%  27.8 3240s
 9813429 1539873    0.00052   69   53    0.00140    0.00021  85.3%  27.8 3245s
 9828386 1541580 infeasible   74         0.00140    0.00021  85.3%  27.8 3250s
 9843717 1543420    0.00027   68   46    0.00140    0.00021  85.3%  27.8 3255s
 9857635 1546114    0.00031   83   52    0.00140    0.00021  85.3%  27.8 3260s
 9878149 1549701    0.00021   74   57    0.00140    0.00021  85.3%  27.8 3265s
 9890254 1551185    0.00021   76   55    0.00140    0.00021  85.3%  27.8 3270s
 9904323 1552762    0.00041   77   48    0.00140    0.00021  85.3%  27.8 3275s
 9921901 1554597 infeasible   63         0.00140    0.00021  85.3%  27.8 3280s
 9939027 1556579     cutoff   66         0.00140    0.00021  85.3%  27.8 3285s
 9956077 1558639    0.00024   60   53    0.00140    0.00021  85.3%  27.8 3290s
 9971401 1560824 infeasible   94         0.00140    0.00021  85.3%  27.8 3295s
 9987910 1563772    0.00073   91   43    0.00140    0.00021  85.3%  27.8 3300s
 10003627 1566828    0.00021   53   58    0.00140    0.00021  85.3%  27.8 3305s
 10020283 1568870    0.00087   81   46    0.00140    0.00021  85.3%  27.8 3310s
 10031727 1570242    0.00021   55   65    0.00140    0.00021  85.3%  27.8 3315s
 10048109 1571776     cutoff   66         0.00140    0.00021  85.3%  27.8 3320s
 10062366 1573872     cutoff   66         0.00140    0.00021  85.3%  27.8 3325s
 10076549 1575703    0.00021   64   38    0.00140    0.00021  85.3%  27.8 3330s
 10090199 1577614    0.00021   68   49    0.00140    0.00021  85.3%  27.8 3335s
 10104703 1579881     cutoff   71         0.00140    0.00021  85.3%  27.8 3340s
 10120011 1583071    0.00058   66   49    0.00140    0.00021  85.3%  27.8 3345s
 10138402 1589360     cutoff   77         0.00140    0.00021  85.3%  27.8 3350s
 10160165 1594868    0.00084   58   28    0.00140    0.00021  85.3%  27.8 3355s
 10178603 1599940 infeasible   69         0.00140    0.00021  85.3%  27.8 3360s
 10199488 1604505    0.00023   69   47    0.00140    0.00021  85.3%  27.8 3365s
 10219003 1608983    0.00021   67   52    0.00140    0.00021  85.3%  27.8 3370s
 10238543 1614244    0.00021   58   61    0.00140    0.00021  85.3%  27.8 3375s
 10255752 1618951 infeasible   69         0.00140    0.00021  85.3%  27.8 3380s
 10277028 1625012    0.00059   76   54    0.00140    0.00021  85.3%  27.8 3385s
 10296817 1629366    0.00021   60   52    0.00140    0.00021  85.3%  27.8 3390s
 10315399 1632808    0.00098   84   41    0.00140    0.00021  85.3%  27.8 3395s
 10334156 1636287    0.00046   66   58    0.00140    0.00021  85.3%  27.8 3400s
 10354706 1640631     cutoff   73         0.00140    0.00021  85.3%  27.8 3405s
 10373004 1643526     cutoff   69         0.00140    0.00021  85.3%  27.8 3410s
 10391315 1644472    0.00075   61   43    0.00140    0.00021  85.3%  27.8 3415s
 10408622 1645381 infeasible   63         0.00140    0.00021  85.3%  27.8 3420s
 10427456 1648799    0.00066   79   43    0.00140    0.00021  85.3%  27.8 3425s
 10442890 1650390 infeasible   70         0.00140    0.00021  85.3%  27.8 3430s
 10461879 1651709    0.00021   60   42    0.00140    0.00021  85.3%  27.8 3435s
 10477924 1653252     cutoff   62         0.00140    0.00021  85.3%  27.8 3440s
 10494176 1656341 infeasible   71         0.00140    0.00021  85.3%  27.8 3445s
 10508886 1660751    0.00085   61   48    0.00140    0.00021  85.3%  27.8 3450s
 10524582 1665075    0.00021   72   67    0.00140    0.00021  85.3%  27.8 3455s
 10540386 1668920    0.00023   71   53    0.00140    0.00021  85.3%  27.8 3460s
 10555431 1672637     cutoff   71         0.00140    0.00021  85.3%  27.8 3465s
 10572454 1676641     cutoff   63         0.00140    0.00021  85.3%  27.8 3470s
 10588094 1680526    0.00021   54   62    0.00140    0.00021  85.3%  27.8 3475s
 10605852 1683586 infeasible   71         0.00140    0.00021  85.3%  27.8 3480s
 10619475 1685068    0.00128   79   45    0.00140    0.00021  85.3%  27.8 3485s
 10635742 1686808     cutoff   77         0.00140    0.00021  85.3%  27.8 3490s
 10653773 1689292    0.00021   79   52    0.00140    0.00021  85.3%  27.8 3495s
 10669132 1689194    0.00021   70   49    0.00140    0.00021  85.3%  27.8 3500s
 10684589 1689444    0.00130   63   37    0.00140    0.00021  85.3%  27.8 3505s
 10699360 1690006    0.00021   77   53    0.00140    0.00021  85.3%  27.8 3510s
 10717848 1690498     cutoff   57         0.00140    0.00021  85.3%  27.8 3515s
 10733095 1690527    0.00025   74   50    0.00140    0.00021  85.3%  27.8 3520s
 10751100 1693769    0.00052   63   57    0.00140    0.00021  85.3%  27.8 3525s
 10765825 1697314    0.00033   61   59    0.00140    0.00021  85.3%  27.8 3530s
 10785635 1701266    0.00021   52   61    0.00140    0.00021  85.3%  27.8 3535s
 10803836 1703190 infeasible   62         0.00140    0.00021  85.3%  27.8 3540s
 10818217 1704079 infeasible   69         0.00140    0.00021  85.3%  27.8 3545s
 10832769 1704600    0.00081   77   52    0.00140    0.00021  85.3%  27.8 3550s
 10849038 1704452    0.00071   77   54    0.00140    0.00021  85.3%  27.8 3555s
 10865367 1705418    0.00021   74   46    0.00140    0.00021  85.3%  27.8 3560s
 10883222 1706222    0.00084   72   38    0.00140    0.00021  85.3%  27.8 3565s
 10899848 1706841    0.00021   72   45    0.00140    0.00021  85.3%  27.8 3570s
 10916195 1708305    0.00021   64   48    0.00140    0.00021  85.3%  27.8 3575s
 10933898 1710872    0.00041   69   49    0.00140    0.00021  85.3%  27.8 3580s
 10951066 1713195    0.00067   86   55    0.00140    0.00021  85.3%  27.8 3585s
 10967310 1714726 infeasible   72         0.00140    0.00021  85.3%  27.8 3590s
 10984403 1716745     cutoff   64         0.00140    0.00021  85.3%  27.8 3595s
 11001898 1718332     cutoff   71         0.00140    0.00021  85.3%  27.8 3600s

Cutting planes:
  Gomory: 9
  Cover: 6
  Implied bound: 22
  Clique: 8
  MIR: 10
  Flow cover: 22
  RLT: 29
  Relax-and-lift: 25
  PSD: 1

Explored 11002118 nodes (305987447 simplex iterations) in 3600.02 seconds (1894.70 work units)
Thread count was 12 (of 12 available processors)

Solution count 2: 0.00139875 0.00184402 

Time limit reached
Best objective 1.398748044192e-03, best bound 2.058065039989e-04, gap 85.2864%
