
Gurobi 11.0.2 (win64) logging started Wed Oct  2 06:11:04 2024

Set parameter LogFile to value ".\Experiments\Track_k_e_2\Logs\track_k_e_2_r4_c5.log"
Set parameter TimeLimit to value 3600
Gurobi Optimizer version 11.0.2 build v11.0.2rc0 (win64 - Windows 10.0 (19045.2))

CPU model: Intel(R) Core(TM) i7-10750H CPU @ 2.60GHz, instruction set [SSE2|AVX|AVX2]
Thread count: 6 physical cores, 12 logical processors, using up to 12 threads

Optimize a model with 248 rows, 462 columns and 920 nonzeros
Model fingerprint: 0xb30d9ee0
Model has 6 quadratic objective terms
Model has 68 quadratic constraints
Model has 116 general constraints
Variable types: 458 continuous, 4 integer (4 binary)
Coefficient statistics:
  Matrix range     [9e-06, 1e+02]
  QMatrix range    [1e+00, 1e+00]
  QLMatrix range   [1e+00, 1e+00]
  Objective range  [1e-02, 2e-01]
  QObjective range [2e+00, 2e+00]
  Bounds range     [8e-05, 5e+00]
  RHS range        [8e-05, 1e+02]
  QRHS range       [1e-06, 1e-06]
Presolve added 36 rows and 0 columns
Presolve removed 0 rows and 73 columns
Presolve time: 0.01s
Presolved: 525 rows, 398 columns, 1457 nonzeros
Presolved model has 50 SOS constraint(s)
Presolved model has 4 quadratic objective terms
Presolved model has 57 bilinear constraint(s)
Presolved model has 4 nonlinear constraint(s)
Warning: Model contains variables with very large bounds participating
         in nonlinear terms.
         Presolve was not able to compute smaller bounds for these variables.
         Consider bounding these variables or reformulating the model.


Solving non-convex MINLP

Variable types: 284 continuous, 114 integer (114 binary)

Root relaxation: objective 2.058065e-04, 419 iterations, 0.00 seconds (0.00 work units)

    Nodes    |    Current Node    |     Objective Bounds      |     Work
 Expl Unexpl |  Obj  Depth IntInf | Incumbent    BestBd   Gap | It/Node Time

     0     0    0.00021    0   44          -    0.00021      -     -    0s
     0     0    0.00021    0   74          -    0.00021      -     -    0s
     0     0    0.00021    0   91          -    0.00021      -     -    0s
     0     0    0.00021    0   94          -    0.00021      -     -    0s
     0     0    0.00021    0   92          -    0.00021      -     -    0s
     0     0    0.00021    0   96          -    0.00021      -     -    0s
     0     0    0.00021    0   97          -    0.00021      -     -    0s
     0     2    0.00021    0   97          -    0.00021      -     -    0s
 16477  4865    0.00075   70   64          -    0.00021      -  28.5    5s
 37152 10184    0.00021   32   50          -    0.00021      -  29.9   10s
 59111 15886 infeasible   82               -    0.00021      -  31.3   15s
 80146 21282 infeasible   72               -    0.00021      -  30.8   20s
 104512 27824 infeasible   52               -    0.00021      -  30.2   25s
 126176 33896    0.00025   51   46          -    0.00021      -  30.2   30s
 148418 39052    0.00021   35   48          -    0.00021      -  30.3   35s
 170334 43624 infeasible   60               -    0.00021      -  30.2   40s
*172321 35477             113       0.0018440    0.00021  88.8%  30.3   40s
*172326 33133             113       0.0013987    0.00021  85.3%  30.3   40s
 185215 36804    0.00021   43   46    0.00140    0.00021  85.3%  30.1   45s
 193742 39999    0.00021   63   59    0.00140    0.00021  85.3%  30.0   50s
 207889 45301    0.00027   69   57    0.00140    0.00021  85.3%  29.6   55s
 221813 49253    0.00021   63   44    0.00140    0.00021  85.3%  29.3   60s
 234065 53310 infeasible   63         0.00140    0.00021  85.3%  29.1   65s
 247422 57731 infeasible   71         0.00140    0.00021  85.3%  28.8   70s
 261194 61748    0.00021   59   66    0.00140    0.00021  85.3%  28.6   75s
 274430 66169    0.00021   62   60    0.00140    0.00021  85.3%  28.3   80s
 289552 70343    0.00084   72   46    0.00140    0.00021  85.3%  28.0   85s
 303386 74903    0.00022   66   67    0.00140    0.00021  85.3%  27.8   90s
 319103 80110 infeasible   58         0.00140    0.00021  85.3%  27.6   95s
 332279 85096    0.00021   61   52    0.00140    0.00021  85.3%  27.7  100s
 347437 90495 infeasible   64         0.00140    0.00021  85.3%  27.7  105s
 366616 95976    0.00021   59   66    0.00140    0.00021  85.3%  27.6  110s
 386097 101060    0.00039   67   44    0.00140    0.00021  85.3%  27.4  115s
 400633 104889    0.00026   68   55    0.00140    0.00021  85.3%  27.3  120s
 419279 107938    0.00052   52   45    0.00140    0.00021  85.3%  27.2  125s
 435566 111569    0.00021   58   63    0.00140    0.00021  85.3%  27.1  130s
 453338 115158    0.00026   61   59    0.00140    0.00021  85.3%  27.1  135s
 472856 117770     cutoff   58         0.00140    0.00021  85.3%  27.1  140s
 486525 119004    0.00021   63   50    0.00140    0.00021  85.3%  27.1  145s
 502106 123468    0.00068   58   52    0.00140    0.00021  85.3%  27.0  150s
 521113 130008 infeasible   52         0.00140    0.00021  85.3%  27.1  155s
 539022 135171    0.00074   72   40    0.00140    0.00021  85.3%  27.1  160s
 558337 140373 infeasible   49         0.00140    0.00021  85.3%  27.0  165s
 577825 146225    0.00021   56   48    0.00140    0.00021  85.3%  26.9  170s
 596105 151841    0.00021   58   50    0.00140    0.00021  85.3%  26.8  175s
 614901 157900    0.00021   70   63    0.00140    0.00021  85.3%  26.8  180s
 632993 163392    0.00021   59   66    0.00140    0.00021  85.3%  26.7  185s
 650060 166639    0.00021   56   39    0.00140    0.00021  85.3%  26.6  190s
 664614 170842 infeasible   74         0.00140    0.00021  85.3%  26.6  195s
 682231 174633 infeasible   72         0.00140    0.00021  85.3%  26.6  200s
 698829 177929    0.00084   52   55    0.00140    0.00021  85.3%  26.6  205s
 717037 182515 infeasible   55         0.00140    0.00021  85.3%  26.5  210s
 734767 185290 infeasible   67         0.00140    0.00021  85.3%  26.5  215s
 748241 186981    0.00084   67   47    0.00140    0.00021  85.3%  26.5  220s
 768169 189904 infeasible   72         0.00140    0.00021  85.3%  26.4  225s
 785131 192106    0.00029   73   37    0.00140    0.00021  85.3%  26.4  230s
 799107 195048    0.00021   65   51    0.00140    0.00021  85.3%  26.3  235s
 815563 197774    0.00021   56   58    0.00140    0.00021  85.3%  26.3  240s
 832305 199630 infeasible   65         0.00140    0.00021  85.3%  26.3  245s
 849115 201841    0.00021   64   48    0.00140    0.00021  85.3%  26.3  250s
 866772 203633     cutoff   68         0.00140    0.00021  85.3%  26.3  255s
 885966 205629    0.00021   65   53    0.00140    0.00021  85.3%  26.3  260s
 900905 207449    0.00084   73   44    0.00140    0.00021  85.3%  26.3  265s
 915994 209450    0.00021   74   44    0.00140    0.00021  85.3%  26.4  270s
 933426 212000    0.00022   65   54    0.00140    0.00021  85.3%  26.4  275s
 950219 214482     cutoff   65         0.00140    0.00021  85.3%  26.4  280s
 966057 216157 infeasible   68         0.00140    0.00021  85.3%  26.5  285s
 981474 218116     cutoff   61         0.00140    0.00021  85.3%  26.5  290s
 995957 220199    0.00084   83   32    0.00140    0.00021  85.3%  26.6  295s
 1013079 222873 infeasible   76         0.00140    0.00021  85.3%  26.6  300s
 1031131 225524 infeasible   80         0.00140    0.00021  85.3%  26.6  305s
 1047851 228000    0.00046   77   45    0.00140    0.00021  85.3%  26.6  310s
 1065018 230730    0.00021   68   61    0.00140    0.00021  85.3%  26.7  315s
 1082385 233729 infeasible   80         0.00140    0.00021  85.3%  26.7  320s
 1099898 238787 infeasible   76         0.00140    0.00021  85.3%  26.7  325s
 1116910 242273    0.00021   67   45    0.00140    0.00021  85.3%  26.7  330s
 1131966 244971 infeasible   69         0.00140    0.00021  85.3%  26.7  335s
 1148939 247750    0.00021   77   58    0.00140    0.00021  85.3%  26.8  340s
 1165429 249994    0.00040   80   53    0.00140    0.00021  85.3%  26.8  345s
 1182704 251416    0.00021   58   51    0.00140    0.00021  85.3%  26.8  350s
 1197380 253340     cutoff   69         0.00140    0.00021  85.3%  26.9  355s
 1213778 255777     cutoff   58         0.00140    0.00021  85.3%  26.9  360s
 1227211 257932    0.00021   51   45    0.00140    0.00021  85.3%  26.9  365s
 1245272 260731    0.00021   42   53    0.00140    0.00021  85.3%  26.9  370s
 1261064 263100 infeasible   55         0.00140    0.00021  85.3%  26.9  375s
 1279876 266268    0.00021   46   65    0.00140    0.00021  85.3%  26.9  380s
 1296958 271547    0.00021   60   44    0.00140    0.00021  85.3%  27.0  385s
 1315822 277095    0.00021   48   49    0.00140    0.00021  85.3%  27.0  390s
 1330416 278909 infeasible   74         0.00140    0.00021  85.3%  27.0  395s
 1347576 282997    0.00021   52   61    0.00140    0.00021  85.3%  27.0  400s
 1362457 286537 infeasible   64         0.00140    0.00021  85.3%  27.0  405s
 1381131 291184    0.00084   70   41    0.00140    0.00021  85.3%  26.9  410s
 1394730 294867    0.00084   45   45    0.00140    0.00021  85.3%  26.9  415s
 1417022 301327 infeasible   71         0.00140    0.00021  85.3%  27.0  420s
 1437951 304750    0.00036   67   52    0.00140    0.00021  85.3%  27.0  425s
 1452287 308842    0.00055   58   53    0.00140    0.00021  85.3%  27.1  430s
 1467304 311636    0.00084   79   38    0.00140    0.00021  85.3%  27.1  435s
 1482976 314330     cutoff   72         0.00140    0.00021  85.3%  27.2  440s
 1497058 316579 infeasible   83         0.00140    0.00021  85.3%  27.2  445s
 1510999 319363 infeasible   55         0.00140    0.00021  85.3%  27.2  450s
 1527304 322197     cutoff   69         0.00140    0.00021  85.3%  27.2  455s
 1540681 324678    0.00058   54   41    0.00140    0.00021  85.3%  27.2  460s
 1555932 328369 infeasible   66         0.00140    0.00021  85.3%  27.2  465s
 1577003 332916 infeasible   82         0.00140    0.00021  85.3%  27.1  470s
 1590306 335730     cutoff   83         0.00140    0.00021  85.3%  27.1  475s
 1605880 339177    0.00021   67   47    0.00140    0.00021  85.3%  27.1  480s
 1619757 341300    0.00021   57   48    0.00140    0.00021  85.3%  27.1  485s
 1638277 345531    0.00029   75   51    0.00140    0.00021  85.3%  27.1  490s
 1654428 348254    0.00025   73   49    0.00140    0.00021  85.3%  27.1  495s
 1669328 350318     cutoff   70         0.00140    0.00021  85.3%  27.2  500s
 1685431 351574     cutoff   74         0.00140    0.00021  85.3%  27.2  505s
 1700402 356378    0.00023   74   53    0.00140    0.00021  85.3%  27.2  510s
 1720455 362300    0.00021   77   59    0.00140    0.00021  85.3%  27.1  515s
 1738939 367152    0.00025   73   48    0.00140    0.00021  85.3%  27.1  520s
 1754046 370801    0.00021   61   55    0.00140    0.00021  85.3%  27.0  525s
 1774407 374738    0.00021   53   45    0.00140    0.00021  85.3%  27.0  530s
 1789681 379706 infeasible   67         0.00140    0.00021  85.3%  27.0  535s
 1807710 384749    0.00021   82   45    0.00140    0.00021  85.3%  27.0  540s
 1828027 390561    0.00081   75   58    0.00140    0.00021  85.3%  27.0  545s
 1844500 395774    0.00054   93   50    0.00140    0.00021  85.3%  27.0  550s
 1860263 398422    0.00021   43   48    0.00140    0.00021  85.3%  27.0  555s
 1878097 401677     cutoff   67         0.00140    0.00021  85.3%  27.0  560s
 1894651 405165 infeasible   75         0.00140    0.00021  85.3%  27.0  565s
 1909808 407805    0.00084   64   36    0.00140    0.00021  85.3%  27.0  570s
 1925722 411282    0.00023   63   58    0.00140    0.00021  85.3%  26.9  575s
 1947213 416403    0.00024   73   49    0.00140    0.00021  85.3%  26.9  580s
 1965363 421268    0.00032   75   57    0.00140    0.00021  85.3%  26.9  585s
 1978574 425687     cutoff   53         0.00140    0.00021  85.3%  26.9  590s
 1995575 431215    0.00021   72   50    0.00140    0.00021  85.3%  26.9  595s
 2012685 435882     cutoff   86         0.00140    0.00021  85.3%  26.8  600s
 2031217 438184     cutoff   63         0.00140    0.00021  85.3%  26.8  605s
 2044303 440172 infeasible   93         0.00140    0.00021  85.3%  26.8  610s
 2061886 442589    0.00034   76   49    0.00140    0.00021  85.3%  26.9  615s
 2077004 444557     cutoff   64         0.00140    0.00021  85.3%  26.9  620s
 2094312 447239    0.00023   75   46    0.00140    0.00021  85.3%  26.9  625s
 2110925 450151    0.00065   61   40    0.00140    0.00021  85.3%  26.9  630s
 2125618 452106     cutoff   70         0.00140    0.00021  85.3%  26.9  635s
 2143759 456086    0.00021   65   57    0.00140    0.00021  85.3%  26.9  640s
 2162565 461105     cutoff   65         0.00140    0.00021  85.3%  26.8  645s
 2179578 463580 infeasible   73         0.00140    0.00021  85.3%  26.9  650s
 2196055 469663    0.00079   69   57    0.00140    0.00021  85.3%  26.9  655s
 2210716 472891    0.00084   60   47    0.00140    0.00021  85.3%  26.9  660s
 2225273 476782    0.00021   62   54    0.00140    0.00021  85.3%  26.9  665s
 2240406 478740    0.00021   65   48    0.00140    0.00021  85.3%  26.9  670s
 2257460 480766    0.00080   58   43    0.00140    0.00021  85.3%  26.9  675s
 2273382 482754     cutoff   75         0.00140    0.00021  85.3%  26.9  680s
 2290130 484176    0.00107   80   51    0.00140    0.00021  85.3%  26.9  685s
 2306863 486557 infeasible   65         0.00140    0.00021  85.3%  26.9  690s
 2325550 490861     cutoff   53         0.00140    0.00021  85.3%  26.9  695s
 2343490 495862    0.00021   53   53    0.00140    0.00021  85.3%  26.9  700s
 2358792 499493     cutoff   73         0.00140    0.00021  85.3%  26.9  705s
 2376765 501643    0.00021   59   42    0.00140    0.00021  85.3%  26.8  710s
 2390846 503342 infeasible   65         0.00140    0.00021  85.3%  26.8  715s
 2409193 506264    0.00023   71   36    0.00140    0.00021  85.3%  26.8  720s
 2425699 509243    0.00021   69   37    0.00140    0.00021  85.3%  26.8  725s
 2439681 512957 infeasible   68         0.00140    0.00021  85.3%  26.8  730s
 2457139 517624    0.00079   58   45    0.00140    0.00021  85.3%  26.8  735s
 2475942 522395 infeasible   70         0.00140    0.00021  85.3%  26.8  740s
 2492014 525502 infeasible   62         0.00140    0.00021  85.3%  26.8  745s
 2506255 527503    0.00042   82   42    0.00140    0.00021  85.3%  26.8  750s
 2520748 529331     cutoff   82         0.00140    0.00021  85.3%  26.8  755s
 2538225 531593    0.00021   61   53    0.00140    0.00021  85.3%  26.8  760s
 2555368 534600    0.00021   75   49    0.00140    0.00021  85.3%  26.8  765s
 2569907 536046    0.00021   70   44    0.00140    0.00021  85.3%  26.9  770s
 2587212 537642     cutoff   74         0.00140    0.00021  85.3%  26.9  775s
 2602008 539102    0.00021   59   50    0.00140    0.00021  85.3%  26.9  780s
 2617463 540836 infeasible   74         0.00140    0.00021  85.3%  26.9  785s
 2633327 542567    0.00091   82   52    0.00140    0.00021  85.3%  26.9  790s
 2651318 544927     cutoff   79         0.00140    0.00021  85.3%  27.0  795s
 2665969 546490 infeasible   71         0.00140    0.00021  85.3%  27.0  800s
 2680686 548487    0.00022   63   60    0.00140    0.00021  85.3%  27.0  805s
 2698079 551036    0.00021   64   55    0.00140    0.00021  85.3%  27.0  810s
 2715676 553275    0.00021   57   55    0.00140    0.00021  85.3%  27.0  815s
 2730786 555900 infeasible   66         0.00140    0.00021  85.3%  27.0  820s
 2744660 557876    0.00031   78   41    0.00140    0.00021  85.3%  27.0  825s
 2763425 560851 infeasible   69         0.00140    0.00021  85.3%  27.0  830s
 2782688 563234    0.00021   65   55    0.00140    0.00021  85.3%  27.0  835s
 2799142 564763     cutoff   79         0.00140    0.00021  85.3%  27.0  840s
 2816158 568218     cutoff   72         0.00140    0.00021  85.3%  27.0  845s
 2831073 569018    0.00021   73   52    0.00140    0.00021  85.3%  27.0  850s
 2843623 569520 infeasible   67         0.00140    0.00021  85.3%  27.0  855s
 2853153 570192    0.00021   61   51    0.00140    0.00021  85.3%  27.0  860s
 2871801 571472 infeasible   79         0.00140    0.00021  85.3%  27.1  865s
 2888231 573753    0.00021   65   52    0.00140    0.00021  85.3%  27.1  870s
 2903870 575823    0.00086   81   47    0.00140    0.00021  85.3%  27.1  875s
 2920580 578332     cutoff   89         0.00140    0.00021  85.3%  27.1  880s
 2935707 580332    0.00021   71   51    0.00140    0.00021  85.3%  27.1  885s
 2951109 582643 infeasible   62         0.00140    0.00021  85.3%  27.1  890s
 2973183 588376    0.00021   66   54    0.00140    0.00021  85.3%  27.1  895s
 2991024 590822    0.00021   68   54    0.00140    0.00021  85.3%  27.1  900s
 3011061 596533 infeasible   68         0.00140    0.00021  85.3%  27.1  905s
 3026058 599859    0.00032   56   49    0.00140    0.00021  85.3%  27.1  910s
 3038888 603602    0.00028   68   59    0.00140    0.00021  85.3%  27.1  915s
 3051869 607725    0.00021   55   57    0.00140    0.00021  85.3%  27.1  920s
 3064173 611057    0.00021   53   68    0.00140    0.00021  85.3%  27.2  925s
 3081462 614767    0.00021   74   60    0.00140    0.00021  85.3%  27.2  930s
 3096573 617527    0.00021   54   52    0.00140    0.00021  85.3%  27.2  935s
 3113593 619476    0.00040   69   56    0.00140    0.00021  85.3%  27.2  940s
 3125377 620737    0.00022   67   49    0.00140    0.00021  85.3%  27.2  945s
 3139870 622124 infeasible   79         0.00140    0.00021  85.3%  27.3  950s
 3155914 623493    0.00021   72   52    0.00140    0.00021  85.3%  27.3  955s
 3172597 625161    0.00021   60   55    0.00140    0.00021  85.3%  27.3  960s
 3187953 627043    0.00021   63   52    0.00140    0.00021  85.3%  27.4  965s
 3204089 628669    0.00021   46   62    0.00140    0.00021  85.3%  27.4  970s
 3220598 631081     cutoff   68         0.00140    0.00021  85.3%  27.4  975s
 3237749 633672    0.00086   75   42    0.00140    0.00021  85.3%  27.4  981s
 3252320 636210     cutoff   73         0.00140    0.00021  85.3%  27.4  985s
 3267625 638422    0.00084   55   49    0.00140    0.00021  85.3%  27.3  990s
 3287397 642222    0.00021   55   37    0.00140    0.00021  85.3%  27.3  995s
 3302005 644631    0.00021   56   51    0.00140    0.00021  85.3%  27.3 1000s
 3315261 645928    0.00084   72   43    0.00140    0.00021  85.3%  27.3 1005s
 3330529 647519    0.00084   43   37    0.00140    0.00021  85.3%  27.3 1010s
 3345336 649264    0.00079   63   50    0.00140    0.00021  85.3%  27.3 1015s
 3361872 651059    0.00048   64   55    0.00140    0.00021  85.3%  27.3 1020s
 3382727 654998 infeasible   79         0.00140    0.00021  85.3%  27.3 1025s
 3401472 659122    0.00048   81   46    0.00140    0.00021  85.3%  27.3 1030s
 3419984 660837    0.00021   58   36    0.00140    0.00021  85.3%  27.3 1035s
 3432929 662822    0.00021   61   53    0.00140    0.00021  85.3%  27.3 1040s
 3447437 664602    0.00022   61   54    0.00140    0.00021  85.3%  27.3 1045s
 3457191 665172    0.00021   78   53    0.00140    0.00021  85.3%  27.3 1050s
 3474192 666983 infeasible   86         0.00140    0.00021  85.3%  27.3 1055s
 3491729 668859 infeasible   82         0.00140    0.00021  85.3%  27.3 1060s
 3505846 670553    0.00021   60   39    0.00140    0.00021  85.3%  27.4 1065s
 3521694 672275    0.00021   64   47    0.00140    0.00021  85.3%  27.4 1070s
 3538145 674664    0.00084   71   38    0.00140    0.00021  85.3%  27.4 1075s
 3552068 677053    0.00021   66   41    0.00140    0.00021  85.3%  27.4 1080s
 3569987 678971     cutoff   54         0.00140    0.00021  85.3%  27.4 1085s
 3587279 680730 infeasible   79         0.00140    0.00021  85.3%  27.4 1090s
 3600672 682159    0.00038   72   51    0.00140    0.00021  85.3%  27.4 1095s
 3614083 684309    0.00026   53   52    0.00140    0.00021  85.3%  27.4 1100s
 3631014 686478 infeasible   57         0.00140    0.00021  85.3%  27.4 1105s
 3649706 688686 infeasible   78         0.00140    0.00021  85.3%  27.4 1111s
 3665536 690623     cutoff   75         0.00140    0.00021  85.3%  27.4 1115s
 3682081 692665    0.00021   64   59    0.00140    0.00021  85.3%  27.4 1120s
 3697444 694892     cutoff   65         0.00140    0.00021  85.3%  27.4 1125s
 3711128 697010    0.00100   70   48    0.00140    0.00021  85.3%  27.4 1130s
 3726985 698412    0.00021   80   50    0.00140    0.00021  85.3%  27.5 1135s
 3745567 699715    0.00039   73   55    0.00140    0.00021  85.3%  27.5 1141s
 3761573 701624    0.00021   73   48    0.00140    0.00021  85.3%  27.5 1145s
 3773881 703005     cutoff   80         0.00140    0.00021  85.3%  27.5 1150s
 3792967 705389    0.00062   75   51    0.00140    0.00021  85.3%  27.5 1155s
 3808562 706770    0.00084   60   52    0.00140    0.00021  85.3%  27.5 1160s
 3823514 708467     cutoff   66         0.00140    0.00021  85.3%  27.5 1165s
 3837594 710031    0.00021   58   57    0.00140    0.00021  85.3%  27.5 1170s
 3853424 712082 infeasible   56         0.00140    0.00021  85.3%  27.5 1175s
 3869279 713507 infeasible   77         0.00140    0.00021  85.3%  27.5 1180s
 3884678 714622 infeasible   82         0.00140    0.00021  85.3%  27.5 1185s
 3897406 715889    0.00039   58   45    0.00140    0.00021  85.3%  27.5 1190s
 3911675 718329 infeasible   61         0.00140    0.00021  85.3%  27.5 1195s
 3929267 721141    0.00072   78   53    0.00140    0.00021  85.3%  27.5 1200s
 3943878 723149    0.00021   73   51    0.00140    0.00021  85.3%  27.5 1205s
 3961874 725764     cutoff   66         0.00140    0.00021  85.3%  27.5 1210s
 3981677 727228    0.00096   82   49    0.00140    0.00021  85.3%  27.5 1215s
 3994604 728966     cutoff   79         0.00140    0.00021  85.3%  27.5 1220s
 4011861 731026    0.00055   80   52    0.00140    0.00021  85.3%  27.5 1225s
 4028187 734008 infeasible   84         0.00140    0.00021  85.3%  27.5 1230s
 4045536 736949    0.00084   78   38    0.00140    0.00021  85.3%  27.5 1235s
 4062355 738755     cutoff   66         0.00140    0.00021  85.3%  27.5 1240s
 4075493 741769    0.00084   61   38    0.00140    0.00021  85.3%  27.5 1245s
 4094017 745149    0.00121   78   34    0.00140    0.00021  85.3%  27.5 1250s
 4109607 747295    0.00021   55   50    0.00140    0.00021  85.3%  27.5 1255s
 4123274 749485    0.00021   70   53    0.00140    0.00021  85.3%  27.5 1260s
 4138773 751376 infeasible   69         0.00140    0.00021  85.3%  27.5 1265s
 4151379 753483    0.00021   65   51    0.00140    0.00021  85.3%  27.5 1270s
 4168572 756390     cutoff   65         0.00140    0.00021  85.3%  27.5 1275s
 4186550 758443 infeasible   72         0.00140    0.00021  85.3%  27.5 1280s
 4200654 759672    0.00064   87   49    0.00140    0.00021  85.3%  27.5 1285s
 4216516 761492    0.00022   64   40    0.00140    0.00021  85.3%  27.5 1290s
 4231242 763301    0.00096   73   43    0.00140    0.00021  85.3%  27.5 1295s
 4250142 765866    0.00063   56   44    0.00140    0.00021  85.3%  27.5 1301s
 4265244 767640    0.00059   67   53    0.00140    0.00021  85.3%  27.5 1305s
 4281195 769589     cutoff   68         0.00140    0.00021  85.3%  27.5 1310s
 4303116 774297    0.00084   44   38    0.00140    0.00021  85.3%  27.5 1315s
 4325617 780667     cutoff   82         0.00140    0.00021  85.3%  27.5 1320s
 4346604 785741     cutoff   64         0.00140    0.00021  85.3%  27.5 1325s
 4362567 789631    0.00042   75   46    0.00140    0.00021  85.3%  27.5 1330s
 4376021 793198    0.00021   45   49    0.00140    0.00021  85.3%  27.5 1335s
 4390811 796812     cutoff   58         0.00140    0.00021  85.3%  27.5 1340s
 4403246 799573    0.00027   58   59    0.00140    0.00021  85.3%  27.5 1345s
 4421857 804946    0.00121   72   39    0.00140    0.00021  85.3%  27.5 1350s
 4435304 808733    0.00021   58   73    0.00140    0.00021  85.3%  27.5 1355s
 4454401 814206    0.00084   62   53    0.00140    0.00021  85.3%  27.5 1360s
 4470323 818635    0.00089   72   49    0.00140    0.00021  85.3%  27.5 1365s
 4489290 824063    0.00084   75   41    0.00140    0.00021  85.3%  27.5 1370s
 4504838 827321    0.00021   60   65    0.00140    0.00021  85.3%  27.5 1375s
 4522157 830795    0.00021   45   70    0.00140    0.00021  85.3%  27.5 1380s
 4537817 834342     cutoff   79         0.00140    0.00021  85.3%  27.5 1385s
 4557304 837133    0.00042   73   47    0.00140    0.00021  85.3%  27.5 1390s
 4575136 839821    0.00022   66   52    0.00140    0.00021  85.3%  27.5 1395s
 4592038 841919 infeasible   73         0.00140    0.00021  85.3%  27.5 1400s
 4605693 843487    0.00021   66   47    0.00140    0.00021  85.3%  27.5 1405s
 4621431 845717    0.00021   78   50    0.00140    0.00021  85.3%  27.5 1410s
 4636545 848183    0.00096   81   48    0.00140    0.00021  85.3%  27.5 1415s
 4655042 851216    0.00021   63   60    0.00140    0.00021  85.3%  27.5 1420s
 4670669 853422    0.00064   70   44    0.00140    0.00021  85.3%  27.5 1425s
 4686756 855223     cutoff   76         0.00140    0.00021  85.3%  27.5 1430s
 4700891 856861    0.00021   66   42    0.00140    0.00021  85.3%  27.5 1435s
 4717438 859316    0.00033   63   48    0.00140    0.00021  85.3%  27.5 1440s
 4732741 861621     cutoff   87         0.00140    0.00021  85.3%  27.5 1445s
 4748453 864552    0.00068   73   49    0.00140    0.00021  85.3%  27.5 1450s
 4764513 866657    0.00021   71   53    0.00140    0.00021  85.3%  27.5 1455s
 4781292 869104 infeasible   62         0.00140    0.00021  85.3%  27.5 1460s
 4800451 872841     cutoff   51         0.00140    0.00021  85.3%  27.5 1465s
 4815912 876936    0.00021   49   54    0.00140    0.00021  85.3%  27.5 1470s
 4833076 882223    0.00025   53   57    0.00140    0.00021  85.3%  27.5 1475s
 4850900 886748    0.00059   50   47    0.00140    0.00021  85.3%  27.5 1480s
 4866652 891552 infeasible   59         0.00140    0.00021  85.3%  27.5 1485s
 4883262 895776    0.00021   46   45    0.00140    0.00021  85.3%  27.5 1490s
 4901752 899917    0.00021   63   56    0.00140    0.00021  85.3%  27.5 1495s
 4918766 903921    0.00021   55   64    0.00140    0.00021  85.3%  27.5 1500s
 4938501 908400    0.00021   66   53    0.00140    0.00021  85.3%  27.5 1505s
 4954917 911376    0.00120   67   43    0.00140    0.00021  85.3%  27.5 1510s
 4969987 914102 infeasible   57         0.00140    0.00021  85.3%  27.5 1515s
 4985321 917141     cutoff   71         0.00140    0.00021  85.3%  27.5 1520s
 5003385 920053    0.00021   62   54    0.00140    0.00021  85.3%  27.5 1525s
 5022744 922562    0.00043   74   46    0.00140    0.00021  85.3%  27.5 1530s
 5035628 924456    0.00021   55   55    0.00140    0.00021  85.3%  27.5 1535s
 5051078 927178    0.00045   58   42    0.00140    0.00021  85.3%  27.5 1540s
 5066688 929187    0.00024   62   66    0.00140    0.00021  85.3%  27.5 1545s
 5081131 930931    0.00113   82   46    0.00140    0.00021  85.3%  27.4 1550s
 5097122 932754 infeasible   78         0.00140    0.00021  85.3%  27.4 1555s
 5114717 934814     cutoff   70         0.00140    0.00021  85.3%  27.4 1560s
 5129046 936574 infeasible   72         0.00140    0.00021  85.3%  27.4 1565s
 5146094 937982    0.00021   69   52    0.00140    0.00021  85.3%  27.4 1570s
 5158472 939181    0.00021   82   59    0.00140    0.00021  85.3%  27.4 1575s
 5173809 941822 infeasible   76         0.00140    0.00021  85.3%  27.4 1580s
 5191428 944032 infeasible   89         0.00140    0.00021  85.3%  27.4 1585s
 5207127 946734     cutoff   83         0.00140    0.00021  85.3%  27.4 1590s
 5222847 948543    0.00023   76   49    0.00140    0.00021  85.3%  27.4 1595s
 5241547 950705    0.00032   68   48    0.00140    0.00021  85.3%  27.4 1600s
 5253631 952511    0.00021   55   61    0.00140    0.00021  85.3%  27.4 1605s
 5267470 954066    0.00084   62   47    0.00140    0.00021  85.3%  27.4 1610s
 5286610 957188    0.00054   90   50    0.00140    0.00021  85.3%  27.4 1615s
 5304311 959965    0.00084   80   48    0.00140    0.00021  85.3%  27.4 1620s
 5318092 962008    0.00024   67   53    0.00140    0.00021  85.3%  27.4 1625s
 5337030 964585     cutoff   53         0.00140    0.00021  85.3%  27.4 1630s
 5351788 965855     cutoff   70         0.00140    0.00021  85.3%  27.4 1635s
 5365443 966962    0.00021   69   58    0.00140    0.00021  85.3%  27.4 1640s
 5379110 968327    0.00073   71   46    0.00140    0.00021  85.3%  27.4 1645s
 5396111 969783     cutoff   48         0.00140    0.00021  85.3%  27.4 1650s
 5412974 971072    0.00021   61   51    0.00140    0.00021  85.3%  27.4 1655s
 5428718 972371    0.00084   66   41    0.00140    0.00021  85.3%  27.5 1660s
 5443543 973968    0.00093   65   42    0.00140    0.00021  85.3%  27.5 1665s
 5457960 976047    0.00021   59   53    0.00140    0.00021  85.3%  27.5 1670s
 5477348 978090    0.00031   79   46    0.00140    0.00021  85.3%  27.5 1675s
 5493107 980818    0.00048   75   59    0.00140    0.00021  85.3%  27.5 1680s
 5510559 985952    0.00021   48   50    0.00140    0.00021  85.3%  27.5 1685s
 5524703 990798     cutoff   72         0.00140    0.00021  85.3%  27.5 1690s
 5542903 995135     cutoff   60         0.00140    0.00021  85.3%  27.5 1695s
 5559611 1001157    0.00021   66   63    0.00140    0.00021  85.3%  27.5 1700s
 5579060 1006476    0.00026   57   70    0.00140    0.00021  85.3%  27.5 1705s
 5595140 1010240     cutoff   82         0.00140    0.00021  85.3%  27.5 1710s
 5612958 1011986 infeasible   75         0.00140    0.00021  85.3%  27.5 1715s
 5625760 1013364    0.00054   84   50    0.00140    0.00021  85.3%  27.5 1720s
 5639192 1014319 infeasible   63         0.00140    0.00021  85.3%  27.5 1725s
 5658137 1017181     cutoff   96         0.00140    0.00021  85.3%  27.5 1730s
 5675762 1019415    0.00040   70   50    0.00140    0.00021  85.3%  27.5 1735s
 5688166 1020949     cutoff   60         0.00140    0.00021  85.3%  27.5 1740s
 5706356 1022538 infeasible   91         0.00140    0.00021  85.3%  27.5 1745s
 5723756 1024542    0.00021   61   50    0.00140    0.00021  85.3%  27.5 1750s
 5741098 1026249    0.00021   70   58    0.00140    0.00021  85.3%  27.5 1755s
 5752490 1027601 infeasible   74         0.00140    0.00021  85.3%  27.5 1760s
 5771501 1029472 infeasible   59         0.00140    0.00021  85.3%  27.5 1765s
 5788390 1031534 infeasible   41         0.00140    0.00021  85.3%  27.5 1770s
 5802114 1032996 infeasible   84         0.00140    0.00021  85.3%  27.5 1775s
 5816206 1034423 infeasible   64         0.00140    0.00021  85.3%  27.5 1780s
 5831962 1036496    0.00025   64   51    0.00140    0.00021  85.3%  27.5 1785s
 5850185 1039106 infeasible   79         0.00140    0.00021  85.3%  27.5 1790s
 5866216 1042036    0.00021   58   41    0.00140    0.00021  85.3%  27.5 1795s
 5880634 1044775    0.00030   77   48    0.00140    0.00021  85.3%  27.5 1800s
 5898144 1047385 infeasible   75         0.00140    0.00021  85.3%  27.5 1805s
 5915562 1050010    0.00098   96   33    0.00140    0.00021  85.3%  27.5 1810s
 5932710 1051871    0.00021   69   50    0.00140    0.00021  85.3%  27.5 1815s
 5949829 1053585     cutoff   65         0.00140    0.00021  85.3%  27.5 1820s
 5963710 1055573    0.00021   62   49    0.00140    0.00021  85.3%  27.5 1825s
 5980948 1058599    0.00080   72   36    0.00140    0.00021  85.3%  27.5 1830s
 5998801 1060686    0.00094   79   40    0.00140    0.00021  85.3%  27.5 1835s
 6014029 1062314     cutoff   67         0.00140    0.00021  85.3%  27.5 1840s
 6027116 1064253    0.00046   66   34    0.00140    0.00021  85.3%  27.5 1845s
 6042163 1066134     cutoff   72         0.00140    0.00021  85.3%  27.5 1850s
 6057302 1067959    0.00021   59   57    0.00140    0.00021  85.3%  27.5 1855s
 6075207 1070632    0.00021   53   61    0.00140    0.00021  85.3%  27.5 1860s
 6090980 1072657 infeasible   64         0.00140    0.00021  85.3%  27.5 1865s
 6104884 1074362    0.00126   74   45    0.00140    0.00021  85.3%  27.5 1870s
 6117839 1075879     cutoff   67         0.00140    0.00021  85.3%  27.5 1875s
 6136555 1077862    0.00021   59   53    0.00140    0.00021  85.3%  27.5 1880s
 6150463 1078473     cutoff   65         0.00140    0.00021  85.3%  27.5 1885s
 6166887 1080062    0.00021   69   54    0.00140    0.00021  85.3%  27.5 1890s
 6183737 1082125     cutoff   72         0.00140    0.00021  85.3%  27.5 1895s
 6197773 1084063     cutoff   80         0.00140    0.00021  85.3%  27.5 1900s
 6217692 1086543 infeasible   63         0.00140    0.00021  85.3%  27.5 1905s
 6229400 1087538     cutoff   69         0.00140    0.00021  85.3%  27.5 1910s
 6246232 1089767    0.00084   68   40    0.00140    0.00021  85.3%  27.5 1915s
 6260947 1091489    0.00087   70   47    0.00140    0.00021  85.3%  27.5 1920s
 6276251 1093486     cutoff   63         0.00140    0.00021  85.3%  27.6 1925s
 6292929 1094988    0.00021   65   52    0.00140    0.00021  85.3%  27.6 1930s
 6306685 1096398    0.00133   85   45    0.00140    0.00021  85.3%  27.6 1935s
 6321692 1098051    0.00024   62   47    0.00140    0.00021  85.3%  27.6 1940s
 6338357 1100155    0.00021   73   56    0.00140    0.00021  85.3%  27.6 1945s
 6354410 1102268    0.00107   81   46    0.00140    0.00021  85.3%  27.6 1950s
 6371202 1103753    0.00106   60   47    0.00140    0.00021  85.3%  27.6 1955s
 6383667 1104764    0.00021   67   57    0.00140    0.00021  85.3%  27.6 1960s
 6399872 1106875 infeasible   84         0.00140    0.00021  85.3%  27.6 1965s
 6417183 1109571    0.00067   79   50    0.00140    0.00021  85.3%  27.6 1970s
 6433758 1112069    0.00021   70   66    0.00140    0.00021  85.3%  27.6 1975s
 6449012 1114812    0.00071   93   54    0.00140    0.00021  85.3%  27.6 1980s
 6466381 1117309    0.00076   84   46    0.00140    0.00021  85.3%  27.6 1985s
 6480982 1119548 infeasible   71         0.00140    0.00021  85.3%  27.6 1990s
 6496275 1121373    0.00035   65   41    0.00140    0.00021  85.3%  27.6 1995s
 6512298 1122859    0.00021   54   52    0.00140    0.00021  85.3%  27.6 2000s
 6526705 1124839    0.00110   62   50    0.00140    0.00021  85.3%  27.6 2005s
 6541469 1127036    0.00021   73   52    0.00140    0.00021  85.3%  27.6 2010s
 6558766 1129397 infeasible   69         0.00140    0.00021  85.3%  27.6 2015s
 6574762 1131474    0.00059   79   51    0.00140    0.00021  85.3%  27.6 2020s
 6588810 1132797 infeasible   67         0.00140    0.00021  85.3%  27.6 2025s
 6603312 1134610    0.00021   59   56    0.00140    0.00021  85.3%  27.6 2030s
 6622101 1136576 infeasible   73         0.00140    0.00021  85.3%  27.6 2035s
 6637509 1138513    0.00021   51   60    0.00140    0.00021  85.3%  27.6 2040s
 6652665 1140179    0.00031   62   39    0.00140    0.00021  85.3%  27.6 2045s
 6670360 1141367    0.00021   59   59    0.00140    0.00021  85.3%  27.6 2050s
 6684719 1142862 infeasible   78         0.00140    0.00021  85.3%  27.6 2055s
 6701062 1145237    0.00031   68   54    0.00140    0.00021  85.3%  27.6 2060s
 6718748 1147682 infeasible   65         0.00140    0.00021  85.3%  27.6 2065s
 6733832 1149293    0.00021   72   50    0.00140    0.00021  85.3%  27.6 2070s
 6746795 1151002     cutoff   60         0.00140    0.00021  85.3%  27.6 2075s
 6763194 1153122    0.00022   65   43    0.00140    0.00021  85.3%  27.6 2080s
 6778508 1154593     cutoff   73         0.00140    0.00021  85.3%  27.6 2085s
 6791627 1156201 infeasible   65         0.00140    0.00021  85.3%  27.7 2090s
 6809785 1158511 infeasible   74         0.00140    0.00021  85.3%  27.7 2095s
 6822068 1159786    0.00021   75   53    0.00140    0.00021  85.3%  27.7 2100s
 6838334 1161288     cutoff   58         0.00140    0.00021  85.3%  27.7 2105s
 6853440 1163381 infeasible   68         0.00140    0.00021  85.3%  27.7 2110s
 6868841 1165553    0.00091   75   44    0.00140    0.00021  85.3%  27.7 2115s
 6886090 1167376    0.00084   63   39    0.00140    0.00021  85.3%  27.7 2120s
 6903332 1170625    0.00021   76   52    0.00140    0.00021  85.3%  27.7 2125s
 6920150 1172670    0.00127   72   47    0.00140    0.00021  85.3%  27.7 2130s
 6939115 1176287    0.00123   84   47    0.00140    0.00021  85.3%  27.7 2135s
 6953945 1178908    0.00021   50   43    0.00140    0.00021  85.3%  27.6 2140s
 6972261 1182412    0.00021   71   52    0.00140    0.00021  85.3%  27.6 2145s
 6988698 1184654    0.00075   82   38    0.00140    0.00021  85.3%  27.6 2150s
 7003912 1185958    0.00021   63   53    0.00140    0.00021  85.3%  27.6 2155s
 7021880 1188444    0.00021   78   57    0.00140    0.00021  85.3%  27.6 2160s
 7036984 1189969 infeasible   57         0.00140    0.00021  85.3%  27.6 2165s
 7052286 1192394     cutoff   62         0.00140    0.00021  85.3%  27.7 2170s
 7067595 1193652     cutoff   62         0.00140    0.00021  85.3%  27.7 2175s
 7082136 1194865    0.00053   76   43    0.00140    0.00021  85.3%  27.7 2180s
 7099929 1196849     cutoff   60         0.00140    0.00021  85.3%  27.7 2185s
 7117110 1199188    0.00021   48   63    0.00140    0.00021  85.3%  27.7 2190s
 7132886 1201094    0.00021   52   50    0.00140    0.00021  85.3%  27.7 2195s
 7150898 1204438    0.00084   71   48    0.00140    0.00021  85.3%  27.7 2200s
 7168747 1207498    0.00047   73   54    0.00140    0.00021  85.3%  27.7 2206s
 7184110 1209505 infeasible   85         0.00140    0.00021  85.3%  27.7 2210s
 7197386 1211338     cutoff   73         0.00140    0.00021  85.3%  27.7 2215s
 7213949 1213179    0.00021   60   52    0.00140    0.00021  85.3%  27.7 2220s
 7231166 1214904    0.00021   48   51    0.00140    0.00021  85.3%  27.7 2225s
 7245716 1216687    0.00110   68   42    0.00140    0.00021  85.3%  27.7 2230s
 7259405 1218611    0.00021   51   56    0.00140    0.00021  85.3%  27.7 2235s
 7276387 1220972 infeasible   83         0.00140    0.00021  85.3%  27.7 2240s
 7294558 1223395    0.00021   65   52    0.00140    0.00021  85.3%  27.7 2245s
 7311789 1225738     cutoff   64         0.00140    0.00021  85.3%  27.7 2250s
 7324921 1226971 infeasible   80         0.00140    0.00021  85.3%  27.7 2255s
 7342969 1228838    0.00021   64   51    0.00140    0.00021  85.3%  27.7 2260s
 7355510 1229942    0.00023   56   48    0.00140    0.00021  85.3%  27.7 2265s
 7371663 1231751     cutoff   60         0.00140    0.00021  85.3%  27.7 2270s
 7390568 1234682    0.00105   78   51    0.00140    0.00021  85.3%  27.7 2275s
 7405720 1236891    0.00021   49   40    0.00140    0.00021  85.3%  27.7 2280s
 7423260 1238608 infeasible   82         0.00140    0.00021  85.3%  27.7 2285s
 7438340 1240743     cutoff   73         0.00140    0.00021  85.3%  27.7 2290s
 7454248 1242610    0.00026   58   57    0.00140    0.00021  85.3%  27.7 2295s
 7472022 1244667 infeasible   64         0.00140    0.00021  85.3%  27.6 2300s
 7486310 1246270    0.00021   54   58    0.00140    0.00021  85.3%  27.6 2305s
 7499401 1247732 infeasible   71         0.00140    0.00021  85.3%  27.6 2310s
 7514092 1249559 infeasible   72         0.00140    0.00021  85.3%  27.6 2315s
 7530219 1251370     cutoff   80         0.00140    0.00021  85.3%  27.6 2320s
 7546412 1253152     cutoff   64         0.00140    0.00021  85.3%  27.6 2325s
 7562422 1255077 infeasible   67         0.00140    0.00021  85.3%  27.6 2330s
 7580557 1257335    0.00120   64   53    0.00140    0.00021  85.3%  27.6 2335s
 7595692 1259106    0.00108   84   47    0.00140    0.00021  85.3%  27.6 2340s
 7612689 1260911    0.00056   86   54    0.00140    0.00021  85.3%  27.6 2345s
 7629627 1262880    0.00035   68   52    0.00140    0.00021  85.3%  27.6 2350s
 7647390 1264856 infeasible   66         0.00140    0.00021  85.3%  27.6 2355s
 7663297 1266603    0.00021   64   53    0.00140    0.00021  85.3%  27.6 2360s
 7676734 1268173 infeasible   61         0.00140    0.00021  85.3%  27.6 2365s
 7693897 1270228    0.00021   54   50    0.00140    0.00021  85.3%  27.6 2370s
 7709799 1272090     cutoff   88         0.00140    0.00021  85.3%  27.6 2376s
 7724273 1273844     cutoff   85         0.00140    0.00021  85.3%  27.6 2380s
 7738636 1275661 infeasible   68         0.00140    0.00021  85.3%  27.6 2385s
 7755288 1277371 infeasible   71         0.00140    0.00021  85.3%  27.6 2390s
 7770050 1279339 infeasible   79         0.00140    0.00021  85.3%  27.6 2395s
 7785607 1282051 infeasible   77         0.00140    0.00021  85.3%  27.7 2400s
 7798991 1283683 infeasible   62         0.00140    0.00021  85.3%  27.7 2405s
 7813497 1286596    0.00040   58   50    0.00140    0.00021  85.3%  27.7 2410s
 7827070 1288687    0.00049   80   63    0.00140    0.00021  85.3%  27.7 2415s
 7843017 1290833 infeasible   71         0.00140    0.00021  85.3%  27.7 2420s
 7858143 1292684     cutoff   64         0.00140    0.00021  85.3%  27.7 2425s
 7871964 1294126 infeasible   81         0.00140    0.00021  85.3%  27.7 2430s
 7888534 1296355 infeasible   58         0.00140    0.00021  85.3%  27.7 2435s
 7903001 1298852     cutoff   53         0.00140    0.00021  85.3%  27.7 2440s
 7917533 1300531 infeasible   74         0.00140    0.00021  85.3%  27.7 2445s
 7931041 1302793    0.00063   82   46    0.00140    0.00021  85.3%  27.7 2450s
 7946320 1304703    0.00021   65   51    0.00140    0.00021  85.3%  27.7 2455s
 7961952 1306718     cutoff   87         0.00140    0.00021  85.3%  27.7 2460s
 7977872 1308177    0.00116   76   46    0.00140    0.00021  85.3%  27.7 2465s
 7994388 1310643    0.00021   73   52    0.00140    0.00021  85.3%  27.7 2470s
 8009159 1312096 infeasible   87         0.00140    0.00021  85.3%  27.7 2475s
 8028637 1313982 infeasible  108         0.00140    0.00021  85.3%  27.7 2480s
 8039708 1314396    0.00022   88   50    0.00140    0.00021  85.3%  27.7 2485s
 8059383 1316179    0.00101   70   57    0.00140    0.00021  85.3%  27.7 2491s
 8074535 1318591    0.00136   92   41    0.00140    0.00021  85.3%  27.7 2495s
 8088817 1320212    0.00028   72   53    0.00140    0.00021  85.3%  27.7 2500s
 8105373 1322361     cutoff   58         0.00140    0.00021  85.3%  27.7 2505s
 8118942 1324237    0.00021   61   62    0.00140    0.00021  85.3%  27.7 2510s
 8133935 1326474    0.00132   85   47    0.00140    0.00021  85.3%  27.7 2515s
 8149620 1329044    0.00108   70   49    0.00140    0.00021  85.3%  27.7 2520s
 8170164 1331742    0.00139   87   54    0.00140    0.00021  85.3%  27.7 2525s
 8188537 1334363    0.00047   85   54    0.00140    0.00021  85.3%  27.7 2530s
 8204057 1336225    0.00098   85   49    0.00140    0.00021  85.3%  27.7 2535s
 8220458 1338589    0.00021   57   55    0.00140    0.00021  85.3%  27.7 2540s
 8235731 1340185 infeasible   55         0.00140    0.00021  85.3%  27.7 2545s
 8249478 1341930    0.00034   64   43    0.00140    0.00021  85.3%  27.7 2550s
 8267311 1343829    0.00063   67   47    0.00140    0.00021  85.3%  27.7 2555s
 8279644 1345625     cutoff   77         0.00140    0.00021  85.3%  27.7 2560s
 8297738 1347473    0.00084   72   40    0.00140    0.00021  85.3%  27.7 2565s
 8311816 1349660    0.00024   75   60    0.00140    0.00021  85.3%  27.7 2570s
 8332403 1352209    0.00084   55   43    0.00140    0.00021  85.3%  27.8 2575s
 8345001 1354093 infeasible   71         0.00140    0.00021  85.3%  27.8 2580s
 8363093 1356508     cutoff   69         0.00140    0.00021  85.3%  27.8 2585s
 8379016 1358477     cutoff   64         0.00140    0.00021  85.3%  27.8 2590s
 8394670 1360017 infeasible   72         0.00140    0.00021  85.3%  27.8 2595s
 8410215 1362471     cutoff   65         0.00140    0.00021  85.3%  27.8 2600s
 8428252 1365370    0.00021   70   41    0.00140    0.00021  85.3%  27.8 2605s
 8443614 1367324    0.00021   55   58    0.00140    0.00021  85.3%  27.8 2610s
 8461232 1369643 infeasible   68         0.00140    0.00021  85.3%  27.8 2615s
 8477423 1371745 infeasible   67         0.00140    0.00021  85.3%  27.8 2620s
 8492529 1373770 infeasible   65         0.00140    0.00021  85.3%  27.8 2625s
 8510651 1376205 infeasible   61         0.00140    0.00021  85.3%  27.8 2630s
 8526670 1377717 infeasible   62         0.00140    0.00021  85.3%  27.8 2635s
 8538849 1379035    0.00029   64   59    0.00140    0.00021  85.3%  27.8 2640s
 8554451 1380793 infeasible   73         0.00140    0.00021  85.3%  27.8 2645s
 8570738 1382409 infeasible   51         0.00140    0.00021  85.3%  27.8 2650s
 8587033 1384394    0.00125   56   39    0.00140    0.00021  85.3%  27.8 2655s
 8601890 1387070    0.00021   72   54    0.00140    0.00021  85.3%  27.8 2660s
 8618446 1388585    0.00021   56   45    0.00140    0.00021  85.3%  27.8 2665s
 8634452 1390902    0.00085   65   45    0.00140    0.00021  85.3%  27.8 2670s
 8652758 1392844     cutoff   75         0.00140    0.00021  85.3%  27.8 2675s
 8666797 1394366 infeasible   67         0.00140    0.00021  85.3%  27.8 2680s
 8679987 1395778 infeasible   58         0.00140    0.00021  85.3%  27.8 2685s
 8693879 1397165 infeasible   57         0.00140    0.00021  85.3%  27.8 2690s
 8710729 1399323     cutoff   70         0.00140    0.00021  85.3%  27.8 2695s
 8726290 1400955    0.00084   72   36    0.00140    0.00021  85.3%  27.8 2700s
 8739608 1402647 infeasible   67         0.00140    0.00021  85.3%  27.8 2705s
 8758246 1405145     cutoff   77         0.00140    0.00021  85.3%  27.8 2710s
 8773618 1406640 infeasible   69         0.00140    0.00021  85.3%  27.8 2716s
 8788895 1408472    0.00066   69   41    0.00140    0.00021  85.3%  27.8 2720s
 8801158 1409919    0.00040   68   55    0.00140    0.00021  85.3%  27.8 2725s
 8818440 1411553    0.00027   68   51    0.00140    0.00021  85.3%  27.8 2730s
 8835370 1413323     cutoff   60         0.00140    0.00021  85.3%  27.8 2735s
 8849014 1414537     cutoff   77         0.00140    0.00021  85.3%  27.8 2740s
 8865592 1415937 infeasible   69         0.00140    0.00021  85.3%  27.8 2745s
 8880724 1417430     cutoff   84         0.00140    0.00021  85.3%  27.8 2750s
 8898558 1419526    0.00086   72   31    0.00140    0.00021  85.3%  27.8 2755s
 8913060 1421704    0.00026   70   55    0.00140    0.00021  85.3%  27.8 2760s
 8930034 1424103     cutoff   65         0.00140    0.00021  85.3%  27.8 2765s
 8947386 1427107 infeasible   84         0.00140    0.00021  85.3%  27.8 2770s
 8962368 1429872     cutoff   50         0.00140    0.00021  85.3%  27.8 2775s
 8977888 1432485 infeasible   71         0.00140    0.00021  85.3%  27.8 2780s
 8994938 1434500    0.00021   70   53    0.00140    0.00021  85.3%  27.8 2785s
 9011954 1437256     cutoff   70         0.00140    0.00021  85.3%  27.8 2790s
 9031039 1439859    0.00021   64   46    0.00140    0.00021  85.3%  27.8 2795s
 9048000 1441932    0.00039   61   58    0.00140    0.00021  85.3%  27.8 2800s
 9064916 1444133    0.00021   48   51    0.00140    0.00021  85.3%  27.8 2805s
 9078242 1445843    0.00086   67   41    0.00140    0.00021  85.3%  27.8 2810s
 9096972 1447699    0.00025   77   56    0.00140    0.00021  85.3%  27.8 2815s
 9108116 1449256    0.00084   66   51    0.00140    0.00021  85.3%  27.8 2820s
 9124984 1450079     cutoff   53         0.00140    0.00021  85.3%  27.8 2825s
 9140367 1451788    0.00021   53   52    0.00140    0.00021  85.3%  27.8 2830s
 9156627 1453695    0.00085   59   26    0.00140    0.00021  85.3%  27.8 2835s
 9172541 1455808    0.00039   85   53    0.00140    0.00021  85.3%  27.8 2840s
 9185623 1458147     cutoff   79         0.00140    0.00021  85.3%  27.8 2845s
 9204186 1462054    0.00021   57   49    0.00140    0.00021  85.3%  27.8 2850s
 9221168 1464983 infeasible   55         0.00140    0.00021  85.3%  27.8 2855s
 9238193 1468623    0.00043   69   53    0.00140    0.00021  85.3%  27.8 2860s
 9256014 1471079 infeasible   66         0.00140    0.00021  85.3%  27.8 2865s
 9270221 1472963    0.00038   66   52    0.00140    0.00021  85.3%  27.8 2870s
 9289488 1475467    0.00021   61   43    0.00140    0.00021  85.3%  27.7 2875s
 9306063 1478293    0.00061   64   50    0.00140    0.00021  85.3%  27.7 2880s
 9321958 1480711    0.00021   53   59    0.00140    0.00021  85.3%  27.7 2885s
 9336918 1482451     cutoff   68         0.00140    0.00021  85.3%  27.7 2890s
 9354614 1484677    0.00085   70   59    0.00140    0.00021  85.3%  27.7 2895s
 9370318 1486279     cutoff   60         0.00140    0.00021  85.3%  27.7 2900s
 9386275 1488025    0.00073   62   45    0.00140    0.00021  85.3%  27.7 2905s
 9400696 1490699     cutoff   71         0.00140    0.00021  85.3%  27.7 2910s
 9421656 1493669    0.00021   70   43    0.00140    0.00021  85.3%  27.7 2915s
 9435014 1495619    0.00022   62   50    0.00140    0.00021  85.3%  27.7 2920s
 9451549 1497071 infeasible   65         0.00140    0.00021  85.3%  27.7 2925s
 9469453 1498494    0.00024   69   54    0.00140    0.00021  85.3%  27.7 2930s
 9483728 1500300     cutoff   77         0.00140    0.00021  85.3%  27.7 2935s
 9497351 1502425 infeasible   72         0.00140    0.00021  85.3%  27.7 2940s
 9513710 1505176    0.00055   68   49    0.00140    0.00021  85.3%  27.7 2945s
 9528674 1506928     cutoff   70         0.00140    0.00021  85.3%  27.7 2950s
 9546764 1509050 infeasible   71         0.00140    0.00021  85.3%  27.7 2955s
 9561282 1510983    0.00081   69   54    0.00140    0.00021  85.3%  27.7 2960s
 9578031 1512675    0.00079   77   42    0.00140    0.00021  85.3%  27.7 2965s
 9591453 1514164    0.00021   59   44    0.00140    0.00021  85.3%  27.7 2970s
 9606049 1515998     cutoff   61         0.00140    0.00021  85.3%  27.7 2975s
 9624269 1517901 infeasible   68         0.00140    0.00021  85.3%  27.7 2980s
 9639888 1519701    0.00036   77   47    0.00140    0.00021  85.3%  27.8 2985s
 9658414 1523231     cutoff   67         0.00140    0.00021  85.3%  27.7 2990s
 9676206 1525084     cutoff   77         0.00140    0.00021  85.3%  27.8 2995s
 9687727 1526569 infeasible   65         0.00140    0.00021  85.3%  27.8 3000s
 9702226 1527836    0.00021   51   61    0.00140    0.00021  85.3%  27.8 3005s
 9718302 1529868     cutoff   71         0.00140    0.00021  85.3%  27.8 3010s
 9732991 1531447    0.00023   73   49    0.00140    0.00021  85.3%  27.8 3015s
 9749261 1533112     cutoff   58         0.00140    0.00021  85.3%  27.8 3020s
 9764526 1534792    0.00109   81   49    0.00140    0.00021  85.3%  27.8 3025s
 9780767 1536318    0.00021   87   54    0.00140    0.00021  85.3%  27.8 3030s
 9797269 1538400    0.00047   70   42    0.00140    0.00021  85.3%  27.8 3035s
 9814833 1539988     cutoff   62         0.00140    0.00021  85.3%  27.8 3040s
 9829539 1541595     cutoff   82         0.00140    0.00021  85.3%  27.8 3045s
 9843717 1543420    0.00027   68   46    0.00140    0.00021  85.3%  27.8 3050s
 9858993 1546366    0.00021   73   51    0.00140    0.00021  85.3%  27.8 3055s
 9879246 1549701    0.00021   64   51    0.00140    0.00021  85.3%  27.8 3060s
 9893712 1551707 infeasible   58         0.00140    0.00021  85.3%  27.8 3065s
 9910927 1553157 infeasible   65         0.00140    0.00021  85.3%  27.8 3070s
 9927763 1555331 infeasible   68         0.00140    0.00021  85.3%  27.8 3075s
 9942600 1557133    0.00039   71   41    0.00140    0.00021  85.3%  27.8 3080s
 9959957 1559034     cutoff   69         0.00140    0.00021  85.3%  27.8 3085s
 9976171 1561975    0.00021   78   43    0.00140    0.00021  85.3%  27.8 3090s
 9994211 1565069 infeasible   86         0.00140    0.00021  85.3%  27.8 3095s
 10011695 1567849     cutoff   93         0.00140    0.00021  85.3%  27.8 3100s
 10027663 1569618    0.00039   72   46    0.00140    0.00021  85.3%  27.8 3105s
 10043812 1571227     cutoff   72         0.00140    0.00021  85.3%  27.8 3110s
 10062366 1573872     cutoff   66         0.00140    0.00021  85.3%  27.8 3115s
 10076549 1575703    0.00021   64   38    0.00140    0.00021  85.3%  27.8 3120s
 10091718 1577972    0.00021   59   53    0.00140    0.00021  85.3%  27.8 3125s
 10108622 1580464 infeasible   71         0.00140    0.00021  85.3%  27.8 3130s
 10125576 1585412 infeasible   57         0.00140    0.00021  85.3%  27.8 3135s
 10147552 1591909     cutoff   65         0.00140    0.00021  85.3%  27.8 3140s
 10168419 1597243     cutoff   66         0.00140    0.00021  85.3%  27.8 3145s
 10190885 1602842    0.00052   73   45    0.00140    0.00021  85.3%  27.8 3150s
 10211864 1607279     cutoff   61         0.00140    0.00021  85.3%  27.8 3155s
 10232965 1612633    0.00021   51   49    0.00140    0.00021  85.3%  27.8 3160s
 10252585 1617963    0.00021   53   63    0.00140    0.00021  85.3%  27.8 3165s
 10271837 1623578    0.00022   67   59    0.00140    0.00021  85.3%  27.8 3170s
 10293315 1628769 infeasible   75         0.00140    0.00021  85.3%  27.8 3175s
 10311182 1632123    0.00021   64   67    0.00140    0.00021  85.3%  27.8 3180s
 10331011 1635305 infeasible   60         0.00140    0.00021  85.3%  27.8 3185s
 10352318 1639701    0.00021   70   60    0.00140    0.00021  85.3%  27.8 3190s
 10371711 1643176 infeasible   72         0.00140    0.00021  85.3%  27.8 3195s
 10391315 1644472    0.00075   61   43    0.00140    0.00021  85.3%  27.8 3200s
 10408622 1645381 infeasible   63         0.00140    0.00021  85.3%  27.8 3205s
 10429155 1648936    0.00084   69   41    0.00140    0.00021  85.3%  27.8 3210s
 10445928 1650560     cutoff   68         0.00140    0.00021  85.3%  27.8 3215s
 10464913 1652015 infeasible   72         0.00140    0.00021  85.3%  27.8 3220s
 10484306 1653746 infeasible   70         0.00140    0.00021  85.3%  27.8 3225s
 10501055 1658234    0.00021   51   48    0.00140    0.00021  85.3%  27.8 3230s
 10517127 1663149     cutoff   54         0.00140    0.00021  85.3%  27.8 3235s
 10535771 1667456    0.00021   68   57    0.00140    0.00021  85.3%  27.8 3240s
 10549800 1670912    0.00021   62   48    0.00140    0.00021  85.3%  27.8 3245s
 10569962 1676046 infeasible   77         0.00140    0.00021  85.3%  27.8 3250s
 10586188 1679728    0.00021   64   52    0.00140    0.00021  85.3%  27.8 3255s
 10604445 1683344    0.00021   60   55    0.00140    0.00021  85.3%  27.8 3260s
 10619475 1685068    0.00128   79   45    0.00140    0.00021  85.3%  27.8 3265s
 10635742 1686808     cutoff   77         0.00140    0.00021  85.3%  27.8 3270s
 10653773 1689292    0.00021   79   52    0.00140    0.00021  85.3%  27.8 3275s
 10669132 1689194    0.00021   70   49    0.00140    0.00021  85.3%  27.8 3280s
 10686587 1689550    0.00021   71   48    0.00140    0.00021  85.3%  27.8 3285s
 10701245 1690029    0.00021   59   46    0.00140    0.00021  85.3%  27.8 3290s
 10719424 1690492    0.00108   71   37    0.00140    0.00021  85.3%  27.8 3295s
 10735701 1690597     cutoff   56         0.00140    0.00021  85.3%  27.8 3300s
 10756388 1694673 infeasible   75         0.00140    0.00021  85.3%  27.8 3305s
 10771372 1698671 infeasible   76         0.00140    0.00021  85.3%  27.8 3310s
 10792032 1702396    0.00059   72   48    0.00140    0.00021  85.3%  27.8 3315s
 10806446 1703466     cutoff   77         0.00140    0.00021  85.3%  27.8 3320s
 10823841 1704247 infeasible   62         0.00140    0.00021  85.3%  27.8 3325s
 10840229 1704605    0.00021   71   55    0.00140    0.00021  85.3%  27.8 3330s
 10858512 1704613    0.00025   75   52    0.00140    0.00021  85.3%  27.8 3335s
 10876367 1705900     cutoff   63         0.00140    0.00021  85.3%  27.8 3340s
 10892082 1706507    0.00021   75   52    0.00140    0.00021  85.3%  27.8 3345s
 10911089 1707828    0.00021   63   61    0.00140    0.00021  85.3%  27.8 3350s
 10928254 1710122    0.00021   70   58    0.00140    0.00021  85.3%  27.8 3355s
 10946369 1712160     cutoff   78         0.00140    0.00021  85.3%  27.8 3360s
 10963142 1714552     cutoff   78         0.00140    0.00021  85.3%  27.8 3365s
 10982847 1716238     cutoff   73         0.00140    0.00021  85.3%  27.8 3370s
 11000322 1718328    0.00021   54   60    0.00140    0.00021  85.3%  27.8 3375s
 11017400 1720591    0.00057   77   43    0.00140    0.00021  85.3%  27.8 3380s
 11029892 1723797     cutoff   60         0.00140    0.00021  85.3%  27.8 3385s
 11042074 1727286    0.00092   78   36    0.00140    0.00021  85.3%  27.8 3390s
H11043096 1699538                       0.0011424    0.00021  82.0%  27.8 3391s
H11044860 1699719                       0.0011424    0.00021  82.0%  27.8 3391s
H11045033 1626879                       0.0009089    0.00021  77.4%  27.8 3392s
H11047270 1627452                       0.0009087    0.00021  77.4%  27.8 3392s
H11047282 1627370                       0.0009085    0.00021  77.3%  27.8 3392s
H11048260 1627364                       0.0009085    0.00021  77.3%  27.8 3393s
H11048263 1627356                       0.0009085    0.00021  77.3%  27.8 3394s
*11049688 1574722              98       0.0008536    0.00021  75.9%  27.8 3394s
 11049691 1575091 infeasible   64         0.00085    0.00021  75.9%  27.8 3395s
H11049793 1575088                       0.0008536    0.00021  75.9%  27.8 3395s
H11054587 1576044                       0.0008536    0.00021  75.9%  27.8 3397s
*11056518 1528213              94       0.0008377    0.00021  75.4%  27.8 3398s
*11056521 1528129              94       0.0008377    0.00021  75.4%  27.8 3399s
*11056525 1527955              94       0.0008377    0.00021  75.4%  27.8 3399s
*11056528 1527806              94       0.0008377    0.00021  75.4%  27.8 3399s
 11058425 1528811    0.00084   55   64    0.00084    0.00021  75.4%  27.8 3400s
H11058506 1528809                       0.0008377    0.00021  75.4%  27.8 3400s
H11060443 1528888                       0.0008376    0.00021  75.4%  27.8 3401s
H11063761 1529624                       0.0008376    0.00021  75.4%  27.8 3402s
H11066173 1529983                       0.0008376    0.00021  75.4%  27.8 3404s
 11066210 1530418     cutoff   62         0.00084    0.00021  75.4%  27.8 3405s
H11077527 1532009                       0.0008376    0.00021  75.4%  27.8 3410s
*11083815 1521597             100       0.0008364    0.00021  75.4%  27.8 3413s
H11083825 1521579                       0.0008364    0.00021  75.4%  27.8 3413s
H11083828 1521573                       0.0008364    0.00021  75.4%  27.8 3413s
H11083832 1521547                       0.0008364    0.00021  75.4%  27.8 3413s
H11086309 1521955                       0.0008364    0.00021  75.4%  27.8 3414s
 11089269 1522561     cutoff   80         0.00084    0.00021  75.4%  27.8 3415s
H11090856 1522549                       0.0008364    0.00021  75.4%  27.8 3416s
H11090869 1522549                       0.0008364    0.00021  75.4%  27.8 3416s
 11099272 1523406 infeasible   73         0.00084    0.00021  75.4%  27.8 3420s
H11110399 1525270                       0.0008364    0.00021  75.4%  27.8 3424s
 11110590 1525748    0.00021   60   53    0.00084    0.00021  75.4%  27.8 3425s
H11111452 1525746                       0.0008364    0.00021  75.4%  27.8 3425s
H11118387 1527629                       0.0008364    0.00021  75.4%  27.8 3428s
 11122256 1528091 infeasible   82         0.00084    0.00021  75.4%  27.8 3430s
H11122264 1528084                       0.0008364    0.00021  75.4%  27.8 3430s
 11134093 1531079    0.00021   77   49    0.00084    0.00021  75.4%  27.8 3435s
 11145679 1534544 infeasible   75         0.00084    0.00021  75.4%  27.8 3440s
 11156843 1537779    0.00021   68   58    0.00084    0.00021  75.4%  27.8 3445s
 11166006 1540221    0.00021   52   53    0.00084    0.00021  75.4%  27.8 3450s
 11178194 1542259     cutoff   49         0.00084    0.00021  75.4%  27.8 3455s
 11190149 1544909    0.00032   62   64    0.00084    0.00021  75.4%  27.8 3460s
 11200849 1547477     cutoff   63         0.00084    0.00021  75.4%  27.8 3465s
 11212880 1549815    0.00021   57   59    0.00084    0.00021  75.4%  27.8 3470s
 11223908 1551875    0.00021   50   70    0.00084    0.00021  75.4%  27.8 3475s
 11239044 1555636    0.00044   79   43    0.00084    0.00021  75.4%  27.8 3480s
 11251497 1557734    0.00021   61   46    0.00084    0.00021  75.4%  27.8 3485s
 11265561 1560254    0.00022   73   54    0.00084    0.00021  75.4%  27.8 3490s
 11280407 1562465 infeasible   83         0.00084    0.00021  75.4%  27.8 3495s
 11297173 1565393    0.00021   67   49    0.00084    0.00021  75.4%  27.8 3500s
 11315552 1568476    0.00055   72   58    0.00084    0.00021  75.4%  27.8 3505s
 11333173 1571793    0.00021   78   55    0.00084    0.00021  75.4%  27.8 3510s
 11351159 1575267 infeasible   87         0.00084    0.00021  75.4%  27.8 3515s
H11355165 1379746                       0.0008157    0.00021  74.8%  27.8 3516s
 11365324 1381079    0.00025   76   55    0.00082    0.00021  74.8%  27.8 3520s
 11381963 1383300 infeasible   72         0.00082    0.00021  74.8%  27.8 3525s
 11399845 1385560    0.00021   63   45    0.00082    0.00021  74.8%  27.8 3530s
 11416077 1388220     cutoff   86         0.00082    0.00021  74.8%  27.8 3535s
 11432423 1391672    0.00045   75   45    0.00082    0.00021  74.8%  27.8 3540s
 11450065 1394271 infeasible   81         0.00082    0.00021  74.8%  27.8 3545s
 11466427 1396690    0.00021   56   52    0.00082    0.00021  74.8%  27.8 3550s
 11483512 1398081    0.00021   53   52    0.00082    0.00021  74.8%  27.8 3555s
 11498351 1399492 infeasible   81         0.00082    0.00021  74.8%  27.8 3560s
 11516858 1402184     cutoff   66         0.00082    0.00021  74.8%  27.8 3565s
 11533473 1403783    0.00046   75   56    0.00082    0.00021  74.8%  27.8 3570s
H11534600 1400798                       0.0008102    0.00021  74.6%  27.8 3570s
H11549041 1402376                       0.0008101    0.00021  74.6%  27.8 3574s
 11549050 1402484    0.00046   71   60    0.00081    0.00021  74.6%  27.8 3575s
H11554904 1403499                       0.0008101    0.00021  74.6%  27.8 3577s
 11566676 1404255    0.00023   78   41    0.00081    0.00021  74.6%  27.8 3580s
 11583547 1406333    0.00029   48   58    0.00081    0.00021  74.6%  27.8 3585s
 11599846 1411472     cutoff   85         0.00081    0.00021  74.6%  27.8 3590s
 11618142 1415810    0.00022   73   62    0.00081    0.00021  74.6%  27.8 3595s
 11634121 1419439    0.00021   66   54    0.00081    0.00021  74.6%  27.8 3600s

Cutting planes:
  Gomory: 9
  Cover: 6
  Implied bound: 22
  Clique: 8
  MIR: 10
  Flow cover: 22
  RLT: 29
  Relax-and-lift: 25
  PSD: 1

Explored 11635113 nodes (323158440 simplex iterations) in 3600.01 seconds (2015.92 work units)
Thread count was 12 (of 12 available processors)

Solution count 10: 0.000810148 0.000815734 0.000836406 ... 0.0008377

Time limit reached
Best objective 8.101478292646e-04, best bound 2.058065039989e-04, gap 74.5964%
