
Gurobi 11.0.2 (win64) logging started Tue Oct  1 15:31:12 2024

Set parameter LogFile to value ".\Experiments\Track_k_e_2\Logs\track_k_e_2_r2_c1.log"
Set parameter TimeLimit to value 3600
Gurobi Optimizer version 11.0.2 build v11.0.2rc0 (win64 - Windows 10.0 (19045.2))

CPU model: Intel(R) Core(TM) i7-10750H CPU @ 2.60GHz, instruction set [SSE2|AVX|AVX2]
Thread count: 6 physical cores, 12 logical processors, using up to 12 threads

Optimize a model with 298 rows, 462 columns and 1052 nonzeros
Model fingerprint: 0xc1c6de5a
Model has 6 quadratic objective terms
Model has 68 quadratic constraints
Model has 116 general constraints
Variable types: 458 continuous, 4 integer (4 binary)
Coefficient statistics:
  Matrix range     [9e-06, 1e+02]
  QMatrix range    [1e+00, 1e+00]
  QLMatrix range   [1e+00, 1e+00]
  Objective range  [1e-02, 2e-01]
  QObjective range [2e+00, 2e+00]
  Bounds range     [8e-05, 9e+01]
  RHS range        [8e-05, 1e+02]
  QRHS range       [1e-06, 1e-06]
Presolve added 68 rows and 0 columns
Presolve removed 0 rows and 95 columns
Presolve time: 0.03s
Presolved: 607 rows, 376 columns, 1695 nonzeros
Presolved model has 4 quadratic objective terms
Presolved model has 57 bilinear constraint(s)
Presolved model has 4 nonlinear constraint(s)
Warning: Model contains variables with very large bounds participating
         in nonlinear terms.
         Presolve was not able to compute smaller bounds for these variables.
         Consider bounding these variables or reformulating the model.


Solving non-convex MINLP

Variable types: 284 continuous, 92 integer (92 binary)

Root relaxation: objective 2.058065e-04, 477 iterations, 0.00 seconds (0.00 work units)

    Nodes    |    Current Node    |     Objective Bounds      |     Work
 Expl Unexpl |  Obj  Depth IntInf | Incumbent    BestBd   Gap | It/Node Time

     0     0    0.00021    0   58          -    0.00021      -     -    0s
     0     0    0.00021    0   79          -    0.00021      -     -    0s
     0     0    0.00021    0  104          -    0.00021      -     -    0s
     0     0    0.00021    0  105          -    0.00021      -     -    0s
     0     0    0.00021    0  100          -    0.00021      -     -    0s
     0     0    0.00021    0  100          -    0.00021      -     -    0s
     0     0    0.00021    0   93          -    0.00021      -     -    0s
     0     0    0.00021    0   68          -    0.00021      -     -    0s
     0     2    0.00021    0   68          -    0.00021      -     -    0s
 14971  3345    0.00024   45   32          -    0.00021      -  30.6    5s
 39046  7065    0.00021   65   33          -    0.00021      -  25.6   10s
*50902  3365              84       0.0008980    0.00021  77.1%  24.5   12s
*50903  3365              84       0.0008979    0.00021  77.1%  24.5   12s
H51053  2836                       0.0008359    0.00021  75.4%  24.5   12s
H52410  2889                       0.0008358    0.00021  75.4%  24.3   13s
H53564  3059                       0.0008358    0.00021  75.4%  24.1   14s
 56186  3290     cutoff   47         0.00084    0.00021  75.4%  23.8   15s
H57402  3290                       0.0008358    0.00021  75.4%  23.7   15s
H62953  3561                       0.0008358    0.00021  75.4%  23.1   17s
H62988  3561                       0.0008358    0.00021  75.4%  23.1   17s
H65099  3737                       0.0008358    0.00021  75.4%  22.9   18s
H68780  4223                       0.0008354    0.00021  75.4%  22.8   19s
 69105  4384     cutoff   44         0.00084    0.00021  75.4%  22.8   20s
H70708  4486                       0.0008352    0.00021  75.4%  22.6   20s
H71657  4485                       0.0008352    0.00021  75.4%  22.5   20s
H74898  4846                       0.0008352    0.00021  75.4%  22.2   21s
H76001  4849                       0.0008352    0.00021  75.4%  22.1   22s
H82641  5439                       0.0008352    0.00021  75.4%  21.8   24s
 82740  5445     cutoff   63         0.00084    0.00021  75.4%  21.8   25s
 100307  6258     cutoff   63         0.00084    0.00021  75.4%  21.9   30s
H101475  6261                       0.0008352    0.00021  75.4%  21.9   31s
 119503  7102    0.00021   37   50    0.00084    0.00021  75.1%  21.6   35s
 137178  7610     cutoff   57         0.00084    0.00021  75.1%  21.1   40s
 153830  8045     cutoff   42         0.00084    0.00021  75.1%  20.9   45s
 176488  8865 infeasible   57         0.00084    0.00021  75.1%  20.2   50s
 193833  9585    0.00021   45   38    0.00084    0.00021  75.1%  20.0   55s
 214162 10360 infeasible   35         0.00084    0.00021  75.1%  19.9   60s
 230627 10675     cutoff   45         0.00084    0.00021  75.1%  19.7   65s
 247975 10076    0.00066   57   40    0.00084    0.00021  74.5%  19.3   70s
 269593 10736    0.00022   50   36    0.00084    0.00022  74.2%  19.3   75s
 295557 11236     cutoff   45         0.00084    0.00022  74.2%  19.0   80s
H312682 11651                       0.0008352    0.00022  74.2%  18.8   83s
 322185 11850    0.00022   52   38    0.00084    0.00022  74.2%  18.7   85s
 348646 12530     cutoff   59         0.00084    0.00022  74.2%  18.5   90s
H364263 12065                       0.0008352    0.00022  74.2%  18.2   92s
 374534 11303    0.00027   45   29    0.00084    0.00024  71.4%  18.2   95s
 396967 11874    0.00025   41   32    0.00084    0.00025  70.6%  18.3  100s
 420515 12435    0.00025   43   31    0.00084    0.00025  70.6%  18.3  105s
 433665 12160    0.00026   46   36    0.00084    0.00025  70.6%  18.4  110s
 447269 10968 infeasible   49         0.00084    0.00028  65.9%  18.3  115s
 463938 11318    0.00050   48   29    0.00084    0.00028  65.9%  18.4  120s
 471548 11365     cutoff   53         0.00084    0.00028  65.9%  18.4 1049s
 474279 11426     cutoff   53         0.00084    0.00028  65.9%  18.4 1050s
 479668 11426    0.00028   34   40    0.00084    0.00028  65.9%  18.4 1055s
 493887 11337    0.00028   52   30    0.00084    0.00028  65.9%  18.3 1060s
 515848  9648    0.00035   43   32    0.00084    0.00035  58.4%  18.1 1065s
 537333  9557    0.00040   39   45    0.00084    0.00040  52.5%  18.2 1070s
 561264  9730    0.00040   43   29    0.00084    0.00040  52.5%  18.2 1075s
 584861  8143    0.00052   45   28    0.00084    0.00050  39.7%  18.1 1080s
 608211  5585     cutoff   65         0.00084    0.00065  22.1%  18.1 1085s
 635990  3500    0.00081   77   38    0.00084    0.00077  8.24%  18.0 1090s
 659591  2055    0.00083   50   25    0.00084    0.00083  0.88%  17.9 1095s
 682438   930 infeasible   61         0.00084    0.00084  0.02%  18.1 1100s

Cutting planes:
  Gomory: 3
  Cover: 22
  Implied bound: 17
  Clique: 7
  MIR: 14
  StrongCG: 1
  Flow cover: 39
  RLT: 8
  Relax-and-lift: 12

Explored 693178 nodes (12568820 simplex iterations) in 1102.30 seconds (79.73 work units)
Thread count was 12 (of 12 available processors)

Solution count 10: 0.00083522 0.000835222 0.000835223 ... 0.000835806

Optimal solution found (tolerance 1.00e-04)
Best objective 8.352204757620e-04, best bound 8.352204757620e-04, gap 0.0000%

Gurobi 11.0.2 (win64) logging started Wed Oct  2 15:26:03 2024

Set parameter LogFile to value ".\Experiments\Track_k_e_2\Logs\Track_k_e_2_r2_c1.log"
Set parameter TimeLimit to value 3600
Gurobi Optimizer version 11.0.2 build v11.0.2rc0 (win64 - Windows 10.0 (19045.2))

CPU model: Intel(R) Core(TM) i7-10750H CPU @ 2.60GHz, instruction set [SSE2|AVX|AVX2]
Thread count: 6 physical cores, 12 logical processors, using up to 12 threads

Optimize a model with 304 rows, 462 columns and 1058 nonzeros
Model fingerprint: 0xef21d6fb
Model has 6 quadratic objective terms
Model has 68 quadratic constraints
Model has 116 general constraints
Variable types: 458 continuous, 4 integer (4 binary)
Coefficient statistics:
  Matrix range     [9e-06, 1e+02]
  QMatrix range    [1e+00, 1e+00]
  QLMatrix range   [1e+00, 1e+00]
  Objective range  [1e-02, 2e-01]
  QObjective range [2e+00, 2e+00]
  Bounds range     [8e-05, 9e+01]
  RHS range        [8e-05, 1e+02]
  QRHS range       [1e-06, 1e-06]
Presolve added 63 rows and 0 columns
Presolve removed 0 rows and 100 columns
Presolve time: 0.01s
Presolved: 605 rows, 371 columns, 1676 nonzeros
Presolved model has 56 bilinear constraint(s)
Presolved model has 4 nonlinear constraint(s)
Warning: Model contains variables with very large bounds participating
         in nonlinear terms.
         Presolve was not able to compute smaller bounds for these variables.
         Consider bounding these variables or reformulating the model.


Solving non-convex MINLP

Variable types: 279 continuous, 92 integer (92 binary)

Root relaxation: objective 5.064736e-04, 203 iterations, 0.00 seconds (0.00 work units)

    Nodes    |    Current Node    |     Objective Bounds      |     Work
 Expl Unexpl |  Obj  Depth IntInf | Incumbent    BestBd   Gap | It/Node Time

     0     0    0.00051    0   47          -    0.00051      -     -    0s
     0     0    0.00051    0   45          -    0.00051      -     -    0s
     0     0    0.00051    0   45          -    0.00051      -     -    0s
     0     0    0.00051    0   45          -    0.00051      -     -    0s
     0     0    0.00051    0   44          -    0.00051      -     -    0s
     0     0    0.00051    0   44          -    0.00051      -     -    0s
     0     0    0.00051    0   35          -    0.00051      -     -    0s
     0     2    0.00051    0   35          -    0.00051      -     -    0s
* 5189   256              42       0.0005065    0.00051  0.00%  17.9    1s

Explored 5189 nodes (93538 simplex iterations) in 1.31 seconds (1.14 work units)
Thread count was 12 (of 12 available processors)

Solution count 1: 0.000506474 

Optimal solution found (tolerance 1.00e-04)
Best objective 5.064735850106e-04, best bound 5.064735850106e-04, gap 0.0000%

Gurobi 11.0.2 (win64) logging started Wed Oct  2 15:28:34 2024

Set parameter LogFile to value ".\Experiments\Track_k_e_2\Logs\Track_k_e_2_r2_c1.log"
Set parameter TimeLimit to value 3600
Gurobi Optimizer version 11.0.2 build v11.0.2rc0 (win64 - Windows 10.0 (19045.2))

CPU model: Intel(R) Core(TM) i7-10750H CPU @ 2.60GHz, instruction set [SSE2|AVX|AVX2]
Thread count: 6 physical cores, 12 logical processors, using up to 12 threads

Optimize a model with 298 rows, 462 columns and 1052 nonzeros
Model fingerprint: 0xb105e637
Model has 6 quadratic objective terms
Model has 68 quadratic constraints
Model has 116 general constraints
Variable types: 458 continuous, 4 integer (4 binary)
Coefficient statistics:
  Matrix range     [9e-06, 1e+02]
  QMatrix range    [1e+00, 1e+00]
  QLMatrix range   [1e+00, 1e+00]
  Objective range  [1e-02, 2e-01]
  QObjective range [2e+00, 2e+00]
  Bounds range     [8e-05, 9e+01]
  RHS range        [8e-05, 1e+02]
  QRHS range       [1e-06, 1e-06]
Presolve added 68 rows and 0 columns
Presolve removed 0 rows and 95 columns
Presolve time: 0.01s
Presolved: 607 rows, 376 columns, 1697 nonzeros
Presolved model has 4 quadratic objective terms
Presolved model has 57 bilinear constraint(s)
Presolved model has 4 nonlinear constraint(s)
Warning: Model contains variables with very large bounds participating
         in nonlinear terms.
         Presolve was not able to compute smaller bounds for these variables.
         Consider bounding these variables or reformulating the model.


Solving non-convex MINLP

Variable types: 284 continuous, 92 integer (92 binary)

Root relaxation: objective 2.058065e-04, 457 iterations, 0.00 seconds (0.00 work units)

    Nodes    |    Current Node    |     Objective Bounds      |     Work
 Expl Unexpl |  Obj  Depth IntInf | Incumbent    BestBd   Gap | It/Node Time

     0     0    0.00021    0   56          -    0.00021      -     -    0s
     0     0    0.00021    0   56          -    0.00021      -     -    0s
     0     0    0.00021    0   71          -    0.00021      -     -    0s
     0     0    0.00021    0   71          -    0.00021      -     -    0s
     0     0    0.00021    0  105          -    0.00021      -     -    0s
     0     0    0.00021    0  106          -    0.00021      -     -    0s
     0     0    0.00021    0  100          -    0.00021      -     -    0s
     0     0    0.00021    0   64          -    0.00021      -     -    0s
     0     2    0.00021    0   64          -    0.00021      -     -    0s
 11930  3271    0.00021   37   30          -    0.00021      -  30.2    5s
 32268  6134 infeasible   38               -    0.00021      -  27.4   10s
 50443  8735    0.00039   52   29          -    0.00021      -  27.0   15s
 67563 11573 infeasible   41               -    0.00021      -  27.5   20s
 83891 14492    0.00021   50   36          -    0.00021      -  27.5   25s
 102146 17008 infeasible   36               -    0.00021      -  28.0   30s
 118269 19630    0.00031   40   29          -    0.00021      -  28.0   35s

Cutting planes:
  Gomory: 3
  Cover: 15
  Implied bound: 10
  Clique: 2
  MIR: 30
  StrongCG: 2
  Flow cover: 69
  Zero half: 2
  RLT: 9
  Relax-and-lift: 27

Explored 126942 nodes (3573272 simplex iterations) in 37.56 seconds (21.70 work units)
Thread count was 12 (of 12 available processors)

Solution count 0

Solve interrupted
Best objective -, best bound 2.058065039989e-04, gap -
