
Gurobi 11.0.2 (win64) logging started Tue Oct  1 21:53:31 2024

Set parameter LogFile to value ".\Experiments\Track_k_e_2\Logs\track_k_e_2_r2_c14.log"
Set parameter TimeLimit to value 3600
Gurobi Optimizer version 11.0.2 build v11.0.2rc0 (win64 - Windows 10.0 (19045.2))

CPU model: Intel(R) Core(TM) i7-10750H CPU @ 2.60GHz, instruction set [SSE2|AVX|AVX2]
Thread count: 6 physical cores, 12 logical processors, using up to 12 threads

Optimize a model with 248 rows, 462 columns and 920 nonzeros
Model fingerprint: 0x9276a23f
Model has 6 quadratic objective terms
Model has 68 quadratic constraints
Model has 116 general constraints
Variable types: 458 continuous, 4 integer (4 binary)
Coefficient statistics:
  Matrix range     [9e-06, 1e+02]
  QMatrix range    [1e+00, 1e+00]
  QLMatrix range   [1e+00, 1e+00]
  Objective range  [1e-02, 2e-01]
  QObjective range [2e+00, 2e+00]
  Bounds range     [8e-05, 3e+00]
  RHS range        [8e-05, 1e+02]
  QRHS range       [1e-06, 1e-06]
Presolve removed 28 rows and 9 columns
Presolve time: 0.00s
Presolved: 461 rows, 462 columns, 1265 nonzeros
Presolved model has 178 SOS constraint(s)
Presolved model has 4 quadratic objective terms
Presolved model has 57 bilinear constraint(s)
Presolved model has 4 nonlinear constraint(s)
Warning: Model contains variables with very large bounds participating
         in nonlinear terms.
         Presolve was not able to compute smaller bounds for these variables.
         Consider bounding these variables or reformulating the model.


Solving non-convex MINLP

Variable types: 284 continuous, 178 integer (178 binary)

Root relaxation: objective 2.058065e-04, 457 iterations, 0.00 seconds (0.00 work units)

    Nodes    |    Current Node    |     Objective Bounds      |     Work
 Expl Unexpl |  Obj  Depth IntInf | Incumbent    BestBd   Gap | It/Node Time

     0     0    0.00021    0  103          -    0.00021      -     -    0s
     0     0    0.00021    0  119          -    0.00021      -     -    0s
     0     0    0.00021    0  119          -    0.00021      -     -    0s
     0     0    0.00021    0  119          -    0.00021      -     -    0s
     0     0    0.00021    0  121          -    0.00021      -     -    0s
     0     2    0.00021    0  121          -    0.00021      -     -    0s
 63394 12549    0.00058  159   25          -    0.00021      -   4.0    5s
 132317 22858    0.89806 1509   31          -    0.00021      -   4.2   10s
 200604 44463    0.89806 4226   31          -    0.00021      -   5.3   15s
 279581 70436    0.00804 3468   17          -    0.00021      -   5.6   20s
 351784 87914    0.00729  225   20          -    0.00021      -   5.8   25s
 423381 105696    0.00511  106   24          -    0.00021      -   6.6   30s
 506485 125190    0.00084  142   27          -    0.00021      -   6.6   35s
 577945 147468 infeasible  205               -    0.00021      -   6.7   40s
 646753 166045    0.00084  211   27          -    0.00021      -   6.9   45s
 722764 184287 infeasible  162               -    0.00021      -   7.0   50s
 794861 200531    0.00729  324   11          -    0.00021      -   6.9   55s
 861092 221469    0.00729  189   10          -    0.00021      -   6.9   60s
 930406 245873    0.00021  189   36          -    0.00021      -   7.0   65s
 995848 267746    0.00084  176   30          -    0.00021      -   7.1   70s
 1063373 290695 infeasible  108               -    0.00021      -   7.1   75s
 1141264 306457    0.00021  167   23          -    0.00021      -   7.0   80s
 1209994 321611 infeasible  184               -    0.00021      -   7.0   85s
 1274646 343155    0.00084  227   21          -    0.00021      -   7.1   90s
 1339840 375633    0.00084  246   21          -    0.00021      -   7.3   95s
 1400738 398831    0.00729  237   11          -    0.00021      -   7.5  100s
 1472296 414771    0.00084  173   28          -    0.00021      -   7.5  105s
 1555826 429852    0.00084  188   23          -    0.00021      -   7.4  110s
 1631333 444479 infeasible  196               -    0.00021      -   7.4  115s
 1702133 459211 infeasible  164               -    0.00021      -   7.3  120s
 1788473 476577    0.00021  182   29          -    0.00021      -   7.2  125s
 1873959 488590 infeasible  180               -    0.00021      -   7.1  130s
 1954796 501581    0.00021  168   28          -    0.00021      -   7.1  135s
 2026105 523546    0.00021  168   36          -    0.00021      -   7.1  140s
 2094210 540790 infeasible  135               -    0.00021      -   7.1  145s
 2158697 557455    0.00084  140   26          -    0.00021      -   7.1  150s
 2232914 576402    0.00021  156   35          -    0.00021      -   7.1  155s
 2304298 594151 infeasible  133               -    0.00021      -   7.1  160s
 2377721 612849 infeasible  154               -    0.00021      -   7.1  165s
 2446888 630642    0.00121  195   12          -    0.00021      -   7.1  170s
 2522637 648552 infeasible  201               -    0.00021      -   7.0  175s
 2593603 666063    0.00121  299   18          -    0.00021      -   7.0  180s
 2664384 684358    0.00084  174   27          -    0.00021      -   7.0  185s
 2731866 704648    0.00121  227   12          -    0.00021      -   7.0  190s
 2801140 721301 infeasible  198               -    0.00021      -   7.0  195s
 2867246 745377    0.00121  262   18          -    0.00021      -   7.0  200s
 2930453 771706 infeasible  222               -    0.00021      -   7.0  205s
 2991273 789496 infeasible  178               -    0.00021      -   7.1  210s
 3056016 805379    0.00021  170   28          -    0.00021      -   7.2  215s
 3131731 819863 infeasible  239               -    0.00021      -   7.2  220s
 3201523 835357    0.00573  220   26          -    0.00021      -   7.2  225s
 3271324 850516    0.00021  224   32          -    0.00021      -   7.3  230s
 3344541 866057    0.00804  263   15          -    0.00021      -   7.3  235s
 3420009 881881    0.00061  129   26          -    0.00021      -   7.4  240s
 3488935 898712    0.00084  151   22          -    0.00021      -   7.4  245s
 3560873 909913 infeasible  213               -    0.00021      -   7.4  250s
 3635683 920705    0.00084  215   17          -    0.00021      -   7.4  255s
 3712974 940284 infeasible  174               -    0.00021      -   7.4  260s
 3784707 958553    0.00021  261   25          -    0.00021      -   7.4  265s
 3860337 974769    0.00573  133   25          -    0.00021      -   7.4  270s
 3934697 994042    0.00047  151   27          -    0.00021      -   7.4  275s
 4008681 1015378 infeasible  176               -    0.00021      -   7.4  280s
 4071984 1031014    0.00047  195   25          -    0.00021      -   7.5  285s
 4133420 1047354    0.00047  213   25          -    0.00021      -   7.6  290s
 4200913 1065676    0.00047  225   24          -    0.00021      -   7.6  295s
 4262591 1081581    0.00047  211   30          -    0.00021      -   7.7  300s
 4324472 1097928    0.00021  160   30          -    0.00021      -   7.8  305s
 4385782 1113237 infeasible  220               -    0.00021      -   7.9  310s
 4449621 1129495 infeasible  199               -    0.00021      -   7.9  315s
 4513094 1143988    0.00021  178   35          -    0.00021      -   8.0  320s
 4573906 1158453    0.00047  199   31          -    0.00021      -   8.1  325s
 4634219 1173559    0.00047  198   27          -    0.00021      -   8.1  330s
 4697507 1192015 infeasible  199               -    0.00021      -   8.2  335s
 4758881 1210271    0.00047  206   29          -    0.00021      -   8.3  340s
 4816618 1227216    0.00110  226   23          -    0.00021      -   8.4  345s
 4882690 1244899    0.00047  204   28          -    0.00021      -   8.4  350s
 4946852 1261371    0.00047  221   25          -    0.00021      -   8.5  355s
 5006211 1275798    0.00021  162   34          -    0.00021      -   8.5  360s
 5074790 1293150 infeasible  177               -    0.00021      -   8.6  365s
 5137000 1306078 infeasible  182               -    0.00021      -   8.6  370s
 5201000 1319346    0.00110  230   15          -    0.00021      -   8.6  375s
 5263166 1335151 infeasible  247               -    0.00021      -   8.7  380s
 5326436 1354233    0.00047  187   35          -    0.00021      -   8.7  385s
 5385973 1370944 infeasible  265               -    0.00021      -   8.7  390s
 5447497 1388142    0.00047  247   26          -    0.00021      -   8.8  395s
 5507508 1406314    0.00047  185   33          -    0.00021      -   8.8  400s
 5567329 1422605    0.00047  206   24          -    0.00021      -   8.9  405s
 5626811 1439283    0.00047  253   27          -    0.00021      -   8.9  410s
 5685066 1455526    0.00047  196   27          -    0.00021      -   9.0  415s
 5745355 1470201    0.00047  210   26          -    0.00021      -   9.0  420s
 5808705 1486139 infeasible  209               -    0.00021      -   9.0  425s
 5868808 1501333    0.00047  185   32          -    0.00021      -   9.1  430s
 5930047 1516002 infeasible  153               -    0.00021      -   9.1  435s
 5989976 1530263 infeasible  308               -    0.00021      -   9.1  440s
 6050347 1546072 infeasible  209               -    0.00021      -   9.2  445s
 6114560 1563954    0.00021  165   38          -    0.00021      -   9.2  450s
 6174195 1578246 infeasible  181               -    0.00021      -   9.2  455s
 6232008 1592639 infeasible  206               -    0.00021      -   9.3  460s
 6293928 1606484    0.00047  190   24          -    0.00021      -   9.3  465s
 6353557 1620031    0.00110  217   21          -    0.00021      -   9.3  470s
 6410515 1635209 infeasible  213               -    0.00021      -   9.4  475s
 6471965 1652197 infeasible  217               -    0.00021      -   9.5  480s
 6530618 1668906    0.00047  184   28          -    0.00021      -   9.6  485s
 6586458 1684619    0.00047  269   28          -    0.00021      -   9.6  490s
 6648001 1702684    0.00047  180   30          -    0.00021      -   9.7  495s
 6704982 1717863    0.00047  191   25          -    0.00021      -   9.7  500s
 6765008 1736104 infeasible  165               -    0.00021      -   9.8  505s
 6826591 1752612    0.00021  175   35          -    0.00021      -   9.8  510s
 6889609 1771006    0.00047  201   24          -    0.00021      -   9.8  515s
 6951134 1788674 infeasible  189               -    0.00021      -   9.8  520s
 7011172 1805207    0.00047  198   28          -    0.00021      -   9.8  525s
 7079299 1821393 infeasible  183               -    0.00021      -   9.8  530s
 7140426 1838230 infeasible  172               -    0.00021      -   9.9  535s
 7198986 1854676 infeasible  245               -    0.00021      -   9.9  540s
 7259418 1870352    0.00047  186   26          -    0.00021      -   9.9  545s
 7323348 1883044 infeasible  196               -    0.00021      -   9.9  550s
 7386232 1893981    0.00021  168   37          -    0.00021      -   9.9  555s
 7450997 1909407    0.00047  224   30          -    0.00021      -  10.0  560s
 7514136 1924441    0.00047  210   27          -    0.00021      -  10.0  565s
 7574309 1941556 infeasible  158               -    0.00021      -  10.0  570s
 7632104 1959719    0.00047  242   27          -    0.00021      -  10.0  575s
 7697838 1976563    0.00047  180   26          -    0.00021      -  10.0  580s
 7755726 1992797 infeasible  198               -    0.00021      -  10.1  585s
 7815444 2011091    0.00021  162   41          -    0.00021      -  10.1  590s
 7874100 2029103    0.00047  194   27          -    0.00021      -  10.1  595s
 7932495 2048090 infeasible  198               -    0.00021      -  10.1  600s
 7994724 2069567 infeasible  228               -    0.00021      -  10.1  605s
 8060157 2090747 infeasible  171               -    0.00021      -  10.1  610s
 8121381 2110808 infeasible  197               -    0.00021      -  10.1  615s
 8181781 2131185 infeasible  223               -    0.00021      -  10.2  620s
 8245708 2152587    0.00110  240   17          -    0.00021      -  10.2  625s
 8307231 2173054    0.00110  216   20          -    0.00021      -  10.2  630s
 8367555 2192418    0.00047  225   27          -    0.00021      -  10.2  635s
 8428640 2212821 infeasible  237               -    0.00021      -  10.2  640s
 8489151 2232921 infeasible  184               -    0.00021      -  10.2  645s
 8555021 2255202 infeasible  221               -    0.00021      -  10.2  650s
 8613475 2274327 infeasible  221               -    0.00021      -  10.2  655s
 8673655 2295075    0.00047  221   27          -    0.00021      -  10.2  660s
 8737348 2317446    0.00047  227   30          -    0.00021      -  10.2  665s
 8801175 2340039    0.00021  183   36          -    0.00021      -  10.3  670s
 8860221 2360671    0.00021  193   35          -    0.00021      -  10.3  675s
 8919328 2381816    0.00047  205   26          -    0.00021      -  10.3  680s
 8979557 2401938    0.00110  230   23          -    0.00021      -  10.3  685s
 9043282 2422964 infeasible  184               -    0.00021      -  10.3  690s
 9098775 2438865    0.00021  187   33          -    0.00021      -  10.3  695s
 9155424 2455728    0.00021  177   35          -    0.00021      -  10.3  700s
 9221842 2471727    0.00021  168   31          -    0.00021      -  10.3  705s
 9278495 2486441    0.00047  193   30          -    0.00021      -  10.3  710s
 9336530 2503185 infeasible  178               -    0.00021      -  10.3  715s
 9400852 2522226    0.00047  202   31          -    0.00021      -  10.3  720s
 9459148 2541586 infeasible  185               -    0.00021      -  10.3  725s
 9517440 2559018 infeasible  251               -    0.00021      -  10.3  730s
 9581125 2574976    0.00021  167   33          -    0.00021      -  10.4  735s
 9640697 2590297    0.00047  193   28          -    0.00021      -  10.4  740s
 9701246 2605727 infeasible  200               -    0.00021      -  10.4  745s
 9765410 2619812 infeasible  195               -    0.00021      -  10.4  750s
 9826766 2634552    0.00047  214   27          -    0.00021      -  10.4  755s
 9887059 2650819    0.00047  183   26          -    0.00021      -  10.4  760s
 9950305 2668720    0.00047  194   21          -    0.00021      -  10.5  765s
 10012866 2686138 infeasible  231               -    0.00021      -  10.5  770s
 10074907 2702113    0.00110  182   21          -    0.00021      -  10.5  775s
 10136571 2717276 infeasible  198               -    0.00021      -  10.5  780s
 10202607 2738087    0.00021  177   32          -    0.00021      -  10.5  785s
 10266612 2758100 infeasible  168               -    0.00021      -  10.5  790s
 10329749 2775699    0.00047  204   26          -    0.00021      -  10.5  795s
 10385796 2791029 infeasible  164               -    0.00021      -  10.6  800s
 10442036 2807186 infeasible  204               -    0.00021      -  10.6  805s
 10498952 2822452    0.00021  193   33          -    0.00021      -  10.6  810s
 10547872 2838314    0.00110  225   20          -    0.00021      -  10.6  815s
 10607929 2856090 infeasible  180               -    0.00021      -  10.6  820s
 10665353 2873040    0.00021  185   35          -    0.00021      -  10.6  825s
 10722425 2891373 infeasible  186               -    0.00021      -  10.6  830s
 10779371 2910176 infeasible  209               -    0.00021      -  10.6  835s
 10837398 2927108    0.00047  180   24          -    0.00021      -  10.6  840s
 10891072 2941511 infeasible  210               -    0.00021      -  10.6  845s
 10950613 2956971 infeasible  223               -    0.00021      -  10.6  850s
 11007716 2972912    0.00047  202   28          -    0.00021      -  10.6  855s
 11068466 2990100    0.00047  198   28          -    0.00021      -  10.6  860s
 11130486 3008550    0.00021  180   29          -    0.00021      -  10.7  865s
 11196833 3026451 infeasible  204               -    0.00021      -  10.7  870s
 11257196 3042998    0.00047  183   29          -    0.00021      -  10.7  875s
 11317142 3060583 infeasible  233               -    0.00021      -  10.7  880s
 11374696 3076695 infeasible  169               -    0.00021      -  10.7  885s
 11435960 3092722    0.00021  174   37          -    0.00021      -  10.7  890s
 11496418 3109620    0.00047  183   28          -    0.00021      -  10.8  895s
 11556166 3126045    0.00047  182   27          -    0.00021      -  10.8  900s
 11615652 3141172 infeasible  162               -    0.00021      -  10.8  905s
 11675016 3155548    0.00047  170   32          -    0.00021      -  10.8  910s
 11732169 3173165    0.00047  179   26          -    0.00021      -  10.8  915s
 11791402 3190255 infeasible  201               -    0.00021      -  10.8  920s
 11855277 3206866 infeasible  217               -    0.00021      -  10.8  925s
 11920545 3225266 infeasible  178               -    0.00021      -  10.8  930s
 11979265 3242098    0.00110  231   24          -    0.00021      -  10.8  935s
 12038334 3257705 infeasible  215               -    0.00021      -  10.8  940s
 12096112 3274264    0.00047  206   29          -    0.00021      -  10.9  945s
 12151737 3290849    0.00047  197   33          -    0.00021      -  10.9  950s
 12211620 3308903 infeasible  212               -    0.00021      -  10.9  955s
 12276868 3324054 infeasible  204               -    0.00021      -  10.9  960s
 12339569 3339713    0.00110  220   12          -    0.00021      -  10.9  965s
 12395294 3356639 infeasible  189               -    0.00021      -  10.9  970s
 12454774 3374494 infeasible  252               -    0.00021      -  10.9  975s
 12512640 3391181    0.00110  221   22          -    0.00021      -  10.9  980s
 12573214 3404359    0.00110  192   19          -    0.00021      -  10.9  985s
 12635152 3419050    0.00110  215   24          -    0.00021      -  10.9  990s
 12700063 3435490    0.00110  211   23          -    0.00021      -  10.9  995s
 12763375 3449869    0.00047  188   28          -    0.00021      -  10.9 1000s
 12826827 3464312    0.00110  200   22          -    0.00021      -  10.9 1005s
 12889497 3481063 infeasible  202               -    0.00021      -  10.9 1010s
 12947315 3495817    0.00047  224   27          -    0.00021      -  10.9 1015s
 13005916 3511621    0.00047  212   24          -    0.00021      -  10.9 1020s
 13069400 3529122    0.00047  198   26          -    0.00021      -  10.9 1025s
 13134968 3545567    0.00047  210   28          -    0.00021      -  11.0 1030s
 13197934 3562597 infeasible  154               -    0.00021      -  11.0 1035s
 13255145 3579698    0.00021  165   31          -    0.00021      -  11.0 1040s
 13316806 3596590 infeasible  178               -    0.00021      -  11.0 1045s
 13378032 3611630    0.00047  245   27          -    0.00021      -  11.0 1050s
 13441037 3629021    0.00021  196   39          -    0.00021      -  11.0 1055s
 13503964 3645233    0.00047  192   25          -    0.00021      -  11.0 1060s
 13565180 3659949    0.00047  193   26          -    0.00021      -  11.0 1065s
 13628219 3677875 infeasible  199               -    0.00021      -  11.0 1070s
 13687655 3695188    0.00047  197   27          -    0.00021      -  11.0 1075s
 13748539 3715298    0.00110  219   23          -    0.00021      -  11.0 1080s
 13810639 3734305    0.00047  191   25          -    0.00021      -  11.0 1085s
 13874476 3752318 infeasible  154               -    0.00021      -  11.0 1090s
 13935401 3769867 infeasible  211               -    0.00021      -  11.0 1095s
 14003339 3789514 infeasible  172               -    0.00021      -  11.0 1100s
 14071090 3809423 infeasible  207               -    0.00021      -  11.0 1105s
 14133859 3828629    0.00047  220   29          -    0.00021      -  11.0 1110s
 14192933 3848142 infeasible  182               -    0.00021      -  11.0 1115s
 14252046 3867221    0.00021  181   35          -    0.00021      -  11.0 1120s
 14311052 3885613    0.00047  198   28          -    0.00021      -  11.0 1125s
 14377379 3901914    0.00047  199   26          -    0.00021      -  11.0 1130s
 14440245 3917277 infeasible  216               -    0.00021      -  11.0 1135s
 14501627 3932259 infeasible  223               -    0.00021      -  11.0 1140s
 14559776 3947373 infeasible  167               -    0.00021      -  11.0 1145s
 14619343 3966418 infeasible  214               -    0.00021      -  11.0 1150s
 14677746 3984446    0.00021  153   38          -    0.00021      -  11.0 1155s
 14739227 4002033    0.00047  198   32          -    0.00021      -  11.0 1160s
 14799027 4019976 infeasible  249               -    0.00021      -  11.0 1165s
 14858857 4038331    0.00021  205   29          -    0.00021      -  11.1 1170s
 14920574 4058365 infeasible  206               -    0.00021      -  11.1 1175s
 14980776 4077182    0.00047  193   25          -    0.00021      -  11.1 1180s
 15040214 4093814    0.00047  223   29          -    0.00021      -  11.1 1185s
 15099703 4112901 infeasible  204               -    0.00021      -  11.1 1190s
 15159605 4134699 infeasible  244               -    0.00021      -  11.1 1195s
 15217326 4155554 infeasible  269               -    0.00021      -  11.1 1200s
 15272315 4175497 infeasible  176               -    0.00021      -  11.1 1205s
 15330511 4197002 infeasible  218               -    0.00021      -  11.1 1210s
 15391392 4219670    0.00047  247   26          -    0.00021      -  11.1 1215s
 15447671 4240886 infeasible  240               -    0.00021      -  11.1 1220s
 15506752 4263724    0.00047  239   29          -    0.00021      -  11.1 1225s
 15562315 4284137 infeasible  240               -    0.00021      -  11.1 1230s
 15620612 4306037 infeasible  275               -    0.00021      -  11.1 1235s
 15678752 4327885    0.00047  258   24          -    0.00021      -  11.1 1240s
 15738219 4349784 infeasible  233               -    0.00021      -  11.1 1245s
 15796211 4370995 infeasible  250               -    0.00021      -  11.1 1250s
 15852971 4393355    0.00047  263   24          -    0.00021      -  11.1 1255s
 15911479 4415169    0.00047  262   24          -    0.00021      -  11.1 1260s
 15967993 4435340 infeasible  255               -    0.00021      -  11.1 1265s
 16024313 4456554    0.00047  237   27          -    0.00021      -  11.1 1270s
 16084029 4478365    0.00047  244   26          -    0.00021      -  11.1 1275s
 16141624 4498562 infeasible  268               -    0.00021      -  11.1 1280s
 16195296 4518338    0.00021  216   36          -    0.00021      -  11.1 1285s
 16254034 4539528    0.00047  230   29          -    0.00021      -  11.1 1290s
 16309872 4559437 infeasible  266               -    0.00021      -  11.1 1295s
 16368942 4581045    0.00110  259   17          -    0.00021      -  11.1 1300s
 16424440 4601124 infeasible  223               -    0.00021      -  11.1 1305s
 16482901 4622902 infeasible  247               -    0.00021      -  11.1 1310s
 16536788 4642121 infeasible  240               -    0.00021      -  11.1 1315s
 16597082 4662592    0.00047  254   27          -    0.00021      -  11.1 1320s
 16653671 4680465 infeasible  264               -    0.00021      -  11.1 1325s
 16716909 4698087    0.00021  211   28          -    0.00021      -  11.1 1330s
 16773784 4715940 infeasible  230               -    0.00021      -  11.1 1335s
 16833506 4735413    0.00021  215   22          -    0.00021      -  11.1 1340s
 16893672 4755594 infeasible  263               -    0.00021      -  11.1 1345s
 16949271 4774920 infeasible  302               -    0.00021      -  11.1 1350s
 17007066 4793894    0.00047  223   30          -    0.00021      -  11.1 1355s
 17066478 4813614    0.00047  246   27          -    0.00021      -  11.1 1360s
 17125907 4831936    0.00047  238   31          -    0.00021      -  11.1 1365s
 17183308 4849426    0.00047  199   23          -    0.00021      -  11.1 1370s
 17238129 4865934    0.00047  282   25          -    0.00021      -  11.1 1375s
 17297422 4882477    0.00047  286   29          -    0.00021      -  11.2 1380s
 17357713 4899363 infeasible  239               -    0.00021      -  11.2 1385s
 17417264 4917202    0.00047  272   32          -    0.00021      -  11.2 1390s
 17474534 4933797 infeasible  258               -    0.00021      -  11.2 1395s
 17534561 4952210 infeasible  212               -    0.00021      -  11.2 1400s
 17592463 4970461 infeasible  224               -    0.00021      -  11.2 1405s
 17645536 4987765    0.00047  217   22          -    0.00021      -  11.2 1410s
 17699603 5004574 infeasible  216               -    0.00021      -  11.2 1415s
 17755908 5023730    0.00047  205   34          -    0.00021      -  11.2 1420s
 17810159 5042015    0.00047  202   25          -    0.00021      -  11.2 1425s
 17868792 5062382 infeasible  205               -    0.00021      -  11.2 1430s
 17924515 5080772 infeasible  197               -    0.00021      -  11.2 1435s
 17980460 5098418    0.00110  255   21          -    0.00021      -  11.2 1440s
 18040697 5114659    0.00047  195   24          -    0.00021      -  11.2 1445s
 18100751 5131306 infeasible  168               -    0.00021      -  11.2 1450s
 18157381 5147304    0.00047  231   30          -    0.00021      -  11.2 1455s
 18217795 5161949 infeasible  208               -    0.00021      -  11.2 1460s
 18275166 5178285    0.00047  234   23          -    0.00021      -  11.2 1465s
 18331198 5196665 infeasible  233               -    0.00021      -  11.2 1470s
 18386557 5216485    0.00047  205   27          -    0.00021      -  11.2 1475s
 18441569 5236356    0.00047  257   30          -    0.00021      -  11.2 1480s
 18497384 5256808 infeasible  256               -    0.00021      -  11.2 1485s
 18557852 5279195    0.00047  228   25          -    0.00021      -  11.2 1490s
 18614643 5298311    0.00047  194   31          -    0.00021      -  11.2 1495s
 18672283 5316549    0.00021  176   36          -    0.00021      -  11.2 1500s
 18733016 5338144 infeasible  202               -    0.00021      -  11.2 1505s
 18792450 5360369    0.00047  249   30          -    0.00021      -  11.2 1510s
 18846265 5379619    0.00047  235   20          -    0.00021      -  11.2 1515s
 18900375 5398830    0.00047  206   26          -    0.00021      -  11.2 1520s
 18959880 5420131    0.00047  257   24          -    0.00021      -  11.2 1525s
 19015076 5440054 infeasible  257               -    0.00021      -  11.3 1530s
 19074389 5457900    0.00021  166   29          -    0.00021      -  11.3 1535s
 19134199 5476557 infeasible  188               -    0.00021      -  11.3 1540s
 19194594 5496131 infeasible  196               -    0.00021      -  11.3 1545s
 19254417 5514580 infeasible  215               -    0.00021      -  11.3 1550s
 19315593 5532634 infeasible  219               -    0.00021      -  11.3 1555s
 19373493 5550293    0.00021  166   36          -    0.00021      -  11.3 1560s
 19430087 5568434 infeasible  175               -    0.00021      -  11.3 1565s
 19485053 5586688    0.00047  189   25          -    0.00021      -  11.3 1570s
 19539632 5604541 infeasible  214               -    0.00021      -  11.3 1575s
 19594056 5622200    0.00047  209   22          -    0.00021      -  11.3 1580s
 19650415 5638338    0.00047  217   27          -    0.00021      -  11.3 1585s
 19706258 5656118 infeasible  229               -    0.00021      -  11.3 1590s
 19764021 5675605 infeasible  199               -    0.00021      -  11.3 1595s
 19821634 5695916 infeasible  263               -    0.00021      -  11.3 1600s
 19875151 5714185    0.00047  222   32          -    0.00021      -  11.3 1605s
 19935741 5732794    0.00047  257   32          -    0.00021      -  11.3 1610s
 19992526 5749677 infeasible  152               -    0.00021      -  11.3 1615s
 20051942 5768915    0.00047  192   27          -    0.00021      -  11.3 1620s
 20107528 5788045    0.00110  176   27          -    0.00021      -  11.3 1625s
 20163541 5805439    0.00110  195   21          -    0.00021      -  11.3 1630s
 20220725 5821274    0.00047  202   31          -    0.00021      -  11.3 1635s
 20277209 5834083    0.00021  186   39          -    0.00021      -  11.3 1640s
 20336667 5849279    0.00021  165   40          -    0.00021      -  11.3 1645s
 20395053 5864990    0.00047  210   27          -    0.00021      -  11.3 1650s
 20455657 5880932 infeasible  169               -    0.00021      -  11.3 1655s
 20516414 5897913 infeasible  199               -    0.00021      -  11.3 1660s
 20575422 5915241 infeasible  209               -    0.00021      -  11.3 1665s
 20632590 5933218 infeasible  243               -    0.00021      -  11.4 1670s
 20693395 5952069    0.00047  192   30          -    0.00021      -  11.4 1675s
 20750085 5969802    0.00047  181   25          -    0.00021      -  11.4 1680s
 20798086 5984122 infeasible  187               -    0.00021      -  11.4 1685s
 20842721 5996780    0.00110  187   19          -    0.00021      -  11.4 1690s
 20893570 6011278    0.00110  222   20          -    0.00021      -  11.4 1695s
 20945582 6027832    0.00047  228   35          -    0.00021      -  11.4 1700s
 21003015 6047336 infeasible  173               -    0.00021      -  11.4 1705s
 21063130 6066350    0.00047  203   23          -    0.00021      -  11.4 1710s
 21119926 6085047    0.00047  143   24          -    0.00021      -  11.4 1715s
 21174400 6103352 infeasible  174               -    0.00021      -  11.4 1720s
 21229626 6119739    0.00047  198   27          -    0.00021      -  11.4 1725s
 21284015 6134203    0.00110  213   17          -    0.00021      -  11.4 1730s
 21344948 6150741 infeasible  177               -    0.00021      -  11.4 1735s
 21406415 6166597 infeasible  212               -    0.00021      -  11.4 1740s
 21467355 6182166    0.00047  221   26          -    0.00021      -  11.4 1745s
 21528472 6197524    0.00021  192   37          -    0.00021      -  11.4 1750s
 21590688 6214438    0.00047  200   24          -    0.00021      -  11.4 1755s
 21649971 6230460    0.00021  153   37          -    0.00021      -  11.4 1760s
 21711644 6247920    0.00047  214   24          -    0.00021      -  11.4 1765s
 21772252 6264586    0.00047  226   24          -    0.00021      -  11.4 1770s
 21838856 6279917    0.00047  173   26          -    0.00021      -  11.4 1775s
 21901895 6296769    0.00021  177   35          -    0.00021      -  11.4 1780s
 21963035 6314296 infeasible  148               -    0.00021      -  11.4 1785s
 22030068 6334323    0.00021  159   37          -    0.00021      -  11.4 1790s
 22093748 6353678    0.00110  185   19          -    0.00021      -  11.4 1795s
 22157629 6372382    0.00047  313   25          -    0.00021      -  11.4 1800s
 22217958 6391339 infeasible  201               -    0.00021      -  11.4 1805s
 22278011 6414204    0.00047  199   33          -    0.00021      -  11.4 1810s
 22341030 6432960    0.00047  198   28          -    0.00021      -  11.4 1815s
 22401800 6450576 infeasible  194               -    0.00021      -  11.4 1820s
 22467585 6464212 infeasible  174               -    0.00021      -  11.4 1825s
 22529195 6477661    0.00110  221   21          -    0.00021      -  11.4 1830s
 22585531 6492618    0.00110  189   23          -    0.00021      -  11.4 1835s
 22646511 6509923    0.00047  183   28          -    0.00021      -  11.5 1840s
 22703234 6526133    0.00021  190   31          -    0.00021      -  11.5 1845s
 22766624 6542870 infeasible  202               -    0.00021      -  11.5 1850s
 22828226 6560148 infeasible  202               -    0.00021      -  11.5 1855s
 22893894 6576105    0.00047  176   29          -    0.00021      -  11.5 1860s
 22960298 6590971 infeasible  203               -    0.00021      -  11.5 1865s
 23024693 6607600    0.00110  192   22          -    0.00021      -  11.5 1870s
 23084324 6624979 infeasible  203               -    0.00021      -  11.5 1875s
 23146777 6644063 infeasible  245               -    0.00021      -  11.5 1880s
 23209562 6661570 infeasible  217               -    0.00021      -  11.5 1885s
 23272752 6680643 infeasible  171               -    0.00021      -  11.5 1890s
 23334089 6697565    0.00047  203   27          -    0.00021      -  11.5 1895s
 23397870 6714967 infeasible  204               -    0.00021      -  11.5 1900s
 23459024 6731712    0.00047  231   27          -    0.00021      -  11.5 1905s
 23523352 6746874 infeasible  202               -    0.00021      -  11.5 1910s
 23589789 6762177    0.00047  193   22          -    0.00021      -  11.5 1915s
 23650455 6775223 infeasible  124               -    0.00021      -  11.5 1920s
 23715519 6793831    0.00047  217   28          -    0.00021      -  11.5 1925s
 23778091 6821082 infeasible  198               -    0.00021      -  11.5 1930s
 23842864 6849208    0.00110  240   24          -    0.00021      -  11.5 1935s
 23907818 6876969    0.00047  206   26          -    0.00021      -  11.5 1940s
 23972319 6898773    0.00021  176   33          -    0.00021      -  11.5 1945s
 24034211 6917741    0.00047  209   27          -    0.00021      -  11.5 1950s
 24095233 6935629    0.00047  257   24          -    0.00021      -  11.5 1955s
 24155284 6955096    0.00047  225   25          -    0.00021      -  11.5 1960s
 24216862 6971328    0.00047  183   24          -    0.00021      -  11.5 1965s
 24278969 6987756    0.00047  200   30          -    0.00021      -  11.5 1970s
 24341489 7006494    0.00021  167   24          -    0.00021      -  11.5 1975s
 24407983 7022142    0.00047  214   30          -    0.00021      -  11.5 1980s
 24483278 7036648 infeasible  231               -    0.00021      -  11.5 1985s
 24553298 7052706    0.00021  198   29          -    0.00021      -  11.5 1990s
 24620386 7069585 infeasible  208               -    0.00021      -  11.5 1995s
 24679879 7087878    0.00047  189   22          -    0.00021      -  11.5 2000s
 24738406 7106887    0.00047  221   24          -    0.00021      -  11.5 2005s
 24797987 7125310 infeasible  174               -    0.00021      -  11.5 2010s
 24857019 7141301    0.00110  206   23          -    0.00021      -  11.5 2015s
 24917534 7160321    0.00047  220   22          -    0.00021      -  11.5 2020s
 24975776 7179583    0.00047  203   26          -    0.00021      -  11.5 2025s
 25034355 7198785    0.00110  211   21          -    0.00021      -  11.5 2030s
 25092502 7219061    0.00047  173   25          -    0.00021      -  11.5 2035s
 25151341 7237473 infeasible  192               -    0.00021      -  11.5 2040s
 25210986 7256418 infeasible  209               -    0.00021      -  11.5 2045s
 25276031 7276248    0.00047  206   23          -    0.00021      -  11.5 2050s
 25341667 7295076    0.00047  169   30          -    0.00021      -  11.5 2055s
 25407054 7312962 infeasible  217               -    0.00021      -  11.5 2060s
 25478507 7326076 infeasible  204               -    0.00021      -  11.5 2065s
 25558789 7338674 infeasible  134               -    0.00021      -  11.5 2070s
 25626387 7359622    0.00021  151   27          -    0.00021      -  11.5 2075s
 25697796 7374885 infeasible  169               -    0.00021      -  11.5 2080s
 25765734 7388995    0.00021  177   36          -    0.00021      -  11.5 2085s
 25827698 7406299    0.00047  190   29          -    0.00021      -  11.5 2090s
 25889648 7428109    0.00047  212   25          -    0.00021      -  11.5 2095s
 25948513 7446896    0.00047  247   26          -    0.00021      -  11.5 2100s
 26011407 7466387    0.00110  216   20          -    0.00021      -  11.5 2105s
 26073272 7487361 infeasible  205               -    0.00021      -  11.5 2110s
 26134717 7507438 infeasible  211               -    0.00021      -  11.5 2115s
 26187688 7525298    0.00021  176   36          -    0.00021      -  11.5 2120s
 26248531 7543764    0.00047  205   26          -    0.00021      -  11.5 2125s
 26309454 7561230    0.00021  152   29          -    0.00021      -  11.5 2130s
 26370433 7577623    0.00021  188   29          -    0.00021      -  11.5 2135s
 26434460 7592833 infeasible  187               -    0.00021      -  11.5 2140s
 26495208 7611715    0.00110  192   24          -    0.00021      -  11.5 2145s
 26557566 7630852    0.00110  196   23          -    0.00021      -  11.5 2150s
 26618421 7652018    0.00047  252   25          -    0.00021      -  11.5 2155s
 26679518 7674963    0.00110 1297   12          -    0.00021      -  11.5 2160s
 26742285 7696917 infeasible  281               -    0.00021      -  11.5 2165s
 26803001 7716161    0.00047  253   31          -    0.00021      -  11.5 2170s
 26863144 7736570    0.00047  223   32          -    0.00021      -  11.5 2175s
 26930572 7755955    0.00021  159   35          -    0.00021      -  11.5 2180s
 26998039 7773744    0.00047  272   23          -    0.00021      -  11.5 2185s
 27065724 7794276    0.00047  193   29          -    0.00021      -  11.5 2190s
 27131867 7816677    0.00110  193   18          -    0.00021      -  11.5 2195s
 27195626 7837039    0.00047  265   29          -    0.00021      -  11.5 2200s
 27259106 7856806    0.00021  165   35          -    0.00021      -  11.5 2205s
 27322243 7874928 infeasible  223               -    0.00021      -  11.5 2210s
 27384249 7895220    0.00110  257   25          -    0.00021      -  11.5 2215s
 27443383 7914029    0.00047  228   26          -    0.00021      -  11.5 2220s
 27503852 7935086    0.00047  182   32          -    0.00021      -  11.5 2225s
 27572627 7955782 infeasible  144               -    0.00021      -  11.5 2230s
 27641152 7973526    0.00047  214   23          -    0.00021      -  11.5 2235s
 27702368 7992922 infeasible  178               -    0.00021      -  11.5 2240s
 27768062 8014765    0.00110  205    9          -    0.00021      -  11.5 2245s
 27833812 8034852    0.00047  247   24          -    0.00021      -  11.5 2250s
 27906694 8050935    0.00021  178   30          -    0.00021      -  11.5 2255s
 27979901 8064343 infeasible  192               -    0.00021      -  11.4 2260s
 28053295 8079924 infeasible  222               -    0.00021      -  11.4 2265s
 28124626 8097570    0.00047  178   31          -    0.00021      -  11.4 2270s
 28195392 8114115 infeasible  179               -    0.00021      -  11.4 2275s
 28267524 8132539    0.00047  191   29          -    0.00021      -  11.4 2280s
 28339671 8150001 infeasible  168               -    0.00021      -  11.4 2285s
 28409779 8167575    0.00047  179   30          -    0.00021      -  11.4 2290s
 28481817 8184747    0.00047  186   28          -    0.00021      -  11.3 2295s
 28554416 8203500    0.00110  174   22          -    0.00021      -  11.3 2300s
 28626665 8222458 infeasible  188               -    0.00021      -  11.3 2305s
 28696804 8240739    0.00047  186   25          -    0.00021      -  11.3 2310s
 28768403 8257944    0.00047  169   29          -    0.00021      -  11.3 2315s
 28840805 8275785 infeasible  241               -    0.00021      -  11.3 2320s
 28912769 8294066    0.00021  181   35          -    0.00021      -  11.2 2325s
 28984870 8310874    0.00110  218   26          -    0.00021      -  11.2 2330s
 29057275 8327699    0.00047  192   30          -    0.00021      -  11.2 2335s
 29127437 8344656    0.00047  188   28          -    0.00021      -  11.2 2340s
 29199766 8361982 infeasible  204               -    0.00021      -  11.2 2345s
 29271689 8379883 infeasible  237               -    0.00021      -  11.2 2350s
 29344241 8397507    0.00021  166   31          -    0.00021      -  11.2 2355s
 29414755 8414531 infeasible  170               -    0.00021      -  11.1 2360s
 29485147 8431930    0.00110  185   20          -    0.00021      -  11.1 2365s
 29555410 8450212    0.00047  188   28          -    0.00021      -  11.1 2370s
 29626851 8468362 infeasible  208               -    0.00021      -  11.1 2375s
 29698137 8485402    0.00110  211   10          -    0.00021      -  11.1 2380s
 29772618 8501137 infeasible  179               -    0.00021      -  11.1 2385s
 29846888 8515601    0.00110  203   22          -    0.00021      -  11.1 2390s
 29919571 8530575 infeasible  207               -    0.00021      -  11.0 2395s
 29988931 8547171    0.00110  169   20          -    0.00021      -  11.0 2400s
 30057180 8562788 infeasible  173               -    0.00021      -  11.0 2405s
 30129336 8578209 infeasible  276               -    0.00021      -  11.0 2410s
 30203038 8591861    0.00110  243   25          -    0.00021      -  11.0 2415s
 30277698 8604302 infeasible  166               -    0.00021      -  11.0 2420s
 30353650 8614154    0.00110  168   20          -    0.00021      -  11.0 2425s
 30430937 8622109    0.00110  220   12          -    0.00021      -  11.0 2430s
 30504639 8636232 infeasible  182               -    0.00021      -  10.9 2435s
 30577106 8650732    0.00047  153   29          -    0.00021      -  10.9 2440s
 30650861 8665183 infeasible  184               -    0.00021      -  10.9 2445s
 30723266 8680989    0.00047  249   23          -    0.00021      -  10.9 2450s
 30795052 8697619    0.00084  195   31          -    0.00021      -  10.9 2455s
 30865211 8714615    0.00021  158   29          -    0.00021      -  10.9 2460s
 30937679 8728020    0.00047  206   20          -    0.00021      -  10.9 2465s
 31009671 8743351    0.00110  186   23          -    0.00021      -  10.9 2470s
 31080874 8757832    0.00021  181   31          -    0.00021      -  10.8 2475s
 31151529 8775716    0.00110  176   16          -    0.00021      -  10.8 2480s
 31220620 8791553    0.00110  186   20          -    0.00021      -  10.8 2485s
 31293380 8806294    0.00021  157   30          -    0.00021      -  10.8 2490s
 31366125 8820698    0.00047  175   30          -    0.00021      -  10.8 2495s
 31442412 8831076 infeasible  165               -    0.00021      -  10.8 2500s
 31513940 8846623 infeasible  187               -    0.00021      -  10.8 2505s
 31577722 8868433    0.00047  201   24          -    0.00021      -  10.8 2510s
 31644161 8893098    0.00047  159   26          -    0.00021      -  10.8 2515s
 31706322 8917273 infeasible  186               -    0.00021      -  10.8 2520s
 31770459 8937460 infeasible  225               -    0.00021      -  10.8 2525s
 31838654 8955584 infeasible  166               -    0.00021      -  10.8 2530s
 31908798 8969031    0.00047  182   27          -    0.00021      -  10.8 2535s
 31978658 8986218    0.00047  208   25          -    0.00021      -  10.7 2540s
 32040077 9008780    0.00047  185   22          -    0.00021      -  10.8 2545s
 32102188 9029025    0.00021  164   34          -    0.00021      -  10.8 2550s
 32164589 9051171 infeasible  174               -    0.00021      -  10.8 2555s
 32229762 9070311    0.00047  175   28          -    0.00021      -  10.8 2560s
 32299024 9089025    0.00021  170   30          -    0.00021      -  10.7 2565s
 32368927 9104872    0.00047  182   26          -    0.00021      -  10.7 2570s
 32440010 9123262 infeasible  135               -    0.00021      -  10.7 2575s
 32509851 9138255 infeasible  143               -    0.00021      -  10.7 2580s
 32580185 9152942    0.00021  160   29          -    0.00021      -  10.7 2585s
 32647298 9170756 infeasible  159               -    0.00021      -  10.7 2590s
 32715489 9187796 infeasible  183               -    0.00021      -  10.7 2595s
 32783958 9205918    0.00110  149   26          -    0.00021      -  10.7 2600s
 32856135 9223079    0.00110  189   25          -    0.00021      -  10.7 2605s
 32914386 9245951 infeasible  200               -    0.00021      -  10.7 2610s
 32968540 9267911    0.00110  192   19          -    0.00021      -  10.7 2615s
 33020046 9290656    0.00110  283   19          -    0.00021      -  10.7 2620s
 33074101 9308076 infeasible  194               -    0.00021      -  10.6 2625s
 33123033 9321127    0.00047  192   26          -    0.00021      -  10.6 2630s
 33176290 9335006    0.00110  195   17          -    0.00021      -  10.6 2635s
 33239486 9349496    0.00110  225   17          -    0.00021      -  10.6 2640s
 33303001 9362530    0.00047  238   27          -    0.00021      -  10.6 2645s
 33366100 9375961 infeasible  168               -    0.00021      -  10.6 2650s
 33427400 9392230    0.00047  192   30          -    0.00021      -  10.6 2655s
 33493362 9408210 infeasible  164               -    0.00021      -  10.6 2660s
 33561761 9427161    0.00110  232   24          -    0.00021      -  10.6 2665s
 33623005 9448265    0.00110  202   22          -    0.00021      -  10.6 2670s
 33689718 9468212    0.00047  159   27          -    0.00021      -  10.6 2675s
 33759421 9482252 infeasible  190               -    0.00021      -  10.6 2680s
 33824986 9499036    0.00021  161   30          -    0.00021      -  10.6 2685s
 33890576 9518321    0.00021  197   27          -    0.00021      -  10.6 2690s
 33953391 9534423    0.00021  163   32          -    0.00021      -  10.6 2695s
 34025343 9545153 infeasible  193               -    0.00021      -  10.6 2700s
 34101753 9556374 infeasible  186               -    0.00021      -  10.6 2705s
 34167014 9568817    0.00021  198   35          -    0.00021      -  10.5 2710s
 34227299 9581675    0.00110  203   16          -    0.00021      -  10.5 2715s
 34280010 9593417    0.00110  180   13          -    0.00021      -  10.5 2720s
 34345118 9612778    0.00110  183   13          -    0.00021      -  10.5 2725s
 34402170 9626939 infeasible  230               -    0.00021      -  10.5 2730s
 34460132 9638638    0.00110  262   24          -    0.00021      -  10.5 2735s
 34527626 9655018    0.00110  238   25          -    0.00021      -  10.5 2740s
 34582911 9671747    0.00047  167   29          -    0.00021      -  10.5 2745s
 34635298 9687843 infeasible  206               -    0.00021      -  10.5 2750s
 34689975 9703140    0.00047  208   28          -    0.00021      -  10.5 2755s
 34739326 9715705    0.00047  222   25          -    0.00021      -  10.5 2760s
 34799691 9724230 infeasible  202               -    0.00021      -  10.5 2765s
 34855541 9740826    0.00021  185   29          -    0.00021      -  10.5 2770s
 34919953 9754125 infeasible 2595               -    0.00021      -  10.5 2775s
 34983955 9771507 infeasible  189               -    0.00021      -  10.5 2780s
 35048265 9790692    0.00110  209   17          -    0.00021      -  10.5 2785s
 35109936 9812573    0.00110  233   26          -    0.00021      -  10.5 2790s
 35182794 9829705    0.00110  175   15          -    0.00021      -  10.5 2795s
 35252280 9846717 infeasible  221               -    0.00021      -  10.5 2800s
 35327622 9862228    0.00047  214   30          -    0.00021      -  10.5 2805s
 35385189 9878713 infeasible  197               -    0.00021      -  10.5 2810s
 35453036 9897913 infeasible  208               -    0.00021      -  10.5 2815s
 35522743 9910347    0.00021  183   27          -    0.00021      -  10.5 2820s
 35584142 9924270    0.00021  151   35          -    0.00021      -  10.5 2825s
 35650138 9943291    0.00047  179   28          -    0.00021      -  10.5 2830s
 35717559 9960148    0.00021  147   28          -    0.00021      -  10.5 2835s
 35787533 9971807 infeasible  146               -    0.00021      -  10.5 2840s
 35858613 9985925    0.00021  164   31          -    0.00021      -  10.4 2845s
 35957508 9995550 infeasible  147               -    0.00021      -  10.4 2850s
 36031076 10012511 infeasible  156               -    0.00021      -  10.4 2855s
 36095921 10030474    0.00110  190   10          -    0.00021      -  10.4 2860s
 36163144 10045980    0.00047  193   25          -    0.00021      -  10.4 2865s
 36229209 10062741    0.00110  233   14          -    0.00021      -  10.4 2870s
 36293851 10080545 infeasible  196               -    0.00021      -  10.4 2875s
 36364551 10094432 infeasible  197               -    0.00021      -  10.4 2880s
 36433529 10110300    0.00021  167   29          -    0.00021      -  10.4 2885s
 36497816 10133492 infeasible  225               -    0.00021      -  10.4 2890s
 36566578 10155359 infeasible  206               -    0.00021      -  10.4 2895s
 36638428 10172587 infeasible  162               -    0.00021      -  10.4 2900s
 36711187 10186600 infeasible  200               -    0.00021      -  10.4 2905s
 36780644 10203607    0.00021  174   31          -    0.00021      -  10.4 2910s
 36849305 10219226 infeasible  198               -    0.00021      -  10.4 2915s
 36918328 10236649 infeasible  179               -    0.00021      -  10.4 2920s
 36983974 10252068    0.00047  174   24          -    0.00021      -  10.4 2925s
 37047825 10271571    0.00047  203   26          -    0.00021      -  10.4 2930s
 37108632 10288694    0.00047  176   25          -    0.00021      -  10.4 2935s
 37177268 10309029 infeasible  211               -    0.00021      -  10.4 2940s
 37240907 10329783    0.00047  209   24          -    0.00021      -  10.4 2945s
 37304170 10351150 infeasible  232               -    0.00021      -  10.4 2950s
 37376996 10367355    0.00047  163   25          -    0.00021      -  10.4 2955s
 37448468 10384830 infeasible  161               -    0.00021      -  10.4 2960s
 37522108 10401289 infeasible  168               -    0.00021      -  10.4 2965s
 37595542 10418724 infeasible  196               -    0.00021      -  10.4 2970s
 37664448 10435047    0.00047  187   25          -    0.00021      -  10.3 2975s
 37735433 10449396 infeasible  197               -    0.00021      -  10.3 2980s
 37806184 10467741 infeasible  150               -    0.00021      -  10.3 2985s
 37881409 10484084    0.00047  350   25          -    0.00021      -  10.3 2990s
 37949336 10503699    0.00047  193   28          -    0.00021      -  10.3 2995s
 38018152 10520611 infeasible  229               -    0.00021      -  10.3 3000s
 38083775 10538741 infeasible  254               -    0.00021      -  10.3 3005s
 38151040 10557582 infeasible  201               -    0.00021      -  10.3 3010s
 38222284 10573109    0.00047  208   24          -    0.00021      -  10.3 3015s
 38289660 10590897    0.00021  156   34          -    0.00021      -  10.3 3020s
 38361625 10606674    0.00047  200   24          -    0.00021      -  10.3 3025s
 38429325 10625260    0.00110  190   20          -    0.00021      -  10.3 3030s
 38499351 10640491    0.00084  136   25          -    0.00021      -  10.3 3035s
 38568687 10660696    0.00047  221   26          -    0.00021      -  10.3 3040s
 38641913 10677578    0.00021  166   32          -    0.00021      -  10.3 3045s
 38709548 10696405 infeasible  170               -    0.00021      -  10.3 3050s
 38767732 10714065    0.00110  214   24          -    0.00021      -  10.3 3055s
 38839356 10729892    0.00021  186   30          -    0.00021      -  10.3 3060s
 38905454 10747688    0.00021  148   35          -    0.00021      -  10.3 3065s
 38961976 10769162    0.00021  144   35          -    0.00021      -  10.3 3070s
 39031032 10794406 infeasible  988               -    0.00021      -  10.3 3075s
 39097928 10820177 infeasible  162               -    0.00021      -  10.3 3080s
 39165857 10845706    0.00110  146   20          -    0.00021      -  10.3 3085s
 39233746 10867738    0.00047  177   25          -    0.00021      -  10.3 3090s
 39303588 10884675    0.00021  140   36          -    0.00021      -  10.2 3095s
 39372957 10900522    0.00047  155   29          -    0.00021      -  10.2 3100s
 39439876 10917919    0.00047  197   24          -    0.00021      -  10.2 3105s
 39501896 10935581 infeasible  226               -    0.00021      -  10.2 3110s
 39561529 10952282    0.00021  160   39          -    0.00021      -  10.2 3115s
 39623891 10970917    0.00047  195   33          -    0.00021      -  10.2 3120s
 39684333 10990141    0.00021  169   30          -    0.00021      -  10.3 3125s
 39746806 11007720 infeasible  202               -    0.00021      -  10.3 3130s
 39808473 11027814    0.00047  200   26          -    0.00021      -  10.3 3135s
 39867496 11048412    0.00047  214   25          -    0.00021      -  10.3 3140s
 39928014 11070472 infeasible  211               -    0.00021      -  10.3 3145s
 39986401 11089350 infeasible  223               -    0.00021      -  10.3 3150s
 40048596 11108330    0.00047  226   27          -    0.00021      -  10.3 3155s
 40110706 11127553    0.00047  245   27          -    0.00021      -  10.3 3160s
 40175288 11145227    0.00021  194   30          -    0.00021      -  10.3 3165s
 40244454 11159519    0.00110  233   18          -    0.00021      -  10.3 3170s
 40309658 11175080    0.00047  226   25          -    0.00021      -  10.3 3175s
 40370985 11192115    0.00021  162   41          -    0.00021      -  10.3 3180s
 40429883 11216515    0.00047  160   23          -    0.00021      -  10.3 3185s
 40486339 11252181    0.00047  248   29          -    0.00021      -  10.3 3190s
 40543659 11286750    0.00047  243   24          -    0.00021      -  10.3 3195s
 40598004 11321401    0.00047  279   26          -    0.00021      -  10.3 3200s
 40654615 11357700    0.00047  162   24          -    0.00021      -  10.3 3205s
 40709996 11393219    0.00047  346   27          -    0.00021      -  10.3 3210s
 40765331 11428179    0.00110  247   18          -    0.00021      -  10.3 3215s
 40824236 11463356    0.00047  184   31          -    0.00021      -  10.3 3220s
 40879684 11496828 infeasible  168               -    0.00021      -  10.3 3225s
 40937909 11527720    0.00047  341   27          -    0.00021      -  10.3 3230s
 40999924 11554399    0.00047  265   23          -    0.00021      -  10.3 3235s
 41059661 11578378 infeasible  286               -    0.00021      -  10.3 3240s
 41118177 11599114    0.00047  211   26          -    0.00021      -  10.3 3245s
 41179582 11620128    0.00047  215   30          -    0.00021      -  10.3 3250s
 41239748 11638447 infeasible  237               -    0.00021      -  10.3 3255s
 41303048 11658497    0.00021  189   26          -    0.00021      -  10.3 3260s
 41366217 11680003    0.00047  206   22          -    0.00021      -  10.3 3265s
 41426115 11697565 infeasible  233               -    0.00021      -  10.3 3270s
 41491563 11712598    0.00021  178   32          -    0.00021      -  10.3 3275s
 41556520 11728514 infeasible  213               -    0.00021      -  10.3 3280s
 41629151 11753217    0.00021  143   26          -    0.00021      -  10.3 3285s
 41704372 11779660    0.00047  189   25          -    0.00021      -  10.3 3290s
 41779741 11803893 infeasible  189               -    0.00021      -  10.3 3295s
 41851300 11827010    0.00110  220   24          -    0.00021      -  10.3 3300s
 41920835 11844329    0.00047  135   21          -    0.00021      -  10.3 3305s
 41998696 11855895    0.00110  161   18          -    0.00021      -  10.3 3310s
 42070355 11871997    0.00021  134   32          -    0.00021      -  10.3 3315s
 42133637 11891125    0.00047  155   27          -    0.00021      -  10.3 3320s
 42190352 11910472 infeasible  149               -    0.00021      -  10.3 3325s
 42240286 11927075    0.00021  175   28          -    0.00021      -  10.3 3330s
 42298962 11944342 infeasible  160               -    0.00021      -  10.3 3335s
 42355901 11961905 infeasible  205               -    0.00021      -  10.3 3340s
 42416141 11981982    0.00110  213   25          -    0.00021      -  10.3 3345s
 42474820 11999313    0.00047  211   24          -    0.00021      -  10.3 3350s
 42535774 12016033 infeasible  164               -    0.00021      -  10.3 3355s
 42598336 12031007    0.00047  201   30          -    0.00021      -  10.3 3360s
 42659849 12048540    0.00047  185   25          -    0.00021      -  10.3 3365s
 42716896 12067290    0.00047  215   28          -    0.00021      -  10.3 3370s
 42777544 12082250 infeasible  183               -    0.00021      -  10.3 3375s
 42838384 12100286    0.00047  248   27          -    0.00021      -  10.3 3380s
 42889116 12115449    0.00047  191   22          -    0.00021      -  10.3 3385s
 42940261 12131244    0.00047  233   26          -    0.00021      -  10.3 3390s
 42994960 12147639    0.00021  170   34          -    0.00021      -  10.3 3395s
 43055480 12164181 infeasible  224               -    0.00021      -  10.3 3400s
 43114169 12180728 infeasible  219               -    0.00021      -  10.3 3405s
 43173847 12201077    0.00110  766   12          -    0.00021      -  10.3 3410s
 43219187 12218517    0.00110 1353   12          -    0.00021      -  10.3 3415s
 43271682 12235193    0.00110 2002   12          -    0.00021      -  10.3 3420s
 43318589 12251402    0.00110 2484   10          -    0.00021      -  10.3 3425s
 43369980 12268216    0.00110 2982   10          -    0.00021      -  10.3 3430s
 43418790 12282292    0.00110 3474   10          -    0.00021      -  10.3 3435s
 43462348 12296779    0.00110 3927   10          -    0.00021      -  10.3 3440s
 43508589 12313310    0.00110 4407   10          -    0.00021      -  10.3 3445s
 43557888 12330706 infeasible  233               -    0.00021      -  10.3 3450s
 43611645 12350409 infeasible  189               -    0.00021      -  10.4 3455s
 43659967 12367576    0.00047  189   26          -    0.00021      -  10.4 3460s
 43711433 12386078 infeasible  327               -    0.00021      -  10.4 3465s
 43764108 12405002    0.00110  250   11          -    0.00021      -  10.4 3470s
 43821503 12425467    0.00047  226   26          -    0.00021      -  10.4 3475s
 43879811 12444610    0.00047  203   30          -    0.00021      -  10.4 3480s
 43940226 12463711 infeasible  166               -    0.00021      -  10.4 3485s
 43999432 12480968 infeasible  190               -    0.00021      -  10.4 3490s
 44060978 12496579 infeasible  214               -    0.00021      -  10.4 3495s
 44122346 12515805    0.00084  115   26          -    0.00021      -  10.4 3500s
 44182941 12535602    0.00021  194   24          -    0.00021      -  10.4 3505s
 44244294 12557333 infeasible  197               -    0.00021      -  10.4 3510s
 44301910 12578956 infeasible  214               -    0.00021      -  10.4 3515s
 44362078 12604824    0.00084  146   36          -    0.00021      -  10.4 3520s
 44424082 12632361    0.00047  194   25          -    0.00021      -  10.4 3525s
 44487840 12653363 infeasible  220               -    0.00021      -  10.4 3530s
 44550199 12671273 infeasible  196               -    0.00021      -  10.4 3535s
 44613373 12690833 infeasible  171               -    0.00021      -  10.4 3540s
 44686508 12707303    0.00021  161   31          -    0.00021      -  10.4 3545s
 44763026 12725554 infeasible  194               -    0.00021      -  10.4 3550s
 44845442 12742296    0.00021  128   27          -    0.00021      -  10.4 3555s
 44920198 12762244    0.00047  141   22          -    0.00021      -  10.4 3560s
 44990553 12783743 infeasible  150               -    0.00021      -  10.3 3565s
 45054962 12805838    0.00047  255   24          -    0.00021      -  10.3 3570s
 45115800 12829849 infeasible  220               -    0.00021      -  10.3 3575s
 45176870 12853462 infeasible  229               -    0.00021      -  10.3 3580s
 45237222 12873975 infeasible  171               -    0.00021      -  10.3 3585s
 45297643 12893120    0.00110  206   19          -    0.00021      -  10.3 3590s
 45361613 12914797 infeasible  233               -    0.00021      -  10.4 3595s
 45422086 12935110    0.00110  239   17          -    0.00021      -  10.4 3600s

Cutting planes:
  Flow cover: 2

Explored 45422825 nodes (470404096 simplex iterations) in 3600.05 seconds (1435.07 work units)
Thread count was 12 (of 12 available processors)

Solution count 0

Time limit reached
Best objective -, best bound 2.058065039989e-04, gap -
