
Gurobi 11.0.2 (win64) logging started Wed Oct  2 08:19:00 2024

Set parameter LogFile to value ".\Experiments\Track_k_e_2\Logs\track_k_e_2_r4_c9.log"
Set parameter TimeLimit to value 3600
Gurobi Optimizer version 11.0.2 build v11.0.2rc0 (win64 - Windows 10.0 (19045.2))

CPU model: Intel(R) Core(TM) i7-10750H CPU @ 2.60GHz, instruction set [SSE2|AVX|AVX2]
Thread count: 6 physical cores, 12 logical processors, using up to 12 threads

Optimize a model with 298 rows, 462 columns and 1052 nonzeros
Model fingerprint: 0xda2dc908
Model has 6 quadratic objective terms
Model has 68 quadratic constraints
Model has 116 general constraints
Variable types: 458 continuous, 4 integer (4 binary)
Coefficient statistics:
  Matrix range     [9e-06, 1e+02]
  QMatrix range    [1e+00, 1e+00]
  QLMatrix range   [1e+00, 1e+00]
  Objective range  [1e-02, 2e-01]
  QObjective range [2e+00, 2e+00]
  Bounds range     [8e-05, 9e+01]
  RHS range        [8e-05, 1e+02]
  QRHS range       [1e-06, 1e-06]
Presolve added 60 rows and 0 columns
Presolve removed 0 rows and 97 columns
Presolve time: 0.01s
Presolved: 599 rows, 374 columns, 1669 nonzeros
Presolved model has 2 SOS constraint(s)
Presolved model has 4 quadratic objective terms
Presolved model has 57 bilinear constraint(s)
Presolved model has 4 nonlinear constraint(s)
Warning: Model contains variables with very large bounds participating
         in nonlinear terms.
         Presolve was not able to compute smaller bounds for these variables.
         Consider bounding these variables or reformulating the model.


Solving non-convex MINLP

Variable types: 284 continuous, 90 integer (90 binary)

Root relaxation: objective 2.058065e-04, 441 iterations, 0.00 seconds (0.00 work units)

    Nodes    |    Current Node    |     Objective Bounds      |     Work
 Expl Unexpl |  Obj  Depth IntInf | Incumbent    BestBd   Gap | It/Node Time

     0     0    0.00021    0   57          -    0.00021      -     -    0s
     0     0    0.00021    0   57          -    0.00021      -     -    0s
     0     0    0.00021    0   72          -    0.00021      -     -    0s
     0     0    0.00021    0   72          -    0.00021      -     -    0s
     0     0    0.00021    0  107          -    0.00021      -     -    0s
     0     0    0.00021    0   64          -    0.00021      -     -    0s
     0     2    0.00021    0   64          -    0.00021      -     -    0s
 15462  5060    0.01187   57   45          -    0.00021      -  45.0    5s
 33012  9885    0.00369   63   35          -    0.00021      -  47.7   10s
 51331 14093    0.00282   59   54          -    0.00021      -  48.2   15s
 67122 17595    0.00021   41   48          -    0.00021      -  48.7   20s
 82155 19915    0.01569   60   54          -    0.00021      -  47.9   25s
 96681 24826    0.00273   48   45          -    0.00021      -  47.7   30s
 117280 29462 infeasible   50               -    0.00021      -  46.5   35s
 135440 33665    0.00674   57   49          -    0.00021      -  46.3   40s
 152235 37478    0.00529   50   49          -    0.00021      -  46.2   45s
 170265 41948    0.00098   55   47          -    0.00021      -  45.6   50s
 193032 46675    0.00027   64   44          -    0.00021      -  44.1   55s
 212326 50883    0.00021   58   48          -    0.00021      -  43.7   60s
 233369 55807    0.00193   51   46          -    0.00021      -  43.1   65s
 253639 59943    0.00055   69   46          -    0.00021      -  42.6   70s
 271743 63747    0.00021   53   54          -    0.00021      -  42.6   75s
 292181 70164 infeasible   71               -    0.00021      -  42.3   80s
 312456 75661    0.00043   73   49          -    0.00021      -  42.0   85s
 333583 81849    0.01529   60   48          -    0.00021      -  41.7   90s
 356999 86768 infeasible   57               -    0.00021      -  41.2   95s
 374716 90270 infeasible   65               -    0.00021      -  41.5  100s
 393506 92731    0.00021   56   38          -    0.00021      -  41.6  105s
 411460 95138 infeasible   78               -    0.00021      -  41.7  110s
 431101 98522    0.00021   53   45          -    0.00021      -  41.4  115s
 450092 101902 infeasible   60               -    0.00021      -  41.3  120s
 469168 105604    0.00348   59   55          -    0.00021      -  41.3  125s
 489985 111228    0.00021   46   57          -    0.00021      -  41.3  130s
 509552 115398    0.00252   70   25          -    0.00021      -  41.1  135s
 530918 120017 infeasible   67               -    0.00021      -  40.8  140s
 553899 124312    0.00021   27   50          -    0.00021      -  40.5  145s
 572936 127410 infeasible   56               -    0.00021      -  40.5  150s
 594520 131097    0.00021   47   62          -    0.00021      -  40.2  155s
 618034 138916 infeasible   77               -    0.00021      -  39.8  160s
 640263 144669 infeasible   75               -    0.00021      -  39.7  165s
 662647 151008    0.00457   79   51          -    0.00021      -  39.5  170s
 682755 156363    0.00213   52   53          -    0.00021      -  39.3  175s
 699694 159111    0.00266   47   35          -    0.00021      -  39.4  180s
 718233 163486    0.00298   47   36          -    0.00021      -  39.5  185s
 737490 167755 infeasible   51               -    0.00021      -  39.6  190s
 757655 171721    0.00021   46   56          -    0.00021      -  39.6  195s
 780838 177613 infeasible   49               -    0.00021      -  39.3  200s
 798893 182019    0.00029   67   51          -    0.00021      -  39.2  205s
 822165 188400 infeasible   70               -    0.00021      -  38.8  210s
 842764 194277 infeasible   69               -    0.00021      -  38.5  215s
 865427 199521 infeasible   70               -    0.00021      -  38.3  220s
 885641 202620 infeasible   53               -    0.00021      -  38.1  225s
 905973 206720 infeasible   67               -    0.00021      -  38.1  230s
 926042 211357 infeasible   54               -    0.00021      -  38.0  235s
 946434 216905    0.00350   70   37          -    0.00021      -  37.9  240s
 968913 221800    0.00082   58   55          -    0.00021      -  37.6  245s
 991010 228794 infeasible   78               -    0.00021      -  37.5  250s
 1011587 233451    0.00021   68   52          -    0.00021      -  37.4  255s
 1035275 238568    0.00357   86   46          -    0.00021      -  37.3  260s
 1057374 243832    0.00212   54   43          -    0.00021      -  37.1  265s
 1078917 247824 infeasible   73               -    0.00021      -  37.1  270s
 1102308 252211 infeasible   69               -    0.00021      -  37.0  275s
 1120243 256338    0.00036   57   36          -    0.00021      -  37.0  280s
 1142352 260532    0.00021   70   53          -    0.00021      -  36.9  285s
 1163880 265202    0.00052   54   55          -    0.00021      -  36.8  290s
 1185101 269502 infeasible   60               -    0.00021      -  36.8  295s
 1208093 273658 infeasible   59               -    0.00021      -  36.7  300s
 1230195 278001 infeasible   69               -    0.00021      -  36.5  305s
 1254115 282943    0.00071   59   54          -    0.00021      -  36.4  310s
 1273788 286278    0.00021   56   48          -    0.00021      -  36.4  315s
 1293197 290620    0.00258   44   37          -    0.00021      -  36.4  320s
 1316179 295354    0.00174   62   66          -    0.00021      -  36.3  325s
 1336772 299688    0.00159   67   46          -    0.00021      -  36.2  330s
 1358524 304303 infeasible   55               -    0.00021      -  36.2  335s
 1382830 308636    0.00051   49   50          -    0.00021      -  36.1  340s
 1403391 312335 infeasible   62               -    0.00021      -  36.1  345s
 1424366 316038    0.00058   60   52          -    0.00021      -  36.0  350s
 1447100 319651    0.00235   57   33          -    0.00021      -  36.0  355s
 1472852 326146    0.00155   75   53          -    0.00021      -  35.8  360s
 1494201 329720    0.00021   56   58          -    0.00021      -  35.7  365s
 1516583 333649 infeasible   57               -    0.00021      -  35.6  370s
 1546819 339637    0.00459  102   22          -    0.00021      -  35.3  375s
 1575365 345439    0.00273   63   26          -    0.00021      -  35.0  380s
 1599472 349662 infeasible   61               -    0.00021      -  34.9  385s
 1621331 353548    0.00151   62   48          -    0.00021      -  34.8  390s
 1645922 358746    0.00453   82   30          -    0.00021      -  34.7  395s
 1667613 362494    0.00093   71   44          -    0.00021      -  34.7  400s
 1692554 366625    0.00045   82   54          -    0.00021      -  34.6  405s
 1716922 370856 infeasible   67               -    0.00021      -  34.5  410s
 1739013 374009 infeasible   74               -    0.00021      -  34.4  415s
 1763118 377955    0.00048   64   47          -    0.00021      -  34.3  420s
 1787787 382339    0.00361   79   30          -    0.00021      -  34.2  425s
 1811748 386754 infeasible   72               -    0.00021      -  34.2  430s
 1832240 390227    0.00410   78   45          -    0.00021      -  34.1  435s
 1856821 395767    0.00100   71   40          -    0.00021      -  34.1  440s
 1882711 400505 infeasible   83               -    0.00021      -  34.0  445s
 1907335 405904    0.00216   66   49          -    0.00021      -  33.9  450s
*1907994 351957             106       0.0050089    0.00021  95.9%  33.9  450s
H1909634 352032                       0.0050089    0.00021  95.9%  33.9  450s
H1910285 350655                       0.0049480    0.00021  95.8%  33.9  451s
H1910902 350655                       0.0049480    0.00021  95.8%  33.9  451s
H1913936 351356                       0.0049480    0.00021  95.8%  33.9  451s
H1915202 342061                       0.0046414    0.00021  95.6%  33.9  452s
H1915510 342061                       0.0046414    0.00021  95.6%  33.9  452s
H1917950 342525                       0.0046414    0.00021  95.6%  33.9  453s
H1922206 343041                       0.0046414    0.00021  95.6%  33.9  454s
 1922215 343539    0.00021   61   58    0.00464    0.00021  95.6%  33.9  455s
H1922414 292242                       0.0035664    0.00021  94.2%  33.9  455s
H1923614 292242                       0.0035663    0.00021  94.2%  33.8  455s
H1924209 292240                       0.0035663    0.00021  94.2%  33.8  455s
 1936101 294484     cutoff   67         0.00357    0.00021  94.2%  33.8  460s
H1940586 294789                       0.0035663    0.00021  94.2%  33.8  461s
H1940724 294586                       0.0035624    0.00021  94.2%  33.8  461s
H1940838 294595                       0.0035624    0.00021  94.2%  33.8  462s
 1940963 294620     cutoff   87         0.00356    0.00021  94.2%  33.8  465s
H1942041 294843                       0.0035624    0.00021  94.2%  33.8  466s
H1946415 295347                       0.0035624    0.00021  94.2%  33.8  467s
H1947239 283265                       0.0033832    0.00021  93.9%  33.8  469s
H1947568 283261                       0.0033831    0.00021  93.9%  33.8  469s
 1950782 283800    0.00021   72   46    0.00338    0.00021  93.9%  33.7  470s
H1961713 284806                       0.0033831    0.00021  93.9%  33.7  473s
H1964710 247127                       0.0028105    0.00021  92.7%  33.7  474s
H1965988 247127                       0.0028105    0.00021  92.7%  33.7  474s
H1966167 247127                       0.0028105    0.00021  92.7%  33.7  475s
H1970659 247930                       0.0028104    0.00021  92.7%  33.7  476s
H1973925 232158                       0.0025361    0.00021  91.9%  33.7  478s
 1981722 232808    0.00062   57   49    0.00254    0.00021  91.9%  33.6  480s
H1981910 232806                       0.0025360    0.00021  91.9%  33.6  480s
H1983368 232859                       0.0025360    0.00021  91.9%  33.6  480s
H1984279 232855                       0.0025360    0.00021  91.9%  33.6  480s
H1994809 233654                       0.0025360    0.00021  91.9%  33.6  484s
 1996795 233688    0.00021   53   45    0.00254    0.00021  91.9%  33.6  485s
H1996798 225855                       0.0024495    0.00021  91.6%  33.6  485s
H2008312 227199                       0.0024495    0.00021  91.6%  33.6  489s
 2010476 227265    0.00021   71   36    0.00245    0.00021  91.6%  33.5  490s
H2021771 227871                       0.0024495    0.00021  91.6%  33.5  494s
 2024465 228030     cutoff   61         0.00245    0.00021  91.6%  33.5  495s
 2039908 228923 infeasible   64         0.00245    0.00021  91.6%  33.4  500s
 2053123 230233     cutoff   61         0.00245    0.00021  91.6%  33.4  505s
 2067033 231280 infeasible   56         0.00245    0.00021  91.6%  33.4  510s
H2075567 231829                       0.0024495    0.00021  91.6%  33.4  512s
H2078117 210330                       0.0020963    0.00021  90.2%  33.4  513s
 2083388 210571     cutoff   70         0.00210    0.00021  90.2%  33.4  515s
H2095685 212014                       0.0020963    0.00021  90.2%  33.3  518s
H2098265 212224                       0.0020963    0.00021  90.2%  33.3  519s
H2098846 212410                       0.0020963    0.00021  90.2%  33.3  519s
 2101040 212480    0.00021   65   46    0.00210    0.00021  90.2%  33.3  520s
H2102880 212516                       0.0020963    0.00021  90.2%  33.3  521s
H2103584 212516                       0.0020963    0.00021  90.2%  33.3  521s
H2103752 212639                       0.0020963    0.00021  90.2%  33.3  521s
 2114924 213107     cutoff   77         0.00210    0.00021  90.2%  33.3  525s
 2132900 214070 infeasible   68         0.00210    0.00021  90.2%  33.2  530s
 2148391 215308    0.00021   60   46    0.00210    0.00021  90.2%  33.2  535s
H2153148 215452                       0.0020963    0.00021  90.2%  33.2  535s
 2166394 216219    0.00021   76   44    0.00210    0.00021  90.2%  33.1  540s
 2183578 217256    0.00084   54   45    0.00210    0.00021  90.2%  33.1  545s
H2184785 217256                       0.0020963    0.00021  90.2%  33.1  546s
H2187368 217579                       0.0020962    0.00021  90.2%  33.1  547s
 2198297 218033 infeasible   64         0.00210    0.00021  90.2%  33.1  550s
 2212954 218698    0.00078   64   55    0.00210    0.00021  90.2%  33.0  555s
 2227739 219619     cutoff   70         0.00210    0.00021  90.2%  33.1  560s
 2243981 220398     cutoff   64         0.00210    0.00021  90.2%  33.0  565s
 2261890 221764    0.00102   68   56    0.00210    0.00021  90.2%  33.0  570s
 2276110 223090    0.00035   69   43    0.00210    0.00021  90.2%  33.0  575s
 2293186 224372 infeasible   55         0.00210    0.00021  90.2%  32.9  580s
 2312105 226097     cutoff   69         0.00210    0.00021  90.2%  32.9  585s
 2327774 227884 infeasible   64         0.00210    0.00021  90.2%  32.8  590s
H2333775 224387                       0.0020319    0.00021  89.9%  32.8  591s
H2336776 224802                       0.0020319    0.00021  89.9%  32.8  592s
H2337411 224802                       0.0020319    0.00021  89.9%  32.8  592s
 2340483 225147    0.00021   63   47    0.00203    0.00021  89.9%  32.8  595s
H2341457 225147                       0.0020318    0.00021  89.9%  32.8  595s
H2346123 225399                       0.0020318    0.00021  89.9%  32.8  596s
H2349400 225713                       0.0020318    0.00021  89.9%  32.8  598s
H2349820 187881                       0.0014197    0.00021  85.5%  32.8  598s
H2351295 188058                       0.0014197    0.00021  85.5%  32.8  598s
 2353446 188295    0.00033   80   55    0.00142    0.00021  85.5%  32.8  600s
H2358596 188578                       0.0014196    0.00021  85.5%  32.8  601s
 2373737 189634    0.00023   76   46    0.00142    0.00021  85.5%  32.7  605s
H2378513 190007                       0.0014196    0.00021  85.5%  32.7  606s
H2379537 190064                       0.0014196    0.00021  85.5%  32.7  607s
 2388857 190583    0.00021   45   38    0.00142    0.00021  85.5%  32.7  610s
H2389136 190581                       0.0014196    0.00021  85.5%  32.7  610s
 2405663 191792    0.00021   53   44    0.00142    0.00021  85.5%  32.6  615s
 2422064 192627    0.00021   68   46    0.00142    0.00021  85.5%  32.6  620s
H2439094 191141                       0.0013813    0.00021  85.1%  32.6  624s
 2439582 191191    0.00021   62   47    0.00138    0.00021  85.1%  32.6  625s
H2439732 190750                       0.0013744    0.00021  85.0%  32.6  625s
H2449030 191202                       0.0013744    0.00021  85.0%  32.6  628s
H2452836 191348                       0.0013744    0.00021  85.0%  32.5  629s
 2453811 191431 infeasible   57         0.00137    0.00021  85.0%  32.5  630s
 2472647 192563    0.00050   64   47    0.00137    0.00021  85.0%  32.6  635s
 2489056 193753    0.00024   74   50    0.00137    0.00021  85.0%  32.6  640s
H2498616 194750                       0.0013744    0.00021  85.0%  32.6  642s
H2502536 191885                       0.0013233    0.00021  84.4%  32.5  643s
 2505886 192033     cutoff   59         0.00132    0.00021  84.4%  32.5  645s
H2509863 187968                       0.0012552    0.00021  83.6%  32.5  646s
 2522501 188784    0.00021   56   44    0.00126    0.00021  83.6%  32.5  650s
H2527627 188952                       0.0012552    0.00021  83.6%  32.5  651s
 2538712 189293 infeasible   69         0.00126    0.00021  83.6%  32.5  655s
H2541074 188117                       0.0012371    0.00021  83.4%  32.5  656s
 2552397 188184     cutoff   69         0.00124    0.00021  83.4%  32.5  660s
H2554884 188180                       0.0012371    0.00021  83.4%  32.5  661s
H2557864 188282                       0.0012371    0.00021  83.4%  32.5  662s
H2561617 188315                       0.0012370    0.00021  83.4%  32.5  663s
 2566345 188397    0.00021   71   45    0.00124    0.00021  83.4%  32.4  665s
H2574731 188429                       0.0012370    0.00021  83.4%  32.4  667s
 2580683 188627 infeasible   68         0.00124    0.00021  83.4%  32.4  670s
 2595333 189505     cutoff   69         0.00124    0.00021  83.4%  32.4  675s
 2607440 190151    0.00021   60   44    0.00124    0.00021  83.4%  32.4  680s
 2625024 191121    0.00021   54   56    0.00124    0.00021  83.4%  32.4  685s
 2639570 192175 infeasible   71         0.00124    0.00021  83.4%  32.4  690s
 2655493 193444    0.00021   80   45    0.00124    0.00021  83.4%  32.3  695s
 2671203 194277    0.00021   60   41    0.00124    0.00021  83.4%  32.3  700s
 2683353 194757     cutoff   60         0.00124    0.00021  83.4%  32.3  705s
 2699199 195613    0.00055   54   29    0.00124    0.00021  83.4%  32.3  710s
 2714428 196909    0.00021   59   51    0.00124    0.00021  83.4%  32.2  715s
 2729739 199183    0.00026   63   55    0.00124    0.00021  83.4%  32.2  720s
 2742422 199815    0.00021   56   44    0.00124    0.00021  83.4%  32.1  725s
 2756331 200541     cutoff   58         0.00124    0.00021  83.4%  32.2  730s
 2771215 201164    0.00051   67   55    0.00124    0.00021  83.4%  32.2  735s
 2785606 201970 infeasible   59         0.00124    0.00021  83.4%  32.2  740s
H2792167 202354                       0.0012370    0.00021  83.4%  32.2  742s
H2794597 202488                       0.0012370    0.00021  83.4%  32.2  743s
 2799418 202576    0.00021   58   44    0.00124    0.00021  83.4%  32.2  745s
H2804229 202657                       0.0012370    0.00021  83.4%  32.1  746s
H2805142 202654                       0.0012370    0.00021  83.4%  32.1  747s
H2805744 202641                       0.0012370    0.00021  83.4%  32.2  748s
 2810683 202804 infeasible   64         0.00124    0.00021  83.4%  32.1  750s
H2813212 192743                       0.0010933    0.00021  81.2%  32.1  750s
H2819463 193010                       0.0010933    0.00021  81.2%  32.1  753s
H2823380 193104                       0.0010933    0.00021  81.2%  32.1  754s
 2824392 193145    0.00021   63   44    0.00109    0.00021  81.2%  32.1  755s
 2838057 193275    0.00021   44   60    0.00109    0.00021  81.2%  32.2  760s
 2851987 193901    0.00032   80   32    0.00109    0.00021  81.2%  32.2  765s
 2867048 194701    0.00021   60   43    0.00109    0.00021  81.2%  32.1  770s
H2867050 194701                       0.0010933    0.00021  81.2%  32.1  770s
H2868354 194884                       0.0010933    0.00021  81.2%  32.1  771s
 2880909 195787 infeasible   83         0.00109    0.00021  81.2%  32.1  775s
 2894152 196700    0.00022   62   57    0.00109    0.00021  81.2%  32.1  780s
H2904082 197569                       0.0010933    0.00021  81.2%  32.1  783s
H2906557 197599                       0.0010933    0.00021  81.2%  32.1  784s
 2907335 197606    0.00021   61   56    0.00109    0.00021  81.2%  32.1  785s
 2919129 198333    0.00021   71   44    0.00109    0.00021  81.2%  32.1  790s
 2933484 198481    0.00021   55   34    0.00109    0.00021  81.2%  32.1  795s
 2945857 199184    0.00021   60   48    0.00109    0.00021  81.2%  32.1  800s
 2962285 199875    0.00021   61   44    0.00109    0.00021  81.2%  32.1  805s
H2972888 200304                       0.0010932    0.00021  81.2%  32.1  808s
H2973939 200548                       0.0010932    0.00021  81.2%  32.1  809s
H2975373 200548                       0.0010932    0.00021  81.2%  32.1  809s
 2976929 200873    0.00021   64   57    0.00109    0.00021  81.2%  32.1  810s
 2989120 201395 infeasible   51         0.00109    0.00021  81.2%  32.1  815s
 2999485 201467 infeasible   57         0.00109    0.00021  81.2%  32.1  820s
 3012352 202406    0.00084   69   33    0.00109    0.00021  81.2%  32.1  825s
 3029127 203191    0.00021   50   58    0.00109    0.00021  81.2%  32.1  830s
 3042782 205044 infeasible   52         0.00109    0.00021  81.2%  32.1  835s
H3043901 200594                       0.0010401    0.00021  80.2%  32.0  835s
H3049692 200998                       0.0010401    0.00021  80.2%  32.0  837s
H3052650 189297                       0.0008961    0.00021  77.0%  32.0  838s
H3053300 189297                       0.0008961    0.00021  77.0%  32.0  838s
 3056016 189457    0.00065   78   50    0.00090    0.00021  77.0%  32.0  840s
H3057614 189789                       0.0008961    0.00021  77.0%  32.0  840s
 3067762 191322 infeasible   59         0.00090    0.00021  77.0%  32.1  846s
 3077378 192701     cutoff   74         0.00090    0.00021  77.0%  32.1  850s
 3087103 193788    0.00021   40   68    0.00090    0.00021  77.0%  32.1  855s
 3098865 195101     cutoff   57         0.00090    0.00021  77.0%  32.1  860s
 3111259 196205 infeasible   53         0.00090    0.00021  77.0%  32.1  865s
 3123809 197208    0.00021   58   43    0.00090    0.00021  77.0%  32.0  870s
 3136189 198153     cutoff   66         0.00090    0.00021  77.0%  32.0  876s
 3143311 199025    0.00021   42   52    0.00090    0.00021  77.0%  32.1  880s
 3152589 200225    0.00021   56   46    0.00090    0.00021  77.0%  32.1  885s
 3162965 201766 infeasible   66         0.00090    0.00021  77.0%  32.1  890s
 3171908 202917    0.00087   56   44    0.00090    0.00021  77.0%  32.1  895s
 3184929 204055     cutoff   51         0.00090    0.00021  77.0%  32.1  900s
 3196455 205557     cutoff   57         0.00090    0.00021  77.0%  32.1  905s
 3207077 207031 infeasible   44         0.00090    0.00021  77.0%  32.1  910s
 3217371 208360    0.00046   77   56    0.00090    0.00021  77.0%  32.1  915s
 3226602 210043    0.00021   51   46    0.00090    0.00021  77.0%  32.1  920s
 3238968 211856    0.00021   64   41    0.00090    0.00021  77.0%  32.1  925s
 3251169 213681    0.00081   48   51    0.00090    0.00021  77.0%  32.1  930s
 3263808 215228    0.00037   49   60    0.00090    0.00021  77.0%  32.1  935s
 3275673 217173    0.00021   46   35    0.00090    0.00021  77.0%  32.1  940s
 3287789 219067    0.00021   53   56    0.00090    0.00021  77.0%  32.1  945s
 3299038 220606    0.00021   53   46    0.00090    0.00021  77.0%  32.1  950s
 3310227 222580    0.00021   69   55    0.00090    0.00021  77.0%  32.1  955s
 3321080 223626    0.00021   47   47    0.00090    0.00021  77.0%  32.1  960s
 3334786 226444    0.00021   56   54    0.00090    0.00021  77.0%  32.1  965s
 3346417 229200    0.00036   66   51    0.00090    0.00021  77.0%  32.1  970s
 3359045 231624    0.00021   75   43    0.00090    0.00021  77.0%  32.1  975s
 3370466 234517 infeasible   85         0.00090    0.00021  77.0%  32.1  980s
 3385274 237862     cutoff   59         0.00090    0.00021  77.0%  32.1  985s
 3395964 239612    0.00021   58   40    0.00090    0.00021  77.0%  32.1  990s
 3409470 242011 infeasible   64         0.00090    0.00021  77.0%  32.1  995s
 3420734 243845    0.00021   53   63    0.00090    0.00021  77.0%  32.1 1000s
 3432361 246535 infeasible   77         0.00090    0.00021  77.0%  32.1 1005s
 3446713 248696    0.00084   65   36    0.00090    0.00021  77.0%  32.0 1010s
 3458038 250059    0.00021   52   46    0.00090    0.00021  77.0%  32.0 1015s
 3467832 251468     cutoff   74         0.00090    0.00021  77.0%  32.0 1020s
 3480563 253561     cutoff   66         0.00090    0.00021  77.0%  32.0 1025s
 3493693 255210     cutoff   73         0.00090    0.00021  77.0%  32.0 1030s
 3506707 257117    0.00023   61   46    0.00090    0.00021  77.0%  32.1 1035s
 3518219 259025    0.00021   62   46    0.00090    0.00021  77.0%  32.1 1040s
 3527808 260002    0.00021   49   49    0.00090    0.00021  77.0%  32.1 1045s
 3539438 261524     cutoff   61         0.00090    0.00021  77.0%  32.0 1050s
 3554449 263516     cutoff   62         0.00090    0.00021  77.0%  32.0 1055s
 3567364 265342    0.00050   74   37    0.00090    0.00021  77.0%  32.0 1060s
 3579198 266663    0.00043   73   37    0.00090    0.00021  77.0%  32.1 1065s
 3591089 267956    0.00042   83   52    0.00090    0.00021  77.0%  32.1 1070s
 3604612 268750    0.00022   77   41    0.00090    0.00021  77.0%  32.0 1075s
 3613960 269418    0.00021   55   54    0.00090    0.00021  77.0%  32.1 1080s
 3626013 271108    0.00059   53   49    0.00090    0.00021  77.0%  32.1 1086s
 3635535 273000    0.00022   52   53    0.00090    0.00021  77.0%  32.1 1090s
 3646592 274529    0.00021   52   40    0.00090    0.00021  77.0%  32.1 1095s
 3658287 277343    0.00068   72   55    0.00090    0.00021  77.0%  32.1 1100s
 3670024 279654    0.00021   67   44    0.00090    0.00021  77.0%  32.1 1105s
 3682280 282455    0.00021   52   45    0.00090    0.00021  77.0%  32.1 1110s
 3694942 285148    0.00035   69   43    0.00090    0.00021  77.0%  32.1 1115s
 3708062 288635    0.00021   66   53    0.00090    0.00021  77.0%  32.1 1120s
 3719184 290942 infeasible   62         0.00090    0.00021  77.0%  32.0 1125s
 3732642 293156    0.00021   74   33    0.00090    0.00021  77.0%  32.0 1130s
 3745659 294437 infeasible   83         0.00090    0.00021  77.0%  32.0 1135s
H3748941 295040                       0.0008961    0.00021  77.0%  32.0 1136s
 3757810 295991     cutoff   74         0.00090    0.00021  77.0%  32.0 1140s
 3769608 297906     cutoff   44         0.00090    0.00021  77.0%  32.0 1145s
H3770980 298059                       0.0008960    0.00021  77.0%  32.0 1146s
 3781575 299655    0.00053   76   54    0.00090    0.00021  77.0%  32.0 1150s
 3795314 301775 infeasible   58         0.00090    0.00021  77.0%  32.0 1155s
 3805565 304434     cutoff   60         0.00090    0.00021  77.0%  32.0 1160s
 3819570 306278    0.00021   52   56    0.00090    0.00021  77.0%  32.0 1165s
 3831557 308374    0.00021   56   37    0.00090    0.00021  77.0%  32.0 1170s
 3843719 310340    0.00021   71   53    0.00090    0.00021  77.0%  32.0 1175s
 3861192 314269    0.00022   55   45    0.00090    0.00021  77.0%  32.0 1180s
 3872556 316139     cutoff   78         0.00090    0.00021  77.0%  32.0 1185s
 3884208 317160    0.00021   84   46    0.00090    0.00021  77.0%  31.9 1190s
 3896445 317931     cutoff   65         0.00090    0.00021  77.0%  31.9 1195s
 3908492 319038 infeasible   66         0.00090    0.00021  77.0%  31.9 1200s
H3912880 319280                       0.0008959    0.00021  77.0%  31.9 1201s
 3923800 320963     cutoff   54         0.00090    0.00021  77.0%  31.9 1205s
H3926471 321340                       0.0008959    0.00021  77.0%  31.9 1207s
 3934691 322576    0.00086   83   35    0.00090    0.00021  77.0%  31.9 1210s
 3948080 324633 infeasible   67         0.00090    0.00021  77.0%  31.9 1215s
 3962397 326697 infeasible   96         0.00090    0.00021  77.0%  31.9 1220s
 3978782 329499    0.00084   81   42    0.00090    0.00021  77.0%  31.9 1225s
 3988352 331237    0.00021   66   44    0.00090    0.00021  77.0%  31.9 1230s
 4000333 334043    0.00021   73   40    0.00090    0.00021  77.0%  31.9 1235s
 4015245 336174    0.00084   77   30    0.00090    0.00021  77.0%  31.9 1240s
 4027851 338266    0.00058   76   41    0.00090    0.00021  77.0%  31.9 1245s
 4039950 340203    0.00084   53   39    0.00090    0.00021  77.0%  31.9 1250s
 4052002 341786    0.00021   83   55    0.00090    0.00021  77.0%  31.9 1255s
 4063971 343185 infeasible   55         0.00090    0.00021  77.0%  31.9 1260s
 4076758 344595    0.00021   72   44    0.00090    0.00021  77.0%  31.9 1265s
H4081813 345173                       0.0008959    0.00021  77.0%  31.9 1266s
H4082568 345215                       0.0008959    0.00021  77.0%  31.9 1267s
 4090176 346635    0.00021   73   45    0.00090    0.00021  77.0%  31.9 1270s
 4103103 348886 infeasible   60         0.00090    0.00021  77.0%  31.9 1275s
 4117012 351211     cutoff   60         0.00090    0.00021  77.0%  31.8 1280s
 4131627 352940     cutoff   48         0.00090    0.00021  77.0%  31.8 1286s
 4139666 354058     cutoff   60         0.00090    0.00021  77.0%  31.8 1290s
 4151431 355008    0.00021   64   60    0.00090    0.00021  77.0%  31.8 1295s
 4162364 355961 infeasible   60         0.00090    0.00021  77.0%  31.8 1300s
 4175561 357907     cutoff   70         0.00090    0.00021  77.0%  31.8 1305s
 4194015 361239 infeasible   80         0.00090    0.00021  77.0%  31.8 1310s
 4209058 365548    0.00035   83   41    0.00090    0.00021  77.0%  31.8 1315s
 4225359 369609    0.00032   67   49    0.00090    0.00021  77.0%  31.8 1320s
 4244377 372289    0.00027   77   45    0.00090    0.00021  77.0%  31.8 1325s
 4261600 375000    0.00021   61   48    0.00090    0.00021  77.0%  31.7 1330s
 4279422 377189    0.00021   68   50    0.00090    0.00021  77.0%  31.7 1335s
 4294766 379308    0.00021   39   54    0.00090    0.00021  77.0%  31.7 1340s
 4311906 381240 infeasible   89         0.00090    0.00021  77.0%  31.7 1345s
 4327982 382949 infeasible   54         0.00090    0.00021  77.0%  31.7 1350s
 4345002 384261    0.00021   73   46    0.00090    0.00021  77.0%  31.7 1355s
 4359623 385877    0.00024   57   56    0.00090    0.00021  77.0%  31.7 1360s
 4376049 387920    0.00027   66   58    0.00090    0.00021  77.0%  31.7 1365s
 4394422 389735    0.00058   59   46    0.00090    0.00021  77.0%  31.7 1370s
 4412319 391424    0.00021   70   54    0.00090    0.00021  77.0%  31.7 1375s
 4427910 393205 infeasible  100         0.00090    0.00021  77.0%  31.7 1380s
 4443534 395477 infeasible   70         0.00090    0.00021  77.0%  31.7 1386s
 4458461 397388     cutoff   64         0.00090    0.00021  77.0%  31.7 1390s
 4474363 400323    0.00021   43   64    0.00090    0.00021  77.0%  31.8 1395s
H4482171 401475                       0.0008959    0.00021  77.0%  31.8 1397s
H4487328 402704                       0.0008958    0.00021  77.0%  31.8 1399s
 4488656 403109     cutoff   50         0.00090    0.00021  77.0%  31.8 1400s
 4507875 406194     cutoff   61         0.00090    0.00021  77.0%  31.7 1405s
 4527273 409532    0.00021   76   32    0.00090    0.00021  77.0%  31.7 1410s
 4543223 411849    0.00021   57   37    0.00090    0.00021  77.0%  31.7 1415s
 4559874 414932    0.00066   90   55    0.00090    0.00021  77.0%  31.7 1420s
 4576625 417506    0.00021   77   45    0.00090    0.00021  77.0%  31.7 1425s
 4591989 419679 infeasible   80         0.00090    0.00021  77.0%  31.7 1430s
 4608317 421642    0.00021   72   44    0.00090    0.00021  77.0%  31.6 1435s
 4628663 424311 infeasible   60         0.00090    0.00021  77.0%  31.6 1440s
 4644097 426602    0.00023   60   49    0.00090    0.00021  77.0%  31.6 1445s
 4660524 429314    0.00083   81   35    0.00090    0.00021  77.0%  31.6 1450s
 4679255 431144     cutoff   63         0.00090    0.00021  77.0%  31.6 1455s
 4691136 432511 infeasible   60         0.00090    0.00021  77.0%  31.6 1460s
 4709219 434487    0.00021   67   56    0.00090    0.00021  77.0%  31.6 1465s
 4723287 436173    0.00086   82   48    0.00090    0.00021  77.0%  31.6 1470s
 4740980 439087    0.00021   59   49    0.00090    0.00021  77.0%  31.6 1475s
 4756392 441110     cutoff   68         0.00090    0.00021  77.0%  31.6 1480s
 4775248 443224    0.00050   65   58    0.00090    0.00021  77.0%  31.6 1485s
 4792117 445122    0.00021   70   43    0.00090    0.00021  77.0%  31.6 1490s
 4814116 447772    0.00079   90   54    0.00090    0.00021  77.0%  31.6 1495s
 4831561 449774    0.00040   71   43    0.00090    0.00021  77.0%  31.6 1501s
 4844552 451604    0.00021   65   48    0.00090    0.00021  77.0%  31.6 1505s
 4859220 453223     cutoff   57         0.00090    0.00021  77.0%  31.6 1510s
 4873418 454369     cutoff   57         0.00090    0.00021  77.0%  31.6 1515s
 4887444 455805    0.00047   81   43    0.00090    0.00021  77.0%  31.6 1520s
H4889467 456172                       0.0008958    0.00021  77.0%  31.6 1521s
H4898570 456253                       0.0008856    0.00021  76.8%  31.6 1523s
H4899469 456242                       0.0008855    0.00021  76.8%  31.6 1523s
 4905678 457230    0.00026   67   59    0.00089    0.00021  76.8%  31.6 1525s
H4909509 457794                       0.0008855    0.00021  76.8%  31.6 1527s
H4914831 458349                       0.0008855    0.00021  76.8%  31.6 1527s
H4919105 459043                       0.0008855    0.00021  76.8%  31.6 1529s
 4922266 459211    0.00021   57   48    0.00089    0.00021  76.8%  31.6 1530s
H4927625 457351                       0.0008726    0.00021  76.4%  31.6 1532s
 4938448 459082     cutoff   71         0.00087    0.00021  76.4%  31.6 1535s
H4938747 459080                       0.0008726    0.00021  76.4%  31.6 1535s
H4939596 459080                       0.0008726    0.00021  76.4%  31.6 1535s
H4950330 460389                       0.0008726    0.00021  76.4%  31.6 1538s
H4950782 460547                       0.0008726    0.00021  76.4%  31.6 1539s
H4951589 460547                       0.0008726    0.00021  76.4%  31.6 1539s
 4953994 460926     cutoff   58         0.00087    0.00021  76.4%  31.6 1540s
 4970089 462404 infeasible   65         0.00087    0.00021  76.4%  31.5 1545s
 4987853 464128 infeasible   67         0.00087    0.00021  76.4%  31.5 1550s
 5006827 465693    0.00024   74   44    0.00087    0.00021  76.4%  31.5 1555s
H5009988 466043                       0.0008725    0.00021  76.4%  31.5 1556s
H5020756 467145                       0.0008725    0.00021  76.4%  31.5 1559s
 5024045 467539     cutoff   59         0.00087    0.00021  76.4%  31.5 1560s
H5030071 468125                       0.0008725    0.00021  76.4%  31.5 1562s
H5041191 469333                       0.0008725    0.00021  76.4%  31.5 1565s
 5056824 473099 infeasible   56         0.00087    0.00021  76.4%  31.5 1570s
 5071858 474982 infeasible   72         0.00087    0.00021  76.4%  31.5 1575s
 5088109 476415     cutoff   88         0.00087    0.00021  76.4%  31.5 1580s
 5104014 477641    0.00084   58   40    0.00087    0.00021  76.4%  31.5 1585s
 5122333 479772    0.00025   69   57    0.00087    0.00021  76.4%  31.5 1590s
 5138104 481743    0.00027   64   46    0.00087    0.00021  76.4%  31.5 1595s
 5154703 482869    0.00021   65   43    0.00087    0.00021  76.4%  31.5 1600s
 5170288 484267    0.00031   63   46    0.00087    0.00021  76.4%  31.5 1605s
 5186201 485354 infeasible   78         0.00087    0.00021  76.4%  31.5 1610s
 5205300 489653    0.00021   76   46    0.00087    0.00021  76.4%  31.5 1615s
 5225499 494636    0.00026   92   36    0.00087    0.00021  76.4%  31.5 1620s
 5242897 498419     cutoff   98         0.00087    0.00021  76.4%  31.4 1625s
 5262396 501021    0.00024   96   48    0.00087    0.00021  76.4%  31.4 1630s
 5276015 502553 infeasible   79         0.00087    0.00021  76.4%  31.4 1635s
H5290711 504183                       0.0008725    0.00021  76.4%  31.4 1639s
H5294375 404141                       0.0008245    0.00021  75.0%  31.4 1640s
H5294559 404417                       0.0008245    0.00021  75.0%  31.4 1640s
H5296190 404105                       0.0008216    0.00021  74.9%  31.4 1641s
H5297792 404308                       0.0008216    0.00021  74.9%  31.4 1641s
H5298205 404308                       0.0008216    0.00021  74.9%  31.4 1641s
H5300181 404530                       0.0008216    0.00021  74.9%  31.3 1643s
H5303529 404454                       0.0008166    0.00021  74.8%  31.3 1644s
 5305911 405213     cutoff   73         0.00082    0.00021  74.8%  31.3 1645s
H5313315 406398                       0.0008166    0.00021  74.8%  31.3 1648s
 5318113 407240    0.00039   67   53    0.00082    0.00021  74.8%  31.3 1650s
H5322564 407888                       0.0008165    0.00021  74.8%  31.3 1651s
H5328174 408268                       0.0008105    0.00021  74.6%  31.3 1653s
H5328766 408268                       0.0008105    0.00021  74.6%  31.3 1653s
 5334557 409007     cutoff   88         0.00081    0.00021  74.6%  31.3 1655s
H5341712 410162                       0.0008105    0.00021  74.6%  31.3 1657s
H5341842 410162                       0.0008105    0.00021  74.6%  31.3 1657s
 5346568 411046    0.00070   80   44    0.00081    0.00021  74.6%  31.3 1660s
H5347191 411046                       0.0008105    0.00021  74.6%  31.3 1660s
 5362546 413919    0.00033   71   48    0.00081    0.00021  74.6%  31.3 1665s
H5366220 414310                       0.0008105    0.00021  74.6%  31.3 1666s
 5380871 416019    0.00029   88   45    0.00081    0.00021  74.6%  31.2 1670s
 5402626 418974 infeasible   76         0.00081    0.00021  74.6%  31.2 1675s
 5418114 420728    0.00054   68   46    0.00081    0.00021  74.6%  31.2 1680s
 5431800 422191     cutoff   67         0.00081    0.00021  74.6%  31.1 1685s
 5450133 425156    0.00021   92   48    0.00081    0.00021  74.6%  31.1 1690s
 5469868 427252    0.00021   99   51    0.00081    0.00021  74.6%  31.1 1695s
H5475050 427710                       0.0008105    0.00021  74.6%  31.1 1697s
 5486246 429136 infeasible   87         0.00081    0.00021  74.6%  31.1 1700s
H5489399 429372                       0.0008104    0.00021  74.6%  31.1 1701s
 5502206 430461 infeasible   84         0.00081    0.00021  74.6%  31.1 1705s
 5519311 433687 infeasible   81         0.00081    0.00021  74.6%  31.0 1710s
 5537884 436338    0.00022   66   56    0.00081    0.00021  74.6%  31.0 1715s
H5547341 436866                       0.0008104    0.00021  74.6%  31.0 1718s
 5555397 437640     cutoff   68         0.00081    0.00021  74.6%  31.0 1720s
 5572473 438739 infeasible   74         0.00081    0.00021  74.6%  31.0 1725s
 5592333 439979     cutoff   70         0.00081    0.00021  74.6%  31.0 1730s
 5608080 441242    0.00021   61   51    0.00081    0.00021  74.6%  31.0 1735s
 5626426 442567    0.00021   62   46    0.00081    0.00021  74.6%  31.0 1740s
H5626549 442562                       0.0008104    0.00021  74.6%  31.0 1740s
 5638524 443851    0.00047   66   36    0.00081    0.00021  74.6%  31.0 1745s
 5654519 444962    0.00032   48   46    0.00081    0.00021  74.6%  31.0 1750s
 5674559 447159    0.00032   64   57    0.00081    0.00021  74.6%  30.9 1755s
 5692993 449867    0.00029   77   47    0.00081    0.00021  74.6%  30.9 1760s
H5693041 450013                       0.0008104    0.00021  74.6%  30.9 1761s
H5693315 449903                       0.0008094    0.00021  74.6%  30.9 1761s
H5694626 449906                       0.0008094    0.00021  74.6%  30.9 1762s
H5694628 449906                       0.0008094    0.00021  74.6%  30.9 1762s
 5702818 451082     cutoff   88         0.00081    0.00021  74.6%  30.9 1765s
H5710106 451658                       0.0008094    0.00021  74.6%  30.9 1767s
 5717798 452857    0.00077   77   44    0.00081    0.00021  74.6%  30.9 1770s
 5734724 454603     cutoff   76         0.00081    0.00021  74.6%  30.9 1775s
H5741857 455500                       0.0008094    0.00021  74.6%  30.9 1776s
 5751018 456647    0.00021   59   49    0.00081    0.00021  74.6%  30.9 1780s
 5768584 459099    0.00047   76   60    0.00081    0.00021  74.6%  30.9 1785s
 5786969 461344     cutoff   58         0.00081    0.00021  74.6%  30.9 1790s
 5805859 463539     cutoff   59         0.00081    0.00021  74.6%  30.9 1795s
 5819953 465323     cutoff   64         0.00081    0.00021  74.6%  30.9 1800s
 5839777 468046    0.00021   76   45    0.00081    0.00021  74.6%  30.8 1805s
 5857995 469809    0.00021   74   45    0.00081    0.00021  74.6%  30.8 1810s
H5860620 469782                       0.0008079    0.00021  74.5%  30.8 1810s
 5876131 471400     cutoff   78         0.00081    0.00021  74.5%  30.8 1815s
 5899816 473073 infeasible   77         0.00081    0.00021  74.5%  30.8 1820s
H5912220 474336                       0.0008079    0.00021  74.5%  30.8 1823s
 5918357 475238 infeasible   80         0.00081    0.00021  74.5%  30.8 1825s
H5918358 475233                       0.0008079    0.00021  74.5%  30.8 1825s
 5938620 477246     cutoff   71         0.00081    0.00021  74.5%  30.8 1830s
 5952346 478705     cutoff   62         0.00081    0.00021  74.5%  30.8 1835s
 5968397 480039    0.00042   57   51    0.00081    0.00021  74.5%  30.8 1840s
 5987502 480884    0.00021   74   41    0.00081    0.00021  74.5%  30.7 1845s
 6006478 481863    0.00021   66   56    0.00081    0.00021  74.5%  30.7 1850s
 6023032 482459    0.00021   54   58    0.00081    0.00021  74.5%  30.7 1855s
 6039133 483428    0.00021   68   44    0.00081    0.00021  74.5%  30.7 1860s
 6058507 485070     cutoff   75         0.00081    0.00021  74.5%  30.7 1865s
 6083214 487127    0.00021   74   44    0.00081    0.00021  74.5%  30.6 1871s
 6099343 488108     cutoff   63         0.00081    0.00021  74.5%  30.6 1875s
 6112753 488908    0.00021   62   36    0.00081    0.00021  74.5%  30.6 1880s
 6125377 490507    0.00054   75   52    0.00081    0.00021  74.5%  30.6 1885s
 6141054 491932 infeasible   82         0.00081    0.00021  74.5%  30.6 1890s
 6154734 493566    0.00021   55   45    0.00081    0.00021  74.5%  30.6 1895s
 6169125 495420    0.00073   74   52    0.00081    0.00021  74.5%  30.6 1900s
 6185888 497392    0.00021   47   63    0.00081    0.00021  74.5%  30.6 1905s
H6197711 499008                       0.0008079    0.00021  74.5%  30.6 1908s
 6202284 499662    0.00021   87   38    0.00081    0.00021  74.5%  30.6 1910s
 6221306 502515     cutoff   58         0.00081    0.00021  74.5%  30.6 1915s
 6237363 504952    0.00021   64   47    0.00081    0.00021  74.5%  30.6 1920s
 6252810 507030    0.00021   80   45    0.00081    0.00021  74.5%  30.6 1925s
 6274554 509990    0.00023   71   41    0.00081    0.00021  74.5%  30.6 1930s
 6290777 511366 infeasible   62         0.00081    0.00021  74.5%  30.6 1936s
 6304627 513124     cutoff   54         0.00081    0.00021  74.5%  30.6 1940s
 6320125 515062    0.00079   90   42    0.00081    0.00021  74.5%  30.5 1945s
 6337324 518087    0.00021   83   44    0.00081    0.00021  74.5%  30.5 1950s
 6355185 520724    0.00021   83   31    0.00081    0.00021  74.5%  30.5 1955s
 6373734 522327    0.00021   53   53    0.00081    0.00021  74.5%  30.5 1960s
H6388079 523937                       0.0008079    0.00021  74.5%  30.5 1963s
H6389470 524000                       0.0008079    0.00021  74.5%  30.5 1963s
 6389960 523999    0.00030   59   47    0.00081    0.00021  74.5%  30.5 1965s
 6406697 525633 infeasible   57         0.00081    0.00021  74.5%  30.5 1970s
 6423415 526814     cutoff   70         0.00081    0.00021  74.5%  30.5 1975s
H6440497 529053                       0.0008079    0.00021  74.5%  30.5 1979s
 6440925 529110    0.00021   69   45    0.00081    0.00021  74.5%  30.5 1980s
 6456843 530996 infeasible   78         0.00081    0.00021  74.5%  30.5 1985s
 6476281 533683    0.00021   64   59    0.00081    0.00021  74.5%  30.4 1990s
 6492828 534841    0.00060   87   38    0.00081    0.00021  74.5%  30.4 1995s
 6511829 537304    0.00063   84   32    0.00081    0.00021  74.5%  30.4 2000s
 6525320 538365 infeasible   63         0.00081    0.00021  74.5%  30.4 2005s
 6541287 539443     cutoff   57         0.00081    0.00021  74.5%  30.4 2010s
 6559213 540986     cutoff   58         0.00081    0.00021  74.5%  30.4 2015s
 6577922 542191    0.00021   94   37    0.00081    0.00021  74.5%  30.4 2020s
 6596997 543009    0.00057   81   53    0.00081    0.00021  74.5%  30.4 2025s
 6614455 544103     cutoff   67         0.00081    0.00021  74.5%  30.4 2030s
 6629863 544496    0.00021   71   37    0.00081    0.00021  74.5%  30.4 2035s
 6647419 545199    0.00021   57   52    0.00081    0.00021  74.5%  30.4 2040s
 6664611 546235     cutoff   61         0.00081    0.00021  74.5%  30.4 2045s
 6684750 547490    0.00021   61   55    0.00081    0.00021  74.5%  30.3 2051s
 6701335 548904     cutoff   60         0.00081    0.00021  74.5%  30.3 2055s
 6715752 549997     cutoff   61         0.00081    0.00021  74.5%  30.3 2060s
 6732053 551087    0.00021   55   46    0.00081    0.00021  74.5%  30.3 2065s
 6748701 551484     cutoff   70         0.00081    0.00021  74.5%  30.4 2070s
 6764791 551939     cutoff   68         0.00081    0.00021  74.5%  30.4 2075s
 6782199 552393    0.00021   67   39    0.00081    0.00021  74.5%  30.4 2080s
 6800150 554749    0.00026   45   50    0.00081    0.00021  74.5%  30.4 2085s
 6822799 557724 infeasible   55         0.00081    0.00021  74.5%  30.4 2090s
 6839609 560730 infeasible   69         0.00081    0.00021  74.5%  30.4 2095s
 6856933 563379    0.00021   61   45    0.00081    0.00021  74.5%  30.4 2100s
 6875562 565008 infeasible   66         0.00081    0.00021  74.5%  30.3 2105s
 6893420 566373    0.00021   75   45    0.00081    0.00021  74.5%  30.3 2110s
 6911614 568121     cutoff   67         0.00081    0.00021  74.5%  30.3 2115s
 6930138 569373 infeasible   79         0.00081    0.00021  74.5%  30.3 2120s
 6944217 570958    0.00021   85   45    0.00081    0.00021  74.5%  30.3 2125s
 6960712 573010     cutoff   66         0.00081    0.00021  74.5%  30.3 2130s
 6978697 573795 infeasible   63         0.00081    0.00021  74.5%  30.3 2135s
 6996028 574773    0.00034   54   55    0.00081    0.00021  74.5%  30.3 2140s
 7016018 575840     cutoff   68         0.00081    0.00021  74.5%  30.3 2145s
 7030446 576604 infeasible   64         0.00081    0.00021  74.5%  30.3 2150s
 7052684 577643    0.00021   64   50    0.00081    0.00021  74.5%  30.3 2155s
 7068407 578936 infeasible   57         0.00081    0.00021  74.5%  30.2 2160s
 7085088 580779     cutoff   72         0.00081    0.00021  74.5%  30.2 2165s
 7103390 582494     cutoff   63         0.00081    0.00021  74.5%  30.2 2170s
 7116666 584406     cutoff   76         0.00081    0.00021  74.5%  30.2 2175s
 7130264 585123 infeasible   63         0.00081    0.00021  74.5%  30.2 2180s
 7150965 585955 infeasible   65         0.00081    0.00021  74.5%  30.2 2185s
 7164239 587113    0.00021   66   53    0.00081    0.00021  74.5%  30.2 2190s
 7182850 589092    0.00021   70   55    0.00081    0.00021  74.5%  30.2 2195s
 7198629 591535    0.00021   62   46    0.00081    0.00021  74.5%  30.2 2200s
 7216300 594373     cutoff   74         0.00081    0.00021  74.5%  30.2 2205s
 7235663 596057    0.00078   73   42    0.00081    0.00021  74.5%  30.2 2210s
 7253487 597223    0.00021   69   56    0.00081    0.00021  74.5%  30.2 2215s
 7270343 598834    0.00021   65   37    0.00081    0.00021  74.5%  30.2 2220s
 7286363 599996     cutoff   59         0.00081    0.00021  74.5%  30.2 2225s
 7302558 600882     cutoff   62         0.00081    0.00021  74.5%  30.2 2230s
 7319554 601530 infeasible   52         0.00081    0.00021  74.5%  30.2 2235s
 7341137 603499     cutoff   60         0.00081    0.00021  74.5%  30.2 2240s
 7351552 604847    0.00032   51   45    0.00081    0.00021  74.5%  30.2 2245s
 7369894 608137    0.00078   76   49    0.00081    0.00021  74.5%  30.2 2250s
 7389319 610507     cutoff   60         0.00081    0.00021  74.5%  30.2 2255s
 7405770 612029     cutoff   68         0.00081    0.00021  74.5%  30.3 2260s
 7422972 613276     cutoff   78         0.00081    0.00021  74.5%  30.3 2265s
 7439758 614328    0.00024   61   50    0.00081    0.00021  74.5%  30.3 2270s
 7456630 615499    0.00051   54   54    0.00081    0.00021  74.5%  30.3 2275s
 7472874 615664     cutoff   66         0.00081    0.00021  74.5%  30.3 2280s
 7488629 616286    0.00075   77   52    0.00081    0.00021  74.5%  30.3 2285s
 7506338 618898 infeasible   71         0.00081    0.00021  74.5%  30.3 2290s
 7522480 620363    0.00021   74   55    0.00081    0.00021  74.5%  30.3 2295s
 7538078 621761 infeasible   75         0.00081    0.00021  74.5%  30.3 2300s
 7555960 622138 infeasible   77         0.00081    0.00021  74.5%  30.3 2305s
 7574429 623351     cutoff   57         0.00081    0.00021  74.5%  30.3 2310s
 7592558 624837    0.00021   78   58    0.00081    0.00021  74.5%  30.3 2315s
 7608507 628450    0.00029   53   55    0.00081    0.00021  74.5%  30.3 2320s
 7625969 632016    0.00021   64   44    0.00081    0.00021  74.5%  30.3 2325s
 7644545 635081    0.00021   69   45    0.00081    0.00021  74.5%  30.3 2330s
 7661263 637273    0.00021   51   58    0.00081    0.00021  74.5%  30.3 2335s
 7680156 639923     cutoff   70         0.00081    0.00021  74.5%  30.3 2340s
 7698769 642525     cutoff   64         0.00081    0.00021  74.5%  30.3 2345s
 7715534 644956 infeasible   51         0.00081    0.00021  74.5%  30.3 2350s
 7730506 647239    0.00021   56   55    0.00081    0.00021  74.5%  30.3 2355s
 7746926 649249     cutoff   52         0.00081    0.00021  74.5%  30.3 2360s
 7765135 651544 infeasible   66         0.00081    0.00021  74.5%  30.3 2365s
 7779594 653699    0.00023   74   51    0.00081    0.00021  74.5%  30.2 2370s
 7798455 657097    0.00028   76   44    0.00081    0.00021  74.5%  30.2 2375s
 7814361 661917    0.00021   58   41    0.00081    0.00021  74.5%  30.2 2380s
 7833808 666866    0.00021   73   37    0.00081    0.00021  74.5%  30.2 2385s
 7849763 670689    0.00021   70   33    0.00081    0.00021  74.5%  30.2 2390s
 7867107 674019     cutoff   63         0.00081    0.00021  74.5%  30.2 2395s
 7882066 676657     cutoff   77         0.00081    0.00021  74.5%  30.2 2400s
 7899959 679213     cutoff   74         0.00081    0.00021  74.5%  30.2 2405s
 7920045 682741    0.00038   67   55    0.00081    0.00021  74.5%  30.2 2410s
H7922419 683178                       0.0008079    0.00021  74.5%  30.2 2411s
 7935093 685690    0.00021   76   29    0.00081    0.00021  74.5%  30.2 2415s
 7953248 688167    0.00021   65   38    0.00081    0.00021  74.5%  30.2 2420s
 7969170 690726 infeasible   70         0.00081    0.00021  74.5%  30.2 2425s
 7984798 693931 infeasible   75         0.00081    0.00021  74.5%  30.2 2430s
 8002433 695891    0.00021   70   50    0.00081    0.00021  74.5%  30.2 2435s
 8023826 698335    0.00025   87   52    0.00081    0.00021  74.5%  30.2 2441s
 8039606 699998 infeasible   85         0.00081    0.00021  74.5%  30.1 2445s
 8055905 701481     cutoff   75         0.00081    0.00021  74.5%  30.1 2450s
 8069679 702778    0.00021   59   53    0.00081    0.00021  74.5%  30.1 2455s
 8087535 704675    0.00021   85   43    0.00081    0.00021  74.5%  30.1 2460s
 8105570 706044     cutoff   83         0.00081    0.00021  74.5%  30.1 2465s
 8121515 707426     cutoff   76         0.00081    0.00021  74.5%  30.1 2470s
 8137769 711208    0.00022   69   42    0.00081    0.00021  74.5%  30.1 2475s
 8154840 715205    0.00039   66   49    0.00081    0.00021  74.5%  30.1 2480s
 8171474 718209    0.00021   70   50    0.00081    0.00021  74.5%  30.1 2485s
 8186716 721852     cutoff   77         0.00081    0.00021  74.5%  30.1 2490s
 8202429 724726    0.00021   62   45    0.00081    0.00021  74.5%  30.1 2495s
 8217786 727268    0.00021   70   46    0.00081    0.00021  74.5%  30.1 2500s
 8234560 729845    0.00025   83   44    0.00081    0.00021  74.5%  30.1 2505s
 8250935 732651 infeasible   77         0.00081    0.00021  74.5%  30.1 2510s
 8269649 735532     cutoff   73         0.00081    0.00021  74.5%  30.0 2515s
 8284619 737351 infeasible   88         0.00081    0.00021  74.5%  30.0 2520s
 8302107 740788    0.00026   87   34    0.00081    0.00021  74.5%  30.0 2526s
 8321380 742919    0.00026   83   52    0.00081    0.00021  74.5%  30.0 2531s
 8336487 745825     cutoff   64         0.00081    0.00021  74.5%  30.0 2535s
 8351172 747859     cutoff   65         0.00081    0.00021  74.5%  30.0 2540s
 8367517 750552    0.00021   65   39    0.00081    0.00021  74.5%  30.0 2545s
 8384256 753488    0.00021   81   35    0.00081    0.00021  74.5%  30.0 2550s
 8401558 755082 infeasible   84         0.00081    0.00021  74.5%  30.0 2555s
 8417489 756246    0.00036   92   48    0.00081    0.00021  74.5%  30.0 2560s
 8434381 757620    0.00036   78   43    0.00081    0.00021  74.5%  29.9 2565s
 8450046 758957     cutoff   74         0.00081    0.00021  74.5%  29.9 2570s
 8465047 760140     cutoff   87         0.00081    0.00021  74.5%  29.9 2575s
 8482136 761989    0.00021   72   40    0.00081    0.00021  74.5%  29.9 2580s
 8504010 765286    0.00021   81   43    0.00081    0.00021  74.5%  29.9 2585s
 8519033 766745     cutoff   75         0.00081    0.00021  74.5%  29.9 2590s
 8535770 767602     cutoff   81         0.00081    0.00021  74.5%  29.9 2595s
 8551847 768593    0.00021   88   40    0.00081    0.00021  74.5%  29.9 2600s
 8569467 769658 infeasible   61         0.00081    0.00021  74.5%  29.8 2605s
 8584897 770568     cutoff   69         0.00081    0.00021  74.5%  29.8 2610s
 8599217 771634     cutoff   61         0.00081    0.00021  74.5%  29.8 2615s
 8616570 775889    0.00021   80   44    0.00081    0.00021  74.5%  29.8 2620s
 8636671 778208    0.00030   82   47    0.00081    0.00021  74.5%  29.8 2625s
 8649834 779716    0.00050   86   46    0.00081    0.00021  74.5%  29.8 2630s
 8668172 781556    0.00029   94   34    0.00081    0.00021  74.5%  29.8 2635s
 8684341 783800    0.00021   84   54    0.00081    0.00021  74.5%  29.8 2640s
 8703633 785633    0.00021   72   31    0.00081    0.00021  74.5%  29.8 2645s
 8722769 786866    0.00021   82   32    0.00081    0.00021  74.5%  29.8 2650s
 8740473 788890    0.00021   63   44    0.00081    0.00021  74.5%  29.7 2655s
 8758336 791034     cutoff   51         0.00081    0.00021  74.5%  29.7 2660s
 8776540 793456    0.00070   97   53    0.00081    0.00021  74.5%  29.7 2665s
 8794346 794945    0.00061   99   33    0.00081    0.00021  74.5%  29.7 2670s
 8812073 797502    0.00041   97   43    0.00081    0.00021  74.5%  29.7 2675s
 8829844 799571    0.00022   80   39    0.00081    0.00021  74.5%  29.7 2680s
 8846803 802629 infeasible   70         0.00081    0.00021  74.5%  29.7 2685s
 8864593 806131    0.00021   78   45    0.00081    0.00021  74.5%  29.7 2690s
 8880934 809004     cutoff   68         0.00081    0.00021  74.5%  29.7 2695s
 8899197 811568    0.00021   67   48    0.00081    0.00021  74.5%  29.6 2700s
 8916685 813889 infeasible   88         0.00081    0.00021  74.5%  29.6 2705s
 8932856 815658     cutoff   87         0.00081    0.00021  74.5%  29.6 2710s
 8951067 817062     cutoff   82         0.00081    0.00021  74.5%  29.6 2715s
 8967660 818820    0.00021   65   48    0.00081    0.00021  74.5%  29.6 2720s
 8984248 820192    0.00046   63   56    0.00081    0.00021  74.5%  29.6 2725s
 9000559 821426    0.00021   66   41    0.00081    0.00021  74.5%  29.6 2730s
 9013611 821998    0.00021   57   50    0.00081    0.00021  74.5%  29.6 2735s
 9032477 823068    0.00036   76   43    0.00081    0.00021  74.5%  29.6 2740s
 9050573 824179    0.00021   70   44    0.00081    0.00021  74.5%  29.6 2745s
 9068201 825953    0.00021   69   41    0.00081    0.00021  74.5%  29.6 2750s
H9075631 826538                       0.0008079    0.00021  74.5%  29.6 2752s
 9087428 827547     cutoff   73         0.00081    0.00021  74.5%  29.6 2755s
 9101997 829082    0.00021   63   40    0.00081    0.00021  74.5%  29.5 2760s
 9122984 831238 infeasible   61         0.00081    0.00021  74.5%  29.5 2765s
 9141411 833937    0.00046   91   33    0.00081    0.00021  74.5%  29.5 2770s
 9158593 835575     cutoff   58         0.00081    0.00021  74.5%  29.5 2775s
 9173213 837449     cutoff   83         0.00081    0.00021  74.5%  29.5 2780s
 9192287 839972    0.00021   86   55    0.00081    0.00021  74.5%  29.5 2785s
 9208095 841764    0.00033   68   52    0.00081    0.00021  74.5%  29.5 2790s
 9226284 843717 infeasible   66         0.00081    0.00021  74.5%  29.5 2795s
 9243395 846030 infeasible   86         0.00081    0.00021  74.5%  29.5 2800s
 9264852 847759 infeasible   83         0.00081    0.00021  74.5%  29.5 2805s
 9284302 850030    0.00021   82   41    0.00081    0.00021  74.5%  29.5 2810s
 9304710 851901    0.00021   78   34    0.00081    0.00021  74.5%  29.4 2815s
 9321544 854429    0.00021   92   49    0.00081    0.00021  74.5%  29.4 2820s
 9339664 856802    0.00021   64   49    0.00081    0.00021  74.5%  29.4 2825s
 9358417 858869     cutoff   77         0.00081    0.00021  74.5%  29.4 2830s
H9372666 860164                       0.0008062    0.00021  74.5%  29.4 2834s
 9375159 860425    0.00021   75   44    0.00081    0.00021  74.5%  29.4 2835s
 9392436 861727    0.00036   84   45    0.00081    0.00021  74.5%  29.4 2840s
 9410929 863902     cutoff   81         0.00081    0.00021  74.5%  29.4 2845s
 9426293 865776    0.00040   71   39    0.00081    0.00021  74.5%  29.4 2850s
 9445460 867415     cutoff   92         0.00081    0.00021  74.5%  29.4 2855s
 9465995 869018    0.00021   69   47    0.00081    0.00021  74.5%  29.4 2860s
 9483951 871150    0.00021   75   53    0.00081    0.00021  74.5%  29.4 2865s
 9502365 873623     cutoff   69         0.00081    0.00021  74.5%  29.3 2870s
 9520746 875412    0.00028   82   40    0.00081    0.00021  74.5%  29.3 2875s
 9540222 878252    0.00021   66   50    0.00081    0.00021  74.5%  29.3 2880s
 9556970 880896    0.00021   72   36    0.00081    0.00021  74.5%  29.3 2885s
H9563477 881757                       0.0008062    0.00021  74.5%  29.3 2886s
 9575717 882980    0.00021   71   40    0.00081    0.00021  74.5%  29.3 2890s
H9576012 882571                       0.0008038    0.00021  74.4%  29.3 2890s
 9593503 884124    0.00021   72   47    0.00080    0.00021  74.4%  29.3 2895s
 9611601 885447    0.00055   80   33    0.00080    0.00021  74.4%  29.3 2900s
 9630704 887096     cutoff   82         0.00080    0.00021  74.4%  29.3 2905s
 9649861 888540     cutoff   90         0.00080    0.00021  74.4%  29.3 2910s
 9670600 890110    0.00021   63   39    0.00080    0.00021  74.4%  29.2 2915s
 9689180 891681 infeasible   73         0.00080    0.00021  74.4%  29.2 2920s
 9706872 893503 infeasible   80         0.00080    0.00021  74.4%  29.2 2925s
 9723009 895332    0.00021   82   40    0.00080    0.00021  74.4%  29.2 2930s
 9741753 896695    0.00047   88   52    0.00080    0.00021  74.4%  29.2 2935s
 9760459 898546    0.00021   74   45    0.00080    0.00021  74.4%  29.2 2940s
 9781598 900651    0.00031   91   41    0.00080    0.00021  74.4%  29.2 2945s
 9799736 902928 infeasible   69         0.00080    0.00021  74.4%  29.2 2951s
 9815469 904611 infeasible   68         0.00080    0.00021  74.4%  29.2 2955s
 9832413 906118     cutoff   87         0.00080    0.00021  74.4%  29.2 2960s
 9852984 907355 infeasible   88         0.00080    0.00021  74.4%  29.2 2965s
 9870587 908733 infeasible   95         0.00080    0.00021  74.4%  29.2 2970s
 9890301 910256     cutoff   89         0.00080    0.00021  74.4%  29.1 2975s
 9910797 912186     cutoff   85         0.00080    0.00021  74.4%  29.1 2980s
 9930316 913937    0.00021   77   55    0.00080    0.00021  74.4%  29.1 2985s
 9948078 915746    0.00021   73   57    0.00080    0.00021  74.4%  29.1 2990s
 9968455 916981    0.00021   81   33    0.00080    0.00021  74.4%  29.1 2995s
 9984560 918060    0.00021   80   47    0.00080    0.00021  74.4%  29.1 3000s
 10003008 919443     cutoff   81         0.00080    0.00021  74.4%  29.1 3005s
 10020227 920478    0.00021   67   58    0.00080    0.00021  74.4%  29.1 3010s
 10036161 921285 infeasible   73         0.00080    0.00021  74.4%  29.1 3015s
 10050676 922113 infeasible   79         0.00080    0.00021  74.4%  29.1 3020s
 10066667 923097    0.00021   69   44    0.00080    0.00021  74.4%  29.1 3025s
 10082394 924863    0.00021   50   51    0.00080    0.00021  74.4%  29.1 3030s
 10099322 928065 infeasible   71         0.00080    0.00021  74.4%  29.1 3035s
 10113779 930715     cutoff   48         0.00080    0.00021  74.4%  29.1 3040s
 10130698 932592    0.00051   67   33    0.00080    0.00021  74.4%  29.1 3045s
 10146331 934160    0.00021   53   46    0.00080    0.00021  74.4%  29.1 3050s
 10162461 936720    0.00021   76   60    0.00080    0.00021  74.4%  29.1 3056s
 10175492 939017     cutoff   64         0.00080    0.00021  74.4%  29.1 3060s
 10189405 941511    0.00021   56   57    0.00080    0.00021  74.4%  29.1 3065s
 10204014 944002    0.00059   65   54    0.00080    0.00021  74.4%  29.1 3070s
 10217072 946114    0.00021   55   42    0.00080    0.00021  74.4%  29.1 3075s
 10232216 948867    0.00021   69   42    0.00080    0.00021  74.4%  29.1 3080s
 10248449 951724    0.00058   70   55    0.00080    0.00021  74.4%  29.1 3085s
 10263736 953687     cutoff   72         0.00080    0.00021  74.4%  29.1 3090s
 10276156 955406 infeasible   68         0.00080    0.00021  74.4%  29.1 3095s
 10290587 957369 infeasible   72         0.00080    0.00021  74.4%  29.1 3100s
 10305344 958788     cutoff   65         0.00080    0.00021  74.4%  29.1 3105s
 10323360 961388    0.00063   63   36    0.00080    0.00021  74.4%  29.1 3110s
 10340602 963324    0.00021   54   50    0.00080    0.00021  74.4%  29.1 3115s
 10354862 964941    0.00021   79   37    0.00080    0.00021  74.4%  29.0 3120s
 10370647 968053     cutoff   66         0.00080    0.00021  74.4%  29.0 3125s
 10387326 971335    0.00058   69   54    0.00080    0.00021  74.4%  29.0 3130s
 10408777 974234    0.00021   51   59    0.00080    0.00021  74.4%  29.0 3135s
 10424000 976969    0.00061   52   56    0.00080    0.00021  74.4%  29.0 3140s
 10440507 980115     cutoff   71         0.00080    0.00021  74.4%  29.0 3145s
 10456369 982360     cutoff   69         0.00080    0.00021  74.4%  29.0 3150s
 10473401 984855    0.00022   72   46    0.00080    0.00021  74.4%  29.0 3155s
 10490190 986563 infeasible   65         0.00080    0.00021  74.4%  29.0 3160s
 10505869 987814    0.00021   49   48    0.00080    0.00021  74.4%  29.0 3165s
 10525475 990012    0.00040   67   42    0.00080    0.00021  74.4%  29.0 3170s
H10530744 990494                       0.0008038    0.00021  74.4%  29.0 3172s
 10541505 991767     cutoff   63         0.00080    0.00021  74.4%  29.0 3175s
 10556767 994630    0.00044   83   46    0.00080    0.00021  74.4%  29.0 3180s
 10572208 996440    0.00021   52   56    0.00080    0.00021  74.4%  29.0 3185s
 10588664 998024    0.00021   66   48    0.00080    0.00021  74.4%  29.0 3190s
 10604737 999395    0.00037   58   61    0.00080    0.00021  74.4%  29.0 3195s
 10621362 1000950    0.00021   52   39    0.00080    0.00021  74.4%  29.0 3200s
 10641223 1003255    0.00023   62   57    0.00080    0.00021  74.4%  29.0 3205s
 10656430 1005260    0.00027   49   52    0.00080    0.00021  74.4%  29.0 3210s
 10671776 1007126 infeasible   57         0.00080    0.00021  74.4%  29.0 3215s
 10688527 1008523 infeasible   89         0.00080    0.00021  74.4%  29.0 3220s
 10704806 1009723     cutoff   63         0.00080    0.00021  74.4%  29.0 3225s
 10723015 1011233 infeasible   68         0.00080    0.00021  74.4%  29.0 3230s
 10742246 1012838 infeasible   67         0.00080    0.00021  74.4%  29.0 3235s
 10756251 1013448    0.00021   67   47    0.00080    0.00021  74.4%  29.0 3240s
 10772917 1014441     cutoff   61         0.00080    0.00021  74.4%  29.0 3245s
 10789624 1015541 infeasible   62         0.00080    0.00021  74.4%  29.0 3250s
 10806758 1016092    0.00021   62   46    0.00080    0.00021  74.4%  29.0 3255s
 10822582 1017174     cutoff   67         0.00080    0.00021  74.4%  29.0 3260s
 10838695 1019154     cutoff   61         0.00080    0.00021  74.4%  29.0 3265s
 10851621 1021326    0.00021   54   52    0.00080    0.00021  74.4%  29.0 3270s
 10865634 1023519     cutoff   50         0.00080    0.00021  74.4%  29.0 3275s
 10880059 1025030    0.00021   63   47    0.00080    0.00021  74.4%  29.0 3280s
 10895353 1026239    0.00076   76   36    0.00080    0.00021  74.4%  29.0 3285s
 10909053 1027071 infeasible   69         0.00080    0.00021  74.4%  29.0 3290s
 10926862 1029211    0.00021   56   47    0.00080    0.00021  74.4%  29.0 3295s
 10944544 1030992    0.00021   55   42    0.00080    0.00021  74.4%  29.0 3300s
 10962607 1032839    0.00024   68   58    0.00080    0.00021  74.4%  29.0 3305s
 10980534 1034662    0.00027   76   33    0.00080    0.00021  74.4%  29.0 3310s
 10998414 1035539    0.00021   80   55    0.00080    0.00021  74.4%  29.0 3315s
 11014545 1036901 infeasible   66         0.00080    0.00021  74.4%  29.0 3320s
 11032222 1038865     cutoff   48         0.00080    0.00021  74.4%  29.0 3325s
 11046005 1040783    0.00026   71   48    0.00080    0.00021  74.4%  29.0 3330s
 11061119 1042012    0.00021   81   55    0.00080    0.00021  74.4%  29.0 3335s
 11077977 1043609 infeasible   66         0.00080    0.00021  74.4%  29.0 3340s
 11093229 1045359    0.00021   78   47    0.00080    0.00021  74.4%  29.0 3345s
 11107339 1046353    0.00021   83   49    0.00080    0.00021  74.4%  29.0 3350s
 11122250 1046764 infeasible   63         0.00080    0.00021  74.4%  29.0 3355s
 11136437 1047864    0.00021   67   51    0.00080    0.00021  74.4%  29.0 3360s
 11153861 1049800     cutoff   99         0.00080    0.00021  74.4%  29.0 3365s
 11168478 1051791    0.00080   79   50    0.00080    0.00021  74.4%  29.0 3370s
 11185076 1053998    0.00021   77   46    0.00080    0.00021  74.4%  29.0 3375s
 11199641 1055011 infeasible   53         0.00080    0.00021  74.4%  29.0 3380s
 11215656 1056792    0.00048   82   46    0.00080    0.00021  74.4%  29.0 3385s
 11231055 1058722    0.00021   94   56    0.00080    0.00021  74.4%  29.0 3390s
 11248486 1060680    0.00023   65   44    0.00080    0.00021  74.4%  29.0 3395s
 11270490 1063101    0.00034   83   47    0.00080    0.00021  74.4%  29.0 3400s
 11287852 1065253    0.00021   70   47    0.00080    0.00021  74.4%  28.9 3405s
 11308018 1067448 infeasible   88         0.00080    0.00021  74.4%  28.9 3410s
 11325105 1069288 infeasible   99         0.00080    0.00021  74.4%  28.9 3415s
 11343005 1071515     cutoff   89         0.00080    0.00021  74.4%  28.9 3420s
 11358726 1072974 infeasible   76         0.00080    0.00021  74.4%  28.9 3425s
 11376742 1074514     cutoff   80         0.00080    0.00021  74.4%  28.9 3430s
 11392615 1075382    0.00021   58   46    0.00080    0.00021  74.4%  28.9 3435s
 11409477 1076206    0.00021   73   41    0.00080    0.00021  74.4%  28.9 3440s
 11426226 1077231     cutoff   55         0.00080    0.00021  74.4%  28.9 3445s
 11443274 1078762    0.00035   88   39    0.00080    0.00021  74.4%  28.9 3450s
 11460858 1080565    0.00021   49   45    0.00080    0.00021  74.4%  28.9 3455s
 11482871 1082401    0.00021   61   31    0.00080    0.00021  74.4%  28.9 3461s
 11498795 1083780     cutoff   82         0.00080    0.00021  74.4%  28.9 3465s
 11516936 1085996    0.00021   59   47    0.00080    0.00021  74.4%  28.9 3470s
 11534388 1087607 infeasible   77         0.00080    0.00021  74.4%  28.9 3475s
 11553721 1089730    0.00062   80   57    0.00080    0.00021  74.4%  28.9 3480s
 11574959 1091857    0.00057   73   40    0.00080    0.00021  74.4%  28.9 3485s
 11597077 1094109    0.00029   76   26    0.00080    0.00021  74.4%  28.8 3490s
 11614926 1096351    0.00021   57   54    0.00080    0.00021  74.4%  28.8 3495s
 11637507 1099582 infeasible   85         0.00080    0.00021  74.4%  28.8 3500s
 11664800 1102340    0.00021   65   44    0.00080    0.00021  74.4%  28.8 3505s
 11682784 1104244 infeasible   71         0.00080    0.00021  74.4%  28.8 3510s
 11702594 1106504    0.00021   77   45    0.00080    0.00021  74.4%  28.8 3515s
 11720969 1108163     cutoff   73         0.00080    0.00021  74.4%  28.7 3520s
 11739261 1108890    0.00053   82   44    0.00080    0.00021  74.4%  28.7 3525s
 11754985 1109750    0.00021   75   47    0.00080    0.00021  74.4%  28.7 3530s
 11773095 1111775    0.00021   92   50    0.00080    0.00021  74.4%  28.7 3535s
 11789595 1112845    0.00021   83   41    0.00080    0.00021  74.4%  28.7 3540s
 11804501 1115386 infeasible   79         0.00080    0.00021  74.4%  28.7 3545s
 11822906 1116893    0.00021   62   48    0.00080    0.00021  74.4%  28.7 3550s
 11841035 1117644    0.00066   83   40    0.00080    0.00021  74.4%  28.7 3555s
 11857586 1118148    0.00021   65   51    0.00080    0.00021  74.4%  28.7 3560s
 11872517 1119294    0.00052   72   35    0.00080    0.00021  74.4%  28.7 3565s
 11886705 1119275 infeasible   84         0.00080    0.00021  74.4%  28.7 3570s
 11902424 1120347 infeasible   80         0.00080    0.00021  74.4%  28.7 3575s
 11917591 1121668    0.00021   79   42    0.00080    0.00021  74.4%  28.7 3580s
 11936133 1123109    0.00030   73   47    0.00080    0.00021  74.4%  28.7 3585s
 11954830 1124276     cutoff   72         0.00080    0.00021  74.4%  28.7 3590s
 11975140 1125281     cutoff   64         0.00080    0.00021  74.4%  28.7 3595s
 11991427 1125889    0.00021   50   47    0.00080    0.00021  74.4%  28.7 3600s

Cutting planes:
  Gomory: 9
  Cover: 7
  Implied bound: 21
  Clique: 7
  MIR: 5
  Flow cover: 35
  RLT: 27
  Relax-and-lift: 7
  PSD: 1

Explored 11991792 nodes (343902239 simplex iterations) in 3600.01 seconds (2063.39 work units)
Thread count was 12 (of 12 available processors)

Solution count 10: 0.000803813 0.000806167 0.000807875 ... 0.000824497

Time limit reached
Best objective 8.038130019190e-04, best bound 2.058065039989e-04, gap 74.3962%
