
Gurobi 11.0.2 (win64) logging started Wed Oct  2 12:05:53 2024

Set parameter LogFile to value ".\Experiments\Track_k_e_2\Logs\track_k_e_2_r4_c14.log"
Set parameter TimeLimit to value 3600
Gurobi Optimizer version 11.0.2 build v11.0.2rc0 (win64 - Windows 10.0 (19045.2))

CPU model: Intel(R) Core(TM) i7-10750H CPU @ 2.60GHz, instruction set [SSE2|AVX|AVX2]
Thread count: 6 physical cores, 12 logical processors, using up to 12 threads

Optimize a model with 248 rows, 462 columns and 920 nonzeros
Model fingerprint: 0x9276a23f
Model has 6 quadratic objective terms
Model has 68 quadratic constraints
Model has 116 general constraints
Variable types: 458 continuous, 4 integer (4 binary)
Coefficient statistics:
  Matrix range     [9e-06, 1e+02]
  QMatrix range    [1e+00, 1e+00]
  QLMatrix range   [1e+00, 1e+00]
  Objective range  [1e-02, 2e-01]
  QObjective range [2e+00, 2e+00]
  Bounds range     [8e-05, 3e+00]
  RHS range        [8e-05, 1e+02]
  QRHS range       [1e-06, 1e-06]
Presolve removed 28 rows and 9 columns
Presolve time: 0.00s
Presolved: 461 rows, 462 columns, 1265 nonzeros
Presolved model has 178 SOS constraint(s)
Presolved model has 4 quadratic objective terms
Presolved model has 57 bilinear constraint(s)
Presolved model has 4 nonlinear constraint(s)
Warning: Model contains variables with very large bounds participating
         in nonlinear terms.
         Presolve was not able to compute smaller bounds for these variables.
         Consider bounding these variables or reformulating the model.


Solving non-convex MINLP

Variable types: 284 continuous, 178 integer (178 binary)

Root relaxation: objective 2.058065e-04, 457 iterations, 0.00 seconds (0.00 work units)

    Nodes    |    Current Node    |     Objective Bounds      |     Work
 Expl Unexpl |  Obj  Depth IntInf | Incumbent    BestBd   Gap | It/Node Time

     0     0    0.00021    0  103          -    0.00021      -     -    0s
     0     0    0.00021    0  119          -    0.00021      -     -    0s
     0     0    0.00021    0  119          -    0.00021      -     -    0s
     0     0    0.00021    0  119          -    0.00021      -     -    0s
     0     0    0.00021    0  121          -    0.00021      -     -    0s
     0     2    0.00021    0  121          -    0.00021      -     -    0s
 65222 12681    0.00121  205   16          -    0.00021      -   4.0    5s
 136100 24239    0.89806 1659   31          -    0.00021      -   4.3   10s
 206118 46426 infeasible 4451               -    0.00021      -   5.3   15s
 285296 71643    0.00804 3925   18          -    0.00021      -   5.5   20s
 355452 88824    0.00729  231   15          -    0.00021      -   5.8   25s
 423381 105696    0.00511  106   24          -    0.00021      -   6.6   30s
 506485 125190    0.00084  142   27          -    0.00021      -   6.6   35s
 570471 144700    0.00756  152   26          -    0.00021      -   6.7   40s
 634761 163637    0.00084  152   28          -    0.00021      -   6.9   45s
 704184 179442 infeasible  197               -    0.00021      -   6.9   50s
 769983 195160    0.00084  192   27          -    0.00021      -   6.9   55s
 838551 213966    0.00246  153   31          -    0.00021      -   6.9   60s
 907115 238795    0.00729  162   12          -    0.00021      -   7.0   65s
 971784 259512    0.00804  187   12          -    0.00021      -   7.0   70s
 1041402 283214    0.00729  210   10          -    0.00021      -   7.1   75s
 1116601 302048    0.00021  169   28          -    0.00021      -   7.0   80s
 1187614 315377    0.00084  177   29          -    0.00021      -   7.0   85s
 1257830 335841    0.00084  183   17          -    0.00021      -   7.1   90s
 1313717 363375    0.00021  247   30          -    0.00021      -   7.2   95s
 1368278 388480    0.00084  250   21          -    0.00021      -   7.4  100s
 1433395 406135 infeasible  156               -    0.00021      -   7.5  105s
 1505123 422669    0.00021  223   31          -    0.00021      -   7.5  110s
 1576983 433503 infeasible  191               -    0.00021      -   7.4  115s
 1653840 449796 infeasible  180               -    0.00021      -   7.4  120s
 1726551 464643 infeasible  137               -    0.00021      -   7.3  125s
 1805859 479849    0.00049  176   28          -    0.00021      -   7.2  130s
 1898571 491415    0.00021  188   31          -    0.00021      -   7.1  135s
 1972825 508056    0.00121  306   11          -    0.00021      -   7.1  140s
 2039651 527476    0.00804  158   23          -    0.00021      -   7.1  145s
 2115340 546206 infeasible  162               -    0.00021      -   7.1  150s
 2181199 563454    0.00084  157   28          -    0.00021      -   7.2  155s
 2249961 580969 infeasible  145               -    0.00021      -   7.1  160s
 2322993 598970    0.00804  156   13          -    0.00021      -   7.1  165s
 2398039 618261    0.00729  165   14          -    0.00021      -   7.1  170s
 2464065 635188    0.00804  158   17          -    0.00021      -   7.0  175s
 2541406 653128 infeasible  165               -    0.00021      -   7.0  180s
 2612499 670577    0.00084  179   21          -    0.00021      -   7.0  185s
 2675452 688335    0.00084  168   27          -    0.00021      -   7.0  190s
 2746922 708962    0.00084  174   27          -    0.00021      -   7.0  195s
 2815754 725515    0.00804  209   10          -    0.00021      -   7.0  200s
 2876452 749744 infeasible  155               -    0.00021      -   7.0  205s
 2937830 774236    0.00121  223   18          -    0.00021      -   7.0  210s
 2996825 790995    0.00121  177   19          -    0.00021      -   7.1  215s
 3056016 805379    0.00021  170   28          -    0.00021      -   7.2  220s
 3120419 817262 infeasible  290               -    0.00021      -   7.2  225s
 3184683 831563    0.00741  219   29          -    0.00021      -   7.2  230s
 3252435 846407 infeasible  249               -    0.00021      -   7.3  235s
 3327781 862924    0.00804  236   17          -    0.00021      -   7.3  240s
 3399226 877513 infeasible  244               -    0.00021      -   7.3  245s
 3468180 894628    0.00021  221   28          -    0.00021      -   7.4  250s
 3534907 906638    0.00021  143   22          -    0.00021      -   7.4  255s
 3610264 916759    0.00084  197   23          -    0.00021      -   7.4  260s
 3681567 932128    0.00084  169   26          -    0.00021      -   7.4  265s
 3755048 951424    0.00084  245   19          -    0.00021      -   7.4  270s
 3822675 966407 infeasible  106               -    0.00021      -   7.5  275s
 3902608 983737    0.00150  126   17          -    0.00021      -   7.4  280s
 3968115 1005587    0.00047  187   28          -    0.00021      -   7.4  285s
 4032641 1021440    0.00047  207   26          -    0.00021      -   7.5  290s
 4099470 1038918    0.00047  228   28          -    0.00021      -   7.5  295s
 4157682 1053910    0.00021  153   39          -    0.00021      -   7.6  300s
 4212288 1068641 infeasible  234               -    0.00021      -   7.7  305s
 4258855 1080656    0.00047  189   30          -    0.00021      -   7.7  310s
 4303666 1092531    0.00047  189   30          -    0.00021      -   7.8  315s
 4350586 1104337    0.00047  190   26          -    0.00021      -   7.8  320s
 4402663 1117811    0.00047  239   18          -    0.00021      -   7.9  325s
 4460784 1131957    0.00047  194   31          -    0.00021      -   7.9  330s
 4513094 1143988    0.00021  178   35          -    0.00021      -   8.0  335s
 4573906 1158453    0.00047  199   31          -    0.00021      -   8.1  340s
 4638061 1174576    0.00021  162   36          -    0.00021      -   8.1  345s
 4701255 1193216    0.00047  254   19          -    0.00021      -   8.2  350s
 4755195 1209287    0.00110  216   20          -    0.00021      -   8.3  355s
 4816579 1226756    0.00110  225   23          -    0.00021      -   8.4  360s
 4880814 1244280    0.00021  165   38          -    0.00021      -   8.4  365s
 4943115 1260299    0.00047  197   36          -    0.00021      -   8.5  370s
 5000700 1274288    0.00021  191   34          -    0.00021      -   8.5  375s
 5067407 1291555    0.00021  171   32          -    0.00021      -   8.6  380s
 5129362 1304578    0.00110  224   12          -    0.00021      -   8.6  385s
 5193407 1317798    0.00047  205   31          -    0.00021      -   8.6  390s
 5259267 1333961    0.00047  212   28          -    0.00021      -   8.7  395s
 5324545 1353694    0.00047  194   25          -    0.00021      -   8.7  400s
 5385973 1370944 infeasible  265               -    0.00021      -   8.7  405s
 5447536 1388746    0.00047  249   26          -    0.00021      -   8.8  410s
 5513069 1408128 infeasible  222               -    0.00021      -   8.8  415s
 5574611 1424452    0.00021  175   29          -    0.00021      -   8.9  420s
 5636390 1442359    0.00047  198   26          -    0.00021      -   8.9  425s
 5700409 1459235 infeasible  237               -    0.00021      -   9.0  430s
 5758483 1473793 infeasible  185               -    0.00021      -   9.0  435s
 5822034 1490245    0.00047  220   28          -    0.00021      -   9.0  440s
 5885597 1505348    0.00047  215   28          -    0.00021      -   9.1  445s
 5947008 1519834 infeasible  205               -    0.00021      -   9.1  450s
 6005132 1534172 infeasible  208               -    0.00021      -   9.1  455s
 6061819 1549457    0.00021  170   35          -    0.00021      -   9.2  460s
 6127486 1566621 infeasible  216               -    0.00021      -   9.2  465s
 6183412 1580474    0.00047  211   27          -    0.00021      -   9.2  470s
 6244974 1595520    0.00047  181   29          -    0.00021      -   9.3  475s
 6306857 1609630 infeasible  200               -    0.00021      -   9.3  480s
 6367920 1623861    0.00110  184   20          -    0.00021      -   9.4  485s
 6427394 1639575    0.00047  197   25          -    0.00021      -   9.4  490s
 6488805 1656849    0.00047  185   26          -    0.00021      -   9.5  495s
 6545474 1673256 infeasible  223               -    0.00021      -   9.6  500s
 6599133 1688458    0.00047  191   25          -    0.00021      -   9.6  505s
 6661258 1705658    0.00021  170   37          -    0.00021      -   9.7  510s
 6723700 1724029    0.00047  212   31          -    0.00021      -   9.7  515s
 6785711 1741140 infeasible  189               -    0.00021      -   9.8  520s
 6844100 1757715    0.00047  211   28          -    0.00021      -   9.8  525s
 6908167 1776664    0.00048  213   28          -    0.00021      -   9.8  530s
 6964182 1792602 infeasible  220               -    0.00021      -   9.8  535s
 7022906 1807909    0.00021  174   33          -    0.00021      -   9.8  540s
 7088524 1824042    0.00021  156   35          -    0.00021      -   9.8  545s
 7147829 1840187    0.00110  222   19          -    0.00021      -   9.9  550s
 7210381 1857855 infeasible  178               -    0.00021      -   9.9  555s
 7274426 1873889    0.00110  197   26          -    0.00021      -   9.9  560s
 7343664 1887375    0.00047  204   29          -    0.00021      -   9.9  565s
 7407930 1898497 infeasible  212               -    0.00021      -   9.9  570s
 7458182 1911387    0.00110  226   21          -    0.00021      -  10.0  575s
 7521384 1926542    0.00047  227   29          -    0.00021      -  10.0  580s
 7580069 1943488    0.00047  197   30          -    0.00021      -  10.0  585s
 7635960 1960763    0.00047  194   28          -    0.00021      -  10.0  590s
 7697838 1976563    0.00047  180   26          -    0.00021      -  10.0  595s
 7759482 1993963    0.00021  170   34          -    0.00021      -  10.1  600s
 7815693 2011597 infeasible  162               -    0.00021      -  10.1  605s
 7877910 2030443    0.00047  228   24          -    0.00021      -  10.1  610s
 7938093 2050177    0.00047  201   29          -    0.00021      -  10.1  615s
 7992767 2069042 infeasible  216               -    0.00021      -  10.1  620s
 8052703 2088268 infeasible  216               -    0.00021      -  10.1  625s
 8110062 2107192    0.00047  221   28          -    0.00021      -  10.1  630s
 8172334 2128120    0.00021  191   31          -    0.00021      -  10.2  635s
 8234188 2148849    0.00047  208   33          -    0.00021      -  10.2  640s
 8290558 2167868 infeasible  237               -    0.00021      -  10.2  645s
 8344944 2184996    0.00047  235   25          -    0.00021      -  10.2  650s
 8408652 2205954    0.00110  204   17          -    0.00021      -  10.2  655s
 8473589 2227778    0.00047  219   23          -    0.00021      -  10.2  660s
 8532363 2247488 infeasible  182               -    0.00021      -  10.2  665s
 8589093 2266286    0.00021  160   40          -    0.00021      -  10.2  670s
 8649103 2286464 infeasible  201               -    0.00021      -  10.2  675s
 8711038 2308156 infeasible  220               -    0.00021      -  10.2  680s
 8773054 2330260 infeasible  212               -    0.00021      -  10.2  685s
 8832003 2351047 infeasible  217               -    0.00021      -  10.3  690s
 8892549 2372308    0.00110  221   19          -    0.00021      -  10.3  695s
 8958751 2394850    0.00110  227   14          -    0.00021      -  10.3  700s
 9017106 2414778    0.00047  186   35          -    0.00021      -  10.3  705s
 9074091 2431934    0.00110  201   20          -    0.00021      -  10.3  710s
 9132237 2449729    0.00110  213   22          -    0.00021      -  10.3  715s
 9194092 2464129    0.00021  168   40          -    0.00021      -  10.3  720s
 9257847 2480905    0.00021  180   30          -    0.00021      -  10.3  725s
 9319187 2497832 infeasible  225               -    0.00021      -  10.3  730s
 9378402 2515269    0.00047  210   26          -    0.00021      -  10.3  735s
 9432745 2533469 infeasible  216               -    0.00021      -  10.3  740s
 9496248 2553143    0.00021  161   33          -    0.00021      -  10.3  745s
 9558576 2569586    0.00110  205   22          -    0.00021      -  10.4  750s
 9612853 2582922    0.00047  193   31          -    0.00021      -  10.4  755s
 9661619 2595325 infeasible  166               -    0.00021      -  10.4  760s
 9703051 2606174 infeasible  184               -    0.00021      -  10.4  765s
 9751851 2617307    0.00047  195   27          -    0.00021      -  10.4  770s
 9802652 2628549 infeasible  210               -    0.00021      -  10.4  775s
 9861942 2643924 infeasible  205               -    0.00021      -  10.4  780s
 9916741 2659251    0.00047  180   26          -    0.00021      -  10.4  785s
 9969784 2674356    0.00047  187   27          -    0.00021      -  10.5  790s
 10031399 2690999    0.00047  176   29          -    0.00021      -  10.5  795s
 10087877 2705472    0.00110  210   25          -    0.00021      -  10.5  800s
 10148134 2720779    0.00047  202   29          -    0.00021      -  10.5  805s
 10213840 2741687    0.00047  250   23          -    0.00021      -  10.5  810s
 10274358 2760153    0.00021  161   38          -    0.00021      -  10.5  815s
 10329749 2775699    0.00047  204   26          -    0.00021      -  10.5  820s
 10387671 2791528    0.00047  227   31          -    0.00021      -  10.6  825s
 10447675 2808768    0.00021  174   41          -    0.00021      -  10.6  830s
 10508232 2825518 infeasible  211               -    0.00021      -  10.6  835s
 10562679 2842732    0.00021  169   40          -    0.00021      -  10.6  840s
 10623622 2861016    0.00021  172   34          -    0.00021      -  10.6  845s
 10682250 2877843    0.00110  222   21          -    0.00021      -  10.6  850s
 10743121 2898686    0.00047  234   29          -    0.00021      -  10.6  855s
 10800258 2916671 infeasible  198               -    0.00021      -  10.6  860s
 10854822 2932296 infeasible  165               -    0.00021      -  10.6  865s
 10915365 2948116    0.00047  201   29          -    0.00021      -  10.6  870s
 10974743 2964212 infeasible  193               -    0.00021      -  10.6  875s
 11035618 2980406    0.00047  217   22          -    0.00021      -  10.6  880s
 11092952 2997569 infeasible  200               -    0.00021      -  10.6  885s
 11151776 3014568 infeasible  235               -    0.00021      -  10.7  890s
 11206890 3029752    0.00047  177   28          -    0.00021      -  10.7  895s
 11262826 3044240 infeasible  231               -    0.00021      -  10.7  900s
 11320801 3061353    0.00047  170   30          -    0.00021      -  10.7  905s
 11378547 3077694    0.00047  175   27          -    0.00021      -  10.7  910s
 11435960 3092722    0.00021  174   37          -    0.00021      -  10.7  915s
 11490807 3108011 infeasible  186               -    0.00021      -  10.8  920s
 11543015 3122558    0.00047  179   28          -    0.00021      -  10.8  925s
 11600724 3137628    0.00047  211   27          -    0.00021      -  10.8  930s
 11657873 3150981 infeasible  172               -    0.00021      -  10.8  935s
 11716735 3168595    0.00047  183   26          -    0.00021      -  10.8  940s
 11777530 3186449    0.00047  216   24          -    0.00021      -  10.8  945s
 11837821 3202847    0.00021  177   31          -    0.00021      -  10.8  950s
 11897976 3219265    0.00047  235   28          -    0.00021      -  10.8  955s
 11958566 3236648    0.00047  206   27          -    0.00021      -  10.8  960s
 12021263 3252821 infeasible  237               -    0.00021      -  10.8  965s
 12078890 3269406 infeasible  215               -    0.00021      -  10.8  970s
 12138474 3287176 infeasible  215               -    0.00021      -  10.9  975s
 12200146 3305460 infeasible  206               -    0.00021      -  10.9  980s
 12258474 3319954 infeasible  177               -    0.00021      -  10.9  985s
 12321026 3334926    0.00047  195   28          -    0.00021      -  10.9  990s
 12380066 3351812 infeasible  200               -    0.00021      -  10.9  995s
 12441614 3370607    0.00047  233   27          -    0.00021      -  10.9 1000s
 12501722 3388503    0.00047  210   25          -    0.00021      -  10.9 1005s
 12566048 3402725 infeasible  234               -    0.00021      -  10.9 1010s
 12627602 3417103 infeasible  183               -    0.00021      -  10.9 1015s
 12688695 3432576 infeasible  179               -    0.00021      -  10.9 1020s
 12750134 3447129 infeasible  235               -    0.00021      -  10.9 1025s
 12813569 3461113    0.00047  207   27          -    0.00021      -  10.9 1030s
 12874236 3476781 infeasible  211               -    0.00021      -  10.9 1035s
 12933777 3492406    0.00021  172   30          -    0.00021      -  10.9 1040s
 12996372 3508980    0.00047  207   26          -    0.00021      -  10.9 1045s
 13060251 3526600    0.00110  233   15          -    0.00021      -  10.9 1050s
 13123556 3542930    0.00021  175   32          -    0.00021      -  11.0 1055s
 13188349 3559763 infeasible  185               -    0.00021      -  11.0 1060s
 13249430 3578008 infeasible  220               -    0.00021      -  11.0 1065s
 13313246 3595455 infeasible  186               -    0.00021      -  11.0 1070s
 13379795 3612056 infeasible  204               -    0.00021      -  11.0 1075s
 13442928 3629526    0.00047  248   24          -    0.00021      -  11.0 1080s
 13507851 3646074 infeasible  189               -    0.00021      -  11.0 1085s
 13570791 3661540    0.00047  184   27          -    0.00021      -  11.0 1090s
 13631892 3679136    0.00110  222   23          -    0.00021      -  11.0 1095s
 13694914 3697171    0.00047  201   26          -    0.00021      -  11.0 1100s
 13753839 3717185    0.00047  222   26          -    0.00021      -  11.0 1105s
 13818377 3736194    0.00021  169   33          -    0.00021      -  11.0 1110s
 13879197 3753569    0.00047  233   21          -    0.00021      -  11.0 1115s
 13941789 3771791 infeasible  198               -    0.00021      -  11.0 1120s
 13995525 3786845    0.00047  188   27          -    0.00021      -  11.0 1125s
 14051939 3804274    0.00047  212   32          -    0.00021      -  11.0 1130s
 14102980 3819108    0.00110  226   23          -    0.00021      -  11.0 1135s
 14162557 3838137 infeasible  228               -    0.00021      -  11.0 1140s
 14219112 3856434    0.00047  210   27          -    0.00021      -  11.0 1145s
 14272875 3874530    0.00047  191   27          -    0.00021      -  11.0 1150s
 14334161 3891562    0.00047  229   29          -    0.00021      -  11.0 1155s
 14395806 3905956 infeasible  221               -    0.00021      -  11.0 1160s
 14454047 3920772    0.00047  217   23          -    0.00021      -  11.0 1165s
 14513697 3935330 infeasible  216               -    0.00021      -  11.0 1170s
 14569818 3950476    0.00047  184   30          -    0.00021      -  11.0 1175s
 14627066 3969289    0.00110  236   22          -    0.00021      -  11.0 1180s
 14687750 3986817 infeasible  198               -    0.00021      -  11.0 1185s
 14746664 4004228 infeasible  165               -    0.00021      -  11.0 1190s
 14808429 4023062 infeasible  204               -    0.00021      -  11.0 1195s
 14868324 4041219    0.00021  181   29          -    0.00021      -  11.1 1200s
 14928138 4061065    0.00047  209   26          -    0.00021      -  11.1 1205s
 14981486 4077790    0.00110  247   23          -    0.00021      -  11.1 1210s
 15043978 4094812    0.00047  216   33          -    0.00021      -  11.1 1215s
 15103618 4114381 infeasible  223               -    0.00021      -  11.1 1220s
 15161511 4135433    0.00047  253   27          -    0.00021      -  11.1 1225s
 15220891 4156869    0.00047  217   33          -    0.00021      -  11.1 1230s
 15276539 4176971 infeasible  181               -    0.00021      -  11.1 1235s
 15334557 4198518 infeasible  256               -    0.00021      -  11.1 1240s
 15391392 4219670    0.00047  247   26          -    0.00021      -  11.1 1245s
 15451660 4242341    0.00047  234   29          -    0.00021      -  11.1 1250s
 15510492 4265082 infeasible  289               -    0.00021      -  11.1 1255s
 15568181 4286397 infeasible  241               -    0.00021      -  11.1 1260s
 15630146 4309578 infeasible  214               -    0.00021      -  11.1 1265s
 15689759 4331769    0.00047  268   32          -    0.00021      -  11.1 1270s
 15747441 4352902 infeasible  213               -    0.00021      -  11.1 1275s
 15804827 4374828 infeasible  245               -    0.00021      -  11.1 1280s
 15860853 4396213    0.00047  238   28          -    0.00021      -  11.1 1285s
 15921115 4418698    0.00047  255   23          -    0.00021      -  11.1 1290s
 15979327 4439715 infeasible  260               -    0.00021      -  11.1 1295s
 16037459 4461310    0.00047  228   30          -    0.00021      -  11.1 1300s
 16092065 4481430 infeasible  256               -    0.00021      -  11.1 1305s
 16149840 4501863    0.00047  261   22          -    0.00021      -  11.1 1310s
 16209070 4523238    0.00047  242   28          -    0.00021      -  11.1 1315s
 16269116 4544918    0.00110  244   22          -    0.00021      -  11.1 1320s
 16328361 4566368 infeasible  241               -    0.00021      -  11.1 1325s
 16385496 4586604 infeasible  217               -    0.00021      -  11.1 1330s
 16447593 4609977    0.00021  207   36          -    0.00021      -  11.1 1335s
 16505006 4630728 infeasible  281               -    0.00021      -  11.1 1340s
 16563938 4651756    0.00047  277   28          -    0.00021      -  11.1 1345s
 16624777 4671402    0.00021  221   34          -    0.00021      -  11.1 1350s
 16685008 4689540 infeasible  222               -    0.00021      -  11.1 1355s
 16742620 4705530    0.00047  278   28          -    0.00021      -  11.1 1360s
 16797765 4723787    0.00110  276   18          -    0.00021      -  11.1 1365s
 16850647 4741138    0.00084  228   19          -    0.00021      -  11.1 1370s
 16906132 4760170 infeasible  257               -    0.00021      -  11.1 1375s
 16958830 4777825    0.00047  227   30          -    0.00021      -  11.1 1380s
 17018709 4797469 infeasible  223               -    0.00021      -  11.1 1385s
 17073960 4816068    0.00047  250   30          -    0.00021      -  11.1 1390s
 17131667 4833606    0.00047  274   28          -    0.00021      -  11.1 1395s
 17189151 4851110 infeasible  305               -    0.00021      -  11.1 1400s
 17241999 4867219    0.00047  215   33          -    0.00021      -  11.1 1405s
 17293534 4881399 infeasible  229               -    0.00021      -  11.2 1410s
 17349981 4896920    0.00047  212   37          -    0.00021      -  11.2 1415s
 17404146 4913177    0.00021  178   37          -    0.00021      -  11.2 1420s
 17452173 4927191    0.00021  184   38          -    0.00021      -  11.2 1425s
 17503026 4942520    0.00047  193   26          -    0.00021      -  11.2 1430s
 17550684 4956753    0.00047  220   25          -    0.00021      -  11.2 1435s
 17604266 4974129    0.00047  188   25          -    0.00021      -  11.2 1440s
 17660361 4992379    0.00110  218   22          -    0.00021      -  11.2 1445s
 17711384 5007991    0.00047  202   33          -    0.00021      -  11.2 1450s
 17759667 5025083 infeasible  218               -    0.00021      -  11.2 1455s
 17808221 5041517 infeasible  244               -    0.00021      -  11.2 1460s
 17860969 5059769 infeasible  221               -    0.00021      -  11.2 1465s
 17918736 5078990    0.00047  210   31          -    0.00021      -  11.2 1470s
 17976862 5097314    0.00047  209   23          -    0.00021      -  11.2 1475s
 18036810 5113679 infeasible  217               -    0.00021      -  11.2 1480s
 18096694 5130485    0.00110  226   21          -    0.00021      -  11.2 1485s
 18156667 5146647 infeasible  233               -    0.00021      -  11.2 1490s
 18217795 5161949 infeasible  208               -    0.00021      -  11.2 1495s
 18278107 5179245    0.00047  272   22          -    0.00021      -  11.2 1500s
 18336118 5198523    0.00021  193   34          -    0.00021      -  11.2 1505s
 18394255 5219376    0.00047  238   26          -    0.00021      -  11.2 1510s
 18447284 5238069    0.00110  252   15          -    0.00021      -  11.2 1515s
 18497384 5256808 infeasible  256               -    0.00021      -  11.2 1520s
 18553966 5277785    0.00110  251   20          -    0.00021      -  11.2 1525s
 18609796 5296726    0.00110  227   20          -    0.00021      -  11.2 1530s
 18664601 5314043 infeasible  230               -    0.00021      -  11.2 1535s
 18718586 5332374 infeasible  231               -    0.00021      -  11.2 1540s
 18773874 5353465 infeasible  219               -    0.00021      -  11.2 1545s
 18829935 5373531 infeasible  235               -    0.00021      -  11.2 1550s
 18883431 5392570 infeasible  280               -    0.00021      -  11.2 1555s
 18940416 5413245    0.00047  186   26          -    0.00021      -  11.2 1560s
 18993461 5432047 infeasible  186               -    0.00021      -  11.3 1565s
 19040781 5447896    0.00047  192   25          -    0.00021      -  11.3 1570s
 19100428 5465553 infeasible  218               -    0.00021      -  11.3 1575s
 19158561 5484158 infeasible  176               -    0.00021      -  11.3 1580s
 19211210 5501206    0.00047  197   27          -    0.00021      -  11.3 1585s
 19265630 5517888 infeasible  229               -    0.00021      -  11.3 1590s
 19321427 5534398    0.00110  204   26          -    0.00021      -  11.3 1595s
 19371368 5549736    0.00047  217   31          -    0.00021      -  11.3 1600s
 19420812 5565777    0.00047  245   24          -    0.00021      -  11.3 1605s
 19472830 5582543    0.00047  209   30          -    0.00021      -  11.3 1610s
 19524557 5599335    0.00047  206   32          -    0.00021      -  11.3 1615s
 19575822 5616570    0.00047  225   30          -    0.00021      -  11.3 1620s
 19629237 5632386 infeasible  214               -    0.00021      -  11.3 1625s
 19687425 5649803    0.00110  203   26          -    0.00021      -  11.3 1630s
 19740132 5667393 infeasible  179               -    0.00021      -  11.3 1635s
 19793758 5686303    0.00047  232   32          -    0.00021      -  11.3 1640s
 19840261 5702331    0.00047  226   27          -    0.00021      -  11.3 1645s
 19886821 5718002 infeasible  184               -    0.00021      -  11.3 1650s
 19941534 5734442 infeasible  243               -    0.00021      -  11.3 1655s
 19994385 5750283    0.00047  208   29          -    0.00021      -  11.3 1660s
 20051942 5768915    0.00047  192   27          -    0.00021      -  11.3 1665s
 20105573 5787320 infeasible  202               -    0.00021      -  11.3 1670s
 20157656 5803860 infeasible  172               -    0.00021      -  11.3 1675s
 20217735 5820225    0.00047  228   22          -    0.00021      -  11.3 1680s
 20277209 5834083    0.00021  186   39          -    0.00021      -  11.3 1685s
 20334765 5848772 infeasible  201               -    0.00021      -  11.3 1690s
 20393035 5864380    0.00110  225   15          -    0.00021      -  11.3 1695s
 20452225 5879815    0.00021  177   36          -    0.00021      -  11.3 1700s
 20511094 5896249    0.00021  184   29          -    0.00021      -  11.3 1705s
 20569348 5913496    0.00047  170   26          -    0.00021      -  11.3 1710s
 20628708 5931682    0.00047  187   23          -    0.00021      -  11.4 1715s
 20689316 5950767    0.00021  164   35          -    0.00021      -  11.4 1720s
 20744030 5967897    0.00110  211   23          -    0.00021      -  11.4 1725s
 20800068 5984717 infeasible  230               -    0.00021      -  11.4 1730s
 20858850 6000937    0.00021  175   28          -    0.00021      -  11.4 1735s
 20919627 6019420    0.00047  198   33          -    0.00021      -  11.4 1740s
 20979012 6039309    0.00047  227   33          -    0.00021      -  11.4 1745s
 21037948 6058430    0.00021  132   24          -    0.00021      -  11.4 1750s
 21099364 6078013 infeasible  171               -    0.00021      -  11.4 1755s
 21160060 6099191    0.00047  202   29          -    0.00021      -  11.4 1760s
 21216171 6115963    0.00021  159   31          -    0.00021      -  11.4 1765s
 21273450 6131204 infeasible  182               -    0.00021      -  11.4 1770s
 21332157 6147222    0.00021  180   33          -    0.00021      -  11.4 1775s
 21390064 6162527 infeasible  158               -    0.00021      -  11.4 1780s
 21444837 6176290 infeasible  187               -    0.00021      -  11.4 1785s
 21508011 6192444 infeasible  189               -    0.00021      -  11.4 1790s
 21570710 6209121    0.00021  169   31          -    0.00021      -  11.4 1795s
 21629044 6225226    0.00021  153   41          -    0.00021      -  11.4 1800s
 21689488 6242187 infeasible  161               -    0.00021      -  11.4 1805s
 21742844 6256615 infeasible  153               -    0.00021      -  11.4 1810s
 21804594 6272435 infeasible  213               -    0.00021      -  11.4 1815s
 21865734 6286942 infeasible  176               -    0.00021      -  11.4 1820s
 21925827 6303340    0.00110  212   21          -    0.00021      -  11.4 1825s
 21987447 6322025    0.00047  207   21          -    0.00021      -  11.4 1830s
 22051630 6340282    0.00110  171    9          -    0.00021      -  11.4 1835s
 22112784 6358879    0.00047  190   33          -    0.00021      -  11.4 1840s
 22168103 6375445    0.00047  173   30          -    0.00021      -  11.4 1845s
 22222907 6393149 infeasible  211               -    0.00021      -  11.4 1850s
 22276242 6413554 infeasible  243               -    0.00021      -  11.4 1855s
 22334352 6430945 infeasible  191               -    0.00021      -  11.4 1860s
 22392255 6448109 infeasible  170               -    0.00021      -  11.4 1865s
 22457744 6462584 infeasible  184               -    0.00021      -  11.4 1870s
 22521739 6475774    0.00021  149   34          -    0.00021      -  11.4 1875s
 22578967 6490894 infeasible  207               -    0.00021      -  11.4 1880s
 22635629 6506614    0.00047  192   29          -    0.00021      -  11.4 1885s
 22688872 6522147    0.00021  203   31          -    0.00021      -  11.5 1890s
 22746172 6537422 infeasible  214               -    0.00021      -  11.5 1895s
 22805892 6554734    0.00047  226   24          -    0.00021      -  11.5 1900s
 22867140 6570281 infeasible  223               -    0.00021      -  11.5 1905s
 22933873 6585793    0.00110  257   11          -    0.00021      -  11.5 1910s
 23000232 6600260    0.00110  204   19          -    0.00021      -  11.5 1915s
 23061895 6618560    0.00047  187   31          -    0.00021      -  11.5 1920s
 23122497 6637275    0.00021  172   30          -    0.00021      -  11.5 1925s
 23184772 6655538    0.00110  260   21          -    0.00021      -  11.5 1930s
 23249212 6673421    0.00047  222   22          -    0.00021      -  11.5 1935s
 23311004 6692067 infeasible  202               -    0.00021      -  11.5 1940s
 23376718 6708871    0.00047  220   25          -    0.00021      -  11.5 1945s
 23437278 6726207    0.00047  205   28          -    0.00021      -  11.5 1950s
 23503722 6742648 infeasible  193               -    0.00021      -  11.5 1955s
 23569973 6757116    0.00021  167   34          -    0.00021      -  11.5 1960s
 23636203 6771998    0.00021  128   30          -    0.00021      -  11.5 1965s
 23702723 6790031    0.00047  191   26          -    0.00021      -  11.5 1970s
 23765540 6815597 infeasible  264               -    0.00021      -  11.5 1975s
 23831979 6844612 infeasible  178               -    0.00021      -  11.5 1980s
 23896528 6872209    0.00021  204   35          -    0.00021      -  11.5 1985s
 23961312 6895487    0.00047  201   25          -    0.00021      -  11.5 1990s
 24023507 6914644 infeasible  165               -    0.00021      -  11.5 1995s
 24085739 6933110    0.00047  189   31          -    0.00021      -  11.5 2000s
 24146375 6952353 infeasible  212               -    0.00021      -  11.5 2005s
 24208807 6969433    0.00110  210   15          -    0.00021      -  11.5 2010s
 24269368 6984656    0.00047  182   29          -    0.00021      -  11.5 2015s
 24332085 7003415    0.00021  131   22          -    0.00021      -  11.5 2020s
 24398985 7020074    0.00047  198   24          -    0.00021      -  11.5 2025s
 24472452 7034986    0.00047  239   33          -    0.00021      -  11.5 2030s
 24540842 7049922 infeasible  205               -    0.00021      -  11.5 2035s
 24600772 7064265    0.00047  183   28          -    0.00021      -  11.5 2040s
 24660678 7081277 infeasible  200               -    0.00021      -  11.5 2045s
 24713722 7099130    0.00047  316   26          -    0.00021      -  11.5 2050s
 24769997 7116810    0.00047  190   26          -    0.00021      -  11.5 2055s
 24830751 7134682    0.00021  146   39          -    0.00021      -  11.5 2060s
 24893697 7152656    0.00110  188   20          -    0.00021      -  11.5 2065s
 24953709 7172455    0.00047  183   29          -    0.00021      -  11.5 2070s
 25012816 7191241    0.00047  182   25          -    0.00021      -  11.5 2075s
 25069403 7210783    0.00047  193   22          -    0.00021      -  11.5 2080s
 25126966 7230297 infeasible  185               -    0.00021      -  11.5 2085s
 25185333 7247577 infeasible  207               -    0.00021      -  11.5 2090s
 25245210 7267176 infeasible  188               -    0.00021      -  11.5 2095s
 25305774 7285138    0.00110  174   23          -    0.00021      -  11.5 2100s
 25370671 7304292    0.00021  207   34          -    0.00021      -  11.5 2105s
 25435468 7318077    0.00084  213   28          -    0.00021      -  11.5 2110s
 25501276 7330470 infeasible  209               -    0.00021      -  11.5 2115s
 25575482 7342438    0.00047  201   29          -    0.00021      -  11.5 2120s
 25641674 7363625 infeasible  153               -    0.00021      -  11.5 2125s
 25714359 7377572 infeasible  157               -    0.00021      -  11.5 2130s
 25782189 7392695    0.00047  202   26          -    0.00021      -  11.5 2135s
 25841690 7411358    0.00047  222   32          -    0.00021      -  11.5 2140s
 25904156 7432982    0.00110  246   17          -    0.00021      -  11.5 2145s
 25962736 7451880    0.00110  208   18          -    0.00021      -  11.5 2150s
 26026594 7471173    0.00047  212   26          -    0.00021      -  11.5 2155s
 26086379 7491488    0.00021  175   41          -    0.00021      -  11.5 2160s
 26147251 7511638    0.00047  207   24          -    0.00021      -  11.5 2165s
 26208148 7531554    0.00047  203   24          -    0.00021      -  11.5 2170s
 26264915 7548555    0.00047  246   29          -    0.00021      -  11.5 2175s
 26318162 7563532    0.00047  177   25          -    0.00021      -  11.5 2180s
 26376288 7578920    0.00021  150   28          -    0.00021      -  11.5 2185s
 26430490 7591774    0.00047  163   30          -    0.00021      -  11.5 2190s
 26486219 7608849    0.00047  198   26          -    0.00021      -  11.5 2195s
 26539250 7625208    0.00047  199   25          -    0.00021      -  11.5 2200s
 26590700 7642569    0.00047  240   23          -    0.00021      -  11.5 2205s
 26642745 7660763    0.00110  344   13          -    0.00021      -  11.5 2210s
 26697395 7681388    0.00110 1776   13          -    0.00021      -  11.5 2215s
 26751042 7699905    0.00021  168   27          -    0.00021      -  11.5 2220s
 26804371 7716940    0.00047  298   28          -    0.00021      -  11.5 2225s
 26859369 7735084    0.00047  193   27          -    0.00021      -  11.5 2230s
 26911767 7751081    0.00021  186   34          -    0.00021      -  11.5 2235s
 26966506 7766039    0.00047  201   27          -    0.00021      -  11.5 2240s
 27027311 7783064    0.00047  159   31          -    0.00021      -  11.5 2245s
 27081633 7799412    0.00047  180   28          -    0.00021      -  11.5 2250s
 27139344 7818250    0.00021  169   32          -    0.00021      -  11.5 2255s
 27195626 7837039    0.00047  265   29          -    0.00021      -  11.5 2260s
 27252086 7854268 infeasible  241               -    0.00021      -  11.5 2265s
 27310665 7871707    0.00047  228   24          -    0.00021      -  11.5 2270s
 27365723 7889150    0.00021  187   30          -    0.00021      -  11.5 2275s
 27419725 7906205    0.00021  193   34          -    0.00021      -  11.5 2280s
 27474648 7925147    0.00047  214   25          -    0.00021      -  11.5 2285s
 27530156 7945328 infeasible  228               -    0.00021      -  11.5 2290s
 27598859 7961601 infeasible  139               -    0.00021      -  11.5 2295s
 27655886 7977792    0.00047  200   24          -    0.00021      -  11.5 2300s
 27712901 7996918 infeasible  165               -    0.00021      -  11.5 2305s
 27768863 8015406    0.00110  211   10          -    0.00021      -  11.5 2310s
 27830231 8033750    0.00047  254   24          -    0.00021      -  11.5 2315s
 27893704 8047982 infeasible  157               -    0.00021      -  11.5 2320s
 27958306 8059660    0.00047  170   28          -    0.00021      -  11.4 2325s
 28023349 8073512    0.00047  165   29          -    0.00021      -  11.4 2330s
 28090231 8089193    0.00110  233   12          -    0.00021      -  11.4 2335s
 28147014 8102716    0.00047  203   25          -    0.00021      -  11.4 2340s
 28204215 8116449    0.00110  211   12          -    0.00021      -  11.4 2345s
 28259794 8130531 infeasible  173               -    0.00021      -  11.4 2350s
 28319094 8145176    0.00110  215   18          -    0.00021      -  11.4 2355s
 28384123 8161173    0.00021  190   30          -    0.00021      -  11.4 2360s
 28448640 8176937 infeasible  194               -    0.00021      -  11.3 2365s
 28505986 8190960 infeasible  168               -    0.00021      -  11.3 2370s
 28567151 8206713 infeasible  160               -    0.00021      -  11.3 2375s
 28629500 8223586    0.00021  191   30          -    0.00021      -  11.3 2380s
 28685198 8237850    0.00110  181   14          -    0.00021      -  11.3 2385s
 28748171 8252704    0.00110  229   15          -    0.00021      -  11.3 2390s
 28810914 8268459    0.00047  183   28          -    0.00021      -  11.3 2395s
 28874257 8284462 infeasible  198               -    0.00021      -  11.3 2400s
 28937522 8299588    0.00047  170   29          -    0.00021      -  11.2 2405s
 28998547 8313917 infeasible  184               -    0.00021      -  11.2 2410s
 29062451 8328982 infeasible  168               -    0.00021      -  11.2 2415s
 29125488 8344179 infeasible  191               -    0.00021      -  11.2 2420s
 29189817 8359541 infeasible  176               -    0.00021      -  11.2 2425s
 29253300 8375589 infeasible  182               -    0.00021      -  11.2 2430s
 29316603 8391114    0.00047  188   25          -    0.00021      -  11.2 2435s
 29379081 8406023    0.00047  172   30          -    0.00021      -  11.1 2440s
 29440203 8421485 infeasible  163               -    0.00021      -  11.1 2445s
 29503022 8436635 infeasible  208               -    0.00021      -  11.1 2450s
 29567963 8453537 infeasible  179               -    0.00021      -  11.1 2455s
 29632707 8469758    0.00047  185   28          -    0.00021      -  11.1 2460s
 29699672 8485982    0.00047  206   27          -    0.00021      -  11.1 2465s
 29767200 8499835    0.00021  161   28          -    0.00021      -  11.1 2470s
 29822456 8510972    0.00047  190   30          -    0.00021      -  11.1 2475s
 29883809 8522444 infeasible  148               -    0.00021      -  11.1 2480s
 29945479 8537111    0.00047  184   25          -    0.00021      -  11.0 2485s
 30008972 8551642    0.00047  175   31          -    0.00021      -  11.0 2490s
 30072097 8566291    0.00047  184   29          -    0.00021      -  11.0 2495s
 30135160 8579585    0.00047  173   29          -    0.00021      -  11.0 2500s
 30196175 8590435    0.00047  220   25          -    0.00021      -  11.0 2505s
 30254561 8601454 infeasible  154               -    0.00021      -  11.0 2510s
 30318176 8610158    0.00047  161   26          -    0.00021      -  11.0 2515s
 30385127 8617047 infeasible  149               -    0.00021      -  11.0 2520s
 30441826 8623943    0.00047  193   28          -    0.00021      -  11.0 2525s
 30498499 8635030 infeasible  207               -    0.00021      -  10.9 2530s
 30558487 8646591    0.00047  184   32          -    0.00021      -  10.9 2535s
 30611980 8657642    0.00021  174   28          -    0.00021      -  10.9 2540s
 30673250 8670049    0.00021  151   35          -    0.00021      -  10.9 2545s
 30732560 8682971    0.00110  190   19          -    0.00021      -  10.9 2550s
 30782671 8694195    0.00110  195   16          -    0.00021      -  10.9 2555s
 30830271 8706284    0.00110  203   21          -    0.00021      -  10.9 2560s
 30883627 8718006 infeasible  199               -    0.00021      -  10.9 2565s
 30933843 8727081 infeasible  212               -    0.00021      -  10.9 2570s
 30993224 8739708    0.00047  192   30          -    0.00021      -  10.9 2575s
 31042735 8749622    0.00047  228   25          -    0.00021      -  10.8 2580s
 31090744 8760033 infeasible  200               -    0.00021      -  10.8 2585s
 31141581 8773242    0.00110  198   24          -    0.00021      -  10.8 2590s
 31198731 8787269    0.00047  163   28          -    0.00021      -  10.8 2595s
 31249973 8798164 infeasible  221               -    0.00021      -  10.8 2600s
 31314151 8809384    0.00047  211   26          -    0.00021      -  10.8 2605s
 31374019 8821815    0.00021  216   34          -    0.00021      -  10.8 2610s
 31435440 8830390 infeasible  185               -    0.00021      -  10.8 2615s
 31494130 8841122 infeasible  218               -    0.00021      -  10.8 2620s
 31546059 8857680    0.00110  210   21          -    0.00021      -  10.8 2625s
 31596896 8875270    0.00021  132   35          -    0.00021      -  10.8 2630s
 31647996 8894581 infeasible  257               -    0.00021      -  10.8 2635s
 31696894 8913682    0.00021  152   29          -    0.00021      -  10.8 2640s
 31744627 8929282    0.00047  157   23          -    0.00021      -  10.8 2645s
 31780601 8941047    0.00047  276   22          -    0.00021      -  10.8 2650s
 31817247 8951090    0.00047  190   25          -    0.00021      -  10.8 2655s
 31855076 8959024    0.00110  201   18          -    0.00021      -  10.8 2660s
 31890492 8965664    0.00021  141   35          -    0.00021      -  10.8 2665s
 31929133 8974000    0.00021  160   30          -    0.00021      -  10.8 2670s
 31966069 8982845    0.00047  202   25          -    0.00021      -  10.7 2675s
 31999664 8994227    0.00047  259   24          -    0.00021      -  10.7 2680s
 32028087 9004726    0.00047  245   24          -    0.00021      -  10.7 2685s
 32060678 9015222    0.00047  192   25          -    0.00021      -  10.7 2690s
 32090628 9024958    0.00110  193   12          -    0.00021      -  10.7 2695s
 32122193 9037288    0.00110  277   14          -    0.00021      -  10.8 2700s
 32156926 9048897 infeasible  170               -    0.00021      -  10.8 2705s
 32195677 9061085    0.00021  148   29          -    0.00021      -  10.8 2710s
 32235358 9071911    0.00047  172   26          -    0.00021      -  10.7 2715s
 32269382 9081180 infeasible  193               -    0.00021      -  10.7 2720s
 32307876 9091005 infeasible  176               -    0.00021      -  10.7 2725s
 32347011 9100378    0.00047  171   26          -    0.00021      -  10.7 2730s
 32382453 9107594    0.00110  168   25          -    0.00021      -  10.7 2735s
 32419547 9117271    0.00047  207   29          -    0.00021      -  10.7 2740s
 32454622 9126782 infeasible  157               -    0.00021      -  10.7 2745s
 32494899 9135152 infeasible  155               -    0.00021      -  10.7 2750s
 32539931 9143503 infeasible  170               -    0.00021      -  10.7 2755s
 32582106 9153422    0.00021  168   27          -    0.00021      -  10.7 2760s
 32622942 9164425 infeasible  175               -    0.00021      -  10.7 2765s
 32663687 9174497 infeasible  190               -    0.00021      -  10.7 2770s
 32702536 9184631    0.00047  168   27          -    0.00021      -  10.7 2775s
 32738747 9194214    0.00047  177   28          -    0.00021      -  10.7 2780s
 32774373 9203606    0.00110  161   25          -    0.00021      -  10.7 2785s
 32807690 9211093    0.00021  144   35          -    0.00021      -  10.7 2790s
 32836737 9217036 infeasible  224               -    0.00021      -  10.7 2795s
 32872557 9229277    0.00047  202   25          -    0.00021      -  10.7 2800s
 32908065 9243675    0.00047  193   28          -    0.00021      -  10.7 2805s
 32945399 9257702    0.00047  169   26          -    0.00021      -  10.7 2810s
 32980002 9273086    0.00047  170   28          -    0.00021      -  10.7 2815s
 33010085 9286240    0.00110  286   14          -    0.00021      -  10.7 2820s
 33033096 9295588    0.00021  178   29          -    0.00021      -  10.7 2825s
 33064356 9305239    0.00110  206   18          -    0.00021      -  10.6 2830s
 33104662 9315849    0.00047  196   28          -    0.00021      -  10.6 2835s
 33142869 9326247 infeasible  174               -    0.00021      -  10.6 2840s
 33176290 9335006    0.00110  195   17          -    0.00021      -  10.6 2845s
 33203472 9341769    0.00021  169   29          -    0.00021      -  10.6 2850s
 33233790 9348472 infeasible  191               -    0.00021      -  10.6 2855s
 33268610 9355408    0.00047  209   23          -    0.00021      -  10.6 2860s
 33308985 9363524 infeasible  169               -    0.00021      -  10.6 2865s
 33348022 9370520    0.00110  185   20          -    0.00021      -  10.6 2870s
 33375397 9379006    0.00021  165   35          -    0.00021      -  10.6 2875s
 33408900 9388034 infeasible  173               -    0.00021      -  10.6 2880s
 33446002 9396374    0.00110  219   19          -    0.00021      -  10.6 2885s
 33484859 9406473 infeasible  170               -    0.00021      -  10.6 2890s
 33521410 9415172    0.00110  190   18          -    0.00021      -  10.6 2895s
 33558637 9425807    0.00021  161   33          -    0.00021      -  10.6 2900s
 33593496 9438825    0.00047  238   24          -    0.00021      -  10.6 2905s
 33625103 9448906    0.00110  172   19          -    0.00021      -  10.6 2910s
 33659905 9459952    0.00021  157   34          -    0.00021      -  10.6 2915s
 33691781 9468782 infeasible  183               -    0.00021      -  10.6 2920s
 33722325 9475827 infeasible  184               -    0.00021      -  10.6 2925s
 33761225 9482712 infeasible  194               -    0.00021      -  10.6 2930s
 33793352 9490961    0.00047  259   23          -    0.00021      -  10.6 2935s
 33828072 9500300 infeasible  173               -    0.00021      -  10.6 2940s
 33864997 9509874 infeasible  175               -    0.00021      -  10.6 2945s
 33899520 9521336    0.00047  286   25          -    0.00021      -  10.6 2950s
 33929897 9530250    0.00047  193   28          -    0.00021      -  10.6 2955s
 33969094 9537186    0.00047  295   25          -    0.00021      -  10.6 2960s
 34009446 9542740    0.00110  303   23          -    0.00021      -  10.6 2965s
 34042807 9548256    0.00047  192   24          -    0.00021      -  10.6 2970s
 34088364 9554684    0.00110  170   23          -    0.00021      -  10.6 2975s
 34122150 9560193    0.00084  145   26          -    0.00021      -  10.5 2980s
 34161502 9567449 infeasible  189               -    0.00021      -  10.5 2985s
 34199894 9575904 infeasible  163               -    0.00021      -  10.5 2990s
 34241008 9585289 infeasible  161               -    0.00021      -  10.5 2995s
 34278119 9593283 infeasible  209               -    0.00021      -  10.5 3000s
 34313269 9604146    0.00110  181   11          -    0.00021      -  10.5 3005s
 34354045 9614656 infeasible  161               -    0.00021      -  10.5 3010s
 34391410 9623924    0.00047  206   28          -    0.00021      -  10.5 3015s
 34431588 9633306    0.00110  204   22          -    0.00021      -  10.5 3020s
 34472746 9641478    0.00021  143   30          -    0.00021      -  10.5 3025s
 34512802 9651801 infeasible  185               -    0.00021      -  10.5 3030s
 34553064 9661286    0.00047  154   29          -    0.00021      -  10.5 3035s
 34587009 9673213 infeasible  181               -    0.00021      -  10.5 3040s
 34620338 9682911 infeasible  226               -    0.00021      -  10.5 3045s
 34661287 9695843    0.00021  169   35          -    0.00021      -  10.5 3050s
 34703690 9707102 infeasible  218               -    0.00021      -  10.5 3055s
 34747495 9716805 infeasible  194               -    0.00021      -  10.5 3060s
 34797886 9723903    0.00110  202   19          -    0.00021      -  10.5 3065s
 34840341 9737541    0.00047  209   24          -    0.00021      -  10.5 3070s
 34888346 9746710 infeasible  159               -    0.00021      -  10.5 3075s
 34930989 9756868    0.00110 3555   15          -    0.00021      -  10.5 3080s
 34973835 9768815    0.00110  212   17          -    0.00021      -  10.5 3085s
 35016394 9781452    0.00021  168   29          -    0.00021      -  10.5 3090s
 35062397 9796277 infeasible  248               -    0.00021      -  10.5 3095s
 35105864 9811035    0.00110  184   23          -    0.00021      -  10.5 3100s
 35158372 9824511    0.00047  155   31          -    0.00021      -  10.5 3105s
 35211510 9836152 infeasible  177               -    0.00021      -  10.5 3110s
 35263872 9849380    0.00047  235   26          -    0.00021      -  10.5 3115s
 35311060 9859029 infeasible  247               -    0.00021      -  10.5 3120s
 35361376 9871558 infeasible  202               -    0.00021      -  10.5 3125s
 35404094 9883847 infeasible  165               -    0.00021      -  10.5 3130s
 35452027 9897328    0.00047  198   25          -    0.00021      -  10.5 3135s
 35507741 9908618    0.01071  189   18          -    0.00021      -  10.5 3140s
 35566473 9919468    0.00110  207   11          -    0.00021      -  10.5 3145s
 35618796 9933538    0.00047  173   24          -    0.00021      -  10.5 3150s
 35665812 9948399 infeasible  181               -    0.00021      -  10.5 3155s
 35715423 9959795    0.00047  191   26          -    0.00021      -  10.5 3160s
 35763738 9967366    0.00110  179   24          -    0.00021      -  10.5 3165s
 35813972 9977070    0.00021  164   36          -    0.00021      -  10.4 3170s
 35866473 9986596    0.00047  176   28          -    0.00021      -  10.4 3175s
 35935012 9992283    0.00047  177   29          -    0.00021      -  10.4 3180s
 35990558 10001911    0.00047  182   31          -    0.00021      -  10.4 3185s
 36036212 10014141    0.00047  191   24          -    0.00021      -  10.4 3190s
 36078630 10025384 infeasible  177               -    0.00021      -  10.4 3195s
 36114832 10035316    0.00047  204   24          -    0.00021      -  10.4 3200s
 36155274 10044453    0.00047  151   24          -    0.00021      -  10.4 3205s
 36199616 10054719 infeasible  185               -    0.00021      -  10.4 3210s
 36245918 10067522 infeasible  211               -    0.00021      -  10.4 3215s
 36291856 10079993 infeasible  192               -    0.00021      -  10.4 3220s
 36340557 10089963 infeasible  209               -    0.00021      -  10.4 3225s
 36381333 10097072    0.00110  219   19          -    0.00021      -  10.4 3230s
 36423715 10106933 infeasible  211               -    0.00021      -  10.4 3235s
 36474404 10124114    0.00047  201   29          -    0.00021      -  10.4 3240s
 36522740 10143150 infeasible  184               -    0.00021      -  10.4 3245s
 36575477 10158055    0.00047  224   24          -    0.00021      -  10.4 3250s
 36625687 10169921    0.00047  215   24          -    0.00021      -  10.4 3255s
 36680585 10180215    0.00047  195   26          -    0.00021      -  10.4 3260s
 36738518 10192149 infeasible  210               -    0.00021      -  10.4 3265s
 36786553 10205171 infeasible  220               -    0.00021      -  10.4 3270s
 36836773 10216493    0.00021  185   29          -    0.00021      -  10.4 3275s
 36893119 10231154 infeasible  189               -    0.00021      -  10.4 3280s
 36949740 10242842    0.00047  193   29          -    0.00021      -  10.4 3285s
 37003141 10257903 infeasible  164               -    0.00021      -  10.4 3290s
 37051014 10272618 infeasible  197               -    0.00021      -  10.4 3295s
 37104567 10287513 infeasible  189               -    0.00021      -  10.4 3300s
 37164930 10304486    0.00110  230    8          -    0.00021      -  10.4 3305s
 37211788 10321252    0.00047  198   24          -    0.00021      -  10.4 3310s
 37264069 10337467 infeasible  178               -    0.00021      -  10.4 3315s
 37321220 10356242    0.00021  131   30          -    0.00021      -  10.4 3320s
 37388144 10369849 infeasible  152               -    0.00021      -  10.4 3325s
 37451168 10386020    0.00047  167   29          -    0.00021      -  10.4 3330s
 37518159 10400635    0.00047  183   25          -    0.00021      -  10.4 3335s
 37582926 10415764    0.00084  168   30          -    0.00021      -  10.4 3340s
 37641184 10430214    0.00110  200   18          -    0.00021      -  10.3 3345s
 37700081 10442850    0.00110  210   26          -    0.00021      -  10.3 3350s
 37761586 10456038 infeasible  153               -    0.00021      -  10.3 3355s
 37817201 10470565 infeasible  146               -    0.00021      -  10.3 3360s
 37879487 10483849    0.00110  337   25          -    0.00021      -  10.3 3365s
 37932222 10498911    0.00047  210   28          -    0.00021      -  10.3 3370s
 37984876 10513879    0.00021  177   31          -    0.00021      -  10.3 3375s
 38036542 10524759 infeasible 1777               -    0.00021      -  10.3 3380s
 38095674 10541861 infeasible  213               -    0.00021      -  10.3 3385s
 38153996 10558604 infeasible  330               -    0.00021      -  10.3 3390s
 38218434 10572366 infeasible  181               -    0.00021      -  10.3 3395s
 38278193 10587669 infeasible  188               -    0.00021      -  10.3 3400s
 38338258 10601652    0.00084  171   26          -    0.00021      -  10.3 3405s
 38386931 10613875    0.00110  184   21          -    0.00021      -  10.3 3410s
 38443288 10628035    0.00047  181   25          -    0.00021      -  10.3 3415s
 38497457 10640275 infeasible  156               -    0.00021      -  10.3 3420s
 38547564 10654098 infeasible  223               -    0.00021      -  10.3 3425s
 38609310 10669550 infeasible 2304               -    0.00021      -  10.3 3430s
 38663558 10684175    0.00047  213   22          -    0.00021      -  10.3 3435s
 38722540 10699571    0.00047  199   27          -    0.00021      -  10.3 3440s
 38775975 10716373 infeasible  179               -    0.00021      -  10.3 3445s
 38829280 10728512 infeasible  207               -    0.00021      -  10.3 3450s
 38881620 10739364    0.00047  194   24          -    0.00021      -  10.3 3455s
 38936660 10759063    0.00110  201   10          -    0.00021      -  10.3 3460s
 38997148 10782666    0.00047  203   24          -    0.00021      -  10.3 3465s
 39054333 10803981    0.00047  222   23          -    0.00021      -  10.3 3470s
 39115862 10826860    0.00047  287   26          -    0.00021      -  10.3 3475s
 39173377 10848352    0.00047  181   23          -    0.00021      -  10.3 3480s
 39235675 10868423 infeasible  163               -    0.00021      -  10.3 3485s
 39299653 10883879    0.00047  163   32          -    0.00021      -  10.2 3490s
 39363387 10898642    0.00110  221   21          -    0.00021      -  10.2 3495s
 39418278 10912108    0.00047  254   29          -    0.00021      -  10.2 3500s
 39468878 10926425    0.00047  269   24          -    0.00021      -  10.2 3505s
 39522110 10941256    0.00110  210   22          -    0.00021      -  10.2 3510s
 39579768 10957473    0.00110  221   13          -    0.00021      -  10.2 3515s
 39634742 10974364 infeasible  216               -    0.00021      -  10.2 3520s
 39686238 10990687    0.00047  210   22          -    0.00021      -  10.3 3525s
 39728888 11003487    0.00047  210   27          -    0.00021      -  10.3 3530s
 39782835 11018990    0.00047  255   23          -    0.00021      -  10.3 3535s
 39837639 11038162    0.00047  213   30          -    0.00021      -  10.3 3540s
 39892933 11057503    0.00047  206   29          -    0.00021      -  10.3 3545s
 39946656 11076601 infeasible  271               -    0.00021      -  10.3 3550s
 40003483 11094130    0.00047  235   29          -    0.00021      -  10.3 3555s
 40058598 11111761 infeasible  214               -    0.00021      -  10.3 3560s
 40114451 11128549    0.00047  212   25          -    0.00021      -  10.3 3565s
 40170331 11143718 infeasible  225               -    0.00021      -  10.3 3570s
 40222986 11155856 infeasible  198               -    0.00021      -  10.3 3575s
 40280025 11167240    0.00021  196   33          -    0.00021      -  10.3 3580s
 40325510 11178926    0.00047  244   29          -    0.00021      -  10.3 3585s
 40374288 11193199    0.00047  174   27          -    0.00021      -  10.3 3590s
 40423747 11213463    0.00047  152   28          -    0.00021      -  10.3 3595s
 40471490 11242167    0.00047  234   27          -    0.00021      -  10.3 3600s

Cutting planes:
  Flow cover: 2

Explored 40472542 nodes (415833534 simplex iterations) in 3600.06 seconds (1278.57 work units)
Thread count was 12 (of 12 available processors)

Solution count 0

Time limit reached
Best objective -, best bound 2.058065039989e-04, gap -
