
Gurobi 11.0.2 (win64) logging started Wed Oct  2 02:13:02 2024

Set parameter LogFile to value ".\Experiments\Track_k_e_2\Logs\track_k_e_2_r3_c10.log"
Set parameter TimeLimit to value 3600
Gurobi Optimizer version 11.0.2 build v11.0.2rc0 (win64 - Windows 10.0 (19045.2))

CPU model: Intel(R) Core(TM) i7-10750H CPU @ 2.60GHz, instruction set [SSE2|AVX|AVX2]
Thread count: 6 physical cores, 12 logical processors, using up to 12 threads

Optimize a model with 264 rows, 462 columns and 968 nonzeros
Model fingerprint: 0xeecc0fc8
Model has 6 quadratic objective terms
Model has 68 quadratic constraints
Model has 116 general constraints
Variable types: 458 continuous, 4 integer (4 binary)
Coefficient statistics:
  Matrix range     [9e-06, 1e+02]
  QMatrix range    [1e+00, 1e+00]
  QLMatrix range   [1e+00, 1e+00]
  Objective range  [1e-02, 2e-01]
  QObjective range [2e+00, 2e+00]
  Bounds range     [8e-05, 9e+01]
  RHS range        [8e-05, 1e+02]
  QRHS range       [1e-06, 1e-06]
Presolve added 36 rows and 0 columns
Presolve removed 0 rows and 73 columns
Presolve time: 0.01s
Presolved: 541 rows, 398 columns, 1505 nonzeros
Presolved model has 50 SOS constraint(s)
Presolved model has 4 quadratic objective terms
Presolved model has 57 bilinear constraint(s)
Presolved model has 4 nonlinear constraint(s)
Warning: Model contains variables with very large bounds participating
         in nonlinear terms.
         Presolve was not able to compute smaller bounds for these variables.
         Consider bounding these variables or reformulating the model.


Solving non-convex MINLP

Variable types: 284 continuous, 114 integer (114 binary)

Root relaxation: objective 2.058065e-04, 417 iterations, 0.00 seconds (0.00 work units)

    Nodes    |    Current Node    |     Objective Bounds      |     Work
 Expl Unexpl |  Obj  Depth IntInf | Incumbent    BestBd   Gap | It/Node Time

     0     0    0.00021    0   44          -    0.00021      -     -    0s
     0     0    0.00021    0   74          -    0.00021      -     -    0s
     0     0    0.00021    0   92          -    0.00021      -     -    0s
     0     0    0.00021    0   99          -    0.00021      -     -    0s
     0     0    0.00021    0   93          -    0.00021      -     -    0s
     0     0    0.00021    0   95          -    0.00021      -     -    0s
     0     0    0.00021    0   93          -    0.00021      -     -    0s
     0     2    0.00021    0   93          -    0.00021      -     -    0s
 17428  6548    0.00381   54   31          -    0.00021      -  46.0    5s
 36690 13038    0.00021   62   69          -    0.00021      -  47.3   10s
*42950  9307              92       0.0017526    0.00021  88.3%  45.9   11s
H50299 10983                       0.0017526    0.00021  88.3%  44.0   14s
 52108 11832 infeasible   68         0.00175    0.00021  88.3%  43.6   15s
H52110 11832                       0.0017526    0.00021  88.3%  43.6   15s
H55112 12647                       0.0017526    0.00021  88.3%  42.7   15s
 66805 16290 infeasible   71         0.00175    0.00021  88.3%  40.9   20s
H68682 15294                       0.0008381    0.00021  75.4%  40.7   21s
 79632 19231 infeasible   57         0.00084    0.00021  75.4%  39.3   25s
 94453 23667    0.00021   69   59    0.00084    0.00021  75.4%  37.9   30s
H98707 24344                       0.0008381    0.00021  75.4%  37.3   31s
H106250 26252                       0.0008381    0.00021  75.4%  36.5   34s
 106263 26658     cutoff   96         0.00084    0.00021  75.4%  36.5   35s
 124069 30917    0.00021   73   47    0.00084    0.00021  75.4%  35.8   40s
 140907 35708 infeasible   76         0.00084    0.00021  75.4%  35.1   45s
 157981 40230     cutoff   87         0.00084    0.00021  75.4%  34.4   50s
 176434 45317     cutoff   86         0.00084    0.00021  75.4%  33.8   55s
 194125 48820    0.00079   63   50    0.00084    0.00021  75.4%  33.5   60s
 211390 52749    0.00021   72   59    0.00084    0.00021  75.4%  33.2   65s
H215240 53423                       0.0008381    0.00021  75.4%  33.0   66s
 229306 56864 infeasible   66         0.00084    0.00021  75.4%  32.6   71s
*231861 57235              99       0.0008376    0.00021  75.4%  32.6   71s
 244775 59321    0.00021   69   56    0.00084    0.00021  75.4%  32.3   75s
 260967 64793    0.00021   51   42    0.00084    0.00021  75.4%  32.4   80s
H266020 65891                       0.0008376    0.00021  75.4%  32.5   82s
 276456 69478 infeasible   73         0.00084    0.00021  75.4%  32.5   85s
 291476 74415    0.00021   46   41    0.00084    0.00021  75.4%  32.3   90s
 310231 79743     cutoff   68         0.00084    0.00021  75.4%  32.1   95s
H310899 79743                       0.0008376    0.00021  75.4%  32.1   95s
 331554 85328 infeasible   86         0.00084    0.00021  75.4%  31.7  100s
 349203 89650     cutoff  110         0.00084    0.00021  75.4%  31.5  105s
 363662 92679 infeasible   75         0.00084    0.00021  75.4%  31.3  110s
H372692 95033                       0.0008376    0.00021  75.4%  31.2  112s
 377632 96408    0.00084   61   49    0.00084    0.00021  75.4%  31.2  115s
 398014 101003    0.00021   78   51    0.00084    0.00021  75.4%  31.0  120s
 417083 105583    0.00021   78   50    0.00084    0.00021  75.4%  30.9  125s
 435217 109525    0.00021   85   44    0.00084    0.00021  75.4%  30.7  130s
 452336 113561     cutoff   80         0.00084    0.00021  75.4%  30.5  135s
 468820 117315     cutoff   59         0.00084    0.00021  75.4%  30.4  140s
 490052 121895    0.00062   87   45    0.00084    0.00021  75.4%  30.2  145s
 508896 126874    0.00022   73   58    0.00084    0.00021  75.4%  30.1  150s
 526220 130878    0.00021   85   60    0.00084    0.00021  75.4%  30.0  155s
 543914 135176    0.00021   80   43    0.00084    0.00021  75.4%  29.8  160s
 564097 139282    0.00021   60   37    0.00084    0.00021  75.4%  29.6  165s
 586145 145000    0.00025   76   46    0.00084    0.00021  75.4%  29.4  170s
 602942 148609     cutoff   92         0.00084    0.00021  75.4%  29.2  175s
 620382 151750     cutoff   68         0.00084    0.00021  75.4%  29.1  180s
 637879 155298    0.00023   77   54    0.00084    0.00021  75.4%  29.1  185s
 659553 160210    0.00048   69   54    0.00084    0.00021  75.4%  28.9  190s
 678488 165240    0.00021   73   42    0.00084    0.00021  75.4%  28.9  195s
 696427 169172 infeasible   70         0.00084    0.00021  75.4%  28.9  200s
 712582 172434 infeasible   55         0.00084    0.00021  75.4%  28.8  205s
 730902 176286    0.00021   91   54    0.00084    0.00021  75.4%  28.8  210s
 752600 180241    0.00021   72   53    0.00084    0.00021  75.4%  28.7  215s
 773579 185631     cutoff   89         0.00084    0.00021  75.4%  28.6  220s
H774758 185638                       0.0008376    0.00021  75.4%  28.6  221s
 788805 190065    0.00021   76   52    0.00084    0.00021  75.4%  28.7  225s
 805601 192766    0.00021   97   50    0.00084    0.00021  75.4%  28.7  230s
 821111 195886     cutoff  100         0.00084    0.00021  75.4%  28.7  235s
 837550 200068     cutoff   61         0.00084    0.00021  75.4%  29.0  240s
 858928 205191    0.00066   67   42    0.00084    0.00021  75.4%  29.2  245s
 874001 208933     cutoff   54         0.00084    0.00021  75.4%  29.4  250s
H881326 210401                       0.0008376    0.00021  75.4%  29.4  254s
 883863 210863    0.00084   68   49    0.00084    0.00021  75.4%  29.5  255s
 898567 214275     cutoff   76         0.00084    0.00021  75.4%  29.6  260s
 915934 217093    0.00084   72   44    0.00084    0.00021  75.4%  29.8  265s
 932577 220147     cutoff   71         0.00084    0.00021  75.4%  29.8  270s
 948423 223461    0.00022   80   48    0.00084    0.00021  75.4%  29.9  275s
 969948 228038    0.00033   79   49    0.00084    0.00021  75.4%  29.8  280s
 985485 232054    0.00021   68   56    0.00084    0.00021  75.4%  29.9  285s
 1001423 236626 infeasible   72         0.00084    0.00021  75.4%  29.8  290s
 1019630 240254    0.00021   80   59    0.00084    0.00021  75.4%  29.8  295s
 1036038 243267    0.00021   95   42    0.00084    0.00021  75.4%  29.7  300s
 1060022 248081     cutoff  101         0.00084    0.00021  75.4%  29.6  305s
H1060046 248081                       0.0008376    0.00021  75.4%  29.6  305s
 1077248 251611    0.00084   59   44    0.00084    0.00021  75.4%  29.5  310s
 1095548 255201    0.00021   71   51    0.00084    0.00021  75.4%  29.5  315s
 1111621 258427     cutoff   66         0.00084    0.00021  75.4%  29.4  320s
 1128732 261671    0.00084   81   45    0.00084    0.00021  75.4%  29.4  325s
 1148115 264846    0.00021   65   61    0.00084    0.00021  75.4%  29.3  330s
 1165838 268851     cutoff   69         0.00084    0.00021  75.4%  29.4  335s
 1182210 272669    0.00021   66   51    0.00084    0.00021  75.4%  29.4  340s
 1199083 277301    0.00021   55   39    0.00084    0.00021  75.4%  29.5  345s
 1216521 281372    0.00050   65   36    0.00084    0.00021  75.4%  29.6  350s
 1233604 285342     cutoff   71         0.00084    0.00021  75.4%  29.6  355s
 1251933 289825    0.00021   61   58    0.00084    0.00021  75.4%  29.6  360s
 1273701 294843     cutoff   54         0.00084    0.00021  75.4%  29.6  365s
 1290623 299659    0.00084   76   47    0.00084    0.00021  75.4%  29.6  370s
 1308045 302861    0.00021   67   47    0.00084    0.00021  75.4%  29.7  375s
 1324244 307105    0.00021   75   57    0.00084    0.00021  75.4%  29.7  380s
 1340707 310705 infeasible   72         0.00084    0.00021  75.4%  29.7  385s
 1358680 313687     cutoff   93         0.00084    0.00021  75.4%  29.7  390s
 1375046 316404     cutoff   76         0.00084    0.00021  75.4%  29.7  395s
 1394002 319497    0.00021   78   63    0.00084    0.00021  75.4%  29.7  400s
 1410534 322810    0.00021   84   47    0.00084    0.00021  75.4%  29.7  405s
 1428447 325345    0.00021   62   60    0.00084    0.00021  75.4%  29.7  410s
 1439907 327167    0.00021  101   56    0.00084    0.00021  75.4%  29.7  415s
 1457709 328980    0.00021   98   49    0.00084    0.00021  75.4%  29.7  420s
 1479420 331195    0.00021   84   53    0.00084    0.00021  75.4%  29.6  425s
 1497248 335438    0.00067  103   45    0.00084    0.00021  75.4%  29.5  430s
 1514649 339863    0.00021   63   63    0.00084    0.00021  75.4%  29.4  435s
 1532323 342710    0.00021   76   46    0.00084    0.00021  75.4%  29.4  440s
 1545514 344618    0.00021   70   51    0.00084    0.00021  75.4%  29.3  445s
 1560208 347245 infeasible   74         0.00084    0.00021  75.4%  29.3  450s
 1578563 350796    0.00084   58   30    0.00084    0.00021  75.4%  29.2  455s
 1596217 353604 infeasible   64         0.00084    0.00021  75.4%  29.2  460s
*1606751 353819             130       0.0008353    0.00021  75.4%  29.2  462s
*1606779 353817             130       0.0008353    0.00021  75.4%  29.2  462s
H1611325 354500                       0.0008353    0.00021  75.4%  29.1  463s
 1615150 355624    0.00064   72   47    0.00084    0.00021  75.4%  29.1  465s
H1617495 355605                       0.0008353    0.00021  75.4%  29.1  466s
 1633137 358660    0.00027   63   41    0.00084    0.00021  75.4%  29.1  470s
 1649239 361770    0.00026   73   52    0.00084    0.00021  75.4%  29.1  475s
 1665366 365390    0.00076   89   54    0.00084    0.00021  75.4%  29.0  480s
 1681159 369419    0.00021   71   57    0.00084    0.00021  75.4%  29.0  485s
H1684266 369602                       0.0008353    0.00021  75.4%  29.0  485s
 1702866 373366    0.00024   58   45    0.00084    0.00021  75.4%  28.9  490s
 1721836 376800 infeasible   69         0.00084    0.00021  75.4%  28.9  495s
 1738960 380389 infeasible   72         0.00084    0.00021  75.4%  28.8  500s
 1754107 382796    0.00025   60   50    0.00084    0.00021  75.4%  28.8  505s
H1769468 385321                       0.0008353    0.00021  75.4%  28.8  509s
 1771659 385942    0.00021   71   52    0.00084    0.00021  75.4%  28.8  510s
 1788318 388731 infeasible   91         0.00084    0.00021  75.4%  28.7  515s
 1810144 392512     cutoff   39         0.00084    0.00021  75.4%  28.7  520s
H1815751 393391                       0.0008353    0.00021  75.4%  28.7  522s
 1825119 395478     cutoff   79         0.00084    0.00021  75.4%  28.7  525s
 1842784 398105     cutoff   76         0.00084    0.00021  75.4%  28.6  530s
 1858603 400843 infeasible   75         0.00084    0.00021  75.4%  28.6  535s
 1875054 404111    0.00021   59   48    0.00084    0.00021  75.4%  28.6  540s
 1893308 407218 infeasible   65         0.00084    0.00021  75.4%  28.6  545s
 1913916 411844    0.00081   86   56    0.00084    0.00021  75.4%  28.5  550s
 1928215 414400     cutoff   73         0.00084    0.00021  75.4%  28.5  555s
 1941026 416727    0.00021   92   52    0.00084    0.00021  75.4%  28.5  560s
 1956498 418753    0.00021   61   59    0.00084    0.00021  75.4%  28.5  565s
 1975389 420922    0.00021   61   44    0.00084    0.00021  75.4%  28.4  570s
 1992585 426726     cutoff   79         0.00084    0.00021  75.4%  28.4  575s
 2012852 432792    0.00037   80   60    0.00084    0.00021  75.4%  28.3  580s
H2026359 437644                       0.0008352    0.00021  75.4%  28.3  583s
H2027278 438500                       0.0008352    0.00021  75.4%  28.3  583s
 2034478 440803    0.00031   83   50    0.00084    0.00021  75.4%  28.3  585s
 2051792 445081    0.00033   87   57    0.00084    0.00021  75.4%  28.3  590s
 2069485 450115    0.00021   69   59    0.00084    0.00021  75.4%  28.2  595s
H2080917 450238                       0.0008351    0.00021  75.4%  28.2  598s
 2086019 451033 infeasible   84         0.00084    0.00021  75.4%  28.1  600s
 2101807 453113    0.00021   80   45    0.00084    0.00021  75.4%  28.1  605s
 2121095 454956 infeasible   83         0.00084    0.00021  75.4%  28.0  610s
 2138623 458359    0.00022   87   53    0.00084    0.00021  75.4%  28.0  615s
 2156446 461341     cutoff   83         0.00084    0.00021  75.4%  28.0  620s
 2176230 465267 infeasible   84         0.00084    0.00021  75.4%  27.9  626s
H2176255 465257                       0.0008351    0.00021  75.4%  27.9  626s
 2191370 466896    0.00021   74   45    0.00084    0.00021  75.4%  27.9  630s
 2208091 468993    0.00083   78   51    0.00084    0.00021  75.4%  27.9  635s
 2224154 472068     cutoff   90         0.00084    0.00021  75.4%  27.9  640s
 2240015 474689 infeasible   65         0.00084    0.00021  75.4%  27.9  645s
 2258003 478620    0.00022   80   62    0.00084    0.00021  75.4%  27.9  650s
 2277656 483850    0.00060   98   51    0.00084    0.00021  75.4%  27.9  655s
 2299598 489948     cutoff   68         0.00084    0.00021  75.4%  27.9  660s
 2317665 494285    0.00023   91   35    0.00084    0.00021  75.4%  27.8  665s
H2323089 494845                       0.0008351    0.00021  75.4%  27.8  667s
 2334572 496739    0.00026   92   44    0.00084    0.00021  75.4%  27.8  670s
 2349741 498689    0.00027  102   56    0.00084    0.00021  75.4%  27.8  675s
 2368332 503040    0.00084   74   37    0.00084    0.00021  75.4%  27.8  680s
 2386147 505085    0.00035   73   50    0.00084    0.00021  75.4%  27.8  685s
 2402108 506953    0.00021   70   55    0.00084    0.00021  75.4%  27.8  690s
 2418292 509008    0.00021   74   56    0.00084    0.00021  75.4%  27.8  695s
 2436010 510818    0.00022   68   60    0.00084    0.00021  75.4%  27.7  700s
 2455513 513809 infeasible   91         0.00084    0.00021  75.4%  27.8  705s
 2469650 517050 infeasible   89         0.00084    0.00021  75.4%  27.8  710s
 2485436 519273    0.00021   65   60    0.00084    0.00021  75.4%  27.8  715s
 2502820 522886    0.00021   50   50    0.00084    0.00021  75.4%  27.8  720s
 2519040 527467     cutoff   53         0.00084    0.00021  75.4%  27.8  725s
 2538241 532687     cutoff   64         0.00084    0.00021  75.4%  27.8  730s
 2555764 537959    0.00021   75   52    0.00084    0.00021  75.4%  27.8  735s
 2573216 542126    0.00022   63   42    0.00084    0.00021  75.4%  27.9  740s
 2590099 546875    0.00031   58   49    0.00084    0.00021  75.4%  27.9  745s
 2608242 551634    0.00043   73   48    0.00084    0.00021  75.4%  27.8  750s
 2626745 556830 infeasible   77         0.00084    0.00021  75.4%  27.9  755s
 2646517 562682    0.00074   93   50    0.00084    0.00021  75.4%  27.8  760s
 2666721 568271 infeasible   59         0.00084    0.00021  75.4%  27.8  765s
 2684782 572690     cutoff   56         0.00084    0.00021  75.4%  27.8  770s
 2703102 578250    0.00021   61   42    0.00084    0.00021  75.4%  27.8  775s
 2718223 581715    0.00021   53   60    0.00084    0.00021  75.4%  27.9  780s
 2735545 585790     cutoff   78         0.00084    0.00021  75.4%  28.0  785s
 2752368 589456    0.00021   68   69    0.00084    0.00021  75.4%  28.0  790s
 2771204 593946    0.00021   62   42    0.00084    0.00021  75.4%  28.0  795s
 2793699 599681 infeasible   70         0.00084    0.00021  75.4%  28.0  800s
 2811722 604920    0.00084   61   58    0.00084    0.00021  75.4%  28.1  805s
 2831475 610056 infeasible   65         0.00084    0.00021  75.4%  28.1  810s
 2845663 614657    0.00021   61   55    0.00084    0.00021  75.4%  28.1  815s
 2862511 618152     cutoff   70         0.00084    0.00021  75.4%  28.1  820s
 2878681 620928    0.00024   76   53    0.00084    0.00021  75.4%  28.2  825s
 2900147 623847     cutoff   60         0.00084    0.00021  75.4%  28.3  831s
 2914916 626561 infeasible   75         0.00084    0.00021  75.4%  28.3  835s
 2931119 629610     cutoff   85         0.00084    0.00021  75.4%  28.4  840s
 2947274 632911    0.00021   90   53    0.00084    0.00021  75.4%  28.4  845s
H2965584 635822                       0.0008351    0.00021  75.4%  28.5  849s
 2967768 636348    0.00065   94   50    0.00084    0.00021  75.4%  28.5  850s
 2983841 639306    0.00021   82   52    0.00084    0.00021  75.4%  28.5  855s
 2999630 642388    0.00030   82   49    0.00084    0.00021  75.4%  28.5  860s
 3022293 647246    0.00021   61   51    0.00084    0.00021  75.4%  28.5  865s
 3037669 650229    0.00021   89   56    0.00084    0.00021  75.4%  28.6  870s
 3055618 653573     cutoff   94         0.00084    0.00021  75.4%  28.6  875s
 3073705 656856 infeasible   98         0.00084    0.00021  75.4%  28.6  880s
 3095085 661271    0.00021   92   60    0.00084    0.00021  75.4%  28.6  885s
 3113927 665296     cutoff   66         0.00084    0.00021  75.4%  28.6  890s
 3131298 667897    0.00021   66   62    0.00084    0.00021  75.4%  28.6  895s
 3147006 670800 infeasible   87         0.00084    0.00021  75.4%  28.7  900s
 3165321 674913     cutoff   67         0.00084    0.00021  75.4%  28.7  905s
 3184326 679174     cutoff   61         0.00084    0.00021  75.4%  28.7  910s
 3202872 682838    0.00021   71   47    0.00084    0.00021  75.4%  28.7  915s
 3222596 687521    0.00021   57   43    0.00084    0.00021  75.4%  28.7  920s
 3241751 691438 infeasible   61         0.00084    0.00021  75.4%  28.7  925s
 3257360 695438     cutoff   64         0.00084    0.00021  75.4%  28.7  930s
 3275414 700044    0.00084   63   44    0.00084    0.00021  75.4%  28.6  935s
 3294613 705268    0.00027   83   51    0.00084    0.00021  75.4%  28.6  940s
 3312715 709522 infeasible   63         0.00084    0.00021  75.4%  28.6  945s
 3331264 713857    0.00021   73   54    0.00084    0.00021  75.4%  28.6  950s
 3350988 718987    0.00021   48   37    0.00084    0.00021  75.4%  28.6  955s
 3370463 724416    0.00032   59   47    0.00084    0.00021  75.4%  28.6  960s
 3388826 729432     cutoff   91         0.00084    0.00021  75.4%  28.5  965s
 3404303 733850    0.00021   80   48    0.00084    0.00021  75.4%  28.5  970s
 3421138 738307    0.00028   86   43    0.00084    0.00021  75.4%  28.5  975s
 3441409 743861    0.00021   67   43    0.00084    0.00021  75.4%  28.5  980s
 3464285 750769     cutoff   69         0.00084    0.00021  75.4%  28.4  985s
 3482529 755963    0.00068   68   37    0.00084    0.00021  75.4%  28.4  990s
 3500579 761514    0.00021   78   50    0.00084    0.00021  75.4%  28.4  995s
 3519922 766760    0.00024   82   55    0.00084    0.00021  75.4%  28.3 1000s
 3536682 770894    0.00021   57   41    0.00084    0.00021  75.4%  28.3 1005s
 3555694 776175    0.00021   65   62    0.00084    0.00021  75.4%  28.3 1010s
 3576073 780812    0.00024   64   47    0.00084    0.00021  75.4%  28.3 1015s
 3591123 784640 infeasible   85         0.00084    0.00021  75.4%  28.3 1020s
 3610145 789616    0.00021   57   52    0.00084    0.00021  75.4%  28.2 1025s
 3627429 794231    0.00021   66   51    0.00084    0.00021  75.4%  28.2 1030s
 3645669 799566 infeasible   86         0.00084    0.00021  75.4%  28.2 1035s
 3664908 804870 infeasible   70         0.00084    0.00021  75.4%  28.2 1040s
 3683173 809833    0.00055   55   49    0.00084    0.00021  75.4%  28.1 1045s
 3702502 814773 infeasible   80         0.00084    0.00021  75.4%  28.1 1050s
 3725192 819571    0.00021   77   50    0.00084    0.00021  75.4%  28.1 1056s
 3740649 823444     cutoff   77         0.00084    0.00021  75.4%  28.1 1060s
 3756698 826800    0.00025   76   50    0.00084    0.00021  75.4%  28.1 1065s
 3776120 829777     cutoff   65         0.00084    0.00021  75.4%  28.0 1070s
 3793496 832826    0.00084   79   45    0.00084    0.00021  75.4%  28.0 1075s
 3813034 837349    0.00038   73   45    0.00084    0.00021  75.4%  28.0 1080s
 3831403 841258    0.00021   66   54    0.00084    0.00021  75.4%  27.9 1085s
 3849814 843833    0.00043   83   46    0.00084    0.00021  75.4%  27.9 1090s
 3867279 846442     cutoff   53         0.00084    0.00021  75.4%  27.9 1095s
 3889162 851928    0.00084   86   47    0.00084    0.00021  75.4%  27.9 1100s
 3906188 855364    0.00021   66   47    0.00084    0.00021  75.4%  27.9 1105s
 3924222 859666    0.00039   64   39    0.00084    0.00021  75.4%  27.9 1110s
 3940190 862120    0.00021   59   49    0.00084    0.00021  75.4%  27.9 1115s
 3958566 865974    0.00072   95   42    0.00084    0.00021  75.4%  27.9 1120s
 3975158 868608    0.00021   78   44    0.00084    0.00021  75.4%  27.9 1125s
 3991669 871440 infeasible   69         0.00084    0.00021  75.4%  27.9 1130s
 4010224 874591    0.00021   71   52    0.00084    0.00021  75.4%  27.8 1135s
 4032790 879228     cutoff   77         0.00084    0.00021  75.4%  27.8 1140s
 4051972 883360    0.00079   73   38    0.00084    0.00021  75.4%  27.8 1145s
 4072630 886097     cutoff   67         0.00084    0.00021  75.4%  27.8 1150s
 4090704 888167     cutoff   70         0.00084    0.00021  75.4%  27.8 1155s
 4103840 890099    0.00067   81   58    0.00084    0.00021  75.4%  27.8 1160s
 4119066 892169    0.00029   82   49    0.00084    0.00021  75.4%  27.8 1165s
 4136805 894926    0.00021   61   54    0.00084    0.00021  75.4%  27.8 1170s
 4149695 896689    0.00032   82   45    0.00084    0.00021  75.4%  27.8 1175s
 4166416 898484     cutoff   73         0.00084    0.00021  75.4%  27.8 1180s
 4181520 899810    0.00078   92   37    0.00084    0.00021  75.4%  27.8 1185s
 4199402 902394 infeasible   85         0.00084    0.00021  75.4%  27.7 1190s
 4217163 904419    0.00021   77   40    0.00084    0.00021  75.4%  27.7 1195s
 4233376 906285    0.00021   76   43    0.00084    0.00021  75.4%  27.7 1200s
 4252938 908308    0.00027   85   49    0.00084    0.00021  75.4%  27.7 1205s
 4266722 910254 infeasible   84         0.00084    0.00021  75.4%  27.7 1210s
 4284790 912035    0.00021   71   51    0.00084    0.00021  75.4%  27.6 1215s
 4303609 914161    0.00050   83   40    0.00084    0.00021  75.4%  27.6 1220s
 4319763 916833    0.00021   99   45    0.00084    0.00021  75.4%  27.6 1225s
 4336681 918910    0.00021   64   57    0.00084    0.00021  75.4%  27.6 1230s
H4343018 826347                       0.0006966    0.00021  70.5%  27.6 1231s
H4343025 825507                       0.0006910    0.00021  70.2%  27.6 1231s
 4351011 826545    0.00021  100   59    0.00069    0.00021  70.2%  27.6 1235s
 4367792 828615    0.00022   98   41    0.00069    0.00021  70.2%  27.6 1240s
H4368044 821091                       0.0006479    0.00021  68.2%  27.6 1240s
H4368048 821072                       0.0006479    0.00021  68.2%  27.6 1240s
H4375562 786689                       0.0004944    0.00021  58.4%  27.6 1242s
H4375564 786638                       0.0004943    0.00021  58.4%  27.6 1242s
 4381320 788089    0.00021   91   48    0.00049    0.00021  58.4%  27.6 1245s
H4391708 788895                       0.0004943    0.00021  58.4%  27.6 1247s
 4399279 789702    0.00037   81   46    0.00049    0.00021  58.4%  27.6 1250s
 4415800 791112    0.00022   81   52    0.00049    0.00021  58.4%  27.5 1255s
H4422636 791624                       0.0004943    0.00021  58.4%  27.5 1257s
H4424893 791737                       0.0004943    0.00021  58.4%  27.5 1257s
 4432587 792035     cutoff   78         0.00049    0.00021  58.4%  27.5 1260s
H4432594 792034                       0.0004943    0.00021  58.4%  27.5 1260s
H4435205 792523                       0.0004943    0.00021  58.4%  27.5 1262s
H4437888 792603                       0.0004943    0.00021  58.4%  27.5 1263s
H4440448 792715                       0.0004935    0.00021  58.3%  27.5 1264s
 4442994 793372    0.00021   68   65    0.00049    0.00021  58.3%  27.6 1265s
H4445535 793295                       0.0004932    0.00021  58.3%  27.6 1266s
H4448565 793466                       0.0004921    0.00021  58.2%  27.6 1268s
 4457381 794199     cutoff   76         0.00049    0.00021  58.2%  27.6 1270s
H4461603 794739                       0.0004921    0.00021  58.2%  27.6 1271s
 4470198 795734    0.00021   83   52    0.00049    0.00021  58.2%  27.6 1275s
H4477144 796555                       0.0004911    0.00021  58.1%  27.6 1276s
*4479208 758003             119       0.0003829    0.00021  46.2%  27.6 1277s
H4483434 743708                       0.0003526    0.00021  41.6%  27.6 1278s
*4484290 501074             112       0.0002109    0.00021  2.43%  27.6 1279s
*4484297 500855             112       0.0002109    0.00021  2.42%  27.6 1279s
*4485472 479786             114       0.0002091    0.00021  1.57%  27.6 1279s
*4487059 479583             111       0.0002091    0.00021  1.57%  27.6 1279s
*4487065 479085             115       0.0002090    0.00021  1.55%  27.6 1279s
*4487070 478895             113       0.0002090    0.00021  1.54%  27.6 1279s
 4487269 478888     cutoff   64         0.00021    0.00021  1.54%  27.6 1280s
H4487290 420518                       0.0002063    0.00021  0.22%  27.6 1280s
H4488626 410633                       0.0002060    0.00021  0.11%  27.6 1281s
H4488633 410628                       0.0002060    0.00021  0.11%  27.6 1281s
H4490001 410549                       0.0002060    0.00021  0.11%  27.6 1281s
H4490016 410270                       0.0002060    0.00021  0.11%  27.6 1281s
*4491379 410408             118       0.0002060    0.00021  0.11%  27.6 1282s
*4491406 410002             117       0.0002060    0.00021  0.11%  27.6 1282s
*4491430 409883             118       0.0002060    0.00021  0.11%  27.6 1282s
*4492459 408764             118       0.0002060    0.00021  0.10%  27.6 1282s
H4493475 408543                       0.0002060    0.00021  0.09%  27.6 1282s
*4493484 407171             118       0.0002060    0.00021  0.09%  27.6 1282s
H4493492 407080                       0.0002060    0.00021  0.09%  27.6 1282s
 4504712 407527    0.00021   63   50    0.00021    0.00021  0.09%  27.6 1285s
 4522913 408918     cutoff   76         0.00021    0.00021  0.09%  27.5 1290s
 4540463 410266    0.00021   58   44    0.00021    0.00021  0.09%  27.5 1295s
 4560854 412143    0.00021  109   52    0.00021    0.00021  0.09%  27.5 1300s
 4578860 414132    0.00021   71   54    0.00021    0.00021  0.09%  27.5 1305s
 4597357 415396     cutoff   81         0.00021    0.00021  0.09%  27.5 1310s
 4615735 417205     cutoff   69         0.00021    0.00021  0.09%  27.5 1315s
 4635908 420102     cutoff   86         0.00021    0.00021  0.09%  27.5 1320s
 4656086 422021    0.00021   74   44    0.00021    0.00021  0.09%  27.5 1325s
 4671522 423445    0.00021   74   51    0.00021    0.00021  0.09%  27.5 1330s
 4689025 426233 infeasible   78         0.00021    0.00021  0.09%  27.4 1335s
 4709285 427963    0.00021   65   40    0.00021    0.00021  0.09%  27.4 1340s
 4728817 430212    0.00021   65   55    0.00021    0.00021  0.09%  27.4 1345s
 4745761 432492    0.00021   66   48    0.00021    0.00021  0.09%  27.4 1350s
 4765355 433243    0.00021   77   57    0.00021    0.00021  0.09%  27.4 1355s
 4782451 433194    0.00021   76   60    0.00021    0.00021  0.09%  27.4 1360s
 4803058 434427    0.00021   72   58    0.00021    0.00021  0.09%  27.4 1365s
 4824418 435789     cutoff   62         0.00021    0.00021  0.09%  27.4 1370s
H4824423 419371                       0.0002058    0.00021  0.02%  27.4 1370s
 4843590 420437     cutoff   86         0.00021    0.00021  0.02%  27.4 1375s
 4860658 421893 infeasible   75         0.00021    0.00021  0.02%  27.4 1380s
 4878367 422818    0.00021   68   46    0.00021    0.00021  0.02%  27.4 1385s
 4894643 425287    0.00021   62   52    0.00021    0.00021  0.02%  27.4 1390s
 4916074 428184    0.00021   65   45    0.00021    0.00021  0.02%  27.4 1395s
 4934236 430587     cutoff   88         0.00021    0.00021  0.02%  27.4 1400s
 4954399 433653    0.00021   60   57    0.00021    0.00021  0.02%  27.4 1405s
 4977826 438420     cutoff   80         0.00021    0.00021  0.02%  27.4 1410s
 4992517 440788    0.00021   79   45    0.00021    0.00021  0.02%  27.4 1415s
 5011013 443291 infeasible   73         0.00021    0.00021  0.02%  27.4 1420s
 5031320 445040 infeasible   64         0.00021    0.00021  0.02%  27.4 1425s
 5048660 445229    0.00021   84   45    0.00021    0.00021  0.02%  27.4 1430s
 5064645 446609    0.00021   85   47    0.00021    0.00021  0.02%  27.5 1435s
 5084930 447689    0.00021   72   40    0.00021    0.00021  0.02%  27.5 1440s
 5100389 446807     cutoff   66         0.00021    0.00021  0.02%  27.4 1445s
 5116743 446235    0.00021   65   52    0.00021    0.00021  0.02%  27.4 1450s
 5134984 446139    0.00021   85   50    0.00021    0.00021  0.02%  27.4 1455s
 5154508 445860     cutoff   80         0.00021    0.00021  0.02%  27.4 1460s
 5174041 445461 infeasible   85         0.00021    0.00021  0.02%  27.4 1465s
 5191087 445349    0.00021   55   39    0.00021    0.00021  0.02%  27.4 1470s
 5207066 445182    0.00021   75   55    0.00021    0.00021  0.02%  27.4 1475s
 5222617 445538    0.00021   86   49    0.00021    0.00021  0.02%  27.4 1480s
 5245118 445391    0.00021   75   49    0.00021    0.00021  0.02%  27.4 1485s
H5247128 445259                       0.0002058    0.00021  0.02%  27.4 1486s
 5259587 446396    0.00021   57   53    0.00021    0.00021  0.02%  27.4 1490s
 5278524 449061     cutoff   58         0.00021    0.00021  0.02%  27.4 1495s
 5294565 452002     cutoff   69         0.00021    0.00021  0.02%  27.4 1500s
 5316931 455093     cutoff   49         0.00021    0.00021  0.02%  27.4 1505s
 5332070 457571     cutoff   83         0.00021    0.00021  0.02%  27.4 1510s
 5352982 460724 infeasible   52         0.00021    0.00021  0.02%  27.5 1515s
 5370625 463531    0.00021   59   50    0.00021    0.00021  0.02%  27.5 1520s
 5387752 465970    0.00021   73   44    0.00021    0.00021  0.02%  27.5 1525s
 5403453 467565     cutoff   53         0.00021    0.00021  0.02%  27.5 1530s
 5418342 469250     cutoff   54         0.00021    0.00021  0.02%  27.5 1535s
 5442001 472158     cutoff   69         0.00021    0.00021  0.02%  27.5 1540s
 5458818 473168    0.00021   57   54    0.00021    0.00021  0.02%  27.5 1545s
 5482634 475249     cutoff   74         0.00021    0.00021  0.02%  27.5 1551s
 5497910 476869 infeasible   64         0.00021    0.00021  0.02%  27.5 1555s
 5515982 477662     cutoff   90         0.00021    0.00021  0.02%  27.5 1560s
 5537270 478355     cutoff   72         0.00021    0.00021  0.02%  27.4 1565s
 5552956 477917    0.00021   71   52    0.00021    0.00021  0.02%  27.4 1570s
 5570869 477290     cutoff   79         0.00021    0.00021  0.02%  27.4 1575s
 5589057 476737    0.00021   76   52    0.00021    0.00021  0.02%  27.4 1581s
 5604597 476429    0.00021   87   48    0.00021    0.00021  0.02%  27.4 1585s
 5622305 476810     cutoff   68         0.00021    0.00021  0.02%  27.4 1590s
 5638592 477025     cutoff   80         0.00021    0.00021  0.02%  27.4 1595s
 5655720 476945    0.00021   75   44    0.00021    0.00021  0.02%  27.4 1600s
 5675758 476440     cutoff   98         0.00021    0.00021  0.02%  27.3 1605s
 5691685 476680    0.00021   93   47    0.00021    0.00021  0.02%  27.3 1610s
 5710222 476764 infeasible   84         0.00021    0.00021  0.02%  27.3 1615s
 5731549 476536     cutoff   53         0.00021    0.00021  0.02%  27.3 1620s
 5746998 476317 infeasible   70         0.00021    0.00021  0.02%  27.3 1625s
 5764201 476638    0.00021   63   57    0.00021    0.00021  0.02%  27.3 1630s
 5786522 479069     cutoff   75         0.00021    0.00021  0.02%  27.3 1635s
 5802224 481996    0.00021   78   58    0.00021    0.00021  0.02%  27.3 1640s
 5821499 485172     cutoff   54         0.00021    0.00021  0.02%  27.3 1645s
 5842575 488061     cutoff   61         0.00021    0.00021  0.02%  27.3 1650s
 5857739 490054 infeasible   77         0.00021    0.00021  0.02%  27.3 1655s
 5878643 491972 infeasible   76         0.00021    0.00021  0.02%  27.3 1660s
H5878663   617                       0.0002058    0.00021  0.00%  27.3 1660s

Cutting planes:
  Gomory: 7
  Cover: 4
  Implied bound: 15
  Clique: 7
  MIR: 9
  StrongCG: 1
  Flow cover: 25
  RLT: 23
  Relax-and-lift: 5
  PSD: 1

Explored 5878679 nodes (160668940 simplex iterations) in 1660.86 seconds (902.10 work units)
Thread count was 12 (of 12 available processors)

Solution count 10: 0.000205807 0.000205844 0.000205844 ... 0.000206031

Optimal solution found (tolerance 1.00e-04)
Best objective 2.058065111685e-04, best bound 2.058065039989e-04, gap 0.0000%
