
Gurobi 11.0.2 (win64) logging started Tue Oct  1 15:55:43 2024

Set parameter LogFile to value ".\Experiments\Track_k_e_2\Logs\track_k_e_2_r2_c4.log"
Set parameter TimeLimit to value 3600
Gurobi Optimizer version 11.0.2 build v11.0.2rc0 (win64 - Windows 10.0 (19045.2))

CPU model: Intel(R) Core(TM) i7-10750H CPU @ 2.60GHz, instruction set [SSE2|AVX|AVX2]
Thread count: 6 physical cores, 12 logical processors, using up to 12 threads

Optimize a model with 248 rows, 462 columns and 920 nonzeros
Model fingerprint: 0x72f78958
Model has 6 quadratic objective terms
Model has 68 quadratic constraints
Model has 116 general constraints
Variable types: 458 continuous, 4 integer (4 binary)
Coefficient statistics:
  Matrix range     [9e-06, 1e+02]
  QMatrix range    [1e+00, 1e+00]
  QLMatrix range   [1e+00, 1e+00]
  Objective range  [1e-02, 2e-01]
  QObjective range [2e+00, 2e+00]
  Bounds range     [8e-05, 7e+01]
  RHS range        [8e-05, 1e+02]
  QRHS range       [1e-06, 1e-06]
Presolve added 44 rows and 0 columns
Presolve removed 0 rows and 71 columns
Presolve time: 0.01s
Presolved: 533 rows, 400 columns, 1483 nonzeros
Presolved model has 48 SOS constraint(s)
Presolved model has 4 quadratic objective terms
Presolved model has 57 bilinear constraint(s)
Presolved model has 4 nonlinear constraint(s)
Warning: Model contains variables with very large bounds participating
         in nonlinear terms.
         Presolve was not able to compute smaller bounds for these variables.
         Consider bounding these variables or reformulating the model.


Solving non-convex MINLP

Variable types: 284 continuous, 116 integer (116 binary)

Root relaxation: objective 2.058065e-04, 445 iterations, 0.00 seconds (0.00 work units)

    Nodes    |    Current Node    |     Objective Bounds      |     Work
 Expl Unexpl |  Obj  Depth IntInf | Incumbent    BestBd   Gap | It/Node Time

     0     0    0.00021    0   43          -    0.00021      -     -    0s
     0     0    0.00021    0   82          -    0.00021      -     -    0s
     0     0    0.00021    0   93          -    0.00021      -     -    0s
     0     0    0.00021    0  102          -    0.00021      -     -    0s
     0     0    0.00021    0   98          -    0.00021      -     -    0s
     0     0    0.00021    0   97          -    0.00021      -     -    0s
     0     0    0.00021    0   98          -    0.00021      -     -    0s
     0     2    0.00021    0   98          -    0.00021      -     -    0s
 14145  3649    0.00021   54   43          -    0.00021      -  27.7    5s
 34945  9638    0.00107   56   28          -    0.00021      -  30.3   10s
 56823 14297    0.00192   51   55          -    0.00021      -  30.4   15s
*57929  4262              92       0.0010312    0.00021  80.0%  30.3   15s
H59298  4025                       0.0010312    0.00021  80.0%  30.1   15s
H65015  4416                       0.0010312    0.00021  80.0%  29.6   17s
H65267  3803                       0.0008438    0.00021  75.6%  29.7   17s
H68546  3965                       0.0008362    0.00021  75.4%  29.6   19s
H69494  4053                       0.0008362    0.00021  75.4%  29.5   19s
H70706  4053                       0.0008362    0.00021  75.4%  29.3   19s
 71250  4076    0.00021   39   58    0.00084    0.00021  75.4%  29.3   20s
H71251  4076                       0.0008362    0.00021  75.4%  29.3   20s
H72949  4159                       0.0008356    0.00021  75.4%  29.2   21s
H73762  4317                       0.0008356    0.00021  75.4%  29.1   21s
H75521  4329                       0.0008356    0.00021  75.4%  28.8   22s
H75541  4328                       0.0008354    0.00021  75.4%  28.8   22s
 81055  5148    0.00021   61   44    0.00084    0.00021  75.4%  28.2   25s
H89770  5631                       0.0008354    0.00021  75.4%  27.0   28s
H91146  5779                       0.0008352    0.00021  75.4%  26.9   29s
H91154  5777                       0.0008352    0.00021  75.4%  26.9   29s
 95974  6063    0.00021   50   41    0.00084    0.00021  75.4%  26.4   30s
 110171  6040     cutoff   71         0.00084    0.00021  75.1%  26.1   35s
 129241  6537     cutoff   60         0.00084    0.00021  75.1%  25.5   40s
H133781  6667                       0.0008352    0.00021  75.1%  25.3   42s
 147742  6933    0.00021   66   37    0.00084    0.00021  75.1%  24.6   45s
H149025  6935                       0.0008352    0.00021  75.1%  24.6   45s
H156414  7098                       0.0008352    0.00021  75.1%  24.6   47s
H161749  7158                       0.0008352    0.00021  75.1%  24.5   49s
 163402  7123    0.00021   57   39    0.00084    0.00021  75.1%  24.5   50s
 180786  7030     cutoff   71         0.00084    0.00021  75.1%  24.2   55s
H182467  7001                       0.0008352    0.00022  74.2%  24.2   55s
 202694  7206    0.00022   54   34    0.00084    0.00022  74.2%  24.0   60s
 227194  8004    0.00023   51   45    0.00084    0.00022  74.2%  23.7   65s
 248497  8360    0.00078   79   38    0.00084    0.00022  74.2%  23.6   70s
 273823  8296    0.00028   47   30    0.00084    0.00024  70.8%  23.1   75s
 293595  9482    0.00025   43   19    0.00084    0.00025  70.6%  23.4   80s
 319124  9997     cutoff   71         0.00084    0.00025  70.6%  23.3   85s
 343313 11305     cutoff   46         0.00084    0.00025  70.5%  23.1   90s
 368460 10117 infeasible   58         0.00084    0.00028  65.9%  22.7   95s
 391881  9883    0.00062   72   36    0.00084    0.00028  65.9%  22.7  100s
 413490  9469    0.00030   60   36    0.00084    0.00030  64.4%  22.9  105s
 441728  7508 infeasible   73         0.00084    0.00040  52.5%  22.4  110s
 462480  7585     cutoff   55         0.00084    0.00040  52.5%  22.7  115s
 489206  4765    0.00068   47   37    0.00084    0.00057  31.7%  22.4  120s
 516050  1826    0.00079   34   47    0.00084    0.00079  5.93%  22.0  125s
 539186   549    0.00084   57   24    0.00084    0.00084  0.02%  22.0  130s

Cutting planes:
  Gomory: 5
  Cover: 16
  Implied bound: 21
  Clique: 7
  MIR: 16
  Flow cover: 41
  RLT: 7
  Relax-and-lift: 14

Explored 549203 nodes (12078471 simplex iterations) in 132.14 seconds (66.15 work units)
Thread count was 12 (of 12 available processors)

Solution count 10: 0.000835206 0.000835206 0.000835207 ... 0.000843789

Optimal solution found (tolerance 1.00e-04)
Best objective 8.352061399075e-04, best bound 8.352061399075e-04, gap 0.0000%
