
Gurobi 11.0.2 (win64) logging started Tue Oct  1 19:05:58 2024

Set parameter LogFile to value ".\Experiments\Track_k_e_2\Logs\track_k_e_2_r2_c10.log"
Set parameter TimeLimit to value 3600
Gurobi Optimizer version 11.0.2 build v11.0.2rc0 (win64 - Windows 10.0 (19045.2))

CPU model: Intel(R) Core(TM) i7-10750H CPU @ 2.60GHz, instruction set [SSE2|AVX|AVX2]
Thread count: 6 physical cores, 12 logical processors, using up to 12 threads

Optimize a model with 264 rows, 462 columns and 968 nonzeros
Model fingerprint: 0xeecc0fc8
Model has 6 quadratic objective terms
Model has 68 quadratic constraints
Model has 116 general constraints
Variable types: 458 continuous, 4 integer (4 binary)
Coefficient statistics:
  Matrix range     [9e-06, 1e+02]
  QMatrix range    [1e+00, 1e+00]
  QLMatrix range   [1e+00, 1e+00]
  Objective range  [1e-02, 2e-01]
  QObjective range [2e+00, 2e+00]
  Bounds range     [8e-05, 9e+01]
  RHS range        [8e-05, 1e+02]
  QRHS range       [1e-06, 1e-06]
Presolve added 36 rows and 0 columns
Presolve removed 0 rows and 73 columns
Presolve time: 0.01s
Presolved: 541 rows, 398 columns, 1505 nonzeros
Presolved model has 50 SOS constraint(s)
Presolved model has 4 quadratic objective terms
Presolved model has 57 bilinear constraint(s)
Presolved model has 4 nonlinear constraint(s)
Warning: Model contains variables with very large bounds participating
         in nonlinear terms.
         Presolve was not able to compute smaller bounds for these variables.
         Consider bounding these variables or reformulating the model.


Solving non-convex MINLP

Variable types: 284 continuous, 114 integer (114 binary)

Root relaxation: objective 2.058065e-04, 417 iterations, 0.00 seconds (0.00 work units)

    Nodes    |    Current Node    |     Objective Bounds      |     Work
 Expl Unexpl |  Obj  Depth IntInf | Incumbent    BestBd   Gap | It/Node Time

     0     0    0.00021    0   44          -    0.00021      -     -    0s
     0     0    0.00021    0   74          -    0.00021      -     -    0s
     0     0    0.00021    0   92          -    0.00021      -     -    0s
     0     0    0.00021    0   99          -    0.00021      -     -    0s
     0     0    0.00021    0   93          -    0.00021      -     -    0s
     0     0    0.00021    0   95          -    0.00021      -     -    0s
     0     0    0.00021    0   93          -    0.00021      -     -    0s
     0     2    0.00021    0   93          -    0.00021      -     -    0s
 16476  5957    0.00021   63   45          -    0.00021      -  45.5    5s
 36690 13038    0.00021   62   69          -    0.00021      -  47.3   10s
*42950  9307              92       0.0017526    0.00021  88.3%  45.9   11s
H50299 10983                       0.0017526    0.00021  88.3%  44.0   14s
 52108 11832 infeasible   68         0.00175    0.00021  88.3%  43.6   15s
H52110 11832                       0.0017526    0.00021  88.3%  43.6   15s
H55112 12647                       0.0017526    0.00021  88.3%  42.7   15s
 66805 16290 infeasible   71         0.00175    0.00021  88.3%  40.9   20s
H68682 15294                       0.0008381    0.00021  75.4%  40.7   21s
 77592 18688    0.00021   87   44    0.00084    0.00021  75.4%  39.4   25s
 94453 23667    0.00021   69   59    0.00084    0.00021  75.4%  37.9   30s
H98707 24344                       0.0008381    0.00021  75.4%  37.3   31s
H106250 26252                       0.0008381    0.00021  75.4%  36.5   34s
 106263 26658     cutoff   96         0.00084    0.00021  75.4%  36.5   35s
 124069 30917    0.00021   73   47    0.00084    0.00021  75.4%  35.8   40s
 138003 35323    0.00021   64   49    0.00084    0.00021  75.4%  35.3   45s
 157981 40230     cutoff   87         0.00084    0.00021  75.4%  34.4   50s
 173867 44684    0.00021   83   57    0.00084    0.00021  75.4%  34.0   55s
 191745 48474 infeasible   61         0.00084    0.00021  75.4%  33.5   60s
 211390 52749    0.00021   72   59    0.00084    0.00021  75.4%  33.2   65s
H215240 53423                       0.0008381    0.00021  75.4%  33.0   66s
 227900 56453     cutoff   68         0.00084    0.00021  75.4%  32.7   70s
*231861 57235              99       0.0008376    0.00021  75.4%  32.6   71s
 244775 59321    0.00021   69   56    0.00084    0.00021  75.4%  32.3   75s
 260967 64793    0.00021   51   42    0.00084    0.00021  75.4%  32.4   80s
H266020 65891                       0.0008376    0.00021  75.4%  32.5   82s
 273694 69036    0.00021   89   62    0.00084    0.00021  75.4%  32.6   85s
 291476 74415    0.00021   46   41    0.00084    0.00021  75.4%  32.3   90s
 310231 79743     cutoff   68         0.00084    0.00021  75.4%  32.1   95s
H310899 79743                       0.0008376    0.00021  75.4%  32.1   95s
 329050 85007    0.00021   80   47    0.00084    0.00021  75.4%  31.8  100s
 347986 89170    0.00040   65   53    0.00084    0.00021  75.4%  31.5  105s
 363662 92679 infeasible   75         0.00084    0.00021  75.4%  31.3  110s
H372692 95033                       0.0008376    0.00021  75.4%  31.2  112s
 376381 96040    0.00023   83   55    0.00084    0.00021  75.4%  31.2  115s
 396800 101002    0.00035   84   54    0.00084    0.00021  75.4%  31.0  120s
 413376 104914    0.00021   93   54    0.00084    0.00021  75.4%  30.9  125s
 431579 108650 infeasible   94         0.00084    0.00021  75.4%  30.7  130s
 448707 112767    0.00023   71   56    0.00084    0.00021  75.4%  30.5  135s
 465164 116416    0.00024   93   50    0.00084    0.00021  75.4%  30.4  140s
 487797 121905    0.00021   60   54    0.00084    0.00021  75.4%  30.2  145s
 505459 126085    0.00021   73   63    0.00084    0.00021  75.4%  30.1  150s
 522664 129941     cutoff   60         0.00084    0.00021  75.4%  30.0  155s
 540127 134322    0.00021   98   56    0.00084    0.00021  75.4%  29.8  160s
 564097 139282    0.00021   60   37    0.00084    0.00021  75.4%  29.6  165s
 582175 144340    0.00021   66   57    0.00084    0.00021  75.4%  29.4  170s
 598431 147391    0.00021   71   55    0.00084    0.00021  75.4%  29.2  175s
 614623 150835 infeasible   90         0.00084    0.00021  75.4%  29.1  180s
 636773 154691     cutoff   64         0.00084    0.00021  75.4%  29.1  185s
 657344 160211    0.00027   65   55    0.00084    0.00021  75.4%  28.9  190s
 675186 164079     cutoff   94         0.00084    0.00021  75.4%  28.9  195s
 689200 167450     cutoff   77         0.00084    0.00021  75.4%  28.9  200s
 705244 170956    0.00084   90   39    0.00084    0.00021  75.4%  28.8  205s
 723960 174694     cutoff   82         0.00084    0.00021  75.4%  28.8  210s
 737756 177972 infeasible  103         0.00084    0.00021  75.4%  28.8  215s
 755442 181504    0.00021   63   49    0.00084    0.00021  75.4%  28.7  220s
H774758 185638                       0.0008376    0.00021  75.4%  28.6  224s
 775876 186117 infeasible   72         0.00084    0.00021  75.4%  28.7  225s
 794972 191070 infeasible  107         0.00084    0.00021  75.4%  28.7  230s
 812234 194200    0.00029   69   54    0.00084    0.00021  75.4%  28.7  235s
 826585 197575     cutoff   54         0.00084    0.00021  75.4%  28.8  240s
 842640 201336    0.00021   62   60    0.00084    0.00021  75.4%  29.0  245s
 858943 205548     cutoff   68         0.00084    0.00021  75.4%  29.2  250s
 876338 208937    0.00026   97   47    0.00084    0.00021  75.4%  29.4  255s
H881326 210401                       0.0008376    0.00021  75.4%  29.4  258s
 887483 211881    0.00080   88   58    0.00084    0.00021  75.4%  29.5  260s
 902792 215358    0.00021   63   58    0.00084    0.00021  75.4%  29.7  265s
 915934 217093    0.00084   72   44    0.00084    0.00021  75.4%  29.8  270s
 929400 219366    0.00084   72   40    0.00084    0.00021  75.4%  29.8  275s
 944874 222892 infeasible   98         0.00084    0.00021  75.4%  29.9  280s
 959677 225466    0.00022   75   50    0.00084    0.00021  75.4%  29.8  285s
 974555 229243     cutoff   68         0.00084    0.00021  75.4%  29.9  290s
 992546 233508    0.00084   99   39    0.00084    0.00021  75.4%  29.9  295s
 1011097 238166    0.00021   70   43    0.00084    0.00021  75.4%  29.8  300s
 1025397 241473     cutoff   87         0.00084    0.00021  75.4%  29.8  305s
 1043460 244965     cutoff   98         0.00084    0.00021  75.4%  29.7  310s
H1060046 248081                       0.0008376    0.00021  75.4%  29.6  314s
 1061196 248474     cutoff  102         0.00084    0.00021  75.4%  29.6  315s
 1081606 252254    0.00021   74   46    0.00084    0.00021  75.4%  29.5  320s
 1099201 255858    0.00021   93   46    0.00084    0.00021  75.4%  29.5  325s
 1112858 259034    0.00021   82   55    0.00084    0.00021  75.4%  29.4  330s
 1128706 261470     cutoff   83         0.00084    0.00021  75.4%  29.4  335s
 1142921 264316 infeasible  102         0.00084    0.00021  75.4%  29.4  340s
 1158461 267316    0.00035   83   32    0.00084    0.00021  75.4%  29.4  345s
 1175258 270412    0.00084   89   49    0.00084    0.00021  75.4%  29.4  350s
 1191262 275198    0.00043   57   50    0.00084    0.00021  75.4%  29.5  355s
 1208655 279855     cutoff   68         0.00084    0.00021  75.4%  29.5  360s
 1230088 284280    0.00084   68   36    0.00084    0.00021  75.4%  29.6  365s
 1248662 288905    0.00071   89   50    0.00084    0.00021  75.4%  29.6  370s
 1265191 293175    0.00021   71   56    0.00084    0.00021  75.4%  29.6  375s
 1280915 296947 infeasible   65         0.00084    0.00021  75.4%  29.6  380s
 1296877 301127    0.00026   69   59    0.00084    0.00021  75.4%  29.6  385s
 1318168 305084     cutoff   76         0.00084    0.00021  75.4%  29.7  390s
 1336935 309545    0.00084   70   59    0.00084    0.00021  75.4%  29.7  396s
 1353147 312722    0.00021   62   57    0.00084    0.00021  75.4%  29.7  400s
 1369583 315710 infeasible   87         0.00084    0.00021  75.4%  29.7  405s
 1383777 318057     cutoff   77         0.00084    0.00021  75.4%  29.7  410s
 1400598 320463    0.00021   75   49    0.00084    0.00021  75.4%  29.7  415s
 1415212 323694     cutoff   89         0.00084    0.00021  75.4%  29.8  420s
 1426502 325189    0.00050   68   52    0.00084    0.00021  75.4%  29.7  425s
 1438049 326759    0.00023   97   53    0.00084    0.00021  75.4%  29.7  430s
 1453036 328439     cutoff   62         0.00084    0.00021  75.4%  29.7  435s
 1472792 330592 infeasible   91         0.00084    0.00021  75.4%  29.6  440s
 1488095 332975     cutoff   72         0.00084    0.00021  75.4%  29.5  445s
 1502934 337051 infeasible   85         0.00084    0.00021  75.4%  29.5  450s
 1520034 340926    0.00049   99   50    0.00084    0.00021  75.4%  29.4  455s
 1535375 343003     cutoff   71         0.00084    0.00021  75.4%  29.3  460s
 1550594 345730     cutoff   88         0.00084    0.00021  75.4%  29.3  465s
 1566779 348596     cutoff   54         0.00084    0.00021  75.4%  29.3  470s
 1581031 350989    0.00021   53   47    0.00084    0.00021  75.4%  29.2  475s
 1596217 353604 infeasible   64         0.00084    0.00021  75.4%  29.2  480s
*1606751 353819             130       0.0008353    0.00021  75.4%  29.2  483s
*1606779 353817             130       0.0008353    0.00021  75.4%  29.2  483s
H1611325 354500                       0.0008353    0.00021  75.4%  29.1  484s
 1614482 355200     cutoff   89         0.00084    0.00021  75.4%  29.1  485s
H1617495 355605                       0.0008353    0.00021  75.4%  29.1  486s
 1627131 357852 infeasible   78         0.00084    0.00021  75.4%  29.1  490s
 1643182 360568 infeasible   67         0.00084    0.00021  75.4%  29.1  495s
 1659750 364070    0.00021   89   46    0.00084    0.00021  75.4%  29.0  500s
 1680202 368456    0.00084   62   48    0.00084    0.00021  75.4%  29.0  505s
H1684266 369602                       0.0008353    0.00021  75.4%  29.0  507s
 1696965 372608 infeasible   67         0.00084    0.00021  75.4%  28.9  510s
 1712248 375376 infeasible   71         0.00084    0.00021  75.4%  28.9  515s
 1728137 378533     cutoff   51         0.00084    0.00021  75.4%  28.9  520s
 1747373 381640    0.00022   90   49    0.00084    0.00021  75.4%  28.8  525s
 1762887 384583    0.00021   86   57    0.00084    0.00021  75.4%  28.8  530s
H1769468 385321                       0.0008353    0.00021  75.4%  28.8  532s
 1775467 386694    0.00021   58   51    0.00084    0.00021  75.4%  28.7  535s
 1789225 389035     cutoff   85         0.00084    0.00021  75.4%  28.7  540s
 1806733 392113    0.00027  108   46    0.00084    0.00021  75.4%  28.7  545s
 1815215 393391    0.00074   63   55    0.00084    0.00021  75.4%  28.7  550s
H1815751 393391                       0.0008353    0.00021  75.4%  28.7  550s
 1830472 395613    0.00026   85   51    0.00084    0.00021  75.4%  28.7  555s
 1845866 398581    0.00054  102   49    0.00084    0.00021  75.4%  28.6  560s
 1862176 401398     cutoff   58         0.00084    0.00021  75.4%  28.6  565s
 1876410 404749    0.00084   86   50    0.00084    0.00021  75.4%  28.6  570s
 1893308 407218 infeasible   65         0.00084    0.00021  75.4%  28.6  575s
 1909132 410953    0.00021   68   54    0.00084    0.00021  75.4%  28.5  580s
 1925281 413942    0.00072   85   54    0.00084    0.00021  75.4%  28.5  585s
 1937952 416219     cutoff  105         0.00084    0.00021  75.4%  28.5  590s
 1953232 418154    0.00021   84   48    0.00084    0.00021  75.4%  28.5  595s
 1970392 420091    0.00022   74   56    0.00084    0.00021  75.4%  28.4  600s
 1991291 425775    0.00072  100   55    0.00084    0.00021  75.4%  28.4  605s
 2009516 431935 infeasible   69         0.00084    0.00021  75.4%  28.4  610s
 2025930 437704    0.00021   79   69    0.00084    0.00021  75.4%  28.3  615s
H2026359 437644                       0.0008352    0.00021  75.4%  28.3  615s
H2027278 438500                       0.0008352    0.00021  75.4%  28.3  615s
 2042450 443291 infeasible   89         0.00084    0.00021  75.4%  28.3  620s
 2062639 448064    0.00021   71   48    0.00084    0.00021  75.4%  28.2  625s
 2080914 450978    0.00074   98   47    0.00084    0.00021  75.4%  28.2  630s
H2080917 450238                       0.0008351    0.00021  75.4%  28.2  630s
 2098119 452674 infeasible   98         0.00084    0.00021  75.4%  28.1  635s
 2115156 454256 infeasible  102         0.00084    0.00021  75.4%  28.1  640s
 2132992 457800 infeasible   69         0.00084    0.00021  75.4%  28.0  645s
 2148746 460223    0.00022   71   58    0.00084    0.00021  75.4%  28.0  650s
 2163881 462636    0.00021   62   62    0.00084    0.00021  75.4%  28.0  655s
H2176255 465257                       0.0008351    0.00021  75.4%  27.9  658s
 2180168 465983    0.00040   82   48    0.00084    0.00021  75.4%  27.9  660s
 2196452 467467    0.00022   57   55    0.00084    0.00021  75.4%  27.9  665s
 2212055 469586    0.00021   62   50    0.00084    0.00021  75.4%  27.9  670s
 2231645 473145 infeasible   81         0.00084    0.00021  75.4%  27.9  675s
 2247576 475577    0.00021   50   51    0.00084    0.00021  75.4%  27.9  680s
 2264527 480672     cutoff   83         0.00084    0.00021  75.4%  27.9  685s
 2279823 485038    0.00068  109   44    0.00084    0.00021  75.4%  27.9  690s
 2301911 489988     cutoff  102         0.00084    0.00021  75.4%  27.9  695s
 2319855 494508     cutoff   66         0.00084    0.00021  75.4%  27.8  700s
H2323089 494845                       0.0008351    0.00021  75.4%  27.8  701s
 2334572 496739    0.00026   92   44    0.00084    0.00021  75.4%  27.8  705s
 2351274 498907     cutoff   74         0.00084    0.00021  75.4%  27.8  710s
 2368332 503040    0.00084   74   37    0.00084    0.00021  75.4%  27.8  715s
 2383495 504923    0.00021   93   50    0.00084    0.00021  75.4%  27.8  720s
 2400569 506751     cutoff   95         0.00084    0.00021  75.4%  27.8  725s
 2416874 508787    0.00021   80   52    0.00084    0.00021  75.4%  27.8  730s
 2435772 510603    0.00021   67   60    0.00084    0.00021  75.4%  27.7  735s
 2452982 513743 infeasible   77         0.00084    0.00021  75.4%  27.8  740s
 2463841 516321    0.00021   71   45    0.00084    0.00021  75.4%  27.8  745s
 2479777 518497 infeasible   80         0.00084    0.00021  75.4%  27.8  750s
 2496288 521220     cutoff   48         0.00084    0.00021  75.4%  27.7  755s
 2512869 525893    0.00021   64   53    0.00084    0.00021  75.4%  27.8  760s
 2530803 530711     cutoff   56         0.00084    0.00021  75.4%  27.8  765s
 2548102 535656    0.00021   57   54    0.00084    0.00021  75.4%  27.8  770s
 2568648 540765    0.00021   56   47    0.00084    0.00021  75.4%  27.8  775s
 2584537 545342    0.00021   66   48    0.00084    0.00021  75.4%  27.9  780s
 2600997 549796    0.00082   73   50    0.00084    0.00021  75.4%  27.9  785s
 2617271 554120 infeasible   71         0.00084    0.00021  75.4%  27.9  790s
 2635027 559656    0.00084   67   48    0.00084    0.00021  75.4%  27.8  795s
 2654194 565087     cutoff   87         0.00084    0.00021  75.4%  27.8  800s
 2669684 569017    0.00021   65   48    0.00084    0.00021  75.4%  27.8  805s
 2687528 574296    0.00022   71   48    0.00084    0.00021  75.4%  27.8  810s
 2705531 578659 infeasible   48         0.00084    0.00021  75.4%  27.8  815s
 2726366 583061     cutoff   62         0.00084    0.00021  75.4%  27.9  820s
 2743998 587592     cutoff   68         0.00084    0.00021  75.4%  28.0  825s
 2759887 591630     cutoff   61         0.00084    0.00021  75.4%  28.0  830s
 2776485 595145     cutoff   70         0.00084    0.00021  75.4%  28.0  835s
 2795260 600424    0.00021   79   49    0.00084    0.00021  75.4%  28.0  840s
 2814127 604970    0.00021   72   53    0.00084    0.00021  75.4%  28.1  845s
 2832630 610730 infeasible   71         0.00084    0.00021  75.4%  28.1  850s
 2845663 614657    0.00021   61   55    0.00084    0.00021  75.4%  28.1  855s
 2860927 617909 infeasible   58         0.00084    0.00021  75.4%  28.1  860s
 2877073 620688    0.00022   61   45    0.00084    0.00021  75.4%  28.2  865s
 2895171 623444 infeasible   61         0.00084    0.00021  75.4%  28.3  870s
 2906977 624855     cutoff   58         0.00084    0.00021  75.4%  28.3  875s
 2923168 627944    0.00064   91   49    0.00084    0.00021  75.4%  28.3  880s
 2942890 631810    0.00021   80   52    0.00084    0.00021  75.4%  28.4  885s
 2963339 635969    0.00061   88   60    0.00084    0.00021  75.4%  28.5  890s
H2965584 635822                       0.0008351    0.00021  75.4%  28.5  891s
 2979332 638215     cutoff   77         0.00084    0.00021  75.4%  28.5  895s
 2997817 641845     cutoff   99         0.00084    0.00021  75.4%  28.5  900s
 3008730 644374    0.00065   92   59    0.00084    0.00021  75.4%  28.5  905s
 3024487 647447    0.00021   85   60    0.00084    0.00021  75.4%  28.5  910s
 3043547 651344    0.00021   89   59    0.00084    0.00021  75.4%  28.6  915s
 3057742 653829    0.00058   82   52    0.00084    0.00021  75.4%  28.6  920s
 3073705 656856 infeasible   98         0.00084    0.00021  75.4%  28.6  925s
 3095085 661271    0.00021   92   60    0.00084    0.00021  75.4%  28.6  930s
 3113927 665296     cutoff   66         0.00084    0.00021  75.4%  28.6  935s
 3129813 667569    0.00021   76   57    0.00084    0.00021  75.4%  28.6  940s
 3145500 670358 infeasible   61         0.00084    0.00021  75.4%  28.7  945s
 3162316 673693    0.00028   75   46    0.00084    0.00021  75.4%  28.7  950s
 3175406 677317    0.00024   83   53    0.00084    0.00021  75.4%  28.7  955s
 3191516 680825    0.00084   66   41    0.00084    0.00021  75.4%  28.7  960s
 3207194 683816 infeasible   75         0.00084    0.00021  75.4%  28.7  965s
 3226343 687828 infeasible   73         0.00084    0.00021  75.4%  28.7  971s
 3241751 691438 infeasible   61         0.00084    0.00021  75.4%  28.7  975s
 3256025 694812     cutoff   67         0.00084    0.00021  75.4%  28.7  980s
 3271653 699213    0.00021   79   51    0.00084    0.00021  75.4%  28.7  985s
 3289831 704113    0.00043   78   29    0.00084    0.00021  75.4%  28.6  990s
 3305117 707724    0.00021   62   48    0.00084    0.00021  75.4%  28.6  995s
 3319221 711105    0.00021   68   52    0.00084    0.00021  75.4%  28.6 1000s
 3333610 714927    0.00021   85   41    0.00084    0.00021  75.4%  28.6 1005s
 3351009 719268    0.00021   49   51    0.00084    0.00021  75.4%  28.6 1010s
 3370463 724416    0.00032   59   47    0.00084    0.00021  75.4%  28.6 1015s
 3386631 729081    0.00021   86   48    0.00084    0.00021  75.4%  28.6 1020s
 3398581 732251    0.00021   80   58    0.00084    0.00021  75.4%  28.5 1025s
 3419653 737593    0.00021   87   51    0.00084    0.00021  75.4%  28.5 1030s
 3435793 742948     cutoff   72         0.00084    0.00021  75.4%  28.5 1035s
 3451723 747267    0.00021   73   56    0.00084    0.00021  75.4%  28.5 1040s
 3469837 752191    0.00028   60   51    0.00084    0.00021  75.4%  28.4 1045s
 3489533 757759    0.00038   91   47    0.00084    0.00021  75.4%  28.4 1050s
 3510004 764381    0.00083   83   38    0.00084    0.00021  75.4%  28.4 1055s
 3526793 768875 infeasible   90         0.00084    0.00021  75.4%  28.3 1060s
 3544352 773326    0.00021   68   56    0.00084    0.00021  75.4%  28.3 1065s
 3560451 777350    0.00084   71   41    0.00084    0.00021  75.4%  28.3 1070s
 3576400 780816    0.00037   65   48    0.00084    0.00021  75.4%  28.3 1075s
 3591123 784640 infeasible   85         0.00084    0.00021  75.4%  28.3 1080s
 3610145 789616    0.00021   57   52    0.00084    0.00021  75.4%  28.2 1085s
 3627429 794231    0.00021   66   51    0.00084    0.00021  75.4%  28.2 1090s
 3645669 799566 infeasible   86         0.00084    0.00021  75.4%  28.2 1095s
 3661072 803632    0.00054   57   49    0.00084    0.00021  75.4%  28.2 1100s
 3680237 808673    0.00022   72   59    0.00084    0.00021  75.4%  28.1 1105s
 3698933 813855     cutoff  100         0.00084    0.00021  75.4%  28.1 1110s
 3713521 817467     cutoff   68         0.00084    0.00021  75.4%  28.1 1115s
 3730059 820354 infeasible   73         0.00084    0.00021  75.4%  28.1 1120s
 3747714 824908    0.00032   78   53    0.00084    0.00021  75.4%  28.0 1125s
 3763600 828031    0.00055   78   52    0.00084    0.00021  75.4%  28.0 1130s
 3779089 830084    0.00021   72   48    0.00084    0.00021  75.4%  28.0 1135s
 3797300 833273    0.00084   83   49    0.00084    0.00021  75.4%  28.0 1140s
 3816705 838333     cutoff   81         0.00084    0.00021  75.4%  28.0 1145s
 3833687 841632 infeasible   74         0.00084    0.00021  75.4%  27.9 1150s
 3851283 844056    0.00021   83   51    0.00084    0.00021  75.4%  27.9 1155s
 3869066 846720     cutoff   98         0.00084    0.00021  75.4%  27.9 1160s
 3890215 851936    0.00021   73   34    0.00084    0.00021  75.4%  27.9 1165s
 3908332 855607    0.00021   59   49    0.00084    0.00021  75.4%  27.9 1170s
 3926487 859998 infeasible   92         0.00084    0.00021  75.4%  27.9 1175s
 3941762 862455    0.00084   63   35    0.00084    0.00021  75.4%  27.9 1180s
 3961024 866178     cutoff   65         0.00084    0.00021  75.4%  27.9 1185s
 3976697 869025    0.00024   79   47    0.00084    0.00021  75.4%  27.9 1190s
 3993421 871604    0.00035   72   42    0.00084    0.00021  75.4%  27.9 1195s
 4010224 874591    0.00021   71   52    0.00084    0.00021  75.4%  27.8 1200s
 4032790 879228     cutoff   77         0.00084    0.00021  75.4%  27.8 1206s
 4051972 883360    0.00079   73   38    0.00084    0.00021  75.4%  27.8 1210s
 4072630 886097     cutoff   67         0.00084    0.00021  75.4%  27.8 1215s
 4089188 887786     cutoff   88         0.00084    0.00021  75.4%  27.8 1220s
 4102076 889876    0.00084   58   58    0.00084    0.00021  75.4%  27.8 1225s
 4117081 891504    0.00022   88   46    0.00084    0.00021  75.4%  27.8 1230s
 4135166 894637    0.00046   61   42    0.00084    0.00021  75.4%  27.8 1235s
 4147915 896284     cutoff   77         0.00084    0.00021  75.4%  27.8 1240s
 4164806 898226    0.00062   82   46    0.00084    0.00021  75.4%  27.8 1245s
 4178242 899449    0.00039   93   49    0.00084    0.00021  75.4%  27.8 1250s
 4197009 902069    0.00021   80   51    0.00084    0.00021  75.4%  27.7 1255s
 4214652 904320    0.00045   88   49    0.00084    0.00021  75.4%  27.7 1260s
 4233353 906175     cutoff   75         0.00084    0.00021  75.4%  27.7 1266s
 4248954 908101 infeasible   86         0.00084    0.00021  75.4%  27.7 1270s
 4266597 910029    0.00026   83   38    0.00084    0.00021  75.4%  27.7 1275s
 4283291 912016    0.00030   77   48    0.00084    0.00021  75.4%  27.7 1280s
 4298070 913681    0.00054   79   50    0.00084    0.00021  75.4%  27.6 1285s
 4314252 915876    0.00021   68   46    0.00084    0.00021  75.4%  27.6 1290s
 4330836 918108    0.00056   90   49    0.00084    0.00021  75.4%  27.6 1295s
H4343018 826347                       0.0006966    0.00021  70.5%  27.6 1298s
H4343025 825507                       0.0006910    0.00021  70.2%  27.6 1298s
 4345326 825509    0.00039   64   63    0.00069    0.00021  70.2%  27.6 1300s
 4365805 828010    0.00025   97   54    0.00069    0.00021  70.2%  27.6 1305s
H4368044 821091                       0.0006479    0.00021  68.2%  27.6 1306s
H4368048 821072                       0.0006479    0.00021  68.2%  27.6 1306s
H4375562 786689                       0.0004944    0.00021  58.4%  27.6 1308s
H4375564 786638                       0.0004943    0.00021  58.4%  27.6 1308s
 4379371 787732 infeasible   88         0.00049    0.00021  58.4%  27.6 1310s
H4391708 788895                       0.0004943    0.00021  58.4%  27.6 1314s
 4395002 789286 infeasible   82         0.00049    0.00021  58.4%  27.6 1315s
 4410548 791064    0.00021   70   60    0.00049    0.00021  58.4%  27.6 1320s
H4422636 791624                       0.0004943    0.00021  58.4%  27.5 1323s
H4424893 791737                       0.0004943    0.00021  58.4%  27.5 1324s
 4427009 791864 infeasible   78         0.00049    0.00021  58.4%  27.5 1325s
H4432594 792034                       0.0004943    0.00021  58.4%  27.5 1327s
H4435205 792523                       0.0004943    0.00021  58.4%  27.5 1328s
H4437888 792603                       0.0004943    0.00021  58.4%  27.5 1329s
 4440363 792963    0.00021   75   46    0.00049    0.00021  58.4%  27.5 1330s
H4440448 792715                       0.0004935    0.00021  58.3%  27.5 1330s
H4445535 793295                       0.0004932    0.00021  58.3%  27.6 1332s
H4448565 793466                       0.0004921    0.00021  58.2%  27.6 1334s
 4450387 793765     cutoff   83         0.00049    0.00021  58.2%  27.6 1335s
H4461603 794739                       0.0004921    0.00021  58.2%  27.6 1337s
 4466855 795359     cutoff   77         0.00049    0.00021  58.2%  27.6 1340s
H4477144 796555                       0.0004911    0.00021  58.1%  27.6 1342s
*4479208 758003             119       0.0003829    0.00021  46.2%  27.6 1343s
H4483434 743708                       0.0003526    0.00021  41.6%  27.6 1344s
*4484290 501074             112       0.0002109    0.00021  2.43%  27.6 1345s
*4484297 500855             112       0.0002109    0.00021  2.42%  27.6 1345s
*4485472 479786             114       0.0002091    0.00021  1.57%  27.6 1345s
*4487059 479583             111       0.0002091    0.00021  1.57%  27.6 1345s
*4487065 479085             115       0.0002090    0.00021  1.55%  27.6 1345s
*4487070 478895             113       0.0002090    0.00021  1.54%  27.6 1345s
H4487290 420518                       0.0002063    0.00021  0.22%  27.6 1346s
H4488626 410633                       0.0002060    0.00021  0.11%  27.6 1347s
H4488633 410628                       0.0002060    0.00021  0.11%  27.6 1347s
H4490001 410549                       0.0002060    0.00021  0.11%  27.6 1347s
H4490016 410270                       0.0002060    0.00021  0.11%  27.6 1347s
*4491379 410408             118       0.0002060    0.00021  0.11%  27.6 1348s
*4491406 410002             117       0.0002060    0.00021  0.11%  27.6 1348s
*4491430 409883             118       0.0002060    0.00021  0.11%  27.6 1348s
*4492459 408764             118       0.0002060    0.00021  0.10%  27.6 1348s
H4493475 408543                       0.0002060    0.00021  0.09%  27.6 1348s
*4493484 407171             118       0.0002060    0.00021  0.09%  27.6 1348s
H4493492 407080                       0.0002060    0.00021  0.09%  27.6 1348s
 4499357 407373     cutoff   79         0.00021    0.00021  0.09%  27.6 1350s
 4518574 408792    0.00021   74   55    0.00021    0.00021  0.09%  27.6 1355s
 4535490 409682 infeasible   95         0.00021    0.00021  0.09%  27.5 1360s
 4555386 412017 infeasible   78         0.00021    0.00021  0.09%  27.5 1365s
 4572282 413506    0.00021   63   48    0.00021    0.00021  0.09%  27.5 1370s
 4591547 415169 infeasible   56         0.00021    0.00021  0.09%  27.5 1375s
 4608888 415549 infeasible   76         0.00021    0.00021  0.09%  27.5 1380s
 4630181 419330 infeasible   71         0.00021    0.00021  0.09%  27.5 1385s
 4649455 421320 infeasible   64         0.00021    0.00021  0.09%  27.5 1390s
 4665788 422661     cutoff   49         0.00021    0.00021  0.09%  27.5 1395s
 4678974 424660 infeasible   78         0.00021    0.00021  0.09%  27.5 1400s
 4696967 426974     cutoff   93         0.00021    0.00021  0.09%  27.4 1405s
 4714591 428822    0.00021   83   51    0.00021    0.00021  0.09%  27.4 1410s
 4731857 430586    0.00021   85   50    0.00021    0.00021  0.09%  27.4 1415s
 4748629 432512 infeasible   72         0.00021    0.00021  0.09%  27.4 1420s
 4766852 433139    0.00021   75   49    0.00021    0.00021  0.09%  27.4 1425s
 4784253 433128     cutoff   85         0.00021    0.00021  0.09%  27.4 1430s
 4804425 434784    0.00021   88   44    0.00021    0.00021  0.09%  27.4 1435s
 4824418 435789     cutoff   62         0.00021    0.00021  0.09%  27.4 1440s
H4824423 419371                       0.0002058    0.00021  0.02%  27.4 1440s
 4843590 420437     cutoff   86         0.00021    0.00021  0.02%  27.4 1445s
 4860658 421893 infeasible   75         0.00021    0.00021  0.02%  27.4 1450s
 4875489 422465    0.00021   70   50    0.00021    0.00021  0.02%  27.4 1455s
 4894622 425065    0.00021   61   50    0.00021    0.00021  0.02%  27.4 1460s
 4912275 427715    0.00021   58   51    0.00021    0.00021  0.02%  27.4 1465s
 4929169 429800 infeasible   95         0.00021    0.00021  0.02%  27.4 1470s
 4952911 433648    0.00021   70   48    0.00021    0.00021  0.02%  27.4 1475s
 4969980 437390    0.00021   80   43    0.00021    0.00021  0.02%  27.4 1480s
 4987143 439557    0.00021   65   47    0.00021    0.00021  0.02%  27.4 1485s
 5010993 443087    0.00021   72   61    0.00021    0.00021  0.02%  27.4 1490s
 5027504 445013    0.00021   61   60    0.00021    0.00021  0.02%  27.4 1495s
 5043720 444914     cutoff   73         0.00021    0.00021  0.02%  27.4 1500s
 5064616 446605    0.00021   84   49    0.00021    0.00021  0.02%  27.5 1506s
 5078918 447837 infeasible   64         0.00021    0.00021  0.02%  27.5 1510s
 5093421 447105     cutoff   58         0.00021    0.00021  0.02%  27.5 1515s
 5111693 446427 infeasible   81         0.00021    0.00021  0.02%  27.4 1520s
 5128688 446266    0.00021   81   52    0.00021    0.00021  0.02%  27.4 1525s
 5149026 446028     cutoff   87         0.00021    0.00021  0.02%  27.4 1530s
 5165425 445540    0.00021   75   46    0.00021    0.00021  0.02%  27.4 1535s
 5182282 445204    0.00021   72   58    0.00021    0.00021  0.02%  27.4 1540s
 5198015 445395    0.00021   81   49    0.00021    0.00021  0.02%  27.4 1545s
 5220010 445339     cutoff   90         0.00021    0.00021  0.02%  27.4 1550s
 5235490 445232    0.00021   99   53    0.00021    0.00021  0.02%  27.4 1555s
H5247128 445259                       0.0002058    0.00021  0.02%  27.4 1558s
 5252617 445337     cutoff   81         0.00021    0.00021  0.02%  27.4 1560s
 5267704 447307 infeasible   64         0.00021    0.00021  0.02%  27.4 1565s
 5292014 451474    0.00021   55   48    0.00021    0.00021  0.02%  27.4 1570s
 5309268 454000    0.00021   53   51    0.00021    0.00021  0.02%  27.4 1575s
 5326776 456833     cutoff   88         0.00021    0.00021  0.02%  27.4 1580s
 5349839 460342 infeasible   70         0.00021    0.00021  0.02%  27.5 1585s
 5363410 462469 infeasible   66         0.00021    0.00021  0.02%  27.5 1590s
 5384464 465866    0.00021   66   52    0.00021    0.00021  0.02%  27.5 1595s
 5399677 467376    0.00021   69   55    0.00021    0.00021  0.02%  27.5 1600s
 5416351 468655     cutoff   43         0.00021    0.00021  0.02%  27.5 1605s
 5438881 471685    0.00021   72   55    0.00021    0.00021  0.02%  27.5 1610s
 5452896 472763    0.00021   64   44    0.00021    0.00021  0.02%  27.5 1615s
 5479058 475024     cutoff   66         0.00021    0.00021  0.02%  27.5 1620s
 5494092 476574    0.00021   81   60    0.00021    0.00021  0.02%  27.5 1625s
 5515982 477662     cutoff   90         0.00021    0.00021  0.02%  27.5 1630s
 5534170 478385     cutoff   64         0.00021    0.00021  0.02%  27.4 1635s
 5548756 478064 infeasible   85         0.00021    0.00021  0.02%  27.4 1640s
 5569276 477388 infeasible  104         0.00021    0.00021  0.02%  27.4 1645s
 5581255 476838     cutoff   86         0.00021    0.00021  0.02%  27.4 1650s
 5596801 476595    0.00021   71   49    0.00021    0.00021  0.02%  27.4 1655s
 5614593 476551    0.00021   77   55    0.00021    0.00021  0.02%  27.4 1660s
 5630094 476937    0.00021   73   56    0.00021    0.00021  0.02%  27.4 1665s
 5652052 476934    0.00021   91   48    0.00021    0.00021  0.02%  27.4 1670s
 5669050 476592     cutoff   80         0.00021    0.00021  0.02%  27.4 1675s
 5688849 476777     cutoff   93         0.00021    0.00021  0.02%  27.3 1681s
 5705138 476774    0.00021   70   45    0.00021    0.00021  0.02%  27.3 1685s
 5718417 476627 infeasible   99         0.00021    0.00021  0.02%  27.3 1690s
 5736876 476553    0.00021   77   47    0.00021    0.00021  0.02%  27.3 1695s
 5756280 476188 infeasible   77         0.00021    0.00021  0.02%  27.3 1700s
 5772256 476722    0.00021   73   53    0.00021    0.00021  0.02%  27.3 1705s
 5788586 479075 infeasible   55         0.00021    0.00021  0.02%  27.3 1710s
 5808190 482817    0.00021   56   34    0.00021    0.00021  0.02%  27.3 1715s
 5824042 485547    0.00021   70   50    0.00021    0.00021  0.02%  27.3 1720s
 5846149 488541     cutoff   71         0.00021    0.00021  0.02%  27.3 1725s
 5862337 490456 infeasible   77         0.00021    0.00021  0.02%  27.3 1730s
H5878663   617                       0.0002058    0.00021  0.00%  27.3 1735s

Cutting planes:
  Gomory: 7
  Cover: 4
  Implied bound: 15
  Clique: 7
  MIR: 9
  StrongCG: 1
  Flow cover: 25
  RLT: 23
  Relax-and-lift: 5
  PSD: 1

Explored 5878679 nodes (160668940 simplex iterations) in 1735.86 seconds (902.10 work units)
Thread count was 12 (of 12 available processors)

Solution count 10: 0.000205807 0.000205844 0.000205844 ... 0.000206031

Optimal solution found (tolerance 1.00e-04)
Best objective 2.058065111685e-04, best bound 2.058065039989e-04, gap 0.0000%
