
Gurobi 11.0.2 (win64) logging started Wed Oct  9 21:36:02 2024

Set parameter LogFile to value ".\Experiments\cs_config_2_TL.log"
Warning: variables 37240 and 37688 have the same name "DB[0].input[0,0]"
Warning: Q constraint 0 doesn't have a name
Warning: to let Gurobi read it back, use rlp format

Gurobi 11.0.2 (win64) logging started Wed Oct  9 21:37:20 2024

Set parameter LogFile to value ".\Experiments\cs_config_2_TL.log"
Warning: variables 37240 and 37688 have the same name "DB[0].input[0,0]"
Warning: Q constraint 0 doesn't have a name
Warning: to let Gurobi read it back, use rlp format

Gurobi 11.0.2 (win64) logging started Wed Oct  9 21:43:32 2024

Set parameter LogFile to value ".\Experiments\cs_config_2_TL.log"
Warning: variables 37240 and 37688 have the same name "DB[0].input[0,0]"
Warning: Q constraint 0 doesn't have a name
Warning: to let Gurobi read it back, use rlp format

Gurobi 11.0.2 (win64) logging started Wed Oct  9 21:48:36 2024

Set parameter LogFile to value ".\Experiments\cs_config_2_TL.log"
Warning: variables 37240 and 37688 have the same name "DB[0].input[0,0]"
Warning: Q constraint 0 doesn't have a name
Warning: to let Gurobi read it back, use rlp format

Gurobi 11.0.2 (win64) logging started Wed Oct  9 21:49:46 2024

Set parameter LogFile to value ".\Experiments\cs_config_2_TL.log"
Warning: variables 37240 and 37688 have the same name "DB[0].input[0,0]"
Warning: Q constraint 0 doesn't have a name
Warning: to let Gurobi read it back, use rlp format

Gurobi 11.0.2 (win64) logging started Wed Oct  9 21:59:21 2024

Set parameter LogFile to value ".\Experiments\cs_config_2_TL.log"
Warning: variables 37240 and 37688 have the same name "DB[0].input[0,0]"
Warning: Q constraint 0 doesn't have a name
Warning: to let Gurobi read it back, use rlp format

Gurobi 11.0.2 (win64) logging started Wed Oct  9 21:59:49 2024

Set parameter LogFile to value ".\Experiments\cs_config_2_TL.log"
Warning: variables 37240 and 37688 have the same name "DB[0].input[0,0]"
Warning: Q constraint 0 doesn't have a name
Warning: to let Gurobi read it back, use rlp format

Gurobi 11.0.2 (win64) logging started Thu Oct 10 10:07:17 2024

Set parameter LogFile to value ".\Experiments\cs_config_2_TL.log"
Warning: Q constraint 0 doesn't have a name

Gurobi 11.0.2 (win64) logging started Thu Oct 10 10:09:37 2024

Set parameter LogFile to value ".\Experiments\cs_config_2_TL.log"
Gurobi Optimizer version 11.0.2 build v11.0.2rc0 (win64 - Windows 10.0 (19045.2))

CPU model: Intel(R) Core(TM) i7-10750H CPU @ 2.60GHz, instruction set [SSE2|AVX|AVX2]
Thread count: 6 physical cores, 12 logical processors, using up to 12 threads

Optimize a model with 30672 rows, 178862 columns and 793308 nonzeros
Model fingerprint: 0x9d5784a6
Model has 29508 quadratic constraints
Model has 996 general constraints
Variable types: 178862 continuous, 0 integer (0 binary)
Coefficient statistics:
  Matrix range     [1e-13, 6e+01]
  QMatrix range    [1e+00, 1e+00]
  QLMatrix range   [1e+00, 1e+00]
  Objective range  [1e+00, 1e+00]
  Bounds range     [1e-13, 9e+02]
  RHS range        [4e-11, 5e+02]
  QRHS range       [1e-05, 1e+00]
Presolve removed 20574 rows and 140269 columns (presolve time = 6s) ...
Presolve removed 18830 rows and 142829 columns
Presolve time: 6.16s
Presolved: 117028 rows, 36034 columns, 644703 nonzeros
Presolved model has 25854 bilinear constraint(s)
Presolved model has 484 nonlinear constraint(s)
Warning: Model contains variables with very large bounds participating
         in nonlinear terms.
         Presolve was not able to compute smaller bounds for these variables.
         Consider bounding these variables or reformulating the model.


Solving non-convex MINLP

Variable types: 36034 continuous, 0 integer (0 binary)

Deterministic concurrent LP optimizer: primal simplex, dual simplex, and barrier
Showing barrier log only...

Root barrier log...

Ordering time: 0.01s

Barrier statistics:
 AA' NZ     : 1.672e+05
 Factor NZ  : 2.102e+05 (roughly 4 MB of memory)
 Factor Ops : 2.267e+07 (less than 1 second per iteration)
 Threads    : 4

                  Objective                Residual
Iter       Primal          Dual         Primal    Dual     Compl     Time
   0   6.54264259e-02  1.50233398e+01  1.03e+00 0.00e+00  2.13e-02    31s
   1   6.54264259e-02  4.66130134e+00  2.37e-01 5.83e-16  4.67e-03    31s
   2   6.54264259e-02  2.25942782e+00  3.13e-03 7.74e-16  3.21e-04    31s
   3   6.54264259e-02  1.06037729e-01  6.99e-05 4.37e-16  5.53e-06    31s
   4   6.54264259e-02  6.62061781e-02  1.62e-06 1.05e-16  1.01e-07    31s
   5   6.54264259e-02  6.54422120e-02  1.09e-14 6.23e-17  1.99e-09    31s
   6   6.54264259e-02  6.54264417e-02  7.78e-15 3.67e-17  1.99e-12    31s
   7   6.54264259e-02  6.54264260e-02  7.71e-15 7.88e-20  1.99e-15    31s

Barrier solved model in 7 iterations and 30.86 seconds (27.89 work units)
Optimal objective 6.54264259e-02


Root crossover log...

       0 DPushes remaining with DInf 0.0000000e+00                31s

    1188 PPushes remaining with PInf 0.0000000e+00                31s
       0 PPushes remaining with PInf 5.3747602e-05                31s

  Push phase complete: Pinf 5.3747602e-05, Dinf 0.0000000e+00     31s


Root simplex log...

Iteration    Objective       Primal Inf.    Dual Inf.      Time
    1191    6.5426426e-02   5.374760e-05   0.000000e+00     31s
    1197    6.5426426e-02   0.000000e+00   0.000000e+00     31s
    1197    6.5426426e-02   0.000000e+00   0.000000e+00     31s

Use crossover to convert LP symmetric solution to basic solution...

Root crossover log...

    2447 PPushes remaining with PInf 0.0000000e+00                31s
       0 PPushes remaining with PInf 2.4940303e-04                31s

  Push phase complete: Pinf 2.4940303e-04, Dinf 0.0000000e+00     31s


Root simplex log...

Iteration    Objective       Primal Inf.    Dual Inf.      Time
    3647    6.5426426e-02   2.494030e-04   0.000000e+00     31s
    3674    6.5426426e-02   0.000000e+00   0.000000e+00     31s
   24977    6.5426426e-02   0.000000e+00   0.000000e+00     32s
Extra simplex iterations after uncrush: 21303
Concurrent spin time: 0.17s (can be avoided by choosing Method=3)

Solved with barrier

Root relaxation: objective 6.542643e-02, 24977 iterations, 1.69 seconds (3.24 work units)

    Nodes    |    Current Node    |     Objective Bounds      |     Work
 Expl Unexpl |  Obj  Depth IntInf | Incumbent    BestBd   Gap | It/Node Time

     0     0    0.06543    0 25259          -    0.06543      -     -   32s
     0     0    0.06543    0 25365          -    0.06543      -     -   34s
     0     0    0.06543    0 25414          -    0.06543      -     -   35s
     0     0    0.06543    0 25414          -    0.06543      -     -   35s
     0     0    0.06543    0 25420          -    0.06543      -     -   35s
     0     0    0.06543    0 25422          -    0.06543      -     -   35s
     0     0    0.06543    0 25295          -    0.06543      -     -   36s
     0     0    0.06543    0 25292          -    0.06543      -     -   36s
     0     0    0.06543    0 25224          -    0.06543      -     -   37s
     0     2    0.06543    0 25224          -    0.06543      -     -  121s
     1     4    0.06543    1 25224          -    0.06543      -   1.0  125s
     7    14    0.06543    3 25224          -    0.06543      -  91.0  133s
    25    32    0.06543    5 25215          -    0.06543      -   233  135s
   103   186    0.06543   12 25213          -    0.06543      -  68.0  142s
   185   362    0.06543   19 25209          -    0.06543      -  39.5  150s
   361   688    0.06543   35 25198          -    0.06543      -  21.2  164s
   687   996    0.06543   65 25176          -    0.06543      -  11.9  178s
   995  1336    0.06543   90 24818          -    0.06543      -  11.4  193s
  1335  1680    0.06543  121 24787          -    0.06543      -   8.9  207s
  1679  2032    0.06543  152 24768          -    0.06543      -   7.5  222s
  2031  2388    0.06543  185 24746          -    0.06543      -   6.5  237s
  2387  2764    0.06543  217 24712          -    0.06543      -   5.8  253s
  2763  3188    0.06543  250 24690          -    0.06543      -   6.2  272s
  3187  3638    0.06543  285 24640          -    0.06543      -   5.7  292s
  3637  4102    0.06543  324 24585          -    0.06543      -   5.3  312s
  4101  4568    0.06543  364 24525          -    0.06543      -   5.1  333s
  4567  5048    0.06543  407 24449          -    0.06543      -   5.1  355s
  5047  5544    0.06543  447 24151          -    0.06543      -   5.5  386s
  5543  6108    0.06543  493 24138          -    0.06543      -  19.1  410s
  6107  6637    0.06543  541 24123          -    0.06543      -  17.7  437s

Cutting planes:
  RLT: 201

Explored 6652 nodes (141453 simplex iterations) in 471.68 seconds (424.15 work units)
Thread count was 12 (of 12 available processors)

Solution count 0

Solve interrupted
Best objective -, best bound 6.542642594398e-02, gap -

Gurobi 11.0.2 (win64) logging started Thu Oct 10 12:13:27 2024

Set parameter LogFile to value ".\Experiments\cs_config_2_TL.log"
Warning: Q constraint 0 doesn't have a name

Gurobi 11.0.2 (win64) logging started Thu Oct 10 12:18:37 2024

Set parameter LogFile to value ".\Experiments\cs_config_2_TL.log"
Gurobi Optimizer version 11.0.2 build v11.0.2rc0 (win64 - Windows 10.0 (19045.2))

CPU model: Intel(R) Core(TM) i7-10750H CPU @ 2.60GHz, instruction set [SSE2|AVX|AVX2]
Thread count: 6 physical cores, 12 logical processors, using up to 12 threads

Optimize a model with 30796 rows, 178862 columns and 793360 nonzeros
Model fingerprint: 0x332016f7
Model has 29508 quadratic constraints
Model has 996 general constraints
Variable types: 178862 continuous, 0 integer (0 binary)
Coefficient statistics:
  Matrix range     [1e-13, 6e+01]
  QMatrix range    [1e+00, 1e+00]
  QLMatrix range   [1e+00, 1e+00]
  Objective range  [1e+00, 1e+00]
  Bounds range     [1e-13, 9e+02]
  RHS range        [4e-11, 5e+02]
  QRHS range       [1e-05, 1e+00]
Presolve removed 20707 rows and 140269 columns (presolve time = 7s) ...
Presolve removed 18963 rows and 142829 columns
Presolve time: 7.62s
Presolved: 117019 rows, 36034 columns, 644138 nonzeros
Presolved model has 25854 bilinear constraint(s)
Presolved model has 484 nonlinear constraint(s)
Warning: Model contains variables with very large bounds participating
         in nonlinear terms.
         Presolve was not able to compute smaller bounds for these variables.
         Consider bounding these variables or reformulating the model.


Solving non-convex MINLP

Variable types: 36034 continuous, 0 integer (0 binary)

Deterministic concurrent LP optimizer: primal simplex, dual simplex, and barrier
Showing barrier log only...

Root barrier log...

Ordering time: 0.02s

Barrier statistics:
 AA' NZ     : 1.672e+05
 Factor NZ  : 2.101e+05 (roughly 4 MB of memory)
 Factor Ops : 2.267e+07 (less than 1 second per iteration)
 Threads    : 4

                  Objective                Residual
Iter       Primal          Dual         Primal    Dual     Compl     Time
   0   7.55775115e-03  4.20811163e+00  8.54e-01 0.00e+00  1.71e-02    34s
   1   7.55775115e-03  4.00947197e+00  1.96e-01 3.47e-16  4.03e-03    34s
   2   7.55775115e-03  1.97624745e+00  2.61e-03 7.49e-16  2.91e-04    34s
   3   7.55775115e-03  5.54098817e-02  5.13e-05 4.68e-16  6.45e-06    34s
   4   7.55775115e-03  8.28841758e-03  1.28e-06 1.06e-16  9.58e-08    34s
   5   7.55775115e-03  7.56876907e-03  9.39e-15 7.08e-17  1.41e-09    34s
   6   7.55775115e-03  7.55776216e-03  4.68e-15 4.08e-17  1.41e-12    34s
   7   7.55775115e-03  7.55775116e-03  4.52e-15 6.47e-20  1.41e-15    34s

Barrier solved model in 7 iterations and 34.22 seconds (26.67 work units)
Optimal objective 7.55775115e-03


Root crossover log...

       0 DPushes remaining with DInf 0.0000000e+00                34s

    1131 PPushes remaining with PInf 0.0000000e+00                34s
       0 PPushes remaining with PInf 6.5475528e-03                34s

  Push phase complete: Pinf 6.5475528e-03, Dinf 0.0000000e+00     34s


Root simplex log...

Iteration    Objective       Primal Inf.    Dual Inf.      Time
    1134    7.5577511e-03   6.547553e-03   0.000000e+00     34s
    1201    7.5577511e-03   0.000000e+00   0.000000e+00     34s
    1201    7.5577511e-03   0.000000e+00   0.000000e+00     34s

Use crossover to convert LP symmetric solution to basic solution...

Root crossover log...

    2433 PPushes remaining with PInf 0.0000000e+00                34s
       0 PPushes remaining with PInf 7.9105846e-04                34s

  Push phase complete: Pinf 7.9105846e-04, Dinf 0.0000000e+00     34s


Root simplex log...

Iteration    Objective       Primal Inf.    Dual Inf.      Time
    3637    7.5577511e-03   7.910585e-04   0.000000e+00     34s
    3683    7.5577511e-03   0.000000e+00   0.000000e+00     34s
   13785    7.5577511e-03   3.287288e+04   6.270343e+13     35s
Extra simplex iterations after uncrush: 24903
Concurrent spin time: 0.09s

Solved with dual simplex

Root relaxation: objective 7.557751e-03, 27836 iterations, 3.75 seconds (4.71 work units)

    Nodes    |    Current Node    |     Objective Bounds      |     Work
 Expl Unexpl |  Obj  Depth IntInf | Incumbent    BestBd   Gap | It/Node Time

     0     0    0.00756    0 23378          -    0.00756      -     -   37s
     0     0    0.00756    0 23358          -    0.00756      -     -   37s
     0     0    0.00756    0 23344          -    0.00756      -     -   38s
     0     0    0.00756    0 23338          -    0.00756      -     -   38s
     0     0    0.00756    0 23341          -    0.00756      -     -   38s
     0     0    0.00756    0 23338          -    0.00756      -     -   39s
     0     0    0.00756    0 23341          -    0.00756      -     -   39s
     0     0    0.00756    0 23338          -    0.00756      -     -   40s
     0     2    0.00756    0 23338          -    0.00756      -     -  103s
     1     4    0.00756    1 23338          -    0.00756      -   1.0  107s
     3     8    0.00756    2 23340          -    0.00756      -   7.0  127s
     7    14    0.00756    3 23335          -    0.00756      -  22.1  132s
    49    62    0.00756    7 23335          -    0.00756      -  18.8  135s
   155   290    0.00756   16 23328          -    0.00756      -   7.7  146s
   289   362    0.00756   27 23316          -    0.00756      -   5.8  162s
   361   796    0.00756   33 23309          -    0.00756      -   5.3  186s
   795  1176    0.00756   70 23273          -    0.00756      -   3.8  207s
  1175  1554    0.00756  102 23217          -    0.00756      -   3.1  228s
  1553  1932    0.00756  134 23161          -    0.00756      -   2.7  250s
  1931  2202    0.00756  165 23131          -    0.00756      -   2.4  279s
  2201  2616    0.00756  188 23104          -    0.00756      -   2.3  301s
  2615  3030    0.00756  222 23064          -    0.00756      -   2.2  323s
  3029  3446    0.00756  257 23014          -    0.00756      -   2.1  346s
  3445  3860    0.00756  291 22977          -    0.00756      -   2.0  367s
  3859  4334    0.00756  326 22921          -    0.00756      -   1.9  403s
  4333  4852    0.00756  365 22849          -    0.00756      -   1.9  442s
  4851  5296    0.00756  408 22790          -    0.00756      -   1.8  477s
  5295  5742    0.00756  445 22760          -    0.00756      -   2.3  507s
  5749  6272    0.00756  485 22771          -    0.00756      -  28.7  534s

Cutting planes:
  RLT: 51

Explored 6281 nodes (196670 simplex iterations) in 649.63 seconds (452.57 work units)
Thread count was 12 (of 12 available processors)

Solution count 0

Solve interrupted
Best objective -, best bound 7.557751145214e-03, gap -

Gurobi 11.0.2 (win64) logging started Thu Oct 10 12:30:25 2024

Set parameter LogFile to value ".\Experiments\cs_config_2_TL.log"
Gurobi Optimizer version 11.0.2 build v11.0.2rc0 (win64 - Windows 10.0 (19045.2))

CPU model: Intel(R) Core(TM) i7-10750H CPU @ 2.60GHz, instruction set [SSE2|AVX|AVX2]
Thread count: 6 physical cores, 12 logical processors, using up to 12 threads

Optimize a model with 30768 rows, 178862 columns and 793332 nonzeros
Model fingerprint: 0x66605d04
Model has 29508 quadratic constraints
Model has 996 general constraints
Variable types: 178862 continuous, 0 integer (0 binary)
Coefficient statistics:
  Matrix range     [1e-13, 6e+01]
  QMatrix range    [1e+00, 1e+00]
  QLMatrix range   [1e+00, 1e+00]
  Objective range  [1e+00, 1e+00]
  Bounds range     [1e-13, 9e+02]
  RHS range        [4e-11, 5e+02]
  QRHS range       [1e-05, 1e+00]
Presolve removed 20679 rows and 140269 columns (presolve time = 7s) ...
Presolve removed 18935 rows and 142829 columns
Presolve time: 6.78s
Presolved: 117019 rows, 36034 columns, 644138 nonzeros
Presolved model has 25854 bilinear constraint(s)
Presolved model has 484 nonlinear constraint(s)
Warning: Model contains variables with very large bounds participating
         in nonlinear terms.
         Presolve was not able to compute smaller bounds for these variables.
         Consider bounding these variables or reformulating the model.


Solving non-convex MINLP

Variable types: 36034 continuous, 0 integer (0 binary)

Deterministic concurrent LP optimizer: primal simplex, dual simplex, and barrier
Showing barrier log only...

Root barrier log...

Ordering time: 0.01s

Barrier statistics:
 AA' NZ     : 1.672e+05
 Factor NZ  : 2.101e+05 (roughly 4 MB of memory)
 Factor Ops : 2.267e+07 (less than 1 second per iteration)
 Threads    : 4

                  Objective                Residual
Iter       Primal          Dual         Primal    Dual     Compl     Time
   0   6.54264259e-02  4.26598031e+00  8.54e-01 0.00e+00  1.71e-02    31s
   1   6.54264259e-02  4.06734065e+00  1.96e-01 3.47e-16  4.03e-03    31s
   2   6.54264259e-02  2.03411612e+00  2.61e-03 7.49e-16  2.91e-04    31s
   3   6.54264259e-02  1.13278557e-01  5.13e-05 4.68e-16  6.45e-06    31s
   4   6.54264259e-02  6.61570924e-02  1.28e-06 1.06e-16  9.58e-08    31s
   5   6.54264259e-02  6.54374439e-02  9.39e-15 7.08e-17  1.41e-09    31s
   6   6.54264259e-02  6.54264370e-02  4.68e-15 4.08e-17  1.41e-12    31s
   7   6.54264259e-02  6.54264260e-02  4.52e-15 6.47e-20  1.41e-15    31s

Barrier solved model in 7 iterations and 30.75 seconds (26.67 work units)
Optimal objective 6.54264259e-02


Root crossover log...

       0 DPushes remaining with DInf 0.0000000e+00                31s

    1131 PPushes remaining with PInf 0.0000000e+00                31s
       0 PPushes remaining with PInf 6.5475528e-03                31s

  Push phase complete: Pinf 6.5475528e-03, Dinf 0.0000000e+00     31s


Root simplex log...

Iteration    Objective       Primal Inf.    Dual Inf.      Time
    1134    6.5426426e-02   6.547553e-03   0.000000e+00     31s
    1201    6.5426426e-02   0.000000e+00   0.000000e+00     31s
    1201    6.5426426e-02   0.000000e+00   0.000000e+00     31s

Use crossover to convert LP symmetric solution to basic solution...

Root crossover log...

    2433 PPushes remaining with PInf 0.0000000e+00                31s
       0 PPushes remaining with PInf 7.9105846e-04                31s

  Push phase complete: Pinf 7.9105846e-04, Dinf 0.0000000e+00     31s


Root simplex log...

Iteration    Objective       Primal Inf.    Dual Inf.      Time
    3637    6.5426426e-02   7.910585e-04   0.000000e+00     31s
    3683    6.5426426e-02   0.000000e+00   0.000000e+00     31s
Extra simplex iterations after uncrush: 24892
Concurrent spin time: 0.03s

Solved with dual simplex

Root relaxation: objective 6.542643e-02, 27836 iterations, 2.82 seconds (4.71 work units)

    Nodes    |    Current Node    |     Objective Bounds      |     Work
 Expl Unexpl |  Obj  Depth IntInf | Incumbent    BestBd   Gap | It/Node Time

     0     0    0.06543    0 23378          -    0.06543      -     -   33s
     0     0    0.06543    0 23358          -    0.06543      -     -   33s
     0     0    0.06543    0 23344          -    0.06543      -     -   33s
     0     0    0.06543    0 23338          -    0.06543      -     -   34s
     0     0    0.06543    0 23341          -    0.06543      -     -   34s
     0     0    0.06543    0 23338          -    0.06543      -     -   34s
     0     0    0.06543    0 23341          -    0.06543      -     -   34s
     0     0    0.06543    0 23338          -    0.06543      -     -   35s
     0     2    0.06543    0 23338          -    0.06543      -     -   90s
     3     8    0.06543    2 23340          -    0.06543      -   7.0  108s
     7    14    0.06543    3 23335          -    0.06543      -  22.1  113s
    49    62    0.06543    7 23335          -    0.06543      -  18.8  115s
   155   290    0.06543   16 23328          -    0.06543      -   7.7  125s
   289   362    0.06543   27 23316          -    0.06543      -   5.8  138s
   361   796    0.06543   33 23309          -    0.06543      -   5.3  157s
   795  1176    0.06543   70 23273          -    0.06543      -   3.8  173s
  1175  1554    0.06543  102 23217          -    0.06543      -   3.1  189s
  1553  1932    0.06543  134 23161          -    0.06543      -   2.7  206s

Cutting planes:
  RLT: 51

Explored 1980 nodes (33455 simplex iterations) in 208.87 seconds (138.45 work units)
Thread count was 12 (of 12 available processors)

Solution count 0

Solve interrupted
Best objective -, best bound 6.542642594398e-02, gap -

Gurobi 11.0.2 (win64) logging started Thu Oct 10 13:28:29 2024

Set parameter LogFile to value ".\Experiments\cs_config_2_TL.log"
Gurobi Optimizer version 11.0.2 build v11.0.2rc0 (win64 - Windows 10.0 (19045.2))

CPU model: Intel(R) Core(TM) i7-10750H CPU @ 2.60GHz, instruction set [SSE2|AVX|AVX2]
Thread count: 6 physical cores, 12 logical processors, using up to 12 threads

Optimize a model with 30768 rows, 178862 columns and 793332 nonzeros
Model fingerprint: 0x66605d04
Model has 29508 quadratic constraints
Model has 996 general constraints
Variable types: 178862 continuous, 0 integer (0 binary)
Coefficient statistics:
  Matrix range     [1e-13, 6e+01]
  QMatrix range    [1e+00, 1e+00]
  QLMatrix range   [1e+00, 1e+00]
  Objective range  [1e+00, 1e+00]
  Bounds range     [1e-13, 9e+02]
  RHS range        [4e-11, 5e+02]
  QRHS range       [1e-05, 1e+00]
Presolve removed 20679 rows and 140269 columns (presolve time = 6s) ...
Presolve removed 18935 rows and 142829 columns
Presolve time: 6.63s
Presolved: 117019 rows, 36034 columns, 644138 nonzeros
Presolved model has 25854 bilinear constraint(s)
Presolved model has 484 nonlinear constraint(s)
Warning: Model contains variables with very large bounds participating
         in nonlinear terms.
         Presolve was not able to compute smaller bounds for these variables.
         Consider bounding these variables or reformulating the model.


Solving non-convex MINLP

Variable types: 36034 continuous, 0 integer (0 binary)

Deterministic concurrent LP optimizer: primal simplex, dual simplex, and barrier
Showing barrier log only...

Root barrier log...

Ordering time: 0.01s

Barrier statistics:
 AA' NZ     : 1.672e+05
 Factor NZ  : 2.101e+05 (roughly 4 MB of memory)
 Factor Ops : 2.267e+07 (less than 1 second per iteration)
 Threads    : 4

                  Objective                Residual
Iter       Primal          Dual         Primal    Dual     Compl     Time
   0   6.54264259e-02  4.26598031e+00  8.54e-01 0.00e+00  1.71e-02    31s
   1   6.54264259e-02  4.06734065e+00  1.96e-01 3.47e-16  4.03e-03    31s
   2   6.54264259e-02  2.03411612e+00  2.61e-03 7.49e-16  2.91e-04    31s
   3   6.54264259e-02  1.13278557e-01  5.13e-05 4.68e-16  6.45e-06    31s
   4   6.54264259e-02  6.61570924e-02  1.28e-06 1.06e-16  9.58e-08    31s
   5   6.54264259e-02  6.54374439e-02  9.39e-15 7.08e-17  1.41e-09    31s
   6   6.54264259e-02  6.54264370e-02  4.68e-15 4.08e-17  1.41e-12    31s
   7   6.54264259e-02  6.54264260e-02  4.52e-15 6.47e-20  1.41e-15    31s

Barrier solved model in 7 iterations and 30.66 seconds (26.67 work units)
Optimal objective 6.54264259e-02


Root crossover log...

       0 DPushes remaining with DInf 0.0000000e+00                31s

    1131 PPushes remaining with PInf 0.0000000e+00                31s
       0 PPushes remaining with PInf 6.5475528e-03                31s

  Push phase complete: Pinf 6.5475528e-03, Dinf 0.0000000e+00     31s


Root simplex log...

Iteration    Objective       Primal Inf.    Dual Inf.      Time
    1134    6.5426426e-02   6.547553e-03   0.000000e+00     31s
    1201    6.5426426e-02   0.000000e+00   0.000000e+00     31s
    1201    6.5426426e-02   0.000000e+00   0.000000e+00     31s

Use crossover to convert LP symmetric solution to basic solution...

Root crossover log...

    2433 PPushes remaining with PInf 0.0000000e+00                31s
       0 PPushes remaining with PInf 7.9105846e-04                31s

  Push phase complete: Pinf 7.9105846e-04, Dinf 0.0000000e+00     31s


Root simplex log...

Iteration    Objective       Primal Inf.    Dual Inf.      Time
    3637    6.5426426e-02   7.910585e-04   0.000000e+00     31s
    3683    6.5426426e-02   0.000000e+00   0.000000e+00     31s
Extra simplex iterations after uncrush: 24737
Concurrent spin time: 0.01s

Solved with dual simplex

Root relaxation: objective 6.542643e-02, 27836 iterations, 2.81 seconds (4.71 work units)

    Nodes    |    Current Node    |     Objective Bounds      |     Work
 Expl Unexpl |  Obj  Depth IntInf | Incumbent    BestBd   Gap | It/Node Time

     0     0    0.06543    0 23378          -    0.06543      -     -   33s
     0     0    0.06543    0 23358          -    0.06543      -     -   33s
     0     0    0.06543    0 23344          -    0.06543      -     -   33s
     0     0    0.06543    0 23338          -    0.06543      -     -   34s
     0     0    0.06543    0 23341          -    0.06543      -     -   34s
     0     0    0.06543    0 23338          -    0.06543      -     -   34s
     0     0    0.06543    0 23341          -    0.06543      -     -   34s
     0     0    0.06543    0 23338          -    0.06543      -     -   35s
     0     2    0.06543    0 23338          -    0.06543      -     -   90s
     3     8    0.06543    2 23340          -    0.06543      -   7.0  103s

Cutting planes:
  RLT: 51

Explored 7 nodes (28770 simplex iterations) in 103.64 seconds (61.67 work units)
Thread count was 12 (of 12 available processors)

Solution count 0

Solve interrupted
Best objective -, best bound 6.542642594398e-02, gap -

Gurobi 11.0.2 (win64) logging started Thu Oct 10 13:31:04 2024

Set parameter LogFile to value ".\Experiments\cs_config_2_TL.log"
Gurobi Optimizer version 11.0.2 build v11.0.2rc0 (win64 - Windows 10.0 (19045.2))

CPU model: Intel(R) Core(TM) i7-10750H CPU @ 2.60GHz, instruction set [SSE2|AVX|AVX2]
Thread count: 6 physical cores, 12 logical processors, using up to 12 threads

Optimize a model with 30768 rows, 178862 columns and 793332 nonzeros
Model fingerprint: 0x66605d04
Model has 29508 quadratic constraints
Model has 996 general constraints
Variable types: 178862 continuous, 0 integer (0 binary)
Coefficient statistics:
  Matrix range     [1e-13, 6e+01]
  QMatrix range    [1e+00, 1e+00]
  QLMatrix range   [1e+00, 1e+00]
  Objective range  [1e+00, 1e+00]
  Bounds range     [1e-13, 9e+02]
  RHS range        [4e-11, 5e+02]
  QRHS range       [1e-05, 1e+00]
Presolve removed 20679 rows and 140269 columns (presolve time = 6s) ...
Presolve removed 18935 rows and 142829 columns
Presolve time: 6.36s
Presolved: 117019 rows, 36034 columns, 644138 nonzeros
Presolved model has 25854 bilinear constraint(s)
Presolved model has 484 nonlinear constraint(s)
Warning: Model contains variables with very large bounds participating
         in nonlinear terms.
         Presolve was not able to compute smaller bounds for these variables.
         Consider bounding these variables or reformulating the model.


Solving non-convex MINLP

Variable types: 36034 continuous, 0 integer (0 binary)

Deterministic concurrent LP optimizer: primal simplex, dual simplex, and barrier
Showing barrier log only...

Root barrier log...

Ordering time: 0.01s

Barrier statistics:
 AA' NZ     : 1.672e+05
 Factor NZ  : 2.101e+05 (roughly 4 MB of memory)
 Factor Ops : 2.267e+07 (less than 1 second per iteration)
 Threads    : 4

                  Objective                Residual
Iter       Primal          Dual         Primal    Dual     Compl     Time
   0   6.54264259e-02  4.26598031e+00  8.54e-01 0.00e+00  1.71e-02    30s
   1   6.54264259e-02  4.06734065e+00  1.96e-01 3.47e-16  4.03e-03    30s
   2   6.54264259e-02  2.03411612e+00  2.61e-03 7.49e-16  2.91e-04    30s
   3   6.54264259e-02  1.13278557e-01  5.13e-05 4.68e-16  6.45e-06    30s
   4   6.54264259e-02  6.61570924e-02  1.28e-06 1.06e-16  9.58e-08    30s
   5   6.54264259e-02  6.54374439e-02  9.39e-15 7.08e-17  1.41e-09    30s
   6   6.54264259e-02  6.54264370e-02  4.68e-15 4.08e-17  1.41e-12    30s
   7   6.54264259e-02  6.54264260e-02  4.52e-15 6.47e-20  1.41e-15    30s

Barrier solved model in 7 iterations and 29.74 seconds (26.67 work units)
Optimal objective 6.54264259e-02


Root crossover log...

       0 DPushes remaining with DInf 0.0000000e+00                30s

    1131 PPushes remaining with PInf 0.0000000e+00                30s
       0 PPushes remaining with PInf 6.5475528e-03                30s

  Push phase complete: Pinf 6.5475528e-03, Dinf 0.0000000e+00     30s


Root simplex log...

Iteration    Objective       Primal Inf.    Dual Inf.      Time
    1134    6.5426426e-02   6.547553e-03   0.000000e+00     30s
    1201    6.5426426e-02   0.000000e+00   0.000000e+00     30s
    1201    6.5426426e-02   0.000000e+00   0.000000e+00     30s

Use crossover to convert LP symmetric solution to basic solution...

Root crossover log...

    2433 PPushes remaining with PInf 0.0000000e+00                30s
       0 PPushes remaining with PInf 7.9105846e-04                30s

  Push phase complete: Pinf 7.9105846e-04, Dinf 0.0000000e+00     30s


Root simplex log...

Iteration    Objective       Primal Inf.    Dual Inf.      Time
    3637    6.5426426e-02   7.910585e-04   0.000000e+00     30s
    3683    6.5426426e-02   0.000000e+00   0.000000e+00     30s
    6723    6.5426426e-02   3.287288e+04   6.270343e+13     30s
Extra simplex iterations after uncrush: 24814
Concurrent spin time: 0.15s

Solved with dual simplex

Root relaxation: objective 6.542643e-02, 27836 iterations, 2.61 seconds (4.71 work units)

    Nodes    |    Current Node    |     Objective Bounds      |     Work
 Expl Unexpl |  Obj  Depth IntInf | Incumbent    BestBd   Gap | It/Node Time

     0     0    0.06543    0 23378          -    0.06543      -     -   32s
     0     0    0.06543    0 23358          -    0.06543      -     -   32s
     0     0    0.06543    0 23344          -    0.06543      -     -   32s
     0     0    0.06543    0 23338          -    0.06543      -     -   33s
     0     0    0.06543    0 23341          -    0.06543      -     -   33s
     0     0    0.06543    0 23338          -    0.06543      -     -   33s
     0     0    0.06543    0 23341          -    0.06543      -     -   33s
     0     0    0.06543    0 23338          -    0.06543      -     -   34s
     0     2    0.06543    0 23338          -    0.06543      -     -   89s
     1     4    0.06543    1 23338          -    0.06543      -   1.0   93s
     3     8    0.06543    2 23340          -    0.06543      -   7.0  106s
     7    14    0.06543    3 23335          -    0.06543      -  22.1  111s
    91   156    0.06543   10 23333          -    0.06543      -  10.6  117s
   155   290    0.06543   16 23328          -    0.06543      -   7.7  122s
   289   362    0.06543   27 23316          -    0.06543      -   5.8  134s
   361   796    0.06543   33 23309          -    0.06543      -   5.3  153s
   795  1176    0.06543   70 23273          -    0.06543      -   3.8  169s
  1175  1554    0.06543  102 23217          -    0.06543      -   3.1  184s
  1553  1932    0.06543  134 23161          -    0.06543      -   2.7  200s
  1931  2202    0.06543  165 23131          -    0.06543      -   2.4  220s
  2201  2616    0.06543  188 23104          -    0.06543      -   2.3  237s
  2615  3030    0.06543  222 23064          -    0.06543      -   2.2  256s
  3029  3446    0.06543  257 23014          -    0.06543      -   2.1  274s
  3445  3792    0.06543  291 22977          -    0.06543      -   2.0  290s

Cutting planes:
  RLT: 51

Explored 3791 nodes (35999 simplex iterations) in 290.63 seconds (211.86 work units)
Thread count was 12 (of 12 available processors)

Solution count 0

Solve interrupted
Best objective -, best bound 6.542642594398e-02, gap -

Gurobi 11.0.2 (win64) logging started Thu Oct 10 13:37:35 2024

Set parameter LogFile to value ".\Experiments\cs_config_2_TL.log"
Gurobi Optimizer version 11.0.2 build v11.0.2rc0 (win64 - Windows 10.0 (19045.2))

CPU model: Intel(R) Core(TM) i7-10750H CPU @ 2.60GHz, instruction set [SSE2|AVX|AVX2]
Thread count: 6 physical cores, 12 logical processors, using up to 12 threads

Optimize a model with 25444 rows, 178862 columns and 779632 nonzeros
Model fingerprint: 0xf2616e48
Model has 29508 quadratic constraints
Model has 996 general constraints
Variable types: 178862 continuous, 0 integer (0 binary)
Coefficient statistics:
  Matrix range     [1e-13, 6e+01]
  QMatrix range    [1e+00, 1e+00]
  QLMatrix range   [1e+00, 1e+00]
  Objective range  [1e+00, 1e+00]
  Bounds range     [1e-13, 9e+02]
  RHS range        [4e-11, 5e+02]
  QRHS range       [1e-05, 1e+00]
Presolve removed 20347 rows and 140884 columns (presolve time = 6s) ...
Presolve removed 17979 rows and 143445 columns
Presolve time: 6.64s
Presolved: 110145 rows, 35418 columns, 626169 nonzeros
Presolved model has 25230 bilinear constraint(s)
Presolved model has 482 nonlinear constraint(s)
Warning: Model contains variables with very large bounds participating
         in nonlinear terms.
         Presolve was not able to compute smaller bounds for these variables.
         Consider bounding these variables or reformulating the model.


Solving non-convex MINLP

Variable types: 35418 continuous, 0 integer (0 binary)

Deterministic concurrent LP optimizer: primal simplex, dual simplex, and barrier
Showing barrier log only...


Root simplex log...

Iteration    Objective       Primal Inf.    Dual Inf.      Time
       0    6.5426426e-02   0.000000e+00   2.573100e-02     28s
   23380    6.5426426e-02   0.000000e+00   0.000000e+00     29s
Extra simplex iterations after uncrush: 23380
Concurrent spin time: 0.01s

Solved with dual simplex

Root relaxation: objective 6.542643e-02, 23380 iterations, 0.99 seconds (2.36 work units)

    Nodes    |    Current Node    |     Objective Bounds      |     Work
 Expl Unexpl |  Obj  Depth IntInf | Incumbent    BestBd   Gap | It/Node Time

     0     0    0.06543    0 25218          -    0.06543      -     -   28s
     0     0    0.06543    0 25568          -    0.06543      -     -   29s
     0     0    0.06543    0 25571          -    0.06543      -     -   29s
     0     0    0.06543    0 25563          -    0.06543      -     -   30s
     0     0    0.06543    0 25563          -    0.06543      -     -   30s
     0     0    0.06543    0 25210          -    0.06543      -     -   30s
     0     0    0.06543    0 25210          -    0.06543      -     -   30s
     0     0    0.06543    0 24980          -    0.06543      -     -   33s
     0     2    0.06543    0 24980          -    0.06543      -     -   93s
     1     3    0.06543    1 24980          -    0.06543      -   1.0   97s

Cutting planes:
  RLT: 2

Explored 2 nodes (26380 simplex iterations) in 98.01 seconds (66.08 work units)
Thread count was 12 (of 12 available processors)

Solution count 0

Solve interrupted
Best objective -, best bound 6.542642594398e-02, gap -

Gurobi 11.0.2 (win64) logging started Thu Oct 10 13:39:48 2024

Set parameter LogFile to value ".\Experiments\cs_config_2_TL.log"
Gurobi Optimizer version 11.0.2 build v11.0.2rc0 (win64 - Windows 10.0 (19045.2))

CPU model: Intel(R) Core(TM) i7-10750H CPU @ 2.60GHz, instruction set [SSE2|AVX|AVX2]
Thread count: 6 physical cores, 12 logical processors, using up to 12 threads

Optimize a model with 30768 rows, 178862 columns and 793332 nonzeros
Model fingerprint: 0x142478c0
Model has 29508 quadratic constraints
Model has 996 general constraints
Variable types: 178862 continuous, 0 integer (0 binary)
Coefficient statistics:
  Matrix range     [1e-13, 6e+01]
  QMatrix range    [1e+00, 1e+00]
  QLMatrix range   [1e+00, 1e+00]
  Objective range  [1e+00, 1e+00]
  Bounds range     [1e-13, 9e+02]
  RHS range        [4e-11, 5e+02]
  QRHS range       [1e-05, 1e+00]
Presolve removed 20679 rows and 140269 columns (presolve time = 7s) ...
Presolve removed 18935 rows and 142829 columns
Presolve time: 6.63s
Presolved: 117019 rows, 36034 columns, 644138 nonzeros
Presolved model has 25854 bilinear constraint(s)
Presolved model has 484 nonlinear constraint(s)
Warning: Model contains variables with very large bounds participating
         in nonlinear terms.
         Presolve was not able to compute smaller bounds for these variables.
         Consider bounding these variables or reformulating the model.


Solving non-convex MINLP

Variable types: 36034 continuous, 0 integer (0 binary)

Deterministic concurrent LP optimizer: primal simplex, dual simplex, and barrier
Showing barrier log only...

Root barrier log...

Ordering time: 0.01s

Barrier statistics:
 AA' NZ     : 1.672e+05
 Factor NZ  : 2.101e+05 (roughly 4 MB of memory)
 Factor Ops : 2.267e+07 (less than 1 second per iteration)
 Threads    : 4

                  Objective                Residual
Iter       Primal          Dual         Primal    Dual     Compl     Time
   0   6.54264259e-02  4.26598031e+00  8.54e-01 0.00e+00  1.71e-02    31s
   1   6.54264259e-02  4.06734065e+00  1.96e-01 3.47e-16  4.03e-03    31s
   2   6.54264259e-02  2.03411612e+00  2.61e-03 7.49e-16  2.91e-04    31s
   3   6.54264259e-02  1.13278557e-01  5.13e-05 4.68e-16  6.45e-06    31s
   4   6.54264259e-02  6.61570924e-02  1.28e-06 1.06e-16  9.58e-08    31s
   5   6.54264259e-02  6.54374439e-02  9.39e-15 7.08e-17  1.41e-09    31s
   6   6.54264259e-02  6.54264370e-02  4.68e-15 4.08e-17  1.41e-12    31s
   7   6.54264259e-02  6.54264260e-02  4.52e-15 6.47e-20  1.41e-15    31s

Barrier solved model in 7 iterations and 30.97 seconds (26.67 work units)
Optimal objective 6.54264259e-02


Root crossover log...

       0 DPushes remaining with DInf 0.0000000e+00                31s

    1131 PPushes remaining with PInf 0.0000000e+00                31s
       0 PPushes remaining with PInf 6.5475528e-03                31s

  Push phase complete: Pinf 6.5475528e-03, Dinf 0.0000000e+00     31s


Root simplex log...

Iteration    Objective       Primal Inf.    Dual Inf.      Time
    1134    6.5426426e-02   6.547553e-03   0.000000e+00     31s
    1201    6.5426426e-02   0.000000e+00   0.000000e+00     31s
    1201    6.5426426e-02   0.000000e+00   0.000000e+00     31s

Use crossover to convert LP symmetric solution to basic solution...

Root crossover log...

    2433 PPushes remaining with PInf 0.0000000e+00                31s
       0 PPushes remaining with PInf 7.9105846e-04                31s

  Push phase complete: Pinf 7.9105846e-04, Dinf 0.0000000e+00     31s


Root simplex log...

Iteration    Objective       Primal Inf.    Dual Inf.      Time
    3637    6.5426426e-02   7.910585e-04   0.000000e+00     31s
    3683    6.5426426e-02   0.000000e+00   0.000000e+00     31s
Extra simplex iterations after uncrush: 24737
Concurrent spin time: 0.13s

Solved with dual simplex

Root relaxation: objective 6.542643e-02, 27836 iterations, 2.63 seconds (4.71 work units)

    Nodes    |    Current Node    |     Objective Bounds      |     Work
 Expl Unexpl |  Obj  Depth IntInf | Incumbent    BestBd   Gap | It/Node Time

     0     0    0.06543    0 23378          -    0.06543      -     -   33s
     0     0    0.06543    0 23358          -    0.06543      -     -   33s
     0     0    0.06543    0 23344          -    0.06543      -     -   33s
     0     0    0.06543    0 23338          -    0.06543      -     -   34s
     0     0    0.06543    0 23341          -    0.06543      -     -   34s
     0     0    0.06543    0 23338          -    0.06543      -     -   34s
     0     0    0.06543    0 23341          -    0.06543      -     -   34s
     0     0    0.06543    0 23338          -    0.06543      -     -   35s
     0     2    0.06543    0 23338          -    0.06543      -     -   90s
     3     8    0.06543    2 23340          -    0.06543      -   7.0  107s
     7    14    0.06543    3 23335          -    0.06543      -  22.1  111s
    61    92    0.06543    8 23335          -    0.06543      -  15.3  115s
   155   290    0.06543   16 23328          -    0.06543      -   7.7  124s
   289   362    0.06543   27 23316          -    0.06543      -   5.8  138s
   361   796    0.06543   33 23309          -    0.06543      -   5.3  157s
   795  1176    0.06543   70 23273          -    0.06543      -   3.8  174s
  1175  1554    0.06543  102 23217          -    0.06543      -   3.1  190s
  1553  1932    0.06543  134 23161          -    0.06543      -   2.7  206s
  1931  2202    0.06543  165 23131          -    0.06543      -   2.4  228s
  2201  2616    0.06543  188 23104          -    0.06543      -   2.3  246s
  2615  3030    0.06543  222 23064          -    0.06543      -   2.2  265s
  3029  3446    0.06543  257 23014          -    0.06543      -   2.1  285s
  3445  3860    0.06543  291 22977          -    0.06543      -   2.0  304s
  3859  4334    0.06543  326 22921          -    0.06543      -   1.9  326s
  4333  4852    0.06543  365 22849          -    0.06543      -   1.9  351s
  4851  5296    0.06543  408 22790          -    0.06543      -   1.8  381s
  5295  5742    0.06543  445 22760          -    0.06543      -   2.3  413s
  5749  6272    0.06543  485 22771          -    0.06543      -  28.7  439s
  6282  6273    0.06543  169    0          -    0.06543      -  26.7  932s
  6283  6274    0.06543  356    0          -    0.06543      -  26.7 1216s
  6284  6274    0.06543  458    0          -    0.06543      -  26.7 1261s
  6286  6276    0.06543  374    0          -    0.06543      -  26.7 1265s
  6287  6276    0.06543  280    0          -    0.06543      -  26.7 1270s
  6289  6278    0.06543  232    0          -    0.06543      -  26.7 1277s
  6290  6278    0.06543  355    0          -    0.06543      -  26.7 1289s
  6291  6279    0.06543   94    0          -    0.06543      -  26.7 1621s
  6292  6283    0.06543   14 22575          -    0.06543      -  31.0 1644s
  6294  6286    0.06543   15 22574          -    0.06543      -  31.0 1656s
  6298  6291    0.06543   16 22574          -    0.06543      -  31.0 1668s
  6328  6311    0.06543   19 22573          -    0.06543      -  30.8 1670s
  6388  6393    0.06543   24 22567          -    0.06543      -  30.6 1675s
  6436  6479    0.06543   28 22561          -    0.06543      -  30.3 1680s
  6538  6655    0.06543   36 22555          -    0.06543      -  29.9 1691s
  6748  6897    0.06543   54 22551          -    0.06543      -  29.0 1706s
  7060  7111    0.06543   80 22551          -    0.06543      -  27.8 1722s
  7378  7329    0.06543  106 22543          -    0.06543      -  26.6 1738s
  7702  7551    0.06543  133 22537          -    0.06543      -  25.5 1756s
  8032  7783    0.06543  161 22523          -    0.06543      -  24.5 1773s
  8374  8023    0.06543  189 22511          -    0.06543      -  23.6 1792s
  8728  8271    0.06543  219 22500          -    0.06543      -  22.6 1812s
  9094  8521    0.06543  249 22487          -    0.06543      -  21.8 1831s
  9466  8775    0.06543  280 22471          -    0.06543      -  21.0 1851s
  9844  9063    0.06543  312 22452          -    0.06543      -  20.2 1874s
 10258  9387    0.06543  346 22433          -    0.06543      -  19.4 1899s
 10720  9713    0.06543  385 22432          -    0.06543      -  18.6 1926s
 11200 10051    0.06543  425 22426          -    0.06543      -  17.9 1954s
 11698 10133    0.06543  466 22407          -    0.06543      -  17.2 1976s
 11946 10098    0.06543  487 22406          -    0.06543      -  19.0 1994s
 11994 10525    0.06543  491 22406          -    0.06543      -  23.1 2025s
 12437 10805    0.06543  532 22387          -    0.06543      -  23.3 2055s
 12867 11116    0.06543  550 22440          -    0.06543      -  23.8 2088s
 13321 11360 infeasible  564               -    0.06543      -  23.9 2120s
 13718 11495    0.06543  574 22193          -    0.06543      -  24.2 2553s
 13994 11597    0.06543  586 22045          -    0.06543      -  25.5 3034s
 14194 11823    0.06543  610 22119          -    0.06543      -  40.7 3080s
 14488 11929    0.06543  665 21800          -    0.06543      -  51.2 3116s
 14694 12087    0.06543  677 21833          -    0.06543      -  56.0 3239s
 14925 12166    0.06543  697 21929          -    0.06543      -  58.0 4166s
 15083 12561    0.06543  698 21942          -    0.06543      -  63.4 4211s
 15533 12878    0.06543  713 21979          -    0.06543      -  69.6 4260s
 16004 13149    0.06543  721 21976          -    0.06543      -  72.6 4320s
 16432 13606    0.06543  726 21762          -    0.06543      -  81.5 4382s
 17031 14041    0.06543  742 21832          -    0.06543      -  86.3 4440s
 17666 13999    0.06543  744 21634          -    0.06543      -  89.5 4551s
 17836 14188    0.06543  747 21640          -    0.06543      -   101 4638s
 18089 14878    0.06543  751 21638          -    0.06543      -   112 4707s
 18866 14941    0.06543  753 21639          -    0.06543      -   115 4977s
 19188 15619    0.06543  759 21632          -    0.06543      -   126 5053s
 19975 16243    0.06543  762 21605          -    0.06543      -   129 5127s
 20861 16361    0.06543  773 21531          -    0.06543      -   130 5302s

Cutting planes:
  RLT: 52

Explored 21275 nodes (2793568 simplex iterations) in 5302.91 seconds (3747.43 work units)
Thread count was 12 (of 12 available processors)

Solution count 0

Solve interrupted
Best objective -, best bound 6.542642594398e-02, gap -

Gurobi 11.0.2 (win64) logging started Thu Oct 10 16:25:33 2024

Set parameter LogFile to value ".\Experiments\cs_config_2_TL.log"
Gurobi Optimizer version 11.0.2 build v11.0.2rc0 (win64 - Windows 10.0 (19045.2))

CPU model: Intel(R) Core(TM) i7-10750H CPU @ 2.60GHz, instruction set [SSE2|AVX|AVX2]
Thread count: 6 physical cores, 12 logical processors, using up to 12 threads

Optimize a model with 30768 rows, 178862 columns and 793332 nonzeros
Model fingerprint: 0x142478c0
Model has 29508 quadratic constraints
Model has 996 general constraints
Variable types: 178862 continuous, 0 integer (0 binary)
Coefficient statistics:
  Matrix range     [1e-13, 6e+01]
  QMatrix range    [1e+00, 1e+00]
  QLMatrix range   [1e+00, 1e+00]
  Objective range  [1e+00, 1e+00]
  Bounds range     [1e-13, 9e+02]
  RHS range        [4e-11, 5e+02]
  QRHS range       [1e-05, 1e+00]
Presolve removed 20679 rows and 140269 columns (presolve time = 7s) ...
Presolve removed 18935 rows and 142829 columns
Presolve time: 7.23s
Presolved: 117019 rows, 36034 columns, 644138 nonzeros
Presolved model has 25854 bilinear constraint(s)
Presolved model has 484 nonlinear constraint(s)
Warning: Model contains variables with very large bounds participating
         in nonlinear terms.
         Presolve was not able to compute smaller bounds for these variables.
         Consider bounding these variables or reformulating the model.


Solving non-convex MINLP

Variable types: 36034 continuous, 0 integer (0 binary)

Explored 0 nodes (0 simplex iterations) in 16.07 seconds (16.74 work units)
Thread count was 12 (of 12 available processors)

Solution count 0

Solve interrupted
Best objective -, best bound 6.542642594398e-02, gap -
