
Gurobi 11.0.2 (win64) logging started Wed Oct  2 18:00:24 2024

Set parameter LogFile to value ".\Experiments\toy_no_enhancement.log"
Set parameter TimeLimit to value 21600
Gurobi Optimizer version 11.0.2 build v11.0.2rc0 (win64 - Windows 10.0 (19045.2))

CPU model: Intel(R) Core(TM) i7-10750H CPU @ 2.60GHz, instruction set [SSE2|AVX|AVX2]
Thread count: 6 physical cores, 12 logical processors, using up to 12 threads

Optimize a model with 248 rows, 462 columns and 920 nonzeros
Model fingerprint: 0xe8e38532
Model has 6 quadratic objective terms
Model has 68 quadratic constraints
Model has 116 general constraints
Variable types: 458 continuous, 4 integer (4 binary)
Coefficient statistics:
  Matrix range     [9e-06, 1e+02]
  QMatrix range    [1e+00, 1e+00]
  QLMatrix range   [1e+00, 1e+00]
  Objective range  [1e-02, 2e-01]
  QObjective range [2e+00, 2e+00]
  Bounds range     [8e-05, 3e+00]
  RHS range        [8e-05, 1e+02]
  QRHS range       [1e-06, 1e-06]
Presolve removed 28 rows and 9 columns
Presolve time: 0.01s
Presolved: 461 rows, 462 columns, 1267 nonzeros
Presolved model has 178 SOS constraint(s)
Presolved model has 4 quadratic objective terms
Presolved model has 57 bilinear constraint(s)
Presolved model has 4 nonlinear constraint(s)
Warning: Model contains variables with very large bounds participating
         in nonlinear terms.
         Presolve was not able to compute smaller bounds for these variables.
         Consider bounding these variables or reformulating the model.


Solving non-convex MINLP

Variable types: 284 continuous, 178 integer (178 binary)

Root relaxation: objective 2.058065e-04, 457 iterations, 0.00 seconds (0.00 work units)

    Nodes    |    Current Node    |     Objective Bounds      |     Work
 Expl Unexpl |  Obj  Depth IntInf | Incumbent    BestBd   Gap | It/Node Time

     0     0    0.00021    0   98          -    0.00021      -     -    0s
     0     0    0.00021    0  114          -    0.00021      -     -    0s
     0     0    0.00021    0  114          -    0.00021      -     -    0s
     0     0    0.00021    0  114          -    0.00021      -     -    0s
     0     0    0.00021    0  116          -    0.00021      -     -    0s
     0     2    0.00021    0  116          -    0.00021      -     -    0s
 23657  9540 infeasible  583               -    0.00021      -   4.3    5s
 36309 13249    0.67738 1120   26          -    0.00021      -   5.9   10s
 64559 17817    0.67738 2318   26          -    0.00021      -   5.6   15s
 96788 21266    0.67738 3780   26          -    0.00021      -   5.9   20s
 126892 25504    0.00091  171   30          -    0.00021      -   6.5   25s
 158342 32838    0.00091  199   29          -    0.00021      -   8.8   30s
 190514 42855 infeasible  150               -    0.00021      -  10.0   35s
 226963 51023 infeasible  223               -    0.00021      -  10.3   40s
 264919 60441    0.00021  144   30          -    0.00021      -  10.1   45s
 296855 68400 infeasible  142               -    0.00021      -  10.0   50s
 334658 74744 infeasible  171               -    0.00021      -   9.9   55s
 372069 79968 infeasible  173               -    0.00021      -  10.0   60s
 408117 83903 infeasible  178               -    0.00021      -  10.0   65s
 445665 89994    0.00021  133   31          -    0.00021      -  10.1   70s
 482565 96867 infeasible  242               -    0.00021      -  10.5   75s
 514941 102761    0.00021  164   33          -    0.00021      -  10.9   80s
 552279 110778    0.00021  148   28          -    0.00021      -  10.8   85s
 587717 117511    0.00021  151   33          -    0.00021      -  10.8   90s
 623736 124557 infeasible  173               -    0.00021      -  10.8   95s
 659254 131258    0.00021  176   29          -    0.00021      -  10.8  100s
 697466 135888    0.00021  166   33          -    0.00021      -  10.9  105s
 735362 140815    0.00021  148   29          -    0.00021      -  10.8  110s
 774500 145432    0.00021  177   28          -    0.00021      -  10.8  115s
 806792 149642    0.00021  167   34          -    0.00021      -  10.7  120s
 848127 155916    0.00021  185   31          -    0.00021      -  10.6  125s
 885072 159530    0.00021  163   28          -    0.00021      -  10.7  130s
 917169 163371    0.00021  160   31          -    0.00021      -  10.7  135s
 959103 170569    0.00025  160   29          -    0.00021      -  10.6  140s
 1000735 179487    0.00043  167   26          -    0.00021      -  10.4  145s
 1035206 186858    0.00021  173   31          -    0.00021      -  10.3  150s
 1074521 195356    0.00021  125   32          -    0.00021      -  10.2  155s
 1110150 203953    0.00025  160   26          -    0.00021      -  10.1  160s
 1151677 214165 infeasible  142               -    0.00021      -  10.1  165s
 1191233 225040    0.00084  152   30          -    0.00021      -  10.0  170s
 1229077 234731    0.00021  180   27          -    0.00021      -   9.9  175s
 1272166 245840 infeasible  164               -    0.00021      -   9.8  180s
 1308449 254689 infeasible  176               -    0.00021      -   9.7  185s
 1347776 262310 infeasible  163               -    0.00021      -   9.7  190s
 1389332 270087    0.00021  173   33          -    0.00021      -   9.7  195s
 1427120 279128    0.00021  180   37          -    0.00021      -   9.6  200s
 1468904 290334 infeasible  163               -    0.00021      -   9.6  205s
 1506941 300353    0.00021  140   30          -    0.00021      -   9.5  210s
 1549010 309865    0.00021  170   26          -    0.00021      -   9.4  215s
 1591170 321744    0.00084  165   26          -    0.00021      -   9.3  220s
 1626705 333284    0.00021  157   29          -    0.00021      -   9.3  225s
 1669622 347002    0.00085  175   22          -    0.00021      -   9.2  230s
 1708859 360250    0.00022  172   24          -    0.00021      -   9.2  235s
 1742820 369926 infeasible  160               -    0.00021      -   9.2  240s
 1784133 381275 infeasible  170               -    0.00021      -   9.2  245s
 1821951 391909    0.00021  185   26          -    0.00021      -   9.2  250s
 1862559 403284    0.00021  159   28          -    0.00021      -   9.1  255s
 1904196 413970    0.00021  166   29          -    0.00021      -   9.1  260s
 1941710 423876    0.00021  159   34          -    0.00021      -   9.0  265s
 1983105 435187    0.00021  158   25          -    0.00021      -   9.0  270s
 2026139 446953    0.00021  173   33          -    0.00021      -   9.0  275s
 2060290 456791    0.00021  153   33          -    0.00021      -   8.9  280s
 2101475 467374    0.00021  168   28          -    0.00021      -   8.9  285s
 2142216 478785    0.00021  164   29          -    0.00021      -   8.9  290s
 2176922 489367    0.00021  173   28          -    0.00021      -   8.9  295s
 2216626 500641 infeasible  179               -    0.00021      -   8.8  300s
 2258131 511396    0.00021  191   28          -    0.00021      -   8.8  305s
 2299078 522079    0.00021  176   33          -    0.00021      -   8.8  310s
 2335337 533168 infeasible  167               -    0.00021      -   8.8  315s
 2378711 546804    0.00021  194   26          -    0.00021      -   8.8  320s
 2418396 558295 infeasible  166               -    0.00021      -   8.7  325s
 2454413 569663    0.00084  157   27          -    0.00021      -   8.7  330s
 2495564 584441    0.00146  219   27          -    0.00021      -   8.7  335s
 2529539 594971    0.00025  167   26          -    0.00021      -   8.6  340s
 2568063 604942    0.00021  169   26          -    0.00021      -   8.6  345s
 2606619 616236    0.01418  165   33          -    0.00021      -   8.6  350s
 2641050 626008    0.00021  182   28          -    0.00021      -   8.6  355s
 2681390 638577    0.00021  138   34          -    0.00021      -   8.6  360s
 2715234 649429    0.00021  178   26          -    0.00021      -   8.6  365s
 2755122 661651    0.00209  158   24          -    0.00021      -   8.6  370s
 2792175 671850    6.55989  177   30          -    0.00021      -   8.6  375s
 2833570 682094    0.00021  166   33          -    0.00021      -   8.6  380s
 2871372 691314 infeasible  177               -    0.00021      -   8.6  385s
 2912438 701792    0.00021  149   34          -    0.00021      -   8.6  390s
 2951524 711832 infeasible  173               -    0.00021      -   8.6  395s
 2987681 721391 infeasible  170               -    0.00021      -   8.6  400s
 3028805 734074    0.00021  146   36          -    0.00021      -   8.6  405s
 3065069 744125    0.00021  169   28          -    0.00021      -   8.6  410s
 3108508 756386    0.00021  169   26          -    0.00021      -   8.6  415s
 3147350 769420 infeasible  158               -    0.00021      -   8.6  420s
 3183322 780795    0.00021  149   27          -    0.00021      -   8.6  425s
 3223165 792400 infeasible  152               -    0.00021      -   8.6  430s
 3264658 804691 infeasible  201               -    0.00021      -   8.6  435s
 3300151 815546    0.00021  169   28          -    0.00021      -   8.6  440s
 3339054 826507    0.00084  195   28          -    0.00021      -   8.6  445s
 3374343 838001 infeasible  144               -    0.00021      -   8.6  450s
 3405845 845744 infeasible  141               -    0.00021      -   8.6  455s
 3447341 854264 infeasible  143               -    0.00021      -   8.7  460s
 3480033 864817 infeasible  194               -    0.00021      -   8.7  465s
 3511113 876399    0.00085  159   20          -    0.00021      -   8.8  470s
 3546116 887434    0.00021  160   31          -    0.00021      -   8.9  475s
 3579119 894971 infeasible  187               -    0.00021      -   8.9  480s
 3624994 901196    0.00021  195   26          -    0.00021      -   8.8  485s
 3667307 905975    0.00021  190   27          -    0.00021      -   8.8  490s
 3701334 910677 infeasible  193               -    0.00021      -   8.8  495s
 3744201 918540 infeasible  157               -    0.00021      -   8.7  500s
 3777766 929301 infeasible  177               -    0.00021      -   8.7  505s
 3819617 942243 infeasible  181               -    0.00021      -   8.7  510s
 3860605 955014 infeasible  174               -    0.00021      -   8.7  515s
 3897044 965838    0.00021  166   32          -    0.00021      -   8.6  520s
 3937722 976873    0.00024  204   31          -    0.00021      -   8.6  525s
 3978863 987956    0.00021  149   30          -    0.00021      -   8.6  530s
 4016737 999106    0.00021  180   26          -    0.00021      -   8.6  535s
 4054414 1009635    0.00021  151   29          -    0.00021      -   8.6  540s
 4090293 1019653 infeasible  187               -    0.00021      -   8.6  545s
 4129839 1030463    0.00022  177   24          -    0.00021      -   8.6  550s
 4170939 1041569    0.00021  176   31          -    0.00021      -   8.6  555s
 4207401 1051397 infeasible  167               -    0.00021      -   8.5  560s
 4245217 1061126    0.00021  177   26          -    0.00021      -   8.5  565s
 4280035 1070676    0.00021  192   26          -    0.00021      -   8.5  570s
 4319228 1082349    0.00021  192   28          -    0.00021      -   8.5  575s
 4350697 1091955 infeasible  212               -    0.00021      -   8.5  580s
 4387314 1102861    0.00022  161   25          -    0.00021      -   8.5  585s
 4426488 1115660    0.00021  161   28          -    0.00021      -   8.6  590s
 4460187 1126545    0.00305  165   27          -    0.00021      -   8.5  595s
 4501681 1138647    0.00021  183   26          -    0.00021      -   8.5  600s
 4534874 1147017 infeasible  175               -    0.00021      -   8.5  605s
 4573942 1158206    0.00146  198   25          -    0.00021      -   8.5  610s
 4613603 1170754    0.00021  192   29          -    0.00021      -   8.5  615s
 4647690 1177627 infeasible  154               -    0.00021      -   8.5  620s
 4689447 1188967    0.00021  157   33          -    0.00021      -   8.5  625s
 4724549 1199855    0.00146  182   24          -    0.00021      -   8.4  630s
 4764651 1211549    0.00146  171   24          -    0.00021      -   8.4  635s
 4803583 1222821    0.00021  144   32          -    0.00021      -   8.4  640s
 4838741 1232987 infeasible  188               -    0.00021      -   8.4  645s
 4876154 1243625    0.00021  179   35          -    0.00021      -   8.4  650s
 4910864 1253791 infeasible  158               -    0.00021      -   8.4  655s
 4950477 1266173 infeasible  105               -    0.00021      -   8.4  660s
 4986367 1277631    0.00021  109   37          -    0.00021      -   8.4  665s
 5024187 1287827 infeasible  142               -    0.00021      -   8.3  670s
 5055980 1296062    0.00021  146   31          -    0.00021      -   8.3  675s
 5094117 1306277    0.00021  139   31          -    0.00021      -   8.3  680s
 5130976 1317034 infeasible  166               -    0.00021      -   8.3  685s
 5166433 1328101    0.00021  150   35          -    0.00021      -   8.3  690s
 5197514 1336442    0.00084  153   28          -    0.00021      -   8.3  695s
 5234157 1346113    0.00091  165   22          -    0.00021      -   8.3  700s
 5268924 1352260    0.00021   89   32          -    0.00021      -   8.3  705s
 5300159 1356944 infeasible  220               -    0.00021      -   8.2  710s
 5335152 1364551 infeasible  155               -    0.00021      -   8.2  715s
 5374818 1374618    0.00025  158   29          -    0.00021      -   8.2  720s
 5410557 1381437 infeasible  180               -    0.00021      -   8.2  725s
 5452880 1386420 infeasible  134               -    0.00021      -   8.2  730s
 5488493 1392975 infeasible  150               -    0.00021      -   8.2  735s
 5531324 1403239 infeasible  154               -    0.00021      -   8.2  740s
 5565654 1413191    0.00022  160   24          -    0.00021      -   8.2  745s
 5603752 1425061    0.00021  163   31          -    0.00021      -   8.2  750s
 5638005 1435024    0.00373  147   19          -    0.00021      -   8.1  755s
 5679445 1446517 infeasible  110               -    0.00021      -   8.1  760s
 5723924 1452360 infeasible  148               -    0.00021      -   8.1  765s
 5765293 1455099    0.00021  168   37          -    0.00021      -   8.0  770s
 5805229 1459846 infeasible  822               -    0.00021      -   8.0  775s
 5849210 1463665    0.00021 3439   27          -    0.00021      -   7.9  780s
 5893203 1468466    0.00021 1729   38          -    0.00021      -   7.9  785s
 5933045 1473382    0.00021 4337   38          -    0.00021      -   7.9  790s
 5968361 1479173    0.00021  161   37          -    0.00021      -   7.8  795s
 6006312 1486201 infeasible  305               -    0.00021      -   7.8  800s
 6032765 1490495    0.00021  338   37          -    0.00021      -   7.8  805s
 6072766 1498577    0.00021  182   32          -    0.00021      -   7.8  810s
 6110558 1507613    0.00021  187   29          -    0.00021      -   7.8  815s
 6146665 1515909 infeasible  189               -    0.00021      -   7.7  820s
 6185115 1525307 infeasible  181               -    0.00021      -   7.7  825s
 6222413 1531935 infeasible  162               -    0.00021      -   7.7  830s
 6264704 1535637 infeasible  190               -    0.00021      -   7.7  835s
 6311396 1541710 infeasible  163               -    0.00021      -   7.6  840s
 6348368 1546102    0.00021  164   30          -    0.00021      -   7.6  845s
 6385346 1554590    0.00021  161   28          -    0.00021      -   7.6  850s
 6415418 1563513    0.00021  162   36          -    0.00021      -   7.6  855s
 6451025 1573653 infeasible  181               -    0.00021      -   7.6  860s
 6491487 1581706 infeasible  170               -    0.00021      -   7.6  865s
 6524802 1591240 infeasible  303               -    0.00021      -   7.5  870s
 6561503 1603576    0.00325  200   20          -    0.00021      -   7.5  875s
 6594250 1614121    0.00021  161   31          -    0.00021      -   7.5  880s
 6623194 1623125 infeasible  195               -    0.00021      -   7.5  885s
 6660378 1634183    0.00084  183   26          -    0.00021      -   7.5  890s
 6691712 1643617    0.00893  217   10          -    0.00021      -   7.5  895s
 6725795 1653686 infeasible  145               -    0.00021      -   7.5  900s
 6760260 1663887    0.00085  170   21          -    0.00021      -   7.5  905s
 6798474 1674484    0.00319  194   22          -    0.00021      -   7.5  910s
 6834774 1683318    0.00022  177   26          -    0.00021      -   7.5  915s
 6871698 1692582 infeasible  158               -    0.00021      -   7.5  920s
 6908646 1704723    0.00021  152   38          -    0.00021      -   7.5  925s
 6946533 1715071    0.00024  160   29          -    0.00021      -   7.5  930s
 6981307 1726327    0.00021  175   26          -    0.00021      -   7.5  935s
 7023594 1738178    0.00024  157   35          -    0.00021      -   7.5  940s
 7059906 1748173    0.00021  169   35          -    0.00021      -   7.5  945s
 7093701 1757991    0.00021  164   30          -    0.00021      -   7.4  950s
 7126172 1768555    0.00021  151   30          -    0.00021      -   7.4  955s
 7159857 1779560 infeasible  158               -    0.00021      -   7.4  960s
 7193838 1790885    0.00084  167   27          -    0.00021      -   7.5  965s
 7230775 1803719    0.00021  186   33          -    0.00021      -   7.5  970s
 7268642 1817132    0.00021  147   31          -    0.00021      -   7.4  975s
 7304005 1829517 infeasible  161               -    0.00021      -   7.4  980s
 7338065 1840791    0.00021  158   25          -    0.00021      -   7.4  985s
 7379325 1855361    0.00021  171   28          -    0.00021      -   7.4  990s
 7412904 1866891    0.00305  181   27          -    0.00021      -   7.4  995s
 7448777 1880847    1.72269  124   18          -    0.00021      -   7.4 1000s
 7474336 1891001    1.72269  113   29          -    0.00021      -   7.4 1005s
 7505584 1905180 infeasible  133               -    0.00021      -   7.4 1010s
 7529869 1914496 infeasible  133               -    0.00021      -   7.5 1015s
 7564796 1922053    1.19718  140   34          -    0.00021      -   7.5 1020s
 7595954 1926972 infeasible  201               -    0.00021      -   7.5 1025s
 7626190 1933170 infeasible  207               -    0.00021      -   7.5 1030s
 7659808 1939723    0.00021  167   29          -    0.00021      -   7.5 1035s
 7690657 1948153    0.00021  175   33          -    0.00021      -   7.5 1040s
 7725369 1956210    0.00087  162   23          -    0.00021      -   7.5 1045s
 7756059 1962432    0.00021  189   25          -    0.00021      -   7.5 1050s
 7786349 1971222    0.00084  211   10          -    0.00021      -   7.5 1055s
 7815056 1979169 infeasible  212               -    0.00021      -   7.5 1060s
 7847453 1989564    0.01358  215   29          -    0.00021      -   7.5 1065s
 7874850 1998817    0.00021  162   32          -    0.00021      -   7.5 1070s
 7907172 2008572    0.00084  221   14          -    0.00021      -   7.5 1075s
 7936522 2017686    0.00021  164   29          -    0.00021      -   7.5 1080s
 7966682 2025540    0.01342  172   26          -    0.00021      -   7.5 1085s
 7996364 2032557    0.01342  187   22          -    0.00021      -   7.5 1090s
 8028499 2041531    0.00021  199   29          -    0.00021      -   7.5 1095s
 8055711 2048533    0.00021  218   29          -    0.00021      -   7.5 1100s
 8088344 2056478    0.00193  234   28          -    0.00021      -   7.5 1105s
 8119437 2063777    0.00021  165   34          -    0.00021      -   7.5 1110s
 8155651 2070988 infeasible  209               -    0.00021      -   7.5 1115s
 8189609 2079358 infeasible  181               -    0.00021      -   7.5 1120s
 8217075 2088960    0.00085  221   29          -    0.00021      -   7.6 1125s
 8242193 2097920 infeasible  171               -    0.00021      -   7.7 1130s
 8268444 2107252    0.00085  167   30          -    0.00021      -   7.7 1135s
 8296194 2119018    0.00085  186   29          -    0.00021      -   7.8 1140s
 8319738 2128391    0.00084  143   34          -    0.00021      -   7.8 1145s
 8346411 2138682 infeasible  197               -    0.00021      -   7.9 1150s
 8371775 2148337    0.00084  200   30          -    0.00021      -   8.0 1155s
 8398422 2158038    0.00085  198   31          -    0.00021      -   8.0 1160s
 8423899 2168060    0.00085  186   29          -    0.00021      -   8.1 1165s
 8452865 2178061 infeasible  194               -    0.00021      -   8.1 1170s
 8483103 2186845 infeasible  201               -    0.00021      -   8.2 1175s
 8519252 2193908 infeasible  163               -    0.00021      -   8.2 1180s
 8554509 2200358    0.00266  145   21          -    0.00021      -   8.2 1185s
 8584011 2208566 infeasible  183               -    0.00021      -   8.2 1190s
 8611856 2223110    1.72207  271   17          -    0.00021      -   8.2 1195s
 8640264 2239200    0.00021  156   29          -    0.00021      -   8.2 1200s
 8666584 2253609    1.72207  188   20          -    0.00021      -   8.2 1205s
 8696131 2268591    0.00021  107   30          -    0.00021      -   8.2 1210s
 8725482 2284088    1.72207  117   24          -    0.00021      -   8.2 1215s
 8755831 2299383    0.00021  162   30          -    0.00021      -   8.2 1220s
 8790213 2312181    1.72207  121   24          -    0.00021      -   8.2 1225s
 8823883 2322248    0.00021  181   31          -    0.00021      -   8.2 1230s
 8863848 2332888    0.00021  182   28          -    0.00021      -   8.2 1235s
 8898465 2341965    0.00218  162   24          -    0.00021      -   8.2 1240s
 8932468 2352326 infeasible  212               -    0.00021      -   8.2 1245s
 8967019 2362374 infeasible  172               -    0.00021      -   8.2 1250s
 9008704 2371332    0.00021  183   28          -    0.00021      -   8.2 1255s
 9042171 2380254 infeasible  182               -    0.00021      -   8.1 1260s
 9077765 2390357    0.00021  193   32          -    0.00021      -   8.1 1265s
 9113829 2401365 infeasible  164               -    0.00021      -   8.1 1270s
 9145285 2410374    0.00021  175   25          -    0.00021      -   8.1 1275s
 9183732 2420830    0.00021  177   28          -    0.00021      -   8.1 1280s
 9216635 2430070 infeasible  158               -    0.00021      -   8.1 1285s
 9254613 2440425    0.00021  154   28          -    0.00021      -   8.1 1290s
 9289795 2450277    0.00021  177   27          -    0.00021      -   8.1 1295s
 9326796 2461288 infeasible  167               -    0.00021      -   8.1 1300s
 9356711 2467908    5.58873  176   27          -    0.00021      -   8.1 1305s
 9387583 2474996    0.00129  159   36          -    0.00021      -   8.1 1310s
 9426128 2486824 infeasible  181               -    0.00021      -   8.1 1315s
 9458057 2495529 infeasible  163               -    0.00021      -   8.1 1320s
 9496042 2504889 infeasible  183               -    0.00021      -   8.1 1325s
 9532009 2512954    0.00021  193   26          -    0.00021      -   8.1 1330s
 9564797 2521725    0.00021  196   27          -    0.00021      -   8.1 1335s
 9602676 2530021 infeasible  157               -    0.00021      -   8.1 1340s
 9638352 2537085    0.00021  164   32          -    0.00021      -   8.1 1345s
 9667977 2544657    2.11387  221   20          -    0.00021      -   8.1 1350s
 9700607 2554557    0.00021  108   36          -    0.00021      -   8.1 1355s
 9734269 2562818 infeasible  106               -    0.00021      -   8.1 1360s
 9765555 2567462    0.00021  623   34          -    0.00021      -   8.1 1365s
 9793256 2572096    0.00021 1657   34          -    0.00021      -   8.1 1370s
 9823466 2574629    0.00021 2822   34          -    0.00021      -   8.1 1375s
 9849452 2576953 infeasible 3807               -    0.00021      -   8.1 1380s
 9875810 2579010    0.00021  148   31          -    0.00021      -   8.1 1385s
 9905716 2582104 infeasible  185               -    0.00021      -   8.1 1390s
 9936292 2586018 infeasible  167               -    0.00021      -   8.1 1395s
 9963421 2589905    0.00021  145   34          -    0.00021      -   8.1 1400s
 9995060 2599605    0.00084  189   27          -    0.00021      -   8.1 1405s
 10023619 2609252    0.32439  154   27          -    0.00021      -   8.1 1410s
 10054715 2619647 infeasible  168               -    0.00021      -   8.1 1415s
 10097599 2631026 infeasible  173               -    0.00021      -   8.0 1420s
 10133589 2639291    0.00084  165   26          -    0.00021      -   8.0 1425s
 10174319 2648756    0.00146  185   27          -    0.00021      -   8.0 1430s
 10208310 2657633    0.00021  188   31          -    0.00021      -   8.0 1435s
 10243413 2667958 infeasible  170               -    0.00021      -   8.0 1440s
 10270603 2675980 infeasible  174               -    0.00021      -   8.0 1445s
 10302449 2684885    0.00025  166   29          -    0.00021      -   8.0 1450s
 10336885 2694037    0.00021  190   27          -    0.00021      -   8.0 1455s
 10371665 2703153 infeasible  172               -    0.00021      -   8.0 1460s
 10404147 2713810    0.00021  162   26          -    0.00021      -   8.0 1465s
 10436051 2724029 infeasible  179               -    0.00021      -   8.0 1470s
 10470872 2734028    0.00491  188   28          -    0.00021      -   8.0 1475s
 10504624 2743318    0.00021  168   24          -    0.00021      -   8.0 1480s
 10539746 2753544    0.00021  168   27          -    0.00021      -   8.0 1485s
 10573616 2763081    0.00022  170   26          -    0.00021      -   8.0 1490s
 10608394 2771457    0.00084  140   31          -    0.00021      -   8.0 1495s
 10645456 2783797    0.00084  149   27          -    0.00021      -   8.0 1500s
 10678192 2794828 infeasible  153               -    0.00021      -   8.0 1505s
 10712519 2805193    0.00021  144   31          -    0.00021      -   8.0 1510s
 10748572 2815268    0.00021  156   35          -    0.00021      -   8.0 1515s
 10784261 2826492    0.00084  199   26          -    0.00021      -   8.0 1520s
 10819583 2836561 infeasible  191               -    0.00021      -   8.0 1525s
 10860712 2845600 infeasible  179               -    0.00021      -   8.0 1530s
 10896683 2855272    0.00021   96   30          -    0.00021      -   8.0 1535s
 10932174 2865799    0.00097 1279   26          -    0.00021      -   8.0 1540s
 10966334 2874083    0.00097 2447   26          -    0.00021      -   8.0 1545s
 10995010 2884358    0.00097 3813   24          -    0.00021      -   8.0 1550s
 11023760 2892940 infeasible  157               -    0.00021      -   8.0 1555s
 11052862 2900979    0.00084  164   29          -    0.00021      -   8.0 1560s
 11083703 2908079 infeasible  183               -    0.00021      -   8.1 1565s
 11113889 2914942    0.00021  194   29          -    0.00021      -   8.1 1570s
 11150399 2925290    0.00206  175   33          -    0.00021      -   8.1 1575s
 11185893 2936774    0.00021  167   30          -    0.00021      -   8.1 1580s
 11223236 2946517    0.00021  164   31          -    0.00021      -   8.1 1585s
 11260539 2956787    0.00021  157   31          -    0.00021      -   8.1 1590s
 11298076 2966608    0.00021  196   28          -    0.00021      -   8.1 1595s
 11334780 2975416 infeasible  171               -    0.00021      -   8.1 1600s
 11370342 2984939    0.08736  213   25          -    0.00021      -   8.1 1605s
 11403650 2993909    0.00021  189   31          -    0.00021      -   8.1 1610s
 11437114 3000064 infeasible  215               -    0.00021      -   8.1 1615s
 11470437 3006183 infeasible  215               -    0.00021      -   8.1 1620s
 11503564 3012362    0.00021  221   25          -    0.00021      -   8.1 1625s
 11536721 3017918 infeasible  198               -    0.00021      -   8.1 1630s
 11570041 3023267    0.44805  214   22          -    0.00021      -   8.2 1635s
 11604748 3029538 infeasible  209               -    0.00021      -   8.2 1640s
 11636243 3034882 infeasible  223               -    0.00021      -   8.2 1645s
 11671810 3040657 infeasible  214               -    0.00021      -   8.2 1650s
 11707791 3047888    0.00021  205   32          -    0.00021      -   8.2 1655s
 11738810 3054268    0.12193  233   12          -    0.00021      -   8.2 1660s
 11771953 3061924    0.00021  190   23          -    0.00021      -   8.2 1665s
 11808695 3070882 infeasible  220               -    0.00021      -   8.2 1670s
 11841839 3077993    0.00021  200   32          -    0.00021      -   8.2 1675s
 11872923 3083674    0.00021  186   27          -    0.00021      -   8.2 1680s
 11906468 3091137 infeasible  168               -    0.00021      -   8.2 1685s
 11939699 3098547    0.00084  198   25          -    0.00021      -   8.2 1690s
 11970777 3106584    0.00084  164   26          -    0.00021      -   8.2 1695s
 12003788 3114536 infeasible  177               -    0.00021      -   8.2 1700s
 12026860 3121145    0.00021  195   28          -    0.00021      -   8.2 1705s
 12038712 3125116    0.10582  251   11          -    0.00021      -   8.2 1710s
 12065102 3133666    0.00085  250   29          -    0.00021      -   8.2 1715s
 12092626 3142932    0.00021  118   36          -    0.00021      -   8.2 1721s
 12108830 3148697    0.00084  135   33          -    0.00021      -   8.2 1725s
 12125175 3153689    0.00084  149   33          -    0.00021      -   8.2 1730s
 12147153 3159619    0.00084  138   32          -    0.00021      -   8.2 1737s
 12156066 3162329    0.00021  129   37          -    0.00021      -   8.2 1740s
 12167489 3165791    0.00262  152   33          -    0.00021      -   8.2 1747s
 12177940 3168435 infeasible  129               -    0.00021      -   8.2 1750s
 12186067 3170704 infeasible  190               -    0.00021      -   8.2 1755s
 12207365 3176468    0.00262  156   21          -    0.00021      -   8.3 1760s
 12219398 3179596    0.00266  155   31          -    0.00021      -   8.3 1766s
 12243338 3185750    0.00909  151   36          -    0.00021      -   8.3 1771s
 12252911 3188888    0.00367  131   34          -    0.00021      -   8.3 1775s
 12271355 3195143    0.00021  125   38          -    0.00021      -   8.3 1780s
 12278915 3197354 infeasible  215               -    0.00021      -   8.3 1785s
 12298347 3204190    1.77099  150   25          -    0.00021      -   8.3 1791s
 12319013 3209619    0.00262  149   33          -    0.00021      -   8.3 1795s
 12342281 3216155 infeasible  160               -    0.00021      -   8.3 1800s
 12364253 3221931    0.00264  165   30          -    0.00021      -   8.3 1805s
 12384472 3227949    0.01170  131   28          -    0.00021      -   8.3 1810s
 12419277 3237497    0.00084  147   33          -    0.00021      -   8.3 1815s
 12450452 3246270    0.00309  150   35          -    0.00021      -   8.4 1820s
 12473451 3252877 infeasible  143               -    0.00021      -   8.4 1825s
 12493922 3258378    1.87623  155   25          -    0.00021      -   8.4 1830s
 12511986 3264272    0.00084  141   33          -    0.00021      -   8.4 1835s
 12536835 3272208    0.00262  517   30          -    0.00021      -   8.4 1840s
 12558297 3277626    0.00021  186   23          -    0.00021      -   8.4 1845s
 12585829 3285717 infeasible  180               -    0.00021      -   8.4 1850s
 12605055 3292849    1.97514  157   15          -    0.00021      -   8.4 1855s
 12637795 3303131    0.00021  135   30          -    0.00021      -   8.4 1860s
 12658389 3309252 infeasible  209               -    0.00021      -   8.4 1865s
 12691404 3317210 infeasible  203               -    0.00021      -   8.4 1870s
 12724749 3322017 infeasible  202               -    0.00021      -   8.4 1875s
 12759903 3327631    0.00021  193   23          -    0.00021      -   8.4 1880s
 12795533 3333230 infeasible  192               -    0.00021      -   8.4 1885s
 12814129 3336479    0.00021  130   34          -    0.00021      -   8.4 1890s
 12839188 3343409 infeasible  182               -    0.00021      -   8.4 1895s
 12869037 3352287 infeasible  193               -    0.00021      -   8.4 1900s
 12899645 3360065 infeasible  172               -    0.00021      -   8.4 1905s
 12935340 3368615    0.00021  187   23          -    0.00021      -   8.4 1910s
 12965194 3376606 infeasible  183               -    0.00021      -   8.5 1915s
 12997381 3385033 infeasible  160               -    0.00021      -   8.5 1920s
 13029214 3392498    0.00085  211   27          -    0.00021      -   8.5 1925s
 13062515 3400144    0.00084  166   26          -    0.00021      -   8.5 1930s
 13094946 3406615    0.00084  187   22          -    0.00021      -   8.5 1935s
 13122208 3413079 infeasible  199               -    0.00021      -   8.5 1940s
 13148228 3419026    0.00021  164   36          -    0.00021      -   8.5 1945s
 13179287 3427231 infeasible  170               -    0.00021      -   8.5 1950s
 13210314 3433769    0.00084  180   25          -    0.00021      -   8.6 1955s
 13243783 3439930    0.00021  221   19          -    0.00021      -   8.6 1960s
 13277716 3445716 infeasible  218               -    0.00021      -   8.6 1965s
 13313369 3454217    0.00062  177   28          -    0.00021      -   8.6 1970s
 13349241 3462444    0.00085  233   23          -    0.00021      -   8.6 1975s
 13382090 3469170 infeasible  170               -    0.00021      -   8.6 1980s
 13415984 3475436    0.00022  183   25          -    0.00021      -   8.6 1985s
 13453152 3481193 infeasible  211               -    0.00021      -   8.6 1990s
 13484266 3487376    0.00030  184   21          -    0.00021      -   8.6 1995s
 13514316 3494705    1.93432  225   17          -    0.00021      -   8.6 2000s
 13542415 3501397    0.00021  148   29          -    0.00021      -   8.6 2005s
 13572411 3507875 infeasible  175               -    0.00021      -   8.6 2010s
 13601361 3514750    0.00131  176   18          -    0.00021      -   8.6 2015s
 13631654 3522170 infeasible  182               -    0.00021      -   8.6 2020s
 13660042 3529207    0.00021  165   24          -    0.00021      -   8.6 2025s
 13691861 3534849 infeasible  287               -    0.00021      -   8.6 2030s
 13721301 3538908    0.00021  218   31          -    0.00021      -   8.6 2035s
 13754137 3544721    0.09470  269   21          -    0.00021      -   8.6 2040s
 13781478 3550158    0.00021  238   17          -    0.00021      -   8.6 2045s
 13812666 3556700    0.00021  290   20          -    0.00021      -   8.7 2050s
 13843780 3563792    0.00021  181   24          -    0.00021      -   8.7 2055s
 13875173 3570742    0.00021  265   27          -    0.00021      -   8.7 2060s
 13907083 3577628    0.00021  287   22          -    0.00021      -   8.7 2065s
 13937951 3584423    0.00021  264   17          -    0.00021      -   8.7 2070s
 13971414 3591131    0.00021  271   21          -    0.00021      -   8.7 2075s
 14001379 3596856    0.00021  184   24          -    0.00021      -   8.7 2080s
 14035338 3602380 infeasible  152               -    0.00021      -   8.7 2085s
 14065836 3609733 infeasible  232               -    0.00021      -   8.7 2090s
 14094644 3617655    2.61154  190   30          -    0.00021      -   8.8 2095s
 14124513 3625414 infeasible  196               -    0.00021      -   8.8 2100s
 14155709 3632256 infeasible  197               -    0.00021      -   8.8 2105s
 14188064 3639515 infeasible  172               -    0.00021      -   8.8 2110s
 14214696 3646806 infeasible  168               -    0.00021      -   8.9 2115s
 14249154 3655229    0.00084  165   25          -    0.00021      -   8.9 2120s
 14280959 3662241 infeasible  180               -    0.00021      -   8.9 2125s
 14314249 3668476    0.00021  132   34          -    0.00021      -   8.9 2130s
 14343492 3675524    0.00084  191   28          -    0.00021      -   8.9 2135s
 14373126 3683319 infeasible  224               -    0.00021      -   9.0 2140s
 14402154 3691380    0.00084  171   30          -    0.00021      -   9.0 2145s
 14431937 3699635    0.00146  165   27          -    0.00021      -   9.0 2150s
 14463401 3707515    0.00021  151   39          -    0.00021      -   9.1 2155s
 14495333 3715192    1.95125  202   17          -    0.00021      -   9.1 2160s

Cutting planes:
  Flow cover: 2

Explored 14498399 nodes (131597227 simplex iterations) in 2160.50 seconds (436.85 work units)
Thread count was 12 (of 12 available processors)

Solution count 0

Solve interrupted
Best objective -, best bound 2.058065039989e-04, gap -
