
Gurobi 11.0.2 (win64) logging started Thu Oct  3 05:56:05 2024

Set parameter LogFile to value ".\Experiments\Track_k_e_2_reruns\Logs\Track_k_e_2_reruns_r5_c3.log"
Set parameter TimeLimit to value 3600
Gurobi Optimizer version 11.0.2 build v11.0.2rc0 (win64 - Windows 10.0 (19045.2))

CPU model: Intel(R) Core(TM) i7-10750H CPU @ 2.60GHz, instruction set [SSE2|AVX|AVX2]
Thread count: 6 physical cores, 12 logical processors, using up to 12 threads

Optimize a model with 250 rows, 462 columns and 924 nonzeros
Model fingerprint: 0x0c821430
Model has 6 quadratic objective terms
Model has 68 quadratic constraints
Model has 116 general constraints
Variable types: 458 continuous, 4 integer (4 binary)
Coefficient statistics:
  Matrix range     [9e-06, 1e+02]
  QMatrix range    [1e+00, 1e+00]
  QLMatrix range   [1e+00, 1e+00]
  Objective range  [1e-02, 2e-01]
  QObjective range [2e+00, 2e+00]
  Bounds range     [8e-05, 5e+00]
  RHS range        [8e-05, 1e+02]
  QRHS range       [1e-06, 1e-06]
Presolve added 60 rows and 0 columns
Presolve removed 0 rows and 97 columns
Presolve time: 0.01s
Presolved: 551 rows, 374 columns, 1543 nonzeros
Presolved model has 2 SOS constraint(s)
Presolved model has 4 quadratic objective terms
Presolved model has 57 bilinear constraint(s)
Presolved model has 4 nonlinear constraint(s)
Warning: Model contains variables with very large bounds participating
         in nonlinear terms.
         Presolve was not able to compute smaller bounds for these variables.
         Consider bounding these variables or reformulating the model.


Solving non-convex MINLP

Variable types: 284 continuous, 90 integer (90 binary)

Root relaxation: objective 2.058065e-04, 451 iterations, 0.00 seconds (0.00 work units)

    Nodes    |    Current Node    |     Objective Bounds      |     Work
 Expl Unexpl |  Obj  Depth IntInf | Incumbent    BestBd   Gap | It/Node Time

     0     0    0.00021    0   57          -    0.00021      -     -    0s
     0     0    0.00021    0   57          -    0.00021      -     -    0s
     0     0    0.00021    0  102          -    0.00021      -     -    0s
     0     0    0.00021    0  102          -    0.00021      -     -    0s
     0     0    0.00021    0   99          -    0.00021      -     -    0s
     0     0    0.00021    0   98          -    0.00021      -     -    0s
     0     0    0.00021    0  102          -    0.00021      -     -    0s
     0     0    0.00021    0   60          -    0.00021      -     -    0s
     0     2    0.00021    0   60          -    0.00021      -     -    0s
H   17    20                       0.1754349    0.00021   100%  95.4    0s
H   67    65                       0.1746610    0.00021   100%  58.6    0s
H   75    65                       0.1746610    0.00021   100%  57.3    0s
H  798   395                       0.1746609    0.00021   100%  30.0    0s
H  885   455                       0.1656740    0.00021   100%  28.7    0s
H  942   455                       0.1656740    0.00021   100%  27.6    0s
H 1240   568                       0.1656739    0.00021   100%  26.2    0s
H 1305   623                       0.1470938    0.00021   100%  26.3    0s
H 1330   623                       0.1470937    0.00021   100%  26.5    0s
* 1623   418              94       0.0097905    0.00021  97.9%  25.4    0s
H 2247   579                       0.0097905    0.00021  97.9%  27.0    1s
H 2322   577                       0.0097905    0.00021  97.9%  28.3    1s
H 3321   798                       0.0065165    0.00021  96.8%  27.8    2s
H 4019   935                       0.0065165    0.00021  96.8%  28.8    2s
H 4363   917                       0.0051705    0.00021  96.0%  29.0    2s
H 6203  1487                       0.0051705    0.00021  96.0%  29.6    3s
H 7825  1870                       0.0045469    0.00021  95.5%  29.3    3s
 12216  2795    0.00021   51   57    0.00455    0.00021  95.5%  29.3    5s
H13201  2795                       0.0045065    0.00021  95.4%  29.2    5s
H13628  2996                       0.0045065    0.00021  95.4%  29.1    5s
H16810  3553                       0.0045065    0.00021  95.4%  28.8    7s
H18836  3934                       0.0045065    0.00021  95.4%  28.8    7s
H20131  4093                       0.0045065    0.00021  95.4%  28.8    8s
 25587  5251    0.00110   61   56    0.00451    0.00021  95.4%  28.6   10s
H35282  6769                       0.0045065    0.00021  95.4%  29.5   13s
 37710  7617    0.00084   61   49    0.00451    0.00021  95.4%  29.7   15s
H44499  9088                       0.0045064    0.00021  95.4%  29.6   16s
 55633 11743     cutoff   74         0.00451    0.00021  95.4%  28.2   20s
H59254 12130                       0.0045064    0.00021  95.4%  28.0   20s
 73230 15769    0.00021   71   49    0.00451    0.00021  95.4%  27.6   25s
H88001 18498                       0.0038675    0.00021  94.7%  27.5   29s
H88078 18498                       0.0038674    0.00021  94.7%  27.5   29s
 89976 19150     cutoff   68         0.00387    0.00021  94.7%  27.5   30s
 106723 21727 infeasible   71         0.00387    0.00021  94.7%  27.9   35s
H117370 23561                       0.0038674    0.00021  94.7%  28.0   37s
 125286 25150    0.00086   72   47    0.00387    0.00021  94.7%  28.0   40s
H136212 27656                       0.0038234    0.00021  94.6%  28.0   44s
H136780 28068                       0.0038234    0.00021  94.6%  28.1   44s
H137764 28068                       0.0038234    0.00021  94.6%  28.1   44s
 138842 28279    0.00023   67   42    0.00382    0.00021  94.6%  28.1   45s
H146743 29662                       0.0038234    0.00021  94.6%  28.5   48s
 151803 31148    0.00106   73   57    0.00382    0.00021  94.6%  28.6   50s
H155056 31632                       0.0038233    0.00021  94.6%  28.6   50s
 165595 34144     cutoff   58         0.00382    0.00021  94.6%  28.7   55s
H173820 35390                       0.0038232    0.00021  94.6%  28.8   57s
H177572 35765                       0.0038232    0.00021  94.6%  29.1   59s
 179264 36122    0.00021   42   49    0.00382    0.00021  94.6%  29.2   60s
 191787 38391    0.00021   51   48    0.00382    0.00021  94.6%  29.6   65s
 210986 41648    0.00021   51   45    0.00382    0.00021  94.6%  29.5   70s
H224744 44482                       0.0038232    0.00021  94.6%  29.6   74s
 224762 44811    0.00054   56   45    0.00382    0.00021  94.6%  29.6   75s
 238891 47331    0.00038   66   43    0.00382    0.00021  94.6%  29.7   80s
 248510 49244 infeasible   73         0.00382    0.00021  94.6%  29.8   85s
 262265 51498    0.00021   58   46    0.00382    0.00021  94.6%  29.9   90s
 277414 54148 infeasible   50         0.00382    0.00021  94.6%  30.1   95s
 289707 56264     cutoff   58         0.00382    0.00021  94.6%  30.1  100s
H301088 58284                       0.0038232    0.00021  94.6%  30.3  104s
 301095 58612    0.00021   50   40    0.00382    0.00021  94.6%  30.3  105s
 315612 60960    0.00022   54   52    0.00382    0.00021  94.6%  30.4  110s
 331461 64825    0.00052   81   36    0.00382    0.00021  94.6%  30.4  115s
 346918 67826     cutoff   47         0.00382    0.00021  94.6%  30.6  120s
 362452 70423    0.00025   61   43    0.00382    0.00021  94.6%  30.7  125s
 378004 72917 infeasible   68         0.00382    0.00021  94.6%  30.8  130s
 390697 75288    0.00040   76   38    0.00382    0.00021  94.6%  30.8  135s
 405675 78659    0.00026   65   55    0.00382    0.00021  94.6%  30.7  140s
 422010 82681    0.00021   79   46    0.00382    0.00021  94.6%  30.7  145s
 434816 85383    0.00045   76   43    0.00382    0.00021  94.6%  30.7  150s
 447057 87941    0.00213   78   40    0.00382    0.00021  94.6%  30.7  155s
 460742 90717     cutoff   68         0.00382    0.00021  94.6%  30.8  160s
 479554 93998    0.00175   59   28    0.00382    0.00021  94.6%  30.8  165s
 495217 97967    0.00267   93   53    0.00382    0.00021  94.6%  30.7  170s
 509426 100374 infeasible   63         0.00382    0.00021  94.6%  30.7  175s
 523691 102351    0.00023   62   52    0.00382    0.00021  94.6%  30.8  180s
 539156 104558 infeasible   71         0.00382    0.00021  94.6%  30.7  185s
 555486 106089     cutoff   79         0.00382    0.00021  94.6%  30.6  190s
 570580 108130    0.00113   66   35    0.00382    0.00021  94.6%  30.6  195s
 589174 109097     cutoff   48         0.00382    0.00021  94.6%  30.5  200s
 608948 111122    0.00041   74   38    0.00382    0.00021  94.6%  30.5  205s
 626931 115218    0.00080   61   34    0.00382    0.00021  94.6%  30.4  210s
 641545 118103    0.00029   69   54    0.00382    0.00021  94.6%  30.4  215s
 657203 121487    0.00157   68   32    0.00382    0.00021  94.6%  30.4  220s
 671885 124115    0.00024   72   43    0.00382    0.00021  94.6%  30.3  225s
 684998 126902    0.00021   50   44    0.00382    0.00021  94.6%  30.3  230s
 704442 131009     cutoff   63         0.00382    0.00021  94.6%  30.2  235s
 727350 135108    0.00034   74   33    0.00382    0.00021  94.6%  30.0  240s
 747823 139544 infeasible   68         0.00382    0.00021  94.6%  29.8  245s
 763039 142581    0.00021   63   45    0.00382    0.00021  94.6%  29.7  250s
 783192 145951    0.00052   64   37    0.00382    0.00021  94.6%  29.7  255s
 798270 149410    0.00166   68   28    0.00382    0.00021  94.6%  29.7  260s
 814870 152811 infeasible   52         0.00382    0.00021  94.6%  29.7  265s
 830666 155238    0.00021   43   52    0.00382    0.00021  94.6%  29.8  270s
 846303 158059    0.00021   50   48    0.00382    0.00021  94.6%  29.8  275s
 860583 161077    0.00021   59   57    0.00382    0.00021  94.6%  29.9  280s
 875829 163905    0.00026   51   48    0.00382    0.00021  94.6%  30.0  285s
 891782 166566     cutoff   55         0.00382    0.00021  94.6%  30.0  290s
 906304 169132 infeasible   69         0.00382    0.00021  94.6%  30.0  295s
 920647 171579 infeasible   57         0.00382    0.00021  94.6%  30.0  300s
 939926 173998    0.00023   65   27    0.00382    0.00021  94.6%  29.9  305s
 956486 176743 infeasible   65         0.00382    0.00021  94.6%  29.8  310s
 976785 180772    0.00024   62   37    0.00382    0.00021  94.6%  29.7  315s
 994366 184821 infeasible   87         0.00382    0.00021  94.6%  29.7  320s
 1011834 188395    0.00060   57   45    0.00382    0.00021  94.6%  29.7  325s
H1025343 190976                       0.0038203    0.00021  94.6%  29.7  329s
 1025344 191512 infeasible   80         0.00382    0.00021  94.6%  29.7  330s
H1025348 191480                       0.0037504    0.00021  94.5%  29.7  330s
 1042835 195309    0.00021   45   64    0.00375    0.00021  94.5%  29.7  335s
H1055419 197754                       0.0037504    0.00021  94.5%  29.7  339s
 1057600 198531     cutoff   78         0.00375    0.00021  94.5%  29.7  340s
H1058691 198890                       0.0037411    0.00021  94.5%  29.7  341s
 1070063 201479    0.00092   71   49    0.00374    0.00021  94.5%  29.7  345s
 1087017 205240 infeasible   72         0.00374    0.00021  94.5%  29.7  350s
 1102327 209102    0.00021   66   53    0.00374    0.00021  94.5%  29.7  355s
 1117198 212226     cutoff   88         0.00374    0.00021  94.5%  29.8  360s
H1119157 212226                       0.0037411    0.00021  94.5%  29.8  361s
H1127026 213723                       0.0037410    0.00021  94.5%  29.8  363s
 1130920 214401    0.00100   57   43    0.00374    0.00021  94.5%  29.8  365s
H1138682 215749                       0.0037410    0.00021  94.5%  29.8  368s
H1141003 215884                       0.0037410    0.00021  94.5%  29.8  368s
 1144445 216364     cutoff   76         0.00374    0.00021  94.5%  29.9  370s
H1144781 216364                       0.0037410    0.00021  94.5%  29.9  370s
 1156859 219026    0.00021   56   55    0.00374    0.00021  94.5%  29.9  375s
H1157108 219026                       0.0037410    0.00021  94.5%  29.9  375s
 1170762 222567    0.00088   56   38    0.00374    0.00021  94.5%  29.9  380s
 1185117 225558    0.00021   59   57    0.00374    0.00021  94.5%  29.9  385s
 1198427 228810 infeasible   70         0.00374    0.00021  94.5%  29.9  390s
 1213287 232259 infeasible   72         0.00374    0.00021  94.5%  29.9  395s
 1229197 236386 infeasible   81         0.00374    0.00021  94.5%  29.9  400s
 1245284 239724    0.00116   65   35    0.00374    0.00021  94.5%  29.9  405s
 1256301 242798 infeasible   69         0.00374    0.00021  94.5%  29.9  410s
 1268488 245672    0.00361   87   22    0.00374    0.00021  94.5%  30.0  415s
 1284614 248555     cutoff   65         0.00374    0.00021  94.5%  30.0  420s
 1303659 252853    0.00028   76   42    0.00374    0.00021  94.5%  30.0  425s
 1318501 256207    0.00195   63   34    0.00374    0.00021  94.5%  29.9  430s
 1337425 259462    0.00021   53   44    0.00374    0.00021  94.5%  29.9  435s
 1351012 262736    0.00021   60   51    0.00374    0.00021  94.5%  29.9  440s
 1367143 266386    0.00311   78   39    0.00374    0.00021  94.5%  29.9  445s
H1374919 268077                       0.0037409    0.00021  94.5%  29.9  448s
H1379161 268756                       0.0037409    0.00021  94.5%  29.9  449s
 1379724 269259 infeasible   66         0.00374    0.00021  94.5%  29.9  450s
 1393303 272547     cutoff   62         0.00374    0.00021  94.5%  29.9  455s
H1394209 272547                       0.0037409    0.00021  94.5%  29.9  455s
H1398572 273476                       0.0037017    0.00021  94.4%  30.0  456s
 1406251 274818 infeasible   63         0.00370    0.00021  94.4%  30.0  460s
H1418990 247222                       0.0018748    0.00021  89.0%  30.0  464s
 1420955 247534     cutoff   66         0.00187    0.00021  89.0%  30.0  465s
H1420956 247534                       0.0018748    0.00021  89.0%  30.0  465s
 1430620 248644    0.00024   65   43    0.00187    0.00021  89.0%  30.0  470s
H1438465 234763                       0.0014978    0.00021  86.3%  30.0  472s
H1440134 234763                       0.0014978    0.00021  86.3%  30.0  472s
H1440273 234971                       0.0014978    0.00021  86.3%  30.0  473s
H1442202 234966                       0.0014978    0.00021  86.3%  30.0  474s
 1444312 235212     cutoff   71         0.00150    0.00021  86.3%  30.0  475s
H1446908 235446                       0.0014978    0.00021  86.3%  30.0  476s
 1456949 237279    0.00024   88   56    0.00150    0.00021  86.3%  29.9  480s
H1459337 237628                       0.0014978    0.00021  86.3%  29.9  480s
H1461288 237773                       0.0014978    0.00021  86.3%  29.9  481s
H1461824 237773                       0.0014977    0.00021  86.3%  29.9  481s
H1464648 238306                       0.0014977    0.00021  86.3%  29.9  482s
H1466458 238655                       0.0014977    0.00021  86.3%  29.9  483s
 1468430 239177 infeasible   94         0.00150    0.00021  86.3%  29.9  485s
H1476178 240413                       0.0014977    0.00021  86.3%  29.9  486s
H1478023 240758                       0.0014977    0.00021  86.3%  29.9  487s
H1483493 207176                       0.0009564    0.00021  78.5%  29.9  490s
H1484676 203938                       0.0009176    0.00021  77.6%  29.9  490s
H1486557 202597                       0.0009030    0.00021  77.2%  29.9  491s
H1486883 202594                       0.0009030    0.00021  77.2%  29.9  491s
H1489763 203082                       0.0009030    0.00021  77.2%  29.9  492s
H1492905 203546                       0.0009030    0.00021  77.2%  29.9  494s
H1493446 203543                       0.0009030    0.00021  77.2%  29.9  494s
 1495686 204264     cutoff   59         0.00090    0.00021  77.2%  29.9  495s
H1500891 204810                       0.0009030    0.00021  77.2%  29.9  496s
 1511694 206736 infeasible   70         0.00090    0.00021  77.2%  29.8  500s
 1527880 209197    0.00035   97   54    0.00090    0.00021  77.2%  29.9  505s
 1546341 211656 infeasible   75         0.00090    0.00021  77.2%  29.8  510s
H1555291 194700                       0.0007969    0.00021  74.2%  29.8  513s
H1559092 195029                       0.0007962    0.00021  74.2%  29.8  514s
 1559855 195091    0.00021   66   55    0.00080    0.00021  74.2%  29.8  515s
H1560183 190467                       0.0007380    0.00021  72.1%  29.8  515s
H1561658 190876                       0.0007379    0.00021  72.1%  29.8  515s
H1562760 190886                       0.0007379    0.00021  72.1%  29.8  516s
H1562764 190885                       0.0007379    0.00021  72.1%  29.8  516s
H1565132 191450                       0.0007378    0.00021  72.1%  29.8  517s
 1572673 192727    0.00021   66   49    0.00074    0.00021  72.1%  29.8  520s
H1577338 193688                       0.0007378    0.00021  72.1%  29.8  521s
 1584638 194854    0.00021   72   47    0.00074    0.00021  72.1%  29.8  525s
H1599061 197439                       0.0007378    0.00021  72.1%  29.8  529s
 1600109 197528     cutoff   74         0.00074    0.00021  72.1%  29.8  530s
H1609603 199360                       0.0007378    0.00021  72.1%  29.8  532s
 1615966 200582    0.00021   75   46    0.00074    0.00021  72.1%  29.8  535s
H1629893 202259                       0.0007377    0.00021  72.1%  29.7  539s
 1632005 202422    0.00021   77   54    0.00074    0.00021  72.1%  29.7  540s
H1637078 203228                       0.0007377    0.00021  72.1%  29.7  542s
H1637423 203228                       0.0007377    0.00021  72.1%  29.7  542s
H1638012 203477                       0.0007377    0.00021  72.1%  29.7  543s
 1644705 204177 infeasible   45         0.00074    0.00021  72.1%  29.7  545s
H1648294 204342                       0.0007377    0.00021  72.1%  29.7  546s
H1656864 205100                       0.0007377    0.00021  72.1%  29.7  549s
 1658416 205094     cutoff   59         0.00074    0.00021  72.1%  29.7  550s
H1661623 205240                       0.0007376    0.00021  72.1%  29.7  551s
H1668222 205687                       0.0007374    0.00021  72.1%  29.7  554s
 1669922 205694     cutoff   50         0.00074    0.00021  72.1%  29.7  555s
H1669926 205693                       0.0007373    0.00021  72.1%  29.7  555s
H1681481 206907                       0.0007373    0.00021  72.1%  29.7  559s
 1683350 206909    0.00038   54   46    0.00074    0.00021  72.1%  29.7  560s
H1683351 206909                       0.0007373    0.00021  72.1%  29.7  560s
H1683776 207087                       0.0007373    0.00021  72.1%  29.7  561s
H1684705 207087                       0.0007373    0.00021  72.1%  29.7  561s
H1684853 207087                       0.0007373    0.00021  72.1%  29.7  561s
H1692695 207790                       0.0007373    0.00021  72.1%  29.7  563s
H1694569 207909                       0.0007373    0.00021  72.1%  29.7  564s
 1695211 207914    0.00024   76   46    0.00074    0.00021  72.1%  29.7  565s
H1697859 208218                       0.0007373    0.00021  72.1%  29.7  566s
 1705390 209009 infeasible   59         0.00074    0.00021  72.1%  29.7  570s
H1711000 209547                       0.0007373    0.00021  72.1%  29.7  571s
H1712948 209648                       0.0007373    0.00021  72.1%  29.7  572s
 1717889 210295    0.00021   79   38    0.00074    0.00021  72.1%  29.8  575s
H1726130 210770                       0.0007373    0.00021  72.1%  29.8  577s
H1729981 210958                       0.0007372    0.00021  72.1%  29.8  579s
H1730441 211217                       0.0007372    0.00021  72.1%  29.8  579s
 1732331 211256    0.00046   63   39    0.00074    0.00021  72.1%  29.8  580s
H1732495 211256                       0.0007372    0.00021  72.1%  29.8  580s
H1733461 211383                       0.0007372    0.00021  72.1%  29.8  580s
H1733811 211383                       0.0007372    0.00021  72.1%  29.8  580s
H1733962 211383                       0.0007372    0.00021  72.1%  29.8  580s
H1735622 211483                       0.0007372    0.00021  72.1%  29.8  581s
 1742710 212526    0.00028   70   42    0.00074    0.00021  72.1%  29.8  585s
H1744990 212938                       0.0007372    0.00021  72.1%  29.8  585s
H1746927 171368                       0.0004118    0.00021  50.0%  29.8  587s
H1747806 171100                       0.0004088    0.00021  49.7%  29.8  587s
H1748969 171125                       0.0004088    0.00021  49.7%  29.8  588s
 1751610 171798     cutoff   72         0.00041    0.00021  49.7%  29.8  590s
H1753714 171817                       0.0004088    0.00021  49.7%  29.8  591s
H1755802 172114                       0.0004088    0.00021  49.7%  29.8  592s
H1759084 172454                       0.0004088    0.00021  49.7%  29.8  593s
 1760939 172500    0.00032   77   44    0.00041    0.00021  49.7%  29.8  595s
 1773423 173226    0.00021   65   45    0.00041    0.00021  49.7%  29.8  600s
H1775765 173335                       0.0004088    0.00021  49.7%  29.8  600s
 1787436 175396    0.00021   67   52    0.00041    0.00021  49.7%  29.8  605s
 1803276 177706     cutoff   84         0.00041    0.00021  49.7%  29.8  610s
H1807075 175567                       0.0003970    0.00021  48.2%  29.8  611s
H1810637 175924                       0.0003970    0.00021  48.2%  29.9  613s
H1810983 176137                       0.0003970    0.00021  48.2%  29.8  614s
H1812706 164837                       0.0003482    0.00021  40.9%  29.8  614s
H1812756 164790                       0.0003480    0.00021  40.9%  29.8  614s
 1813353 164919 infeasible   89         0.00035    0.00021  40.9%  29.8  615s
H1815354 164952                       0.0003479    0.00021  40.8%  29.9  615s
H1815607 164952                       0.0003479    0.00021  40.8%  29.9  616s
H1816765 164689                       0.0003460    0.00021  40.5%  29.9  616s
H1817325 164689                       0.0003460    0.00021  40.5%  29.9  616s
H1818227 164723                       0.0003460    0.00021  40.5%  29.9  617s
 1827719 166074    0.00021   58   39    0.00035    0.00021  40.5%  29.8  620s
H1832088 166615                       0.0003460    0.00021  40.5%  29.8  622s
 1842444 167910    0.00021   69   48    0.00035    0.00021  40.5%  29.8  625s
 1857377 169266    0.00021   63   43    0.00035    0.00021  40.5%  29.8  630s
 1870454 170397    0.00021   58   35    0.00035    0.00021  40.5%  29.8  635s
 1883551 171733    0.00021   50   35    0.00035    0.00021  40.5%  29.9  640s
 1896809 172446    0.00030   64   46    0.00035    0.00021  40.5%  29.9  645s
 1909700 174318    0.00021   72   43    0.00035    0.00021  40.5%  29.9  650s
 1926998 176000 infeasible   75         0.00035    0.00021  40.5%  29.9  655s
 1944522 178412    0.00021   58   48    0.00035    0.00021  40.5%  29.8  660s
 1963747 180714    0.00021   70   48    0.00035    0.00021  40.5%  29.8  665s
 1982139 182531    0.00021   62   55    0.00035    0.00021  40.5%  29.8  670s
H1990154 183576                       0.0003460    0.00021  40.5%  29.8  672s
 1996434 184102     cutoff   74         0.00035    0.00021  40.5%  29.8  675s
 2012929 185263 infeasible   50         0.00035    0.00021  40.5%  29.8  680s
H2022403 186018                       0.0003460    0.00021  40.5%  29.9  683s
 2023924 186196    0.00023   55   37    0.00035    0.00021  40.5%  29.9  685s
 2039097 186861    0.00021   52   36    0.00035    0.00021  40.5%  29.9  690s
H2050850 187515                       0.0003457    0.00021  40.5%  29.9  693s
H2052835 187646                       0.0003456    0.00021  40.5%  29.9  693s
H2055049 187778                       0.0003455    0.00021  40.4%  29.9  694s
 2055849 187799     cutoff   68         0.00035    0.00021  40.4%  29.9  695s
H2057179 187799                       0.0003455    0.00021  40.4%  29.9  695s
 2067947 188251    0.00021   54   44    0.00035    0.00021  40.4%  29.9  700s
 2080515 189031    0.00021   58   44    0.00035    0.00021  40.4%  30.0  705s
H2081393 189031                       0.0003455    0.00021  40.4%  30.0  705s
 2096299 189976    0.00021   58   49    0.00035    0.00021  40.4%  30.0  710s
 2111562 191040    0.00022   60   53    0.00035    0.00021  40.4%  30.0  715s
H2120527 49498                       0.0002071    0.00021  0.61%  30.0  718s
H2122712 49461                       0.0002071    0.00021  0.61%  30.0  719s
 2122730 49476    0.00021   55   42    0.00021    0.00021  0.61%  30.0  720s
H2125482 49449                       0.0002071    0.00021  0.61%  30.0  721s
H2129912 49499                       0.0002071    0.00021  0.61%  30.0  723s
 2133593 49602    0.00021   66   44    0.00021    0.00021  0.61%  30.0  725s
 2150833 49828    0.00021   56   44    0.00021    0.00021  0.61%  30.0  730s
H2160385 49876                       0.0002071    0.00021  0.61%  30.1  734s
 2162143 49867    0.00021   75   43    0.00021    0.00021  0.61%  30.1  735s
H2162338 49866                       0.0002071    0.00021  0.60%  30.1  735s
H2171595 49862                       0.0002071    0.00021  0.60%  30.1  739s
 2173585 49934    0.00021   51   39    0.00021    0.00021  0.60%  30.1  740s
H2174034 49930                       0.0002071    0.00021  0.60%  30.1  740s
 2187332 50088     cutoff   74         0.00021    0.00021  0.60%  30.1  745s
H2199492 50189                       0.0002071    0.00021  0.60%  30.1  748s
 2201638 50267    0.00021   52   63    0.00021    0.00021  0.60%  30.1  750s
H2206863 50384                       0.0002071    0.00021  0.60%  30.1  751s
H2217154 50432                       0.0002071    0.00021  0.60%  30.1  755s
H2218311 50448                       0.0002071    0.00021  0.60%  30.1  755s
H2218823 50421                       0.0002071    0.00021  0.60%  30.1  755s
H2221525 50526                       0.0002070    0.00021  0.60%  30.1  756s
 2227853 50625 infeasible   66         0.00021    0.00021  0.60%  30.1  760s
 2239407 50717    0.00021   44   57    0.00021    0.00021  0.60%  30.1  765s
 2255172 51024    0.00021   59   48    0.00021    0.00021  0.60%  30.1  770s
H2256914  8510                       0.0002058    0.00021  0.00%  30.1  771s

Cutting planes:
  Gomory: 2
  Cover: 8
  Implied bound: 37
  Clique: 6
  MIR: 16
  Flow cover: 45
  RLT: 22
  Relax-and-lift: 22

Explored 2257005 nodes (68022989 simplex iterations) in 771.34 seconds (396.78 work units)
Thread count was 12 (of 12 available processors)

Solution count 10: 0.000205807 0.00020705 0.000207068 ... 0.000348186

Optimal solution found (tolerance 1.00e-04)
Best objective 2.058073180535e-04, best bound 2.058065039989e-04, gap 0.0004%
