
Gurobi 11.0.2 (win64) logging started Thu Oct  3 03:03:05 2024

Set parameter LogFile to value ".\Experiments\Track_k_e_2_reruns\Logs\Track_k_e_2_reruns_r4_c6.log"
Set parameter TimeLimit to value 3600
Gurobi Optimizer version 11.0.2 build v11.0.2rc0 (win64 - Windows 10.0 (19045.2))

CPU model: Intel(R) Core(TM) i7-10750H CPU @ 2.60GHz, instruction set [SSE2|AVX|AVX2]
Thread count: 6 physical cores, 12 logical processors, using up to 12 threads

Optimize a model with 248 rows, 462 columns and 920 nonzeros
Model fingerprint: 0xc6f14063
Model has 6 quadratic objective terms
Model has 68 quadratic constraints
Model has 116 general constraints
Variable types: 458 continuous, 4 integer (4 binary)
Coefficient statistics:
  Matrix range     [9e-06, 1e+02]
  QMatrix range    [1e+00, 1e+00]
  QLMatrix range   [1e+00, 1e+00]
  Objective range  [1e-02, 2e-01]
  QObjective range [2e+00, 2e+00]
  Bounds range     [8e-05, 9e+01]
  RHS range        [8e-05, 1e+02]
  QRHS range       [1e-06, 1e-06]
Presolve added 36 rows and 0 columns
Presolve removed 0 rows and 73 columns
Presolve time: 0.01s
Presolved: 525 rows, 398 columns, 1459 nonzeros
Presolved model has 50 SOS constraint(s)
Presolved model has 4 quadratic objective terms
Presolved model has 57 bilinear constraint(s)
Presolved model has 4 nonlinear constraint(s)
Warning: Model contains variables with very large bounds participating
         in nonlinear terms.
         Presolve was not able to compute smaller bounds for these variables.
         Consider bounding these variables or reformulating the model.


Solving non-convex MINLP

Variable types: 284 continuous, 114 integer (114 binary)

Root relaxation: objective 2.058065e-04, 417 iterations, 0.00 seconds (0.00 work units)

    Nodes    |    Current Node    |     Objective Bounds      |     Work
 Expl Unexpl |  Obj  Depth IntInf | Incumbent    BestBd   Gap | It/Node Time

     0     0    0.00021    0   44          -    0.00021      -     -    0s
     0     0    0.00021    0   74          -    0.00021      -     -    0s
     0     0    0.00021    0   90          -    0.00021      -     -    0s
     0     0    0.00021    0   93          -    0.00021      -     -    0s
     0     0    0.00021    0   91          -    0.00021      -     -    0s
     0     0    0.00021    0   96          -    0.00021      -     -    0s
     0     0    0.00021    0   95          -    0.00021      -     -    0s
     0     2    0.00021    0   95          -    0.00021      -     -    0s
 11167  4104    0.00021   70   44          -    0.00021      -  46.9    5s
 25742  9601 infeasible   64               -    0.00021      -  46.4   10s
 40753 14929    0.00021   63   54          -    0.00021      -  45.1   15s
 57647 21913 infeasible   76               -    0.00021      -  43.5   20s
 73241 28462    0.00604   52   42          -    0.00021      -  43.3   25s
 90582 35598    0.00021   73   34          -    0.00021      -  44.0   30s
 112065 42546    0.00481  103   44          -    0.00021      -  43.9   35s
H119707 28799                       0.0017173    0.00021  88.0%  43.7   36s
H121215 28760                       0.0017173    0.00021  88.0%  43.7   37s
H124080 27461                       0.0013993    0.00021  85.3%  43.8   38s
H125466 24664                       0.0011448    0.00021  82.0%  43.8   38s
H125811 24664                       0.0011448    0.00021  82.0%  43.9   38s
H126967 24606                       0.0011448    0.00021  82.0%  43.9   40s
H126968 24606                       0.0011448    0.00021  82.0%  43.9   40s
H126977 24606                       0.0011448    0.00021  82.0%  43.9   40s
H126985 24606                       0.0011448    0.00021  82.0%  43.9   40s
*127640 24668             120       0.0011224    0.00021  81.7%  44.0   40s
*127641 24668             120       0.0011224    0.00021  81.7%  44.0   40s
H130390 25234                       0.0011224    0.00021  81.7%  44.1   41s
H130828 23445                       0.0010213    0.00021  79.8%  44.1   41s
H133299 23950                       0.0010213    0.00021  79.8%  44.1   43s
H133300 22646                       0.0009515    0.00021  78.4%  44.1   43s
H133337 23062                       0.0009506    0.00021  78.3%  44.1   44s
H135784 23279                       0.0009498    0.00021  78.3%  44.2   44s
H136138 23279                       0.0009498    0.00021  78.3%  44.2   44s
 136887 23613     cutoff  101         0.00095    0.00021  78.3%  44.2   45s
H139022 23610                       0.0009498    0.00021  78.3%  44.2   46s
 147454 25039    0.00062   90   49    0.00095    0.00021  78.3%  44.3   50s
 156478 26639    0.00022   65   61    0.00095    0.00021  78.3%  44.1   55s
 170381 28976    0.00021   55   51    0.00095    0.00021  78.3%  43.5   60s
 178658 30569    0.00021   56   65    0.00095    0.00021  78.3%  43.2   65s
H184959 31632                       0.0009497    0.00021  78.3%  42.9   68s
 189414 32402    0.00021   71   52    0.00095    0.00021  78.3%  42.7   70s
H189427 32176                       0.0009383    0.00021  78.1%  42.7   70s
H189944 31889                       0.0009167    0.00021  77.5%  42.7   71s
H195235 32869                       0.0009167    0.00021  77.5%  42.5   73s
H195425 32675                       0.0009098    0.00021  77.4%  42.4   73s
H198598 33106                       0.0009055    0.00021  77.3%  42.3   74s
 201557 33483     cutoff   81         0.00091    0.00021  77.3%  42.2   76s
H204447 33913                       0.0009055    0.00021  77.3%  42.3   77s
H209812 34603                       0.0009055    0.00021  77.3%  42.1   79s
 209824 35196 infeasible   60         0.00091    0.00021  77.3%  42.1   80s
 221777 38392    0.00057   70   34    0.00091    0.00021  77.3%  41.4   85s
 232169 41932    0.00021   78   53    0.00091    0.00021  77.3%  40.9   90s
H234063 41993                       0.0009055    0.00021  77.3%  40.8   91s
 243682 44736    0.00045   65   31    0.00091    0.00021  77.3%  40.3   95s
H247159 45068                       0.0009055    0.00021  77.3%  40.1   96s
 255338 47252    0.00071   75   34    0.00091    0.00021  77.3%  39.8  100s
H258503 43920                       0.0008374    0.00021  75.4%  39.6  100s
H258506 43159                       0.0008363    0.00021  75.4%  39.6  100s
H258680 42862                       0.0008354    0.00021  75.4%  39.6  100s
H258702 42862                       0.0008354    0.00021  75.4%  39.6  100s
H258921 43131                       0.0008354    0.00021  75.4%  39.6  100s
H259287 43131                       0.0008354    0.00021  75.4%  39.6  100s
H259471 38150                       0.0008351    0.00021  75.4%  39.6  100s
H260766 38019                       0.0008350    0.00021  75.4%  39.5  102s
H260773 38005                       0.0008350    0.00021  75.4%  39.5  102s
 270750 40195     cutoff   62         0.00084    0.00021  75.4%  39.1  105s
 284666 43907    0.00021   65   44    0.00084    0.00021  75.4%  38.4  110s
H293274 45753                       0.0008350    0.00021  75.4%  37.9  113s
 299720 47608 infeasible   87         0.00084    0.00021  75.4%  37.6  115s
 313612 50491 infeasible   85         0.00084    0.00021  75.4%  37.0  120s
 329186 53078    0.00021   69   49    0.00084    0.00021  75.4%  36.3  125s
H346266 54579                       0.0008350    0.00021  75.4%  35.8  129s
 347268 54580     cutoff   56         0.00084    0.00021  75.4%  35.8  130s
 360125 56835    0.00021  114   45    0.00084    0.00021  75.4%  35.6  135s
 372352 60246    0.00046   76   42    0.00084    0.00021  75.4%  35.3  140s
 387158 64135    0.00021   70   50    0.00084    0.00021  75.4%  34.9  145s
 404015 67006    0.00080   73   59    0.00084    0.00021  75.4%  34.4  150s
 419868 69634    0.00022   77   53    0.00084    0.00021  75.4%  34.1  155s
 433427 70877    0.00083   63   46    0.00084    0.00021  75.4%  33.9  160s
 448230 72592    0.00066   71   37    0.00084    0.00021  75.4%  33.7  165s
 462572 74067     cutoff   33         0.00084    0.00021  75.4%  33.5  170s
 479739 76617 infeasible   67         0.00084    0.00021  75.4%  33.3  175s
 494323 78347 infeasible   70         0.00084    0.00021  75.4%  33.0  180s
 509826 80242    0.00040   58   53    0.00084    0.00021  75.4%  32.8  185s
 523078 82820    0.00027   79   49    0.00084    0.00021  75.4%  32.7  190s
 536042 84499     cutoff   70         0.00084    0.00021  75.4%  32.6  195s
 551085 86808    0.00021   75   57    0.00084    0.00021  75.4%  32.6  200s
 568191 89044 infeasible   65         0.00084    0.00021  75.4%  32.4  205s
 582496 91405     cutoff   77         0.00084    0.00021  75.4%  32.3  210s
H586573 85262                       0.0005973    0.00021  65.5%  32.2  211s
H591542 86087                       0.0005973    0.00021  65.5%  32.1  213s
 596013 86783    0.00021   85   64    0.00060    0.00021  65.5%  32.1  215s
H608066 86496                       0.0005669    0.00021  63.7%  31.9  219s
 609426 86790     cutoff   50         0.00057    0.00021  63.7%  31.9  220s
H618702 87336                       0.0005669    0.00021  63.7%  31.8  223s
H618724 87336                       0.0005669    0.00021  63.7%  31.8  223s
 620748 87851    0.00021   68   59    0.00057    0.00021  63.7%  31.8  225s
H623444 88265                       0.0005669    0.00021  63.7%  31.7  225s
H624648 89209                       0.0005669    0.00021  63.7%  31.7  226s
H627182 89410                       0.0005669    0.00021  63.7%  31.7  226s
H630185 90101                       0.0005625    0.00021  63.4%  31.7  228s
 631442 91305    0.00041   84   49    0.00056    0.00021  63.4%  31.7  230s
H643914 93928                       0.0005625    0.00021  63.4%  31.5  233s
H643915 93928                       0.0005625    0.00021  63.4%  31.5  233s
H643917 89936                       0.0004672    0.00021  56.0%  31.5  233s
H645578 90298                       0.0004672    0.00021  56.0%  31.5  234s
H645615 90298                       0.0004672    0.00021  55.9%  31.5  234s
 645819 90740    0.00042   79   54    0.00047    0.00021  55.9%  31.5  235s
 660075 91939    0.00021   69   52    0.00047    0.00021  55.9%  31.3  240s
H672493 87280                       0.0003838    0.00021  46.4%  31.3  244s
 674026 87497 infeasible   75         0.00038    0.00021  46.4%  31.3  245s
H674106 87496                       0.0003838    0.00021  46.4%  31.3  245s
 687383 87955     cutoff   85         0.00038    0.00021  46.4%  31.2  250s
 703726 92067    0.00021   62   55    0.00038    0.00021  46.4%  31.1  255s
 717416 94959    0.00021   85   48    0.00038    0.00021  46.4%  31.0  260s
H730697 97175                       0.0003838    0.00021  46.4%  30.9  264s
 732529 97409 infeasible   72         0.00038    0.00021  46.4%  30.9  265s
 747538 100203 infeasible   63         0.00038    0.00021  46.4%  30.7  270s
H759213 101777                       0.0003838    0.00021  46.4%  30.7  273s
H760961 102102                       0.0003838    0.00021  46.4%  30.6  274s
 761727 102309 infeasible   67         0.00038    0.00021  46.4%  30.6  275s
 776955 103904    0.00021   83   49    0.00038    0.00021  46.4%  30.5  280s
 791757 105532    0.00033   96   42    0.00038    0.00021  46.4%  30.4  285s
 806963 106597    0.00021   80   51    0.00038    0.00021  46.4%  30.3  290s
H814532 106845                       0.0003838    0.00021  46.4%  30.2  292s
 823753 107595    0.00030   99   32    0.00038    0.00021  46.4%  30.1  295s
 838391 108788     cutoff   92         0.00038    0.00021  46.4%  29.9  300s
 853697 109832 infeasible  100         0.00038    0.00021  46.4%  29.8  305s
 868331 111100    0.00021   72   47    0.00038    0.00021  46.4%  29.7  310s
H880530 111767                       0.0003838    0.00021  46.4%  29.6  313s
H882816 111823                       0.0003838    0.00021  46.4%  29.6  314s
 885500 112054 infeasible   95         0.00038    0.00021  46.4%  29.6  315s
 900988 113214    0.00021   84   41    0.00038    0.00021  46.4%  29.6  320s
 916002 113977    0.00022   74   48    0.00038    0.00021  46.4%  29.5  325s
 931404 115086 infeasible   82         0.00038    0.00021  46.4%  29.4  330s
 947022 116010    0.00024   81   42    0.00038    0.00021  46.4%  29.3  335s
 961605 119208     cutoff   76         0.00038    0.00021  46.4%  29.3  340s
H965674 118859                       0.0003755    0.00021  45.2%  29.3  341s
H967211 119250                       0.0003754    0.00021  45.2%  29.3  342s
H967565 119033                       0.0003734    0.00021  44.9%  29.3  342s
H970180 119655                       0.0003731    0.00021  44.8%  29.2  344s
*970885 118643             104       0.0003643    0.00021  43.5%  29.2  344s
*972552 117208             111       0.0003501    0.00021  41.2%  29.2  344s
 973296 117484    0.00021   79   48    0.00035    0.00021  41.2%  29.2  345s
H976486 117640                       0.0003501    0.00021  41.2%  29.2  346s
H976539 117629                       0.0003501    0.00021  41.2%  29.2  346s
H976540 117629                       0.0003500    0.00021  41.2%  29.2  346s
H979450 118528                       0.0003500    0.00021  41.2%  29.2  347s
 985287 119945    0.00021   79   53    0.00035    0.00021  41.2%  29.2  350s
 1000813 121331    0.00022   83   52    0.00035    0.00021  41.2%  29.1  355s
 1014676 123406     cutoff   95         0.00035    0.00021  41.2%  29.0  360s
H1020779 124170                       0.0003500    0.00021  41.2%  29.0  362s
 1032492 125912    0.00022   90   51    0.00035    0.00021  41.2%  28.9  365s
H1034543 125789                       0.0003468    0.00021  40.6%  28.9  366s
*1037251 126370             104       0.0003467    0.00021  40.6%  28.9  367s
*1037252 126343             104       0.0003465    0.00021  40.6%  28.9  367s
 1045580 127154    0.00021   87   46    0.00035    0.00021  40.6%  28.8  370s
H1045747 114943                       0.0002891    0.00021  28.8%  28.8  370s
H1045748 85373                       0.0002192    0.00021  6.13%  28.8  370s
H1047860 85532                       0.0002192    0.00021  6.13%  28.8  371s
H1049543 85661                       0.0002192    0.00021  6.13%  28.8  372s
H1050113 85661                       0.0002192    0.00021  6.13%  28.8  372s
H1055296 79621                       0.0002143    0.00021  3.98%  28.8  374s
 1055360 79701    0.00021   72   51    0.00021    0.00021  3.98%  28.8  375s
H1065019 80274                       0.0002143    0.00021  3.98%  28.7  377s
 1070333 80486 infeasible   82         0.00021    0.00021  3.98%  28.7  380s
H1070354 80486                       0.0002143    0.00021  3.98%  28.7  380s
 1089516 81288     cutoff   94         0.00021    0.00021  3.98%  28.6  385s
H1091366 51955                       0.0002067    0.00021  0.43%  28.6  386s
H1091373 36764                       0.0002058    0.00021  0.01%  28.6  386s

Cutting planes:
  Gomory: 3
  Cover: 13
  Implied bound: 23
  Clique: 5
  MIR: 26
  Flow cover: 63
  RLT: 24
  Relax-and-lift: 19

Explored 1091379 nodes (31217095 simplex iterations) in 386.43 seconds (189.10 work units)
Thread count was 12 (of 12 available processors)

Solution count 10: 0.00020582 0.000206704 0.000214346 ... 0.000350035

Optimal solution found (tolerance 1.00e-04)
Best objective 2.058197762788e-04, best bound 2.058065039990e-04, gap 0.0064%
