
Gurobi 11.0.2 (win64) logging started Thu Oct  3 03:09:32 2024

Set parameter LogFile to value ".\Experiments\Track_k_e_2_reruns\Logs\Track_k_e_2_reruns_r4_c7.log"
Set parameter TimeLimit to value 3600
Gurobi Optimizer version 11.0.2 build v11.0.2rc0 (win64 - Windows 10.0 (19045.2))

CPU model: Intel(R) Core(TM) i7-10750H CPU @ 2.60GHz, instruction set [SSE2|AVX|AVX2]
Thread count: 6 physical cores, 12 logical processors, using up to 12 threads

Optimize a model with 248 rows, 462 columns and 920 nonzeros
Model fingerprint: 0xe8e38532
Model has 6 quadratic objective terms
Model has 68 quadratic constraints
Model has 116 general constraints
Variable types: 458 continuous, 4 integer (4 binary)
Coefficient statistics:
  Matrix range     [9e-06, 1e+02]
  QMatrix range    [1e+00, 1e+00]
  QLMatrix range   [1e+00, 1e+00]
  Objective range  [1e-02, 2e-01]
  QObjective range [2e+00, 2e+00]
  Bounds range     [8e-05, 3e+00]
  RHS range        [8e-05, 1e+02]
  QRHS range       [1e-06, 1e-06]
Presolve removed 28 rows and 9 columns
Presolve time: 0.00s
Presolved: 461 rows, 462 columns, 1267 nonzeros
Presolved model has 178 SOS constraint(s)
Presolved model has 4 quadratic objective terms
Presolved model has 57 bilinear constraint(s)
Presolved model has 4 nonlinear constraint(s)
Warning: Model contains variables with very large bounds participating
         in nonlinear terms.
         Presolve was not able to compute smaller bounds for these variables.
         Consider bounding these variables or reformulating the model.


Solving non-convex MINLP

Variable types: 284 continuous, 178 integer (178 binary)

Root relaxation: objective 2.058065e-04, 457 iterations, 0.00 seconds (0.00 work units)

    Nodes    |    Current Node    |     Objective Bounds      |     Work
 Expl Unexpl |  Obj  Depth IntInf | Incumbent    BestBd   Gap | It/Node Time

     0     0    0.00021    0   98          -    0.00021      -     -    0s
     0     0    0.00021    0  114          -    0.00021      -     -    0s
     0     0    0.00021    0  114          -    0.00021      -     -    0s
     0     0    0.00021    0  114          -    0.00021      -     -    0s
     0     0    0.00021    0  116          -    0.00021      -     -    0s
     0     2    0.00021    0  116          -    0.00021      -     -    0s
 42584 14242    0.67738 1382   26          -    0.00021      -   5.8    5s
 107923 22712    0.67738 4290   26          -    0.00021      -   6.0   10s
 170498 36777 infeasible  243               -    0.00021      -   9.5   15s
 236686 53799    1.72269  218   21          -    0.00021      -  10.2   20s
 308474 70756 infeasible  153               -    0.00021      -   9.9   25s
 385450 81335    6.55989  170   20          -    0.00021      -  10.0   30s
 462482 93258 infeasible  185               -    0.00021      -  10.2   35s
 535719 106469 infeasible  162               -    0.00021      -  10.9   40s
 606586 121167   16.20002  185   17          -    0.00021      -  10.9   45s
 684006 134383    0.00021  153   33          -    0.00021      -  10.9   50s
 761596 143724    0.00084  148   25          -    0.00021      -  10.8   55s
 840561 154893 infeasible  192               -    0.00021      -  10.7   60s
 917169 163371    0.00021  160   31          -    0.00021      -  10.7   65s
 1002579 179526    0.00155  170   28          -    0.00021      -  10.4   70s
 1081980 197070    0.00021  135   29          -    0.00021      -  10.2   75s
 1163032 216870    0.00085  157   25          -    0.00021      -  10.0   80s
 1245896 238827    0.00021  159   32          -    0.00021      -   9.9   85s
 1327555 258713    0.00021  140   31          -    0.00021      -   9.7   90s
 1406426 273846 infeasible  158               -    0.00021      -   9.7   95s
 1492963 296706 infeasible  152               -    0.00021      -   9.5  100s
 1574757 316678 infeasible  157               -    0.00021      -   9.3  105s
 1654636 342167    0.00440  166   28          -    0.00021      -   9.2  110s
 1733335 367295 infeasible  156               -    0.00021      -   9.2  115s
 1812223 389142    0.00305  172   26          -    0.00021      -   9.2  120s
 1900384 413026 infeasible  173               -    0.00021      -   9.1  125s
 1981230 434705    0.00021  180   28          -    0.00021      -   9.0  130s
 2060290 456791    0.00021  153   33          -    0.00021      -   8.9  135s
 2142216 478785    0.00021  164   29          -    0.00021      -   8.9  140s
 2222316 502398 infeasible  198               -    0.00021      -   8.8  145s
 2302879 523210    0.00021  190   24          -    0.00021      -   8.8  150s
 2380634 547373    0.00326  191   30          -    0.00021      -   8.8  155s
 2460033 571465 infeasible  158               -    0.00021      -   8.7  160s
 2533570 595926    0.00021  159   34          -    0.00021      -   8.6  165s
 2617880 619612    0.00021  162   26          -    0.00021      -   8.6  170s
 2690744 641683    0.01074  175   27          -    0.00021      -   8.6  175s
 2774488 666927    0.00021  155   29          -    0.00021      -   8.6  180s
 2852674 686567    0.00021  164   34          -    0.00021      -   8.6  185s
 2940344 709479    0.00021  174   26          -    0.00021      -   8.6  190s
 3019248 731274    0.00021  165   29          -    0.00021      -   8.6  195s
 3101143 754089    0.00021  168   30          -    0.00021      -   8.6  200s
 3175667 778451 infeasible  167               -    0.00021      -   8.6  205s
 3258917 803012    0.00021  139   32          -    0.00021      -   8.6  210s
 3335534 825642    0.00021  205   34          -    0.00021      -   8.6  215s
 3405845 845744 infeasible  141               -    0.00021      -   8.6  220s
 3478134 864224    0.00085  179   21          -    0.00021      -   8.7  225s
 3548175 887954    0.00021  180   37          -    0.00021      -   8.9  230s
 3626953 901423    0.00021  163   30          -    0.00021      -   8.8  235s
 3706857 911477    0.00084  173   24          -    0.00021      -   8.8  240s
 3783567 931112    0.00021  165   27          -    0.00021      -   8.7  245s
 3868114 957262 infeasible  205               -    0.00021      -   8.7  250s
 3949128 979704    0.00021  153   34          -    0.00021      -   8.6  255s
 4026126 1001771    0.00021  159   29          -    0.00021      -   8.6  260s
 4103749 1023161    0.00021  170   29          -    0.00021      -   8.6  265s
 4182711 1044695    0.00021  160   27          -    0.00021      -   8.5  270s
 4261784 1065231 infeasible  184               -    0.00021      -   8.5  275s
 4341466 1089131    0.00021  176   29          -    0.00021      -   8.5  280s
 4411578 1110771    0.00084  163   28          -    0.00021      -   8.5  285s
 4492349 1135952 infeasible  184               -    0.00021      -   8.5  290s
 4570355 1157114 infeasible  206               -    0.00021      -   8.5  295s
 4649574 1178062 infeasible  207               -    0.00021      -   8.5  300s
 4728609 1200969 infeasible  173               -    0.00021      -   8.4  305s
 4805593 1223996 infeasible  167               -    0.00021      -   8.4  310s
 4885421 1245829    0.00021  141   30          -    0.00021      -   8.4  315s
 4966181 1271184    0.00084  161   26          -    0.00021      -   8.4  320s
 5046213 1293313    0.00202  155   27          -    0.00021      -   8.3  325s
 5121875 1314442 infeasible  138               -    0.00021      -   8.3  330s
 5195493 1335899    0.00084  153   32          -    0.00021      -   8.3  335s
 5270924 1352612    0.00084   81   29          -    0.00021      -   8.3  340s
 5340715 1366036 infeasible  156               -    0.00021      -   8.2  345s
 5420181 1382682 infeasible  166               -    0.00021      -   8.2  350s
 5503292 1396294 infeasible  166               -    0.00021      -   8.2  355s
 5582916 1418545    0.00021  170   27          -    0.00021      -   8.2  360s
 5661403 1442077 infeasible  162               -    0.00021      -   8.1  365s
 5748207 1454232 infeasible  186               -    0.00021      -   8.0  370s
 5836843 1463116    0.00021 2738   27          -    0.00021      -   8.0  375s
 5921976 1472170    0.00021 3583   38          -    0.00021      -   7.9  380s
 5996937 1484510 infeasible  281               -    0.00021      -   7.8  385s
 6055092 1494638    0.00021  179   34          -    0.00021      -   7.8  390s
 6132512 1512785    0.00021  190   29          -    0.00021      -   7.8  395s
 6214775 1530683    0.00021   97   35          -    0.00021      -   7.7  400s
 6303491 1540961    0.00021  186   30          -    0.00021      -   7.6  405s
 6387039 1555118    0.00021  170   34          -    0.00021      -   7.6  410s
 6468349 1577983    1.72269  136   17          -    0.00021      -   7.6  415s
 6544240 1598078    0.00084  155   26          -    0.00021      -   7.5  420s
 6617475 1621388    0.00209  184   26          -    0.00021      -   7.5  425s
 6689664 1642968 infeasible  182               -    0.00021      -   7.5  430s
 6766067 1665545    0.00256  166   29          -    0.00021      -   7.5  435s
 6849619 1687000 infeasible  184               -    0.00021      -   7.5  440s
 6929439 1710682 infeasible  165               -    0.00021      -   7.5  445s
 7010357 1734653    0.00043  155   32          -    0.00021      -   7.5  450s
 7093309 1757393    0.00087  161   25          -    0.00021      -   7.4  455s
 7174587 1784345    0.00021  159   33          -    0.00021      -   7.5  460s
 7255443 1812646 infeasible  167               -    0.00021      -   7.4  465s
 7338065 1840791    0.00021  158   25          -    0.00021      -   7.4  470s
 7416736 1868111    0.00021  178   26          -    0.00021      -   7.4  475s
 7485173 1895817 infeasible  135               -    0.00021      -   7.4  480s
 7551564 1919739 infeasible  188               -    0.00021      -   7.5  485s
 7623211 1932277 infeasible  107               -    0.00021      -   7.5  490s
 7694639 1948898 infeasible  165               -    0.00021      -   7.5  495s
 7766884 1966217    0.00055  206   24          -    0.00021      -   7.5  500s
 7838109 1986504    0.00084  203   12          -    0.00021      -   7.5  505s
 7905190 2007982 infeasible  169               -    0.00021      -   7.5  510s
 7972515 2026789    0.00021  168   24          -    0.00021      -   7.5  515s
 8043700 2045446    0.00021  202   31          -    0.00021      -   7.5  520s
 8109341 2061570    0.01050  214   31          -    0.00021      -   7.5  525s
 8182757 2076735    0.00084  183   18          -    0.00021      -   7.5  530s
 8242193 2097920 infeasible  171               -    0.00021      -   7.7  535s
 8297994 2119769    0.00085  211   29          -    0.00021      -   7.8  540s
 8355780 2142304    0.00084  141   35          -    0.00021      -   7.9  545s
 8415254 2164271    0.00085  229   29          -    0.00021      -   8.1  550s
 8472888 2184312    0.00021  135   34          -    0.00021      -   8.1  555s
 8543503 2198037 infeasible  199               -    0.00021      -   8.2  560s
 8610072 2222282    1.72207  236   17          -    0.00021      -   8.2  565s
 8666584 2253609    1.72207  188   20          -    0.00021      -   8.2  570s
 8729266 2286301    1.98548  261   15          -    0.00021      -   8.2  575s
 8797896 2315352    0.00021  156   33          -    0.00021      -   8.2  580s
 8876574 2336221    0.00021  156   29          -    0.00021      -   8.2  585s
 8948518 2357730    0.00021  156   25          -    0.00021      -   8.2  590s
 9029017 2376756    0.00021  177   29          -    0.00021      -   8.1  595s
 9104129 2398246    0.00084  203   13          -    0.00021      -   8.1  600s
 9181792 2420256    0.00021  156   30          -    0.00021      -   8.1  605s
 9260240 2441928 infeasible  161               -    0.00021      -   8.1  610s
 9335198 2463772 infeasible  195               -    0.00021      -   8.1  615s
 9406855 2480982 infeasible  144               -    0.00021      -   8.1  620s
 9484525 2502025 infeasible  169               -    0.00021      -   8.1  625s
 9558923 2519978    0.00085  194   29          -    0.00021      -   8.1  630s
 9632728 2535921    1.66767  177   28          -    0.00021      -   8.1  635s
 9700607 2554557    0.00021  108   36          -    0.00021      -   8.1  640s
 9765555 2567462    0.00021  623   34          -    0.00021      -   8.1  645s
 9827995 2575279 infeasible 2980               -    0.00021      -   8.1  650s
 9895091 2580964    0.00021  123   35          -    0.00021      -   8.1  655s
 9963421 2589905    0.00021  145   34          -    0.00021      -   8.1  660s
 10034844 2613473    0.00084  206   13          -    0.00021      -   8.1  665s
 10115463 2635155 infeasible  175               -    0.00021      -   8.0  670s
 10193772 2653745    0.00021  186   25          -    0.00021      -   8.0  675s
 10262747 2673719 infeasible  160               -    0.00021      -   8.0  680s
 10336885 2694037    0.00021  190   27          -    0.00021      -   8.0  685s
 10410215 2715647    0.00021  178   34          -    0.00021      -   8.0  690s
 10480868 2736755    0.00021  147   32          -    0.00021      -   8.0  695s
 10555637 2758556    0.00021  183   26          -    0.00021      -   8.0  700s
 10628409 2778147   10.40059  199   20          -    0.00021      -   8.0  705s
 10705389 2802830    0.00084  148   26          -    0.00021      -   8.0  710s
 10774065 2823132    0.00021  169   37          -    0.00021      -   8.0  715s
 10855872 2844429    0.00305  171   29          -    0.00021      -   8.0  720s
 10934299 2865961    0.00097 1344   24          -    0.00021      -   8.0  725s
 11003787 2887149    0.00097 4219   27          -    0.00021      -   8.0  730s
 11070567 2905265    0.00021  154   35          -    0.00021      -   8.1  735s
 11139283 2922450    0.00021  172   32          -    0.00021      -   8.1  740s
 11216301 2944585    0.00155  169   31          -    0.00021      -   8.1  745s
 11294227 2965835 infeasible  202               -    0.00021      -   8.1  750s
 11370342 2984939    0.08736  213   25          -    0.00021      -   8.1  755s
 11444366 3001498 infeasible  212               -    0.00021      -   8.1  760s
 11518279 3014908    0.00021  199   26          -    0.00021      -   8.1  765s
 11590464 3026811    0.00030  180   26          -    0.00021      -   8.2  770s
 11660711 3038947    0.00021  217   24          -    0.00021      -   8.2  775s
 11727862 3051713 infeasible  211               -    0.00021      -   8.2  780s
 11801136 3069332    0.07990  206   15          -    0.00021      -   8.2  785s
 11876866 3084583    0.00084  165   25          -    0.00021      -   8.2  790s
 11950211 3101033    0.00021  176   30          -    0.00021      -   8.2  795s
 12017306 3117895    0.00021  180   24          -    0.00021      -   8.2  800s
 12050363 3128366    0.00021  199   22          -    0.00021      -   8.2  805s
 12102483 3146392    0.00262  135   27          -    0.00021      -   8.2  810s
 12134585 3156095    0.00250  125   30          -    0.00021      -   8.2  815s
 12162261 3164281 infeasible  131               -    0.00021      -   8.2  821s
 12177940 3168435 infeasible  129               -    0.00021      -   8.2  825s
 12207365 3176468    0.00262  156   21          -    0.00021      -   8.3  830s
 12243338 3185750    0.00909  151   36          -    0.00021      -   8.3  835s
 12271355 3195143    0.00021  125   38          -    0.00021      -   8.3  840s
 12298347 3204190    1.77099  150   25          -    0.00021      -   8.3  845s
 12342281 3216155 infeasible  160               -    0.00021      -   8.3  850s
 12388589 3229024    0.00262  163   29          -    0.00021      -   8.3  855s
 12458284 3248853    0.00310  157   26          -    0.00021      -   8.4  860s
 12502819 3261153    0.00373  219   17          -    0.00021      -   8.4  866s
 12541158 3273587    0.00262  622   31          -    0.00021      -   8.4  870s
 12589258 3287166    0.00021  147   36          -    0.00021      -   8.4  875s
 12645556 3305130 infeasible  207               -    0.00021      -   8.4  880s
 12712860 3320119    0.00021  143   38          -    0.00021      -   8.4  885s
 12793642 3332975    0.00021  185   23          -    0.00021      -   8.4  890s
 12840995 3343897    0.00021  116   34          -    0.00021      -   8.4  895s
 12909095 3362525    0.01237  182   23          -    0.00021      -   8.4  900s
 12979467 3380444    0.00021  189   30          -    0.00021      -   8.5  905s
 13049682 3397062 infeasible  201               -    0.00021      -   8.5  910s
 13122208 3413079 infeasible  199               -    0.00021      -   8.5  915s
 13191190 3430040 infeasible  240               -    0.00021      -   8.6  920s
 13266419 3443398    0.00021  171   37          -    0.00021      -   8.6  925s
 13339650 3460322    0.00085  184   21          -    0.00021      -   8.6  930s
 13413866 3475088    0.00021  160   29          -    0.00021      -   8.6  935s
 13486916 3487991 infeasible  181               -    0.00021      -   8.6  940s
 13550279 3503217 infeasible  164               -    0.00021      -   8.6  945s
 13614634 3517846    0.00030  199   29          -    0.00021      -   8.6  950s
 13677982 3532830    0.00021  189   27          -    0.00021      -   8.6  955s
 13745242 3543221 infeasible  232               -    0.00021      -   8.6  960s
 13814564 3556966    0.00021  251   17          -    0.00021      -   8.7  965s
 13882807 3572415    0.00021  241   17          -    0.00021      -   8.7  970s
 13952601 3587339    0.00021  263   27          -    0.00021      -   8.7  975s
 14023537 3600591 infeasible  176               -    0.00021      -   8.7  980s
 14090025 3615959    0.00021  163   17          -    0.00021      -   8.7  985s
 14155709 3632256 infeasible  197               -    0.00021      -   8.8  990s
 14220900 3648394    0.00084  168   32          -    0.00021      -   8.9  995s
 14292495 3664560 infeasible  212               -    0.00021      -   8.9 1000s
 14364352 3680588    0.00084  167   30          -    0.00021      -   9.0 1005s
 14427928 3698494    0.00021  134   33          -    0.00021      -   9.0 1010s
 14498502 3715858    1.38771  179   32          -    0.00021      -   9.1 1015s
 14569292 3734085    0.00084  146   24          -    0.00021      -   9.1 1020s
 14640310 3756182 infeasible  221               -    0.00021      -   9.1 1025s
 14708363 3771742 infeasible  222               -    0.00021      -   9.2 1030s
 14777760 3788024 infeasible  177               -    0.00021      -   9.2 1035s
 14842545 3805725    0.00021  143   37          -    0.00021      -   9.3 1040s
 14907333 3825164 infeasible  193               -    0.00021      -   9.3 1045s
 14982747 3843855    0.00084  161   29          -    0.00021      -   9.4 1050s
 15045909 3860841    0.00084  168   33          -    0.00021      -   9.4 1055s
 15107638 3878988 infeasible  162               -    0.00021      -   9.5 1060s
 15175641 3897439 infeasible  176               -    0.00021      -   9.6 1065s
 15246709 3917102 infeasible  150               -    0.00021      -   9.6 1070s
 15328512 3940709    0.00021  160   27          -    0.00021      -   9.6 1075s
 15410147 3962618 infeasible  159               -    0.00021      -   9.6 1080s
 15491921 3984262    0.00021  225   28          -    0.00021      -   9.5 1085s
 15570938 4005431    0.00021  179   26          -    0.00021      -   9.5 1090s
 15654782 4027584    0.01074  218   26          -    0.00021      -   9.5 1095s
 15736495 4048951 infeasible  213               -    0.00021      -   9.5 1100s
 15814299 4070176    0.00021  208   27          -    0.00021      -   9.5 1105s
 15893752 4092013    0.00021  182   23          -    0.00021      -   9.5 1110s
 15975974 4113966    0.00021  177   33          -    0.00021      -   9.4 1115s
 16058015 4135695    0.00021  195   31          -    0.00021      -   9.4 1120s
 16140096 4156780    0.00021  208   21          -    0.00021      -   9.4 1125s
 16223806 4177668    0.00082  208   22          -    0.00021      -   9.4 1130s
 16305833 4198614    0.00021  196   34          -    0.00021      -   9.4 1135s
 16386801 4219969 infeasible  215               -    0.00021      -   9.3 1140s
 16469338 4242036    0.00021  180   26          -    0.00021      -   9.3 1145s
 16548217 4264141    0.00021  171   26          -    0.00021      -   9.3 1150s
 16627228 4286477    0.00256  185   22          -    0.00021      -   9.3 1155s
 16705929 4307763 infeasible  195               -    0.00021      -   9.3 1160s
 16787247 4329754    0.00440  204   23          -    0.00021      -   9.3 1165s
 16864281 4351578    0.00021  178   20          -    0.00021      -   9.3 1170s
 16946117 4374068 infeasible  183               -    0.00021      -   9.3 1175s
 17025414 4396470    0.00021  167   28          -    0.00021      -   9.3 1180s
 17104192 4419132    0.00416  185   35          -    0.00021      -   9.2 1185s
 17184755 4442476    0.00021  156   32          -    0.00021      -   9.2 1190s
 17265215 4463279 infeasible  199               -    0.00021      -   9.2 1195s
 17342059 4488586 infeasible  177               -    0.00021      -   9.2 1200s
 17419824 4510637    0.00021  176   23          -    0.00021      -   9.2 1205s
 17500226 4534212    0.00021  170   25          -    0.00021      -   9.2 1210s
 17581847 4557631 infeasible  166               -    0.00021      -   9.2 1215s
 17659207 4579520 infeasible  191               -    0.00021      -   9.2 1220s
 17738247 4603605 infeasible  213               -    0.00021      -   9.2 1225s
 17811182 4622798    0.01189  172   20          -    0.00021      -   9.2 1230s
 17888688 4641211    0.00021  182   28          -    0.00021      -   9.2 1235s
 17969274 4658445    0.00021  157   32          -    0.00021      -   9.2 1240s
 18047119 4681724 infeasible  166               -    0.00021      -   9.2 1245s
 18127294 4702624    0.00021  151   33          -    0.00021      -   9.1 1250s
 18205880 4723249    0.00021  171   30          -    0.00021      -   9.1 1255s
 18284474 4742498    0.00021  140   37          -    0.00021      -   9.1 1260s
 18352483 4757330    0.00084  167   35          -    0.00021      -   9.2 1265s
 18420686 4771479 infeasible  183               -    0.00021      -   9.2 1270s
 18490422 4788293    0.00084  156   38          -    0.00021      -   9.2 1275s
 18559655 4807012    0.00084  164   32          -    0.00021      -   9.2 1280s
 18624619 4824738    0.00084  155   39          -    0.00021      -   9.3 1285s
 18689245 4842517    0.00084  218   28          -    0.00021      -   9.3 1290s
 18757032 4860956 infeasible  168               -    0.00021      -   9.4 1295s
 18824557 4877119 infeasible  181               -    0.00021      -   9.4 1300s
 18891242 4894594    0.00021  190   36          -    0.00021      -   9.4 1305s
 18956151 4910274    0.00021  175   32          -    0.00021      -   9.5 1310s
 19030747 4924721 infeasible  164               -    0.00021      -   9.5 1315s
 19096452 4940870    0.00551  180   17          -    0.00021      -   9.5 1320s
 19168606 4957171    2.71343  184   26          -    0.00021      -   9.5 1325s
 19241876 4974455    0.00030  168   16          -    0.00021      -   9.5 1330s
 19308498 4991808    0.00021  175   20          -    0.00021      -   9.5 1335s
 19373364 5009609    0.05238  213   14          -    0.00021      -   9.6 1340s
 19440506 5027352 infeasible  193               -    0.00021      -   9.6 1345s
 19515370 5044917    0.00021  197   31          -    0.00021      -   9.6 1350s
 19597020 5060661    0.00021  179   31          -    0.00021      -   9.6 1355s
 19671880 5078358 infeasible  194               -    0.00021      -   9.6 1360s
 19741330 5099741    0.00084  186   17          -    0.00021      -   9.6 1365s
 19810274 5120549    0.00084  175   30          -    0.00021      -   9.7 1370s
 19883771 5140667    0.03499  170   11          -    0.00021      -   9.7 1375s
 19953433 5162585    0.00021  223   19          -    0.00021      -   9.7 1380s
 20025272 5183572    0.00021  223   19          -    0.00021      -   9.7 1385s
 20099865 5202930    0.00084  162   37          -    0.00021      -   9.7 1390s
 20172921 5220672    0.00084  171   33          -    0.00021      -   9.7 1395s
 20243712 5239490 infeasible  151               -    0.00021      -   9.8 1400s
 20315217 5258944    0.00021  166   25          -    0.00021      -   9.8 1405s
 20387044 5276618    0.00084  173   36          -    0.00021      -   9.8 1410s
 20457783 5292516 infeasible  167               -    0.00021      -   9.8 1415s
 20522696 5307859 infeasible  155               -    0.00021      -   9.8 1420s
 20593513 5323603 infeasible  152               -    0.00021      -   9.9 1425s
 20664811 5341033 infeasible  159               -    0.00021      -   9.9 1430s
 20730565 5357544    0.00573  157   30          -    0.00021      -   9.9 1435s
 20801136 5376861    0.01197  158   26          -    0.00021      -   9.9 1440s
 20869974 5394271    0.00573  158   32          -    0.00021      -  10.0 1445s
 20937869 5415030    0.00573  143   34          -    0.00021      -  10.0 1450s
 21007844 5434421    1.33440  178   25          -    0.00021      -  10.0 1455s
 21076026 5450546 infeasible  144               -    0.00021      -  10.1 1460s
 21168148 5462469 infeasible  205               -    0.00021      -  10.1 1465s
 21234903 5480382 infeasible  156               -    0.00021      -  10.1 1470s
 21301697 5497375    0.00084  180   36          -    0.00021      -  10.1 1475s
 21372438 5513139 infeasible  178               -    0.00021      -  10.2 1480s
 21444594 5529122    0.00084  130   30          -    0.00021      -  10.2 1485s
 21520720 5543931    0.00021  143   36          -    0.00021      -  10.2 1490s
 21591130 5562688    0.00021  171   28          -    0.00021      -  10.2 1495s
 21667506 5580160 infeasible  159               -    0.00021      -  10.2 1500s
 21736416 5598681 infeasible  147               -    0.00021      -  10.2 1505s
 21803858 5613963    1.41331  213   28          -    0.00021      -  10.2 1510s
 21871847 5628762 infeasible  218               -    0.00021      -  10.2 1515s
 21939832 5647286    0.00021  188   29          -    0.00021      -  10.3 1520s
 22018503 5666987 infeasible  181               -    0.00021      -  10.2 1525s
 22094528 5685153    0.31412  205   24          -    0.00021      -  10.2 1530s
 22170707 5703757    0.00021  207   30          -    0.00021      -  10.2 1535s
 22238656 5726351    0.00084  155   23          -    0.00021      -  10.2 1540s
 22303676 5751439 infeasible  149               -    0.00021      -  10.2 1545s
 22372705 5768941    0.04358  213   17          -    0.00021      -  10.2 1550s
 22439383 5789459 infeasible  148               -    0.00021      -  10.2 1555s
 22502163 5809525 infeasible  153               -    0.00021      -  10.2 1560s
 22569451 5826831 infeasible  175               -    0.00021      -  10.2 1565s
 22638063 5844797    0.00021  128   31          -    0.00021      -  10.2 1570s
 22717997 5858305    0.00021  128   36          -    0.00021      -  10.2 1575s
 22808548 5866325 infeasible  162               -    0.00021      -  10.2 1580s
 22880731 5885246 infeasible  178               -    0.00021      -  10.2 1585s
 22950710 5903141    0.00021  131   27          -    0.00021      -  10.2 1590s
 23019537 5922575    0.00021  142   35          -    0.00021      -  10.2 1595s
 23087228 5939826    0.00084  169   30          -    0.00021      -  10.2 1600s
 23158696 5959657    0.00084  147   30          -    0.00021      -  10.2 1605s
 23229784 5979914    0.00503  158   28          -    0.00021      -  10.2 1610s
 23309731 6003099 infeasible  182               -    0.00021      -  10.2 1615s
 23384465 6022566    0.00512  195   13          -    0.00021      -  10.2 1620s
 23450915 6041604    0.00084  160   30          -    0.00021      -  10.2 1625s
 23513650 6059128    0.00021  148   37          -    0.00021      -  10.2 1630s
 23580460 6075675    0.00021  131   23          -    0.00021      -  10.2 1635s
 23651573 6095692 infeasible  168               -    0.00021      -  10.3 1640s
 23721627 6115158 infeasible  173               -    0.00021      -  10.3 1645s
 23788947 6133962    0.00021  147   36          -    0.00021      -  10.3 1650s
 23852997 6152174    0.00021  166   32          -    0.00021      -  10.3 1655s
 23913188 6170533    0.00084  195   20          -    0.00021      -  10.3 1660s
 23983291 6187594 infeasible  190               -    0.00021      -  10.3 1665s
 24054321 6204285 infeasible  147               -    0.00021      -  10.3 1670s
 24125324 6222647    0.00021  136   27          -    0.00021      -  10.3 1675s
 24196031 6238713 infeasible  151               -    0.00021      -  10.3 1680s
 24264982 6251024    0.00021  119   42          -    0.00021      -  10.3 1685s
 24327242 6267104 infeasible  184               -    0.00021      -  10.4 1690s
 24386892 6283245    0.00021  189   30          -    0.00021      -  10.4 1695s
 24455288 6298983 infeasible  180               -    0.00021      -  10.4 1700s
 24529135 6314406 infeasible  144               -    0.00021      -  10.4 1705s
 24603646 6338618    0.00512  189   22          -    0.00021      -  10.4 1710s
 24674319 6355374 infeasible  196               -    0.00021      -  10.4 1715s
 24753357 6368268    0.01174  160   27          -    0.00021      -  10.4 1720s
 24827950 6381116    0.00573  165   31          -    0.00021      -  10.4 1725s
 24900233 6397532    0.00021  166   34          -    0.00021      -  10.4 1730s
 24970990 6413797    0.00084  203   23          -    0.00021      -  10.4 1735s
 25041806 6427677 infeasible  157               -    0.00021      -  10.4 1740s
 25114105 6442061 infeasible  127               -    0.00021      -  10.5 1745s
 25190040 6459262 infeasible  156               -    0.00021      -  10.4 1750s
 25268180 6477936    0.00084  167   22          -    0.00021      -  10.4 1755s
 25329718 6495663    0.15886  241   17          -    0.00021      -  10.4 1760s
 25391480 6513099    0.00145  187   30          -    0.00021      -  10.4 1765s
 25455005 6529359    0.00084  197   25          -    0.00021      -  10.5 1770s
 25523361 6543681 infeasible  195               -    0.00021      -  10.5 1775s
 25599173 6558027    0.00021  147   30          -    0.00021      -  10.5 1780s
 25684571 6566550 infeasible  200               -    0.00021      -  10.4 1785s
 25752537 6583993    0.00021  164   32          -    0.00021      -  10.4 1790s
 25819654 6604113    0.00021  115   36          -    0.00021      -  10.4 1795s
 25891489 6627609   14.14942  189   16          -    0.00021      -  10.4 1800s
 25974677 6643243    0.00084  161   19          -    0.00021      -  10.4 1805s
 26048960 6663654 infeasible  189               -    0.00021      -  10.4 1810s
 26119693 6684507    0.00084  117   30          -    0.00021      -  10.4 1815s
 26198411 6699108 infeasible  147               -    0.00021      -  10.4 1820s
 26279113 6711313    1.72208  198   30          -    0.00021      -  10.3 1825s
 26350932 6728672    0.00021  162   26          -    0.00021      -  10.3 1830s
 26422830 6748959 infeasible  139               -    0.00021      -  10.3 1835s
 26502216 6763728 infeasible  203               -    0.00021      -  10.3 1840s
 26562855 6776083 infeasible  140               -    0.00021      -  10.3 1845s
 26613979 6787959 infeasible  131               -    0.00021      -  10.3 1850s
 26660073 6799479 infeasible  138               -    0.00021      -  10.3 1855s
 26674623 6802546 infeasible  185               -    0.00021      -  10.3 1860s
 26687372 6805556    0.01197  197   23          -    0.00021      -  10.3 1865s
 26713451 6810693 infeasible  177               -    0.00021      -  10.3 1870s
 26743251 6817083    0.00449  165   27          -    0.00021      -  10.3 1876s
 26766240 6821931    0.00021  165   31          -    0.00021      -  10.3 1880s
 26807247 6831044 infeasible  206               -    0.00021      -  10.3 1885s
 26846390 6840324 infeasible  168               -    0.00021      -  10.3 1891s
 26898510 6857092    0.00021  204   26          -    0.00021      -  10.3 1895s
 26966693 6874595    2.46772  165   34          -    0.00021      -  10.3 1900s
 27033566 6894634    0.00381  178   26          -    0.00021      -  10.3 1905s
 27088772 6913095 infeasible  215               -    0.00021      -  10.4 1910s
 27145399 6936796    0.01189  216   20          -    0.00021      -  10.4 1915s
 27204523 6962903 infeasible  219               -    0.00021      -  10.5 1920s
 27262031 6985811 infeasible  209               -    0.00021      -  10.5 1925s
 27320141 7008175    0.00084  155   18          -    0.00021      -  10.5 1930s
 27383171 7028157    1.54827  173   18          -    0.00021      -  10.6 1935s
 27447016 7046810 infeasible  301               -    0.00021      -  10.6 1940s
 27516403 7065175 infeasible  166               -    0.00021      -  10.7 1945s
 27587182 7083860 infeasible  136               -    0.00021      -  10.7 1950s
 27668391 7103880    0.00021  165   28          -    0.00021      -  10.7 1955s
 27743974 7123073    0.55212  298   20          -    0.00021      -  10.7 1960s
 27807031 7154541    0.15054  277   19          -    0.00021      -  10.7 1965s
 27872412 7183921    0.00440  263   20          -    0.00021      -  10.7 1970s
 27934960 7214851    0.00084  211   26          -    0.00021      -  10.7 1975s
 27996881 7247064    0.00021  178   34          -    0.00021      -  10.7 1980s
 28062234 7279908    0.00440  223   19          -    0.00021      -  10.7 1985s
 28125605 7311007    0.00440  227   19          -    0.00021      -  10.7 1990s
 28191939 7334043 infeasible  158               -    0.00021      -  10.7 1995s
 28256030 7353959 infeasible  175               -    0.00021      -  10.7 2000s
 28324721 7372191    0.00021  161   21          -    0.00021      -  10.7 2005s
 28397677 7392194    0.00381  143   32          -    0.00021      -  10.6 2010s
 28482206 7404502 infeasible  160               -    0.00021      -  10.6 2015s
 28577906 7413717 infeasible  154               -    0.00021      -  10.6 2020s
 28661711 7427341    0.00021  162   27          -    0.00021      -  10.6 2025s
 28737848 7441008    0.00021  197   31          -    0.00021      -  10.6 2030s
 28831211 7449297 infeasible 4421               -    0.00021      -  10.6 2035s
 28929184 7457900    0.00444  755   19          -    0.00021      -  10.5 2040s
 29010421 7473048 infeasible  157               -    0.00021      -  10.5 2045s
 29094123 7489674    1.72207  175   28          -    0.00021      -  10.5 2050s
 29171516 7508834 infeasible  139               -    0.00021      -  10.5 2055s
 29244922 7534501    0.00021  144   31          -    0.00021      -  10.5 2060s
 29318269 7558057    0.00084  182   28          -    0.00021      -  10.5 2065s
 29401501 7572982 infeasible  204               -    0.00021      -  10.5 2070s
 29477386 7581601    0.00021 1186   32          -    0.00021      -  10.5 2075s
 29541856 7583111    0.00021 3833   32          -    0.00021      -  10.5 2080s
 29606541 7585397 infeasible 4424               -    0.00021      -  10.4 2085s
 29668632 7585620    0.00021 2572   34          -    0.00021      -  10.4 2090s
 29731236 7586966    0.00021  533   33          -    0.00021      -  10.4 2095s
 29791980 7587158    0.00021 3010   33          -    0.00021      -  10.4 2100s
 29856887 7588195    0.00021  819   33          -    0.00021      -  10.4 2105s
 29919050 7588492    0.00021 3396   33          -    0.00021      -  10.4 2110s
 29981534 7589212 infeasible 1310               -    0.00021      -  10.3 2115s
 30044274 7589374 infeasible 3903               -    0.00021      -  10.3 2120s
 30107032 7590138    0.00021 1947   33          -    0.00021      -  10.3 2125s
 30170792 7591667 infeasible 4469               -    0.00021      -  10.3 2130s
 30236423 7595999 infeasible 2082               -    0.00021      -  10.3 2135s
 30305310 7604957    0.01050  131   25          -    0.00021      -  10.3 2140s
 30384874 7621602 infeasible  160               -    0.00021      -  10.3 2145s
 30466823 7639771 infeasible  180               -    0.00021      -  10.3 2150s
 30544540 7663028    0.00021  180   34          -    0.00021      -  10.2 2155s
 30618222 7679461    0.00084  141   31          -    0.00021      -  10.2 2160s
 30687450 7698138 infeasible  158               -    0.00021      -  10.3 2165s
 30751090 7711725    0.00146  209   33          -    0.00021      -  10.3 2170s
 30802161 7726172    0.00021  185   28          -    0.00021      -  10.4 2175s
 30856883 7739952    0.00021  178   25          -    0.00021      -  10.4 2180s
 30911989 7753434    0.00021  182   29          -    0.00021      -  10.5 2185s
 30966788 7765752 infeasible  187               -    0.00021      -  10.5 2190s
 31024483 7776181 infeasible  231               -    0.00021      -  10.6 2195s
 31078679 7791200    0.00021  188   28          -    0.00021      -  10.6 2200s
 31134860 7808957    0.00087  219   20          -    0.00021      -  10.7 2205s
 31191855 7825461    0.00021  196   27          -    0.00021      -  10.7 2210s
 31247293 7843653    0.00087  225   22          -    0.00021      -  10.8 2215s
 31298803 7861644 infeasible  222               -    0.00021      -  10.8 2220s
 31345606 7878238 infeasible  285               -    0.00021      -  10.9 2225s
 31396056 7895176    0.00021  249   26          -    0.00021      -  11.0 2230s
 31448612 7913075 infeasible  184               -    0.00021      -  11.0 2235s
 31496771 7931845    0.00084  196   24          -    0.00021      -  11.1 2240s
 31546882 7949853    0.00021  174   26          -    0.00021      -  11.1 2245s
 31598384 7966717    0.00021  186   27          -    0.00021      -  11.2 2250s
 31650992 7984402    0.00021  202   24          -    0.00021      -  11.3 2255s
 31702623 8002062    0.00084  174   23          -    0.00021      -  11.3 2260s
 31751003 8020255 infeasible  195               -    0.00021      -  11.4 2265s
 31803148 8038855    0.00021  198   26          -    0.00021      -  11.4 2270s
 31853716 8057749    0.00084  259   21          -    0.00021      -  11.5 2275s
 31901816 8076407    0.00021  229   25          -    0.00021      -  11.6 2280s
 31952166 8093823 infeasible  203               -    0.00021      -  11.6 2285s
 32005111 8110519 infeasible  193               -    0.00021      -  11.7 2290s
 32054867 8124902    0.00021  222   25          -    0.00021      -  11.7 2295s
 32107696 8140139 infeasible  225               -    0.00021      -  11.8 2300s
 32161745 8153506 infeasible  217               -    0.00021      -  11.8 2305s
 32214316 8168233    0.00021  194   23          -    0.00021      -  11.9 2310s
 32266351 8182897 infeasible  198               -    0.00021      -  11.9 2315s
 32317079 8200474    0.00021  179   28          -    0.00021      -  12.0 2320s
 32366241 8218604    0.00084  250   22          -    0.00021      -  12.0 2325s
 32415980 8234124    0.00021  155   31          -    0.00021      -  12.1 2330s
 32469858 8254422    0.00021  169   26          -    0.00021      -  12.1 2335s
 32523498 8274378 infeasible  236               -    0.00021      -  12.2 2340s
 32570760 8292004    0.00021  211   25          -    0.00021      -  12.3 2345s
 32622840 8309120    0.00084  177   22          -    0.00021      -  12.3 2350s
 32669555 8326072 infeasible  170               -    0.00021      -  12.4 2355s
 32718951 8344029 infeasible  174               -    0.00021      -  12.4 2360s
 32768252 8362824    0.00021  218   25          -    0.00021      -  12.5 2365s
 32818106 8380845    0.00021  195   27          -    0.00021      -  12.5 2370s
 32869569 8396839    0.00084  273   21          -    0.00021      -  12.6 2375s
 32922675 8415627    0.00021  175   24          -    0.00021      -  12.6 2380s
 32978446 8431698 infeasible  182               -    0.00021      -  12.7 2385s
 33033467 8445514 infeasible  201               -    0.00021      -  12.7 2390s
 33085996 8462909    0.00021  183   23          -    0.00021      -  12.8 2395s
 33141668 8477826    0.00021  189   27          -    0.00021      -  12.8 2400s
 33200154 8490607 infeasible  188               -    0.00021      -  12.9 2405s
 33256017 8507191    0.00084  193   19          -    0.00021      -  12.9 2410s
 33318045 8522625    0.00021  152   39          -    0.00021      -  12.9 2415s
 33393139 8545317    0.00022  196   35          -    0.00021      -  12.9 2420s
 33463567 8566351 infeasible  159               -    0.00021      -  12.9 2425s
 33523144 8583173    0.00084  208   25          -    0.00021      -  12.9 2430s
 33582004 8601119    0.00085  164   25          -    0.00021      -  13.0 2435s
 33642057 8620192    0.00021  181   28          -    0.00021      -  13.0 2440s
 33700222 8643546 infeasible  175               -    0.00021      -  13.0 2445s
 33757091 8659434 infeasible  177               -    0.00021      -  13.0 2450s
 33843326 8675239    0.00021  212   27          -    0.00021      -  13.0 2455s
 33921492 8690302    0.00084  159   26          -    0.00021      -  13.0 2460s
 33979930 8706537    0.00084  160   24          -    0.00021      -  13.1 2465s
 34037972 8720920 infeasible  219               -    0.00021      -  13.1 2470s
 34099372 8735678    0.00021  171   29          -    0.00021      -  13.1 2475s
 34161481 8752245    0.00021  165   25          -    0.00021      -  13.1 2480s
 34222565 8769233 infeasible  203               -    0.00021      -  13.2 2485s
 34281404 8785361    0.00021  257   27          -    0.00021      -  13.2 2490s
 34335813 8801581    0.00021  199   28          -    0.00021      -  13.2 2495s
 34394398 8815857    0.00084 3481   27          -    0.00021      -  13.3 2500s
 34453941 8830653 infeasible  208               -    0.00021      -  13.3 2505s
 34519141 8850665 infeasible  182               -    0.00021      -  13.3 2510s
 34588664 8871402    0.00084  168   29          -    0.00021      -  13.3 2515s
 34662958 8892155    0.00022  208   34          -    0.00021      -  13.3 2520s
 34733592 8910872    0.00021  170   28          -    0.00021      -  13.3 2525s
 34795151 8927418    0.00021  203   30          -    0.00021      -  13.3 2530s
 34850854 8944478    0.00021  178   26          -    0.00021      -  13.4 2535s
 34905098 8958507    0.00021  211   26          -    0.00021      -  13.4 2540s
 34963553 8975007    0.00021  173   26          -    0.00021      -  13.4 2545s
 35018447 8988787 infeasible  144               -    0.00021      -  13.5 2550s
 35070751 9011990    0.00085  239   26          -    0.00021      -  13.5 2555s
 35124254 9036973    0.00084  185   32          -    0.00021      -  13.5 2560s
 35177909 9060265    0.00085  245   27          -    0.00021      -  13.5 2565s
 35228120 9077812    0.00084  179   23          -    0.00021      -  13.6 2570s
 35277364 9092504    0.00084  231   19          -    0.00021      -  13.6 2575s
 35333729 9107875    0.00021  202   25          -    0.00021      -  13.6 2580s
 35391167 9121975    0.00084  169   29          -    0.00021      -  13.7 2585s
 35451800 9140862    0.00021  216   22          -    0.00021      -  13.7 2590s
 35505032 9157873 infeasible  234               -    0.00021      -  13.7 2595s
 35558022 9174251    0.00021  180   28          -    0.00021      -  13.8 2600s
 35620057 9191557    0.00022  193   27          -    0.00021      -  13.8 2605s
 35679325 9210493    0.00084  210   24          -    0.00021      -  13.8 2610s
 35734945 9227271 infeasible  202               -    0.00021      -  13.9 2615s
 35792948 9245445    0.00021  238   23          -    0.00021      -  13.9 2620s
 35852185 9259454    0.00021  198   27          -    0.00021      -  13.9 2625s
 35911587 9276681 infeasible  171               -    0.00021      -  13.9 2630s
 35966983 9295154    0.00305  261   28          -    0.00021      -  14.0 2635s
 36028738 9314897    0.00022  172   27          -    0.00021      -  14.0 2640s
 36088328 9333226 infeasible  218               -    0.00021      -  14.0 2645s
 36150043 9349806    0.00021  178   32          -    0.00021      -  14.1 2650s
 36211041 9370020 infeasible  216               -    0.00021      -  14.1 2655s
 36266497 9386895 infeasible  197               -    0.00021      -  14.1 2660s
 36322287 9402840    0.00021  219   24          -    0.00021      -  14.2 2665s
 36385739 9420117    0.00022  165   28          -    0.00021      -  14.2 2670s
 36454002 9439316 infeasible  165               -    0.00021      -  14.2 2675s
 36524087 9461052    0.00021  153   38          -    0.00021      -  14.2 2680s
 36591257 9478930    0.00084  162   32          -    0.00021      -  14.2 2685s
 36662037 9498164    2.62355  180   29          -    0.00021      -  14.2 2690s
 36734885 9510412 infeasible  168               -    0.00021      -  14.2 2695s
 36811721 9521161    1.72207  206   32          -    0.00021      -  14.2 2700s
 36883138 9534264    0.00021  157   35          -    0.00021      -  14.2 2705s
 36967850 9544853    0.00084  137   30          -    0.00021      -  14.2 2710s
 37051458 9562055 infeasible  197               -    0.00021      -  14.1 2715s
 37131011 9571110    0.91657  172   35          -    0.00021      -  14.1 2720s
 37209755 9583623    0.00084  160   28          -    0.00021      -  14.1 2725s
 37284270 9596165 infeasible  135               -    0.00021      -  14.1 2730s
 37365080 9605477 infeasible 2109               -    0.00021      -  14.1 2735s
 37442458 9617044 infeasible  253               -    0.00021      -  14.1 2740s
 37519164 9625412    0.00084  191   31          -    0.00021      -  14.1 2745s
 37594814 9645987    0.00021  140   34          -    0.00021      -  14.0 2750s
 37667868 9662765    0.91657  182   33          -    0.00021      -  14.0 2755s
 37733932 9688809    0.00030  213   35          -    0.00021      -  14.0 2760s
 37796636 9719690    0.00023  146   36          -    0.00021      -  14.1 2765s
 37863135 9745956 infeasible  217               -    0.00021      -  14.1 2770s
 37938828 9761578    0.00084  156   31          -    0.00021      -  14.0 2775s
 38021664 9772788 infeasible 2777               -    0.00021      -  14.0 2780s
 38090089 9781954 infeasible  179               -    0.00021      -  14.0 2785s
 38158829 9789299    0.00021  167   31          -    0.00021      -  14.1 2790s
 38227888 9798472    0.00084  165   24          -    0.00021      -  14.1 2795s
 38309413 9810040    0.00021  146   37          -    0.00021      -  14.1 2800s
 38383517 9825071 infeasible  199               -    0.00021      -  14.1 2805s
 38462397 9837990 infeasible  212               -    0.00021      -  14.1 2810s
 38543750 9846311 infeasible  164               -    0.00021      -  14.0 2815s
 38620888 9854570    0.00021  150   36          -    0.00021      -  14.0 2820s
 38699915 9865698    0.00021  152   30          -    0.00021      -  14.0 2825s
 38778980 9877792    0.00084  172   33          -    0.00021      -  14.0 2830s
 38857000 9888545 infeasible  216               -    0.00021      -  14.0 2835s
 38928957 9900369    0.00021  134   39          -    0.00021      -  14.0 2840s
 39004446 9917141    0.00021  184   34          -    0.00021      -  14.0 2845s
 39088960 9925719 infeasible  176               -    0.00021      -  14.0 2850s
 39175664 9934407 infeasible  188               -    0.00021      -  14.0 2855s
 39259607 9941782    0.00021  164   35          -    0.00021      -  14.0 2860s
 39333859 9951335 infeasible  160               -    0.00021      -  14.0 2865s
 39404689 9961496    0.00074  170   35          -    0.00021      -  14.0 2870s
 39482331 9969589 infeasible  182               -    0.00021      -  13.9 2875s
 39564685 9977678 infeasible  180               -    0.00021      -  13.9 2880s
 39647773 9984583    0.00021  226   31          -    0.00021      -  13.9 2885s
 39725853 9991401    0.00021  143   35          -    0.00021      -  13.9 2890s
 39809686 9998659 infeasible  163               -    0.00021      -  13.9 2895s
 39889327 10007513    0.00021  202   38          -    0.00021      -  13.9 2900s
 39971983 10015925    0.00021  125   37          -    0.00021      -  13.9 2905s
 40072297 10021777    0.00084  128   32          -    0.00021      -  13.8 2910s
 40153865 10031664 infeasible  144               -    0.00021      -  13.8 2915s
 40235602 10044912    0.00021  176   37          -    0.00021      -  13.8 2920s
 40308524 10060451    0.00021  177   34          -    0.00021      -  13.8 2925s
 40386518 10074525 infeasible  184               -    0.00021      -  13.8 2930s
 40465610 10087286    0.00021  144   40          -    0.00021      -  13.8 2935s
 40549497 10096377    0.91657  143   33          -    0.00021      -  13.8 2940s
 40635006 10106008 infeasible  161               -    0.00021      -  13.8 2945s
 40718885 10111673 infeasible  208               -    0.00021      -  13.7 2950s
 40804096 10118204    1.72207  209   32          -    0.00021      -  13.7 2955s
 40876141 10132402 infeasible  143               -    0.00021      -  13.7 2960s
 40955072 10144294    0.00021  209   33          -    0.00021      -  13.7 2965s
 41037442 10153693    0.98214  216   33          -    0.00021      -  13.7 2970s
 41119546 10164256    1.72207  217   31          -    0.00021      -  13.7 2975s
 41203027 10172784    1.24575  192   33          -    0.00021      -  13.7 2980s
 41285725 10179197    0.00021  179   41          -    0.00021      -  13.6 2985s
 41381107 10185815 infeasible 1642               -    0.00021      -  13.6 2990s
 41467116 10193594    0.00021  192   35          -    0.00021      -  13.6 2995s
 41551728 10204389    1.72207  203   29          -    0.00021      -  13.6 3000s
 41631993 10215823    1.24575  220   33          -    0.00021      -  13.6 3005s
 41721931 10225087 infeasible  171               -    0.00021      -  13.6 3010s
 41806013 10236193    0.00021  209   39          -    0.00021      -  13.5 3015s
 41888469 10247426    0.00021  160   36          -    0.00021      -  13.5 3020s
 41961858 10263817    0.00021  173   35          -    0.00021      -  13.5 3025s
 42039372 10282170    1.72207  203   32          -    0.00021      -  13.5 3030s
 42122997 10289124 infeasible  176               -    0.00021      -  13.5 3035s
 42208204 10296871    0.00554  124   30          -    0.00021      -  13.5 3040s
 42288753 10303310 infeasible  181               -    0.00021      -  13.5 3045s
 42369763 10311415    1.72207  194   29          -    0.00021      -  13.5 3050s
 42454376 10323624 infeasible  151               -    0.00021      -  13.5 3055s
 42538265 10333977 infeasible  147               -    0.00021      -  13.4 3060s
 42619278 10345571    0.00021  196   35          -    0.00021      -  13.4 3065s
 42707026 10352896 infeasible  217               -    0.00021      -  13.4 3070s
 42788597 10372996    0.00481  128   35          -    0.00021      -  13.4 3075s
 42872455 10392764    0.00021  180   36          -    0.00021      -  13.4 3080s
 42945428 10402489    0.00021  194   37          -    0.00021      -  13.4 3085s
 43027161 10415148    0.00021  166   35          -    0.00021      -  13.4 3090s
 43128104 10423806 infeasible 4052               -    0.00021      -  13.4 3095s
 43224509 10431657    0.00021  162   41          -    0.00021      -  13.3 3100s
 43302393 10441550 infeasible 4084               -    0.00021      -  13.3 3105s
 43386379 10450236    1.72269 1044   15          -    0.00021      -  13.3 3110s
 43481416 10459469    1.72269 1602   14          -    0.00021      -  13.3 3115s
 43582411 10465664    1.72269 2752   14          -    0.00021      -  13.3 3120s
 43667449 10473752    0.00021  187   30          -    0.00021      -  13.3 3125s
 43750678 10484433    0.00021  183   41          -    0.00021      -  13.2 3130s
 43857078 10490552 infeasible 3901               -    0.00021      -  13.2 3135s
 43974430 10494145    0.00084  153   39          -    0.00021      -  13.2 3140s
 44084122 10499035 infeasible  159               -    0.00021      -  13.2 3145s
 44179899 10506703    0.00021  174   35          -    0.00021      -  13.1 3150s
 44260107 10516176    0.00021  184   34          -    0.00021      -  13.1 3155s
 44331926 10534397    0.00085  182   25          -    0.00021      -  13.1 3160s
 44398358 10558036    0.00085  184   25          -    0.00021      -  13.1 3165s
 44469173 10581660    0.00084  199   36          -    0.00021      -  13.1 3170s
 44542838 10600733 infeasible  174               -    0.00021      -  13.2 3175s
 44624098 10610366    0.00021  167   34          -    0.00021      -  13.1 3180s
 44701749 10624131    0.00440  186   30          -    0.00021      -  13.1 3185s
 44780801 10635643 infeasible 2406               -    0.00021      -  13.1 3190s
 44861539 10648228    0.00021  148   35          -    0.00021      -  13.1 3195s
 44941335 10657842    0.00084  169   35          -    0.00021      -  13.1 3200s
 45019980 10675527    0.00021  144   31          -    0.00021      -  13.1 3205s
 45101351 10699661    0.91657  185   35          -    0.00021      -  13.1 3210s
 45184120 10723101    0.00389  150   32          -    0.00021      -  13.1 3215s
 45263248 10746889    0.00021  172   34          -    0.00021      -  13.1 3220s
 45342129 10764956 infeasible  124               -    0.00021      -  13.1 3225s
 45421592 10780824    1.72207  167   30          -    0.00021      -  13.1 3230s
 45503176 10794583 infeasible  172               -    0.00021      -  13.1 3235s
 45576341 10811247    0.00084  165   36          -    0.00021      -  13.1 3240s
 45649319 10828668    0.00085  234   28          -    0.00021      -  13.1 3245s
 45727101 10849071 infeasible  165               -    0.00021      -  13.1 3250s
 45800357 10869971    1.82223  325   11          -    0.00021      -  13.1 3255s
 45873387 10897138 infeasible  142               -    0.00021      -  13.1 3260s
 45944134 10922093 infeasible  149               -    0.00021      -  13.1 3265s
 46018618 10941494 infeasible 2972               -    0.00021      -  13.1 3270s
 46092519 10961985 infeasible  199               -    0.00021      -  13.1 3275s
 46175397 10976242 infeasible  111               -    0.00021      -  13.0 3280s
 46257906 10992755    1.72269  914   14          -    0.00021      -  13.0 3285s
 46339148 11007646 infeasible  168               -    0.00021      -  13.0 3290s
 46412800 11028571    0.00085  209   28          -    0.00021      -  13.0 3295s
 46495340 11051805 infeasible  195               -    0.00021      -  13.0 3300s
 46566412 11070305    0.00209  162   31          -    0.00021      -  13.0 3305s
 46642204 11086403 infeasible  165               -    0.00021      -  13.0 3310s
 46719437 11110262    0.00021  137   31          -    0.00021      -  13.0 3315s
 46796971 11134249    0.00021  190   27          -    0.00021      -  13.0 3320s
 46871741 11157522 infeasible  151               -    0.00021      -  13.0 3325s
 46942374 11175176 infeasible  163               -    0.00021      -  13.0 3330s
 47025973 11187019    0.00021  163   40          -    0.00021      -  13.0 3335s
 47107240 11200553    0.00021  136   34          -    0.00021      -  13.0 3340s
 47177766 11222145 infeasible 1001               -    0.00021      -  13.0 3345s
 47255150 11235819    0.00240  158   31          -    0.00021      -  13.0 3350s
 47324909 11252588    0.00084  170   39          -    0.00021      -  13.0 3355s
 47399884 11269734 infeasible  171               -    0.00021      -  13.0 3360s
 47475031 11283367    0.00440  210   30          -    0.00021      -  13.0 3365s
 47554384 11296682 infeasible  163               -    0.00021      -  13.0 3370s
 47625944 11315125    0.00021  168   36          -    0.00021      -  13.0 3375s
 47701800 11329785 infeasible  156               -    0.00021      -  13.0 3380s
 47772438 11345988    0.00021  169   31          -    0.00021      -  13.0 3385s
 47844783 11364148 infeasible  169               -    0.00021      -  13.0 3390s
 47917070 11381440 infeasible  149               -    0.00021      -  13.0 3395s
 47987267 11399306    0.00573  157   30          -    0.00021      -  13.0 3400s
 48054491 11415076 infeasible  166               -    0.00021      -  13.0 3405s
 48127772 11426196 infeasible  215               -    0.00021      -  13.1 3410s
 48207055 11438413 infeasible  157               -    0.00021      -  13.1 3415s
 48280523 11453615    0.00084  161   34          -    0.00021      -  13.1 3420s
 48352684 11471850 infeasible  148               -    0.00021      -  13.1 3425s
 48417626 11494760    0.00084  156   36          -    0.00021      -  13.1 3430s
 48484025 11520210    0.00554  123   31          -    0.00021      -  13.1 3435s
 48554887 11539695 infeasible 2300               -    0.00021      -  13.1 3440s
 48630850 11558807    0.00084  216   25          -    0.00021      -  13.1 3445s
 48711833 11577105    0.00085  168   29          -    0.00021      -  13.1 3450s
 48787274 11591661    1.40392  150   28          -    0.00021      -  13.1 3455s
 48855670 11607110    0.00084  191   37          -    0.00021      -  13.1 3460s
 48926371 11621213 infeasible  155               -    0.00021      -  13.1 3465s
 49005830 11638908 infeasible  242               -    0.00021      -  13.1 3470s
 49084310 11657651    0.00021  201   29          -    0.00021      -  13.2 3475s
 49165291 11679224    0.00084  190   29          -    0.00021      -  13.2 3480s
 49245639 11702409 infeasible  213               -    0.00021      -  13.1 3485s
 49326149 11725252 infeasible  216               -    0.00021      -  13.1 3490s
 49400957 11743732 infeasible  190               -    0.00021      -  13.1 3495s
 49484376 11759049 infeasible  175               -    0.00021      -  13.1 3500s
 49553594 11775698    0.00084  140   34          -    0.00021      -  13.1 3505s
 49619753 11802749    0.00021  103   40          -    0.00021      -  13.1 3510s
 49696730 11830802 infeasible  145               -    0.00021      -  13.1 3515s
 49772950 11852418    0.00021  150   37          -    0.00021      -  13.1 3520s
 49854259 11870229 infeasible  202               -    0.00021      -  13.1 3525s
 49935956 11889544    0.01170  175   33          -    0.00021      -  13.1 3530s
 50014616 11909116    0.00169  190   27          -    0.00021      -  13.1 3535s
 50094712 11929002    0.00381  175   29          -    0.00021      -  13.1 3540s
 50167736 11948229    0.00093  195   23          -    0.00021      -  13.2 3545s
 50245081 11966868 infeasible  217               -    0.00021      -  13.2 3550s
 50316162 11987638    0.00021  196   27          -    0.00021      -  13.2 3555s
 50392068 12007056    0.00084  169   33          -    0.00021      -  13.2 3560s
 50472318 12026839    0.00093  205   27          -    0.00021      -  13.2 3565s
 50555338 12039118 infeasible  203               -    0.00021      -  13.2 3570s
 50633154 12055297 infeasible  198               -    0.00021      -  13.2 3575s
 50704826 12079327    0.00084  207   26          -    0.00021      -  13.2 3580s
 50787957 12092524 infeasible  158               -    0.00021      -  13.2 3585s
 50861628 12107302    0.00084  235   35          -    0.00021      -  13.2 3590s
 50938484 12124634 infeasible  191               -    0.00021      -  13.2 3595s
 51021133 12139672    0.00084  184   28          -    0.00021      -  13.2 3600s

Cutting planes:
  Flow cover: 2

Explored 51023136 nodes (672996015 simplex iterations) in 3600.03 seconds (1526.94 work units)
Thread count was 12 (of 12 available processors)

Solution count 0

Time limit reached
Best objective -, best bound 2.058065039989e-04, gap -
