
Gurobi 11.0.2 (win64) logging started Thu Oct  3 02:25:48 2024

Set parameter LogFile to value ".\Experiments\Track_k_e_2_reruns\Logs\Track_k_e_2_reruns_r4_c4.log"
Set parameter TimeLimit to value 3600
Gurobi Optimizer version 11.0.2 build v11.0.2rc0 (win64 - Windows 10.0 (19045.2))

CPU model: Intel(R) Core(TM) i7-10750H CPU @ 2.60GHz, instruction set [SSE2|AVX|AVX2]
Thread count: 6 physical cores, 12 logical processors, using up to 12 threads

Optimize a model with 248 rows, 462 columns and 920 nonzeros
Model fingerprint: 0x32ddeb83
Model has 6 quadratic objective terms
Model has 68 quadratic constraints
Model has 116 general constraints
Variable types: 458 continuous, 4 integer (4 binary)
Coefficient statistics:
  Matrix range     [9e-06, 1e+02]
  QMatrix range    [1e+00, 1e+00]
  QLMatrix range   [1e+00, 1e+00]
  Objective range  [1e-02, 2e-01]
  QObjective range [2e+00, 2e+00]
  Bounds range     [8e-05, 5e+00]
  RHS range        [8e-05, 1e+02]
  QRHS range       [1e-06, 1e-06]
Presolve added 36 rows and 0 columns
Presolve removed 0 rows and 73 columns
Presolve time: 0.01s
Presolved: 525 rows, 398 columns, 1459 nonzeros
Presolved model has 50 SOS constraint(s)
Presolved model has 4 quadratic objective terms
Presolved model has 57 bilinear constraint(s)
Presolved model has 4 nonlinear constraint(s)
Warning: Model contains variables with very large bounds participating
         in nonlinear terms.
         Presolve was not able to compute smaller bounds for these variables.
         Consider bounding these variables or reformulating the model.


Solving non-convex MINLP

Variable types: 284 continuous, 114 integer (114 binary)

Root relaxation: objective 2.058065e-04, 417 iterations, 0.00 seconds (0.00 work units)

    Nodes    |    Current Node    |     Objective Bounds      |     Work
 Expl Unexpl |  Obj  Depth IntInf | Incumbent    BestBd   Gap | It/Node Time

     0     0    0.00021    0   44          -    0.00021      -     -    0s
     0     0    0.00021    0   74          -    0.00021      -     -    0s
     0     0    0.00021    0   90          -    0.00021      -     -    0s
     0     0    0.00021    0   93          -    0.00021      -     -    0s
     0     0    0.00021    0   91          -    0.00021      -     -    0s
     0     0    0.00021    0   96          -    0.00021      -     -    0s
     0     0    0.00021    0   95          -    0.00021      -     -    0s
     0     2    0.00021    0   95          -    0.00021      -     -    0s
 11893  5177 infeasible   42               -    0.00021      -  49.7    5s
 32354 13071    0.00039   99   44          -    0.00021      -  35.3   10s
*41507 11435             126       0.0007444    0.00021  72.4%  33.4   12s
 46968 13602     cutoff   85         0.00074    0.00021  72.4%  32.9   15s
H55905 15431                       0.0007444    0.00021  72.4%  32.0   19s
 57324 16219    0.00021   73   61    0.00074    0.00021  72.4%  32.1   20s
 70015 19610    0.00021   65   53    0.00074    0.00021  72.4%  31.6   25s
H75829 21797                       0.0007444    0.00021  72.4%  31.2   27s
 82472 23922    0.00021   67   49    0.00074    0.00021  72.4%  30.9   30s
 98531 29397     cutoff   47         0.00074    0.00021  72.4%  29.9   35s
 112659 33893    0.00051   79   41    0.00074    0.00021  72.4%  30.1   40s
H115811 34258                       0.0007444    0.00021  72.4%  29.9   40s
 130404 38275    0.00021   64   49    0.00074    0.00021  72.4%  29.3   45s
 144938 43713     cutoff   75         0.00074    0.00021  72.4%  28.8   50s
H152475 45468                       0.0007444    0.00021  72.4%  28.5   52s
 160922 48877 infeasible   63         0.00074    0.00021  72.4%  28.3   55s
H164753 49305                       0.0007444    0.00021  72.4%  28.1   56s
 175165 53096    0.00021   59   55    0.00074    0.00021  72.4%  27.9   60s
 189783 57429 infeasible   77         0.00074    0.00021  72.4%  27.7   65s
 204730 61556    0.00047   67   40    0.00074    0.00021  72.4%  27.7   70s
 221760 65640    0.00023   76   67    0.00074    0.00021  72.4%  27.6   75s
 233178 68531    0.00021   57   42    0.00074    0.00021  72.4%  27.6   80s
 248233 71562    0.00021   68   50    0.00074    0.00021  72.4%  27.5   85s
 264519 74691 infeasible   79         0.00074    0.00021  72.4%  27.2   90s
 283922 78274    0.00021   66   40    0.00074    0.00021  72.4%  27.1   95s
 297540 81002 infeasible   61         0.00074    0.00021  72.4%  27.0  100s
 312253 83721    0.00031   64   50    0.00074    0.00021  72.4%  26.9  105s
 328049 87352    0.00033   61   51    0.00074    0.00021  72.4%  26.8  110s
 345418 92160    0.00021   60   42    0.00074    0.00021  72.4%  26.7  115s
 363309 97295     cutoff   81         0.00074    0.00021  72.4%  26.6  120s
 377463 101212    0.00021   74   57    0.00074    0.00021  72.4%  26.5  125s
 387616 105270    0.00021   90   53    0.00074    0.00021  72.4%  26.6  130s
 400715 108428    0.00021   78   56    0.00074    0.00021  72.4%  26.7  135s
 411717 111681    0.00038   89   48    0.00074    0.00021  72.4%  26.7  140s
 422460 114914 infeasible   82         0.00074    0.00021  72.4%  26.8  145s
 435473 117566    0.00021   85   49    0.00074    0.00021  72.4%  26.9  150s
 448414 121421    0.00055   72   56    0.00074    0.00021  72.4%  26.9  155s
 461839 124332 infeasible   96         0.00074    0.00021  72.4%  26.9  160s
 474892 127483    0.00021   78   46    0.00074    0.00021  72.4%  27.0  165s
 488982 131340     cutoff   91         0.00074    0.00021  72.4%  26.9  170s
 501568 134628 infeasible   67         0.00074    0.00021  72.4%  26.9  175s
 514904 139647    0.00028   65   55    0.00074    0.00021  72.4%  26.9  180s
 528511 142926 infeasible   83         0.00074    0.00021  72.4%  26.8  185s
 541386 146385     cutoff   91         0.00074    0.00021  72.4%  26.8  190s
 555290 149686    0.00021   52   56    0.00074    0.00021  72.4%  26.8  195s
 568348 152901 infeasible   86         0.00074    0.00021  72.4%  26.7  200s
 583205 156869    0.00021   65   50    0.00074    0.00021  72.4%  26.7  205s
 598315 159838    0.00021   81   40    0.00074    0.00021  72.4%  26.5  210s
 614377 163476 infeasible   92         0.00074    0.00021  72.4%  26.5  215s
 630138 166888    0.00039   81   48    0.00074    0.00021  72.4%  26.4  221s
 642211 170587    0.00021   77   54    0.00074    0.00021  72.4%  26.4  225s
 655171 174736    0.00026   84   40    0.00074    0.00021  72.4%  26.4  230s
 668031 178056    0.00021   69   57    0.00074    0.00021  72.4%  26.4  235s
 680730 182306    0.00023   75   45    0.00074    0.00021  72.4%  26.4  240s
 693822 184540    0.00021   78   55    0.00074    0.00021  72.4%  26.4  245s
 708867 188422 infeasible   79         0.00074    0.00021  72.4%  26.3  250s
 722478 192005    0.00021   80   49    0.00074    0.00021  72.4%  26.3  255s
 733877 195154    0.00025   78   40    0.00074    0.00021  72.4%  26.3  260s
 748113 198933    0.00021   71   43    0.00074    0.00021  72.4%  26.2  265s
 764602 204551     cutoff   71         0.00074    0.00021  72.4%  26.2  270s
 779698 207323    0.00070   70   37    0.00074    0.00021  72.4%  26.1  275s
 793492 210077    0.00021   75   44    0.00074    0.00021  72.4%  26.1  280s
 809542 215670    0.00033   75   53    0.00074    0.00021  72.4%  26.1  285s
 825962 219517 infeasible   88         0.00074    0.00021  72.4%  26.0  290s
 838742 223597     cutoff   61         0.00074    0.00021  72.4%  26.0  295s
 850906 225681     cutoff   76         0.00074    0.00021  72.4%  25.9  300s
 870603 229515    0.00024   70   47    0.00074    0.00021  72.4%  25.9  305s
 885062 234482    0.00021   71   49    0.00074    0.00021  72.4%  25.8  310s
 900501 239443    0.00026   69   51    0.00074    0.00021  72.4%  25.8  315s
 913967 244498 infeasible  101         0.00074    0.00021  72.4%  25.7  320s
 931730 250452 infeasible   67         0.00074    0.00021  72.4%  25.7  325s
 947076 254049     cutoff   97         0.00074    0.00021  72.4%  25.6  330s
 960451 257606    0.00022   74   58    0.00074    0.00021  72.4%  25.6  335s
 974421 261952     cutoff   85         0.00074    0.00021  72.4%  25.6  340s
 991980 267514    0.00021   86   55    0.00074    0.00021  72.4%  25.5  345s
 1008226 270894    0.00021   67   45    0.00074    0.00021  72.4%  25.5  350s
 1024310 276677 infeasible   77         0.00074    0.00021  72.4%  25.4  355s
 1040128 281520 infeasible  117         0.00074    0.00021  72.4%  25.3  360s
 1057445 286663    0.00021   92   54    0.00074    0.00021  72.4%  25.3  365s
 1077239 290859    0.00036   85   48    0.00074    0.00021  72.4%  25.2  370s
 1093576 292352    0.00045   97   55    0.00074    0.00021  72.4%  25.2  375s
 1107712 294717     cutoff   98         0.00074    0.00021  72.4%  25.2  380s
 1122949 296561    0.00036   85   39    0.00074    0.00021  72.4%  25.1  385s
 1140638 299039    0.00058   89   36    0.00074    0.00021  72.4%  25.1  390s
 1158663 300928     cutoff   89         0.00074    0.00021  72.4%  25.1  395s
 1174914 302666 infeasible   79         0.00074    0.00021  72.4%  25.1  400s
 1193053 304025 infeasible   86         0.00074    0.00021  72.4%  25.1  405s
 1206007 306043    0.00036  104   46    0.00074    0.00021  72.4%  25.1  410s
 1218089 309621 infeasible   48         0.00074    0.00021  72.4%  25.1  415s
 1230083 314379    0.00025   86   39    0.00074    0.00021  72.4%  25.1  420s
 1245508 316805 infeasible   66         0.00074    0.00021  72.4%  25.1  425s
 1259018 319809    0.00032   75   50    0.00074    0.00021  72.4%  25.1  430s
 1272127 322886    0.00021   74   56    0.00074    0.00021  72.4%  25.1  435s
 1287316 325384     cutoff   82         0.00074    0.00021  72.4%  25.1  440s
 1300901 330516 infeasible   70         0.00074    0.00021  72.4%  25.1  445s
 1315001 334508    0.00025   73   44    0.00074    0.00021  72.4%  25.1  450s
 1328456 337461     cutoff   71         0.00074    0.00021  72.4%  25.1  455s
 1341662 341086    0.00021   59   61    0.00074    0.00021  72.4%  25.1  460s
 1354532 342880    0.00021   93   41    0.00074    0.00021  72.4%  25.1  465s
 1365621 346053 infeasible   71         0.00074    0.00021  72.4%  25.1  470s
 1379168 349401 infeasible   67         0.00074    0.00021  72.4%  25.1  475s
 1394975 351389    0.00021   70   45    0.00074    0.00021  72.4%  25.1  480s
 1406766 354462    0.00057   78   47    0.00074    0.00021  72.4%  25.1  485s
 1421548 358658    0.00021   70   54    0.00074    0.00021  72.4%  25.1  490s
 1434160 362347    0.00039   89   43    0.00074    0.00021  72.4%  25.1  495s
 1445790 364562 infeasible   74         0.00074    0.00021  72.4%  25.0  500s
 1458418 368279    0.00022   72   55    0.00074    0.00021  72.4%  25.0  505s
 1476775 373209    0.00021   72   54    0.00074    0.00021  72.4%  25.0  510s
 1492419 377640    0.00024   81   58    0.00074    0.00021  72.4%  24.9  515s
 1512112 382380    0.00021   69   49    0.00074    0.00021  72.4%  24.8  521s
 1529519 384477 infeasible   87         0.00074    0.00021  72.4%  24.8  525s
 1545956 386573 infeasible   76         0.00074    0.00021  72.4%  24.7  530s
 1560224 390176    0.00071   77   47    0.00074    0.00021  72.4%  24.7  535s
 1578574 392501    0.00040   54   42    0.00074    0.00021  72.4%  24.7  540s
 1594738 394686 infeasible   98         0.00074    0.00021  72.4%  24.7  545s
 1611291 396739    0.00030  107   48    0.00074    0.00021  72.4%  24.8  550s
 1626346 398377    0.00026   96   48    0.00074    0.00021  72.4%  24.8  555s
 1643384 400262 infeasible   87         0.00074    0.00021  72.4%  24.8  560s
 1657368 404097    0.00021   64   43    0.00074    0.00021  72.4%  24.7  565s
 1674342 409343    0.00022   85   46    0.00074    0.00021  72.4%  24.7  570s
 1690663 414623    0.00021   63   50    0.00074    0.00021  72.4%  24.7  575s
 1706672 415606    0.00021   84   45    0.00074    0.00021  72.4%  24.7  580s
 1723356 416899 infeasible   72         0.00074    0.00021  72.4%  24.7  585s
 1738339 418048    0.00036   76   40    0.00074    0.00021  72.4%  24.7  590s
 1753862 422420    0.00031   99   50    0.00074    0.00021  72.4%  24.7  595s
 1766874 423916    0.00022   86   50    0.00074    0.00021  72.4%  24.7  600s
 1780719 428563    0.00021   72   64    0.00074    0.00021  72.4%  24.7  605s
 1793242 432225 infeasible   83         0.00074    0.00021  72.4%  24.7  610s
 1808684 434119    0.00036   76   34    0.00074    0.00021  72.4%  24.7  615s
 1820851 438021    0.00021   61   42    0.00074    0.00021  72.4%  24.7  620s
 1833964 442607    0.00071   87   50    0.00074    0.00021  72.4%  24.6  625s
 1846965 445340    0.00021   78   48    0.00074    0.00021  72.4%  24.6  630s
 1861264 450216    0.00021   63   48    0.00074    0.00021  72.4%  24.6  635s
 1872710 454131    0.00023   69   47    0.00074    0.00021  72.4%  24.6  640s
 1892920 454956    0.00021   70   40    0.00074    0.00021  72.4%  24.5  645s
 1905818 455249    0.00024   77   50    0.00074    0.00021  72.4%  24.6  650s
 1922183 456165    0.00021   74   48    0.00074    0.00021  72.4%  24.6  655s
 1939182 457536    0.00040   78   46    0.00074    0.00021  72.4%  24.6  660s
 1955061 458583    0.00021   88   49    0.00074    0.00021  72.4%  24.6  665s
 1972214 461580 infeasible   74         0.00074    0.00021  72.4%  24.6  670s
 1986484 465956 infeasible   68         0.00074    0.00021  72.4%  24.5  675s
 2003031 469257    0.00023   86   40    0.00074    0.00021  72.4%  24.5  680s
 2019787 470818    0.00027   91   44    0.00074    0.00021  72.4%  24.5  685s
 2035944 472855    0.00021   74   52    0.00074    0.00021  72.4%  24.5  690s
 2053489 474648 infeasible   95         0.00074    0.00021  72.4%  24.5  695s
H2058683 475433                       0.0007383    0.00021  72.1%  24.5  696s
H2058686 475404                       0.0007375    0.00021  72.1%  24.5  696s
H2060909 475214                       0.0007340    0.00021  72.0%  24.5  698s
H2061567 475365                       0.0007340    0.00021  72.0%  24.5  698s
H2062684 474927                       0.0007257    0.00021  71.6%  24.5  699s
H2063412 475068                       0.0007257    0.00021  71.6%  24.5  699s
H2064335 475068                       0.0007257    0.00021  71.6%  24.5  699s
 2065317 475213     cutoff   94         0.00073    0.00021  71.6%  24.5  700s
H2065319 475213                       0.0007257    0.00021  71.6%  24.5  700s
H2069295 475594                       0.0007257    0.00021  71.6%  24.5  701s
H2074945 476117                       0.0007257    0.00021  71.6%  24.5  703s
H2074960 475411                       0.0007147    0.00021  71.2%  24.5  703s
H2075208 475492                       0.0007147    0.00021  71.2%  24.5  704s
H2076848 475492                       0.0007147    0.00021  71.2%  24.5  704s
 2078663 475919    0.00021   79   51    0.00071    0.00021  71.2%  24.5  705s
H2091249 477469                       0.0007147    0.00021  71.2%  24.5  707s
 2092226 477617    0.00025   93   52    0.00071    0.00021  71.2%  24.5  710s
H2093431 477617                       0.0007147    0.00021  71.2%  24.5  710s
H2100344 478313                       0.0007147    0.00021  71.2%  24.5  712s
H2101340 478548                       0.0007147    0.00021  71.2%  24.5  712s
H2104988 478726                       0.0007132    0.00021  71.1%  24.5  714s
 2108791 479451    0.00040   79   38    0.00071    0.00021  71.1%  24.5  715s
H2116421 480462                       0.0007132    0.00021  71.1%  24.5  716s
H2118902 480917                       0.0007131    0.00021  71.1%  24.5  717s
 2123596 481338 infeasible   75         0.00071    0.00021  71.1%  24.5  720s
 2138066 483834     cutoff   93         0.00071    0.00021  71.1%  24.4  725s
 2156377 486705    0.00021   56   39    0.00071    0.00021  71.1%  24.4  730s
H2156388 322596                       0.0002344    0.00021  12.2%  24.4  730s
H2157669 322999                       0.0002344    0.00021  12.2%  24.4  731s
 2165878 325440    0.00021   82   50    0.00023    0.00021  12.2%  24.4  735s
H2178170 326778                       0.0002344    0.00021  12.2%  24.4  739s
 2178615 326800    0.00021   63   58    0.00023    0.00021  12.2%  24.4  740s
H2178994 309227                       0.0002267    0.00021  9.22%  24.4  740s
H2189548 248260                       0.0002143    0.00021  3.96%  24.4  744s
H2189553 223505                       0.0002105    0.00021  2.24%  24.4  744s
 2189806 223410     cutoff   83         0.00021    0.00021  2.24%  24.4  745s
H2190386 223408                       0.0002105    0.00021  2.24%  24.4  745s
H2191599 223407                       0.0002105    0.00021  2.24%  24.4  745s
H2194294 223355                       0.0002105    0.00021  2.21%  24.4  746s
H2194771 221233                       0.0002102    0.00021  2.11%  24.4  746s
H2197852 221395                       0.0002102    0.00021  2.11%  24.4  747s
 2200156 221359    0.00021   67   53    0.00021    0.00021  2.11%  24.4  750s
H2211424 221110                       0.0002102    0.00021  2.11%  24.4  753s
 2216047 221246    0.00021   95   52    0.00021    0.00021  2.11%  24.5  755s
H2221055 150620                       0.0002064    0.00021  0.28%  24.5  757s
H2221065 136527                       0.0002060    0.00021  0.10%  24.5  757s
 2227120 136186    0.00021   80   44    0.00021    0.00021  0.10%  24.5  760s
 2246278 135549 infeasible   79         0.00021    0.00021  0.10%  24.5  765s
H2246279 135537                       0.0002060    0.00021  0.10%  24.5  765s
 2262948 134518     cutoff   71         0.00021    0.00021  0.10%  24.5  770s
 2276883 134090    0.00021   73   57    0.00021    0.00021  0.10%  24.5  775s
H2286693 133350                       0.0002060    0.00021  0.10%  24.5  777s
 2291116 132910    0.00021   67   47    0.00021    0.00021  0.10%  24.5  780s
 2309363 133374    0.00021   83   48    0.00021    0.00021  0.10%  24.5  785s
H2313499 133675                       0.0002060    0.00021  0.10%  24.6  787s
 2319837 133748    0.00021   80   41    0.00021    0.00021  0.10%  24.6  790s
 2338177 132840 infeasible   79         0.00021    0.00021  0.10%  24.6  795s
 2356107 132280    0.00021   75   48    0.00021    0.00021  0.10%  24.6  800s
H2357899   570                       0.0002058    0.00021  0.00%  24.6  802s

Cutting planes:
  Gomory: 3
  Cover: 11
  Implied bound: 25
  Clique: 7
  MIR: 28
  Flow cover: 58
  Zero half: 1
  RLT: 33
  Relax-and-lift: 19

Explored 2358770 nodes (58038209 simplex iterations) in 802.31 seconds (394.44 work units)
Thread count was 12 (of 12 available processors)

Solution count 10: 0.000205807 0.000206011 0.000206384 ... 0.000234425

Optimal solution found (tolerance 1.00e-04)
Best objective 2.058065039989e-04, best bound 2.058065039989e-04, gap 0.0000%
