
Gurobi 11.0.2 (win64) logging started Thu Oct  3 02:39:10 2024

Set parameter LogFile to value ".\Experiments\Track_k_e_2_reruns\Logs\Track_k_e_2_reruns_r4_c5.log"
Set parameter TimeLimit to value 3600
Gurobi Optimizer version 11.0.2 build v11.0.2rc0 (win64 - Windows 10.0 (19045.2))

CPU model: Intel(R) Core(TM) i7-10750H CPU @ 2.60GHz, instruction set [SSE2|AVX|AVX2]
Thread count: 6 physical cores, 12 logical processors, using up to 12 threads

Optimize a model with 264 rows, 462 columns and 968 nonzeros
Model fingerprint: 0xc771e594
Model has 6 quadratic objective terms
Model has 68 quadratic constraints
Model has 116 general constraints
Variable types: 458 continuous, 4 integer (4 binary)
Coefficient statistics:
  Matrix range     [9e-06, 1e+02]
  QMatrix range    [1e+00, 1e+00]
  QLMatrix range   [1e+00, 1e+00]
  Objective range  [1e-02, 2e-01]
  QObjective range [2e+00, 2e+00]
  Bounds range     [8e-05, 9e+01]
  RHS range        [8e-05, 1e+02]
  QRHS range       [1e-06, 1e-06]
Presolve added 36 rows and 0 columns
Presolve removed 0 rows and 73 columns
Presolve time: 0.01s
Presolved: 541 rows, 398 columns, 1507 nonzeros
Presolved model has 50 SOS constraint(s)
Presolved model has 4 quadratic objective terms
Presolved model has 57 bilinear constraint(s)
Presolved model has 4 nonlinear constraint(s)
Warning: Model contains variables with very large bounds participating
         in nonlinear terms.
         Presolve was not able to compute smaller bounds for these variables.
         Consider bounding these variables or reformulating the model.


Solving non-convex MINLP

Variable types: 284 continuous, 114 integer (114 binary)

Root relaxation: objective 2.058065e-04, 419 iterations, 0.00 seconds (0.00 work units)

    Nodes    |    Current Node    |     Objective Bounds      |     Work
 Expl Unexpl |  Obj  Depth IntInf | Incumbent    BestBd   Gap | It/Node Time

     0     0    0.00021    0   44          -    0.00021      -     -    0s
     0     0    0.00021    0   74          -    0.00021      -     -    0s
     0     0    0.00021    0   91          -    0.00021      -     -    0s
     0     0    0.00021    0   96          -    0.00021      -     -    0s
     0     0    0.00021    0   91          -    0.00021      -     -    0s
     0     0    0.00021    0   94          -    0.00021      -     -    0s
     0     0    0.00021    0   93          -    0.00021      -     -    0s
     0     2    0.00021    0   93          -    0.00021      -     -    0s
H 1828   985                       1.7526385    0.00021   100%  27.1    1s
H 1899   987                       1.7526385    0.00021   100%  28.5    1s
H 1903   939                       1.7526385    0.00021   100%  28.5    1s
H 1905   893                       0.2065923    0.00021   100%  28.5    1s
H 1998   856                       0.1991866    0.00021   100%  28.4    1s
H 3282  1033                       0.1991866    0.00021   100%  28.9    2s
H 3654  1004                       0.1991866    0.00021   100%  29.9    2s
H 3879   893                       0.1991866    0.00021   100%  30.7    2s
H 7510  1905                       0.1991864    0.00021   100%  34.8    4s
  9934  2689    0.00100   71   63    0.19919    0.00021   100%  37.7    5s
 21250  5498    0.00116   63   36    0.19919    0.00021   100%  37.4   10s
 33473  9172 infeasible   63         0.19919    0.00021   100%  36.7   15s
H38648  9988                       0.1991863    0.00021   100%  36.9   16s
 46343 12171    0.00172   43   44    0.19919    0.00021   100%  38.2   20s
 58305 15514    0.00171   47   47    0.19919    0.00021   100%  38.6   25s
 74902 19068    0.00206   50   55    0.19919    0.00021   100%  39.0   30s
 88372 22866 infeasible   47         0.19919    0.00021   100%  39.2   35s
H90244 22866                       0.1991863    0.00021   100%  39.3   35s
 101424 25544 infeasible   62         0.19919    0.00021   100%  39.7   40s
 112845 27909    0.00037   69   52    0.19919    0.00021   100%  40.2   45s
 127700 31149 infeasible   80         0.19919    0.00021   100%  40.6   50s
H135106 32620                       0.1991861    0.00021   100%  40.8   52s
H135607 33098                       0.1991861    0.00021   100%  40.8   53s
H137853 33098                       0.1991859    0.00021   100%  40.9   53s
 141451 33717    0.00040   56   47    0.19919    0.00021   100%  41.3   55s
H145021 34518                       0.1991859    0.00021   100%  41.4   57s
 153493 36281 infeasible   48         0.19919    0.00021   100%  41.6   60s
 163709 38840    0.00030   55   61    0.19919    0.00021   100%  41.7   65s
H168345 39628                       0.1991858    0.00021   100%  41.6   66s
H173128 40818                       0.1991858    0.00021   100%  41.7   67s
 176934 41339 infeasible   45         0.19919    0.00021   100%  41.7   70s
 189648 44592    0.00021   28   51    0.19919    0.00021   100%  41.8   75s
 206846 49842 infeasible   39         0.19919    0.00021   100%  41.8   80s
H207747 48400                       0.0059814    0.00021  96.6%  41.8   80s
H211166 48881                       0.0059814    0.00021  96.6%  41.6   82s
H211939 49232                       0.0059814    0.00021  96.6%  41.6   82s
H213360 50107                       0.0059811    0.00021  96.6%  41.6   83s
H215486 50450                       0.0059811    0.00021  96.6%  41.5   84s
H218148 51260                       0.0059552    0.00021  96.5%  41.4   84s
 219052 51640 infeasible   62         0.00596    0.00021  96.5%  41.4   85s
 234564 56241    0.00021   57   46    0.00596    0.00021  96.5%  41.0   90s
 248794 59825    0.00084   43   44    0.00596    0.00021  96.5%  40.9   95s
*253708 52368              93       0.0019201    0.00021  89.3%  40.9   96s
H255320 52423                       0.0019200    0.00021  89.3%  40.9   98s
H255338 52082                       0.0018829    0.00021  89.1%  40.9   98s
H257258 52520                       0.0018829    0.00021  89.1%  40.9   99s
H258048 53224                       0.0018829    0.00021  89.1%  40.9  100s
H258820 53223                       0.0018828    0.00021  89.1%  40.9  100s
H261476 53476                       0.0018828    0.00021  89.1%  40.9  100s
H272262 55917                       0.0018828    0.00021  89.1%  40.6  104s
H272272 55917                       0.0018828    0.00021  89.1%  40.6  104s
 272279 56172 infeasible   56         0.00188    0.00021  89.1%  40.6  105s
H274055 56360                       0.0018828    0.00021  89.1%  40.6  105s
*274545 46311              80       0.0009771    0.00021  78.9%  40.6  106s
*274549 46311              81       0.0009770    0.00021  78.9%  40.6  106s
H281080 47164                       0.0009770    0.00021  78.9%  40.5  108s
 286784 48268    0.00021   50   56    0.00098    0.00021  78.9%  40.4  110s
H292144 49301                       0.0009770    0.00021  78.9%  40.4  112s
 299746 50618 infeasible   69         0.00098    0.00021  78.9%  40.4  115s
*300745 50270              71       0.0009523    0.00021  78.4%  40.4  115s
H305233 51214                       0.0009523    0.00021  78.4%  40.3  117s
 309867 52281    0.00074   60   46    0.00095    0.00021  78.4%  40.3  120s
 322934 55416    0.00071   76   41    0.00095    0.00021  78.4%  40.0  125s
H328306 56476                       0.0009523    0.00021  78.4%  40.0  127s
 335519 56880 infeasible   50         0.00095    0.00021  78.4%  39.9  130s
H336682 56880                       0.0009523    0.00021  78.4%  39.9  130s
 347386 58467     cutoff   63         0.00095    0.00021  78.4%  39.9  135s
 359945 61388    0.00021   68   50    0.00095    0.00021  78.4%  39.9  140s
 373129 63820     cutoff   64         0.00095    0.00021  78.4%  39.8  145s
 387123 67048    0.00079   71   58    0.00095    0.00021  78.4%  39.6  150s
H391322 67952                       0.0009523    0.00021  78.4%  39.6  151s
 398790 69661     cutoff   46         0.00095    0.00021  78.4%  39.6  155s
 414598 71818     cutoff   52         0.00095    0.00021  78.4%  39.6  160s
 424871 74434 infeasible   44         0.00095    0.00021  78.4%  39.6  165s
H432371 76140                       0.0009523    0.00021  78.4%  39.5  167s
 438064 76962     cutoff   50         0.00095    0.00021  78.4%  39.4  170s
 453720 79804    0.00021   35   43    0.00095    0.00021  78.4%  39.3  175s
 466435 82009 infeasible   38         0.00095    0.00021  78.4%  39.3  180s
 478183 83984    0.00027   53   62    0.00095    0.00021  78.4%  39.2  185s
 494670 87000 infeasible   63         0.00095    0.00021  78.4%  39.0  190s
 510793 90253     cutoff   53         0.00095    0.00021  78.4%  39.1  195s
 526057 92850    0.00084   38   45    0.00095    0.00021  78.4%  39.1  200s
 538157 95164     cutoff   44         0.00095    0.00021  78.4%  39.2  205s
 553601 97961    0.00021   51   39    0.00095    0.00021  78.4%  39.2  210s
H555490 97919                       0.0009523    0.00021  78.4%  39.2  211s
 563682 99501 infeasible   48         0.00095    0.00021  78.4%  39.2  215s
 577022 102720    0.00021   55   55    0.00095    0.00021  78.4%  39.1  220s
 588613 105015 infeasible   50         0.00095    0.00021  78.4%  39.1  225s
 602458 107794    0.00022   46   48    0.00095    0.00021  78.4%  39.0  230s
 619046 110658    0.00034   59   45    0.00095    0.00021  78.4%  38.9  235s
 634347 114071 infeasible   49         0.00095    0.00021  78.4%  38.8  240s
 648673 117761     cutoff   58         0.00095    0.00021  78.4%  38.8  246s
 662579 121101 infeasible   75         0.00095    0.00021  78.4%  38.7  250s
 675964 124045     cutoff   61         0.00095    0.00021  78.4%  38.6  255s
H685082 126030                       0.0009523    0.00021  78.4%  38.5  259s
 686710 126407     cutoff   47         0.00095    0.00021  78.4%  38.5  260s
 698584 128681     cutoff   49         0.00095    0.00021  78.4%  38.5  265s
H707110 130242                       0.0009523    0.00021  78.4%  38.5  268s
 710334 131348     cutoff   64         0.00095    0.00021  78.4%  38.5  270s
 724517 134177 infeasible   57         0.00095    0.00021  78.4%  38.5  275s
 739979 137782    0.00071   47   32    0.00095    0.00021  78.4%  38.5  280s
 749936 140729    0.00064   70   53    0.00095    0.00021  78.4%  38.5  285s
H754128 124020                       0.0007203    0.00021  71.4%  38.5  286s
*754135 102199              73       0.0003730    0.00021  44.8%  38.5  286s
 764954 103834    0.00021   41   48    0.00037    0.00021  44.8%  38.4  290s
H770324 104434                       0.0003730    0.00021  44.8%  38.4  291s
H774941 105066                       0.0003730    0.00021  44.8%  38.4  293s
H775048 105153                       0.0003730    0.00021  44.8%  38.4  293s
 779735 106384     cutoff   63         0.00037    0.00021  44.8%  38.4  295s
H788537 106207                       0.0003605    0.00021  42.9%  38.3  298s
 792595 106849 infeasible   46         0.00036    0.00021  42.9%  38.3  300s
H801128 108590                       0.0003605    0.00021  42.9%  38.3  303s
 803286 109704    0.00021   57   53    0.00036    0.00021  42.9%  38.3  305s
 819151 112799    0.00025   80   45    0.00036    0.00021  42.9%  38.3  310s
 833188 115588     cutoff   58         0.00036    0.00021  42.9%  38.2  315s
H834705 115588                       0.0003605    0.00021  42.9%  38.3  315s
 846866 118318     cutoff   65         0.00036    0.00021  42.9%  38.3  320s
 862591 120965     cutoff  102         0.00036    0.00021  42.9%  38.2  325s
 876725 123471    0.00021   43   46    0.00036    0.00021  42.9%  38.2  330s
 891842 127276 infeasible   70         0.00036    0.00021  42.9%  38.1  335s
H899796 127539                       0.0003502    0.00021  41.2%  38.1  337s
H902897 128276                       0.0003502    0.00021  41.2%  38.1  339s
H903591 128837                       0.0003502    0.00021  41.2%  38.1  339s
 905518 129130 infeasible   58         0.00035    0.00021  41.2%  38.1  340s
H914341 130682                       0.0003476    0.00021  40.8%  38.0  343s
H918297 131360                       0.0003471    0.00021  40.7%  38.0  344s
 918516 131984    0.00021   39   54    0.00035    0.00021  40.7%  38.0  345s
 932723 135267 infeasible   55         0.00035    0.00021  40.7%  37.9  350s
 945987 138552 infeasible   60         0.00035    0.00021  40.7%  37.9  355s
H950055 139000                       0.0003471    0.00021  40.7%  37.8  357s
H956337 140704                       0.0003471    0.00021  40.7%  37.8  359s
 958135 141405     cutoff   65         0.00035    0.00021  40.7%  37.8  360s
 972961 144958 infeasible   64         0.00035    0.00021  40.7%  37.8  365s
H975330 144964                       0.0003471    0.00021  40.7%  37.8  366s
H975343 144962                       0.0003471    0.00021  40.7%  37.8  366s
H978731 145579                       0.0003471    0.00021  40.7%  37.8  367s
 984453 147535 infeasible   48         0.00035    0.00021  40.7%  37.8  370s
H989709 148401                       0.0003471    0.00021  40.7%  37.8  371s
 1000075 151591    0.00022   69   54    0.00035    0.00021  40.7%  37.8  375s
H1002422 151592                       0.0003471    0.00021  40.7%  37.8  376s
H1013694 154233                       0.0003471    0.00021  40.7%  37.7  379s
 1014749 154389    0.00021   44   52    0.00035    0.00021  40.7%  37.7  380s
 1028053 157540    0.00024   61   68    0.00035    0.00021  40.7%  37.7  385s
 1042248 160249    0.00021   53   50    0.00035    0.00021  40.7%  37.7  390s
 1058827 162975    0.00027   67   60    0.00035    0.00021  40.7%  37.6  395s
 1072163 165891    0.00021   72   46    0.00035    0.00021  40.7%  37.6  400s
H1075713 166145                       0.0003471    0.00021  40.7%  37.6  402s
 1083376 168186    0.00023   49   65    0.00035    0.00021  40.7%  37.6  405s
H1092207 169495                       0.0003471    0.00021  40.7%  37.6  408s
 1098770 170407 infeasible   72         0.00035    0.00021  40.7%  37.5  410s
H1105965 171264                       0.0003471    0.00021  40.7%  37.5  412s
H1109604 171692                       0.0003471    0.00021  40.7%  37.5  414s
 1111616 172156    0.00021   50   53    0.00035    0.00021  40.7%  37.5  415s
 1125786 173830     cutoff   55         0.00035    0.00021  40.7%  37.5  420s
 1139814 175736    0.00021   59   46    0.00035    0.00021  40.7%  37.5  425s
 1155019 178086     cutoff   63         0.00035    0.00021  40.7%  37.5  430s
H1163125 179471                       0.0003471    0.00021  40.7%  37.5  433s
 1167125 180677    0.00021   50   66    0.00035    0.00021  40.7%  37.5  435s
 1182475 183218    0.00021   50   55    0.00035    0.00021  40.7%  37.5  440s
H1190711 184486                       0.0003471    0.00021  40.7%  37.5  441s
 1199426 185619 infeasible   41         0.00035    0.00021  40.7%  37.4  445s
 1213942 188416    0.00021   51   32    0.00035    0.00021  40.7%  37.4  450s
 1231603 191383    0.00021   57   57    0.00035    0.00021  40.7%  37.3  455s
 1245650 193422    0.00021   42   43    0.00035    0.00021  40.7%  37.3  460s
 1260665 196634    0.00022   53   65    0.00035    0.00021  40.7%  37.3  465s
 1279205 200040 infeasible   45         0.00035    0.00021  40.7%  37.2  470s
 1294091 203336    0.00025   67   42    0.00035    0.00021  40.7%  37.2  475s
 1312966 206488    0.00021   41   51    0.00035    0.00021  40.7%  37.1  480s
H1312996 206482                       0.0003471    0.00021  40.7%  37.1  480s
 1328859 209871 infeasible   48         0.00035    0.00021  40.7%  37.1  485s
 1343370 212416    0.00024   64   55    0.00035    0.00021  40.7%  37.1  490s
H1346837 212852                       0.0003471    0.00021  40.7%  37.1  491s
 1358137 215158    0.00024   53   64    0.00035    0.00021  40.7%  37.1  495s
 1373492 218199 infeasible   45         0.00035    0.00021  40.7%  37.1  500s
 1388269 221126     cutoff   65         0.00035    0.00021  40.7%  37.1  505s
 1402891 224211     cutoff   62         0.00035    0.00021  40.7%  37.1  510s
 1419758 227375 infeasible   48         0.00035    0.00021  40.7%  37.1  515s
 1434670 230790    0.00021   63   52    0.00035    0.00021  40.7%  37.1  520s
 1450232 233839    0.00030   65   53    0.00035    0.00021  40.7%  37.1  525s
 1463674 236836     cutoff   67         0.00035    0.00021  40.7%  37.1  530s
 1479349 239846    0.00032   64   48    0.00035    0.00021  40.7%  37.1  535s
 1492153 243053    0.00021   82   53    0.00035    0.00021  40.7%  37.1  540s
 1507120 246023    0.00021   33   48    0.00035    0.00021  40.7%  37.1  545s
 1520178 249176    0.00021   75   48    0.00035    0.00021  40.7%  37.1  550s
 1536533 252619     cutoff   75         0.00035    0.00021  40.7%  37.1  555s
 1556723 257054 infeasible   66         0.00035    0.00021  40.7%  37.1  560s
 1569889 259702    0.00021   65   55    0.00035    0.00021  40.7%  37.1  565s
 1587959 264094    0.00021   55   57    0.00035    0.00021  40.7%  37.1  571s
H1587964 264092                       0.0003470    0.00021  40.7%  37.1  571s
H1588199 264216                       0.0003470    0.00021  40.7%  37.1  571s
H1588774 264213                       0.0003470    0.00021  40.7%  37.1  571s
H1588800 264673                       0.0003470    0.00021  40.7%  37.1  571s
 1600514 266777     cutoff   45         0.00035    0.00021  40.7%  37.1  575s
H1606016 267301                       0.0003470    0.00021  40.7%  37.1  577s
H1606329 267481                       0.0003470    0.00021  40.7%  37.1  577s
H1607891 267980                       0.0003470    0.00021  40.7%  37.1  578s
 1615457 269365    0.00021   46   53    0.00035    0.00021  40.7%  37.1  580s
 1628765 271963     cutoff   52         0.00035    0.00021  40.7%  37.1  585s
 1645714 274232 infeasible   43         0.00035    0.00021  40.7%  37.1  590s
 1660680 277080     cutoff   74         0.00035    0.00021  40.7%  37.1  595s
H1672432 279179                       0.0003469    0.00021  40.7%  37.1  598s
 1674577 280190    0.00021   64   55    0.00035    0.00021  40.7%  37.1  600s
H1678015 280405                       0.0003469    0.00021  40.7%  37.1  600s
H1688710 282713                       0.0003468    0.00021  40.7%  37.1  604s
 1692420 284034    0.00021   44   51    0.00035    0.00021  40.7%  37.1  605s
H1704751 285656                       0.0003468    0.00021  40.7%  37.0  609s
 1706677 286239     cutoff   57         0.00035    0.00021  40.7%  37.0  610s
H1720805 288569                       0.0003468    0.00021  40.7%  36.9  614s
H1721006 288817                       0.0003468    0.00021  40.7%  36.9  614s
 1721810 289527    0.00021   60   70    0.00035    0.00021  40.7%  36.9  615s
H1722483 289527                       0.0003468    0.00021  40.7%  36.9  615s
H1723620 289527                       0.0003468    0.00021  40.7%  36.9  615s
 1738931 293579    0.00021   54   46    0.00035    0.00021  40.7%  36.9  620s
 1754736 296988     cutoff   73         0.00035    0.00021  40.7%  36.8  625s
 1771881 299934 infeasible   67         0.00035    0.00021  40.7%  36.8  630s
 1787335 303371     cutoff   71         0.00035    0.00021  40.7%  36.8  635s
 1805569 306174    0.00021   56   46    0.00035    0.00021  40.7%  36.8  640s
 1824060 311117     cutoff   65         0.00035    0.00021  40.7%  36.8  645s
 1840458 315748    0.00021   63   56    0.00035    0.00021  40.7%  36.7  650s
H1851543 318680                       0.0003463    0.00021  40.6%  36.7  653s
H1853147 319554                       0.0003463    0.00021  40.6%  36.7  654s
 1854631 319553 infeasible   67         0.00035    0.00021  40.6%  36.7  656s
H1854655 319553                       0.0003463    0.00021  40.6%  36.7  656s
H1856285 320361                       0.0003463    0.00021  40.6%  36.7  657s
 1868354 322786     cutoff   78         0.00035    0.00021  40.6%  36.7  660s
H1868792 322783                       0.0003463    0.00021  40.6%  36.7  660s
H1871158 322787                       0.0003463    0.00021  40.6%  36.7  661s
 1883290 325276    0.00021   56   48    0.00035    0.00021  40.6%  36.7  665s
 1896575 327407 infeasible   54         0.00035    0.00021  40.6%  36.7  670s
 1909397 329861 infeasible   52         0.00035    0.00021  40.6%  36.6  675s
 1924483 333722    0.00021   50   53    0.00035    0.00021  40.6%  36.6  680s
 1938068 336794    0.00029   64   63    0.00035    0.00021  40.6%  36.6  685s
H1954145 339952                       0.0003436    0.00021  40.1%  36.6  688s
 1955443 339955    0.00032   68   65    0.00034    0.00021  40.1%  36.6  690s
H1955445 339952                       0.0003435    0.00021  40.1%  36.6  690s
H1955458 324692                       0.0002892    0.00021  28.8%  36.6  690s
H1955984 324782                       0.0002892    0.00021  28.8%  36.6  690s
H1958563 325327                       0.0002892    0.00021  28.8%  36.6  691s
H1960208 325820                       0.0002892    0.00021  28.8%  36.6  692s
H1961448 325968                       0.0002892    0.00021  28.8%  36.6  692s
 1966624 326998    0.00021   80   48    0.00029    0.00021  28.8%  36.6  695s
H1966750 326998                       0.0002892    0.00021  28.8%  36.6  695s
H1966894 325415                       0.0002858    0.00021  28.0%  36.6  695s
H1971171 326837                       0.0002858    0.00021  28.0%  36.6  696s
 1984038 329002 infeasible   47         0.00029    0.00021  28.0%  36.6  700s
 1998851 331626     cutoff   70         0.00029    0.00021  28.0%  36.6  705s
H2005135 332774                       0.0002858    0.00021  28.0%  36.6  708s
 2011150 333896    0.00021   46   49    0.00029    0.00021  28.0%  36.6  710s
H2019422 334503                       0.0002858    0.00021  28.0%  36.6  712s
H2020495 334657                       0.0002858    0.00021  28.0%  36.6  712s
H2021750 334758                       0.0002851    0.00021  27.8%  36.6  714s
H2021942 235661                       0.0002154    0.00021  4.45%  36.6  714s
H2022076 235657                       0.0002154    0.00021  4.45%  36.6  714s
H2022428 225284                       0.0002133    0.00021  3.51%  36.5  714s
 2024291 225467     cutoff   56         0.00021    0.00021  3.51%  36.5  715s
H2025459 225467                       0.0002133    0.00021  3.51%  36.5  715s
H2026559 225722                       0.0002133    0.00021  3.51%  36.5  715s
H2028923 224778                       0.0002131    0.00021  3.43%  36.5  716s
H2030765 183153                       0.0002077    0.00021  0.93%  36.5  718s
 2035282 183882    0.00021   55   48    0.00021    0.00021  0.93%  36.5  720s
 2051805 185758     cutoff   64         0.00021    0.00021  0.93%  36.5  725s
H2057248 186091                       0.0002077    0.00021  0.93%  36.5  726s
 2066912 187148 infeasible   51         0.00021    0.00021  0.93%  36.5  730s
H2067177 187138                       0.0002077    0.00021  0.93%  36.5  730s
H2070988 187619                       0.0002077    0.00021  0.93%  36.5  731s
H2077957 188634                       0.0002077    0.00021  0.93%  36.4  733s
H2079672 189033                       0.0002077    0.00021  0.93%  36.4  733s
H2081614 189118                       0.0002077    0.00021  0.93%  36.4  734s
 2084381 189296     cutoff   56         0.00021    0.00021  0.93%  36.4  735s
 2103021 191954 infeasible   59         0.00021    0.00021  0.93%  36.4  740s
 2118493 194079    0.00021   65   52    0.00021    0.00021  0.93%  36.3  745s
H2128829 181855                       0.0002068    0.00021  0.48%  36.3  748s
H2129141 175154                       0.0002065    0.00021  0.33%  36.3  748s
H2130287 171806                       0.0002063    0.00021  0.26%  36.3  749s
H2131657 171774                       0.0002063    0.00021  0.26%  36.3  749s
 2132878 172060     cutoff   61         0.00021    0.00021  0.26%  36.3  750s
H2133767 172058                       0.0002063    0.00021  0.26%  36.3  750s
H2142576 173214                       0.0002063    0.00021  0.26%  36.3  753s
H2145289 173799                       0.0002063    0.00021  0.26%  36.3  754s
 2147952 174243    0.00021   61   42    0.00021    0.00021  0.26%  36.3  755s
 2162900 176121    0.00021   59   40    0.00021    0.00021  0.26%  36.2  760s
 2182278 178417    0.00021   59   51    0.00021    0.00021  0.26%  36.1  765s
H2192031 179100                       0.0002063    0.00021  0.26%  36.1  766s
 2199749 180101 infeasible   62         0.00021    0.00021  0.26%  36.1  770s
 2219745 182743    0.00021   94   55    0.00021    0.00021  0.26%  36.0  775s
 2239123 184817     cutoff   80         0.00021    0.00021  0.26%  36.0  780s
 2255480 186327 infeasible   70         0.00021    0.00021  0.26%  35.9  785s
 2266267 186913 infeasible   66         0.00021    0.00021  0.26%  35.9  790s
 2275039 187783    0.00021   65   47    0.00021    0.00021  0.26%  36.0  795s
 2287019 189569    0.00021   54   44    0.00021    0.00021  0.26%  36.0  800s
 2303035 191974     cutoff   49         0.00021    0.00021  0.26%  36.0  805s
 2313629 193489     cutoff   57         0.00021    0.00021  0.26%  36.0  810s
 2324246 195992     cutoff   91         0.00021    0.00021  0.26%  36.1  815s
 2334638 197678    0.00021   80   53    0.00021    0.00021  0.26%  36.1  820s
 2351354 199765 infeasible   78         0.00021    0.00021  0.26%  36.1  825s
 2362924 201075    0.00021   63   39    0.00021    0.00021  0.26%  36.1  830s
H2372514 202455                       0.0002063    0.00021  0.26%  36.1  832s
H2375608 202751                       0.0002063    0.00021  0.26%  36.1  832s
H2376661 202858                       0.0002063    0.00021  0.26%  36.1  833s
 2381380 203354 infeasible   94         0.00021    0.00021  0.26%  36.1  835s
H2381394 203354                       0.0002063    0.00021  0.26%  36.1  835s
H2383450 203813                       0.0002063    0.00021  0.26%  36.1  836s
H2385581 203800                       0.0002063    0.00021  0.26%  36.1  836s
 2397353 205791     cutoff   91         0.00021    0.00021  0.26%  36.1  840s
 2414926 208463     cutoff   70         0.00021    0.00021  0.26%  36.1  845s
 2430447 211057    0.00021   52   76    0.00021    0.00021  0.26%  36.1  850s
 2444412 211951     cutoff   53         0.00021    0.00021  0.26%  36.1  855s
 2458966 213387    0.00021   57   43    0.00021    0.00021  0.26%  36.1  860s
 2474010 214569    0.00021   50   40    0.00021    0.00021  0.26%  36.1  865s
 2494565 216131 infeasible   71         0.00021    0.00021  0.26%  36.1  870s
 2513747 219151 infeasible   85         0.00021    0.00021  0.26%  36.1  875s
H2524565 219945                       0.0002063    0.00021  0.26%  36.1  878s
 2527735 220514    0.00021   44   33    0.00021    0.00021  0.26%  36.1  880s
 2543978 221968 infeasible   58         0.00021    0.00021  0.26%  36.0  885s
H2556649 223499                       0.0002063    0.00021  0.26%  36.0  889s
H2559016 223839                       0.0002063    0.00021  0.26%  36.0  890s
H2559814 223778                       0.0002063    0.00021  0.26%  36.0  890s
 2572938 225748    0.00021   44   52    0.00021    0.00021  0.26%  36.0  895s
 2594883 228012    0.00021   62   43    0.00021    0.00021  0.26%  36.0  900s
 2610327 230031    0.00021   70   70    0.00021    0.00021  0.26%  36.0  905s
 2627639 232125 infeasible   48         0.00021    0.00021  0.26%  36.0  910s
 2644652 234460     cutoff   75         0.00021    0.00021  0.26%  36.0  915s
 2660510 236625     cutoff   54         0.00021    0.00021  0.26%  36.0  920s
 2677555 239463     cutoff   75         0.00021    0.00021  0.26%  35.9  925s
 2699264 241834     cutoff   69         0.00021    0.00021  0.26%  35.9  930s
 2713058 245167    0.00021   72   48    0.00021    0.00021  0.26%  35.9  936s
 2724054 246547     cutoff   69         0.00021    0.00021  0.26%  35.9  940s
 2741357 248730    0.00021   53   41    0.00021    0.00021  0.26%  35.9  945s
H2754688 249649                       0.0002063    0.00021  0.26%  35.9  949s
 2755890 249682     cutoff   83         0.00021    0.00021  0.26%  35.9  950s
H2757875 250025                       0.0002063    0.00021  0.26%  35.9  950s
 2771738 250807    0.00021   54   47    0.00021    0.00021  0.26%  35.8  955s
H2782719 251490                       0.0002063    0.00021  0.26%  35.8  957s
 2789674 252360 infeasible   78         0.00021    0.00021  0.26%  35.8  960s
 2811130 254868 infeasible   68         0.00021    0.00021  0.26%  35.7  965s
 2828726 257104     cutoff   67         0.00021    0.00021  0.26%  35.7  970s
 2845754 258481     cutoff   70         0.00021    0.00021  0.26%  35.7  975s
 2863324 260120     cutoff   65         0.00021    0.00021  0.26%  35.7  980s
 2881399 262334    0.00021   76   34    0.00021    0.00021  0.26%  35.6  985s
 2899150 263266     cutoff   72         0.00021    0.00021  0.26%  35.6  990s
 2919628 263803    0.00021   61   49    0.00021    0.00021  0.26%  35.5  995s
 2937471 266215    0.00021   97   52    0.00021    0.00021  0.26%  35.5 1000s
 2955871 268672    0.00021   54   55    0.00021    0.00021  0.26%  35.5 1005s
 2972350 270707 infeasible   57         0.00021    0.00021  0.26%  35.4 1010s
 2986540 272447     cutoff   68         0.00021    0.00021  0.26%  35.4 1015s
 3003765 274093     cutoff   42         0.00021    0.00021  0.26%  35.4 1020s
H3011481 274300                       0.0002063    0.00021  0.26%  35.4 1021s
H3014884 274416                       0.0002063    0.00021  0.26%  35.4 1022s
 3020090 274916    0.00021   59   33    0.00021    0.00021  0.26%  35.4 1025s
 3038241 276396     cutoff   60         0.00021    0.00021  0.26%  35.4 1030s
 3050372 278199    0.00021   61   36    0.00021    0.00021  0.26%  35.4 1035s
 3069541 278952    0.00021   63   47    0.00021    0.00021  0.26%  35.4 1040s
 3083439 279817    0.00021   74   41    0.00021    0.00021  0.26%  35.3 1045s
 3101004 280858    0.00021   66   42    0.00021    0.00021  0.26%  35.3 1050s
 3122491 282911    0.00021   56   45    0.00021    0.00021  0.26%  35.3 1055s
 3139082 284472    0.00021   72   54    0.00021    0.00021  0.26%  35.3 1060s
 3153916 285807    0.00021   40   47    0.00021    0.00021  0.26%  35.3 1065s
 3170122 286710     cutoff   62         0.00021    0.00021  0.26%  35.2 1070s
 3186382 288870    0.00021   44   62    0.00021    0.00021  0.26%  35.2 1075s
 3200748 290653     cutoff   57         0.00021    0.00021  0.26%  35.2 1080s
 3216487 291968     cutoff   72         0.00021    0.00021  0.26%  35.2 1085s
 3236689 294503     cutoff   56         0.00021    0.00021  0.26%  35.2 1090s
 3251662 296543    0.00021   65   42    0.00021    0.00021  0.26%  35.2 1095s
 3266433 299215 infeasible   50         0.00021    0.00021  0.26%  35.2 1100s
 3283236 300707    0.00021   62   42    0.00021    0.00021  0.26%  35.2 1105s
 3300539 302618    0.00021   76   45    0.00021    0.00021  0.26%  35.1 1110s
 3316321 304087     cutoff   49         0.00021    0.00021  0.26%  35.1 1115s
 3336586 307029     cutoff   82         0.00021    0.00021  0.26%  35.2 1120s
 3353387 308495    0.00021   50   50    0.00021    0.00021  0.26%  35.2 1125s
 3369351 310515 infeasible   64         0.00021    0.00021  0.26%  35.2 1130s
 3384848 312011 infeasible   78         0.00021    0.00021  0.26%  35.2 1135s
 3399731 313537 infeasible   71         0.00021    0.00021  0.26%  35.2 1140s
 3417344 314879    0.00021   43   44    0.00021    0.00021  0.26%  35.2 1145s
 3435647 316039    0.00021   51   44    0.00021    0.00021  0.26%  35.2 1150s
 3451643 316951 infeasible   73         0.00021    0.00021  0.26%  35.2 1155s
 3468919 318112 infeasible   56         0.00021    0.00021  0.26%  35.2 1160s
 3483377 319398    0.00021   63   52    0.00021    0.00021  0.26%  35.2 1165s
 3501986 321363    0.00021   58   45    0.00021    0.00021  0.26%  35.2 1170s
 3518488 323003    0.00021   55   62    0.00021    0.00021  0.26%  35.2 1175s
 3537735 324537    0.00021   65   63    0.00021    0.00021  0.26%  35.2 1180s
 3556882 326909    0.00021   62   64    0.00021    0.00021  0.26%  35.2 1185s
 3574128 328953 infeasible   75         0.00021    0.00021  0.26%  35.2 1190s
 3591614 330956     cutoff   79         0.00021    0.00021  0.26%  35.2 1195s
 3607409 332858     cutoff   75         0.00021    0.00021  0.26%  35.2 1200s
 3624157 334649    0.00021   46   55    0.00021    0.00021  0.26%  35.2 1205s
 3638958 336560    0.00021   79   49    0.00021    0.00021  0.26%  35.2 1210s
 3654678 338386    0.00021   80   73    0.00021    0.00021  0.26%  35.2 1215s
 3670372 340235     cutoff   60         0.00021    0.00021  0.26%  35.2 1220s
 3684705 341669    0.00021   51   51    0.00021    0.00021  0.26%  35.2 1225s
 3704453 344087     cutoff   55         0.00021    0.00021  0.26%  35.2 1230s
 3720948 346209    0.00021   50   42    0.00021    0.00021  0.26%  35.2 1235s
 3735248 348439    0.00021   77   67    0.00021    0.00021  0.26%  35.2 1240s
 3752093 349616     cutoff   60         0.00021    0.00021  0.26%  35.2 1245s
 3768017 351143    0.00021   63   56    0.00021    0.00021  0.26%  35.2 1250s
 3783310 352417     cutoff   86         0.00021    0.00021  0.26%  35.2 1255s
 3800385 355159     cutoff   43         0.00021    0.00021  0.26%  35.2 1260s
 3818148 357680 infeasible   68         0.00021    0.00021  0.26%  35.2 1265s
H3818163 357669                       0.0002063    0.00021  0.26%  35.2 1265s
H3820738 357990                       0.0002063    0.00021  0.25%  35.2 1266s
H3822413 358099                       0.0002063    0.00021  0.25%  35.2 1266s
H3826702 358602                       0.0002063    0.00021  0.25%  35.2 1268s
H3827657 358568                       0.0002063    0.00021  0.25%  35.2 1268s
 3832709 359323    0.00021   50   39    0.00021    0.00021  0.25%  35.2 1270s
 3849732 361255 infeasible   46         0.00021    0.00021  0.25%  35.2 1275s
 3862900 363687    0.00021   65   66    0.00021    0.00021  0.25%  35.3 1280s
 3876802 365080    0.00021   57   46    0.00021    0.00021  0.25%  35.3 1285s
 3894601 366952    0.00021   74   50    0.00021    0.00021  0.25%  35.3 1290s
 3911427 368722 infeasible   86         0.00021    0.00021  0.25%  35.3 1295s
 3924355 370192    0.00021   57   58    0.00021    0.00021  0.25%  35.3 1300s
 3937006 371497    0.00021   61   55    0.00021    0.00021  0.25%  35.4 1305s
 3948709 372810    0.00021   72   75    0.00021    0.00021  0.25%  35.4 1310s
 3962126 374093    0.00021   71   47    0.00021    0.00021  0.25%  35.4 1315s
 3978827 375900     cutoff   70         0.00021    0.00021  0.25%  35.4 1320s
 3995026 377935    0.00021   43   49    0.00021    0.00021  0.25%  35.5 1325s
 4008762 379899    0.00021   47   59    0.00021    0.00021  0.25%  35.5 1330s
 4023934 381716     cutoff   40         0.00021    0.00021  0.25%  35.6 1335s
 4037816 382930    0.00021   52   59    0.00021    0.00021  0.25%  35.6 1340s
H4044701 380296                       0.0002062    0.00021  0.21%  35.6 1342s
 4050345 380899     cutoff   51         0.00021    0.00021  0.21%  35.7 1345s
 4064428 382452 infeasible   56         0.00021    0.00021  0.21%  35.7 1350s
 4081111 383934    0.00021   62   51    0.00021    0.00021  0.21%  35.7 1355s
 4098836 384745    0.00021   63   54    0.00021    0.00021  0.21%  35.7 1360s
 4113468 386317 infeasible   44         0.00021    0.00021  0.21%  35.7 1365s
 4131398 386911 infeasible   78         0.00021    0.00021  0.21%  35.6 1370s
H4135534 386973                       0.0002062    0.00021  0.21%  35.6 1371s
H4137581 387010                       0.0002062    0.00021  0.21%  35.6 1372s
 4144848 387438    0.00021   76   38    0.00021    0.00021  0.21%  35.6 1375s
 4161700 388530 infeasible   60         0.00021    0.00021  0.21%  35.6 1380s
 4176316 389415     cutoff   77         0.00021    0.00021  0.21%  35.6 1385s
 4196260 391479    0.00021   60   46    0.00021    0.00021  0.21%  35.6 1390s
H4196275 391469                       0.0002062    0.00021  0.21%  35.6 1390s
 4214651 393647 infeasible   54         0.00021    0.00021  0.21%  35.6 1395s
 4229297 395667    0.00021   62   51    0.00021    0.00021  0.21%  35.6 1400s
 4244510 397070     cutoff   57         0.00021    0.00021  0.21%  35.6 1405s
H4260105 397621                       0.0002062    0.00021  0.19%  35.6 1409s
 4262031 397769    0.00021   60   41    0.00021    0.00021  0.19%  35.6 1410s
H4262111 394694                       0.0002061    0.00021  0.16%  35.6 1410s
H4265253 393174                       0.0002061    0.00021  0.14%  35.6 1411s
H4267443 393490                       0.0002061    0.00021  0.14%  35.6 1411s
H4269861 371891                       0.0002059    0.00021  0.03%  35.5 1412s
H4274419 372480                       0.0002059    0.00021  0.03%  35.5 1414s
 4275243 372664     cutoff   60         0.00021    0.00021  0.03%  35.5 1415s
 4299915 375799    0.00021   52   47    0.00021    0.00021  0.03%  35.5 1421s
 4316609 378881     cutoff   62         0.00021    0.00021  0.03%  35.5 1425s
H4323692 372313                       0.0002058    0.00021  0.01%  35.5 1427s
H4330323 373050                       0.0002058    0.00021  0.01%  35.5 1429s
 4333296 373701     cutoff   62         0.00021    0.00021  0.01%  35.5 1430s
H4335351 373708                       0.0002058    0.00021  0.01%  35.5 1430s
H4345310 372320                       0.0002058    0.00021  0.01%  35.4 1434s

Cutting planes:
  Gomory: 1
  Cover: 5
  Implied bound: 41
  Clique: 4
  MIR: 14
  Flow cover: 42
  RLT: 26
  Relax-and-lift: 19

Explored 4345318 nodes (153978619 simplex iterations) in 1434.19 seconds (718.22 work units)
Thread count was 12 (of 12 available processors)

Solution count 10: 0.000205824 0.000205831 0.000205863 ... 0.000206334

Optimal solution found (tolerance 1.00e-04)
Best objective 2.058243867655e-04, best bound 2.058065039990e-04, gap 0.0087%
