
Gurobi 11.0.2 (win64) logging started Thu Oct  3 04:09:32 2024

Set parameter LogFile to value ".\Experiments\Track_k_e_2_reruns\Logs\Track_k_e_2_reruns_r5_c1.log"
Set parameter TimeLimit to value 3600
Gurobi Optimizer version 11.0.2 build v11.0.2rc0 (win64 - Windows 10.0 (19045.2))

CPU model: Intel(R) Core(TM) i7-10750H CPU @ 2.60GHz, instruction set [SSE2|AVX|AVX2]
Thread count: 6 physical cores, 12 logical processors, using up to 12 threads

Optimize a model with 298 rows, 462 columns and 1052 nonzeros
Model fingerprint: 0x8ee6f5b8
Model has 6 quadratic objective terms
Model has 68 quadratic constraints
Model has 116 general constraints
Variable types: 458 continuous, 4 integer (4 binary)
Coefficient statistics:
  Matrix range     [9e-06, 1e+02]
  QMatrix range    [1e+00, 1e+00]
  QLMatrix range   [1e+00, 1e+00]
  Objective range  [1e-02, 2e-01]
  QObjective range [2e+00, 2e+00]
  Bounds range     [8e-05, 9e+01]
  RHS range        [8e-05, 1e+02]
  QRHS range       [1e-06, 1e-06]
Presolve added 60 rows and 0 columns
Presolve removed 0 rows and 97 columns
Presolve time: 0.01s
Presolved: 599 rows, 374 columns, 1671 nonzeros
Presolved model has 2 SOS constraint(s)
Presolved model has 4 quadratic objective terms
Presolved model has 57 bilinear constraint(s)
Presolved model has 4 nonlinear constraint(s)
Warning: Model contains variables with very large bounds participating
         in nonlinear terms.
         Presolve was not able to compute smaller bounds for these variables.
         Consider bounding these variables or reformulating the model.


Solving non-convex MINLP

Variable types: 284 continuous, 90 integer (90 binary)

Root relaxation: objective 2.058065e-04, 435 iterations, 0.00 seconds (0.00 work units)

    Nodes    |    Current Node    |     Objective Bounds      |     Work
 Expl Unexpl |  Obj  Depth IntInf | Incumbent    BestBd   Gap | It/Node Time

     0     0    0.00021    0   57          -    0.00021      -     -    0s
     0     0    0.00021    0   57          -    0.00021      -     -    0s
     0     0    0.00021    0  102          -    0.00021      -     -    0s
     0     0    0.00021    0  102          -    0.00021      -     -    0s
     0     0    0.00021    0  107          -    0.00021      -     -    0s
     0     0    0.00021    0  106          -    0.00021      -     -    0s
     0     0    0.00021    0  104          -    0.00021      -     -    0s
     0     0    0.00021    0   64          -    0.00021      -     -    0s
     0     2    0.00021    0   64          -    0.00021      -     -    0s
 13250  4197 infeasible   69               -    0.00021      -  35.6    5s
 27938  7313    0.46438   54   48          -    0.00021      -  37.8   10s
H41072  2475                       0.0009790    0.00021  79.0%  37.2   13s
 42799  2278     cutoff   68         0.00098    0.00021  79.0%  37.4   15s
H48825  2749                       0.0009252    0.00021  77.8%  37.3   18s
H49687  2812                       0.0009252    0.00021  77.8%  37.4   19s
 52387  3268     cutoff   62         0.00093    0.00021  77.8%  37.5   20s
 60742  4468    0.00065   59   33    0.00093    0.00021  77.8%  37.1   25s
 70202  5646     cutoff   66         0.00093    0.00021  77.8%  37.8   30s
 82771  7556    0.00084   68   48    0.00093    0.00021  77.8%  39.1   35s
 90799  8822     cutoff   80         0.00093    0.00021  77.8%  40.7   40s
 106046 10343    0.00021   46   54    0.00093    0.00021  77.8%  42.3   45s
H107507  9739                       0.0008384    0.00021  75.5%  42.4   46s
H109111  5148                       0.0008351    0.00021  75.4%  42.4   46s
H114433  4960                       0.0008350    0.00021  75.4%  42.0   48s
 121272  6695 infeasible   75         0.00084    0.00021  75.4%  41.4   50s
 138243 10070     cutoff   73         0.00084    0.00021  75.4%  39.8   55s
 151137 11602    0.00032   87   41    0.00084    0.00021  75.4%  38.9   60s
 166396 12866     cutoff   77         0.00084    0.00021  75.4%  37.8   65s
 180374 14508    0.00044  103   49    0.00084    0.00021  75.4%  37.1   70s
 195179 16476 infeasible   93         0.00084    0.00021  75.4%  36.6   75s
 213707 18424 infeasible   86         0.00084    0.00021  75.4%  35.8   80s
 228215 20671    0.00041   88   39    0.00084    0.00021  75.4%  35.4   85s
 243304 23119    0.00021   87   57    0.00084    0.00021  75.4%  35.3   90s
 257887 25243 infeasible   74         0.00084    0.00021  75.4%  35.3   95s
 272549 26943 infeasible   53         0.00084    0.00021  75.4%  35.0  100s
 287042 28496     cutoff   66         0.00084    0.00021  75.4%  34.8  105s
 299997 30762    0.00021   71   54    0.00084    0.00021  75.4%  34.8  110s
 315380 33454    0.00048   89   36    0.00084    0.00021  75.4%  34.6  115s
 334781 35852 infeasible   86         0.00084    0.00021  75.4%  34.1  120s
 347273 38077 infeasible   69         0.00084    0.00021  75.4%  33.9  125s
 358247 39000    0.00021   65   51    0.00084    0.00021  75.4%  33.9  130s
 378855 40731    0.00021   66   51    0.00084    0.00021  75.4%  33.3  135s
 394505 43675    0.00034   78   50    0.00084    0.00021  75.4%  33.1  140s
 413988 46641    0.00021   95   51    0.00084    0.00021  75.4%  32.9  145s
 429763 49742    0.00021   85   37    0.00084    0.00021  75.4%  32.8  150s
 444558 52065    0.00021   85   49    0.00084    0.00021  75.4%  32.7  155s
 461473 54929     cutoff   83         0.00084    0.00021  75.4%  32.4  160s
 477869 57476    0.00021   86   60    0.00084    0.00021  75.4%  32.2  165s
 491677 59199    0.00031   72   60    0.00084    0.00021  75.4%  32.1  170s
 503836 61135     cutoff   76         0.00084    0.00021  75.4%  32.0  175s
 519154 63198    0.00059   94   54    0.00084    0.00021  75.4%  32.1  180s
 534665 65886    0.00021   65   35    0.00084    0.00021  75.4%  32.1  185s
 548853 67944 infeasible   76         0.00084    0.00021  75.4%  32.1  190s
 564132 69670     cutoff   84         0.00084    0.00021  75.4%  32.0  195s
 580078 71454 infeasible   74         0.00084    0.00021  75.4%  31.8  200s
 592353 72730 infeasible   72         0.00084    0.00021  75.4%  31.8  205s
 609356 75386 infeasible   57         0.00084    0.00021  75.4%  31.6  210s
 626339 78289     cutoff   85         0.00084    0.00021  75.4%  31.5  215s
 643812 80632 infeasible   84         0.00084    0.00021  75.4%  31.5  220s
 658343 82572    0.00022   75   54    0.00084    0.00021  75.4%  31.4  225s
 672566 84739 infeasible   76         0.00084    0.00021  75.4%  31.4  230s
 687334 86164    0.00021   71   43    0.00084    0.00021  75.4%  31.4  235s
 704225 87861    0.00021   62   67    0.00084    0.00021  75.4%  31.3  240s
 716875 89570    0.00021   70   56    0.00084    0.00021  75.4%  31.2  245s
 731324 90976    0.00021   81   36    0.00084    0.00021  75.4%  31.2  250s
 746473 93156    0.00021   53   62    0.00084    0.00021  75.4%  31.1  255s
 764336 95222    0.00021   80   54    0.00084    0.00021  75.4%  31.0  260s
 780515 96906    0.00021   64   54    0.00084    0.00021  75.4%  30.9  265s
 793337 98314    0.00021   69   49    0.00084    0.00021  75.4%  30.8  270s
 809420 100890    0.00021   61   52    0.00084    0.00021  75.4%  30.8  275s
 822455 102874    0.00024   78   57    0.00084    0.00021  75.4%  30.8  280s
 837644 105285    0.00024   80   38    0.00084    0.00021  75.4%  30.8  285s
 850471 107303    0.00021   88   40    0.00084    0.00021  75.4%  30.8  290s
H864464 105596                       0.0006995    0.00021  70.6%  30.8  294s
 864677 105770     cutoff   87         0.00070    0.00021  70.6%  30.8  295s
H872046 102102                       0.0005366    0.00021  61.6%  30.8  296s
H879943 103179                       0.0005365    0.00021  61.6%  30.8  299s
 879948 103400    0.00021   70   44    0.00054    0.00021  61.6%  30.8  300s
H880530 103400                       0.0005365    0.00021  61.6%  30.8  300s
H881020 103400                       0.0005365    0.00021  61.6%  30.8  300s
H886419 104022                       0.0005365    0.00021  61.6%  30.8  301s
H888899 104287                       0.0005365    0.00021  61.6%  30.8  302s
 894807 105196 infeasible   76         0.00054    0.00021  61.6%  30.8  305s
H896391 105196                       0.0005365    0.00021  61.6%  30.8  305s
H899387 105535                       0.0005365    0.00021  61.6%  30.8  306s
H909014 106569                       0.0005365    0.00021  61.6%  30.8  309s
H909015 105141                       0.0005083    0.00021  59.5%  30.8  309s
 909029 105306    0.00040   80   46    0.00051    0.00021  59.5%  30.8  310s
H910692 105500                       0.0005083    0.00021  59.5%  30.8  310s
 923845 107002    0.00024   83   53    0.00051    0.00021  59.5%  30.8  315s
 935179 108183    0.00021   82   40    0.00051    0.00021  59.5%  30.8  320s
H944285 108650                       0.0005083    0.00021  59.5%  30.9  322s
H945060 108730                       0.0005082    0.00021  59.5%  30.9  322s
H946738 108850                       0.0005082    0.00021  59.5%  30.9  323s
H947510 108874                       0.0005075    0.00021  59.4%  30.9  324s
 949792 109109    0.00025   86   35    0.00051    0.00021  59.4%  30.9  325s
H952806 109192                       0.0005075    0.00021  59.4%  30.9  325s
H954346 109355                       0.0005075    0.00021  59.4%  30.9  326s
H959313 109818                       0.0005075    0.00021  59.4%  30.9  328s
H961984 110168                       0.0005075    0.00021  59.4%  30.9  329s
H963076 110168                       0.0005075    0.00021  59.4%  30.9  329s
 965311 110526     cutoff   91         0.00051    0.00021  59.4%  30.9  330s
H967258 110665                       0.0005075    0.00021  59.4%  30.9  331s
H969884 110765                       0.0005074    0.00021  59.4%  30.9  331s
H970390 110925                       0.0005074    0.00021  59.4%  30.9  332s
H971086 110925                       0.0005074    0.00021  59.4%  30.9  332s
H971229 110925                       0.0005074    0.00021  59.4%  30.9  332s
 976903 111374     cutoff   90         0.00051    0.00021  59.4%  30.9  335s
H984171 111960                       0.0005074    0.00021  59.4%  31.0  337s
H984623 112067                       0.0005073    0.00021  59.4%  31.0  338s
H984800 112060                       0.0005073    0.00021  59.4%  31.0  338s
H986004 112196                       0.0005073    0.00021  59.4%  31.0  339s
H987147 112196                       0.0005073    0.00021  59.4%  31.0  339s
H988103 112441                       0.0005073    0.00021  59.4%  31.0  339s
 989615 112716    0.00023   74   42    0.00051    0.00021  59.4%  31.0  340s
H997238 113788                       0.0005073    0.00021  59.4%  31.0  343s
H998355 114033                       0.0005073    0.00021  59.4%  31.0  343s
H1002578 114388                       0.0005073    0.00021  59.4%  31.1  344s
 1002872 114608     cutoff   84         0.00051    0.00021  59.4%  31.1  345s
H1011184 113996                       0.0004767    0.00021  56.8%  31.1  348s
 1017209 115331    0.00027   86   48    0.00048    0.00021  56.8%  31.2  350s
H1020722 115527                       0.0004767    0.00021  56.8%  31.2  351s
H1027012 115594                       0.0004637    0.00021  55.6%  31.2  353s
 1030495 116260    0.00027   88   40    0.00046    0.00021  55.6%  31.3  355s
H1034984 110449                       0.0003914    0.00021  47.4%  31.3  357s
H1037762 110890                       0.0003913    0.00021  47.4%  31.3  358s
 1042303 111627 infeasible   76         0.00039    0.00021  47.4%  31.3  360s
 1058012 113363     cutoff   79         0.00039    0.00021  47.4%  31.3  365s
 1073130 115467     cutoff   76         0.00039    0.00021  47.4%  31.2  370s
H1073385 115440                       0.0003911    0.00021  47.4%  31.2  370s
H1073572 115608                       0.0003911    0.00021  47.4%  31.2  370s
H1073690 115605                       0.0003911    0.00021  47.4%  31.2  370s
H1074334 115603                       0.0003910    0.00021  47.4%  31.3  370s
H1077366 115972                       0.0003910    0.00021  47.4%  31.3  371s
 1085806 116839     cutoff   71         0.00039    0.00021  47.4%  31.3  375s
H1086176 116833                       0.0003910    0.00021  47.4%  31.3  375s
H1087375 117007                       0.0003910    0.00021  47.4%  31.3  375s
H1094691 118026                       0.0003910    0.00021  47.4%  31.3  377s
H1099409 118574                       0.0003910    0.00021  47.4%  31.3  379s
 1101538 118967     cutoff   75         0.00039    0.00021  47.4%  31.3  380s
H1114348 117221                       0.0003672    0.00021  44.0%  31.4  384s
 1114661 117429    0.00022   76   65    0.00037    0.00021  44.0%  31.4  385s
H1115421 116067                       0.0003580    0.00021  42.5%  31.4  385s
H1117486 115439                       0.0003536    0.00021  41.8%  31.4  385s
H1117656 115439                       0.0003536    0.00021  41.8%  31.4  385s
H1118708 115154                       0.0003520    0.00021  41.5%  31.4  386s
H1120539 115238                       0.0003514    0.00021  41.4%  31.4  387s
 1129805 116137     cutoff   78         0.00035    0.00021  41.4%  31.4  390s
H1133325 116324                       0.0003514    0.00021  41.4%  31.4  392s
 1142543 117224    0.00021   75   44    0.00035    0.00021  41.4%  31.4  395s
 1155887 118485    0.00021   75   50    0.00035    0.00021  41.4%  31.4  400s
H1165590 119326                       0.0003514    0.00021  41.4%  31.4  403s
 1170415 119859    0.00021   62   46    0.00035    0.00021  41.4%  31.4  405s
 1187417 122346    0.00030   87   58    0.00035    0.00021  41.4%  31.4  410s
 1198641 123636    0.00021   78   42    0.00035    0.00021  41.4%  31.4  415s
H1209874 124765                       0.0003514    0.00021  41.4%  31.3  417s
 1216017 125632    0.00021   85   45    0.00035    0.00021  41.4%  31.3  420s
H1225702 125882                       0.0003488    0.00021  41.0%  31.3  423s
 1232990 126727     cutoff   90         0.00035    0.00021  41.0%  31.3  425s
H1239012 126969                       0.0003488    0.00021  41.0%  31.3  427s
H1241479 127272                       0.0003488    0.00021  41.0%  31.3  428s
 1247832 127635    0.00022   95   54    0.00035    0.00021  41.0%  31.3  430s
H1251857 127436                       0.0003472    0.00021  40.7%  31.3  431s
H1254042 127332                       0.0003452    0.00021  40.4%  31.3  432s
H1262117 128021                       0.0003451    0.00021  40.4%  31.3  434s
 1262281 128038    0.00021   69   52    0.00035    0.00021  40.4%  31.3  435s
 1273825 129602 infeasible   73         0.00035    0.00021  40.4%  31.2  440s
 1289304 130418     cutoff   76         0.00035    0.00021  40.4%  31.2  445s
 1308687 131748    0.00026   86   40    0.00035    0.00021  40.4%  31.1  450s
 1325443 132699    0.00021   78   52    0.00035    0.00021  40.4%  31.1  455s
 1338664 133281     cutoff   73         0.00035    0.00021  40.4%  31.1  460s
 1356161 135239    0.00021   89   41    0.00035    0.00021  40.4%  31.0  465s
 1372035 136713    0.00021   90   54    0.00035    0.00021  40.4%  31.0  470s
 1388850 138324    0.00021   65   54    0.00035    0.00021  40.4%  31.0  475s
 1401820 139414     cutoff   91         0.00035    0.00021  40.4%  31.0  480s
 1416733 141301    0.00021   84   53    0.00035    0.00021  40.4%  30.9  485s
 1436256 142917 infeasible   93         0.00035    0.00021  40.4%  30.8  490s
 1451494 144344    0.00021   93   44    0.00035    0.00021  40.4%  30.7  495s
H1458278 144517                       0.0003451    0.00021  40.4%  30.6  496s
 1467783 145188    0.00021   77   45    0.00035    0.00021  40.4%  30.6  500s
H1472511 145460                       0.0003451    0.00021  40.4%  30.6  501s
 1482457 146296     cutoff   87         0.00035    0.00021  40.4%  30.6  505s
H1489676 146826                       0.0003451    0.00021  40.4%  30.6  508s
 1495507 147158    0.00026   92   43    0.00035    0.00021  40.4%  30.6  510s
H1495510 147155                       0.0003451    0.00021  40.4%  30.6  510s
H1495724 147347                       0.0003451    0.00021  40.4%  30.6  510s
 1508216 148681 infeasible   68         0.00035    0.00021  40.4%  30.6  515s
H1509009 148681                       0.0003451    0.00021  40.4%  30.6  515s
H1515837 149470                       0.0003451    0.00021  40.4%  30.5  517s
H1516942 149695                       0.0003451    0.00021  40.4%  30.5  518s
H1519232 149872                       0.0003451    0.00021  40.4%  30.5  518s
H1519711 149866                       0.0003451    0.00021  40.4%  30.5  519s
 1519713 150092    0.00021   80   37    0.00035    0.00021  40.4%  30.5  520s
 1534585 152081    0.00021   57   54    0.00035    0.00021  40.4%  30.5  525s
H1544757 152666                       0.0003451    0.00021  40.4%  30.5  528s
H1544760 152665                       0.0003451    0.00021  40.4%  30.5  528s
 1546774 153098     cutoff   77         0.00035    0.00021  40.4%  30.5  530s
 1560713 154193    0.00021   75   42    0.00035    0.00021  40.4%  30.5  535s
H1562113 154193                       0.0003450    0.00021  40.4%  30.5  535s
H1572183 155047                       0.0003450    0.00021  40.4%  30.5  539s
H1572203 155047                       0.0003450    0.00021  40.4%  30.5  539s
 1572204 155146     cutoff   82         0.00035    0.00021  40.4%  30.5  540s
H1581708 155951                       0.0003450    0.00021  40.4%  30.5  542s
H1582849 156023                       0.0003450    0.00021  40.4%  30.5  542s
 1589989 156613 infeasible   66         0.00035    0.00021  40.4%  30.5  545s
H1596727 157419                       0.0003450    0.00021  40.4%  30.5  547s
H1599081 157567                       0.0003450    0.00021  40.4%  30.5  547s
 1603292 157962    0.00030   80   42    0.00035    0.00021  40.4%  30.5  550s
 1620109 159890    0.00021   73   50    0.00035    0.00021  40.4%  30.5  555s
 1632982 161300    0.00021   81   47    0.00035    0.00021  40.4%  30.5  560s
H1633978 161300                       0.0003450    0.00021  40.4%  30.5  560s
H1639894 161677                       0.0003450    0.00021  40.3%  30.5  561s
H1643470 162112                       0.0003450    0.00021  40.3%  30.5  562s
H1643833 162139                       0.0003450    0.00021  40.3%  30.5  563s
 1648058 163212     cutoff   91         0.00034    0.00021  40.3%  30.5  565s
 1664298 165395    0.00023   87   54    0.00034    0.00021  40.3%  30.5  570s
 1679401 166860    0.00021   87   49    0.00034    0.00021  40.3%  30.5  575s
H1684664 167195                       0.0003449    0.00021  40.3%  30.5  576s
H1686944 167639                       0.0003449    0.00021  40.3%  30.5  576s
H1695357 168346                       0.0003449    0.00021  40.3%  30.5  579s
 1695613 168657 infeasible   82         0.00034    0.00021  40.3%  30.5  580s
H1697524 168656                       0.0003449    0.00021  40.3%  30.5  580s
H1705466 169222                       0.0003449    0.00021  40.3%  30.5  583s
 1712513 170075     cutoff   80         0.00034    0.00021  40.3%  30.4  585s
 1727724 171091    0.00021   80   49    0.00034    0.00021  40.3%  30.4  590s
 1743039 172135    0.00021   56   62    0.00034    0.00021  40.3%  30.4  595s
 1753407 172942 infeasible   82         0.00034    0.00021  40.3%  30.4  600s
H1764674 173925                       0.0003449    0.00021  40.3%  30.3  602s
H1767990 174080                       0.0003449    0.00021  40.3%  30.3  604s
 1770321 174341     cutoff   77         0.00034    0.00021  40.3%  30.3  605s
 1785127 176081    0.00021   81   52    0.00034    0.00021  40.3%  30.3  610s
H1793121 177083                       0.0003449    0.00021  40.3%  30.3  612s
 1799663 177809 infeasible   80         0.00034    0.00021  40.3%  30.3  615s
H1799832 177807                       0.0003449    0.00021  40.3%  30.3  615s
H1808011 178666                       0.0003449    0.00021  40.3%  30.3  617s
 1814673 179465    0.00021   67   54    0.00034    0.00021  40.3%  30.3  620s
H1821441 180041                       0.0003449    0.00021  40.3%  30.2  622s
 1831082 181363    0.00029   93   44    0.00034    0.00021  40.3%  30.2  625s
 1848162 183158 infeasible   70         0.00034    0.00021  40.3%  30.2  630s
H1850821 183452                       0.0003448    0.00021  40.3%  30.2  631s
H1856438 183905                       0.0003448    0.00021  40.3%  30.1  632s
H1859504 184105                       0.0003448    0.00021  40.3%  30.1  633s
H1859639 184104                       0.0003448    0.00021  40.3%  30.1  633s
 1862473 184355     cutoff   84         0.00034    0.00021  40.3%  30.1  635s
 1882463 186466    0.00021   80   51    0.00034    0.00021  40.3%  30.1  640s
 1901271 188440    0.00028   82   29    0.00034    0.00021  40.3%  30.1  645s
 1917192 190220    0.00022   69   50    0.00034    0.00021  40.3%  30.1  650s
 1928928 191722 infeasible   84         0.00034    0.00021  40.3%  30.0  655s
 1944177 193187    0.00021   74   64    0.00034    0.00021  40.3%  30.0  660s
 1959990 194800    0.00021   74   48    0.00034    0.00021  40.3%  30.0  665s
 1974704 196613    0.00021   84   44    0.00034    0.00021  40.3%  30.0  670s
 1992750 198122 infeasible   73         0.00034    0.00021  40.3%  30.1  675s
 2007818 199247     cutoff   78         0.00034    0.00021  40.3%  30.1  680s
 2026685 200278    0.00021   72   60    0.00034    0.00021  40.3%  30.1  685s
H2028402 200448                       0.0003448    0.00021  40.3%  30.1  686s
 2042467 201973 infeasible   93         0.00034    0.00021  40.3%  30.1  690s
 2056424 203638    0.00023   78   40    0.00034    0.00021  40.3%  30.1  695s
 2068988 204995    0.00021   74   47    0.00034    0.00021  40.3%  30.2  700s
 2086210 207320 infeasible   75         0.00034    0.00021  40.3%  30.2  705s
 2101509 208771     cutoff   75         0.00034    0.00021  40.3%  30.2  710s
 2119204 210195    0.00021   86   48    0.00034    0.00021  40.3%  30.2  715s
 2132917 212181    0.00021   78   59    0.00034    0.00021  40.3%  30.2  720s
 2145895 213506    0.00021   77   44    0.00034    0.00021  40.3%  30.1  725s
 2161616 214803     cutoff   87         0.00034    0.00021  40.3%  30.1  730s
 2174876 216428 infeasible   84         0.00034    0.00021  40.3%  30.1  735s
 2190016 217871    0.00021   85   55    0.00034    0.00021  40.3%  30.1  740s
H2194563 218487                       0.0003447    0.00021  40.3%  30.1  741s
H2197536 218779                       0.0003447    0.00021  40.3%  30.1  742s
 2205188 219471     cutoff   85         0.00034    0.00021  40.3%  30.1  745s
H2211072 219994                       0.0003447    0.00021  40.3%  30.1  746s
H2213945 220220                       0.0003447    0.00021  40.3%  30.1  748s
 2220674 220998    0.00021   73   69    0.00034    0.00021  40.3%  30.1  750s
 2231319 222668    0.00021   78   44    0.00034    0.00021  40.3%  30.0  755s
 2245222 224017 infeasible   81         0.00034    0.00021  40.3%  30.0  760s
 2263207 225640    0.00021   65   47    0.00034    0.00021  40.3%  30.0  765s
H2269890 226284                       0.0003447    0.00021  40.3%  30.0  767s
H2274028 226729                       0.0003447    0.00021  40.3%  30.0  768s
 2279606 227430    0.00021   70   49    0.00034    0.00021  40.3%  29.9  770s
 2296559 229269    0.00022   73   52    0.00034    0.00021  40.3%  29.9  775s
 2314337 232172    0.00030   81   34    0.00034    0.00021  40.3%  29.8  780s
 2335696 233635     cutoff   66         0.00034    0.00021  40.3%  29.8  785s
 2355961 235393    0.00025   83   32    0.00034    0.00021  40.3%  29.8  790s
 2370163 236494    0.00021   81   57    0.00034    0.00021  40.3%  29.8  795s
 2386793 238455 infeasible   93         0.00034    0.00021  40.3%  29.7  800s
 2404152 240356    0.00021   66   43    0.00034    0.00021  40.3%  29.7  805s
 2419122 241634     cutoff   77         0.00034    0.00021  40.3%  29.7  810s
H2432886 242723                       0.0003447    0.00021  40.3%  29.7  814s
H2433193 242993                       0.0003447    0.00021  40.3%  29.7  815s
H2434169 242991                       0.0003447    0.00021  40.3%  29.7  815s
H2447765 244680                       0.0003447    0.00021  40.3%  29.7  818s
 2451678 245983    0.00021   91   47    0.00034    0.00021  40.3%  29.7  820s
H2452480 245983                       0.0003447    0.00021  40.3%  29.7  820s
 2471222 248080     cutoff   73         0.00034    0.00021  40.3%  29.6  825s
 2489900 249786    0.00023   85   42    0.00034    0.00021  40.3%  29.6  830s
 2506271 251188    0.00026   81   42    0.00034    0.00021  40.3%  29.6  835s
 2522111 252558    0.00022   78   51    0.00034    0.00021  40.3%  29.6  840s
 2534373 254111    0.00031   76   52    0.00034    0.00021  40.3%  29.5  845s
 2551577 256149     cutoff   63         0.00034    0.00021  40.3%  29.5  850s
 2565431 257625 infeasible   75         0.00034    0.00021  40.3%  29.5  855s
H2568031 257905                       0.0003447    0.00021  40.3%  29.5  855s
 2581262 259318     cutoff   77         0.00034    0.00021  40.3%  29.5  860s
 2597031 260899    0.00021   77   54    0.00034    0.00021  40.3%  29.5  865s
 2612226 262636    0.00021   77   43    0.00034    0.00021  40.3%  29.5  870s
 2626362 264547    0.00021   81   42    0.00034    0.00021  40.3%  29.5  875s
 2643784 266722     cutoff   79         0.00034    0.00021  40.3%  29.5  880s
 2659196 268456    0.00024   90   54    0.00034    0.00021  40.3%  29.5  885s
 2674049 270262    0.00021   71   46    0.00034    0.00021  40.3%  29.6  890s
 2686743 271650    0.00021   81   51    0.00034    0.00021  40.3%  29.6  895s
 2702109 273026    0.00021   78   45    0.00034    0.00021  40.3%  29.6  900s
 2718932 274630 infeasible   87         0.00034    0.00021  40.3%  29.6  905s
 2732368 275935     cutoff   83         0.00034    0.00021  40.3%  29.6  910s
 2751461 277382    0.00021   84   46    0.00034    0.00021  40.3%  29.6  915s
 2767618 278445    0.00021   91   56    0.00034    0.00021  40.3%  29.5  920s
 2787307 280470    0.00021   77   52    0.00034    0.00021  40.3%  29.5  925s
 2805378 281824 infeasible   74         0.00034    0.00021  40.3%  29.5  930s
 2820602 283375    0.00029   83   44    0.00034    0.00021  40.3%  29.5  935s
H2834312 284419                       0.0003447    0.00021  40.3%  29.4  938s
 2839082 285115    0.00021   85   43    0.00034    0.00021  40.3%  29.4  940s
 2857737 286610 infeasible   90         0.00034    0.00021  40.3%  29.4  945s
 2875151 288687 infeasible   82         0.00034    0.00021  40.3%  29.4  950s
 2893592 290109     cutoff   89         0.00034    0.00021  40.3%  29.4  955s
 2909766 291271 infeasible   90         0.00034    0.00021  40.3%  29.4  960s
 2926492 292333 infeasible   91         0.00034    0.00021  40.3%  29.4  965s
 2941853 293439 infeasible   84         0.00034    0.00021  40.3%  29.4  970s
 2958237 294633    0.00021   62   53    0.00034    0.00021  40.3%  29.4  975s
 2973832 295781     cutoff   77         0.00034    0.00021  40.3%  29.4  980s
 2988698 297130     cutoff   71         0.00034    0.00021  40.3%  29.4  985s
H2993182 297201                       0.0003447    0.00021  40.3%  29.4  986s
 3003433 298099     cutoff   72         0.00034    0.00021  40.3%  29.4  990s
 3018569 299586    0.00021   81   48    0.00034    0.00021  40.3%  29.4  995s
 3034003 300774 infeasible   63         0.00034    0.00021  40.3%  29.4 1000s
 3050502 302693    0.00021   74   36    0.00034    0.00021  40.3%  29.5 1005s
 3063269 303904    0.00021   86   48    0.00034    0.00021  40.3%  29.5 1010s
 3081435 305622    0.00021   87   43    0.00034    0.00021  40.3%  29.5 1015s
 3096807 307655    0.00021   83   50    0.00034    0.00021  40.3%  29.5 1020s
 3112199 309468    0.00021   87   49    0.00034    0.00021  40.3%  29.5 1025s
 3128877 311481    0.00031   89   27    0.00034    0.00021  40.3%  29.5 1030s
 3147023 313618    0.00021   76   47    0.00034    0.00021  40.3%  29.6 1035s
 3164491 315853 infeasible   80         0.00034    0.00021  40.3%  29.6 1040s
 3179706 317851    0.00025   82   36    0.00034    0.00021  40.3%  29.6 1045s
 3196426 319166    0.00022   89   32    0.00034    0.00021  40.3%  29.5 1050s
 3212403 321271     cutoff   81         0.00034    0.00021  40.3%  29.5 1055s
H3215303 321483                       0.0003447    0.00021  40.3%  29.5 1055s
 3229210 322874    0.00032   85   47    0.00034    0.00021  40.3%  29.5 1060s
 3244504 324690    0.00021   85   44    0.00034    0.00021  40.3%  29.5 1065s
 3263725 326111     cutoff   86         0.00034    0.00021  40.3%  29.5 1070s
H3267160 326477                       0.0003447    0.00021  40.3%  29.5 1071s
 3276026 327071 infeasible   90         0.00034    0.00021  40.3%  29.5 1075s
 3289397 327815    0.00021   96   56    0.00034    0.00021  40.3%  29.5 1080s
 3309944 329512    0.00027   69   54    0.00034    0.00021  40.3%  29.5 1085s
 3326568 330792    0.00022   77   44    0.00034    0.00021  40.3%  29.5 1090s
 3342695 331953     cutoff   96         0.00034    0.00021  40.3%  29.5 1095s
 3358078 333122    0.00021   82   46    0.00034    0.00021  40.3%  29.5 1100s
 3373186 334228 infeasible   62         0.00034    0.00021  40.3%  29.5 1105s
 3389366 336053    0.00021   63   46    0.00034    0.00021  40.3%  29.5 1110s
 3406536 337846 infeasible   79         0.00034    0.00021  40.3%  29.5 1115s
 3424410 339636    0.00021   75   48    0.00034    0.00021  40.3%  29.5 1120s
 3443234 340696    0.00021   76   55    0.00034    0.00021  40.3%  29.5 1125s
 3462475 342507    0.00021   86   44    0.00034    0.00021  40.3%  29.5 1130s
 3480392 345072    0.00027   92   44    0.00034    0.00021  40.3%  29.5 1135s
 3498304 346433    0.00026   89   53    0.00034    0.00021  40.3%  29.5 1140s
 3515614 348349    0.00021   65   57    0.00034    0.00021  40.3%  29.5 1145s
 3531828 349916 infeasible   87         0.00034    0.00021  40.3%  29.4 1150s
 3548833 351467    0.00021   85   41    0.00034    0.00021  40.3%  29.4 1155s
 3565250 353183    0.00021   77   55    0.00034    0.00021  40.3%  29.4 1160s
H3565372 353183                       0.0003446    0.00021  40.3%  29.4 1160s
 3578741 354989    0.00021   80   57    0.00034    0.00021  40.3%  29.4 1165s
H3586858 355902                       0.0003446    0.00021  40.3%  29.4 1167s
H3588144 356096                       0.0003446    0.00021  40.3%  29.4 1168s
H3588211 356095                       0.0003446    0.00021  40.3%  29.4 1168s
 3594811 357019 infeasible   82         0.00034    0.00021  40.3%  29.4 1170s
 3608525 358484    0.00021   73   53    0.00034    0.00021  40.3%  29.4 1175s
H3615035 358878                       0.0003446    0.00021  40.3%  29.3 1177s
 3629396 359944    0.00033   88   58    0.00034    0.00021  40.3%  29.3 1180s
H3631671 359984                       0.0003446    0.00021  40.3%  29.3 1181s
 3645771 361370    0.00021   80   57    0.00034    0.00021  40.3%  29.3 1185s
 3660377 363289    0.00021   73   43    0.00034    0.00021  40.3%  29.3 1190s
H3663090 363362                       0.0003446    0.00021  40.3%  29.3 1191s
 3673960 364722    0.00022   91   49    0.00034    0.00021  40.3%  29.3 1195s
 3690625 366445 infeasible   92         0.00034    0.00021  40.3%  29.3 1200s
 3706981 368540     cutoff   80         0.00034    0.00021  40.3%  29.2 1205s
 3723495 369869    0.00021   69   46    0.00034    0.00021  40.3%  29.2 1210s
 3737969 370405    0.00021   76   44    0.00034    0.00021  40.3%  29.2 1215s
 3756287 371917     cutoff   83         0.00034    0.00021  40.3%  29.2 1220s
 3775306 373494    0.00021   69   51    0.00034    0.00021  40.3%  29.2 1225s
 3793331 374837 infeasible   85         0.00034    0.00021  40.3%  29.1 1230s
 3810326 377366    0.00023   98   38    0.00034    0.00021  40.3%  29.1 1235s
 3827587 380312    0.00022   88   43    0.00034    0.00021  40.3%  29.1 1240s
H3839547 382097                       0.0003446    0.00021  40.3%  29.1 1243s
 3843833 382568    0.00021   94   55    0.00034    0.00021  40.3%  29.1 1245s
 3859078 385009    0.00021   78   53    0.00034    0.00021  40.3%  29.1 1250s
 3875150 386282    0.00021   87   52    0.00034    0.00021  40.3%  29.1 1255s
 3890740 387732    0.00034   88   49    0.00034    0.00021  40.3%  29.1 1260s
 3907630 389709    0.00021   65   49    0.00034    0.00021  40.3%  29.1 1265s
 3926481 391735    0.00023   74   54    0.00034    0.00021  40.3%  29.1 1270s
 3946106 394632    0.00031   90   32    0.00034    0.00021  40.3%  29.0 1275s
 3964238 396521     cutoff   83         0.00034    0.00021  40.3%  29.0 1280s
H3978309 398089                       0.0003446    0.00021  40.3%  29.0 1283s
 3981523 398372    0.00021   73   45    0.00034    0.00021  40.3%  29.0 1285s
H3993535 399465                       0.0003446    0.00021  40.3%  29.0 1288s
 3997857 399674 infeasible   91         0.00034    0.00021  40.3%  29.0 1290s
 4013046 401160    0.00024   78   48    0.00034    0.00021  40.3%  29.0 1295s
 4030286 403011    0.00021   76   45    0.00034    0.00021  40.3%  29.0 1300s
 4053071 405772    0.00023   88   43    0.00034    0.00021  40.3%  29.0 1305s
 4071431 407609    0.00021   80   43    0.00034    0.00021  40.3%  28.9 1310s
 4092789 409673    0.00021   79   52    0.00034    0.00021  40.3%  28.9 1315s
 4113127 411650     cutoff   96         0.00034    0.00021  40.3%  28.9 1320s
 4129398 412937    0.00024   81   48    0.00034    0.00021  40.3%  28.9 1325s
 4145903 414354    0.00021   80   46    0.00034    0.00021  40.3%  28.9 1330s
 4159962 415491     cutoff   84         0.00034    0.00021  40.3%  28.9 1335s
 4177545 417301     cutoff   84         0.00034    0.00021  40.3%  28.9 1340s
 4197601 419034    0.00027   85   50    0.00034    0.00021  40.3%  28.9 1345s
H4199096 419034                       0.0003446    0.00021  40.3%  28.9 1345s
 4215798 421049 infeasible   84         0.00034    0.00021  40.3%  28.9 1350s
H4225459 422391                       0.0003446    0.00021  40.3%  28.9 1353s
 4235996 423626    0.00021   79   41    0.00034    0.00021  40.3%  28.8 1355s
 4259689 425970 infeasible   92         0.00034    0.00021  40.3%  28.8 1360s
 4277867 428529    0.00021   84   43    0.00034    0.00021  40.3%  28.8 1365s
 4302223 431348    0.00021   88   54    0.00034    0.00021  40.3%  28.7 1370s
 4327166 434878     cutoff   84         0.00034    0.00021  40.3%  28.7 1375s
 4346427 436932    0.00029   91   42    0.00034    0.00021  40.3%  28.6 1380s
 4361784 438551     cutoff   87         0.00034    0.00021  40.3%  28.7 1385s
H4366798 439109                       0.0003446    0.00021  40.3%  28.7 1386s
 4376287 440192    0.00021   86   48    0.00034    0.00021  40.3%  28.7 1390s
 4391849 442313    0.00021   87   54    0.00034    0.00021  40.3%  28.6 1395s
 4413390 445395     cutoff   93         0.00034    0.00021  40.3%  28.6 1400s
 4435634 447265    0.00021   79   41    0.00034    0.00021  40.3%  28.6 1405s
 4454036 449467    0.00034   89   51    0.00034    0.00021  40.3%  28.6 1410s
 4475064 452615     cutoff   81         0.00034    0.00021  40.3%  28.5 1415s
H4476894 452833                       0.0003446    0.00021  40.3%  28.5 1415s
H4487770 453781                       0.0003446    0.00021  40.3%  28.5 1418s
 4496814 455186    0.00021   77   44    0.00034    0.00021  40.3%  28.5 1420s
H4517753 457008                       0.0003446    0.00021  40.3%  28.5 1424s
 4518711 457113    0.00029   93   32    0.00034    0.00021  40.3%  28.5 1425s
 4536739 459118    0.00021   92   52    0.00034    0.00021  40.3%  28.4 1430s
 4556920 461397    0.00025  100   43    0.00034    0.00021  40.3%  28.4 1435s
 4576732 463664    0.00021   87   51    0.00034    0.00021  40.3%  28.4 1440s
 4597148 466625    0.00027   93   42    0.00034    0.00021  40.3%  28.4 1445s
 4615811 469001    0.00021   65   54    0.00034    0.00021  40.3%  28.4 1450s
 4637748 471355 infeasible   82         0.00034    0.00021  40.3%  28.4 1455s
H4658407 473046                       0.0003446    0.00021  40.3%  28.3 1459s
 4659648 473179    0.00021   87   54    0.00034    0.00021  40.3%  28.3 1460s
 4676228 474856 infeasible   58         0.00034    0.00021  40.3%  28.3 1465s
 4696078 476944    0.00021   91   53    0.00034    0.00021  40.3%  28.3 1470s
 4716100 478685     cutoff   89         0.00034    0.00021  40.3%  28.3 1475s
 4734180 480535    0.00021   84   42    0.00034    0.00021  40.3%  28.3 1480s
 4755549 482212     cutoff   93         0.00034    0.00021  40.3%  28.3 1485s
 4775170 484055    0.00024   92   32    0.00034    0.00021  40.3%  28.2 1490s
 4798179 486814    0.00021   87   44    0.00034    0.00021  40.3%  28.2 1495s
 4816629 488435     cutoff   77         0.00034    0.00021  40.3%  28.2 1500s
 4834550 490041    0.00021   89   35    0.00034    0.00021  40.3%  28.2 1505s
H4849058 491185                       0.0003446    0.00021  40.3%  28.2 1509s
 4852560 491671     cutoff   85         0.00034    0.00021  40.3%  28.2 1510s
 4870606 493367 infeasible   80         0.00034    0.00021  40.3%  28.2 1515s
 4887345 494913 infeasible   88         0.00034    0.00021  40.3%  28.2 1520s
 4905306 496525    0.00021   76   42    0.00034    0.00021  40.3%  28.2 1525s
 4921653 497902    0.00021   67   46    0.00034    0.00021  40.3%  28.2 1530s
 4935889 499453     cutoff   85         0.00034    0.00021  40.3%  28.2 1535s
 4948060 500811    0.00021   79   47    0.00034    0.00021  40.3%  28.2 1540s
 4964617 501566    0.00021   95   41    0.00034    0.00021  40.3%  28.2 1545s
 4983510 502410 infeasible   70         0.00034    0.00021  40.3%  28.2 1550s
 5003408 503140 infeasible   78         0.00034    0.00021  40.3%  28.2 1555s
 5022410 503438     cutoff   61         0.00034    0.00021  40.3%  28.2 1560s
 5037307 503982 infeasible   71         0.00034    0.00021  40.3%  28.2 1565s
 5053087 504560    0.00031   80   41    0.00034    0.00021  40.3%  28.1 1570s
 5068800 505317     cutoff   73         0.00034    0.00021  40.3%  28.1 1575s
 5084463 505870 infeasible   72         0.00034    0.00021  40.3%  28.1 1580s
 5101736 506244    0.00021   83   50    0.00034    0.00021  40.3%  28.1 1585s
 5116948 507467     cutoff   84         0.00034    0.00021  40.3%  28.1 1590s
 5132810 508988 infeasible   72         0.00034    0.00021  40.3%  28.1 1595s
 5149043 510587    0.00021   69   49    0.00034    0.00021  40.3%  28.1 1600s
 5164523 511690    0.00024   78   42    0.00034    0.00021  40.3%  28.1 1605s
 5182820 513060     cutoff   77         0.00034    0.00021  40.3%  28.2 1610s
H5182824 512909                       0.0003440    0.00021  40.2%  28.2 1610s
 5197524 514952    0.00021   79   39    0.00034    0.00021  40.2%  28.2 1615s
 5212524 516915 infeasible   80         0.00034    0.00021  40.2%  28.2 1620s
 5231004 519303 infeasible   76         0.00034    0.00021  40.2%  28.2 1625s
 5249246 521128    0.00022   70   48    0.00034    0.00021  40.2%  28.2 1630s
 5263763 522423     cutoff   77         0.00034    0.00021  40.2%  28.2 1635s
 5280539 523913    0.00021   77   61    0.00034    0.00021  40.2%  28.1 1640s
 5296685 524910    0.00021   58   55    0.00034    0.00021  40.2%  28.1 1645s
H5296924 524907                       0.0003440    0.00021  40.2%  28.1 1645s
H5298831 524919                       0.0003440    0.00021  40.2%  28.1 1646s
H5298836 524919                       0.0003440    0.00021  40.2%  28.1 1646s
H5301409 525077                       0.0003440    0.00021  40.2%  28.1 1647s
 5311074 525952    0.00024   66   57    0.00034    0.00021  40.2%  28.1 1650s
H5317126 526552                       0.0003440    0.00021  40.2%  28.1 1652s
 5327640 527023 infeasible   68         0.00034    0.00021  40.2%  28.1 1655s
 5344412 528310    0.00021   65   46    0.00034    0.00021  40.2%  28.1 1660s
H5344897 528291                       0.0003439    0.00021  40.2%  28.1 1660s
 5361633 529499    0.00024   86   45    0.00034    0.00021  40.2%  28.1 1665s
 5377495 530363     cutoff   73         0.00034    0.00021  40.2%  28.1 1670s
H5388572 530899                       0.0003439    0.00021  40.2%  28.1 1673s
 5390735 531183 infeasible   69         0.00034    0.00021  40.2%  28.1 1675s
 5408077 532432    0.00021   74   36    0.00034    0.00021  40.2%  28.1 1680s
 5422840 533271     cutoff   73         0.00034    0.00021  40.2%  28.1 1685s
 5437331 534592     cutoff   76         0.00034    0.00021  40.2%  28.1 1690s
H5440930 534882                       0.0003439    0.00021  40.2%  28.1 1691s
H5444690 535453                       0.0003439    0.00021  40.2%  28.1 1692s
 5450103 535861 infeasible   76         0.00034    0.00021  40.2%  28.1 1695s
 5464379 536978    0.00021   74   61    0.00034    0.00021  40.2%  28.0 1700s
 5478766 538051    0.00021   75   55    0.00034    0.00021  40.2%  28.1 1705s
H5491145 538735                       0.0003439    0.00021  40.2%  28.1 1709s
 5494088 538946    0.00026   81   33    0.00034    0.00021  40.2%  28.1 1710s
 5509800 540566 infeasible   72         0.00034    0.00021  40.2%  28.1 1715s
 5526442 542593    0.00021   72   47    0.00034    0.00021  40.2%  28.1 1720s
 5540202 544382 infeasible   82         0.00034    0.00021  40.2%  28.1 1725s
 5553594 545668    0.00021   68   48    0.00034    0.00021  40.2%  28.1 1730s
 5569772 547077    0.00023   88   33    0.00034    0.00021  40.2%  28.1 1735s
 5582339 548675    0.00032   70   46    0.00034    0.00021  40.2%  28.1 1740s
 5599468 549821    0.00021   63   60    0.00034    0.00021  40.2%  28.1 1745s
 5616490 551967 infeasible   88         0.00034    0.00021  40.2%  28.1 1750s
 5633614 553777    0.00021   82   46    0.00034    0.00021  40.2%  28.1 1755s
 5650084 555488     cutoff   91         0.00034    0.00021  40.2%  28.1 1760s
 5667663 556772    0.00022   83   46    0.00034    0.00021  40.2%  28.1 1765s
 5684566 557970 infeasible   77         0.00034    0.00021  40.2%  28.1 1770s
 5700722 559469    0.00025   81   48    0.00034    0.00021  40.2%  28.0 1775s
 5717950 560594    0.00021   72   46    0.00034    0.00021  40.2%  28.0 1780s
 5731178 561511     cutoff   74         0.00034    0.00021  40.2%  28.0 1785s
 5744729 562503    0.00022   92   51    0.00034    0.00021  40.2%  28.1 1790s
 5762220 563482     cutoff   70         0.00034    0.00021  40.2%  28.1 1795s
H5768535 564118                       0.0003439    0.00021  40.2%  28.1 1796s
 5779409 565418 infeasible   88         0.00034    0.00021  40.2%  28.1 1800s
 5796000 566937    0.00031   92   43    0.00034    0.00021  40.2%  28.0 1805s
H5808272 567653                       0.0003438    0.00021  40.1%  28.0 1808s
 5811850 568030    0.00021   80   47    0.00034    0.00021  40.1%  28.0 1810s
H5815635 568273                       0.0003438    0.00021  40.1%  28.0 1810s
H5822110 568867                       0.0003438    0.00021  40.1%  28.0 1813s
H5823800 569025                       0.0003438    0.00021  40.1%  28.0 1813s
H5824104 569025                       0.0003438    0.00021  40.1%  28.0 1813s
 5827521 569436    0.00021   65   51    0.00034    0.00021  40.1%  28.0 1815s
H5843065 570467                       0.0003438    0.00021  40.1%  28.0 1819s
H5844928 570466                       0.0003438    0.00021  40.1%  28.0 1820s
H5847621 570645                       0.0003438    0.00021  40.1%  28.0 1820s
 5859348 571638    0.00021   71   44    0.00034    0.00021  40.1%  28.0 1825s
 5876334 572664    0.00021   67   44    0.00034    0.00021  40.1%  28.0 1830s
 5888739 573383    0.00021   62   47    0.00034    0.00021  40.1%  28.0 1835s
 5905407 574356     cutoff   71         0.00034    0.00021  40.1%  28.0 1840s
 5921284 576494     cutoff   89         0.00034    0.00021  40.1%  28.0 1845s
 5939614 577674    0.00021   83   56    0.00034    0.00021  40.1%  28.0 1850s
 5954856 579077     cutoff   76         0.00034    0.00021  40.1%  28.0 1855s
 5970738 580296    0.00021   70   42    0.00034    0.00021  40.1%  28.0 1860s
 5987967 581432 infeasible   81         0.00034    0.00021  40.1%  28.0 1865s
H5999966 581897                       0.0003438    0.00021  40.1%  28.0 1867s
H6001648 581965                       0.0003438    0.00021  40.1%  28.0 1869s
 6003564 582238    0.00025   97   55    0.00034    0.00021  40.1%  28.0 1870s
H6004923 582288                       0.0003437    0.00021  40.1%  28.0 1870s
 6018026 583245    0.00021   68   47    0.00034    0.00021  40.1%  28.0 1875s
H6028605 584480                       0.0003437    0.00021  40.1%  28.0 1877s
H6030463 584738                       0.0003437    0.00021  40.1%  28.0 1879s
H6030470 584738                       0.0003437    0.00021  40.1%  28.0 1879s
 6032231 585209 infeasible   78         0.00034    0.00021  40.1%  28.0 1880s
 6049755 587524 infeasible   94         0.00034    0.00021  40.1%  28.0 1885s
 6068389 590490 infeasible   74         0.00034    0.00021  40.1%  28.0 1890s
 6086766 593214    0.00032   68   50    0.00034    0.00021  40.1%  28.0 1895s
 6103065 595039     cutoff   70         0.00034    0.00021  40.1%  28.0 1900s
 6118954 596138    0.00021   71   56    0.00034    0.00021  40.1%  28.0 1905s
 6138019 597930     cutoff   74         0.00034    0.00021  40.1%  28.0 1910s
 6153702 599685    0.00028   76   43    0.00034    0.00021  40.1%  28.0 1915s
 6171762 601847    0.00022   83   48    0.00034    0.00021  40.1%  28.0 1920s
H6180504 602817                       0.0003437    0.00021  40.1%  28.0 1922s
 6187103 603313 infeasible   78         0.00034    0.00021  40.1%  28.0 1925s
 6200907 604426    0.00021   69   46    0.00034    0.00021  40.1%  28.0 1930s
H6208354 604939                       0.0003437    0.00021  40.1%  28.0 1931s
 6218126 605939    0.00028   91   55    0.00034    0.00021  40.1%  28.0 1935s
H6229987 606684                       0.0003437    0.00021  40.1%  28.0 1938s
 6235435 607233    0.00025   80   52    0.00034    0.00021  40.1%  28.0 1940s
 6251877 608648 infeasible   87         0.00034    0.00021  40.1%  28.0 1945s
 6269876 609684 infeasible   79         0.00034    0.00021  40.1%  28.0 1950s
H6285183 610278                       0.0003437    0.00021  40.1%  28.0 1954s
 6285995 610338    0.00021   63   50    0.00034    0.00021  40.1%  28.0 1955s
 6303726 611314    0.00021   49   36    0.00034    0.00021  40.1%  28.0 1960s
 6324020 612112 infeasible   74         0.00034    0.00021  40.1%  28.0 1965s
 6339927 613453 infeasible   71         0.00034    0.00021  40.1%  28.0 1970s
 6356219 615265    0.00021   76   52    0.00034    0.00021  40.1%  28.0 1975s
 6371306 616631     cutoff   89         0.00034    0.00021  40.1%  28.0 1980s
 6389078 618188    0.00021   78   41    0.00034    0.00021  40.1%  28.0 1985s
H6393413 618427                       0.0003437    0.00021  40.1%  28.0 1986s
 6406428 619877    0.00030   88   47    0.00034    0.00021  40.1%  28.0 1990s
H6419888 621341                       0.0003436    0.00021  40.1%  28.0 1993s
H6421652 621461                       0.0003436    0.00021  40.1%  28.0 1994s
H6422577 621457                       0.0003436    0.00021  40.1%  28.0 1994s
H6422766 621435                       0.0003436    0.00021  40.1%  28.0 1994s
 6423451 621469    0.00031   88   40    0.00034    0.00021  40.1%  28.0 1995s
 6438542 623683     cutoff  105         0.00034    0.00021  40.1%  28.0 2000s
 6455772 625418 infeasible   49         0.00034    0.00021  40.1%  28.0 2005s
 6471868 627192     cutoff   93         0.00034    0.00021  40.1%  28.0 2010s
 6486551 628668    0.00021   84   45    0.00034    0.00021  40.1%  28.0 2015s
 6504796 630814    0.00021   89   50    0.00034    0.00021  40.1%  28.0 2020s
H6515815 632048                       0.0003435    0.00021  40.1%  28.0 2022s
 6521324 632527    0.00021   86   38    0.00034    0.00021  40.1%  28.0 2025s
H6530181 633402                       0.0003435    0.00021  40.1%  28.0 2027s
H6531472 633585                       0.0003435    0.00021  40.1%  28.0 2028s
H6532483 633765                       0.0003435    0.00021  40.1%  28.0 2028s
H6532927 633762                       0.0003435    0.00021  40.1%  28.0 2028s
 6535726 633996 infeasible   90         0.00034    0.00021  40.1%  27.9 2030s
 6551583 636265    0.00021   93   56    0.00034    0.00021  40.1%  28.0 2035s
 6565631 637910    0.00030   88   53    0.00034    0.00021  40.1%  28.0 2040s
 6582186 639191    0.00021   65   45    0.00034    0.00021  40.1%  27.9 2045s
 6597784 640366 infeasible   90         0.00034    0.00021  40.1%  27.9 2050s
H6600020 640615                       0.0003435    0.00021  40.1%  27.9 2051s
H6602896 640677                       0.0003434    0.00021  40.1%  27.9 2051s
 6611722 641134    0.00027   71   52    0.00034    0.00021  40.1%  28.0 2055s
H6622689 641991                       0.0003434    0.00021  40.1%  28.0 2058s
 6626537 642532    0.00021   71   45    0.00034    0.00021  40.1%  28.0 2060s
 6639834 644109    0.00021   79   55    0.00034    0.00021  40.1%  28.0 2065s
 6654933 645912     cutoff   81         0.00034    0.00021  40.1%  28.0 2070s
 6672325 647462     cutoff   83         0.00034    0.00021  40.1%  28.0 2075s
 6688925 648815 infeasible   82         0.00034    0.00021  40.1%  28.0 2080s
 6704770 650644    0.00021   60   57    0.00034    0.00021  40.1%  28.0 2085s
 6721741 652278 infeasible   80         0.00034    0.00021  40.1%  28.0 2090s
 6738346 654285     cutoff   93         0.00034    0.00021  40.1%  28.0 2095s
 6752820 656262     cutoff   66         0.00034    0.00021  40.1%  28.0 2100s
 6769107 657625    0.00021   71   48    0.00034    0.00021  40.1%  28.0 2105s
 6788202 659509     cutoff   70         0.00034    0.00021  40.1%  28.0 2110s
 6801825 660973    0.00021   84   52    0.00034    0.00021  40.1%  28.0 2115s
 6818679 661985    0.00021   58   48    0.00034    0.00021  40.1%  27.9 2120s
 6834596 663178     cutoff   55         0.00034    0.00021  40.1%  27.9 2125s
 6850955 664252    0.00021   56   49    0.00034    0.00021  40.1%  27.9 2130s
 6868819 665402     cutoff   75         0.00034    0.00021  40.1%  27.9 2135s
 6889023 666353     cutoff   61         0.00034    0.00021  40.1%  27.9 2140s
 6905483 667492 infeasible   63         0.00034    0.00021  40.1%  27.9 2145s
 6924259 668802    0.00021   74   50    0.00034    0.00021  40.1%  27.9 2150s
H6926236 668868                       0.0003434    0.00021  40.1%  27.9 2150s
 6941697 669355 infeasible   59         0.00034    0.00021  40.1%  27.9 2155s
H6945058 669565                       0.0003434    0.00021  40.1%  27.9 2156s
 6957552 670501 infeasible   90         0.00034    0.00021  40.1%  27.9 2160s
H6961451 670695                       0.0003434    0.00021  40.1%  27.9 2162s
H6966529 670873                       0.0003434    0.00021  40.1%  27.9 2163s
 6970838 671346    0.00021   74   42    0.00034    0.00021  40.1%  27.9 2165s
H6976962 671917                       0.0003434    0.00021  40.1%  27.9 2166s
 6986647 672851     cutoff   84         0.00034    0.00021  40.1%  27.9 2170s
 7004583 674589    0.00025  101   47    0.00034    0.00021  40.1%  27.9 2175s
 7023733 675662    0.00021   86   50    0.00034    0.00021  40.1%  27.9 2180s
 7041335 676193     cutoff   78         0.00034    0.00021  40.1%  27.9 2185s
 7059677 677281     cutoff   88         0.00034    0.00021  40.1%  27.9 2190s
 7076468 678640    0.00021   64   51    0.00034    0.00021  40.1%  27.9 2195s
 7095383 679517     cutoff   71         0.00034    0.00021  40.1%  27.9 2200s
 7111823 680706    0.00021   56   37    0.00034    0.00021  40.1%  27.9 2205s
 7129362 682134    0.00021   83   54    0.00034    0.00021  40.1%  27.8 2210s
 7147797 684053    0.00031   93   46    0.00034    0.00021  40.1%  27.8 2215s
 7168581 686092    0.00021   91   44    0.00034    0.00021  40.1%  27.8 2220s
 7186850 688395    0.00021   91   50    0.00034    0.00021  40.1%  27.8 2225s
H7190646 688698                       0.0003434    0.00021  40.1%  27.8 2225s
 7205167 690547 infeasible   74         0.00034    0.00021  40.1%  27.8 2230s
 7221091 692465 infeasible   84         0.00034    0.00021  40.1%  27.8 2235s
 7238782 694424     cutoff   80         0.00034    0.00021  40.1%  27.8 2240s
 7254818 696079    0.00025  104   44    0.00034    0.00021  40.1%  27.8 2245s
 7271332 698041    0.00022   86   48    0.00034    0.00021  40.1%  27.8 2250s
 7288021 699852 infeasible   80         0.00034    0.00021  40.1%  27.8 2255s
 7304329 701171 infeasible   83         0.00034    0.00021  40.1%  27.8 2260s
 7321552 702516 infeasible   64         0.00034    0.00021  40.1%  27.8 2265s
 7338682 703680     cutoff   95         0.00034    0.00021  40.1%  27.8 2270s
 7355337 705797 infeasible   85         0.00034    0.00021  40.1%  27.8 2275s
 7370480 707320     cutoff   97         0.00034    0.00021  40.1%  27.8 2280s
 7387533 709025    0.00022   94   31    0.00034    0.00021  40.1%  27.8 2285s
 7401982 710580    0.00021   98   53    0.00034    0.00021  40.1%  27.8 2290s
 7420462 712289    0.00021   83   35    0.00034    0.00021  40.1%  27.8 2295s
 7436013 713547 infeasible   78         0.00034    0.00021  40.1%  27.8 2300s
 7453308 715421     cutoff   87         0.00034    0.00021  40.1%  27.8 2305s
 7470027 717993    0.00021   89   44    0.00034    0.00021  40.1%  27.8 2310s
 7487670 720216     cutoff   73         0.00034    0.00021  40.1%  27.8 2315s
 7505445 723141    0.00021  103   35    0.00034    0.00021  40.1%  27.8 2320s
 7525802 725683    0.00028   88   53    0.00034    0.00021  40.1%  27.8 2325s
 7544172 727887    0.00021   80   52    0.00034    0.00021  40.1%  27.8 2330s
 7561143 729992    0.00032   87   58    0.00034    0.00021  40.1%  27.7 2335s
 7577580 732059 infeasible   98         0.00034    0.00021  40.1%  27.7 2340s
 7594490 734046    0.00021   89   43    0.00034    0.00021  40.1%  27.7 2345s
 7614007 736267     cutoff   92         0.00034    0.00021  40.1%  27.7 2350s
 7632798 738806    0.00022   80   42    0.00034    0.00021  40.1%  27.7 2355s
H7641145 739685                       0.0003434    0.00021  40.1%  27.7 2357s
 7648910 740493     cutoff  100         0.00034    0.00021  40.1%  27.7 2360s
H7656065 741394                       0.0003434    0.00021  40.1%  27.7 2362s
 7664994 742375     cutoff  104         0.00034    0.00021  40.1%  27.7 2365s
 7680552 744185    0.00021   83   43    0.00034    0.00021  40.1%  27.7 2370s
 7698015 746014    0.00021   95   42    0.00034    0.00021  40.1%  27.7 2375s
 7713788 747636    0.00021   93   45    0.00034    0.00021  40.1%  27.7 2380s
 7732450 749869 infeasible   88         0.00034    0.00021  40.1%  27.7 2385s
 7747287 751570     cutoff   89         0.00034    0.00021  40.1%  27.7 2390s
 7763653 753808    0.00023  109   41    0.00034    0.00021  40.1%  27.7 2395s
H7769470 731180                       0.0003108    0.00021  33.8%  27.7 2397s
H7774786 731689                       0.0003108    0.00021  33.8%  27.7 2399s
 7775882 731765 infeasible  101         0.00031    0.00021  33.8%  27.7 2400s
H7776334 718918                       0.0003004    0.00021  31.5%  27.7 2400s
H7777142 719054                       0.0003004    0.00021  31.5%  27.7 2400s
 7788399 720123 infeasible   96         0.00030    0.00021  31.5%  27.7 2405s
H7800234 689034                       0.0002853    0.00021  27.9%  27.7 2408s
 7803207 689620     cutoff   95         0.00029    0.00021  27.9%  27.7 2410s
H7815507 690955                       0.0002853    0.00021  27.9%  27.7 2412s
H7817324 691072                       0.0002853    0.00021  27.9%  27.7 2413s
H7818688 691068                       0.0002853    0.00021  27.9%  27.7 2414s
 7818708 691261    0.00021   85   44    0.00029    0.00021  27.9%  27.7 2415s
 7833238 692272    0.00021  103   40    0.00029    0.00021  27.9%  27.7 2420s
 7853817 693960     cutoff   82         0.00029    0.00021  27.9%  27.7 2425s
H7855769 694044                       0.0002853    0.00021  27.9%  27.7 2426s
 7872022 695472     cutoff   83         0.00029    0.00021  27.9%  27.7 2430s
 7889812 698221    0.00021   89   48    0.00029    0.00021  27.9%  27.7 2435s
 7908852 700693     cutoff  103         0.00029    0.00021  27.9%  27.7 2440s
 7928127 702819    0.00021   89   40    0.00029    0.00021  27.9%  27.7 2445s
 7946861 704755 infeasible   57         0.00029    0.00021  27.9%  27.7 2450s
H7959401 706049                       0.0002853    0.00021  27.9%  27.7 2454s
 7963315 706604 infeasible   77         0.00029    0.00021  27.9%  27.7 2455s
H7965320 706615                       0.0002853    0.00021  27.9%  27.7 2456s
 7980339 708195 infeasible   86         0.00029    0.00021  27.9%  27.7 2460s
 7997232 710307    0.00021   93   56    0.00029    0.00021  27.9%  27.7 2466s
 8011946 711804    0.00021   63   48    0.00029    0.00021  27.9%  27.7 2470s
 8031547 713644    0.00021   78   42    0.00029    0.00021  27.9%  27.7 2475s
 8050388 714796    0.00021   98   38    0.00029    0.00021  27.9%  27.7 2480s
 8066850 716327    0.00021   89   32    0.00029    0.00021  27.9%  27.7 2485s
 8087430 717694    0.00021   99   38    0.00029    0.00021  27.9%  27.7 2490s
 8105014 718639    0.00021   91   43    0.00029    0.00021  27.9%  27.7 2495s
 8123672 719703 infeasible   81         0.00029    0.00021  27.9%  27.6 2500s
 8142308 722116    0.00023  118   40    0.00029    0.00021  27.9%  27.6 2505s
 8160974 724320 infeasible  106         0.00029    0.00021  27.9%  27.6 2510s
 8181030 725392    0.00021   91   54    0.00029    0.00021  27.9%  27.6 2515s
 8200368 726307     cutoff   82         0.00029    0.00021  27.9%  27.7 2520s
H8210338 723143                       0.0002827    0.00021  27.2%  27.7 2522s
H8212273 723265                       0.0002827    0.00021  27.2%  27.7 2523s
H8212641 722916                       0.0002824    0.00021  27.1%  27.7 2523s
H8212762 722916                       0.0002824    0.00021  27.1%  27.6 2523s
H8214779 723047                       0.0002824    0.00021  27.1%  27.7 2523s
 8218059 723386 infeasible   87         0.00028    0.00021  27.1%  27.6 2525s
 8233754 724864     cutoff   83         0.00028    0.00021  27.1%  27.7 2530s
 8252129 728413    0.00023  100   50    0.00028    0.00021  27.1%  27.6 2535s
 8270369 730225    0.00023   86   48    0.00028    0.00021  27.1%  27.6 2540s
 8291052 732984     cutoff   91         0.00028    0.00021  27.1%  27.6 2545s
 8307116 734950    0.00026   88   43    0.00028    0.00021  27.1%  27.6 2550s
H8316796 735732                       0.0002824    0.00021  27.1%  27.6 2553s
H8324359 736077                       0.0002824    0.00021  27.1%  27.6 2554s
 8324758 736300    0.00021   81   56    0.00028    0.00021  27.1%  27.6 2555s
 8341422 738304    0.00021   84   54    0.00028    0.00021  27.1%  27.6 2560s
 8360386 740368    0.00021   79   41    0.00028    0.00021  27.1%  27.6 2565s
H8362967 740860                       0.0002824    0.00021  27.1%  27.6 2565s
 8376992 742917    0.00028  100   35    0.00028    0.00021  27.1%  27.6 2570s
 8395405 745120     cutoff   76         0.00028    0.00021  27.1%  27.6 2575s
 8413148 747843    0.00021   85   39    0.00028    0.00021  27.1%  27.6 2580s
 8433507 750744 infeasible   99         0.00028    0.00021  27.1%  27.6 2585s
 8451816 752501    0.00021  102   30    0.00028    0.00021  27.1%  27.6 2590s
 8470805 754119    0.00021  118   37    0.00028    0.00021  27.1%  27.6 2595s
 8486888 755281    0.00021   87   43    0.00028    0.00021  27.1%  27.6 2600s
 8506140 756798    0.00022   94   54    0.00028    0.00021  27.1%  27.6 2605s
 8524549 758118    0.00024   96   52    0.00028    0.00021  27.1%  27.6 2610s
 8545441 759673     cutoff  101         0.00028    0.00021  27.1%  27.6 2615s
 8562951 760873     cutoff   75         0.00028    0.00021  27.1%  27.6 2620s
 8583602 762858     cutoff   89         0.00028    0.00021  27.1%  27.6 2625s
 8604460 764572    0.00021  106   53    0.00028    0.00021  27.1%  27.6 2630s
H8615092 765131                       0.0002824    0.00021  27.1%  27.6 2633s
 8619779 765462    0.00021   93   36    0.00028    0.00021  27.1%  27.6 2635s
 8635008 766483     cutoff   94         0.00028    0.00021  27.1%  27.6 2640s
 8654162 767605 infeasible   89         0.00028    0.00021  27.1%  27.6 2645s
 8672272 769296 infeasible   98         0.00028    0.00021  27.1%  27.5 2650s
 8695302 771033     cutoff   88         0.00028    0.00021  27.1%  27.5 2655s
 8712297 772283    0.00026   99   42    0.00028    0.00021  27.1%  27.5 2660s
 8732137 773706     cutoff   89         0.00028    0.00021  27.1%  27.5 2665s
 8749309 775439    0.00021   71   58    0.00028    0.00021  27.1%  27.5 2670s
 8767118 777397     cutoff   99         0.00028    0.00021  27.1%  27.5 2675s
 8784831 779226    0.00021   87   52    0.00028    0.00021  27.1%  27.5 2680s
 8803404 781034    0.00021   69   44    0.00028    0.00021  27.1%  27.5 2685s
 8821326 783614     cutoff   91         0.00028    0.00021  27.1%  27.5 2690s
 8840955 786144 infeasible   99         0.00028    0.00021  27.1%  27.5 2695s
 8861107 789137    0.00022   95   52    0.00028    0.00021  27.1%  27.5 2700s
 8880197 791689     cutoff   95         0.00028    0.00021  27.1%  27.5 2705s
 8898327 793589 infeasible   88         0.00028    0.00021  27.1%  27.5 2710s
 8914448 794795     cutoff   98         0.00028    0.00021  27.1%  27.5 2715s
 8929631 796638    0.00027  101   43    0.00028    0.00021  27.1%  27.5 2720s
 8946539 798107     cutoff   93         0.00028    0.00021  27.1%  27.5 2725s
 8965483 800264     cutoff   97         0.00028    0.00021  27.1%  27.5 2730s
 8981661 801467    0.00021   80   41    0.00028    0.00021  27.1%  27.5 2735s
H8998121 797258                       0.0002796    0.00021  26.4%  27.5 2739s
 8998799 797389    0.00021   89   40    0.00028    0.00021  26.4%  27.5 2740s
H9000391 796498                       0.0002791    0.00021  26.3%  27.5 2740s
H9002558 796543                       0.0002790    0.00021  26.2%  27.5 2741s
H9009527 796743                       0.0002790    0.00021  26.2%  27.5 2742s
H9011203 718273                       0.0002465    0.00021  16.5%  27.5 2744s
H9013089 717290                       0.0002462    0.00021  16.4%  27.5 2745s
H9015756 717611                       0.0002462    0.00021  16.4%  27.5 2746s
H9015991 717606                       0.0002462    0.00021  16.4%  27.5 2746s
H9016889 717606                       0.0002462    0.00021  16.4%  27.5 2746s
H9020925 656336                       0.0002347    0.00021  12.3%  27.5 2748s
H9020934 588611                       0.0002224    0.00021  7.45%  27.5 2748s
 9025906 589148 infeasible   87         0.00022    0.00021  7.45%  27.5 2750s
H9030979 589430                       0.0002224    0.00021  7.45%  27.5 2751s
H9035777 394484                       0.0002090    0.00021  1.52%  27.5 2753s
 9038868 394722    0.00021   85   39    0.00021    0.00021  1.52%  27.5 2755s
H9045542 395107                       0.0002090    0.00021  1.52%  27.5 2756s
H9052283 310392                       0.0002071    0.00021  0.64%  27.5 2759s
 9055286 310776    0.00021   76   52    0.00021    0.00021  0.64%  27.5 2760s
H9064763 311336                       0.0002071    0.00021  0.64%  27.5 2762s
 9070146 311895 infeasible   88         0.00021    0.00021  0.64%  27.5 2765s
 9089159 313193    0.00021  100   48    0.00021    0.00021  0.64%  27.5 2770s
H9089174 291439                       0.0002068    0.00021  0.49%  27.5 2770s
H9091526 291529                       0.0002068    0.00021  0.49%  27.5 2770s
H9099955 291865                       0.0002068    0.00021  0.49%  27.5 2773s
H9102099 291928                       0.0002068    0.00021  0.49%  27.5 2773s
H9106051 288479                       0.0002068    0.00021  0.47%  27.5 2774s
 9106735 288636    0.00021   83   50    0.00021    0.00021  0.47%  27.5 2775s
H9110061 272470                       0.0002066    0.00021  0.38%  27.5 2777s
H9112486 234684                       0.0002063    0.00021  0.22%  27.5 2778s
H9114428 230553                       0.0002062    0.00021  0.21%  27.5 2778s
H9117640 230611                       0.0002062    0.00021  0.21%  27.5 2779s
 9118654 230641    0.00021   94   54    0.00021    0.00021  0.21%  27.5 2780s
 9136308 231055     cutoff   84         0.00021    0.00021  0.21%  27.5 2785s
H9136316 224183                       0.0002062    0.00021  0.18%  27.5 2785s
H9139573 224488                       0.0002062    0.00021  0.18%  27.5 2786s
 9156554 225204    0.00021   75   44    0.00021    0.00021  0.18%  27.5 2790s
H9159032 196120                       0.0002060    0.00021  0.11%  27.5 2791s
H9161548 82215                       0.0002058    0.00021  0.00%  27.5 2792s
H9161605 46753                       0.0002058    0.00021  0.00%  27.5 2792s

Cutting planes:
  Gomory: 4
  Cover: 4
  Implied bound: 36
  Clique: 6
  MIR: 6
  StrongCG: 1
  Flow cover: 45
  RLT: 20
  Relax-and-lift: 26
  PSD: 1

Explored 9162223 nodes (252080670 simplex iterations) in 2792.62 seconds (1400.54 work units)
Thread count was 12 (of 12 available processors)

Solution count 10: 0.000205807 0.000205813 0.000206028 ... 0.000206826

Optimal solution found (tolerance 1.00e-04)
Best objective 2.058072725739e-04, best bound 2.058065039989e-04, gap 0.0004%
