
Gurobi 11.0.2 (win64) logging started Thu Oct  3 00:27:22 2024

Set parameter LogFile to value ".\Experiments\Track_k_e_2_reruns\Logs\Track_k_e_2_reruns_r4_c1.log"
Set parameter TimeLimit to value 3600
Gurobi Optimizer version 11.0.2 build v11.0.2rc0 (win64 - Windows 10.0 (19045.2))

CPU model: Intel(R) Core(TM) i7-10750H CPU @ 2.60GHz, instruction set [SSE2|AVX|AVX2]
Thread count: 6 physical cores, 12 logical processors, using up to 12 threads

Optimize a model with 298 rows, 462 columns and 1052 nonzeros
Model fingerprint: 0x8ee6f5b8
Model has 6 quadratic objective terms
Model has 68 quadratic constraints
Model has 116 general constraints
Variable types: 458 continuous, 4 integer (4 binary)
Coefficient statistics:
  Matrix range     [9e-06, 1e+02]
  QMatrix range    [1e+00, 1e+00]
  QLMatrix range   [1e+00, 1e+00]
  Objective range  [1e-02, 2e-01]
  QObjective range [2e+00, 2e+00]
  Bounds range     [8e-05, 9e+01]
  RHS range        [8e-05, 1e+02]
  QRHS range       [1e-06, 1e-06]
Presolve added 60 rows and 0 columns
Presolve removed 0 rows and 97 columns
Presolve time: 0.02s
Presolved: 599 rows, 374 columns, 1671 nonzeros
Presolved model has 2 SOS constraint(s)
Presolved model has 4 quadratic objective terms
Presolved model has 57 bilinear constraint(s)
Presolved model has 4 nonlinear constraint(s)
Warning: Model contains variables with very large bounds participating
         in nonlinear terms.
         Presolve was not able to compute smaller bounds for these variables.
         Consider bounding these variables or reformulating the model.


Solving non-convex MINLP

Variable types: 284 continuous, 90 integer (90 binary)

Root relaxation: objective 2.058065e-04, 435 iterations, 0.01 seconds (0.00 work units)

    Nodes    |    Current Node    |     Objective Bounds      |     Work
 Expl Unexpl |  Obj  Depth IntInf | Incumbent    BestBd   Gap | It/Node Time

     0     0    0.00021    0   57          -    0.00021      -     -    0s
     0     0    0.00021    0   57          -    0.00021      -     -    0s
     0     0    0.00021    0  102          -    0.00021      -     -    0s
     0     0    0.00021    0  102          -    0.00021      -     -    0s
     0     0    0.00021    0  107          -    0.00021      -     -    0s
     0     0    0.00021    0  106          -    0.00021      -     -    0s
     0     0    0.00021    0  104          -    0.00021      -     -    0s
     0     0    0.00021    0   64          -    0.00021      -     -    0s
     0     2    0.00021    0   64          -    0.00021      -     -    0s
 15007  4499    0.00021   58   56          -    0.00021      -  35.5    5s
 32071  8046 infeasible   62               -    0.00021      -  37.6   10s
H41072  2475                       0.0009790    0.00021  79.0%  37.2   12s
 48503  2783 infeasible   40         0.00098    0.00021  79.0%  37.3   15s
H48825  2749                       0.0009252    0.00021  77.8%  37.3   16s
H49687  2812                       0.0009252    0.00021  77.8%  37.4   17s
 55406  3661    0.00084   54   44    0.00093    0.00021  77.8%  37.5   20s
 65854  5060     cutoff   62         0.00093    0.00021  77.8%  37.4   25s
 75936  6332    0.00021   72   46    0.00093    0.00021  77.8%  38.4   30s
 89773  8186    0.00086   79   49    0.00093    0.00021  77.8%  40.4   35s
 101809 10191     cutoff   63         0.00093    0.00021  77.8%  42.5   40s
H107507  9739                       0.0008384    0.00021  75.5%  42.4   42s
H109111  5148                       0.0008351    0.00021  75.4%  42.4   42s
H114433  4960                       0.0008350    0.00021  75.4%  42.0   44s
 117101  5516    0.00021   71   41    0.00084    0.00021  75.4%  41.9   45s
 131705  8929     cutoff   85         0.00084    0.00021  75.4%  40.4   50s
 148495 11538 infeasible   70         0.00084    0.00021  75.4%  39.1   55s
 165702 12814 infeasible   76         0.00084    0.00021  75.4%  37.8   60s
 179396 14366    0.00021   72   42    0.00084    0.00021  75.4%  37.2   65s
 194152 16317     cutoff   75         0.00084    0.00021  75.4%  36.6   70s
 209199 18156    0.00021   79   55    0.00084    0.00021  75.4%  35.9   75s
 226062 20554 infeasible   70         0.00084    0.00021  75.4%  35.5   80s
 242142 22768     cutoff   98         0.00084    0.00021  75.4%  35.3   85s
 256607 24897    0.00021   96   46    0.00084    0.00021  75.4%  35.2   90s
 272549 26943 infeasible   53         0.00084    0.00021  75.4%  35.0   95s
 287042 28496     cutoff   66         0.00084    0.00021  75.4%  34.8  100s
 299997 30762    0.00021   71   54    0.00084    0.00021  75.4%  34.8  105s
 315380 33454    0.00048   89   36    0.00084    0.00021  75.4%  34.6  110s
 334781 35852 infeasible   86         0.00084    0.00021  75.4%  34.1  115s
 347273 38077 infeasible   69         0.00084    0.00021  75.4%  33.9  120s
 358247 39000    0.00021   65   51    0.00084    0.00021  75.4%  33.9  125s
 378855 40731    0.00021   66   51    0.00084    0.00021  75.4%  33.3  130s
 394505 43675    0.00034   78   50    0.00084    0.00021  75.4%  33.1  135s
 413988 46641    0.00021   95   51    0.00084    0.00021  75.4%  32.9  140s
 432049 49793    0.00025   88   47    0.00084    0.00021  75.4%  32.8  146s
 446918 52348    0.00038   76   48    0.00084    0.00021  75.4%  32.6  150s
 463191 55268    0.00053   81   31    0.00084    0.00021  75.4%  32.4  155s
 477869 57476    0.00021   86   60    0.00084    0.00021  75.4%  32.2  160s
 491677 59199    0.00031   72   60    0.00084    0.00021  75.4%  32.1  165s
 506466 61339    0.00023   88   47    0.00084    0.00021  75.4%  32.0  170s
 519538 63280 infeasible   95         0.00084    0.00021  75.4%  32.1  175s
 535935 65981    0.00021   93   42    0.00084    0.00021  75.4%  32.1  180s
 549986 68377 infeasible   83         0.00084    0.00021  75.4%  32.1  185s
 565600 69949    0.00045   92   47    0.00084    0.00021  75.4%  32.0  190s
 582174 71438     cutoff   81         0.00084    0.00021  75.4%  31.8  195s
 595068 72955 infeasible   84         0.00084    0.00021  75.4%  31.7  200s
 613514 76074 infeasible   81         0.00084    0.00021  75.4%  31.6  205s
 629033 78540    0.00021   63   45    0.00084    0.00021  75.4%  31.5  210s
 643812 80632 infeasible   84         0.00084    0.00021  75.4%  31.5  215s
 660108 82798    0.00021   85   42    0.00084    0.00021  75.4%  31.4  220s
 674925 85080    0.00029   88   56    0.00084    0.00021  75.4%  31.4  225s
 688772 86409 infeasible   78         0.00084    0.00021  75.4%  31.4  230s
 704571 88024    0.00021   63   65    0.00084    0.00021  75.4%  31.3  235s
 719029 89712     cutoff   75         0.00084    0.00021  75.4%  31.2  240s
 732867 91199 infeasible   89         0.00084    0.00021  75.4%  31.2  245s
 746473 93156    0.00021   53   62    0.00084    0.00021  75.4%  31.1  250s
 764336 95222    0.00021   80   54    0.00084    0.00021  75.4%  31.0  255s
 780515 96906    0.00021   64   54    0.00084    0.00021  75.4%  30.9  260s
 795311 98329    0.00036   87   50    0.00084    0.00021  75.4%  30.8  266s
 809420 100890    0.00021   61   52    0.00084    0.00021  75.4%  30.8  270s
 824239 103163 infeasible   63         0.00084    0.00021  75.4%  30.8  275s
 837644 105285    0.00024   80   38    0.00084    0.00021  75.4%  30.8  280s
 850471 107303    0.00021   88   40    0.00084    0.00021  75.4%  30.8  285s
H864464 105596                       0.0006995    0.00021  70.6%  30.8  289s
 866815 106003     cutoff   72         0.00070    0.00021  70.6%  30.8  290s
H872046 102102                       0.0005366    0.00021  61.6%  30.8  291s
H879943 103179                       0.0005365    0.00021  61.6%  30.8  294s
 879948 103400    0.00021   70   44    0.00054    0.00021  61.6%  30.8  295s
H880530 103400                       0.0005365    0.00021  61.6%  30.8  295s
H881020 103400                       0.0005365    0.00021  61.6%  30.8  295s
H886419 104022                       0.0005365    0.00021  61.6%  30.8  296s
H888899 104287                       0.0005365    0.00021  61.6%  30.8  297s
 894807 105196 infeasible   76         0.00054    0.00021  61.6%  30.8  300s
H896391 105196                       0.0005365    0.00021  61.6%  30.8  300s
H899387 105535                       0.0005365    0.00021  61.6%  30.8  301s
H909014 106569                       0.0005365    0.00021  61.6%  30.8  304s
H909015 105141                       0.0005083    0.00021  59.5%  30.8  304s
 909029 105306    0.00040   80   46    0.00051    0.00021  59.5%  30.8  305s
H910692 105500                       0.0005083    0.00021  59.5%  30.8  305s
 923845 107002    0.00024   83   53    0.00051    0.00021  59.5%  30.8  311s
 935179 108183    0.00021   82   40    0.00051    0.00021  59.5%  30.8  315s
H944285 108650                       0.0005083    0.00021  59.5%  30.9  317s
H945060 108730                       0.0005082    0.00021  59.5%  30.9  317s
H946738 108850                       0.0005082    0.00021  59.5%  30.9  318s
H947510 108874                       0.0005075    0.00021  59.4%  30.9  319s
 949792 109109    0.00025   86   35    0.00051    0.00021  59.4%  30.9  320s
H952806 109192                       0.0005075    0.00021  59.4%  30.9  320s
H954346 109355                       0.0005075    0.00021  59.4%  30.9  321s
H959313 109818                       0.0005075    0.00021  59.4%  30.9  323s
H961984 110168                       0.0005075    0.00021  59.4%  30.9  324s
H963076 110168                       0.0005075    0.00021  59.4%  30.9  324s
 963281 110407 infeasible   93         0.00051    0.00021  59.4%  30.9  325s
H967258 110665                       0.0005075    0.00021  59.4%  30.9  326s
H969884 110765                       0.0005074    0.00021  59.4%  30.9  326s
H970390 110925                       0.0005074    0.00021  59.4%  30.9  327s
H971086 110925                       0.0005074    0.00021  59.4%  30.9  327s
H971229 110925                       0.0005074    0.00021  59.4%  30.9  327s
 975097 111268     cutoff   97         0.00051    0.00021  59.4%  30.9  330s
H984171 111960                       0.0005074    0.00021  59.4%  31.0  333s
H984623 112067                       0.0005073    0.00021  59.4%  31.0  334s
H984800 112060                       0.0005073    0.00021  59.4%  31.0  334s
H986004 112196                       0.0005073    0.00021  59.4%  31.0  334s
H987147 112196                       0.0005073    0.00021  59.4%  31.0  334s
 987584 112441    0.00021   94   36    0.00051    0.00021  59.4%  31.0  335s
H988103 112441                       0.0005073    0.00021  59.4%  31.0  335s
H997238 113788                       0.0005073    0.00021  59.4%  31.0  338s
H998355 114033                       0.0005073    0.00021  59.4%  31.0  339s
 1001060 114388 infeasible   51         0.00051    0.00021  59.4%  31.1  340s
H1002578 114388                       0.0005073    0.00021  59.4%  31.1  340s
H1011184 113996                       0.0004767    0.00021  56.8%  31.1  343s
 1014931 114979 infeasible   73         0.00048    0.00021  56.8%  31.2  345s
H1020722 115527                       0.0004767    0.00021  56.8%  31.2  346s
H1027012 115594                       0.0004637    0.00021  55.6%  31.2  349s
 1028980 115986    0.00021   78   38    0.00046    0.00021  55.6%  31.2  350s
H1034984 110449                       0.0003914    0.00021  47.4%  31.3  352s
H1037762 110890                       0.0003913    0.00021  47.4%  31.3  353s
 1040172 111358    0.00021   71   56    0.00039    0.00021  47.4%  31.3  355s
 1055855 113170     cutoff   72         0.00039    0.00021  47.4%  31.3  360s
 1070464 115492    0.00021   63   58    0.00039    0.00021  47.4%  31.3  365s
H1073385 115440                       0.0003911    0.00021  47.4%  31.2  366s
H1073572 115608                       0.0003911    0.00021  47.4%  31.2  366s
H1073690 115605                       0.0003911    0.00021  47.4%  31.2  366s
H1074334 115603                       0.0003910    0.00021  47.4%  31.3  366s
H1077366 115972                       0.0003910    0.00021  47.4%  31.3  367s
 1085806 116839     cutoff   71         0.00039    0.00021  47.4%  31.3  370s
H1086176 116833                       0.0003910    0.00021  47.4%  31.3  370s
H1087375 117007                       0.0003910    0.00021  47.4%  31.3  371s
H1094691 118026                       0.0003910    0.00021  47.4%  31.3  373s
H1099409 118574                       0.0003910    0.00021  47.4%  31.3  374s
 1099587 118963     cutoff   77         0.00039    0.00021  47.4%  31.3  375s
 1112668 120257     cutoff   81         0.00039    0.00021  47.4%  31.4  380s
H1114348 117221                       0.0003672    0.00021  44.0%  31.4  380s
H1115421 116067                       0.0003580    0.00021  42.5%  31.4  381s
H1117486 115439                       0.0003536    0.00021  41.8%  31.4  381s
H1117656 115439                       0.0003536    0.00021  41.8%  31.4  381s
H1118708 115154                       0.0003520    0.00021  41.5%  31.4  382s
H1120539 115238                       0.0003514    0.00021  41.4%  31.4  383s
 1126009 115779    0.00021   61   58    0.00035    0.00021  41.4%  31.4  385s
H1133325 116324                       0.0003514    0.00021  41.4%  31.4  388s
 1138656 117016    0.00021   67   51    0.00035    0.00021  41.4%  31.4  390s
 1152136 118227 infeasible   82         0.00035    0.00021  41.4%  31.4  395s
H1165590 119326                       0.0003514    0.00021  41.4%  31.4  399s
 1167391 119593    0.00025   77   51    0.00035    0.00021  41.4%  31.4  400s
 1183157 121946 infeasible   81         0.00035    0.00021  41.4%  31.4  405s
 1198574 123283    0.00021   77   42    0.00035    0.00021  41.4%  31.4  410s
H1209874 124765                       0.0003514    0.00021  41.4%  31.3  413s
 1214465 125396    0.00021   68   52    0.00035    0.00021  41.4%  31.3  415s
H1225702 125882                       0.0003488    0.00021  41.0%  31.3  419s
 1225845 126008     cutoff   91         0.00035    0.00021  41.0%  31.3  420s
H1239012 126969                       0.0003488    0.00021  41.0%  31.3  423s
H1241479 127272                       0.0003488    0.00021  41.0%  31.3  424s
 1242333 127416    0.00026   94   41    0.00035    0.00021  41.0%  31.3  425s
H1251857 127436                       0.0003472    0.00021  40.7%  31.3  428s
H1254042 127332                       0.0003452    0.00021  40.4%  31.3  429s
 1256392 127644 infeasible   88         0.00035    0.00021  40.4%  31.3  430s
H1262117 128021                       0.0003451    0.00021  40.4%  31.3  431s
 1269691 129109    0.00022   78   50    0.00035    0.00021  40.4%  31.3  435s
 1285612 130211     cutoff   78         0.00035    0.00021  40.4%  31.2  440s
 1302435 131298    0.00021   74   43    0.00035    0.00021  40.4%  31.2  445s
 1316490 132182     cutoff   82         0.00035    0.00021  40.4%  31.1  450s
 1331226 132906    0.00021   83   55    0.00035    0.00021  40.4%  31.1  455s
 1347809 134385 infeasible   86         0.00035    0.00021  40.4%  31.0  460s
 1365512 136083 infeasible   88         0.00035    0.00021  40.4%  31.0  465s
 1380970 137648 infeasible   81         0.00035    0.00021  40.4%  31.0  470s
 1396220 139171    0.00021   74   40    0.00035    0.00021  40.4%  31.0  475s
 1412675 140563 infeasible   78         0.00035    0.00021  40.4%  30.9  480s
 1428830 142320 infeasible   73         0.00035    0.00021  40.4%  30.8  485s
 1445798 143808    0.00021   88   32    0.00035    0.00021  40.4%  30.7  490s
H1458278 144517                       0.0003451    0.00021  40.4%  30.6  493s
 1462005 144732    0.00028   88   34    0.00035    0.00021  40.4%  30.6  495s
H1472511 145460                       0.0003451    0.00021  40.4%  30.6  498s
 1474868 145776 infeasible   69         0.00035    0.00021  40.4%  30.6  500s
H1489676 146826                       0.0003451    0.00021  40.4%  30.6  504s
 1490359 146970     cutoff   82         0.00035    0.00021  40.4%  30.6  505s
H1495510 147155                       0.0003451    0.00021  40.4%  30.6  507s
H1495724 147347                       0.0003451    0.00021  40.4%  30.6  507s
 1502885 148208     cutoff   91         0.00035    0.00021  40.4%  30.6  510s
H1509009 148681                       0.0003451    0.00021  40.4%  30.6  512s
H1515837 149470                       0.0003451    0.00021  40.4%  30.5  514s
 1516661 149695    0.00021   80   48    0.00035    0.00021  40.4%  30.5  515s
H1516942 149695                       0.0003451    0.00021  40.4%  30.5  515s
H1519232 149872                       0.0003451    0.00021  40.4%  30.5  515s
H1519711 149866                       0.0003451    0.00021  40.4%  30.5  516s
 1528625 151410    0.00031   94   48    0.00035    0.00021  40.4%  30.5  520s
 1544645 152666    0.00025   75   57    0.00035    0.00021  40.4%  30.5  525s
H1544757 152666                       0.0003451    0.00021  40.4%  30.5  525s
H1544760 152665                       0.0003451    0.00021  40.4%  30.5  525s
 1556868 154149 infeasible   82         0.00035    0.00021  40.4%  30.5  530s
H1562113 154193                       0.0003450    0.00021  40.4%  30.5  532s
 1569637 155038    0.00033   89   51    0.00035    0.00021  40.4%  30.5  535s
H1572183 155047                       0.0003450    0.00021  40.4%  30.5  536s
H1572203 155047                       0.0003450    0.00021  40.4%  30.5  536s
H1581708 155951                       0.0003450    0.00021  40.4%  30.5  539s
H1582849 156023                       0.0003450    0.00021  40.4%  30.5  539s
 1583771 156295    0.00022   75   51    0.00035    0.00021  40.4%  30.5  540s
H1596727 157419                       0.0003450    0.00021  40.4%  30.5  544s
H1599081 157567                       0.0003450    0.00021  40.4%  30.5  544s
 1599646 157548    0.00021   82   51    0.00035    0.00021  40.4%  30.5  545s
 1613263 159175    0.00021   74   48    0.00035    0.00021  40.4%  30.5  550s
 1627090 160570    0.00021   80   47    0.00035    0.00021  40.4%  30.5  555s
H1633978 161300                       0.0003450    0.00021  40.4%  30.5  557s
H1639894 161677                       0.0003450    0.00021  40.3%  30.5  558s
H1643470 162112                       0.0003450    0.00021  40.3%  30.5  559s
 1643825 162142     cutoff   90         0.00034    0.00021  40.3%  30.5  560s
H1643833 162139                       0.0003450    0.00021  40.3%  30.5  560s
 1659091 164559    0.00021   88   57    0.00034    0.00021  40.3%  30.5  565s
 1677495 166472    0.00021   69   58    0.00034    0.00021  40.3%  30.5  570s
H1684664 167195                       0.0003449    0.00021  40.3%  30.5  572s
H1686944 167639                       0.0003449    0.00021  40.3%  30.5  573s
 1691786 168097     cutoff   84         0.00034    0.00021  40.3%  30.5  575s
H1695357 168346                       0.0003449    0.00021  40.3%  30.5  576s
H1697524 168656                       0.0003449    0.00021  40.3%  30.5  577s
 1703969 169223    0.00021   70   50    0.00034    0.00021  40.3%  30.5  580s
H1705466 169222                       0.0003449    0.00021  40.3%  30.5  580s
 1720589 170626    0.00021   73   47    0.00034    0.00021  40.3%  30.4  585s
 1736108 171732    0.00021   73   51    0.00034    0.00021  40.3%  30.4  590s
 1750864 172852     cutoff   83         0.00034    0.00021  40.3%  30.4  595s
H1764674 173925                       0.0003449    0.00021  40.3%  30.3  599s
 1765983 173935 infeasible   95         0.00034    0.00021  40.3%  30.3  600s
H1767990 174080                       0.0003449    0.00021  40.3%  30.3  601s
 1779730 175235    0.00021   65   50    0.00034    0.00021  40.3%  30.3  605s
H1793121 177083                       0.0003449    0.00021  40.3%  30.3  609s
 1793858 177358    0.00021   72   60    0.00034    0.00021  40.3%  30.3  610s
H1799832 177807                       0.0003449    0.00021  40.3%  30.3  612s
H1808011 178666                       0.0003449    0.00021  40.3%  30.3  614s
 1809998 178841    0.00021   61   46    0.00034    0.00021  40.3%  30.3  615s
H1821441 180041                       0.0003449    0.00021  40.3%  30.2  619s
 1823730 180555    0.00027   78   45    0.00034    0.00021  40.3%  30.2  620s
 1839413 182499    0.00022   73   54    0.00034    0.00021  40.3%  30.2  625s
H1850821 183452                       0.0003448    0.00021  40.3%  30.2  628s
H1856438 183905                       0.0003448    0.00021  40.3%  30.1  629s
 1858868 184105     cutoff   78         0.00034    0.00021  40.3%  30.1  630s
H1859504 184105                       0.0003448    0.00021  40.3%  30.1  630s
H1859639 184104                       0.0003448    0.00021  40.3%  30.1  630s
 1874376 185424     cutoff   77         0.00034    0.00021  40.3%  30.1  635s
 1890262 187531    0.00026   76   49    0.00034    0.00021  40.3%  30.1  640s
 1906610 189208    0.00021   81   55    0.00034    0.00021  40.3%  30.1  645s
 1923675 191040     cutoff   80         0.00034    0.00021  40.3%  30.1  650s
 1938335 192445 infeasible   80         0.00034    0.00021  40.3%  30.0  655s
 1952082 193707    0.00021   71   48    0.00034    0.00021  40.3%  30.0  660s
 1965463 195508    0.00021   84   57    0.00034    0.00021  40.3%  30.0  665s
 1981003 197250    0.00034  110   35    0.00034    0.00021  40.3%  30.0  670s
 1998359 198550     cutoff   81         0.00034    0.00021  40.3%  30.1  675s
 2015582 199713    0.00021   93   48    0.00034    0.00021  40.3%  30.1  680s
H2028402 200448                       0.0003448    0.00021  40.3%  30.1  683s
 2031946 200903    0.00021   84   44    0.00034    0.00021  40.3%  30.1  685s
 2047210 202612     cutoff   74         0.00034    0.00021  40.3%  30.1  690s
 2064989 204358    0.00021   67   45    0.00034    0.00021  40.3%  30.1  695s
 2080610 206361    0.00023   88   50    0.00034    0.00021  40.3%  30.2  700s
 2094849 207990     cutoff   83         0.00034    0.00021  40.3%  30.2  705s
 2109834 209383     cutoff   63         0.00034    0.00021  40.3%  30.2  710s
 2125944 211113    0.00026   83   50    0.00034    0.00021  40.3%  30.2  715s
 2141331 213083 infeasible   92         0.00034    0.00021  40.3%  30.1  721s
 2154236 214049    0.00024   88   55    0.00034    0.00021  40.3%  30.1  725s
 2170139 215831     cutoff   86         0.00034    0.00021  40.3%  30.1  730s
 2182885 217500    0.00021   60   61    0.00034    0.00021  40.3%  30.1  735s
H2194563 218487                       0.0003447    0.00021  40.3%  30.1  738s
H2197536 218779                       0.0003447    0.00021  40.3%  30.1  739s
 2200456 219104    0.00025   81   42    0.00034    0.00021  40.3%  30.1  740s
H2211072 219994                       0.0003447    0.00021  40.3%  30.1  743s
H2213945 220220                       0.0003447    0.00021  40.3%  30.1  744s
 2215323 220450    0.00028   74   53    0.00034    0.00021  40.3%  30.1  745s
 2229203 222191 infeasible   85         0.00034    0.00021  40.3%  30.0  750s
 2243044 223836    0.00022   85   57    0.00034    0.00021  40.3%  30.0  755s
 2259391 225530    0.00023   66   57    0.00034    0.00021  40.3%  30.0  760s
H2269890 226284                       0.0003447    0.00021  40.3%  30.0  763s
H2274028 226729                       0.0003447    0.00021  40.3%  30.0  764s
 2274177 226987    0.00024   67   51    0.00034    0.00021  40.3%  30.0  765s
 2291613 228790     cutoff   79         0.00034    0.00021  40.3%  29.9  770s
 2309646 231476    0.00021   85   33    0.00034    0.00021  40.3%  29.9  775s
 2330203 233346    0.00021   90   40    0.00034    0.00021  40.3%  29.8  780s
 2350349 235073    0.00023   86   52    0.00034    0.00021  40.3%  29.8  785s
 2368299 236389     cutoff   80         0.00034    0.00021  40.3%  29.8  790s
 2383028 238123    0.00021   84   51    0.00034    0.00021  40.3%  29.7  795s
 2400396 239910    0.00021   73   42    0.00034    0.00021  40.3%  29.7  800s
 2417114 241537     cutoff   62         0.00034    0.00021  40.3%  29.7  805s
 2432380 242724    0.00021   73   51    0.00034    0.00021  40.3%  29.7  810s
H2432886 242723                       0.0003447    0.00021  40.3%  29.7  810s
H2433193 242993                       0.0003447    0.00021  40.3%  29.7  810s
H2434169 242991                       0.0003447    0.00021  40.3%  29.7  810s
H2447765 244680                       0.0003447    0.00021  40.3%  29.7  813s
 2451678 245983    0.00021   91   47    0.00034    0.00021  40.3%  29.7  815s
H2452480 245983                       0.0003447    0.00021  40.3%  29.7  815s
 2471222 248080     cutoff   73         0.00034    0.00021  40.3%  29.6  820s
 2489900 249786    0.00023   85   42    0.00034    0.00021  40.3%  29.6  825s
 2508316 251223    0.00021   86   55    0.00034    0.00021  40.3%  29.6  830s
 2525047 252838    0.00029   90   49    0.00034    0.00021  40.3%  29.6  835s
 2536319 254457    0.00021   69   57    0.00034    0.00021  40.3%  29.5  840s
 2553498 256254     cutoff   78         0.00034    0.00021  40.3%  29.5  845s
H2568031 257905                       0.0003447    0.00021  40.3%  29.5  849s
 2569352 258033     cutoff   76         0.00034    0.00021  40.3%  29.5  850s
 2583768 259715 infeasible   65         0.00034    0.00021  40.3%  29.5  855s
 2600545 261157    0.00021   77   62    0.00034    0.00021  40.3%  29.5  860s
 2614346 262945    0.00022   80   31    0.00034    0.00021  40.3%  29.5  865s
 2632195 265249    0.00021   76   48    0.00034    0.00021  40.3%  29.5  870s
 2647710 267276 infeasible   81         0.00034    0.00021  40.3%  29.5  875s
 2662829 268936    0.00021   77   43    0.00034    0.00021  40.3%  29.5  880s
 2679012 270676    0.00021   69   51    0.00034    0.00021  40.3%  29.6  885s
 2694705 272270     cutoff   96         0.00034    0.00021  40.3%  29.6  890s
 2708351 273606     cutoff   77         0.00034    0.00021  40.3%  29.6  895s
 2723897 275044    0.00021   87   46    0.00034    0.00021  40.3%  29.6  900s
 2740852 276561    0.00025   85   51    0.00034    0.00021  40.3%  29.6  905s
 2757699 277783    0.00029   87   59    0.00034    0.00021  40.3%  29.5  910s
 2775554 279351     cutoff   92         0.00034    0.00021  40.3%  29.5  915s
 2796239 281111    0.00024   91   49    0.00034    0.00021  40.3%  29.5  920s
 2810737 282455 infeasible   75         0.00034    0.00021  40.3%  29.5  925s
 2826437 283832 infeasible   84         0.00034    0.00021  40.3%  29.4  930s
H2834312 284419                       0.0003447    0.00021  40.3%  29.4  932s
 2846593 285611    0.00021   70   41    0.00034    0.00021  40.3%  29.4  935s
 2861646 286860    0.00021   66   56    0.00034    0.00021  40.3%  29.4  940s
 2878867 288985    0.00021   78   50    0.00034    0.00021  40.3%  29.4  945s
 2895587 290563     cutoff   73         0.00034    0.00021  40.3%  29.4  950s
 2913342 291475    0.00021   83   40    0.00034    0.00021  40.3%  29.4  955s
 2932550 292787     cutoff   98         0.00034    0.00021  40.3%  29.4  960s
 2949047 293909    0.00021   71   52    0.00034    0.00021  40.3%  29.4  965s
 2965273 295218     cutoff   69         0.00034    0.00021  40.3%  29.3  970s
 2980496 296398     cutoff   73         0.00034    0.00021  40.3%  29.4  975s
H2993182 297201                       0.0003447    0.00021  40.3%  29.4  979s
 2995456 297537    0.00021   70   53    0.00034    0.00021  40.3%  29.4  980s
 3010404 298952 infeasible   65         0.00034    0.00021  40.3%  29.4  985s
 3026740 299980    0.00021   81   31    0.00034    0.00021  40.3%  29.4  990s
 3040294 301413    0.00021   79   48    0.00034    0.00021  40.3%  29.5  995s
 3055070 303165    0.00021   70   43    0.00034    0.00021  40.3%  29.5 1000s
 3071166 304607    0.00021   51   45    0.00034    0.00021  40.3%  29.5 1005s
 3086146 306245    0.00021   83   42    0.00034    0.00021  40.3%  29.5 1010s
 3102366 308180    0.00021   75   49    0.00034    0.00021  40.3%  29.5 1015s
 3117716 310075    0.00022   82   27    0.00034    0.00021  40.3%  29.5 1020s
 3134372 312231     cutoff   71         0.00034    0.00021  40.3%  29.5 1025s
 3150920 314089     cutoff   79         0.00034    0.00021  40.3%  29.6 1030s
 3170190 316684    0.00022   81   50    0.00034    0.00021  40.3%  29.6 1035s
 3186940 318553    0.00021   90   54    0.00034    0.00021  40.3%  29.6 1040s
 3205191 320104    0.00027   87   38    0.00034    0.00021  40.3%  29.5 1045s
H3215303 321483                       0.0003447    0.00021  40.3%  29.5 1048s
 3219531 321745    0.00021   73   32    0.00034    0.00021  40.3%  29.5 1050s
 3234883 323310 infeasible   96         0.00034    0.00021  40.3%  29.5 1055s
 3250418 325280     cutoff   79         0.00034    0.00021  40.3%  29.5 1060s
H3267160 326477                       0.0003447    0.00021  40.3%  29.5 1064s
 3268208 326650     cutoff   82         0.00034    0.00021  40.3%  29.5 1065s
 3281805 327378    0.00021   69   45    0.00034    0.00021  40.3%  29.5 1070s
 3301248 328920    0.00021   82   43    0.00034    0.00021  40.3%  29.5 1075s
 3321039 330453     cutoff   86         0.00034    0.00021  40.3%  29.5 1080s
 3337332 331470    0.00024   89   56    0.00034    0.00021  40.3%  29.5 1085s
 3351321 332392    0.00021   75   44    0.00034    0.00021  40.3%  29.5 1090s
 3364256 333723 infeasible   75         0.00034    0.00021  40.3%  29.5 1095s
 3381295 335181 infeasible   70         0.00034    0.00021  40.3%  29.5 1100s
 3397306 337009    0.00029   76   33    0.00034    0.00021  40.3%  29.5 1105s
 3416517 338903    0.00023   84   52    0.00034    0.00021  40.3%  29.5 1110s
 3433687 340154     cutoff   88         0.00034    0.00021  40.3%  29.5 1115s
 3454934 341924     cutoff   91         0.00034    0.00021  40.3%  29.5 1120s
 3475611 344388     cutoff  111         0.00034    0.00021  40.3%  29.5 1125s
 3490489 345877     cutoff   84         0.00034    0.00021  40.3%  29.5 1130s
 3509471 347842    0.00030   90   51    0.00034    0.00021  40.3%  29.5 1135s
 3526521 349624    0.00021   85   56    0.00034    0.00021  40.3%  29.4 1140s
 3545129 351202    0.00025   83   48    0.00034    0.00021  40.3%  29.4 1145s
 3561318 352579    0.00025   71   57    0.00034    0.00021  40.3%  29.4 1150s
H3565372 353183                       0.0003446    0.00021  40.3%  29.4 1152s
 3573487 354189 infeasible   82         0.00034    0.00021  40.3%  29.4 1155s
H3586858 355902                       0.0003446    0.00021  40.3%  29.4 1159s
H3588144 356096                       0.0003446    0.00021  40.3%  29.4 1160s
H3588211 356095                       0.0003446    0.00021  40.3%  29.4 1160s
 3602039 357867 infeasible   84         0.00034    0.00021  40.3%  29.3 1165s
H3615035 358878                       0.0003446    0.00021  40.3%  29.3 1168s
 3619627 359560    0.00021   82   44    0.00034    0.00021  40.3%  29.3 1170s
H3631671 359984                       0.0003446    0.00021  40.3%  29.3 1172s
 3639160 360812 infeasible   59         0.00034    0.00021  40.3%  29.3 1175s
 3654727 362657 infeasible   86         0.00034    0.00021  40.3%  29.3 1180s
H3663090 363362                       0.0003446    0.00021  40.3%  29.3 1182s
 3668441 364072 infeasible   74         0.00034    0.00021  40.3%  29.3 1185s
 3684573 365744 infeasible   71         0.00034    0.00021  40.3%  29.3 1190s
 3701692 368023    0.00025   69   47    0.00034    0.00021  40.3%  29.2 1195s
 3717686 369563     cutoff   77         0.00034    0.00021  40.3%  29.2 1200s
 3736071 370308    0.00021   72   36    0.00034    0.00021  40.3%  29.2 1205s
 3750572 371671     cutoff   84         0.00034    0.00021  40.3%  29.2 1210s
 3769585 372921    0.00025   81   47    0.00034    0.00021  40.3%  29.2 1215s
 3786142 374352 infeasible   71         0.00034    0.00021  40.3%  29.2 1220s
 3802416 376316 infeasible   80         0.00034    0.00021  40.3%  29.1 1225s
 3822074 379730 infeasible   84         0.00034    0.00021  40.3%  29.1 1230s
 3838365 382097     cutoff   89         0.00034    0.00021  40.3%  29.1 1235s
H3839547 382097                       0.0003446    0.00021  40.3%  29.1 1235s
 3857074 384512    0.00021   79   32    0.00034    0.00021  40.3%  29.1 1240s
 3872876 386064     cutoff   84         0.00034    0.00021  40.3%  29.1 1245s
 3883891 387018    0.00021   76   42    0.00034    0.00021  40.3%  29.1 1250s
 3902254 389184    0.00021   73   56    0.00034    0.00021  40.3%  29.1 1255s
 3918897 391014 infeasible   78         0.00034    0.00021  40.3%  29.1 1260s
 3938547 393416     cutoff   82         0.00034    0.00021  40.3%  29.0 1265s
 3958791 396094     cutoff   77         0.00034    0.00021  40.3%  29.0 1270s
 3976978 398089    0.00024   87   39    0.00034    0.00021  40.3%  29.0 1275s
H3978309 398089                       0.0003446    0.00021  40.3%  29.0 1275s
H3993535 399465                       0.0003446    0.00021  40.3%  29.0 1279s
 3994815 399559    0.00021   78   57    0.00034    0.00021  40.3%  29.0 1280s
 4011030 400916    0.00022   89   43    0.00034    0.00021  40.3%  29.0 1285s
 4028392 402542    0.00025   64   56    0.00034    0.00021  40.3%  29.0 1290s
 4050625 405434    0.00024   86   58    0.00034    0.00021  40.3%  29.0 1295s
 4067831 407256     cutoff   86         0.00034    0.00021  40.3%  28.9 1300s
 4089106 409110    0.00021   97   43    0.00034    0.00021  40.3%  28.9 1305s
 4109528 411371    0.00022   99   50    0.00034    0.00021  40.3%  28.9 1310s
 4129398 412937    0.00024   81   48    0.00034    0.00021  40.3%  28.9 1315s
 4144091 414292 infeasible   87         0.00034    0.00021  40.3%  28.9 1320s
 4159962 415491     cutoff   84         0.00034    0.00021  40.3%  28.9 1325s
 4175303 417120    0.00023   74   36    0.00034    0.00021  40.3%  28.9 1330s
 4195645 418808     cutoff  101         0.00034    0.00021  40.3%  28.9 1335s
H4199096 419034                       0.0003446    0.00021  40.3%  28.9 1335s
 4213888 420910    0.00023   90   35    0.00034    0.00021  40.3%  28.9 1340s
H4225459 422391                       0.0003446    0.00021  40.3%  28.9 1343s
 4233909 423442    0.00024   79   43    0.00034    0.00021  40.3%  28.8 1345s
 4259689 425970 infeasible   92         0.00034    0.00021  40.3%  28.8 1350s
 4277867 428529    0.00021   84   43    0.00034    0.00021  40.3%  28.8 1355s
 4302223 431348    0.00021   88   54    0.00034    0.00021  40.3%  28.7 1360s
 4325420 434643    0.00025   85   54    0.00034    0.00021  40.3%  28.7 1365s
 4344923 436935     cutoff   93         0.00034    0.00021  40.3%  28.6 1370s
 4361784 438551     cutoff   87         0.00034    0.00021  40.3%  28.7 1375s
H4366798 439109                       0.0003446    0.00021  40.3%  28.7 1376s
 4375479 440031 infeasible   87         0.00034    0.00021  40.3%  28.7 1380s
 4389555 441969     cutoff   95         0.00034    0.00021  40.3%  28.7 1385s
 4411589 445208    0.00021   92   41    0.00034    0.00021  40.3%  28.6 1390s
 4433944 447269    0.00021   75   44    0.00034    0.00021  40.3%  28.6 1395s
 4454036 449467    0.00034   89   51    0.00034    0.00021  40.3%  28.6 1400s
 4473170 452336    0.00021   81   46    0.00034    0.00021  40.3%  28.5 1405s
H4476894 452833                       0.0003446    0.00021  40.3%  28.5 1405s
H4487770 453781                       0.0003446    0.00021  40.3%  28.5 1408s
 4492782 454716    0.00021   90   43    0.00034    0.00021  40.3%  28.5 1410s
 4514861 456882 infeasible   89         0.00034    0.00021  40.3%  28.5 1415s
H4517753 457008                       0.0003446    0.00021  40.3%  28.5 1415s
 4536707 458960 infeasible   93         0.00034    0.00021  40.3%  28.4 1420s
 4553327 460812 infeasible   76         0.00034    0.00021  40.3%  28.4 1425s
 4574944 463468 infeasible   88         0.00034    0.00021  40.3%  28.4 1430s
 4595285 466209    0.00028  100   54    0.00034    0.00021  40.3%  28.4 1435s
 4615788 468896    0.00021   64   59    0.00034    0.00021  40.3%  28.4 1440s
 4635854 471104    0.00021   91   57    0.00034    0.00021  40.3%  28.4 1445s
 4657948 473046 infeasible   74         0.00034    0.00021  40.3%  28.3 1450s
H4658407 473046                       0.0003446    0.00021  40.3%  28.3 1450s
 4674426 474591    0.00021   88   42    0.00034    0.00021  40.3%  28.3 1455s
 4694117 476716    0.00021   67   38    0.00034    0.00021  40.3%  28.3 1460s
 4714308 478642     cutoff   82         0.00034    0.00021  40.3%  28.3 1465s
 4732322 480392 infeasible   88         0.00034    0.00021  40.3%  28.3 1470s
 4755549 482212     cutoff   93         0.00034    0.00021  40.3%  28.3 1475s
 4773332 483854    0.00021   82   42    0.00034    0.00021  40.3%  28.2 1480s
 4796375 486674    0.00023   87   43    0.00034    0.00021  40.3%  28.2 1485s
 4816629 488435     cutoff   77         0.00034    0.00021  40.3%  28.2 1490s
 4832859 490016 infeasible   70         0.00034    0.00021  40.3%  28.2 1495s
H4849058 491185                       0.0003446    0.00021  40.3%  28.2 1499s
 4851209 491496    0.00021   76   46    0.00034    0.00021  40.3%  28.2 1500s
 4868734 493272 infeasible   79         0.00034    0.00021  40.3%  28.2 1505s
 4887345 494913 infeasible   88         0.00034    0.00021  40.3%  28.2 1510s
 4903672 496358 infeasible   84         0.00034    0.00021  40.3%  28.2 1515s
 4919835 497908    0.00026   93   33    0.00034    0.00021  40.3%  28.2 1520s
 4935889 499453     cutoff   85         0.00034    0.00021  40.3%  28.2 1525s
 4948060 500811    0.00021   79   47    0.00034    0.00021  40.3%  28.2 1530s
 4962852 501412    0.00021   60   55    0.00034    0.00021  40.3%  28.2 1535s
 4983510 502410 infeasible   70         0.00034    0.00021  40.3%  28.2 1540s
 5001497 503146     cutoff   86         0.00034    0.00021  40.3%  28.2 1545s
 5020595 503421 infeasible   82         0.00034    0.00021  40.3%  28.2 1550s
 5037307 503982 infeasible   71         0.00034    0.00021  40.3%  28.2 1555s
 5053087 504560    0.00031   80   41    0.00034    0.00021  40.3%  28.1 1560s
 5067148 505311    0.00021   57   40    0.00034    0.00021  40.3%  28.1 1565s
 5084463 505870 infeasible   72         0.00034    0.00021  40.3%  28.1 1570s
 5101736 506244    0.00021   83   50    0.00034    0.00021  40.3%  28.1 1575s
 5116948 507467     cutoff   84         0.00034    0.00021  40.3%  28.1 1580s
 5132810 508988 infeasible   72         0.00034    0.00021  40.3%  28.1 1585s
 5146987 510429 infeasible   69         0.00034    0.00021  40.3%  28.1 1590s
 5164523 511690    0.00024   78   42    0.00034    0.00021  40.3%  28.1 1595s
 5182820 513060     cutoff   77         0.00034    0.00021  40.3%  28.2 1600s
H5182824 512909                       0.0003440    0.00021  40.2%  28.2 1600s
 5197679 515105     cutoff   80         0.00034    0.00021  40.2%  28.2 1605s
 5216357 517450    0.00021   80   45    0.00034    0.00021  40.2%  28.2 1610s
 5234641 519724 infeasible   73         0.00034    0.00021  40.2%  28.2 1615s
 5252955 521306    0.00021   75   57    0.00034    0.00021  40.2%  28.2 1620s
 5265598 522656    0.00022   66   42    0.00034    0.00021  40.2%  28.2 1625s
 5280575 524140    0.00021   78   58    0.00034    0.00021  40.2%  28.1 1630s
H5296924 524907                       0.0003440    0.00021  40.2%  28.1 1633s
H5298831 524919                       0.0003440    0.00021  40.2%  28.1 1634s
H5298836 524919                       0.0003440    0.00021  40.2%  28.1 1634s
 5298837 525048    0.00021   74   44    0.00034    0.00021  40.2%  28.1 1635s
H5301409 525077                       0.0003440    0.00021  40.2%  28.1 1635s
 5312834 526187 infeasible   70         0.00034    0.00021  40.2%  28.1 1640s
H5317126 526552                       0.0003440    0.00021  40.2%  28.1 1641s
 5329551 527181     cutoff   74         0.00034    0.00021  40.2%  28.1 1645s
H5344897 528291                       0.0003439    0.00021  40.2%  28.1 1649s
 5346300 528282    0.00021   69   53    0.00034    0.00021  40.2%  28.1 1650s
 5364907 529605    0.00021   67   35    0.00034    0.00021  40.2%  28.1 1655s
 5379465 530502    0.00021   67   49    0.00034    0.00021  40.2%  28.1 1660s
H5388572 530899                       0.0003439    0.00021  40.2%  28.1 1662s
 5392498 531202    0.00027   82   50    0.00034    0.00021  40.2%  28.1 1665s
 5409974 532443    0.00021   75   44    0.00034    0.00021  40.2%  28.1 1670s
 5423015 533360     cutoff   73         0.00034    0.00021  40.2%  28.1 1675s
 5439312 534884 infeasible   77         0.00034    0.00021  40.2%  28.1 1680s
H5440930 534882                       0.0003439    0.00021  40.2%  28.1 1680s
H5444690 535453                       0.0003439    0.00021  40.2%  28.1 1681s
 5455705 536308    0.00021   62   59    0.00034    0.00021  40.2%  28.1 1685s
 5469193 537327 infeasible   83         0.00034    0.00021  40.2%  28.1 1690s
 5484967 538380    0.00026   73   48    0.00034    0.00021  40.2%  28.1 1695s
H5491145 538735                       0.0003439    0.00021  40.2%  28.1 1697s
 5502019 539608 infeasible   79         0.00034    0.00021  40.2%  28.1 1700s
 5515287 541126    0.00030   82   37    0.00034    0.00021  40.2%  28.1 1705s
 5531700 543424 infeasible   82         0.00034    0.00021  40.2%  28.1 1710s
 5548110 545115     cutoff   89         0.00034    0.00021  40.2%  28.1 1715s
 5563250 546670    0.00021   70   41    0.00034    0.00021  40.2%  28.1 1720s
 5582281 548518    0.00032   69   47    0.00034    0.00021  40.2%  28.1 1725s
 5599468 549821    0.00021   63   60    0.00034    0.00021  40.2%  28.1 1731s
 5616443 551790    0.00032   87   53    0.00034    0.00021  40.2%  28.1 1735s
 5633578 553572 infeasible   76         0.00034    0.00021  40.2%  28.1 1740s
 5650065 555331    0.00021   90   31    0.00034    0.00021  40.2%  28.1 1745s
 5667663 556772    0.00022   83   46    0.00034    0.00021  40.2%  28.1 1750s
 5684591 558077    0.00021   78   44    0.00034    0.00021  40.2%  28.1 1755s
 5700722 559469    0.00025   81   48    0.00034    0.00021  40.2%  28.0 1760s
 5717950 560594    0.00021   72   46    0.00034    0.00021  40.2%  28.0 1765s
 5731178 561511     cutoff   74         0.00034    0.00021  40.2%  28.0 1770s
 5744729 562503    0.00022   92   51    0.00034    0.00021  40.2%  28.1 1775s
 5762258 563603 infeasible   86         0.00034    0.00021  40.2%  28.1 1780s
H5768535 564118                       0.0003439    0.00021  40.2%  28.1 1781s
 5781370 565634     cutoff   98         0.00034    0.00021  40.2%  28.1 1785s
 5799583 567071    0.00023   76   51    0.00034    0.00021  40.2%  28.0 1790s
H5808272 567653                       0.0003438    0.00021  40.1%  28.0 1793s
 5814996 568275 infeasible   80         0.00034    0.00021  40.1%  28.0 1795s
H5815635 568273                       0.0003438    0.00021  40.1%  28.0 1795s
H5822110 568867                       0.0003438    0.00021  40.1%  28.0 1797s
H5823800 569025                       0.0003438    0.00021  40.1%  28.0 1798s
H5824104 569025                       0.0003438    0.00021  40.1%  28.0 1798s
 5829204 569599    0.00021   51   41    0.00034    0.00021  40.1%  28.0 1800s
H5843065 570467                       0.0003438    0.00021  40.1%  28.0 1803s
H5844928 570466                       0.0003438    0.00021  40.1%  28.0 1803s
H5847621 570645                       0.0003438    0.00021  40.1%  28.0 1804s
 5848197 570716    0.00021   64   52    0.00034    0.00021  40.1%  28.0 1805s
 5866725 572033    0.00021   73   50    0.00034    0.00021  40.1%  28.0 1810s
 5881139 573018    0.00028   92   41    0.00034    0.00021  40.1%  28.0 1815s
 5897328 573960    0.00021   63   40    0.00034    0.00021  40.1%  28.0 1820s
 5915932 575822    0.00021   65   41    0.00034    0.00021  40.1%  28.0 1825s
 5934044 577356    0.00021   80   57    0.00034    0.00021  40.1%  28.0 1830s
 5950212 578563     cutoff   91         0.00034    0.00021  40.1%  28.0 1835s
 5968713 580109    0.00021   60   37    0.00034    0.00021  40.1%  28.0 1840s
 5986044 581100    0.00022   78   37    0.00034    0.00021  40.1%  28.0 1845s
H5999966 581897                       0.0003438    0.00021  40.1%  28.0 1848s
H6001648 581965                       0.0003438    0.00021  40.1%  28.0 1849s
 6001730 582195    0.00021   73   49    0.00034    0.00021  40.1%  28.0 1850s
H6004923 582288                       0.0003437    0.00021  40.1%  28.0 1851s
 6016389 583083    0.00021   69   51    0.00034    0.00021  40.1%  28.0 1855s
H6028605 584480                       0.0003437    0.00021  40.1%  28.0 1857s
H6030463 584738                       0.0003437    0.00021  40.1%  28.0 1859s
H6030470 584738                       0.0003437    0.00021  40.1%  28.0 1859s
 6034018 585591     cutoff   86         0.00034    0.00021  40.1%  28.0 1860s
 6051637 587853 infeasible   80         0.00034    0.00021  40.1%  28.0 1865s
 6072002 590882     cutoff   81         0.00034    0.00021  40.1%  28.0 1870s
 6088688 593218    0.00028   77   26    0.00034    0.00021  40.1%  28.0 1875s
 6104872 595043     cutoff   86         0.00034    0.00021  40.1%  28.0 1880s
 6118968 596275    0.00021   72   49    0.00034    0.00021  40.1%  28.0 1885s
 6138235 598099    0.00022   75   35    0.00034    0.00021  40.1%  28.0 1890s
 6157514 600112     cutoff   84         0.00034    0.00021  40.1%  28.0 1895s
 6177268 602462    0.00023   84   50    0.00034    0.00021  40.1%  28.0 1900s
H6180504 602817                       0.0003437    0.00021  40.1%  28.0 1901s
 6192111 603603     cutoff   84         0.00034    0.00021  40.1%  28.0 1905s
 6206837 604939     cutoff   69         0.00034    0.00021  40.1%  28.0 1910s
H6208354 604939                       0.0003437    0.00021  40.1%  28.0 1910s
 6223996 606458     cutoff   75         0.00034    0.00021  40.1%  28.0 1915s
H6229987 606684                       0.0003437    0.00021  40.1%  28.0 1917s
 6240674 607728 infeasible   85         0.00034    0.00021  40.1%  28.0 1920s
 6257664 609009    0.00027   76   57    0.00034    0.00021  40.1%  28.0 1925s
 6275908 609987    0.00021   73   54    0.00034    0.00021  40.1%  28.0 1930s
H6285183 610278                       0.0003437    0.00021  40.1%  28.0 1933s
 6291656 610613    0.00021   82   42    0.00034    0.00021  40.1%  28.0 1935s
 6311382 611633    0.00021   67   35    0.00034    0.00021  40.1%  28.0 1940s
 6329281 612455     cutoff   81         0.00034    0.00021  40.1%  28.0 1945s
 6347637 614379    0.00021   87   44    0.00034    0.00021  40.1%  28.0 1950s
 6363436 615979 infeasible   56         0.00034    0.00021  40.1%  28.0 1955s
 6379860 617404    0.00021   71   38    0.00034    0.00021  40.1%  28.0 1960s
H6393413 618427                       0.0003437    0.00021  40.1%  28.0 1964s
 6393780 618746     cutoff   85         0.00034    0.00021  40.1%  28.0 1965s
 6412275 620653 infeasible   74         0.00034    0.00021  40.1%  28.0 1970s
H6419888 621341                       0.0003436    0.00021  40.1%  28.0 1971s
H6421652 621461                       0.0003436    0.00021  40.1%  28.0 1972s
H6422577 621457                       0.0003436    0.00021  40.1%  28.0 1972s
H6422766 621435                       0.0003436    0.00021  40.1%  28.0 1972s
 6429325 622316 infeasible   92         0.00034    0.00021  40.1%  28.0 1975s
 6448241 624620    0.00023   95   56    0.00034    0.00021  40.1%  28.0 1980s
 6465978 626793    0.00021   66   46    0.00034    0.00021  40.1%  28.0 1985s
 6486532 628566    0.00021   83   54    0.00034    0.00021  40.1%  28.0 1990s
 6504796 630814    0.00021   89   50    0.00034    0.00021  40.1%  28.0 1995s
H6515815 632048                       0.0003435    0.00021  40.1%  28.0 1998s
 6521324 632527    0.00021   86   38    0.00034    0.00021  40.1%  28.0 2000s
H6530181 633402                       0.0003435    0.00021  40.1%  28.0 2002s
H6531472 633585                       0.0003435    0.00021  40.1%  28.0 2003s
H6532483 633765                       0.0003435    0.00021  40.1%  28.0 2003s
H6532927 633762                       0.0003435    0.00021  40.1%  28.0 2003s
 6535755 634265    0.00021   90   57    0.00034    0.00021  40.1%  27.9 2005s
 6553485 636677    0.00030   85   51    0.00034    0.00021  40.1%  28.0 2010s
 6569588 638326     cutoff   89         0.00034    0.00021  40.1%  27.9 2015s
 6585339 639531     cutoff   72         0.00034    0.00021  40.1%  27.9 2020s
H6600020 640615                       0.0003435    0.00021  40.1%  27.9 2024s
H6602896 640677                       0.0003434    0.00021  40.1%  27.9 2024s
 6605343 640867    0.00021   54   62    0.00034    0.00021  40.1%  27.9 2025s
 6619482 641855    0.00025   74   50    0.00034    0.00021  40.1%  28.0 2030s
H6622689 641991                       0.0003434    0.00021  40.1%  28.0 2030s
 6634009 643580    0.00021   90   47    0.00034    0.00021  40.1%  28.0 2035s
 6651398 645367    0.00021   79   48    0.00034    0.00021  40.1%  28.0 2040s
 6670438 647200     cutoff   80         0.00034    0.00021  40.1%  28.0 2045s
 6688925 648815 infeasible   82         0.00034    0.00021  40.1%  28.0 2050s
 6706613 650644    0.00029   86   50    0.00034    0.00021  40.1%  28.0 2055s
 6723554 652863    0.00021   77   46    0.00034    0.00021  40.1%  28.0 2060s
 6743645 655069    0.00028   91   52    0.00034    0.00021  40.1%  28.0 2065s
 6762116 657153    0.00021   82   52    0.00034    0.00021  40.1%  28.0 2070s
 6780108 658836    0.00028   77   37    0.00034    0.00021  40.1%  28.0 2075s
 6794974 660332    0.00021   58   57    0.00034    0.00021  40.1%  28.0 2080s
 6813418 661774    0.00021   44   67    0.00034    0.00021  40.1%  28.0 2085s
 6829026 662788     cutoff   60         0.00034    0.00021  40.1%  27.9 2090s
 6847034 664058    0.00021   76   58    0.00034    0.00021  40.1%  27.9 2095s
 6866958 665198 infeasible   91         0.00034    0.00021  40.1%  27.9 2100s
 6885327 666231 infeasible   72         0.00034    0.00021  40.1%  27.9 2105s
 6903371 667169    0.00021   70   49    0.00034    0.00021  40.1%  27.9 2110s
 6920264 668427 infeasible   71         0.00034    0.00021  40.1%  27.9 2115s
H6926236 668868                       0.0003434    0.00021  40.1%  27.9 2117s
 6937577 669063    0.00030   48   33    0.00034    0.00021  40.1%  27.9 2120s
H6945058 669565                       0.0003434    0.00021  40.1%  27.9 2122s
 6953932 670139     cutoff   91         0.00034    0.00021  40.1%  27.9 2125s
H6961451 670695                       0.0003434    0.00021  40.1%  27.9 2128s
 6966356 670873    0.00025   62   57    0.00034    0.00021  40.1%  27.9 2130s
H6966529 670873                       0.0003434    0.00021  40.1%  27.9 2130s
H6976962 671917                       0.0003434    0.00021  40.1%  27.9 2133s
 6980813 672325    0.00021   72   46    0.00034    0.00021  40.1%  27.9 2135s
 6999257 674075     cutoff   86         0.00034    0.00021  40.1%  27.9 2140s
 7018180 675449     cutoff   95         0.00034    0.00021  40.1%  27.9 2145s
 7035771 676092    0.00021   48   79    0.00034    0.00021  40.1%  27.9 2150s
 7054232 677060     cutoff   84         0.00034    0.00021  40.1%  27.9 2155s
 7072789 678303     cutoff   80         0.00034    0.00021  40.1%  27.9 2160s
 7092109 679417     cutoff   74         0.00034    0.00021  40.1%  27.9 2165s
 7110003 680704 infeasible   65         0.00034    0.00021  40.1%  27.9 2170s
 7127421 682107     cutoff   53         0.00034    0.00021  40.1%  27.8 2175s
 7144229 683695    0.00032   89   42    0.00034    0.00021  40.1%  27.8 2180s
 7164877 685897    0.00021   82   47    0.00034    0.00021  40.1%  27.8 2185s
 7182828 687827 infeasible   71         0.00034    0.00021  40.1%  27.8 2190s
H7190646 688698                       0.0003434    0.00021  40.1%  27.8 2191s
 7203391 690396     cutoff   71         0.00034    0.00021  40.1%  27.8 2195s
 7222860 692660    0.00026   70   45    0.00034    0.00021  40.1%  27.8 2200s
 7242240 694782     cutoff   90         0.00034    0.00021  40.1%  27.8 2205s
 7260392 696562    0.00026   73   42    0.00034    0.00021  40.1%  27.8 2210s
 7276676 698443 infeasible   95         0.00034    0.00021  40.1%  27.8 2215s
 7292432 700170    0.00021   87   54    0.00034    0.00021  40.1%  27.8 2220s
 7309968 701631    0.00021   78   56    0.00034    0.00021  40.1%  27.8 2225s
 7329138 703022    0.00021   94   56    0.00034    0.00021  40.1%  27.8 2230s
 7347893 705035     cutoff   94         0.00034    0.00021  40.1%  27.8 2235s
 7368539 707233 infeasible   97         0.00034    0.00021  40.1%  27.8 2240s
 7384097 708562     cutoff   91         0.00034    0.00021  40.1%  27.8 2245s
 7400265 710454     cutoff   90         0.00034    0.00021  40.1%  27.8 2250s
 7418707 712146    0.00021   58   44    0.00034    0.00021  40.1%  27.8 2255s
 7436013 713547 infeasible   78         0.00034    0.00021  40.1%  27.8 2260s
 7455266 716093 infeasible   61         0.00034    0.00021  40.1%  27.8 2265s
 7475377 718630    0.00021   71   54    0.00034    0.00021  40.1%  27.8 2270s
 7495265 721564     cutoff   87         0.00034    0.00021  40.1%  27.8 2275s
 7517116 724465    0.00021   89   49    0.00034    0.00021  40.1%  27.8 2280s
 7533389 726554    0.00025   90   31    0.00034    0.00021  40.1%  27.8 2285s
 7549533 728880 infeasible   70         0.00034    0.00021  40.1%  27.8 2290s
 7570534 731513 infeasible   88         0.00034    0.00021  40.1%  27.7 2295s
 7590837 733564     cutoff   83         0.00034    0.00021  40.1%  27.7 2300s
 7610145 735658    0.00021   81   52    0.00034    0.00021  40.1%  27.7 2305s
 7627053 738164    0.00021   77   44    0.00034    0.00021  40.1%  27.7 2310s
H7641145 739685                       0.0003434    0.00021  40.1%  27.7 2314s
 7645168 740277     cutoff   88         0.00034    0.00021  40.1%  27.7 2315s
H7656065 741394                       0.0003434    0.00021  40.1%  27.7 2318s
 7661528 742175     cutoff   85         0.00034    0.00021  40.1%  27.7 2320s
 7678540 743763 infeasible   79         0.00034    0.00021  40.1%  27.7 2325s
 7694442 745553    0.00021   86   32    0.00034    0.00021  40.1%  27.7 2330s
 7711908 747437     cutoff   89         0.00034    0.00021  40.1%  27.7 2335s
 7728994 749440    0.00022  100   54    0.00034    0.00021  40.1%  27.7 2340s
 7747287 751570     cutoff   89         0.00034    0.00021  40.1%  27.7 2345s
 7763653 753808    0.00023  109   41    0.00034    0.00021  40.1%  27.7 2350s
H7769470 731180                       0.0003108    0.00021  33.8%  27.7 2352s
H7774786 731689                       0.0003108    0.00021  33.8%  27.7 2353s
H7776334 718918                       0.0003004    0.00021  31.5%  27.7 2354s
H7777142 719054                       0.0003004    0.00021  31.5%  27.7 2354s
 7778809 719148 infeasible   91         0.00030    0.00021  31.5%  27.7 2355s
 7794518 720571    0.00026   94   53    0.00030    0.00021  31.5%  27.7 2360s
H7800234 689034                       0.0002853    0.00021  27.9%  27.7 2362s
 7811396 690547    0.00021   93   50    0.00029    0.00021  27.9%  27.7 2365s
H7815507 690955                       0.0002853    0.00021  27.9%  27.7 2366s
H7817324 691072                       0.0002853    0.00021  27.9%  27.7 2366s
H7818688 691068                       0.0002853    0.00021  27.9%  27.7 2367s
 7827606 691903 infeasible   88         0.00029    0.00021  27.9%  27.7 2370s
 7841014 693137 infeasible   77         0.00029    0.00021  27.9%  27.7 2375s
H7855769 694044                       0.0002853    0.00021  27.9%  27.7 2379s
 7859338 694213    0.00021   86   44    0.00029    0.00021  27.9%  27.7 2380s
 7877112 696183 infeasible   93         0.00029    0.00021  27.9%  27.7 2385s
 7895842 699245    0.00021   78   46    0.00029    0.00021  27.9%  27.7 2390s
 7916825 701632    0.00024   85   42    0.00029    0.00021  27.9%  27.7 2395s
 7937146 703719    0.00021   99   43    0.00029    0.00021  27.9%  27.7 2400s
 7954438 705706    0.00023   77   50    0.00029    0.00021  27.9%  27.7 2405s
H7959401 706049                       0.0002853    0.00021  27.9%  27.7 2406s
H7965320 706615                       0.0002853    0.00021  27.9%  27.7 2408s
 7971023 707304    0.00021   82   45    0.00029    0.00021  27.9%  27.7 2410s
 7989939 709635    0.00024   99   59    0.00029    0.00021  27.9%  27.7 2415s
 8008379 711346    0.00021  100   32    0.00029    0.00021  27.9%  27.7 2420s
 8027610 713552    0.00021   81   51    0.00029    0.00021  27.9%  27.7 2425s
 8046563 714615     cutoff  100         0.00029    0.00021  27.9%  27.7 2430s
 8064702 716135    0.00021  103   31    0.00029    0.00021  27.9%  27.7 2435s
 8085684 717581    0.00021   88   47    0.00029    0.00021  27.9%  27.7 2440s
 8105014 718639    0.00021   91   43    0.00029    0.00021  27.9%  27.7 2445s
 8123672 719703 infeasible   81         0.00029    0.00021  27.9%  27.6 2450s
 8144331 722421    0.00021  102   42    0.00029    0.00021  27.9%  27.6 2455s
 8164693 724449     cutoff   89         0.00029    0.00021  27.9%  27.6 2460s
 8184940 725706    0.00021  102   42    0.00029    0.00021  27.9%  27.6 2465s
 8204113 726592     cutoff  102         0.00029    0.00021  27.9%  27.7 2470s
H8210338 723143                       0.0002827    0.00021  27.2%  27.7 2471s
H8212273 723265                       0.0002827    0.00021  27.2%  27.7 2472s
H8212641 722916                       0.0002824    0.00021  27.1%  27.7 2472s
H8212762 722916                       0.0002824    0.00021  27.1%  27.6 2472s
H8214779 723047                       0.0002824    0.00021  27.1%  27.7 2472s
 8219884 723399     cutoff   90         0.00028    0.00021  27.1%  27.6 2475s
 8238166 725883    0.00021   94   43    0.00028    0.00021  27.1%  27.6 2480s
 8259906 729217 infeasible  100         0.00028    0.00021  27.1%  27.6 2485s
 8278883 731338 infeasible   97         0.00028    0.00021  27.1%  27.6 2490s
 8297869 733616     cutoff   81         0.00028    0.00021  27.1%  27.6 2495s
 8315963 735534    0.00021   74   42    0.00028    0.00021  27.1%  27.6 2500s
H8316796 735732                       0.0002824    0.00021  27.1%  27.6 2500s
H8324359 736077                       0.0002824    0.00021  27.1%  27.6 2502s
 8333692 736930    0.00021   76   44    0.00028    0.00021  27.1%  27.6 2505s
 8352485 739491    0.00021  100   43    0.00028    0.00021  27.1%  27.6 2510s
H8362967 740860                       0.0002824    0.00021  27.1%  27.6 2512s
 8371225 741718     cutoff  102         0.00028    0.00021  27.1%  27.6 2515s
 8389382 744263    0.00021   89   41    0.00028    0.00021  27.1%  27.6 2520s
 8405046 746378    0.00021   84   45    0.00028    0.00021  27.1%  27.6 2525s
 8426218 749762 infeasible   89         0.00028    0.00021  27.1%  27.6 2530s
 8446410 752078    0.00021   93   52    0.00028    0.00021  27.1%  27.6 2535s
 8465038 753633    0.00021   94   43    0.00028    0.00021  27.1%  27.6 2540s
 8485010 755169     cutoff   96         0.00028    0.00021  27.1%  27.6 2545s
 8501978 756407    0.00021   73   56    0.00028    0.00021  27.1%  27.6 2550s
 8522741 758023    0.00021   78   43    0.00028    0.00021  27.1%  27.6 2555s
 8543483 759500     cutoff   90         0.00028    0.00021  27.1%  27.6 2560s
 8562951 760873     cutoff   75         0.00028    0.00021  27.1%  27.6 2565s
 8583602 762858     cutoff   89         0.00028    0.00021  27.1%  27.6 2570s
 8606205 764659     cutoff  121         0.00028    0.00021  27.1%  27.6 2575s
H8615092 765131                       0.0002824    0.00021  27.1%  27.6 2577s
 8624563 765857     cutoff   92         0.00028    0.00021  27.1%  27.6 2580s
 8642549 766980    0.00023   77   41    0.00028    0.00021  27.1%  27.6 2585s
 8661842 768306 infeasible   84         0.00028    0.00021  27.1%  27.5 2590s
 8680234 770028     cutoff   96         0.00028    0.00021  27.1%  27.5 2595s
 8701366 771771    0.00021   88   42    0.00028    0.00021  27.1%  27.5 2600s
 8721776 773174     cutoff   86         0.00028    0.00021  27.1%  27.5 2605s
 8742026 774478    0.00021   82   36    0.00028    0.00021  27.1%  27.5 2610s
 8761804 776739     cutoff   89         0.00028    0.00021  27.1%  27.5 2615s
 8779443 778885    0.00021   91   55    0.00028    0.00021  27.1%  27.5 2620s
 8797857 780689    0.00021   94   41    0.00028    0.00021  27.1%  27.5 2625s
 8814413 782763     cutoff   93         0.00028    0.00021  27.1%  27.5 2630s
 8835508 785546    0.00028  105   41    0.00028    0.00021  27.1%  27.5 2635s
 8856020 788330    0.00021   94   43    0.00028    0.00021  27.1%  27.5 2640s
 8876444 791345    0.00021   74   43    0.00028    0.00021  27.1%  27.5 2645s
 8894895 793313    0.00021   83   43    0.00028    0.00021  27.1%  27.5 2650s
 8912714 794756    0.00021   86   51    0.00028    0.00021  27.1%  27.5 2655s
 8927594 796435 infeasible  106         0.00028    0.00021  27.1%  27.5 2660s
 8946539 798107     cutoff   93         0.00028    0.00021  27.1%  27.5 2665s
 8965483 800264     cutoff   97         0.00028    0.00021  27.1%  27.5 2670s
 8983467 801610    0.00021   90   53    0.00028    0.00021  27.1%  27.5 2675s
H8998121 797258                       0.0002796    0.00021  26.4%  27.5 2679s
H9000391 796498                       0.0002791    0.00021  26.3%  27.5 2679s
 9000747 796673    0.00024  108   52    0.00028    0.00021  26.3%  27.5 2680s
H9002558 796543                       0.0002790    0.00021  26.2%  27.5 2680s
H9009527 796743                       0.0002790    0.00021  26.2%  27.5 2682s
H9011203 718273                       0.0002465    0.00021  16.5%  27.5 2683s
H9013089 717290                       0.0002462    0.00021  16.4%  27.5 2684s
 9015753 717629     cutoff   83         0.00025    0.00021  16.4%  27.5 2685s
H9015756 717611                       0.0002462    0.00021  16.4%  27.5 2685s
H9015991 717606                       0.0002462    0.00021  16.4%  27.5 2685s
H9016889 717606                       0.0002462    0.00021  16.4%  27.5 2685s
H9020925 656336                       0.0002347    0.00021  12.3%  27.5 2687s
H9020934 588611                       0.0002224    0.00021  7.45%  27.5 2687s
 9029834 589434    0.00021   90   47    0.00022    0.00021  7.45%  27.5 2690s
H9030979 589430                       0.0002224    0.00021  7.45%  27.5 2690s
H9035777 394484                       0.0002090    0.00021  1.52%  27.5 2692s
 9045269 395127    0.00021   91   61    0.00021    0.00021  1.52%  27.5 2695s
H9045542 395107                       0.0002090    0.00021  1.52%  27.5 2695s
H9052283 310392                       0.0002071    0.00021  0.64%  27.5 2697s
 9061377 311204    0.00021   85   52    0.00021    0.00021  0.64%  27.5 2700s
H9064763 311336                       0.0002071    0.00021  0.64%  27.5 2700s
 9078063 312483     cutoff   95         0.00021    0.00021  0.64%  27.5 2705s
H9089174 291439                       0.0002068    0.00021  0.49%  27.5 2708s
H9091526 291529                       0.0002068    0.00021  0.49%  27.5 2708s
 9095344 291855 infeasible   91         0.00021    0.00021  0.49%  27.5 2710s
H9099955 291865                       0.0002068    0.00021  0.49%  27.5 2711s
H9102099 291928                       0.0002068    0.00021  0.49%  27.5 2711s
H9106051 288479                       0.0002068    0.00021  0.47%  27.5 2712s
H9110061 272470                       0.0002066    0.00021  0.38%  27.5 2714s
 9110075 272491     cutoff   82         0.00021    0.00021  0.38%  27.5 2715s
H9112486 234684                       0.0002063    0.00021  0.22%  27.5 2715s
H9114428 230553                       0.0002062    0.00021  0.21%  27.5 2716s
H9117640 230611                       0.0002062    0.00021  0.21%  27.5 2717s
 9130069 230753     cutoff   70         0.00021    0.00021  0.21%  27.5 2720s
H9136316 224183                       0.0002062    0.00021  0.18%  27.5 2722s
H9139573 224488                       0.0002062    0.00021  0.18%  27.5 2723s
 9146576 224880    0.00021   73   45    0.00021    0.00021  0.18%  27.5 2725s
H9159032 196120                       0.0002060    0.00021  0.11%  27.5 2728s
H9161548 82215                       0.0002058    0.00021  0.00%  27.5 2729s
H9161605 46753                       0.0002058    0.00021  0.00%  27.5 2729s

Cutting planes:
  Gomory: 4
  Cover: 4
  Implied bound: 36
  Clique: 6
  MIR: 6
  StrongCG: 1
  Flow cover: 45
  RLT: 20
  Relax-and-lift: 26
  PSD: 1

Explored 9162223 nodes (252080670 simplex iterations) in 2729.54 seconds (1400.54 work units)
Thread count was 12 (of 12 available processors)

Solution count 10: 0.000205807 0.000205813 0.000206028 ... 0.000206826

Optimal solution found (tolerance 1.00e-04)
Best objective 2.058072725739e-04, best bound 2.058065039989e-04, gap 0.0004%
