
Gurobi 11.0.2 (win64) logging started Thu Oct  3 02:12:52 2024

Set parameter LogFile to value ".\Experiments\Track_k_e_2_reruns\Logs\Track_k_e_2_reruns_r4_c3.log"
Set parameter TimeLimit to value 3600
Gurobi Optimizer version 11.0.2 build v11.0.2rc0 (win64 - Windows 10.0 (19045.2))

CPU model: Intel(R) Core(TM) i7-10750H CPU @ 2.60GHz, instruction set [SSE2|AVX|AVX2]
Thread count: 6 physical cores, 12 logical processors, using up to 12 threads

Optimize a model with 250 rows, 462 columns and 924 nonzeros
Model fingerprint: 0x0c821430
Model has 6 quadratic objective terms
Model has 68 quadratic constraints
Model has 116 general constraints
Variable types: 458 continuous, 4 integer (4 binary)
Coefficient statistics:
  Matrix range     [9e-06, 1e+02]
  QMatrix range    [1e+00, 1e+00]
  QLMatrix range   [1e+00, 1e+00]
  Objective range  [1e-02, 2e-01]
  QObjective range [2e+00, 2e+00]
  Bounds range     [8e-05, 5e+00]
  RHS range        [8e-05, 1e+02]
  QRHS range       [1e-06, 1e-06]
Presolve added 60 rows and 0 columns
Presolve removed 0 rows and 97 columns
Presolve time: 0.01s
Presolved: 551 rows, 374 columns, 1543 nonzeros
Presolved model has 2 SOS constraint(s)
Presolved model has 4 quadratic objective terms
Presolved model has 57 bilinear constraint(s)
Presolved model has 4 nonlinear constraint(s)
Warning: Model contains variables with very large bounds participating
         in nonlinear terms.
         Presolve was not able to compute smaller bounds for these variables.
         Consider bounding these variables or reformulating the model.


Solving non-convex MINLP

Variable types: 284 continuous, 90 integer (90 binary)

Root relaxation: objective 2.058065e-04, 451 iterations, 0.00 seconds (0.00 work units)

    Nodes    |    Current Node    |     Objective Bounds      |     Work
 Expl Unexpl |  Obj  Depth IntInf | Incumbent    BestBd   Gap | It/Node Time

     0     0    0.00021    0   57          -    0.00021      -     -    0s
     0     0    0.00021    0   57          -    0.00021      -     -    0s
     0     0    0.00021    0  102          -    0.00021      -     -    0s
     0     0    0.00021    0  102          -    0.00021      -     -    0s
     0     0    0.00021    0   99          -    0.00021      -     -    0s
     0     0    0.00021    0   98          -    0.00021      -     -    0s
     0     0    0.00021    0  102          -    0.00021      -     -    0s
     0     0    0.00021    0   60          -    0.00021      -     -    0s
     0     2    0.00021    0   60          -    0.00021      -     -    0s
H   17    20                       0.1754349    0.00021   100%  95.4    0s
H   67    65                       0.1746610    0.00021   100%  58.6    0s
H   75    65                       0.1746610    0.00021   100%  57.3    0s
H  798   395                       0.1746609    0.00021   100%  30.0    0s
H  885   455                       0.1656740    0.00021   100%  28.7    0s
H  942   455                       0.1656740    0.00021   100%  27.6    0s
H 1240   568                       0.1656739    0.00021   100%  26.2    0s
H 1305   623                       0.1470938    0.00021   100%  26.3    0s
H 1330   623                       0.1470937    0.00021   100%  26.5    0s
* 1623   418              94       0.0097905    0.00021  97.9%  25.4    0s
H 2247   579                       0.0097905    0.00021  97.9%  27.0    1s
H 2322   577                       0.0097905    0.00021  97.9%  28.3    1s
H 3321   798                       0.0065165    0.00021  96.8%  27.8    2s
H 4019   935                       0.0065165    0.00021  96.8%  28.8    2s
H 4363   917                       0.0051705    0.00021  96.0%  29.0    2s
H 6203  1487                       0.0051705    0.00021  96.0%  29.6    3s
H 7825  1870                       0.0045469    0.00021  95.5%  29.3    4s
 11175  2617    0.00024   53   41    0.00455    0.00021  95.5%  29.6    5s
H13201  2795                       0.0045065    0.00021  95.4%  29.2    5s
H13628  2996                       0.0045065    0.00021  95.4%  29.1    5s
H16810  3553                       0.0045065    0.00021  95.4%  28.8    7s
H18836  3934                       0.0045065    0.00021  95.4%  28.8    7s
H20131  4093                       0.0045065    0.00021  95.4%  28.8    9s
 23966  4927 infeasible   49         0.00451    0.00021  95.4%  28.5   10s
H35282  6769                       0.0045065    0.00021  95.4%  29.5   14s
 37710  7617    0.00084   61   49    0.00451    0.00021  95.4%  29.7   15s
H44499  9088                       0.0045064    0.00021  95.4%  29.6   16s
 55633 11743     cutoff   74         0.00451    0.00021  95.4%  28.2   20s
H59254 12130                       0.0045064    0.00021  95.4%  28.0   20s
 71280 15348    0.00021   49   56    0.00451    0.00021  95.4%  27.6   25s
H88001 18498                       0.0038675    0.00021  94.7%  27.5   29s
H88078 18498                       0.0038674    0.00021  94.7%  27.5   29s
 89976 19150     cutoff   68         0.00387    0.00021  94.7%  27.5   30s
 106723 21727 infeasible   71         0.00387    0.00021  94.7%  27.9   35s
H117370 23561                       0.0038674    0.00021  94.7%  28.0   38s
 123596 24946 infeasible   54         0.00387    0.00021  94.7%  28.0   40s
H136212 27656                       0.0038234    0.00021  94.6%  28.0   44s
H136780 28068                       0.0038234    0.00021  94.6%  28.1   44s
H137764 28068                       0.0038234    0.00021  94.6%  28.1   44s
 138842 28279    0.00023   67   42    0.00382    0.00021  94.6%  28.1   45s
H146743 29662                       0.0038234    0.00021  94.6%  28.5   48s
 149711 30646    0.00033   70   39    0.00382    0.00021  94.6%  28.6   50s
H155056 31632                       0.0038233    0.00021  94.6%  28.6   51s
 165595 34144     cutoff   58         0.00382    0.00021  94.6%  28.7   55s
H173820 35390                       0.0038232    0.00021  94.6%  28.8   57s
H177572 35765                       0.0038232    0.00021  94.6%  29.1   59s
 179264 36122    0.00021   42   49    0.00382    0.00021  94.6%  29.2   60s
 191787 38391    0.00021   51   48    0.00382    0.00021  94.6%  29.6   65s
 210986 41648    0.00021   51   45    0.00382    0.00021  94.6%  29.5   70s
 224741 44482    0.00040   55   47    0.00382    0.00021  94.6%  29.6   75s
H224744 44482                       0.0038232    0.00021  94.6%  29.6   75s
 238891 47331    0.00038   66   43    0.00382    0.00021  94.6%  29.7   80s
 248510 49244 infeasible   73         0.00382    0.00021  94.6%  29.8   86s
 262265 51498    0.00021   58   46    0.00382    0.00021  94.6%  29.9   90s
 275171 54124 infeasible   65         0.00382    0.00021  94.6%  30.1   95s
 289707 56264     cutoff   58         0.00382    0.00021  94.6%  30.1  100s
 301071 58284 infeasible   63         0.00382    0.00021  94.6%  30.3  105s
H301088 58284                       0.0038232    0.00021  94.6%  30.3  105s
 315612 60960    0.00022   54   52    0.00382    0.00021  94.6%  30.4  110s
 331461 64825    0.00052   81   36    0.00382    0.00021  94.6%  30.4  115s
 345292 67545    0.00023   71   37    0.00382    0.00021  94.6%  30.6  120s
 360347 70381 infeasible   66         0.00382    0.00021  94.6%  30.7  125s
 376307 72840     cutoff   68         0.00382    0.00021  94.6%  30.8  130s
 390568 74898    0.00041   77   49    0.00382    0.00021  94.6%  30.8  135s
 405573 78173 infeasible   64         0.00382    0.00021  94.6%  30.7  140s
 422010 82681    0.00021   79   46    0.00382    0.00021  94.6%  30.7  146s
 434816 85383    0.00045   76   43    0.00382    0.00021  94.6%  30.7  150s
 447057 87941    0.00213   78   40    0.00382    0.00021  94.6%  30.7  155s
 460721 90471    0.00212   67   44    0.00382    0.00021  94.6%  30.8  160s
 477816 93942    0.00083   82   51    0.00382    0.00021  94.6%  30.8  165s
 493475 97963    0.00061   63   47    0.00382    0.00021  94.6%  30.7  170s
 507655 100119    0.00021   58   49    0.00382    0.00021  94.6%  30.7  175s
 521702 102135 infeasible   61         0.00382    0.00021  94.6%  30.8  180s
 535298 103981 infeasible   66         0.00382    0.00021  94.6%  30.7  185s
 551877 105738    0.00021   44   41    0.00382    0.00021  94.6%  30.6  190s
 568738 107595    0.00021   53   54    0.00382    0.00021  94.6%  30.6  195s
 587433 108887 infeasible   56         0.00382    0.00021  94.6%  30.5  200s
 605195 110741    0.00127   64   35    0.00382    0.00021  94.6%  30.5  205s
 623498 114511    0.00046   65   51    0.00382    0.00021  94.6%  30.4  210s
 637951 117401    0.00021   62   38    0.00382    0.00021  94.6%  30.4  215s
 653203 120638 infeasible   79         0.00382    0.00021  94.6%  30.4  220s
 671885 124115    0.00024   72   43    0.00382    0.00021  94.6%  30.3  225s
 684557 126522     cutoff   59         0.00382    0.00021  94.6%  30.3  230s
 702298 130516    0.00113   75   42    0.00382    0.00021  94.6%  30.2  235s
 723208 134636    0.00021   65   41    0.00382    0.00021  94.6%  30.0  240s
 745985 139313    0.00029   93   54    0.00382    0.00021  94.6%  29.8  245s
 762321 142166 infeasible   44         0.00382    0.00021  94.6%  29.8  250s
 779301 145288 infeasible   62         0.00382    0.00021  94.6%  29.7  255s
 796656 149033 infeasible   66         0.00382    0.00021  94.6%  29.7  260s
 812829 152443    0.00029   67   34    0.00382    0.00021  94.6%  29.7  265s
 828725 155219    0.00048   91   40    0.00382    0.00021  94.6%  29.8  270s
 844590 157912    0.00023   69   56    0.00382    0.00021  94.6%  29.8  275s
 858554 160690     cutoff   58         0.00382    0.00021  94.6%  29.9  280s
 875656 163574     cutoff   46         0.00382    0.00021  94.6%  30.0  285s
 891782 166566     cutoff   55         0.00382    0.00021  94.6%  30.0  290s
 902193 168736    0.00021   51   54    0.00382    0.00021  94.6%  30.0  295s
 918320 171233 infeasible   83         0.00382    0.00021  94.6%  30.0  300s
 935277 173357    0.00054   56   32    0.00382    0.00021  94.6%  29.9  305s
 954470 176057     cutoff   55         0.00382    0.00021  94.6%  29.8  310s
 972418 179684    0.00022   65   53    0.00382    0.00021  94.6%  29.8  315s
 990614 184044    0.00021   59   49    0.00382    0.00021  94.6%  29.7  320s
 1005713 186907 infeasible   61         0.00382    0.00021  94.6%  29.7  325s
 1024560 190978    0.00120   71   39    0.00382    0.00021  94.6%  29.7  330s
H1025343 190976                       0.0038203    0.00021  94.6%  29.7  330s
H1025348 191480                       0.0037504    0.00021  94.5%  29.7  331s
 1039296 194696    0.00021   67   42    0.00375    0.00021  94.5%  29.7  335s
 1055272 197754    0.00021   47   58    0.00375    0.00021  94.5%  29.7  340s
H1055419 197754                       0.0037504    0.00021  94.5%  29.7  340s
H1058691 198890                       0.0037411    0.00021  94.5%  29.7  342s
 1065456 200336 infeasible   67         0.00374    0.00021  94.5%  29.7  345s
 1081035 203826    0.00171   62   44    0.00374    0.00021  94.5%  29.7  350s
 1098854 208331    0.00070   74   41    0.00374    0.00021  94.5%  29.7  355s
 1113131 211341    0.00021   59   45    0.00374    0.00021  94.5%  29.8  360s
H1119157 212226                       0.0037411    0.00021  94.5%  29.8  362s
 1126259 213723    0.00084   67   36    0.00374    0.00021  94.5%  29.8  365s
H1127026 213723                       0.0037410    0.00021  94.5%  29.8  365s
H1138682 215749                       0.0037410    0.00021  94.5%  29.8  369s
 1140390 215884    0.00026   57   49    0.00374    0.00021  94.5%  29.8  370s
H1141003 215884                       0.0037410    0.00021  94.5%  29.8  370s
H1144781 216364                       0.0037410    0.00021  94.5%  29.9  372s
 1152533 218315    0.00021   61   47    0.00374    0.00021  94.5%  29.9  375s
H1157108 219026                       0.0037410    0.00021  94.5%  29.9  376s
 1168482 221881    0.00126   70   42    0.00374    0.00021  94.5%  29.9  380s
 1179090 224464    0.00021   64   48    0.00374    0.00021  94.5%  29.9  385s
 1194641 228209    0.00079   83   42    0.00374    0.00021  94.5%  29.9  390s
 1210828 231339    0.00073   58   32    0.00374    0.00021  94.5%  29.9  395s
 1226251 235280     cutoff   61         0.00374    0.00021  94.5%  29.9  400s
 1239301 238577     cutoff   63         0.00374    0.00021  94.5%  29.9  405s
 1254991 242366    0.00021   71   59    0.00374    0.00021  94.5%  29.9  411s
 1268291 245288    0.00361   86   22    0.00374    0.00021  94.5%  30.0  415s
 1281939 248075     cutoff   72         0.00374    0.00021  94.5%  30.0  420s
 1296076 251125    0.00021   61   51    0.00374    0.00021  94.5%  30.0  425s
 1316035 255770     cutoff   86         0.00374    0.00021  94.5%  29.9  430s
 1333601 259050    0.00025   80   54    0.00374    0.00021  94.5%  29.9  435s
 1350841 262295 infeasible   73         0.00374    0.00021  94.5%  29.9  440s
 1365016 265926 infeasible   66         0.00374    0.00021  94.5%  29.9  445s
H1374919 268077                       0.0037409    0.00021  94.5%  29.9  449s
 1375947 268395     cutoff   71         0.00374    0.00021  94.5%  29.9  450s
H1379161 268756                       0.0037409    0.00021  94.5%  29.9  450s
 1391284 271757    0.00135   82   41    0.00374    0.00021  94.5%  29.9  455s
H1394209 272547                       0.0037409    0.00021  94.5%  29.9  456s
H1398572 273476                       0.0037017    0.00021  94.4%  30.0  458s
 1403776 274041    0.00025   55   47    0.00370    0.00021  94.4%  30.0  460s
 1418801 277116    0.00043   55   43    0.00370    0.00021  94.4%  30.0  465s
H1418990 247222                       0.0018748    0.00021  89.0%  30.0  465s
H1420956 247534                       0.0018748    0.00021  89.0%  30.0  466s
 1428676 248304    0.00021   58   57    0.00187    0.00021  89.0%  30.0  470s
H1438465 234763                       0.0014978    0.00021  86.3%  30.0  473s
H1440134 234763                       0.0014978    0.00021  86.3%  30.0  473s
H1440273 234971                       0.0014978    0.00021  86.3%  30.0  474s
H1442202 234966                       0.0014978    0.00021  86.3%  30.0  475s
H1446908 235446                       0.0014978    0.00021  86.3%  30.0  477s
 1454649 236504    0.00061   93   46    0.00150    0.00021  86.3%  29.9  480s
H1459337 237628                       0.0014978    0.00021  86.3%  29.9  482s
H1461288 237773                       0.0014978    0.00021  86.3%  29.9  482s
H1461824 237773                       0.0014977    0.00021  86.3%  29.9  482s
H1464648 238306                       0.0014977    0.00021  86.3%  29.9  484s
H1466458 238655                       0.0014977    0.00021  86.3%  29.9  484s
 1467425 238658 infeasible   91         0.00150    0.00021  86.3%  29.9  485s
H1476178 240413                       0.0014977    0.00021  86.3%  29.9  488s
H1478023 240758                       0.0014977    0.00021  86.3%  29.9  488s
 1480607 241094    0.00021   95   43    0.00150    0.00021  86.3%  29.9  490s
H1483493 207176                       0.0009564    0.00021  78.5%  29.9  491s
H1484676 203938                       0.0009176    0.00021  77.6%  29.9  492s
H1486557 202597                       0.0009030    0.00021  77.2%  29.9  492s
H1486883 202594                       0.0009030    0.00021  77.2%  29.9  492s
H1489763 203082                       0.0009030    0.00021  77.2%  29.9  493s
 1490736 203409    0.00063  109   42    0.00090    0.00021  77.2%  29.9  495s
H1492905 203546                       0.0009030    0.00021  77.2%  29.9  495s
H1493446 203543                       0.0009030    0.00021  77.2%  29.9  495s
H1500891 204810                       0.0009030    0.00021  77.2%  29.9  497s
 1503759 205495 infeasible   84         0.00090    0.00021  77.2%  29.9  500s
 1522062 208376    0.00044   86   42    0.00090    0.00021  77.2%  29.8  505s
 1539234 211002 infeasible   94         0.00090    0.00021  77.2%  29.9  510s
H1555291 194700                       0.0007969    0.00021  74.2%  29.8  515s
H1559092 195029                       0.0007962    0.00021  74.2%  29.8  516s
H1560183 190467                       0.0007380    0.00021  72.1%  29.8  517s
H1561658 190876                       0.0007379    0.00021  72.1%  29.8  517s
H1562760 190886                       0.0007379    0.00021  72.1%  29.8  518s
H1562764 190885                       0.0007379    0.00021  72.1%  29.8  518s
H1565132 191450                       0.0007378    0.00021  72.1%  29.8  519s
 1565505 191851    0.00024   73   44    0.00074    0.00021  72.1%  29.8  520s
H1577338 193688                       0.0007378    0.00021  72.1%  29.8  523s
 1580834 194324    0.00021   74   43    0.00074    0.00021  72.1%  29.8  525s
 1596452 196708    0.00021   81   42    0.00074    0.00021  72.1%  29.8  530s
H1599061 197439                       0.0007378    0.00021  72.1%  29.8  531s
H1609603 199360                       0.0007378    0.00021  72.1%  29.8  534s
 1610243 199356    0.00072   87   42    0.00074    0.00021  72.1%  29.8  535s
 1625638 201888    0.00021   75   44    0.00074    0.00021  72.1%  29.7  540s
H1629893 202259                       0.0007377    0.00021  72.1%  29.7  541s
H1637078 203228                       0.0007377    0.00021  72.1%  29.7  544s
H1637423 203228                       0.0007377    0.00021  72.1%  29.7  544s
H1638012 203477                       0.0007377    0.00021  72.1%  29.7  545s
H1648294 204342                       0.0007377    0.00021  72.1%  29.7  548s
 1651354 204714    0.00021   72   47    0.00074    0.00021  72.1%  29.7  550s
H1656864 205100                       0.0007377    0.00021  72.1%  29.7  551s
H1661623 205240                       0.0007376    0.00021  72.1%  29.7  553s
 1663946 205416    0.00021   59   37    0.00074    0.00021  72.1%  29.7  555s
H1668222 205687                       0.0007374    0.00021  72.1%  29.7  556s
H1669926 205693                       0.0007373    0.00021  72.1%  29.7  558s
 1675148 206160    0.00026   60   56    0.00074    0.00021  72.1%  29.7  560s
H1681481 206907                       0.0007373    0.00021  72.1%  29.7  561s
H1683351 206909                       0.0007373    0.00021  72.1%  29.7  563s
H1683776 207087                       0.0007373    0.00021  72.1%  29.7  563s
H1684705 207087                       0.0007373    0.00021  72.1%  29.7  563s
H1684853 207087                       0.0007373    0.00021  72.1%  29.7  563s
 1688512 207466     cutoff   53         0.00074    0.00021  72.1%  29.7  565s
H1692695 207790                       0.0007373    0.00021  72.1%  29.7  566s
H1694569 207909                       0.0007373    0.00021  72.1%  29.7  566s
H1697859 208218                       0.0007373    0.00021  72.1%  29.7  568s
 1701154 208684     cutoff   69         0.00074    0.00021  72.1%  29.7  570s
H1711000 209547                       0.0007373    0.00021  72.1%  29.7  573s
H1712948 209648                       0.0007373    0.00021  72.1%  29.7  574s
 1713810 209869 infeasible   69         0.00074    0.00021  72.1%  29.7  575s
H1726130 210770                       0.0007373    0.00021  72.1%  29.8  579s
 1728201 210771     cutoff   58         0.00074    0.00021  72.1%  29.8  581s
H1729981 210958                       0.0007372    0.00021  72.1%  29.8  581s
H1730441 211217                       0.0007372    0.00021  72.1%  29.8  582s
H1732495 211256                       0.0007372    0.00021  72.1%  29.8  582s
H1733461 211383                       0.0007372    0.00021  72.1%  29.8  583s
H1733811 211383                       0.0007372    0.00021  72.1%  29.8  583s
H1733962 211383                       0.0007372    0.00021  72.1%  29.8  583s
H1735622 211483                       0.0007372    0.00021  72.1%  29.8  583s
 1736339 211681    0.00021   55   54    0.00074    0.00021  72.1%  29.8  585s
H1744990 212938                       0.0007372    0.00021  72.1%  29.8  588s
H1746927 171368                       0.0004118    0.00021  50.0%  29.8  589s
 1746959 171678    0.00031   73   48    0.00041    0.00021  50.0%  29.8  590s
H1747806 171100                       0.0004088    0.00021  49.7%  29.8  590s
H1748969 171125                       0.0004088    0.00021  49.7%  29.8  590s
H1753714 171817                       0.0004088    0.00021  49.7%  29.8  593s
H1755802 172114                       0.0004088    0.00021  49.7%  29.8  595s
H1759084 172454                       0.0004088    0.00021  49.7%  29.8  596s
 1769180 172874    0.00021   65   43    0.00041    0.00021  49.7%  29.8  600s
H1775765 173335                       0.0004088    0.00021  49.7%  29.8  603s
 1781122 174186 infeasible   78         0.00041    0.00021  49.7%  29.8  605s
 1795066 176253     cutoff   61         0.00041    0.00021  49.7%  29.8  610s
H1807075 175567                       0.0003970    0.00021  48.2%  29.8  614s
 1808723 175788     cutoff   79         0.00040    0.00021  48.2%  29.9  615s
H1810637 175924                       0.0003970    0.00021  48.2%  29.9  616s
H1810983 176137                       0.0003970    0.00021  48.2%  29.8  616s
H1812706 164837                       0.0003482    0.00021  40.9%  29.8  617s
H1812756 164790                       0.0003480    0.00021  40.9%  29.8  617s
H1815354 164952                       0.0003479    0.00021  40.8%  29.9  618s
H1815607 164952                       0.0003479    0.00021  40.8%  29.9  618s
H1816765 164689                       0.0003460    0.00021  40.5%  29.9  619s
H1817325 164689                       0.0003460    0.00021  40.5%  29.9  619s
 1818222 164723    0.00027   94   34    0.00035    0.00021  40.5%  29.9  620s
H1818227 164723                       0.0003460    0.00021  40.5%  29.9  620s
H1832088 166615                       0.0003460    0.00021  40.5%  29.8  624s
 1833862 166765    0.00021   76   52    0.00035    0.00021  40.5%  29.8  625s
 1848098 168515 infeasible   81         0.00035    0.00021  40.5%  29.8  630s
 1862862 169844     cutoff   56         0.00035    0.00021  40.5%  29.8  635s
 1875907 170745 infeasible   64         0.00035    0.00021  40.5%  29.9  640s
 1887565 172080    0.00021   74   45    0.00035    0.00021  40.5%  29.9  645s
 1903085 173375     cutoff   73         0.00035    0.00021  40.5%  29.9  650s
 1919827 175228    0.00022   65   56    0.00035    0.00021  40.5%  29.9  655s
 1936590 177168    0.00021   76   44    0.00035    0.00021  40.5%  29.9  660s
 1952509 179494 infeasible   73         0.00035    0.00021  40.5%  29.8  665s
 1970495 181403    0.00021   81   58    0.00035    0.00021  40.5%  29.8  670s
 1989713 183576     cutoff   67         0.00035    0.00021  40.5%  29.8  675s
H1990154 183576                       0.0003460    0.00021  40.5%  29.8  675s
 2005893 184850    0.00029   76   55    0.00035    0.00021  40.5%  29.8  680s
 2019987 185663    0.00021   66   46    0.00035    0.00021  40.5%  29.9  685s
H2022403 186018                       0.0003460    0.00021  40.5%  29.9  686s
 2029975 186426    0.00021   54   53    0.00035    0.00021  40.5%  29.9  690s
 2045498 187262     cutoff   56         0.00035    0.00021  40.5%  29.9  695s
H2050850 187515                       0.0003457    0.00021  40.5%  29.9  696s
H2052835 187646                       0.0003456    0.00021  40.5%  29.9  696s
H2055049 187778                       0.0003455    0.00021  40.4%  29.9  697s
H2057179 187799                       0.0003455    0.00021  40.4%  29.9  698s
 2058893 187860     cutoff   59         0.00035    0.00021  40.4%  29.9  700s
 2071469 188334    0.00021   49   47    0.00035    0.00021  40.4%  30.0  705s
H2081393 189031                       0.0003455    0.00021  40.4%  30.0  708s
 2083115 189253    0.00021   63   43    0.00035    0.00021  40.4%  30.0  710s
 2102527 190511     cutoff   52         0.00035    0.00021  40.4%  30.0  715s
 2118340 191546 infeasible   65         0.00035    0.00021  40.4%  30.0  720s
H2120527 49498                       0.0002071    0.00021  0.61%  30.0  721s
H2122712 49461                       0.0002071    0.00021  0.61%  30.0  722s
H2125482 49449                       0.0002071    0.00021  0.61%  30.0  724s
 2128245 49547    0.00021   56   42    0.00021    0.00021  0.61%  30.0  725s
H2129912 49499                       0.0002071    0.00021  0.61%  30.0  726s
 2141953 49720    0.00021   36   64    0.00021    0.00021  0.61%  30.0  730s
 2155808 49835    0.00021   64   47    0.00021    0.00021  0.61%  30.0  735s
H2160385 49876                       0.0002071    0.00021  0.61%  30.1  737s
H2162338 49866                       0.0002071    0.00021  0.60%  30.1  738s
 2165984 49879    0.00021   46   52    0.00021    0.00021  0.60%  30.1  740s
H2171595 49862                       0.0002071    0.00021  0.60%  30.1  742s
H2174034 49930                       0.0002071    0.00021  0.60%  30.1  743s
 2178534 50047     cutoff   66         0.00021    0.00021  0.60%  30.1  745s
 2194980 50186 infeasible   58         0.00021    0.00021  0.60%  30.1  750s
H2199492 50189                       0.0002071    0.00021  0.60%  30.1  751s
H2206863 50384                       0.0002071    0.00021  0.60%  30.1  754s
 2208679 50345    0.00021   63   41    0.00021    0.00021  0.60%  30.1  755s
H2217154 50432                       0.0002071    0.00021  0.60%  30.1  758s
H2218311 50448                       0.0002071    0.00021  0.60%  30.1  759s
H2218823 50421                       0.0002071    0.00021  0.60%  30.1  759s
 2220630 50537     cutoff   69         0.00021    0.00021  0.60%  30.1  760s
H2221525 50526                       0.0002070    0.00021  0.60%  30.1  760s
 2231767 50630     cutoff   69         0.00021    0.00021  0.60%  30.1  765s
 2241624 50784     cutoff   61         0.00021    0.00021  0.60%  30.1  770s
 2256899 51030     cutoff   59         0.00021    0.00021  0.60%  30.1  775s
H2256914  8510                       0.0002058    0.00021  0.00%  30.1  775s

Cutting planes:
  Gomory: 2
  Cover: 8
  Implied bound: 37
  Clique: 6
  MIR: 16
  Flow cover: 45
  RLT: 22
  Relax-and-lift: 22

Explored 2257005 nodes (68022989 simplex iterations) in 775.12 seconds (396.78 work units)
Thread count was 12 (of 12 available processors)

Solution count 10: 0.000205807 0.00020705 0.000207068 ... 0.000348186

Optimal solution found (tolerance 1.00e-04)
Best objective 2.058073180535e-04, best bound 2.058065039989e-04, gap 0.0004%
