
Gurobi 11.0.2 (win64) logging started Thu Oct  3 01:12:52 2024

Set parameter LogFile to value ".\Experiments\Track_k_e_2_reruns\Logs\Track_k_e_2_reruns_r4_c2.log"
Set parameter TimeLimit to value 3600
Gurobi Optimizer version 11.0.2 build v11.0.2rc0 (win64 - Windows 10.0 (19045.2))

CPU model: Intel(R) Core(TM) i7-10750H CPU @ 2.60GHz, instruction set [SSE2|AVX|AVX2]
Thread count: 6 physical cores, 12 logical processors, using up to 12 threads

Optimize a model with 250 rows, 462 columns and 924 nonzeros
Model fingerprint: 0x035c0107
Model has 6 quadratic objective terms
Model has 68 quadratic constraints
Model has 116 general constraints
Variable types: 458 continuous, 4 integer (4 binary)
Coefficient statistics:
  Matrix range     [9e-06, 1e+02]
  QMatrix range    [1e+00, 1e+00]
  QLMatrix range   [1e+00, 1e+00]
  Objective range  [1e-02, 2e-01]
  QObjective range [2e+00, 2e+00]
  Bounds range     [8e-05, 9e+01]
  RHS range        [8e-05, 1e+02]
  QRHS range       [1e-06, 1e-06]
Presolve added 60 rows and 0 columns
Presolve removed 0 rows and 97 columns
Presolve time: 0.01s
Presolved: 551 rows, 374 columns, 1543 nonzeros
Presolved model has 2 SOS constraint(s)
Presolved model has 4 quadratic objective terms
Presolved model has 57 bilinear constraint(s)
Presolved model has 4 nonlinear constraint(s)
Warning: Model contains variables with very large bounds participating
         in nonlinear terms.
         Presolve was not able to compute smaller bounds for these variables.
         Consider bounding these variables or reformulating the model.


Solving non-convex MINLP

Variable types: 284 continuous, 90 integer (90 binary)

Root relaxation: objective 2.058065e-04, 451 iterations, 0.00 seconds (0.00 work units)

    Nodes    |    Current Node    |     Objective Bounds      |     Work
 Expl Unexpl |  Obj  Depth IntInf | Incumbent    BestBd   Gap | It/Node Time

     0     0    0.00021    0   57          -    0.00021      -     -    0s
     0     0    0.00021    0   57          -    0.00021      -     -    0s
     0     0    0.00021    0  102          -    0.00021      -     -    0s
     0     0    0.00021    0  102          -    0.00021      -     -    0s
     0     0    0.00021    0  103          -    0.00021      -     -    0s
     0     0    0.00021    0  102          -    0.00021      -     -    0s
     0     0    0.00021    0  103          -    0.00021      -     -    0s
     0     0    0.00021    0   62          -    0.00021      -     -    0s
     0     2    0.00021    0   62          -    0.00021      -     -    0s
H    8    14                       2.1553062    0.00021   100%   222    0s
H   32    34                       2.1553062    0.00021   100%   106    0s
H  217   154                       2.1553062    0.00021   100%  52.6    0s
H  243   154                       0.0425500    0.00021   100%  50.2    0s
H  430   192                       0.0425500    0.00021   100%  37.1    0s
H  530   263                       0.0425500    0.00021   100%  34.8    0s
H  745   393                       0.0383896    0.00021  99.5%  30.2    0s
H 1360   520                       0.0383896    0.00021  99.5%  26.3    0s
H 1401   472                       0.0128693    0.00021  98.4%  26.0    0s
H 2095   409                       0.0015375    0.00021  86.6%  23.4    1s
H 2328   225                       0.0015184    0.00021  86.4%  24.5    1s
H 2491   339                       0.0015184    0.00021  86.4%  25.2    1s
H 3481   574                       0.0013784    0.00021  85.1%  25.0    2s
H 5092   830                       0.0013102    0.00021  84.3%  27.1    2s
H 5424   907                       0.0013102    0.00021  84.3%  27.7    2s
H 5488   907                       0.0013102    0.00021  84.3%  27.9    2s
H 6458  1098                       0.0012097    0.00021  83.0%  28.9    3s
 13690  1851     cutoff   48         0.00121    0.00021  83.0%  32.6    5s
 27611  2849    0.00021   41   44    0.00121    0.00021  83.0%  33.2   10s
H42270  3188                       0.0012097    0.00021  83.0%  34.1   14s
 44284  3191     cutoff   62         0.00121    0.00021  83.0%  34.1   15s
H44344  3133                       0.0011709    0.00021  82.4%  34.1   15s
H44384  3146                       0.0011709    0.00021  82.4%  34.1   16s
H53757  3355                       0.0011053    0.00021  81.4%  34.2   18s
H54168  3355                       0.0011053    0.00021  81.4%  34.2   18s
H57327  3381                       0.0011053    0.00021  81.4%  34.2   19s
 57506  3392     cutoff   49         0.00111    0.00021  81.4%  34.1   20s
 77252  4937     cutoff   54         0.00111    0.00021  81.4%  33.5   25s
 97619  7522    0.00092   64   38    0.00111    0.00021  81.4%  32.2   30s
 114891 10615    0.00046   55   47    0.00111    0.00021  81.4%  32.2   35s
 131172 13070    0.00027   56   51    0.00111    0.00021  81.4%  33.0   40s
 146338 14986    0.00037   63   52    0.00111    0.00021  81.4%  33.1   45s
 161305 17092    0.00021   59   54    0.00111    0.00021  81.4%  33.3   50s
 173791 18604     cutoff   64         0.00111    0.00021  81.4%  33.4   55s
 187913 19961     cutoff   53         0.00111    0.00021  81.4%  33.4   61s
H199325 21340                       0.0011053    0.00021  81.4%  33.5   64s
 202635 21578     cutoff   54         0.00111    0.00021  81.4%  33.6   65s
 218177 23861    0.00021   53   45    0.00111    0.00021  81.4%  33.5   70s
H227828 24567                       0.0011053    0.00021  81.4%  33.5   74s
 231060 24888    0.00086   59   37    0.00111    0.00021  81.4%  33.6   75s
 244863 25955    0.00102   68   48    0.00111    0.00021  81.4%  33.6   80s
 261050 28224    0.00034   64   38    0.00111    0.00021  81.4%  33.7   85s
 273584 29370     cutoff   69         0.00111    0.00021  81.4%  33.8   90s
 287760 31040    0.00029   63   33    0.00111    0.00021  81.4%  33.8   95s
 301120 32667 infeasible   56         0.00111    0.00021  81.4%  33.9  100s
 314308 34278 infeasible   60         0.00111    0.00021  81.4%  34.0  105s
 328483 35903     cutoff   59         0.00111    0.00021  81.4%  34.1  110s
 340560 37079    0.00021   46   50    0.00111    0.00021  81.4%  34.1  115s
 356117 38486    0.00075   53   40    0.00111    0.00021  81.4%  34.0  120s
 372190 40122 infeasible   54         0.00111    0.00021  81.4%  33.9  125s
H375964 40314                       0.0011053    0.00021  81.4%  33.9  127s
 384995 41178    0.00087   64   46    0.00111    0.00021  81.4%  33.8  130s
 395266 41812    0.00095   60   37    0.00111    0.00021  81.4%  33.8  135s
 408462 42911    0.00021   52   46    0.00111    0.00021  81.4%  33.8  140s
 426772 44535    0.00022   56   42    0.00111    0.00021  81.4%  33.6  145s
 442033 46051     cutoff   64         0.00111    0.00021  81.4%  33.5  150s
 455816 47777     cutoff   70         0.00111    0.00021  81.4%  33.5  155s
H466213 48992                       0.0011053    0.00021  81.4%  33.5  159s
 469039 49335    0.00021   69   53    0.00111    0.00021  81.4%  33.5  160s
H470766 49366                       0.0010825    0.00021  81.0%  33.5  160s
H471102 49366                       0.0010825    0.00021  81.0%  33.5  160s
H473860 49592                       0.0010825    0.00021  81.0%  33.5  161s
H477637 50114                       0.0010788    0.00021  80.9%  33.4  163s
H480655 50384                       0.0010788    0.00021  80.9%  33.4  164s
 483292 50748     cutoff   77         0.00108    0.00021  80.9%  33.4  165s
 497833 52651    0.00046   77   47    0.00108    0.00021  80.9%  33.4  170s
H503371 53150                       0.0010788    0.00021  80.9%  33.4  171s
H506341 53795                       0.0010788    0.00021  80.9%  33.4  171s
H508293 54392                       0.0010786    0.00021  80.9%  33.4  173s
H508799 54367                       0.0010749    0.00021  80.9%  33.4  173s
 514340 55086     cutoff   58         0.00107    0.00021  80.9%  33.3  175s
 529881 56599     cutoff   72         0.00107    0.00021  80.9%  33.4  180s
 545826 58324    0.00021   70   37    0.00107    0.00021  80.9%  33.3  185s
 560707 60531     cutoff   60         0.00107    0.00021  80.9%  33.3  190s
 575812 62848 infeasible   63         0.00107    0.00021  80.9%  33.2  195s
H577431 62848                       0.0010749    0.00021  80.9%  33.2  195s
H586714 64026                       0.0010749    0.00021  80.9%  33.2  199s
 588269 64092    0.00021   45   53    0.00107    0.00021  80.9%  33.2  200s
H588875 64335                       0.0010743    0.00021  80.8%  33.2  201s
 602828 65888     cutoff   75         0.00107    0.00021  80.8%  33.2  205s
 614047 67319     cutoff   53         0.00107    0.00021  80.8%  33.2  210s
H623256 68310                       0.0010743    0.00021  80.8%  33.2  212s
 628324 68708    0.00085   72   31    0.00107    0.00021  80.8%  33.2  215s
 641086 70227     cutoff   62         0.00107    0.00021  80.8%  33.2  220s
 654817 71610    0.00057   63   50    0.00107    0.00021  80.8%  33.2  225s
 674059 73698    0.00084   61   43    0.00107    0.00021  80.8%  33.1  230s
H686818 75367                       0.0010743    0.00021  80.8%  33.1  234s
 688176 75375     cutoff   73         0.00107    0.00021  80.8%  33.0  235s
 702972 77100     cutoff   71         0.00107    0.00021  80.8%  33.0  240s
 717604 78648    0.00072   58   49    0.00107    0.00021  80.8%  32.9  245s
 731886 80403    0.00099   68   37    0.00107    0.00021  80.8%  32.8  250s
 750164 82906    0.00021   62   46    0.00107    0.00021  80.8%  32.7  255s
 767394 84493    0.00021   62   29    0.00107    0.00021  80.8%  32.6  260s
 783535 86585     cutoff   68         0.00107    0.00021  80.8%  32.6  265s
 797822 88531     cutoff   75         0.00107    0.00021  80.8%  32.6  270s
H803299 59375                       0.0005283    0.00021  61.0%  32.6  272s
H804178 59562                       0.0005283    0.00021  61.0%  32.6  273s
H805895 59678                       0.0005282    0.00021  61.0%  32.6  274s
H809045 60078                       0.0005282    0.00021  61.0%  32.6  275s
 820483 61910     cutoff   41         0.00053    0.00021  61.0%  32.6  280s
H828041 51027                       0.0003615    0.00021  43.1%  32.5  282s
H830443 51237                       0.0003615    0.00021  43.1%  32.5  283s
 837219 52002     cutoff   56         0.00036    0.00021  43.1%  32.5  285s
H850817 52503                       0.0003583    0.00021  42.6%  32.4  289s
 850833 52577    0.00021   60   42    0.00036    0.00021  42.6%  32.4  290s
 867061 53431    0.00026   51   39    0.00036    0.00021  42.6%  32.4  295s
 882824 54600    0.00021   57   40    0.00036    0.00021  42.6%  32.3  300s
H886514 54192                       0.0003517    0.00021  41.5%  32.3  301s
H894234 55140                       0.0003517    0.00021  41.5%  32.3  303s
H895040 54762                       0.0003480    0.00021  40.9%  32.3  304s
 895169 54990    0.00021   47   54    0.00035    0.00021  40.9%  32.3  305s
H896808 54974                       0.0003478    0.00021  40.8%  32.3  305s
H900924 55367                       0.0003478    0.00021  40.8%  32.3  306s
H903378 55475                       0.0003478    0.00021  40.8%  32.3  307s
 909698 56237     cutoff   81         0.00035    0.00021  40.8%  32.3  310s
 924593 57743     cutoff   56         0.00035    0.00021  40.8%  32.3  315s
 940288 59086     cutoff   60         0.00035    0.00021  40.8%  32.3  320s
H950515 59997                       0.0003478    0.00021  40.8%  32.2  323s
 953961 60440 infeasible   60         0.00035    0.00021  40.8%  32.2  325s
 967252 61998    0.00021   58   47    0.00035    0.00021  40.8%  32.2  330s
 981828 63277     cutoff   77         0.00035    0.00021  40.8%  32.2  335s
 998874 64271 infeasible   53         0.00035    0.00021  40.8%  32.2  340s
 1010296 65211    0.00024   52   32    0.00035    0.00021  40.8%  32.2  345s
 1025347 66257    0.00022   61   40    0.00035    0.00021  40.8%  32.1  350s
 1040314 67118 infeasible   56         0.00035    0.00021  40.8%  32.1  355s
 1057478 68270    0.00021   52   47    0.00035    0.00021  40.8%  32.1  360s
 1070673 69147     cutoff   47         0.00035    0.00021  40.8%  32.1  365s
 1085592 70293    0.00021   62   46    0.00035    0.00021  40.8%  32.1  370s
 1099954 71262 infeasible   59         0.00035    0.00021  40.8%  32.1  375s
 1112979 71792    0.00027   59   39    0.00035    0.00021  40.8%  32.1  380s
 1126819 72738    0.00034   70   46    0.00035    0.00021  40.8%  32.0  385s
 1141857 74934     cutoff   67         0.00035    0.00021  40.8%  32.1  390s
H1150815 76385                       0.0003478    0.00021  40.8%  32.1  393s
 1153310 76677     cutoff   61         0.00035    0.00021  40.8%  32.1  395s
 1165779 77418     cutoff   66         0.00035    0.00021  40.8%  32.1  400s
H1167962 77440                       0.0003478    0.00021  40.8%  32.1  400s
 1178707 78106    0.00021   42   55    0.00035    0.00021  40.8%  32.1  405s
 1194451 78965    0.00028   56   51    0.00035    0.00021  40.8%  32.0  410s
 1211371 80394     cutoff   59         0.00035    0.00021  40.8%  32.0  415s
 1225001 82282    0.00030   70   49    0.00035    0.00021  40.8%  32.0  420s
 1241038 84030    0.00026   62   44    0.00035    0.00021  40.8%  32.0  425s
 1253338 84880 infeasible   55         0.00035    0.00021  40.8%  32.0  430s
 1270903 86426     cutoff   50         0.00035    0.00021  40.8%  31.9  435s
H1273192 86378                       0.0003472    0.00021  40.7%  31.9  436s
H1275659 86528                       0.0003465    0.00021  40.6%  31.9  437s
H1277506 86617                       0.0003464    0.00021  40.6%  31.9  437s
H1277696 86616                       0.0003464    0.00021  40.6%  31.9  437s
H1280238 86696                       0.0003464    0.00021  40.6%  31.9  438s
H1281040 86807                       0.0003464    0.00021  40.6%  31.9  439s
 1282384 87023     cutoff   57         0.00035    0.00021  40.6%  32.0  440s
H1283574 87023                       0.0003464    0.00021  40.6%  32.0  440s
H1288015 87268                       0.0003464    0.00021  40.6%  31.9  441s
H1289053 87266                       0.0003458    0.00021  40.5%  31.9  441s
 1296844 87627     cutoff   58         0.00035    0.00021  40.5%  31.9  445s
H1301816 87869                       0.0003458    0.00021  40.5%  31.9  446s
 1309224 88357 infeasible   62         0.00035    0.00021  40.5%  31.9  450s
 1325290 89541     cutoff   47         0.00035    0.00021  40.5%  31.9  455s
 1337023 90367     cutoff   53         0.00035    0.00021  40.5%  31.9  460s
 1351255 91833     cutoff   46         0.00035    0.00021  40.5%  31.9  465s
 1364084 92493     cutoff   35         0.00035    0.00021  40.5%  32.0  470s
 1377533 93252 infeasible   56         0.00035    0.00021  40.5%  32.0  475s
H1378590 93252                       0.0003458    0.00021  40.5%  32.0  475s
H1381312 93120                       0.0003443    0.00021  40.2%  32.0  476s
H1383392 93253                       0.0003442    0.00021  40.2%  32.0  478s
H1385187 93323                       0.0003442    0.00021  40.2%  32.0  478s
H1386848 93542                       0.0003442    0.00021  40.2%  32.0  479s
 1387880 93605     cutoff   57         0.00034    0.00021  40.2%  32.0  480s
 1400298 94408    0.00021   48   44    0.00034    0.00021  40.2%  32.0  485s
 1412634 95198    0.00021   51   44    0.00034    0.00021  40.2%  32.0  490s
 1427233 96128    0.00021   60   58    0.00034    0.00021  40.2%  32.0  495s
 1440755 96840    0.00024   63   47    0.00034    0.00021  40.2%  32.0  500s
H1442941 96915                       0.0003442    0.00021  40.2%  32.0  500s
 1453595 97765     cutoff   59         0.00034    0.00021  40.2%  32.0  505s
 1465611 98987     cutoff   56         0.00034    0.00021  40.2%  32.0  510s
 1477101 100006    0.00021   61   45    0.00034    0.00021  40.2%  32.0  515s
 1489390 101362     cutoff   66         0.00034    0.00021  40.2%  32.0  520s
 1503353 102595     cutoff   59         0.00034    0.00021  40.2%  32.0  525s
 1518481 104152    0.00021   67   44    0.00034    0.00021  40.2%  32.0  530s
 1534257 105859     cutoff   66         0.00034    0.00021  40.2%  32.0  535s
 1546381 107378    0.00021   71   50    0.00034    0.00021  40.2%  32.1  540s
 1557533 108402    0.00021   49   52    0.00034    0.00021  40.2%  32.1  545s
 1569776 110069     cutoff   59         0.00034    0.00021  40.2%  32.1  550s
 1584620 112205     cutoff   71         0.00034    0.00021  40.2%  32.1  555s
 1600147 114217     cutoff   73         0.00034    0.00021  40.2%  32.1  560s
 1614462 115233    0.00022   68   44    0.00034    0.00021  40.2%  32.1  565s
 1623672 116057     cutoff   55         0.00034    0.00021  40.2%  32.1  570s
 1637162 116964    0.00021   79   30    0.00034    0.00021  40.2%  32.1  575s
 1652743 118033     cutoff   69         0.00034    0.00021  40.2%  32.1  580s
H1658716 118102                       0.0003442    0.00021  40.2%  32.1  581s
H1659658 118127                       0.0003442    0.00021  40.2%  32.1  582s
 1671676 118396    0.00021   55   50    0.00034    0.00021  40.2%  32.1  585s
H1681511 118938                       0.0003442    0.00021  40.2%  32.1  588s
 1684111 119171    0.00021   57   44    0.00034    0.00021  40.2%  32.1  590s
 1697857 119560     cutoff   49         0.00034    0.00021  40.2%  32.1  595s
 1710704 120901    0.00022   58   43    0.00034    0.00021  40.2%  32.1  600s
H1716258 121496                       0.0003442    0.00021  40.2%  32.1  602s
 1722897 122207 infeasible   61         0.00034    0.00021  40.2%  32.1  605s
 1734359 122975    0.00022   65   43    0.00034    0.00021  40.2%  32.1  610s
 1748034 123793    0.00022   63   54    0.00034    0.00021  40.2%  32.1  615s
 1763012 124903 infeasible   68         0.00034    0.00021  40.2%  32.1  620s
 1773217 125894    0.00022   62   41    0.00034    0.00021  40.2%  32.1  625s
H1785456 126835                       0.0003442    0.00021  40.2%  32.1  629s
 1788106 127023 infeasible   70         0.00034    0.00021  40.2%  32.1  630s
 1802339 128216    0.00021   62   45    0.00034    0.00021  40.2%  32.1  635s
 1814334 129671     cutoff   67         0.00034    0.00021  40.2%  32.1  640s
 1826832 130699    0.00021   55   51    0.00034    0.00021  40.2%  32.1  645s
 1839987 132240    0.00022   63   45    0.00034    0.00021  40.2%  32.1  650s
 1853292 134072     cutoff   78         0.00034    0.00021  40.2%  32.1  655s
 1865983 135571     cutoff   68         0.00034    0.00021  40.2%  32.1  660s
 1879194 136811    0.00026   85   39    0.00034    0.00021  40.2%  32.1  665s
 1892894 137904     cutoff   60         0.00034    0.00021  40.2%  32.1  670s
 1906289 139232    0.00027   69   40    0.00034    0.00021  40.2%  32.1  675s
 1919597 140333 infeasible   93         0.00034    0.00021  40.2%  32.1  680s
 1935242 141578    0.00026   69   47    0.00034    0.00021  40.2%  32.1  686s
 1949011 142613    0.00021   58   46    0.00034    0.00021  40.2%  32.1  690s
 1965465 143933 infeasible   68         0.00034    0.00021  40.2%  32.1  695s
 1978220 144912 infeasible   61         0.00034    0.00021  40.2%  32.1  700s
 1994912 146726    0.00033   88   48    0.00034    0.00021  40.2%  32.1  705s
 2010995 147671    0.00021   60   37    0.00034    0.00021  40.2%  32.1  710s
 2022557 148215    0.00021   61   47    0.00034    0.00021  40.2%  32.0  715s
 2036229 149602 infeasible   57         0.00034    0.00021  40.2%  32.0  720s
H2046396 150208                       0.0003442    0.00021  40.2%  32.0  723s
 2049340 150632    0.00022   58   50    0.00034    0.00021  40.2%  32.0  725s
 2066640 151704    0.00021   56   46    0.00034    0.00021  40.2%  32.0  730s
 2084618 152332     cutoff   65         0.00034    0.00021  40.2%  32.0  735s
 2102038 153290 infeasible   67         0.00034    0.00021  40.2%  32.0  740s
 2117421 153865 infeasible   61         0.00034    0.00021  40.2%  32.0  745s
 2135631 154987    0.00021   60   28    0.00034    0.00021  40.2%  32.0  750s
 2151219 156008     cutoff   62         0.00034    0.00021  40.2%  32.0  755s
 2168558 157408     cutoff   68         0.00034    0.00021  40.2%  31.9  760s
 2183232 158425     cutoff   73         0.00034    0.00021  40.2%  32.0  765s
H2200064 159347                       0.0003442    0.00021  40.2%  31.9  769s
 2202622 159693 infeasible   71         0.00034    0.00021  40.2%  31.9  770s
H2208865 160334                       0.0003442    0.00021  40.2%  31.9  772s
 2216651 160829     cutoff   66         0.00034    0.00021  40.2%  31.9  775s
 2231435 161773 infeasible   49         0.00034    0.00021  40.2%  31.9  780s
 2249491 163470    0.00021   46   50    0.00034    0.00021  40.2%  31.9  785s
 2264772 164798    0.00028   65   49    0.00034    0.00021  40.2%  31.9  790s
 2278356 166201    0.00021   54   46    0.00034    0.00021  40.2%  31.9  795s
 2291036 167451     cutoff   60         0.00034    0.00021  40.2%  31.9  800s
 2304878 168026     cutoff   61         0.00034    0.00021  40.2%  32.0  805s
 2319578 168331    0.00021   58   44    0.00034    0.00021  40.2%  32.0  810s
 2333067 168834     cutoff   57         0.00034    0.00021  40.2%  32.0  815s
 2344210 169340 infeasible   56         0.00034    0.00021  40.2%  32.0  820s
 2356987 169559    0.00021   71   53    0.00034    0.00021  40.2%  32.1  825s
 2371007 170441    0.00021   54   61    0.00034    0.00021  40.2%  32.1  830s
 2387531 171750     cutoff   70         0.00034    0.00021  40.2%  32.0  835s
 2404494 173166     cutoff   76         0.00034    0.00021  40.2%  32.0  840s
 2418740 174764    0.00021   25   61    0.00034    0.00021  40.2%  32.0  845s
 2436512 176533    0.00022   42   51    0.00034    0.00021  40.2%  32.0  850s
 2455461 177490 infeasible   38         0.00034    0.00021  40.2%  32.0  855s
 2470240 178598     cutoff   86         0.00034    0.00021  40.2%  31.9  860s
 2484812 179428 infeasible   45         0.00034    0.00021  40.2%  31.9  865s
 2502245 180752    0.00029   57   50    0.00034    0.00021  40.2%  31.9  870s
 2524238 181922    0.00021   65   48    0.00034    0.00021  40.2%  31.9  875s
 2539044 182935    0.00031   61   46    0.00034    0.00021  40.2%  31.9  880s
 2559688 184527    0.00021   56   56    0.00034    0.00021  40.2%  31.8  885s
 2573649 185481     cutoff   50         0.00034    0.00021  40.2%  31.8  890s
 2588367 186309 infeasible   63         0.00034    0.00021  40.2%  31.8  895s
 2608073 187148 infeasible   53         0.00034    0.00021  40.2%  31.8  900s
 2624595 187812    0.00022   57   50    0.00034    0.00021  40.2%  31.8  905s
 2638821 188744    0.00024   81   35    0.00034    0.00021  40.2%  31.7  910s
 2655837 188986    0.00021   60   37    0.00034    0.00021  40.2%  31.7  915s
 2672244 189280     cutoff   59         0.00034    0.00021  40.2%  31.7  920s
 2688972 189592    0.00021   53   45    0.00034    0.00021  40.2%  31.7  925s
 2707163 189996    0.00021   58   47    0.00034    0.00021  40.2%  31.6  930s
 2717777 190136 infeasible   66         0.00034    0.00021  40.2%  31.6  935s
 2736463 191627    0.00021   57   38    0.00034    0.00021  40.2%  31.6  940s
 2754175 192389     cutoff   58         0.00034    0.00021  40.2%  31.6  945s
 2776079 193462     cutoff   59         0.00034    0.00021  40.2%  31.5  950s
 2794051 194133 infeasible   65         0.00034    0.00021  40.2%  31.5  955s
 2812074 194995    0.00021   49   42    0.00034    0.00021  40.2%  31.5  960s
 2829293 195795    0.00021   48   50    0.00034    0.00021  40.2%  31.5  965s
 2842946 196668    0.00028   53   40    0.00034    0.00021  40.2%  31.5  970s
 2859237 197609    0.00021   30   63    0.00034    0.00021  40.2%  31.5  975s
 2877701 198640 infeasible   57         0.00034    0.00021  40.2%  31.4  980s
 2892948 199519    0.00021   62   49    0.00034    0.00021  40.2%  31.4  985s
 2910341 201135    0.00021   57   57    0.00034    0.00021  40.2%  31.4  990s
 2927489 202749     cutoff   61         0.00034    0.00021  40.2%  31.4  995s
 2942334 204034 infeasible   69         0.00034    0.00021  40.2%  31.4 1000s
 2957399 205346    0.00021   71   28    0.00034    0.00021  40.2%  31.3 1005s
 2969065 206348 infeasible   58         0.00034    0.00021  40.2%  31.3 1010s
 2986620 207324    0.00021   64   48    0.00034    0.00021  40.2%  31.3 1015s
 3004019 208313 infeasible   65         0.00034    0.00021  40.2%  31.3 1020s
H3019508 209087                       0.0003442    0.00021  40.2%  31.2 1025s
H3020873 209087                       0.0003442    0.00021  40.2%  31.2 1025s
 3034157 209524    0.00021   71   41    0.00034    0.00021  40.2%  31.2 1030s
 3052929 210779 infeasible   41         0.00034    0.00021  40.2%  31.2 1035s
 3068899 211833     cutoff   54         0.00034    0.00021  40.2%  31.2 1040s
 3086391 212847     cutoff   61         0.00034    0.00021  40.2%  31.2 1045s
 3103783 214172     cutoff   71         0.00034    0.00021  40.2%  31.1 1050s
 3117843 215381     cutoff   55         0.00034    0.00021  40.2%  31.1 1055s
 3132451 217225    0.00021   51   44    0.00034    0.00021  40.2%  31.1 1060s
 3149155 218024    0.00029   55   51    0.00034    0.00021  40.2%  31.1 1065s
 3165226 218858 infeasible   56         0.00034    0.00021  40.2%  31.1 1070s
 3178984 219209 infeasible   57         0.00034    0.00021  40.2%  31.1 1075s
 3193471 219605    0.00021   63   43    0.00034    0.00021  40.2%  31.1 1080s
 3211586 220323     cutoff   61         0.00034    0.00021  40.2%  31.1 1085s
 3226644 221171 infeasible   74         0.00034    0.00021  40.2%  31.0 1090s
 3242896 222179    0.00022   59   44    0.00034    0.00021  40.2%  31.1 1095s
 3258334 223047    0.00021   58   43    0.00034    0.00021  40.2%  31.1 1100s
 3277464 223703     cutoff   56         0.00034    0.00021  40.2%  31.0 1105s
 3296603 224090     cutoff   61         0.00034    0.00021  40.2%  31.0 1110s
 3312436 224512    0.00021   60   59    0.00034    0.00021  40.2%  31.0 1115s
 3330252 225058     cutoff   60         0.00034    0.00021  40.2%  30.9 1120s
 3346891 226446 infeasible   63         0.00034    0.00021  40.2%  30.9 1125s
 3363892 227356    0.00021   56   43    0.00034    0.00021  40.2%  30.9 1130s
 3374001 228431    0.00024   54   47    0.00034    0.00021  40.2%  30.9 1135s
 3391198 228866     cutoff   57         0.00034    0.00021  40.2%  30.9 1140s
 3407284 229318     cutoff   72         0.00034    0.00021  40.2%  31.0 1145s
 3424098 229728    0.00021   56   39    0.00034    0.00021  40.2%  31.0 1150s
 3442068 230162 infeasible   53         0.00034    0.00021  40.2%  31.0 1155s
 3461890 230075     cutoff   60         0.00034    0.00021  40.2%  31.0 1160s
 3474311 229947 infeasible   51         0.00034    0.00021  40.2%  31.0 1165s
 3490596 230105    0.00021   49   49    0.00034    0.00021  40.2%  31.0 1170s
 3504131 230015     cutoff   69         0.00034    0.00021  40.2%  31.0 1175s
 3523916 230974     cutoff   57         0.00034    0.00021  40.2%  31.0 1180s
 3537594 232669     cutoff   54         0.00034    0.00021  40.2%  31.0 1185s
 3552371 235004    0.00021   54   42    0.00034    0.00021  40.2%  31.0 1190s
 3570690 236788    0.00021   64   41    0.00034    0.00021  40.2%  31.0 1195s
 3587656 238100    0.00028   70   52    0.00034    0.00021  40.2%  31.0 1200s
 3602720 239155    0.00028   61   40    0.00034    0.00021  40.2%  30.9 1205s
 3619480 239837 infeasible   66         0.00034    0.00021  40.2%  30.9 1210s
 3635984 240710    0.00021   75   52    0.00034    0.00021  40.2%  30.9 1215s
H3651559 241905                       0.0003442    0.00021  40.2%  30.9 1219s
 3653540 241907    0.00022   56   46    0.00034    0.00021  40.2%  30.9 1220s
 3671402 242939    0.00021   51   36    0.00034    0.00021  40.2%  30.9 1225s
 3686673 243618    0.00022   51   45    0.00034    0.00021  40.2%  30.8 1230s
 3705628 244450    0.00021   54   41    0.00034    0.00021  40.2%  30.8 1235s
 3725664 245267    0.00021   60   53    0.00034    0.00021  40.2%  30.8 1240s
 3740169 245942     cutoff   66         0.00034    0.00021  40.2%  30.8 1245s
 3757313 246354     cutoff   61         0.00034    0.00021  40.2%  30.8 1250s
 3773727 246689     cutoff   56         0.00034    0.00021  40.2%  30.8 1255s
 3784123 246994 infeasible   57         0.00034    0.00021  40.2%  30.8 1260s
 3799922 247227    0.00021   52   43    0.00034    0.00021  40.2%  30.8 1265s
 3815116 247498     cutoff   69         0.00034    0.00021  40.2%  30.8 1270s
 3829560 248456 infeasible   70         0.00034    0.00021  40.2%  30.7 1275s
 3847885 248979     cutoff   63         0.00034    0.00021  40.2%  30.7 1280s
 3864008 250175     cutoff   58         0.00034    0.00021  40.2%  30.7 1285s
 3883033 251557    0.00026   66   35    0.00034    0.00021  40.2%  30.7 1290s
 3904755 252034    0.00021   50   48    0.00034    0.00021  40.2%  30.7 1295s
 3923187 252851    0.00021   64   48    0.00034    0.00021  40.2%  30.7 1300s
 3939745 253118     cutoff   52         0.00034    0.00021  40.2%  30.7 1305s
 3955914 253620    0.00021   51   46    0.00034    0.00021  40.2%  30.7 1310s
 3971945 254895     cutoff   59         0.00034    0.00021  40.2%  30.7 1315s
 3989390 256158    0.00025   61   41    0.00034    0.00021  40.2%  30.7 1320s
 4002782 256928    0.00021   61   55    0.00034    0.00021  40.2%  30.7 1325s
 4016244 258015    0.00021   65   56    0.00034    0.00021  40.2%  30.7 1330s
 4032072 258843 infeasible   54         0.00034    0.00021  40.2%  30.6 1335s
 4047847 259601    0.00021   59   48    0.00034    0.00021  40.2%  30.6 1340s
 4068196 260113    0.00021   64   48    0.00034    0.00021  40.2%  30.6 1345s
 4081153 261265    0.00021   57   48    0.00034    0.00021  40.2%  30.6 1350s
 4095900 262139     cutoff   73         0.00034    0.00021  40.2%  30.6 1355s
 4111011 263022    0.00021   66   44    0.00034    0.00021  40.2%  30.6 1360s
 4124186 263843     cutoff   67         0.00034    0.00021  40.2%  30.5 1365s
 4138031 264797     cutoff   72         0.00034    0.00021  40.2%  30.5 1370s
H4150158 266055                       0.0003441    0.00021  40.2%  30.5 1373s
 4154346 266832    0.00021   53   59    0.00034    0.00021  40.2%  30.5 1375s
 4172963 269431    0.00026   94   42    0.00034    0.00021  40.2%  30.5 1380s
 4192408 271822    0.00021   65   56    0.00034    0.00021  40.2%  30.4 1385s
 4205730 272934     cutoff   64         0.00034    0.00021  40.2%  30.4 1390s
 4224210 273627     cutoff   70         0.00034    0.00021  40.2%  30.4 1395s
 4241311 274828    0.00023   81   43    0.00034    0.00021  40.2%  30.4 1400s
 4256640 276519     cutoff   76         0.00034    0.00021  40.2%  30.4 1405s
 4271268 277683     cutoff   65         0.00034    0.00021  40.2%  30.4 1410s
 4285878 278979    0.00021   77   43    0.00034    0.00021  40.2%  30.3 1415s
 4301522 280315     cutoff   79         0.00034    0.00021  40.2%  30.3 1420s
 4315572 281944     cutoff   85         0.00034    0.00021  40.2%  30.3 1425s
 4330086 283939     cutoff   63         0.00034    0.00021  40.2%  30.3 1430s
 4344730 285636 infeasible   70         0.00034    0.00021  40.2%  30.3 1435s
 4358474 287426     cutoff   47         0.00034    0.00021  40.2%  30.3 1440s
 4373743 290008     cutoff   70         0.00034    0.00021  40.2%  30.2 1445s
 4387219 291429 infeasible   73         0.00034    0.00021  40.2%  30.2 1450s
 4401481 292844 infeasible   74         0.00034    0.00021  40.2%  30.2 1455s
 4417126 294729    0.00022   75   46    0.00034    0.00021  40.2%  30.2 1460s
 4432978 296961    0.00021   79   53    0.00034    0.00021  40.2%  30.2 1465s
 4446837 298617    0.00021   63   48    0.00034    0.00021  40.2%  30.2 1470s
 4460446 300734 infeasible   61         0.00034    0.00021  40.2%  30.2 1475s
 4474097 302964     cutoff   95         0.00034    0.00021  40.2%  30.1 1480s
H4488387 304785                       0.0003441    0.00021  40.2%  30.1 1484s
 4488856 305027 infeasible   85         0.00034    0.00021  40.2%  30.1 1485s
 4502237 307204    0.00029   79   38    0.00034    0.00021  40.2%  30.1 1490s
 4519510 308894    0.00023   84   53    0.00034    0.00021  40.2%  30.1 1495s
 4538475 310733    0.00031   86   53    0.00034    0.00021  40.2%  30.1 1500s
 4551169 312486    0.00021   68   49    0.00034    0.00021  40.2%  30.1 1505s
 4564616 313973    0.00021   59   43    0.00034    0.00021  40.2%  30.0 1510s
 4578747 315978    0.00024   87   52    0.00034    0.00021  40.2%  30.0 1515s
 4592441 317362    0.00029   99   44    0.00034    0.00021  40.2%  30.0 1520s
 4606697 319179 infeasible   76         0.00034    0.00021  40.2%  30.0 1525s
 4619823 320558     cutoff   69         0.00034    0.00021  40.2%  30.0 1530s
 4634085 322105     cutoff   76         0.00034    0.00021  40.2%  30.0 1535s
 4647460 323595    0.00021   71   47    0.00034    0.00021  40.2%  29.9 1540s
 4662049 325974    0.00022   71   47    0.00034    0.00021  40.2%  29.9 1545s
 4675749 327340    0.00021   56   45    0.00034    0.00021  40.2%  29.9 1550s
 4691253 329444    0.00031   77   41    0.00034    0.00021  40.2%  29.9 1555s
 4708340 330629    0.00021   64   43    0.00034    0.00021  40.2%  29.9 1560s
 4721294 331994    0.00028   79   52    0.00034    0.00021  40.2%  29.9 1565s
 4739335 334405     cutoff   77         0.00034    0.00021  40.2%  29.9 1570s
 4754506 335963    0.00021   61   51    0.00034    0.00021  40.2%  29.9 1575s
 4769147 337506    0.00021   65   55    0.00034    0.00021  40.2%  29.9 1580s
 4782284 339224 infeasible   80         0.00034    0.00021  40.2%  29.9 1585s
 4797327 340599     cutoff   75         0.00034    0.00021  40.2%  29.8 1590s
 4811851 342361     cutoff   95         0.00034    0.00021  40.2%  29.8 1595s
 4823674 343424     cutoff   50         0.00034    0.00021  40.2%  29.8 1600s
 4839810 344998    0.00023   73   51    0.00034    0.00021  40.2%  29.8 1605s
 4854815 347018    0.00021   60   55    0.00034    0.00021  40.2%  29.8 1610s
 4868131 348728 infeasible   86         0.00034    0.00021  40.2%  29.8 1615s
 4885459 350423     cutoff   79         0.00034    0.00021  40.2%  29.8 1620s
 4900453 351663    0.00021   85   45    0.00034    0.00021  40.2%  29.8 1625s
 4913620 352650     cutoff   67         0.00034    0.00021  40.2%  29.7 1630s
 4927324 354142 infeasible   82         0.00034    0.00021  40.2%  29.7 1635s
 4941336 356401    0.00021   74   57    0.00034    0.00021  40.2%  29.7 1640s
 4954552 357468    0.00021   60   57    0.00034    0.00021  40.2%  29.7 1645s
 4967908 358576     cutoff   65         0.00034    0.00021  40.2%  29.7 1650s
 4987006 359892    0.00021   50   53    0.00034    0.00021  40.2%  29.7 1655s
 5007626 360699    0.00021   39   55    0.00034    0.00021  40.2%  29.7 1660s
 5026735 361278    0.00021   76   44    0.00034    0.00021  40.2%  29.6 1665s
 5046561 361782    0.00021   58   48    0.00034    0.00021  40.2%  29.6 1670s
 5063234 362311    0.00021   75   43    0.00034    0.00021  40.2%  29.6 1675s
 5075176 362451    0.00021   49   40    0.00034    0.00021  40.2%  29.6 1680s
 5087995 362627     cutoff   51         0.00034    0.00021  40.2%  29.6 1685s
 5101895 363717    0.00021   56   50    0.00034    0.00021  40.2%  29.7 1690s
 5118817 365439    0.00021   51   53    0.00034    0.00021  40.2%  29.7 1695s
 5132521 366332     cutoff   51         0.00034    0.00021  40.2%  29.7 1700s
 5147020 367104    0.00021   52   44    0.00034    0.00021  40.2%  29.7 1705s
 5164607 367527     cutoff   66         0.00034    0.00021  40.2%  29.7 1710s
 5178039 368084     cutoff   64         0.00034    0.00021  40.2%  29.7 1715s
 5192441 368541    0.00021   64   43    0.00034    0.00021  40.2%  29.7 1720s
 5210129 369482     cutoff   62         0.00034    0.00021  40.2%  29.7 1725s
 5224060 369943    0.00021   44   56    0.00034    0.00021  40.2%  29.7 1730s
 5235074 370290    0.00021   64   50    0.00034    0.00021  40.2%  29.7 1735s
 5250640 371146    0.00021   59   47    0.00034    0.00021  40.2%  29.8 1740s
 5266345 371794     cutoff   58         0.00034    0.00021  40.2%  29.8 1745s
 5282896 372369     cutoff   68         0.00034    0.00021  40.2%  29.7 1750s
 5297510 373666    0.00021   39   63    0.00034    0.00021  40.2%  29.7 1755s
 5308552 374373    0.00021   61   39    0.00034    0.00021  40.2%  29.8 1760s
 5322497 374967     cutoff   71         0.00034    0.00021  40.2%  29.8 1765s
 5341328 375679    0.00021   40   58    0.00034    0.00021  40.2%  29.8 1770s
 5360870 376969     cutoff   61         0.00034    0.00021  40.2%  29.7 1775s
 5376310 378046    0.00021   58   46    0.00034    0.00021  40.2%  29.7 1780s
 5398286 378869     cutoff   60         0.00034    0.00021  40.2%  29.7 1785s
 5416219 379638     cutoff   70         0.00034    0.00021  40.2%  29.7 1790s
 5433486 380723 infeasible   68         0.00034    0.00021  40.2%  29.7 1795s
 5451251 381696    0.00023   68   41    0.00034    0.00021  40.2%  29.6 1800s
 5466180 382198     cutoff   31         0.00034    0.00021  40.2%  29.6 1805s
 5482148 383424    0.00021   60   37    0.00034    0.00021  40.2%  29.6 1810s
 5504894 384364    0.00027   62   50    0.00034    0.00021  40.2%  29.6 1815s
 5524473 385117 infeasible   63         0.00034    0.00021  40.2%  29.5 1820s
 5541377 386604    0.00021   46   51    0.00034    0.00021  40.2%  29.5 1825s
 5556513 387854    0.00024   55   47    0.00034    0.00021  40.2%  29.6 1830s
 5573043 388729 infeasible   52         0.00034    0.00021  40.2%  29.6 1835s
 5585931 389285    0.00028   57   45    0.00034    0.00021  40.2%  29.6 1840s
 5600779 390012 infeasible   43         0.00034    0.00021  40.2%  29.6 1845s
 5616531 390736    0.00021   38   53    0.00034    0.00021  40.2%  29.6 1850s
 5628561 391541 infeasible   58         0.00034    0.00021  40.2%  29.6 1855s
 5643042 391867 infeasible   57         0.00034    0.00021  40.2%  29.6 1860s
 5659927 392902    0.00028   59   51    0.00034    0.00021  40.2%  29.6 1865s
 5674360 393486     cutoff   62         0.00034    0.00021  40.2%  29.6 1870s
 5690992 394203     cutoff   62         0.00034    0.00021  40.2%  29.6 1875s
 5707180 394649    0.00021   68   47    0.00034    0.00021  40.2%  29.6 1881s
 5720844 395090    0.00021   52   48    0.00034    0.00021  40.2%  29.6 1885s
 5741629 395849    0.00021   55   50    0.00034    0.00021  40.2%  29.6 1890s
 5758278 396921    0.00021   51   48    0.00034    0.00021  40.2%  29.6 1895s
 5778471 398309    0.00023   78   49    0.00034    0.00021  40.2%  29.6 1900s
 5800649 399062    0.00021   53   37    0.00034    0.00021  40.2%  29.5 1905s
 5818703 399970    0.00021   37   61    0.00034    0.00021  40.2%  29.5 1910s
 5836909 400807    0.00021   58   50    0.00034    0.00021  40.2%  29.5 1915s
 5854083 401873    0.00028   53   46    0.00034    0.00021  40.2%  29.5 1920s
 5871815 402947    0.00021   57   48    0.00034    0.00021  40.2%  29.5 1925s
 5888516 403983     cutoff   58         0.00034    0.00021  40.2%  29.5 1930s
 5904616 405009     cutoff   55         0.00034    0.00021  40.2%  29.5 1935s
 5921122 406493     cutoff   62         0.00034    0.00021  40.2%  29.5 1940s
 5938067 407369    0.00021   58   47    0.00034    0.00021  40.2%  29.5 1945s
 5957838 408087 infeasible   57         0.00034    0.00021  40.2%  29.6 1950s
 5973714 408551    0.00021   78   44    0.00034    0.00021  40.2%  29.6 1955s
 5990079 409281    0.00021   58   39    0.00034    0.00021  40.2%  29.5 1960s
 6010518 410093 infeasible   67         0.00034    0.00021  40.2%  29.5 1965s
 6030595 410862    0.00030   65   41    0.00034    0.00021  40.2%  29.5 1970s
 6048428 411655    0.00021   59   43    0.00034    0.00021  40.2%  29.5 1975s
 6067558 412456    0.00022   58   41    0.00034    0.00021  40.2%  29.5 1980s
 6087415 413596    0.00022   67   51    0.00034    0.00021  40.2%  29.5 1985s
 6106864 414305 infeasible   67         0.00034    0.00021  40.2%  29.5 1990s
 6127277 414841    0.00021   52   56    0.00034    0.00021  40.2%  29.5 1995s
H6141903 414867                       0.0003441    0.00021  40.2%  29.5 1999s
 6143694 414918     cutoff   58         0.00034    0.00021  40.2%  29.5 2000s
 6165778 415683    0.00021   61   39    0.00034    0.00021  40.2%  29.5 2005s
 6183034 417461 infeasible   62         0.00034    0.00021  40.2%  29.5 2010s
 6199648 419095     cutoff   62         0.00034    0.00021  40.2%  29.5 2015s
 6218119 420644    0.00021   59   39    0.00034    0.00021  40.2%  29.4 2020s
 6233664 421860     cutoff   51         0.00034    0.00021  40.2%  29.4 2025s
 6253800 422717     cutoff   53         0.00034    0.00021  40.2%  29.4 2030s
 6270409 423348     cutoff   53         0.00034    0.00021  40.2%  29.4 2035s
 6287754 423957    0.00021   57   40    0.00034    0.00021  40.2%  29.4 2040s
 6301427 425047     cutoff   64         0.00034    0.00021  40.2%  29.4 2045s
 6318756 425749     cutoff   78         0.00034    0.00021  40.2%  29.4 2050s
 6334801 426507    0.00021   60   38    0.00034    0.00021  40.2%  29.4 2055s
 6351080 427330    0.00021   54   53    0.00034    0.00021  40.2%  29.4 2060s
 6360848 428052     cutoff   64         0.00034    0.00021  40.2%  29.4 2065s
 6378521 429034     cutoff   51         0.00034    0.00021  40.2%  29.3 2070s
 6394266 430195     cutoff   52         0.00034    0.00021  40.2%  29.3 2075s
 6407904 430718    0.00021   49   47    0.00034    0.00021  40.2%  29.3 2080s
 6424944 431888    0.00021   55   48    0.00034    0.00021  40.2%  29.3 2085s
 6444530 432708     cutoff   62         0.00034    0.00021  40.2%  29.3 2090s
 6464606 433537    0.00021   52   50    0.00034    0.00021  40.2%  29.3 2095s
 6482527 434587     cutoff   59         0.00034    0.00021  40.2%  29.3 2100s
 6498475 435632 infeasible   54         0.00034    0.00021  40.2%  29.2 2105s
 6515685 436941 infeasible   65         0.00034    0.00021  40.2%  29.2 2110s
 6530052 438427    0.00021   55   41    0.00034    0.00021  40.2%  29.2 2115s
 6544571 439192 infeasible   71         0.00034    0.00021  40.2%  29.2 2120s
 6559647 439804    0.00021   47   54    0.00034    0.00021  40.2%  29.2 2125s
 6577582 440880     cutoff   54         0.00034    0.00021  40.2%  29.2 2130s
 6595136 441815 infeasible   64         0.00034    0.00021  40.2%  29.2 2135s
 6613214 442875    0.00021   53   44    0.00034    0.00021  40.2%  29.2 2140s
 6630664 443743    0.00025   64   43    0.00034    0.00021  40.2%  29.1 2145s
 6648048 444503    0.00021   51   56    0.00034    0.00021  40.2%  29.1 2150s
 6666966 445432    0.00026   62   38    0.00034    0.00021  40.2%  29.1 2155s
 6681925 446569     cutoff   63         0.00034    0.00021  40.2%  29.1 2160s
 6698621 448330    0.00021   68   48    0.00034    0.00021  40.2%  29.1 2165s
 6715675 449874 infeasible   63         0.00034    0.00021  40.2%  29.1 2170s
 6734154 451097    0.00021   56   39    0.00034    0.00021  40.2%  29.0 2175s
 6753023 452368    0.00021   53   39    0.00034    0.00021  40.2%  29.0 2180s
 6770787 453350 infeasible   65         0.00034    0.00021  40.2%  29.0 2185s
 6786618 453783    0.00021   66   50    0.00034    0.00021  40.2%  29.0 2190s
 6804174 454552    0.00021   69   49    0.00034    0.00021  40.2%  29.0 2195s
 6821107 456414     cutoff   74         0.00034    0.00021  40.2%  29.0 2200s
 6838944 457466 infeasible   54         0.00034    0.00021  40.2%  29.0 2205s
 6855558 458908     cutoff   73         0.00034    0.00021  40.2%  29.0 2210s
 6873836 460248    0.00021   69   40    0.00034    0.00021  40.2%  29.0 2215s
 6889688 461412     cutoff   69         0.00034    0.00021  40.2%  29.0 2220s
 6908047 462410    0.00021   66   54    0.00034    0.00021  40.2%  28.9 2225s
 6928588 463623    0.00030   79   54    0.00034    0.00021  40.2%  28.9 2230s
 6947514 464609    0.00021   84   42    0.00034    0.00021  40.2%  28.9 2235s
 6963091 465457 infeasible   65         0.00034    0.00021  40.2%  28.9 2240s
 6981401 465878     cutoff   73         0.00034    0.00021  40.2%  28.8 2245s
 6999296 466686 infeasible   70         0.00034    0.00021  40.2%  28.8 2250s
 7012237 467314     cutoff   58         0.00034    0.00021  40.2%  28.8 2255s
 7030023 468220 infeasible   67         0.00034    0.00021  40.2%  28.8 2260s
 7048160 468981 infeasible   60         0.00034    0.00021  40.2%  28.7 2265s
 7061459 469824 infeasible   53         0.00034    0.00021  40.2%  28.7 2270s
 7075855 470607    0.00021   64   55    0.00034    0.00021  40.2%  28.7 2275s
 7087364 471201     cutoff   76         0.00034    0.00021  40.2%  28.7 2280s
 7100013 471729    0.00021   65   44    0.00034    0.00021  40.2%  28.7 2285s
 7111877 472070     cutoff   56         0.00034    0.00021  40.2%  28.7 2290s
 7125899 472963    0.00021   33   60    0.00034    0.00021  40.2%  28.7 2295s
 7139729 473520     cutoff   54         0.00034    0.00021  40.2%  28.7 2300s
 7156208 474610    0.00021   50   55    0.00034    0.00021  40.2%  28.7 2305s
 7172505 475594    0.00021   51   43    0.00034    0.00021  40.2%  28.7 2310s
 7187017 476457 infeasible   59         0.00034    0.00021  40.2%  28.7 2315s
 7202878 477347     cutoff   75         0.00034    0.00021  40.2%  28.7 2320s
 7218080 478121     cutoff   54         0.00034    0.00021  40.2%  28.7 2325s
 7235841 478987    0.00021   47   55    0.00034    0.00021  40.2%  28.7 2330s
 7252865 480343    0.00034   71   37    0.00034    0.00021  40.2%  28.7 2335s
 7265197 482095    0.00029   56   49    0.00034    0.00021  40.2%  28.7 2340s
 7275223 483590    0.00021   51   45    0.00034    0.00021  40.2%  28.7 2345s
 7288743 484844     cutoff   79         0.00034    0.00021  40.2%  28.6 2350s
 7301687 485903    0.00021   79   43    0.00034    0.00021  40.2%  28.6 2355s
 7314870 487297    0.00021   55   55    0.00034    0.00021  40.2%  28.6 2360s
 7328462 489488    0.00021   68   44    0.00034    0.00021  40.2%  28.6 2365s
 7341682 491461 infeasible   83         0.00034    0.00021  40.2%  28.6 2370s
 7354748 492803    0.00021   67   54    0.00034    0.00021  40.2%  28.6 2375s
 7368563 493802 infeasible   70         0.00034    0.00021  40.2%  28.6 2380s
 7380085 494825    0.00022   84   44    0.00034    0.00021  40.2%  28.6 2385s
 7394865 495978    0.00025   61   60    0.00034    0.00021  40.2%  28.6 2390s
 7406944 496991     cutoff   74         0.00034    0.00021  40.2%  28.6 2395s
 7422607 498504 infeasible   74         0.00034    0.00021  40.2%  28.6 2400s
 7436276 499478    0.00021   66   47    0.00034    0.00021  40.2%  28.6 2405s
 7452516 500657    0.00021   83   47    0.00034    0.00021  40.2%  28.6 2410s
 7464498 502012    0.00021   76   46    0.00034    0.00021  40.2%  28.6 2415s
 7478313 503229    0.00021   73   45    0.00034    0.00021  40.2%  28.6 2420s
 7490449 504515    0.00026   73   50    0.00034    0.00021  40.2%  28.6 2425s
 7504313 506226     cutoff   94         0.00034    0.00021  40.2%  28.6 2430s
 7520581 508149    0.00021   80   44    0.00034    0.00021  40.2%  28.5 2435s
 7535525 509607    0.00021   72   33    0.00034    0.00021  40.2%  28.5 2440s
 7552854 511300    0.00021   84   45    0.00034    0.00021  40.2%  28.5 2445s
 7567662 513036    0.00021   76   52    0.00034    0.00021  40.2%  28.5 2450s
 7581486 514565 infeasible   89         0.00034    0.00021  40.2%  28.5 2455s
 7600793 516642     cutoff   74         0.00034    0.00021  40.2%  28.5 2460s
 7617114 518423 infeasible   95         0.00034    0.00021  40.2%  28.5 2465s
 7631623 519807    0.00021   82   33    0.00034    0.00021  40.2%  28.5 2470s
 7647932 521225 infeasible   66         0.00034    0.00021  40.2%  28.5 2475s
 7663652 522622    0.00021   76   40    0.00034    0.00021  40.2%  28.5 2480s
 7676550 523727     cutoff   65         0.00034    0.00021  40.2%  28.5 2485s
 7690869 525737    0.00021   80   47    0.00034    0.00021  40.2%  28.5 2490s
 7709649 528790    0.00021   68   51    0.00034    0.00021  40.2%  28.4 2495s
 7729117 531359 infeasible   81         0.00034    0.00021  40.2%  28.4 2500s
 7749884 534249    0.00021   79   45    0.00034    0.00021  40.2%  28.4 2505s
 7767722 536681    0.00021   73   49    0.00034    0.00021  40.2%  28.4 2510s
 7782675 538142    0.00021   82   33    0.00034    0.00021  40.2%  28.4 2515s
 7799706 539804    0.00021   88   58    0.00034    0.00021  40.2%  28.4 2520s
 7810204 541021    0.00021   77   54    0.00034    0.00021  40.2%  28.4 2525s
 7826952 542921    0.00021   84   31    0.00034    0.00021  40.2%  28.4 2530s
 7847964 546421 infeasible   84         0.00034    0.00021  40.2%  28.4 2535s
 7867775 549401    0.00021   87   56    0.00034    0.00021  40.2%  28.3 2540s
 7885593 551650     cutoff   76         0.00034    0.00021  40.2%  28.3 2545s
 7901334 554135    0.00025   72   50    0.00034    0.00021  40.2%  28.3 2550s
 7919258 555779     cutoff   74         0.00034    0.00021  40.2%  28.3 2555s
 7937009 558763    0.00021   83   45    0.00034    0.00021  40.2%  28.3 2560s
 7952795 560817 infeasible   78         0.00034    0.00021  40.2%  28.3 2565s
 7971873 564527    0.00025   50   59    0.00034    0.00021  40.2%  28.3 2570s
 7987485 566726 infeasible   70         0.00034    0.00021  40.2%  28.3 2575s
 8004543 568236    0.00026   54   36    0.00034    0.00021  40.2%  28.3 2580s
 8022651 570178    0.00021   72   39    0.00034    0.00021  40.2%  28.3 2585s
 8036625 571407    0.00025   70   43    0.00034    0.00021  40.2%  28.3 2590s
 8052733 572938    0.00022   75   54    0.00034    0.00021  40.2%  28.2 2595s
 8068607 574693    0.00025   79   50    0.00034    0.00021  40.2%  28.2 2600s
 8084142 575766 infeasible   71         0.00034    0.00021  40.2%  28.2 2605s
 8104002 577321     cutoff   71         0.00034    0.00021  40.2%  28.2 2610s
 8120076 578029    0.00028   77   57    0.00034    0.00021  40.2%  28.2 2615s
 8142640 579853     cutoff   59         0.00034    0.00021  40.2%  28.2 2620s
 8155674 580913     cutoff   77         0.00034    0.00021  40.2%  28.2 2625s
 8175020 582389     cutoff   85         0.00034    0.00021  40.2%  28.2 2630s
 8193809 583606 infeasible   73         0.00034    0.00021  40.2%  28.2 2635s
 8211026 584725 infeasible   82         0.00034    0.00021  40.2%  28.1 2640s
 8227291 585594    0.00021   63   54    0.00034    0.00021  40.2%  28.1 2645s
 8244987 587152    0.00021   75   42    0.00034    0.00021  40.2%  28.1 2650s
 8264247 588425 infeasible   71         0.00034    0.00021  40.2%  28.1 2655s
 8279813 589439    0.00021   66   47    0.00034    0.00021  40.2%  28.1 2660s
 8298270 590794    0.00022   70   46    0.00034    0.00021  40.2%  28.1 2665s
 8313031 591624    0.00021   68   44    0.00034    0.00021  40.2%  28.1 2670s
 8332443 592690    0.00021   73   50    0.00034    0.00021  40.2%  28.1 2675s
 8351381 593701    0.00021   71   43    0.00034    0.00021  40.2%  28.1 2680s
 8370403 594951    0.00021   75   43    0.00034    0.00021  40.2%  28.1 2685s
 8389512 596053    0.00021   52   49    0.00034    0.00021  40.2%  28.0 2690s
 8405424 597289 infeasible   84         0.00034    0.00021  40.2%  28.0 2695s
 8424517 598969    0.00021   61   48    0.00034    0.00021  40.2%  28.0 2700s
 8438442 599841    0.00021   76   57    0.00034    0.00021  40.2%  28.0 2705s
 8458565 601664 infeasible   69         0.00034    0.00021  40.2%  28.0 2710s
 8474833 603795    0.00025   74   36    0.00034    0.00021  40.2%  28.0 2715s
 8491807 605683    0.00021   74   43    0.00034    0.00021  40.2%  28.0 2720s
 8512304 607363    0.00021   54   37    0.00034    0.00021  40.2%  28.0 2725s
 8531016 608496 infeasible   74         0.00034    0.00021  40.2%  28.0 2730s
 8544634 609243 infeasible   64         0.00034    0.00021  40.2%  28.0 2735s
 8563444 610362 infeasible   91         0.00034    0.00021  40.2%  27.9 2740s
 8581355 613017    0.00021   62   43    0.00034    0.00021  40.2%  27.9 2745s
 8599587 615020    0.00022   86   39    0.00034    0.00021  40.2%  27.9 2750s
 8620856 617967    0.00021   75   43    0.00034    0.00021  40.2%  27.9 2755s
 8637704 619820    0.00021   72   41    0.00034    0.00021  40.2%  27.9 2760s
 8654148 621313    0.00022   90   42    0.00034    0.00021  40.2%  27.9 2765s
 8670632 623499     cutoff   32         0.00034    0.00021  40.2%  27.9 2770s
 8690547 626582    0.00022   78   44    0.00034    0.00021  40.2%  27.9 2775s
 8705056 627917    0.00021   67   45    0.00034    0.00021  40.2%  27.9 2780s
 8725011 629317    0.00033   64   45    0.00034    0.00021  40.2%  27.9 2785s
 8740369 630585    0.00021   52   48    0.00034    0.00021  40.2%  27.9 2790s
 8756433 631722    0.00023   71   43    0.00034    0.00021  40.2%  27.9 2795s
 8772604 632963    0.00021   84   41    0.00034    0.00021  40.2%  27.9 2800s
 8786621 634215    0.00021   53   43    0.00034    0.00021  40.2%  27.8 2805s
 8803988 635468    0.00022   70   45    0.00034    0.00021  40.2%  27.8 2810s
 8820309 636886 infeasible   77         0.00034    0.00021  40.2%  27.8 2815s
 8836545 638477    0.00025   75   45    0.00034    0.00021  40.2%  27.8 2820s
 8853347 639925 infeasible   67         0.00034    0.00021  40.2%  27.8 2825s
 8868619 641827    0.00032   60   43    0.00034    0.00021  40.2%  27.8 2830s
 8889738 645042    0.00029  109   33    0.00034    0.00021  40.2%  27.8 2835s
 8906323 646797    0.00028  104   52    0.00034    0.00021  40.2%  27.8 2840s
 8924458 648723    0.00026   74   41    0.00034    0.00021  40.2%  27.8 2845s
 8937957 649535    0.00021   68   50    0.00034    0.00021  40.2%  27.8 2850s
 8956075 651019    0.00028  107   48    0.00034    0.00021  40.2%  27.8 2855s
 8973753 653072    0.00022   60   53    0.00034    0.00021  40.2%  27.8 2860s
 8990882 654880     cutoff   53         0.00034    0.00021  40.2%  27.7 2865s
 9006657 656313    0.00027   78   55    0.00034    0.00021  40.2%  27.7 2870s
 9021425 657727    0.00032   64   43    0.00034    0.00021  40.2%  27.7 2875s
 9039683 659166 infeasible   58         0.00034    0.00021  40.2%  27.7 2880s
 9052252 660049 infeasible   63         0.00034    0.00021  40.2%  27.7 2885s
 9065681 661734    0.00021   61   45    0.00034    0.00021  40.2%  27.7 2890s
 9084114 663986     cutoff  108         0.00034    0.00021  40.2%  27.7 2895s
 9098068 665764 infeasible   72         0.00034    0.00021  40.2%  27.7 2900s
 9115574 667936    0.00021   72   56    0.00034    0.00021  40.2%  27.7 2905s
 9133714 669995    0.00021   56   52    0.00034    0.00021  40.2%  27.7 2910s
 9149555 671141    0.00021   55   52    0.00034    0.00021  40.2%  27.7 2915s
 9166314 672414    0.00024   85   53    0.00034    0.00021  40.2%  27.7 2920s
 9186465 673670     cutoff   73         0.00034    0.00021  40.2%  27.7 2925s
 9203300 674947 infeasible   61         0.00034    0.00021  40.2%  27.7 2930s
 9222822 676709    0.00021   84   37    0.00034    0.00021  40.2%  27.6 2935s
 9239523 677775    0.00021   82   55    0.00034    0.00021  40.2%  27.6 2940s
 9259085 679059 infeasible   72         0.00034    0.00021  40.2%  27.6 2945s
 9276456 680257 infeasible   75         0.00034    0.00021  40.2%  27.6 2950s
 9294623 681493    0.00029   67   55    0.00034    0.00021  40.2%  27.6 2955s
 9312569 683145     cutoff   69         0.00034    0.00021  40.2%  27.6 2960s
 9329016 685036     cutoff   62         0.00034    0.00021  40.2%  27.6 2965s
 9345402 686526     cutoff   55         0.00034    0.00021  40.2%  27.6 2970s
 9366823 688329    0.00023   75   41    0.00034    0.00021  40.2%  27.6 2975s
 9381282 689357    0.00022  100   53    0.00034    0.00021  40.2%  27.6 2980s
 9399832 690823     cutoff   97         0.00034    0.00021  40.2%  27.6 2985s
 9417064 691829    0.00025   70   50    0.00034    0.00021  40.2%  27.6 2990s
 9428873 692902     cutoff   63         0.00034    0.00021  40.2%  27.6 2995s
 9447304 694939     cutoff   71         0.00034    0.00021  40.2%  27.6 3000s
 9464502 696398     cutoff   65         0.00034    0.00021  40.2%  27.5 3005s
 9482807 697820    0.00026   87   57    0.00034    0.00021  40.2%  27.5 3010s
 9498668 698921    0.00021   66   47    0.00034    0.00021  40.2%  27.5 3015s
 9518191 700513 infeasible   79         0.00034    0.00021  40.2%  27.5 3021s
 9534403 702082 infeasible   52         0.00034    0.00021  40.2%  27.5 3025s
 9552734 703980    0.00022   76   50    0.00034    0.00021  40.2%  27.5 3030s
 9571265 705420    0.00023   83   46    0.00034    0.00021  40.2%  27.5 3035s
 9587521 706526    0.00030   85   53    0.00034    0.00021  40.2%  27.5 3040s
 9607620 707738     cutoff   83         0.00034    0.00021  40.2%  27.5 3045s
 9626583 710320 infeasible   92         0.00034    0.00021  40.2%  27.5 3050s
 9647258 713354    0.00021   84   40    0.00034    0.00021  40.2%  27.5 3055s
 9669120 716578    0.00021   80   51    0.00034    0.00021  40.2%  27.5 3060s
 9689354 719433 infeasible   93         0.00034    0.00021  40.2%  27.4 3065s
 9706887 722218     cutoff   89         0.00034    0.00021  40.2%  27.4 3070s
 9726631 725101 infeasible   67         0.00034    0.00021  40.2%  27.4 3075s
 9748009 728541 infeasible   75         0.00034    0.00021  40.2%  27.4 3080s
 9768080 731587    0.00021   90   52    0.00034    0.00021  40.2%  27.4 3085s
 9787153 733646 infeasible   61         0.00034    0.00021  40.2%  27.4 3090s
 9810199 737133 infeasible   65         0.00034    0.00021  40.2%  27.4 3095s
 9824232 739010     cutoff   98         0.00034    0.00021  40.2%  27.4 3100s
 9845674 741298    0.00021   64   43    0.00034    0.00021  40.2%  27.3 3105s
 9863696 742735    0.00021   80   43    0.00034    0.00021  40.2%  27.3 3110s
 9881287 744288    0.00023   73   41    0.00034    0.00021  40.2%  27.3 3115s
 9902044 746811 infeasible   66         0.00034    0.00021  40.2%  27.3 3120s
 9920723 748263     cutoff   68         0.00034    0.00021  40.2%  27.3 3125s
 9937726 749920    0.00032   78   31    0.00034    0.00021  40.2%  27.3 3130s
 9955935 751888    0.00022   70   37    0.00034    0.00021  40.2%  27.3 3135s
 9973089 753475    0.00030   71   42    0.00034    0.00021  40.2%  27.3 3140s
 9989489 755089    0.00021   69   46    0.00034    0.00021  40.2%  27.3 3145s
 10009115 756998    0.00021   54   44    0.00034    0.00021  40.2%  27.3 3150s
 10026396 757907 infeasible   45         0.00034    0.00021  40.2%  27.3 3155s
 10043406 759141    0.00023   72   41    0.00034    0.00021  40.2%  27.3 3160s
 10059442 760149    0.00022   59   42    0.00034    0.00021  40.2%  27.3 3165s
 10078248 762092    0.00021   47   42    0.00034    0.00021  40.2%  27.3 3170s
 10091845 763280     cutoff   66         0.00034    0.00021  40.2%  27.3 3175s
 10110665 765023 infeasible   60         0.00034    0.00021  40.2%  27.3 3180s
 10127888 766660    0.00021   67   54    0.00034    0.00021  40.2%  27.3 3185s
 10142686 768203    0.00021   70   50    0.00034    0.00021  40.2%  27.3 3190s
 10161533 770542     cutoff   56         0.00034    0.00021  40.2%  27.3 3195s
 10179798 772701     cutoff   69         0.00034    0.00021  40.2%  27.3 3200s
 10197796 774827    0.00021   85   48    0.00034    0.00021  40.2%  27.3 3205s
 10216507 777184    0.00021   83   32    0.00034    0.00021  40.2%  27.3 3210s
 10234112 778602 infeasible   63         0.00034    0.00021  40.2%  27.3 3215s
 10253504 780518     cutoff   69         0.00034    0.00021  40.2%  27.3 3220s
 10270693 782430    0.00022   73   49    0.00034    0.00021  40.2%  27.3 3225s
 10287301 784714     cutoff   80         0.00034    0.00021  40.2%  27.3 3230s
 10306222 787200 infeasible   72         0.00034    0.00021  40.2%  27.3 3235s
 10321125 789343    0.00021   68   43    0.00034    0.00021  40.2%  27.3 3240s
 10340775 791805    0.00021   61   52    0.00034    0.00021  40.2%  27.2 3245s
 10355897 793369     cutoff   70         0.00034    0.00021  40.2%  27.2 3250s
 10375641 795417    0.00021   80   43    0.00034    0.00021  40.2%  27.2 3255s
 10391657 797057     cutoff   67         0.00034    0.00021  40.2%  27.2 3260s
 10409510 798510    0.00021   71   45    0.00034    0.00021  40.2%  27.2 3265s
 10427313 800463 infeasible   64         0.00034    0.00021  40.2%  27.2 3270s
 10442546 801965    0.00031   73   41    0.00034    0.00021  40.2%  27.2 3275s
 10461400 803521    0.00029   69   31    0.00034    0.00021  40.2%  27.2 3280s
 10478981 804758     cutoff   68         0.00034    0.00021  40.2%  27.2 3285s
 10494765 806715     cutoff   76         0.00034    0.00021  40.2%  27.2 3290s
H10500843 806301                       0.0003428    0.00021  40.0%  27.2 3291s
 10510662 807296     cutoff   62         0.00034    0.00021  40.0%  27.2 3295s
 10530486 808982    0.00023   59   41    0.00034    0.00021  40.0%  27.2 3300s
 10552072 810340     cutoff   69         0.00034    0.00021  40.0%  27.2 3305s
H10566841 811204                       0.0003428    0.00021  40.0%  27.2 3310s
 10580150 812065     cutoff   77         0.00034    0.00021  40.0%  27.2 3315s
H10592104 812975                       0.0003428    0.00021  40.0%  27.2 3318s
H10596756 813227                       0.0003427    0.00021  40.0%  27.2 3319s
H10597934 813253                       0.0003427    0.00021  40.0%  27.2 3320s
 10612568 814517     cutoff   64         0.00034    0.00021  40.0%  27.2 3325s
 10632096 815907 infeasible   51         0.00034    0.00021  40.0%  27.2 3330s
H10644814 816940                       0.0003427    0.00021  40.0%  27.2 3334s
H10645798 817081                       0.0003427    0.00021  40.0%  27.2 3334s
 10646528 817155     cutoff   78         0.00034    0.00021  40.0%  27.2 3335s
 10663425 818536    0.00025   69   48    0.00034    0.00021  40.0%  27.2 3340s
 10677326 820126     cutoff   72         0.00034    0.00021  40.0%  27.2 3345s
 10692368 821316 infeasible   69         0.00034    0.00021  40.0%  27.2 3350s
H10703232 821896                       0.0003427    0.00021  40.0%  27.2 3353s
 10707935 822186 infeasible   60         0.00034    0.00021  40.0%  27.2 3355s
 10726142 823775 infeasible   71         0.00034    0.00021  40.0%  27.2 3360s
 10742425 825456 infeasible   73         0.00034    0.00021  40.0%  27.2 3365s
 10757802 826520    0.00022   62   40    0.00034    0.00021  40.0%  27.2 3370s
 10772743 827592     cutoff   75         0.00034    0.00021  40.0%  27.2 3375s
 10791443 829096     cutoff   64         0.00034    0.00021  40.0%  27.2 3380s
 10810155 830699     cutoff   83         0.00034    0.00021  40.0%  27.2 3385s
 10828660 832127    0.00021   66   43    0.00034    0.00021  40.0%  27.2 3390s
 10843433 833387     cutoff   71         0.00034    0.00021  40.0%  27.2 3395s
 10861155 834342 infeasible   75         0.00034    0.00021  40.0%  27.2 3400s
 10880208 835703     cutoff   63         0.00034    0.00021  40.0%  27.2 3405s
 10895443 836929    0.00021   60   39    0.00034    0.00021  40.0%  27.2 3410s
H10901786 837273                       0.0003427    0.00021  40.0%  27.2 3411s
 10911696 838010    0.00023   68   41    0.00034    0.00021  40.0%  27.1 3415s
H10921551 838926                       0.0003427    0.00021  40.0%  27.1 3417s
H10922193 838924                       0.0003427    0.00021  39.9%  27.1 3417s
H10925808 839144                       0.0003427    0.00021  39.9%  27.1 3418s
 10927893 839205    0.00021   65   49    0.00034    0.00021  39.9%  27.1 3420s
H10937890 839755                       0.0003427    0.00021  39.9%  27.1 3422s
H10939599 839748                       0.0003427    0.00021  39.9%  27.1 3423s
H10940338 839844                       0.0003427    0.00021  39.9%  27.1 3424s
 10942959 839890    0.00021   61   45    0.00034    0.00021  39.9%  27.1 3425s
H10943334 839890                       0.0003427    0.00021  39.9%  27.1 3425s
H10948587 840021                       0.0003427    0.00021  39.9%  27.1 3426s
H10948922 840024                       0.0003427    0.00021  39.9%  27.1 3427s
 10958075 840659    0.00023   55   51    0.00034    0.00021  39.9%  27.1 3430s
H10960677 840831                       0.0003427    0.00021  39.9%  27.1 3431s
 10973408 841921    0.00024   70   45    0.00034    0.00021  39.9%  27.1 3435s
 10985464 842972    0.00021   50   57    0.00034    0.00021  39.9%  27.1 3440s
 10998055 844056    0.00022   64   51    0.00034    0.00021  39.9%  27.1 3445s
 11015884 844815    0.00021   52   52    0.00034    0.00021  39.9%  27.1 3450s
 11032536 846473 infeasible   55         0.00034    0.00021  39.9%  27.1 3455s
H11036841 847129                       0.0003427    0.00021  39.9%  27.1 3456s
 11052027 848790 infeasible   83         0.00034    0.00021  39.9%  27.1 3460s
H11066285 850232                       0.0003427    0.00021  39.9%  27.1 3464s
 11068116 850439    0.00021   77   44    0.00034    0.00021  39.9%  27.1 3465s
H11068508 850439                       0.0003427    0.00021  39.9%  27.1 3465s
 11083234 852284     cutoff   77         0.00034    0.00021  39.9%  27.1 3470s
 11099866 854287 infeasible   76         0.00034    0.00021  39.9%  27.1 3475s
H11113248 855959                       0.0003427    0.00021  39.9%  27.1 3478s
 11117225 856552    0.00021   82   43    0.00034    0.00021  39.9%  27.1 3480s
 11137100 858163     cutoff   71         0.00034    0.00021  39.9%  27.1 3485s
 11153969 859843    0.00028   66   57    0.00034    0.00021  39.9%  27.1 3490s
 11172688 861679    0.00021   68   57    0.00034    0.00021  39.9%  27.1 3495s
H11174709 861668                       0.0003427    0.00021  39.9%  27.1 3495s
H11178583 862158                       0.0003427    0.00021  39.9%  27.1 3497s
 11187612 863319     cutoff   60         0.00034    0.00021  39.9%  27.1 3500s
 11206633 865703 infeasible   90         0.00034    0.00021  39.9%  27.1 3505s
 11220242 867178    0.00021   71   40    0.00034    0.00021  39.9%  27.1 3510s
H11229922 867275                       0.0003416    0.00021  39.7%  27.1 3512s
H11230253 867467                       0.0003416    0.00021  39.7%  27.1 3513s
H11230386 867467                       0.0003416    0.00021  39.7%  27.1 3513s
 11238770 868468     cutoff   67         0.00034    0.00021  39.7%  27.1 3515s
H11244206 868946                       0.0003416    0.00021  39.7%  27.1 3516s
H11246093 869247                       0.0003415    0.00021  39.7%  27.1 3517s
H11249539 869397                       0.0003415    0.00021  39.7%  27.1 3518s
H11251808 869543                       0.0003415    0.00021  39.7%  27.1 3519s
 11253990 869964 infeasible   75         0.00034    0.00021  39.7%  27.1 3520s
H11272649 871684                       0.0003415    0.00021  39.7%  27.1 3524s
 11273162 871723     cutoff   75         0.00034    0.00021  39.7%  27.1 3525s
H11275825 871886                       0.0003415    0.00021  39.7%  27.1 3526s
H11283835 872694                       0.0003415    0.00021  39.7%  27.1 3529s
H11285169 873016                       0.0003415    0.00021  39.7%  27.1 3529s
 11285866 873308    0.00026   73   42    0.00034    0.00021  39.7%  27.1 3530s
H11287033 873308                       0.0003415    0.00021  39.7%  27.1 3530s
H11289751 873871                       0.0003415    0.00021  39.7%  27.1 3531s
H11290065 873862                       0.0003415    0.00021  39.7%  27.1 3531s
H11294365 874420                       0.0003415    0.00021  39.7%  27.1 3532s
H11297750 874881                       0.0003415    0.00021  39.7%  27.1 3533s
 11300528 875014    0.00028   75   41    0.00034    0.00021  39.7%  27.1 3535s
 11319128 876979    0.00030   70   53    0.00034    0.00021  39.7%  27.1 3540s
H11326438 877450                       0.0003415    0.00021  39.7%  27.1 3542s
 11335096 877750    0.00021   69   54    0.00034    0.00021  39.7%  27.1 3545s
H11336221 877749                       0.0003415    0.00021  39.7%  27.1 3545s
H11348300 878726                       0.0003415    0.00021  39.7%  27.1 3548s
 11351773 879248 infeasible   54         0.00034    0.00021  39.7%  27.1 3550s
H11353085 879246                       0.0003415    0.00021  39.7%  27.1 3550s
 11370398 880594    0.00021   62   57    0.00034    0.00021  39.7%  27.0 3555s
 11387387 881348    0.00027   63   53    0.00034    0.00021  39.7%  27.0 3560s
H11406677 883017                       0.0003415    0.00021  39.7%  27.0 3564s
 11407365 883174    0.00025   61   43    0.00034    0.00021  39.7%  27.0 3565s
 11422896 884746     cutoff   76         0.00034    0.00021  39.7%  27.0 3570s
H11438086 886158                       0.0003415    0.00021  39.7%  27.0 3574s
 11441965 886312     cutoff   67         0.00034    0.00021  39.7%  27.0 3575s
 11456698 887570    0.00021   74   43    0.00034    0.00021  39.7%  27.0 3580s
 11476528 889355    0.00021   80   55    0.00034    0.00021  39.7%  27.0 3585s
 11494166 891041    0.00023   72   45    0.00034    0.00021  39.7%  27.0 3590s
 11512253 892845     cutoff   81         0.00034    0.00021  39.7%  27.0 3595s
 11526957 895027     cutoff   55         0.00034    0.00021  39.7%  27.0 3600s

Cutting planes:
  Gomory: 1
  Cover: 13
  Implied bound: 31
  Clique: 7
  MIR: 14
  Flow cover: 51
  RLT: 23
  Relax-and-lift: 14
  PSD: 1

Explored 11528579 nodes (311341386 simplex iterations) in 3600.01 seconds (1799.67 work units)
Thread count was 12 (of 12 available processors)

Solution count 10: 0.000341492 0.000341505 0.000341512 ... 0.0003442

Time limit reached
Best objective 3.414919213664e-04, best bound 2.058065039989e-04, gap 39.7331%
