
Gurobi 11.0.2 (win64) logging started Wed Oct  2 17:51:26 2024

Set parameter LogFile to value ".\Experiments\Track_k_e_2_reruns\Logs\Track_k_e_2_reruns_r1_c3.log"
Set parameter TimeLimit to value 3600
Gurobi Optimizer version 11.0.2 build v11.0.2rc0 (win64 - Windows 10.0 (19045.2))

CPU model: Intel(R) Core(TM) i7-10750H CPU @ 2.60GHz, instruction set [SSE2|AVX|AVX2]
Thread count: 6 physical cores, 12 logical processors, using up to 12 threads

Optimize a model with 256 rows, 462 columns and 930 nonzeros
Model fingerprint: 0x3b7c3447
Model has 6 quadratic objective terms
Model has 68 quadratic constraints
Model has 116 general constraints
Variable types: 458 continuous, 4 integer (4 binary)
Coefficient statistics:
  Matrix range     [9e-06, 1e+02]
  QMatrix range    [1e+00, 1e+00]
  QLMatrix range   [1e+00, 1e+00]
  Objective range  [1e-02, 2e-01]
  QObjective range [2e+00, 2e+00]
  Bounds range     [8e-05, 9e+01]
  RHS range        [8e-05, 1e+02]
  QRHS range       [1e-06, 1e-06]
Presolve added 63 rows and 0 columns
Presolve removed 0 rows and 100 columns
Presolve time: 0.02s
Presolved: 557 rows, 371 columns, 1548 nonzeros
Presolved model has 56 bilinear constraint(s)
Presolved model has 4 nonlinear constraint(s)
Warning: Model contains variables with very large bounds participating
         in nonlinear terms.
         Presolve was not able to compute smaller bounds for these variables.
         Consider bounding these variables or reformulating the model.


Solving non-convex MINLP

Variable types: 279 continuous, 92 integer (92 binary)

Root relaxation: objective 5.064736e-04, 181 iterations, 0.00 seconds (0.00 work units)

    Nodes    |    Current Node    |     Objective Bounds      |     Work
 Expl Unexpl |  Obj  Depth IntInf | Incumbent    BestBd   Gap | It/Node Time

     0     0    0.00051    0   51          -    0.00051      -     -    0s
     0     0    0.00051    0   30          -    0.00051      -     -    0s
     0     0    0.00051    0   31          -    0.00051      -     -    0s
     0     0    0.00051    0   24          -    0.00051      -     -    0s
     0     0    0.00051    0   25          -    0.00051      -     -    0s
     0     0    0.00051    0   26          -    0.00051      -     -    0s
     0     0    0.00051    0   26          -    0.00051      -     -    0s
     0     0    0.00051    0   26          -    0.00051      -     -    0s
     0     0    0.00051    0   41          -    0.00051      -     -    0s
     0     2    0.00051    0   41          -    0.00051      -     -    0s
* 6917    65              66       0.0005065    0.00051  0.00%  16.0    3s

Cutting planes:
  Learned: 1
  Gomory: 1
  Cover: 18
  Implied bound: 73
  MIR: 1
  Flow cover: 5
  Inf proof: 4
  RLT: 18

Explored 7089 nodes (114099 simplex iterations) in 3.77 seconds (1.14 work units)
Thread count was 12 (of 12 available processors)

Solution count 1: 0.000506474 

Optimal solution found (tolerance 1.00e-04)
Best objective 5.064735850106e-04, best bound 5.064735850106e-04, gap 0.0000%

Gurobi 11.0.2 (win64) logging started Wed Oct  2 22:42:46 2024

Set parameter LogFile to value ".\Experiments\Track_k_e_2_reruns\Logs\Track_k_e_2_reruns_r1_c3.log"
Set parameter TimeLimit to value 3600
Gurobi Optimizer version 11.0.2 build v11.0.2rc0 (win64 - Windows 10.0 (19045.2))

CPU model: Intel(R) Core(TM) i7-10750H CPU @ 2.60GHz, instruction set [SSE2|AVX|AVX2]
Thread count: 6 physical cores, 12 logical processors, using up to 12 threads

Optimize a model with 250 rows, 462 columns and 924 nonzeros
Model fingerprint: 0x0c821430
Model has 6 quadratic objective terms
Model has 68 quadratic constraints
Model has 116 general constraints
Variable types: 458 continuous, 4 integer (4 binary)
Coefficient statistics:
  Matrix range     [9e-06, 1e+02]
  QMatrix range    [1e+00, 1e+00]
  QLMatrix range   [1e+00, 1e+00]
  Objective range  [1e-02, 2e-01]
  QObjective range [2e+00, 2e+00]
  Bounds range     [8e-05, 5e+00]
  RHS range        [8e-05, 1e+02]
  QRHS range       [1e-06, 1e-06]
Presolve added 60 rows and 0 columns
Presolve removed 0 rows and 97 columns
Presolve time: 0.01s
Presolved: 551 rows, 374 columns, 1543 nonzeros
Presolved model has 2 SOS constraint(s)
Presolved model has 4 quadratic objective terms
Presolved model has 57 bilinear constraint(s)
Presolved model has 4 nonlinear constraint(s)
Warning: Model contains variables with very large bounds participating
         in nonlinear terms.
         Presolve was not able to compute smaller bounds for these variables.
         Consider bounding these variables or reformulating the model.


Solving non-convex MINLP

Variable types: 284 continuous, 90 integer (90 binary)

Root relaxation: objective 2.058065e-04, 451 iterations, 0.00 seconds (0.00 work units)

    Nodes    |    Current Node    |     Objective Bounds      |     Work
 Expl Unexpl |  Obj  Depth IntInf | Incumbent    BestBd   Gap | It/Node Time

     0     0    0.00021    0   57          -    0.00021      -     -    0s
     0     0    0.00021    0   57          -    0.00021      -     -    0s
     0     0    0.00021    0  102          -    0.00021      -     -    0s
     0     0    0.00021    0  102          -    0.00021      -     -    0s
     0     0    0.00021    0   99          -    0.00021      -     -    0s
     0     0    0.00021    0   98          -    0.00021      -     -    0s
     0     0    0.00021    0  102          -    0.00021      -     -    0s
     0     0    0.00021    0   60          -    0.00021      -     -    0s
     0     2    0.00021    0   60          -    0.00021      -     -    0s
H   17    20                       0.1754349    0.00021   100%  95.4    0s
H   67    65                       0.1746610    0.00021   100%  58.6    0s
H   75    65                       0.1746610    0.00021   100%  57.3    0s
H  798   395                       0.1746609    0.00021   100%  30.0    1s
H  885   455                       0.1656740    0.00021   100%  28.7    1s
H  942   455                       0.1656740    0.00021   100%  27.6    1s
H 1240   568                       0.1656739    0.00021   100%  26.2    1s
H 1305   623                       0.1470938    0.00021   100%  26.3    1s
H 1330   623                       0.1470937    0.00021   100%  26.5    1s
* 1623   418              94       0.0097905    0.00021  97.9%  25.4    1s
H 2247   579                       0.0097905    0.00021  97.9%  27.0    2s
H 2322   577                       0.0097905    0.00021  97.9%  28.3    3s
H 3321   798                       0.0065165    0.00021  96.8%  27.8    4s
H 4019   935                       0.0065165    0.00021  96.8%  28.8    4s
H 4363   917                       0.0051705    0.00021  96.0%  29.0    4s
  5218  1302    0.00021   40   62    0.00517    0.00021  96.0%  29.3    5s
H 6203  1487                       0.0051705    0.00021  96.0%  29.6    5s
H 7825  1870                       0.0045469    0.00021  95.5%  29.3    5s
H13201  2795                       0.0045065    0.00021  95.4%  29.2    7s
H13628  2996                       0.0045065    0.00021  95.4%  29.1    7s
H16810  3553                       0.0045065    0.00021  95.4%  28.8    8s
H18836  3934                       0.0045065    0.00021  95.4%  28.8    9s
 19957  4093    0.00181   61   45    0.00451    0.00021  95.4%  28.8   10s
H20131  4093                       0.0045065    0.00021  95.4%  28.8   10s
H35282  6769                       0.0045065    0.00021  95.4%  29.5   14s
 37710  7617    0.00084   61   49    0.00451    0.00021  95.4%  29.7   15s
H44499  9088                       0.0045064    0.00021  95.4%  29.6   16s
H59254 12130                       0.0045064    0.00021  95.4%  28.0   19s
 59444 12540 infeasible   77         0.00451    0.00021  95.4%  28.0   20s
 81248 17594    0.00091   71   32    0.00451    0.00021  95.4%  27.5   25s
H88001 18498                       0.0038675    0.00021  94.7%  27.5   27s
H88078 18498                       0.0038674    0.00021  94.7%  27.5   27s
 100215 21115    0.00021   58   53    0.00387    0.00021  94.7%  27.7   30s
H117370 23561                       0.0038674    0.00021  94.7%  28.0   34s
 117948 23987    0.00021   61   55    0.00387    0.00021  94.7%  28.0   35s
 136067 27662    0.00232   83   35    0.00387    0.00021  94.7%  28.0   40s
H136212 27656                       0.0038234    0.00021  94.6%  28.0   40s
H136780 28068                       0.0038234    0.00021  94.6%  28.1   40s
H137764 28068                       0.0038234    0.00021  94.6%  28.1   40s
H146743 29662                       0.0038234    0.00021  94.6%  28.5   43s
 149711 30646    0.00033   70   39    0.00382    0.00021  94.6%  28.6   45s
H155056 31632                       0.0038233    0.00021  94.6%  28.6   45s
 167656 34477    0.00128   64   38    0.00382    0.00021  94.6%  28.7   50s
H173820 35390                       0.0038232    0.00021  94.6%  28.8   51s
H177572 35765                       0.0038232    0.00021  94.6%  29.1   53s
 181893 36578 infeasible   58         0.00382    0.00021  94.6%  29.4   55s
 200306 40154 infeasible   61         0.00382    0.00021  94.6%  29.5   60s
 219471 43686    0.00116   53   39    0.00382    0.00021  94.6%  29.6   65s
H224744 44482                       0.0038232    0.00021  94.6%  29.6   67s
 234988 46953    0.00021   55   53    0.00382    0.00021  94.6%  29.7   70s
 243687 48380    0.00171   74   42    0.00382    0.00021  94.6%  29.8   75s
 258109 51081    0.00085   70   50    0.00382    0.00021  94.6%  30.0   80s
 270965 53477    0.00021   53   39    0.00382    0.00021  94.6%  30.1   85s
 287775 56214    0.00021   55   53    0.00382    0.00021  94.6%  30.1   90s
 301071 58284 infeasible   63         0.00382    0.00021  94.6%  30.3   95s
H301088 58284                       0.0038232    0.00021  94.6%  30.3   95s

Cutting planes:
  Gomory: 2
  Cover: 8
  Implied bound: 37
  Clique: 6
  MIR: 16
  Flow cover: 45
  RLT: 22
  Relax-and-lift: 22

Explored 315637 nodes (9586957 simplex iterations) in 99.80 seconds (56.43 work units)
Thread count was 12 (of 12 available processors)

Solution count 10: 0.00382323 0.00382324 0.00386745 ... 0.0097905

Solve interrupted
Best objective 3.823225576790e-03, best bound 2.058065039989e-04, gap 94.6169%

Gurobi 11.0.2 (win64) logging started Wed Oct  2 22:45:39 2024

Set parameter LogFile to value ".\Experiments\Track_k_e_2_reruns\Logs\Track_k_e_2_reruns_r1_c3.log"
Set parameter TimeLimit to value 3600
Gurobi Optimizer version 11.0.2 build v11.0.2rc0 (win64 - Windows 10.0 (19045.2))

CPU model: Intel(R) Core(TM) i7-10750H CPU @ 2.60GHz, instruction set [SSE2|AVX|AVX2]
Thread count: 6 physical cores, 12 logical processors, using up to 12 threads

Optimize a model with 250 rows, 462 columns and 924 nonzeros
Model fingerprint: 0x0c821430
Model has 6 quadratic objective terms
Model has 68 quadratic constraints
Model has 116 general constraints
Variable types: 458 continuous, 4 integer (4 binary)
Coefficient statistics:
  Matrix range     [9e-06, 1e+02]
  QMatrix range    [1e+00, 1e+00]
  QLMatrix range   [1e+00, 1e+00]
  Objective range  [1e-02, 2e-01]
  QObjective range [2e+00, 2e+00]
  Bounds range     [8e-05, 5e+00]
  RHS range        [8e-05, 1e+02]
  QRHS range       [1e-06, 1e-06]
Presolve added 60 rows and 0 columns
Presolve removed 0 rows and 97 columns
Presolve time: 0.01s
Presolved: 551 rows, 374 columns, 1543 nonzeros
Presolved model has 2 SOS constraint(s)
Presolved model has 4 quadratic objective terms
Presolved model has 57 bilinear constraint(s)
Presolved model has 4 nonlinear constraint(s)
Warning: Model contains variables with very large bounds participating
         in nonlinear terms.
         Presolve was not able to compute smaller bounds for these variables.
         Consider bounding these variables or reformulating the model.


Solving non-convex MINLP

Variable types: 284 continuous, 90 integer (90 binary)

Root relaxation: objective 2.058065e-04, 451 iterations, 0.00 seconds (0.00 work units)

    Nodes    |    Current Node    |     Objective Bounds      |     Work
 Expl Unexpl |  Obj  Depth IntInf | Incumbent    BestBd   Gap | It/Node Time

     0     0    0.00021    0   57          -    0.00021      -     -    0s
     0     0    0.00021    0   57          -    0.00021      -     -    0s
     0     0    0.00021    0  102          -    0.00021      -     -    0s
     0     0    0.00021    0  102          -    0.00021      -     -    0s
     0     0    0.00021    0   99          -    0.00021      -     -    0s
     0     0    0.00021    0   98          -    0.00021      -     -    0s
     0     0    0.00021    0  102          -    0.00021      -     -    0s

Cutting planes:
  Gomory: 3
  Cover: 4
  Implied bound: 15
  Clique: 5
  MIR: 38
  Flow cover: 30
  RLT: 36
  Relax-and-lift: 1

Explored 1 nodes (919 simplex iterations) in 0.10 seconds (0.03 work units)
Thread count was 12 (of 12 available processors)

Solution count 0

Solve interrupted
Best objective -, best bound 2.058065039989e-04, gap -
