
Gurobi 11.0.2 (win64) logging started Mon Oct 14 03:18:45 2024

Set parameter LogFile to value ".\Experiments\Track_k_e_none_2\Logs\Track_k_e_none_2_r1_c4.log"
Set parameter TimeLimit to value 21600
Gurobi Optimizer version 11.0.2 build v11.0.2rc0 (win64 - Windows 10.0 (19045.2))

CPU model: Intel(R) Core(TM) i7-10750H CPU @ 2.60GHz, instruction set [SSE2|AVX|AVX2]
Thread count: 6 physical cores, 12 logical processors, using up to 12 threads

Optimize a model with 248 rows, 462 columns and 920 nonzeros
Model fingerprint: 0xe8e38532
Model has 6 quadratic objective terms
Model has 68 quadratic constraints
Model has 116 general constraints
Variable types: 458 continuous, 4 integer (4 binary)
Coefficient statistics:
  Matrix range     [9e-06, 1e+02]
  QMatrix range    [1e+00, 1e+00]
  QLMatrix range   [1e+00, 1e+00]
  Objective range  [1e-02, 2e-01]
  QObjective range [2e+00, 2e+00]
  Bounds range     [8e-05, 3e+00]
  RHS range        [8e-05, 1e+02]
  QRHS range       [1e-06, 1e-06]
Presolve removed 28 rows and 9 columns
Presolve time: 0.00s
Presolved: 461 rows, 462 columns, 1267 nonzeros
Presolved model has 178 SOS constraint(s)
Presolved model has 4 quadratic objective terms
Presolved model has 57 bilinear constraint(s)
Presolved model has 4 nonlinear constraint(s)
Warning: Model contains variables with very large bounds participating
         in nonlinear terms.
         Presolve was not able to compute smaller bounds for these variables.
         Consider bounding these variables or reformulating the model.


Solving non-convex MINLP

Variable types: 284 continuous, 178 integer (178 binary)

Root relaxation: objective 2.058065e-04, 457 iterations, 0.00 seconds (0.00 work units)

    Nodes    |    Current Node    |     Objective Bounds      |     Work
 Expl Unexpl |  Obj  Depth IntInf | Incumbent    BestBd   Gap | It/Node Time

     0     0    0.00021    0   98          -    0.00021      -     -    0s
     0     0    0.00021    0  114          -    0.00021      -     -    0s
     0     0    0.00021    0  114          -    0.00021      -     -    0s
     0     0    0.00021    0  114          -    0.00021      -     -    0s
     0     0    0.00021    0  116          -    0.00021      -     -    0s
     0     2    0.00021    0  116          -    0.00021      -     -    0s
 48482 15365 infeasible 1634               -    0.00021      -   5.8    5s
 117172 23933    0.00084  192   33          -    0.00021      -   6.2   10s
 182288 40572    0.00084  198   30          -    0.00021      -   9.9   15s
 251873 57947    5.58873  158   28          -    0.00021      -  10.1   20s
 327192 73863 infeasible  131               -    0.00021      -   9.9   25s
 406219 83781    0.00021  172   30          -    0.00021      -  10.0   30s
 489952 98004 infeasible  178               -    0.00021      -  10.7   35s
 563121 112903    0.00021  156   31          -    0.00021      -  10.9   40s
 636834 127179 infeasible  142               -    0.00021      -  10.8   45s
 712896 137886    5.58873  176   28          -    0.00021      -  10.8   50s
 793483 148045 infeasible  173               -    0.00021      -  10.7   55s
 879565 158968    0.00021  183   30          -    0.00021      -  10.7   60s
 959103 170569    0.00025  160   29          -    0.00021      -  10.6   65s
 1044659 188969    0.00256  167   26          -    0.00021      -  10.3   70s
 1123507 207186    0.00021  153   29          -    0.00021      -  10.1   75s
 1210293 229704 infeasible  170               -    0.00021      -  10.0   80s
 1298380 252258    0.00021  159   27          -    0.00021      -   9.8   85s
 1383667 268973 infeasible  192               -    0.00021      -   9.7   90s
 1465028 289436    0.00084  155   23          -    0.00021      -   9.6   95s
 1549010 309865    0.00021  170   26          -    0.00021      -   9.4  100s
 1632174 334956    0.01074  170   27          -    0.00021      -   9.3  105s
 1714269 361772    0.00084  171   25          -    0.00021      -   9.2  110s
 1800999 386153 infeasible  176               -    0.00021      -   9.2  115s
 1885220 409182 infeasible  159               -    0.00021      -   9.1  120s
 1969677 431665    0.00021  178   31          -    0.00021      -   9.0  125s
 2052753 454761    0.00021  168   35          -    0.00021      -   8.9  130s
 2136747 477686    0.00021  151   35          -    0.00021      -   8.9  135s
 2210852 498965 infeasible  185               -    0.00021      -   8.8  140s
 2289837 519481 infeasible  189               -    0.00021      -   8.8  145s
 2373065 545143    0.00084  191   22          -    0.00021      -   8.8  150s
 2456245 570249    0.00256  153   30          -    0.00021      -   8.7  155s
 2533570 595926    0.00021  159   34          -    0.00021      -   8.6  160s
 2619688 620191    0.00021  171   25          -    0.00021      -   8.6  165s
 2694543 642931 infeasible  169               -    0.00021      -   8.6  170s
 2779868 668398    0.00021  149   29          -    0.00021      -   8.6  175s
 2862102 689005    0.00021  176   28          -    0.00021      -   8.6  180s
 2951524 711832 infeasible  173               -    0.00021      -   8.6  185s
 3034666 735912    0.00021  173   29          -    0.00021      -   8.6  190s
 3119391 760066    0.00021  164   33          -    0.00021      -   8.6  195s
 3200346 785930    0.00021  175   28          -    0.00021      -   8.6  200s
 3281316 809805 infeasible  135               -    0.00021      -   8.6  205s
 3361406 833611    0.00084  144   30          -    0.00021      -   8.6  210s
 3438029 852066 infeasible  156               -    0.00021      -   8.7  215s
 3507565 874994    0.00084  149   27          -    0.00021      -   8.8  220s
 3581254 895212    0.00021  204   27          -    0.00021      -   8.9  225s
 3670843 906256 infeasible  179               -    0.00021      -   8.8  230s
 3751520 920892    0.00021  145   30          -    0.00021      -   8.7  235s
 3830927 945581    0.00021  170   27          -    0.00021      -   8.7  240s
 3912774 970300    0.00021  163   32          -    0.00021      -   8.6  245s
 3996126 993439 infeasible  171               -    0.00021      -   8.6  250s
 4076971 1016036    0.00021  173   25          -    0.00021      -   8.6  255s
 4144935 1034590    0.00021  175   29          -    0.00021      -   8.6  260s
