
Gurobi 11.0.2 (win64) logging started Sun Oct 13 21:18:21 2024

Set parameter LogFile to value ".\Experiments\Track_k_e_none_2\Logs\Track_k_e_none_2_r1_c2.log"
Set parameter TimeLimit to value 21600
Gurobi Optimizer version 11.0.2 build v11.0.2rc0 (win64 - Windows 10.0 (19045.2))

CPU model: Intel(R) Core(TM) i7-10750H CPU @ 2.60GHz, instruction set [SSE2|AVX|AVX2]
Thread count: 6 physical cores, 12 logical processors, using up to 12 threads

Optimize a model with 252 rows, 462 columns and 924 nonzeros
Model fingerprint: 0x8450b018
Model has 6 quadratic objective terms
Model has 68 quadratic constraints
Model has 116 general constraints
Variable types: 458 continuous, 4 integer (4 binary)
Coefficient statistics:
  Matrix range     [9e-06, 1e+02]
  QMatrix range    [1e+00, 1e+00]
  QLMatrix range   [1e+00, 1e+00]
  Objective range  [1e-02, 2e-01]
  QObjective range [2e+00, 2e+00]
  Bounds range     [8e-05, 3e+00]
  RHS range        [8e-05, 1e+02]
  QRHS range       [1e-06, 1e-06]
Presolve removed 46 rows and 49 columns
Presolve time: 0.00s
Presolved: 345 rows, 420 columns, 1008 nonzeros
Presolved model has 178 SOS constraint(s)
Presolved model has 2 quadratic objective terms
Presolved model has 31 bilinear constraint(s)
Presolved model has 4 nonlinear constraint(s)
Warning: Model contains variables with very large bounds participating
         in nonlinear terms.
         Presolve was not able to compute smaller bounds for these variables.
         Consider bounding these variables or reformulating the model.


Solving non-convex MINLP

Variable types: 242 continuous, 178 integer (178 binary)

Root relaxation: objective 3.053145e-04, 419 iterations, 0.00 seconds (0.00 work units)

    Nodes    |    Current Node    |     Objective Bounds      |     Work
 Expl Unexpl |  Obj  Depth IntInf | Incumbent    BestBd   Gap | It/Node Time

     0     0    0.00031    0   88          -    0.00031      -     -    0s
     0     0    0.00031    0   92          -    0.00031      -     -    0s
     0     0    0.00031    0   90          -    0.00031      -     -    0s
     0     0    0.00031    0   90          -    0.00031      -     -    0s
     0     0    0.00031    0   90          -    0.00031      -     -    0s
     0     0    0.00031    0   90          -    0.00031      -     -    0s
     0     0    0.00031    0   90          -    0.00031      -     -    0s
     0     0    0.00031    0  100          -    0.00031      -     -    0s
     0     2    0.00031    0  100          -    0.00031      -     -    0s
