
Gurobi 11.0.2 (win64) logging started Sun Oct 13 21:12:12 2024

Set parameter LogFile to value ".\Experiments\Track_k_e_none_2\Logs\Track_k_e_none_2_r1_c1.log"
Set parameter TimeLimit to value 21600
Gurobi Optimizer version 11.0.2 build v11.0.2rc0 (win64 - Windows 10.0 (19045.2))

CPU model: Intel(R) Core(TM) i7-10750H CPU @ 2.60GHz, instruction set [SSE2|AVX|AVX2]
Thread count: 6 physical cores, 12 logical processors, using up to 12 threads

Optimize a model with 248 rows, 462 columns and 920 nonzeros
Model fingerprint: 0xc6f14063
Model has 6 quadratic objective terms
Model has 68 quadratic constraints
Model has 116 general constraints
Variable types: 458 continuous, 4 integer (4 binary)
Coefficient statistics:
  Matrix range     [9e-06, 1e+02]
  QMatrix range    [1e+00, 1e+00]
  QLMatrix range   [1e+00, 1e+00]
  Objective range  [1e-02, 2e-01]
  QObjective range [2e+00, 2e+00]
  Bounds range     [8e-05, 9e+01]
  RHS range        [8e-05, 1e+02]
  QRHS range       [1e-06, 1e-06]
Presolve added 36 rows and 0 columns
Presolve removed 0 rows and 73 columns
Presolve time: 0.01s
Presolved: 525 rows, 398 columns, 1459 nonzeros
Presolved model has 50 SOS constraint(s)
Presolved model has 4 quadratic objective terms
Presolved model has 57 bilinear constraint(s)
Presolved model has 4 nonlinear constraint(s)
Warning: Model contains variables with very large bounds participating
         in nonlinear terms.
         Presolve was not able to compute smaller bounds for these variables.
         Consider bounding these variables or reformulating the model.


Solving non-convex MINLP

Variable types: 284 continuous, 114 integer (114 binary)

Root relaxation: objective 2.058065e-04, 417 iterations, 0.00 seconds (0.00 work units)

    Nodes    |    Current Node    |     Objective Bounds      |     Work
 Expl Unexpl |  Obj  Depth IntInf | Incumbent    BestBd   Gap | It/Node Time

     0     0    0.00021    0   44          -    0.00021      -     -    0s
     0     0    0.00021    0   74          -    0.00021      -     -    0s
     0     0    0.00021    0   90          -    0.00021      -     -    0s
     0     0    0.00021    0   93          -    0.00021      -     -    0s
     0     0    0.00021    0   91          -    0.00021      -     -    0s
     0     0    0.00021    0   96          -    0.00021      -     -    0s
     0     0    0.00021    0   95          -    0.00021      -     -    0s
     0     2    0.00021    0   95          -    0.00021      -     -    0s
 14302  5035    0.00021   53   53          -    0.00021      -  46.7    5s
 33576 11337 infeasible   67               -    0.00021      -  43.1   10s
 48274 18319 infeasible   66               -    0.00021      -  44.5   15s
 67704 26273    0.00428   73   48          -    0.00021      -  42.6   20s
 85737 33869    0.00084   74   37          -    0.00021      -  43.4   25s
 105761 40692    0.00084   87   35          -    0.00021      -  44.3   30s
H119707 28799                       0.0017173    0.00021  88.0%  43.7   32s
H121215 28760                       0.0017173    0.00021  88.0%  43.7   33s
H124080 27461                       0.0013993    0.00021  85.3%  43.8   34s
H125466 24664                       0.0011448    0.00021  82.0%  43.8   34s
H125811 24664                       0.0011448    0.00021  82.0%  43.9   34s
H126967 24606                       0.0011448    0.00021  82.0%  43.9   35s
H126968 24606                       0.0011448    0.00021  82.0%  43.9   35s
H126977 24606                       0.0011448    0.00021  82.0%  43.9   35s
H126985 24606                       0.0011448    0.00021  82.0%  43.9   35s
*127640 24668             120       0.0011224    0.00021  81.7%  44.0   36s
*127641 24668             120       0.0011224    0.00021  81.7%  44.0   36s
H130390 25234                       0.0011224    0.00021  81.7%  44.1   37s
H130828 23445                       0.0010213    0.00021  79.8%  44.1   37s
H133299 23950                       0.0010213    0.00021  79.8%  44.1   39s
H133300 22646                       0.0009515    0.00021  78.4%  44.1   39s
H133337 23062                       0.0009506    0.00021  78.3%  44.1   39s
 135264 23298    0.00024   92   44    0.00095    0.00021  78.3%  44.2   40s
H135784 23279                       0.0009498    0.00021  78.3%  44.2   40s
H136138 23279                       0.0009498    0.00021  78.3%  44.2   40s
H139022 23610                       0.0009498    0.00021  78.3%  44.2   41s
 147454 25039    0.00062   90   49    0.00095    0.00021  78.3%  44.3   45s
 156478 26639    0.00022   65   61    0.00095    0.00021  78.3%  44.1   50s
 168483 28928     cutoff   84         0.00095    0.00021  78.3%  43.6   55s
 178658 30569    0.00021   56   65    0.00095    0.00021  78.3%  43.2   60s
H184959 31632                       0.0009497    0.00021  78.3%  42.9   62s
 189414 32402    0.00021   71   52    0.00095    0.00021  78.3%  42.7   65s
H189427 32176                       0.0009383    0.00021  78.1%  42.7   65s
H189944 31889                       0.0009167    0.00021  77.5%  42.7   65s
H195235 32869                       0.0009167    0.00021  77.5%  42.5   68s
H195425 32675                       0.0009098    0.00021  77.4%  42.4   68s
H198598 33106                       0.0009055    0.00021  77.3%  42.3   69s
 201557 33483     cutoff   81         0.00091    0.00021  77.3%  42.2   71s
H204447 33913                       0.0009055    0.00021  77.3%  42.3   72s
H209812 34603                       0.0009055    0.00021  77.3%  42.1   74s
 211673 35555    0.00038   64   51    0.00091    0.00021  77.3%  42.0   75s
 223527 39450 infeasible   79         0.00091    0.00021  77.3%  41.3   80s
 233885 41993    0.00021   62   55    0.00091    0.00021  77.3%  40.8   85s
H234063 41993                       0.0009055    0.00021  77.3%  40.8   85s
 245691 44735     cutoff   74         0.00091    0.00021  77.3%  40.2   90s
H247159 45068                       0.0009055    0.00021  77.3%  40.1   91s
H258503 43920                       0.0008374    0.00021  75.4%  39.6   94s
H258506 43159                       0.0008363    0.00021  75.4%  39.6   94s
H258680 42862                       0.0008354    0.00021  75.4%  39.6   94s
H258702 42862                       0.0008354    0.00021  75.4%  39.6   94s
 258764 43131    0.00021   68   35    0.00084    0.00021  75.4%  39.6   95s
H258921 43131                       0.0008354    0.00021  75.4%  39.6   95s
H259287 43131                       0.0008354    0.00021  75.4%  39.6   95s
H259471 38150                       0.0008351    0.00021  75.4%  39.6   95s
H260766 38019                       0.0008350    0.00021  75.4%  39.5   96s
H260773 38005                       0.0008350    0.00021  75.4%  39.5   96s
 272333 40204    0.00036   77   48    0.00084    0.00021  75.4%  39.0  100s
 289916 45038    0.00021   82   62    0.00084    0.00021  75.4%  38.1  105s
H293274 45753                       0.0008350    0.00021  75.4%  37.9  106s
 306708 48650    0.00023   77   45    0.00084    0.00021  75.4%  37.3  110s
 321946 52054 infeasible   70         0.00084    0.00021  75.4%  36.6  115s
 337245 53887 infeasible   81         0.00084    0.00021  75.4%  36.1  120s
H346266 54579                       0.0008350    0.00021  75.4%  35.8  122s
 348797 55012     cutoff   55         0.00084    0.00021  75.4%  35.8  125s
 364461 57624    0.00025   78   44    0.00084    0.00021  75.4%  35.5  130s
 382529 62369     cutoff   93         0.00084    0.00021  75.4%  35.0  135s
 398567 66182    0.00021   80   61    0.00084    0.00021  75.4%  34.5  140s
 414273 68608     cutoff   83         0.00084    0.00021  75.4%  34.2  145s
 428313 70542     cutoff   81         0.00084    0.00021  75.4%  33.9  150s
 443283 72106    0.00021   58   45    0.00084    0.00021  75.4%  33.7  155s
 458843 73903    0.00021   69   42    0.00084    0.00021  75.4%  33.6  160s
 473469 75995     cutoff   73         0.00084    0.00021  75.4%  33.3  165s
 488381 77409 infeasible   64         0.00084    0.00021  75.4%  33.1  170s
 503283 79522    0.00021   55   47    0.00084    0.00021  75.4%  32.9  175s
 520686 82255     cutoff   47         0.00084    0.00021  75.4%  32.7  180s
 536016 84307    0.00021   69   50    0.00084    0.00021  75.4%  32.6  185s
 551085 86808    0.00021   75   57    0.00084    0.00021  75.4%  32.6  190s
 568191 89044 infeasible   65         0.00084    0.00021  75.4%  32.4  195s
 582496 91405     cutoff   77         0.00084    0.00021  75.4%  32.3  200s
H586573 85262                       0.0005973    0.00021  65.5%  32.2  201s
H591542 86087                       0.0005973    0.00021  65.5%  32.1  203s
 596013 86783    0.00021   85   64    0.00060    0.00021  65.5%  32.1  205s
H608066 86496                       0.0005669    0.00021  63.7%  31.9  209s
 610057 86923    0.00021   66   50    0.00057    0.00021  63.7%  31.9  210s
H618702 87336                       0.0005669    0.00021  63.7%  31.8  213s
H618724 87336                       0.0005669    0.00021  63.7%  31.8  213s
 622161 88265 infeasible   87         0.00057    0.00021  63.7%  31.8  215s
H623444 88265                       0.0005669    0.00021  63.7%  31.7  215s
H624648 89209                       0.0005669    0.00021  63.7%  31.7  215s
H627182 89410                       0.0005669    0.00021  63.7%  31.7  216s
H630185 90101                       0.0005625    0.00021  63.4%  31.7  218s
 633684 91683    0.00022   77   54    0.00056    0.00021  63.4%  31.6  220s
H643914 93928                       0.0005625    0.00021  63.4%  31.5  223s
H643915 93928                       0.0005625    0.00021  63.4%  31.5  223s
H643917 89936                       0.0004672    0.00021  56.0%  31.5  223s
H645578 90298                       0.0004672    0.00021  56.0%  31.5  224s
H645615 90298                       0.0004672    0.00021  55.9%  31.5  224s
 648256 90879     cutoff   62         0.00047    0.00021  55.9%  31.5  225s
 664933 92064 infeasible   67         0.00047    0.00021  55.9%  31.3  230s
H672493 87280                       0.0003838    0.00021  46.4%  31.3  232s
H674106 87496                       0.0003838    0.00021  46.4%  31.3  233s
 677528 87565    0.00026   48   47    0.00038    0.00021  46.4%  31.2  235s
 691653 88792    0.00021   61   52    0.00038    0.00021  46.4%  31.1  240s
 707360 93348     cutoff   75         0.00038    0.00021  46.4%  31.1  245s
 725124 96317    0.00021   70   53    0.00038    0.00021  46.4%  31.0  250s
H730697 97175                       0.0003838    0.00021  46.4%  30.9  252s
 738915 98175    0.00021   57   43    0.00038    0.00021  46.4%  30.8  255s
 754434 101634    0.00021   71   64    0.00038    0.00021  46.4%  30.7  260s
H759213 101777                       0.0003838    0.00021  46.4%  30.7  261s
H760961 102102                       0.0003838    0.00021  46.4%  30.6  262s
 767956 102768     cutoff   81         0.00038    0.00021  46.4%  30.6  265s
 784564 104657    0.00021   89   45    0.00038    0.00021  46.4%  30.4  270s
 801134 106193    0.00021   91   49    0.00038    0.00021  46.4%  30.3  275s
H814532 106845                       0.0003838    0.00021  46.4%  30.2  278s
 818215 107224    0.00021   82   51    0.00038    0.00021  46.4%  30.1  280s
 835998 108796    0.00023   91   47    0.00038    0.00021  46.4%  30.0  285s
 853153 109762 infeasible   99         0.00038    0.00021  46.4%  29.8  290s
 866597 110976     cutoff   95         0.00038    0.00021  46.4%  29.7  295s
H880530 111767                       0.0003838    0.00021  46.4%  29.6  298s
H882816 111823                       0.0003838    0.00021  46.4%  29.6  299s
 883421 111948 infeasible   83         0.00038    0.00021  46.4%  29.6  300s
 900988 113214    0.00021   84   41    0.00038    0.00021  46.4%  29.6  305s
 916002 113977    0.00022   74   48    0.00038    0.00021  46.4%  29.5  310s
 931404 115086 infeasible   82         0.00038    0.00021  46.4%  29.4  315s
 950291 116569    0.00021   64   53    0.00038    0.00021  46.4%  29.3  320s
 965660 119773 infeasible   95         0.00038    0.00021  46.4%  29.3  325s
H965674 118859                       0.0003755    0.00021  45.2%  29.3  325s
H967211 119250                       0.0003754    0.00021  45.2%  29.3  326s
H967565 119033                       0.0003734    0.00021  44.9%  29.3  326s
H970180 119655                       0.0003731    0.00021  44.8%  29.2  328s
*970885 118643             104       0.0003643    0.00021  43.5%  29.2  328s
*972552 117208             111       0.0003501    0.00021  41.2%  29.2  328s
 976476 117640    0.00021   72   52    0.00035    0.00021  41.2%  29.2  330s
H976486 117640                       0.0003501    0.00021  41.2%  29.2  330s
H976539 117629                       0.0003501    0.00021  41.2%  29.2  330s
H976540 117629                       0.0003500    0.00021  41.2%  29.2  330s
H979450 118528                       0.0003500    0.00021  41.2%  29.2  331s
 989629 120187    0.00021   74   49    0.00035    0.00021  41.2%  29.2  335s
 1007176 122272     cutoff   91         0.00035    0.00021  41.2%  29.1  340s
 1020762 124170    0.00028   91   44    0.00035    0.00021  41.2%  29.0  345s
H1020779 124170                       0.0003500    0.00021  41.2%  29.0  345s
H1034543 125789                       0.0003468    0.00021  40.6%  28.9  349s
 1035686 125970    0.00021   96   38    0.00035    0.00021  40.6%  28.9  350s
*1037251 126370             104       0.0003467    0.00021  40.6%  28.9  350s
*1037252 126343             104       0.0003465    0.00021  40.6%  28.9  350s
H1045747 114943                       0.0002891    0.00021  28.8%  28.8  353s
H1045748 85373                       0.0002192    0.00021  6.13%  28.8  353s
H1047860 85532                       0.0002192    0.00021  6.13%  28.8  354s
H1049543 85661                       0.0002192    0.00021  6.13%  28.8  354s
H1050113 85661                       0.0002192    0.00021  6.13%  28.8  354s
 1050402 85767    0.00021  102   42    0.00022    0.00021  6.13%  28.8  355s
H1055296 79621                       0.0002143    0.00021  3.98%  28.8  357s
H1065019 80274                       0.0002143    0.00021  3.98%  28.7  359s
 1065294 80389     cutoff   85         0.00021    0.00021  3.98%  28.7  360s
H1070354 80486                       0.0002143    0.00021  3.98%  28.7  362s
 1077338 80835    0.00021   77   44    0.00021    0.00021  3.98%  28.7  365s
H1091366 51955                       0.0002067    0.00021  0.43%  28.6  368s
H1091373 36764                       0.0002058    0.00021  0.01%  28.6  368s

Cutting planes:
  Gomory: 3
  Cover: 13
  Implied bound: 23
  Clique: 5
  MIR: 26
  Flow cover: 63
  RLT: 24
  Relax-and-lift: 19

Explored 1091379 nodes (31217095 simplex iterations) in 368.87 seconds (189.10 work units)
Thread count was 12 (of 12 available processors)

Solution count 10: 0.00020582 0.000206704 0.000214346 ... 0.000350035

Optimal solution found (tolerance 1.00e-04)
Best objective 2.058197762788e-04, best bound 2.058065039990e-04, gap 0.0064%
