
Gurobi 11.0.2 (win64) logging started Tue Nov  5 04:56:19 2024

Set parameter LogFile to value ".\Experiments\Verification_16\Logs\vit_6_2_6_12_i4_r3_c3.log"
Set parameter TimeLimit to value 43200
Gurobi Optimizer version 11.0.2 build v11.0.2rc0 (win64 - Windows 10.0 (19045.2))

CPU model: Intel(R) Core(TM) i7-10750H CPU @ 2.60GHz, instruction set [SSE2|AVX|AVX2]
Thread count: 6 physical cores, 12 logical processors, using up to 12 threads

Optimize a model with 2925 rows, 4537 columns and 10536 nonzeros
Model fingerprint: 0x9fc17843
Model has 1238 quadratic constraints
Model has 420 general constraints
Variable types: 4237 continuous, 300 integer (300 binary)
Coefficient statistics:
  Matrix range     [1e-05, 1e+02]
  QMatrix range    [1e+00, 1e+00]
  QLMatrix range   [1e+00, 1e+00]
  Objective range  [1e+00, 1e+00]
  Bounds range     [1e-226, 5e+02]
  RHS range        [2e-03, 1e+02]
  QRHS range       [1e-06, 1e-06]
Presolve removed 1710 rows and 1918 columns
Presolve time: 0.04s
Presolved: 6963 rows, 2620 columns, 19507 nonzeros
Presolved model has 1113 bilinear constraint(s)
Presolved model has 288 nonlinear constraint(s)
Warning: Model contains variables with very large bounds participating
         in nonlinear terms.
         Presolve was not able to compute smaller bounds for these variables.
         Consider bounding these variables or reformulating the model.


Solving non-convex MINLP

Variable types: 2351 continuous, 269 integer (269 binary)

Root relaxation: objective -4.100563e+01, 2568 iterations, 0.11 seconds (0.11 work units)

    Nodes    |    Current Node    |     Objective Bounds      |     Work
 Expl Unexpl |  Obj  Depth IntInf | Incumbent    BestBd   Gap | It/Node Time

     0     0  -41.00563    0 1113          -  -41.00563      -     -    0s
     0     0  -41.00563    0 1119          -  -41.00563      -     -    0s
     0     0  -41.00563    0 1110          -  -41.00563      -     -    0s
     0     0  -41.00563    0 1110          -  -41.00563      -     -    0s
     0     0  -41.00563    0 1102          -  -41.00563      -     -    1s
     0     0  -41.00563    0 1103          -  -41.00563      -     -    1s
     0     0  -41.00563    0 1104          -  -41.00563      -     -    1s
     0     0  -41.00563    0 1103          -  -41.00563      -     -    1s
     0     0  -41.00563    0 1103          -  -41.00563      -     -    1s
     0     0  -41.00563    0 1105          -  -41.00563      -     -    1s
     0     0  -41.00563    0 1110          -  -41.00563      -     -    1s
     0     0  -41.00563    0 1101          -  -41.00563      -     -    1s
     0     0  -41.00563    0 1032          -  -41.00563      -     -    6s
     0     2  -41.00563    0 1032          -  -41.00563      -     -   14s
     9    14  -41.00563    4 1017          -  -41.00563      -   963   15s
   190   380  -41.00563   24 1003          -  -41.00563      -   407   21s
   401   663  -41.00563   53 1004          -  -41.00563      -   298   25s
   714  1106  -41.00563   72  997          -  -41.00563      -   313   30s
  1542  1691  -41.00563  139  991          -  -41.00563      -   302   38s
  1846  2013  -41.00563   35 1025          -  -41.00563      -   314   42s
  2260  2330  -41.00563   69 1021          -  -41.00563      -   327   48s
  2636  2332  -41.00562  107   10          -  -41.00562      -   333   57s
  2642  2336  -41.00562  113    2          -  -41.00562      -   333   60s
  2652  2343  -41.00562  160    0          -  -41.00562      -   331   65s
  2653  2344  -41.00562   38    0          -  -41.00562      -   331   70s
  2656  2347  -41.00562   15  936          -  -41.00562      -   339   80s
  2772  2427  -41.00562   26  935          -  -41.00562      -   356   85s
  2881  2559  -41.00562   34  934          -  -41.00562      -   377   93s
  3003  2784  -41.00562   43  933          -  -41.00562      -   407  102s
  3374  2884  -41.00562   67  942          -  -41.00562      -   441  110s
  3700  3125  -41.00127   88  987          -  -41.00562      -   482  119s
  4156  3175  -41.00127  109  983          -  -41.00562      -   504  128s
  4431  3293  -41.00127  134 1036          -  -41.00562      -   541  136s
  4659  3470  -41.00127  149 1025          -  -41.00562      -   577  145s
  4989  3606  -41.00127  178 1022          -  -41.00562      -   611  154s
  5327  3474 infeasible  210               -  -41.00562      -   644  168s
  5358  3773 infeasible   20               -  -41.00562      -   646  178s
  5691  3963  -41.00562   42  933          -  -41.00562      -   680  190s
  6036  4242  -40.99254   77 1191          -  -41.00562      -   714  201s
  6514  4472  -41.00562   61  936          -  -41.00562      -   734  213s
  6969  4790  -41.00562   96  942          -  -41.00562      -   757  226s
  7585  5045  -41.00562  128 1025          -  -41.00562      -   763  239s
  8288  5205  -41.00562  162 1020          -  -41.00562      -   758  254s
  8749  5513  -41.00562  189 1035          -  -41.00562      -   777  267s
  9295  5708  -41.00562   24  942          -  -41.00562      -   791  285s
  9692  6077  -41.00562   38  925          -  -41.00562      -   814  300s
 10217  6575  -41.00562   61  931          -  -41.00562      -   833  315s
 10873  7093  -41.00562   77  985          -  -41.00562      -   841  331s
 11733  7515  -41.00562  104 1004          -  -41.00562      -   836  347s
 12293  7963  -41.00562  131 1009          -  -41.00562      -   851  364s
 12824  8467  -41.00562  154 1057          -  -41.00562      -   869  382s
 13489  8715  -41.00562  181 1038          -  -41.00562      -   880  402s
 13827  9274  -41.00562  182 1108          -  -41.00562      -   881  425s
 14654  9888  -41.00562   37  953          -  -41.00562      -   884  444s
 15390 10623  -41.00562   87  982          -  -41.00562      -   895  467s
 16502 11298  -41.00562  138 1113          -  -41.00562      -   886  488s
 17489 12026  -41.00562   80 1030          -  -41.00562      -   887  510s
 18481 12550  -41.00562  135 1021          -  -41.00562      -   886  532s
 19538 13102  -41.00562  176 1037          -  -41.00562      -   882  553s
 20312 13681  -41.00562   85  969          -  -41.00562      -   890  576s
 20966 14352  -41.00562   96  961          -  -41.00562      -   903  598s
 21785 14745  -41.00562  151 1070          -  -41.00562      -   909  622s
 22243 15421  -41.00562  178 1007          -  -41.00562      -   912  649s
 23214 16113  -41.00562  254 1027          -  -41.00562      -   915  672s
 24109 16695  -41.00562   50  933          -  -41.00562      -   918  695s
 25075 17350  -41.00562  100 1025          -  -41.00562      -   918  718s
 26070 17953  -41.00562  158  999          -  -41.00562      -   917  741s
 27129 18619  -41.00562  197  956          -  -41.00562      -   915  763s
 28287 19007  -41.00562  102 1029          -  -41.00562      -   908  789s
 29228 19564 infeasible  153               -  -41.00562      -   906  811s
 30031 20152  -41.00562  196 1049          -  -41.00562      -   910  834s
 30952 20315  -41.00562  189  970          -  -41.00562      -   911  857s
 31494 20836 infeasible  189               -  -41.00562      -   909  879s
 32263 21302  -41.00562  222 1029          -  -41.00562      -   914  903s
 33365 21794  -41.00562   43  916          -  -41.00562      -   912  926s
 34491 22450 infeasible   67               -  -41.00562      -   907  950s
 35378 22980  -41.00562  104 1018          -  -41.00562      -   906  974s
 36164 23565  -41.00562  154 1030          -  -41.00562      -   910  996s
 37099 24188  -41.00562  190 1027          -  -41.00562      -   910 1018s
 38189 24674  -41.00562  153 1061          -  -41.00562      -   906 1041s
 39121 24930  -41.00562  183 1048          -  -41.00562      -   905 1063s
 39493 25417  -41.00562  210 1030          -  -41.00562      -   906 1086s
 40390 25771  -41.00562   39  939          -  -41.00562      -   906 1107s
 41439 26256  -41.00562   89 1005          -  -41.00562      -   902 1130s
 42304 26771  -41.00562  127 1064          -  -41.00562      -   903 1155s
 42978 27497  -41.00562  170 1087          -  -41.00562      -   909 1182s
 43936 28107  -41.00562  214 1108          -  -41.00562      -   911 1206s
 44830 28881  -41.00562  100  978          -  -41.00562      -   913 1230s
 45814 29575  -41.00562   77  944          -  -41.00562      -   914 1255s
 46794 30177  -41.00562  131 1003          -  -41.00562      -   913 1279s
 47604 30544  -41.00562  171 1069          -  -41.00562      -   916 1304s
 48149 31235  -41.00562  195 1020          -  -41.00562      -   917 1329s
 49214 31738  -41.00562  204 1063          -  -41.00562      -   917 1353s
 50154 32441  -41.00562   75  984          -  -41.00562      -   919 1379s
 51433 33142  -41.00562  120 1031          -  -41.00562      -   913 1404s
 52552 33761  -41.00562  162 1097          -  -41.00562      -   911 1432s
 54178 34035 infeasible  179               -  -41.00562      -   900 1453s
 55806 34275 infeasible  199               -  -41.00562      -   887 1476s
 57106 34682  -41.00562   67 1015          -  -41.00562      -   879 1495s
 57869 34903  -41.00562  106  990          -  -41.00562      -   880 1520s
 58532 35303 infeasible  156               -  -41.00562      -   877 1542s
 59315 35801  -41.00562   82 1038          -  -41.00562      -   879 1572s
 60147 36417  -41.00562  135 1030          -  -41.00562      -   882 1596s
 60999 36930  -41.00562   72  966          -  -41.00562      -   885 1621s
 61844 37504  -41.00562  133 1017          -  -41.00562      -   887 1645s
 62578 38409  -41.00562  165 1041          -  -41.00562      -   892 1670s
 63829 39115  -41.00562   81  968          -  -41.00562      -   890 1696s
 64683 39795  -41.00562  142 1023          -  -41.00562      -   893 1721s
 65573 40136  -41.00562  163 1113          -  -41.00562      -   896 1750s
 66122 40639 infeasible  162               -  -41.00562      -   897 1778s
 67257 41295  -41.00562   99 1030          -  -41.00562      -   897 1808s
 68071 41854  -41.00562  152 1014          -  -41.00562      -   901 1836s
 69016 42518  -41.00562   49  945          -  -41.00562      -   903 1863s
 70057 43046  -41.00562   94  974          -  -41.00562      -   903 1891s
 71063 43517  -41.00562  114 1001          -  -41.00562      -   903 1917s
 72114 43930  -41.00562  162 1064          -  -41.00562      -   904 1945s
 72967 44354  -41.00562  176 1037          -  -41.00562      -   905 1977s
 73483 44953 infeasible  202               -  -41.00562      -   908 2006s
 74352 45678  -41.00562   82 1016          -  -41.00562      -   912 2036s
 75821 46188  -41.00562  139 1044          -  -41.00562      -   909 2065s
 77139 46921  -41.00562  200 1058          -  -41.00562      -   906 2097s
 78568 47347  -41.00562  170 1049          -  -41.00562      -   903 2124s
 80410 47776  -41.00562  161 1045          -  -41.00562      -   893 2150s
 81577 48469  -41.00562   80  994          -  -41.00562      -   891 2176s
 82716 48722  -41.00562  129 1034          -  -41.00562      -   890 2203s
 83368 49245  -41.00562  142 1071          -  -41.00562      -   890 2229s
 84219 49787  -41.00562  160 1068          -  -41.00562      -   891 2256s
 84951 50466  -41.00562  185 1063          -  -41.00562      -   895 2284s
 85915 50976  -41.00562  216 1143          -  -41.00562      -   895 2311s
 87263 51378 infeasible  193               -  -41.00562      -   893 2338s
 88129 51581 infeasible  206               -  -41.00562      -   894 2368s
 88816 51925  -41.00562  208 1094          -  -41.00562      -   897 2397s
 89436 52220  -41.00562  237 1060          -  -41.00562      -   897 2429s
 90190 52444  -41.00562  253 1094          -  -41.00562      -   899 2458s
 91130 52737  -41.00562  196 1111          -  -41.00562      -   901 2489s
 92055 52999  -41.00562  190 1060          -  -41.00562      -   903 2520s
 93083 53141 infeasible  253               -  -41.00562      -   904 2552s
 94182 53298  -41.00562  240 1058          -  -41.00562      -   903 2584s
 94999 53382 infeasible  249               -  -41.00562      -   904 2616s
 96041 53478 infeasible  234               -  -41.00562      -   905 2658s
 96513 53623 infeasible  203               -  -41.00562      -   908 2692s
 97348 53763 infeasible  197               -  -41.00562      -   911 2728s
 98179 53886 infeasible  241               -  -41.00562      -   913 2763s
 99215 53911  -41.00562  181 1072          -  -41.00562      -   914 2800s
 100215 54097  -41.00562  197 1058          -  -41.00562      -   915 2835s
 101500 54188 infeasible  207               -  -41.00562      -   914 2871s
 102154 54314  -41.00562  205 1059          -  -41.00562      -   914 2913s
 103045 54404 infeasible  222               -  -41.00562      -   916 2956s
 104203 54112 infeasible  216               -  -41.00562      -   916 2993s
 104935 54288 infeasible  213               -  -41.00562      -   917 3037s
 105982 54470  -40.98626  224 1066          -  -41.00562      -   918 3075s
 106868 54334  -41.00562  211 1032          -  -41.00562      -   921 3124s
 107464 54684 infeasible  168               -  -41.00562      -   921 3170s
 108699 54784  -41.00562  224 1074          -  -41.00562      -   922 3209s
 109893 54932 infeasible  233               -  -41.00562      -   922 3256s
 111009 55043 infeasible  211               -  -41.00562      -   924 3302s
 112286 55046  -41.00562  253 1070          -  -41.00562      -   926 3352s
 113786 55378  -41.00562  252 1097          -  -41.00562      -   924 3403s
 115682 55638  -41.00562  244 1126          -  -41.00562      -   921 3450s
 117059 55855  -41.00562  178 1088          -  -41.00562      -   921 3493s
 118500 56475 infeasible  212               -  -41.00562      -   921 3536s
 119598 56802  -41.00562  113  948          -  -41.00562      -   924 3582s
 120139 57174  -41.00562  154 1018          -  -41.00562      -   926 3647s
 121265 57511 infeasible  201               -  -41.00562      -   928 3710s
 122582 57891  -41.00562   45  994          -  -41.00562      -   930 3757s
 123539 58291  -41.00562  126 1002          -  -41.00562      -   934 3819s
 124577 58036  -41.00562  180 1010          -  -41.00562      -   937 3890s
 125623 58924  -41.00562  158 1077          -  -41.00562      -   939 3944s
 126895 59753  -41.00562  119  998          -  -41.00562      -   945 4000s
 128402 60288  -41.00562  131 1032          -  -41.00562      -   948 4061s
 129741 61288  -41.00562   83  965          -  -41.00562      -   949 4117s
 131090 62259  -41.00562  161 1028          -  -41.00562      -   954 4173s
 132543 62820  -41.00562  196 1081          -  -41.00562      -   957 4229s
 134118 63296 infeasible  175               -  -41.00562      -   959 4288s
 134860 64251  -41.00562   93 1010          -  -41.00562      -   962 4344s
 136160 64946 infeasible  175               -  -41.00562      -   965 4416s
 137806 65668  -41.00562   54  937          -  -41.00562      -   967 4480s
 139300 66586  -41.00562  129 1050          -  -41.00562      -   969 4537s
 140882 67179  -41.00562  156 1032          -  -41.00562      -   971 4593s
 142621 67896 infeasible  206               -  -41.00562      -   970 4648s
 144580 68493 infeasible  196               -  -41.00562      -   969 4700s
 146382 69255  -41.00562   64  973          -  -41.00562      -   966 4750s
 148046 70289 infeasible  131               -  -41.00562      -   965 4799s
 150642 71130 infeasible  185               -  -41.00562      -   958 4842s
 153253 71967  -41.00562  175  977          -  -41.00562      -   951 4880s
 155196 72641  -41.00562  168 1001          -  -41.00562      -   947 4918s
 156718 73445  -41.00562  220 1041          -  -41.00562      -   943 4958s
 158770 74168  -41.00562  197 1008          -  -41.00562      -   938 4992s
 160748 74748 infeasible  251               -  -41.00562      -   933 5024s
 162720 75329  -41.00562  203 1033          -  -41.00562      -   928 5054s
 164553 75740  -41.00562  175 1018          -  -41.00562      -   923 5082s
 166156 76169  -41.00562  183  997          -  -41.00562      -   919 5110s
 167551 76467 infeasible  211               -  -41.00562      -   916 5138s
 168523 76943 infeasible  223               -  -41.00562      -   914 5167s
 170421 77438 infeasible  201               -  -41.00562      -   909 5208s
 171954 78037 infeasible  207               -  -41.00562      -   906 5243s
 173773 78369  -41.00562  211 1004          -  -41.00562      -   901 5269s
 175271 78747 infeasible  226               -  -41.00562      -   898 5294s
 176641 78969  -41.00562  226 1049          -  -41.00562      -   896 5327s
 177577 79325 infeasible  184               -  -41.00562      -   896 5354s
 179050 79628 infeasible  222               -  -41.00562      -   892 5381s
 179977 80184  -41.00562  226 1036          -  -41.00562      -   890 5409s
 181453 80555  -41.00562  201  987          -  -41.00562      -   888 5437s
 183258 80882 infeasible  247               -  -41.00562      -   883 5463s
 184472 81195  -41.00562  251 1027          -  -41.00562      -   882 5489s
 186069 81477 infeasible  248               -  -41.00562      -   879 5526s
 187585 81743  -41.00562  238 1011          -  -41.00562      -   876 5551s
 188823 81892  -41.00562  224 1007          -  -41.00562      -   875 5575s
 190226 81857  -41.00562  211 1001          -  -41.00562      -   872 5598s
 191915 81514  -41.00562  213  998          -  -41.00562      -   868 5621s
 192838 81567 infeasible  230               -  -41.00562      -   865 5654s
 194470 81433  -41.00562   94  998          -  -41.00562      -   862 5679s
 195996 81415 infeasible  244               -  -41.00562      -   859 5706s
 197562 81361 infeasible  192               -  -41.00562      -   855 5735s
 199362 81548 infeasible  216               -  -41.00562      -   851 5772s
 201695 81215 infeasible  226               -  -41.00562      -   846 5805s
 203260 81180 infeasible  178               -  -41.00562      -   843 5842s
 205231 81522 infeasible  186               -  -41.00562      -   840 5897s
 207398 81895 infeasible  185               -  -41.00562      -   837 5937s
 210635 82247 infeasible  200               -  -41.00562      -   830 5978s
 213353 82309 infeasible  224               -  -41.00562      -   824 6013s
 215725 82330  -41.00562  200 1034          -  -41.00562      -   820 6049s
 217408 82616 infeasible  217               -  -41.00562      -   817 6096s
 219637 82932 infeasible  272               -  -41.00562      -   814 6133s
 221811 83186 infeasible  260               -  -41.00562      -   810 6171s
 224181 83462  -41.00562  216 1007          -  -41.00562      -   807 6207s
 226777 83884 infeasible  259               -  -41.00562      -   803 6243s
 228612 84230 infeasible  257               -  -41.00562      -   800 6280s
 230158 84503  -41.00562  208 1002          -  -41.00562      -   798 6318s
 232693 84918  -41.00562  199  973          -  -41.00562      -   794 6361s
 235195 85258 infeasible  243               -  -41.00562      -   790 6399s
 237505 85778 infeasible  180               -  -41.00562      -   787 6435s
 239953 86324  -41.00562  199  997          -  -41.00562      -   784 6472s
 242139 86615  -41.00562  192  975          -  -41.00562      -   781 6509s
 243299 86942 infeasible  194               -  -41.00562      -   780 6555s
 245704 87414 infeasible  199               -  -41.00562      -   778 6594s
 247663 87883  -41.00562  221 1012          -  -41.00562      -   776 6638s
 249932 88363 infeasible  213               -  -41.00562      -   774 6677s
 251880 88995  -41.00562  192  989          -  -41.00562      -   772 6717s
 254346 89453  -41.00562  229 1023          -  -41.00562      -   770 6757s
 255700 90169  -41.00562  220 1017          -  -41.00562      -   769 6800s
 258437 90564  -41.00562  216  981          -  -41.00562      -   766 6840s
 260490 91230 infeasible  201               -  -41.00562      -   764 6881s
 263056 91855  -41.00562  227 1070          -  -41.00562      -   761 6919s
 265445 92478  -41.00562  211 1019          -  -41.00562      -   759 6957s
 267876 93063  -41.00562  197 1003          -  -41.00562      -   756 6995s
 269478 93704 infeasible  217               -  -41.00562      -   755 7034s
 271447 94482  -41.00562  198 1019          -  -41.00562      -   753 7074s
 274215 95188 infeasible  169               -  -41.00562      -   750 7112s
 276527 95735  -41.00562  221 1048          -  -41.00562      -   748 7150s
 278362 96568 infeasible  207               -  -41.00562      -   748 7189s
 280508 97074  -41.00562  179  988          -  -41.00562      -   746 7239s
 281808 97679 infeasible  201               -  -41.00562      -   746 7281s
 284149 97789 infeasible  230               -  -41.00562      -   744 7328s
 285901 98377  -41.00562  193 1013          -  -41.00562      -   744 7371s
 287798 99147  -41.00562  201 1014          -  -41.00562      -   743 7418s
 289918 99304  -41.00562  220 1032          -  -41.00562      -   742 7468s
 291481 99502  -41.00562  234 1041          -  -41.00562      -   741 7520s
 294039 99563 infeasible  227               -  -41.00562      -   740 7574s
 296456 99521 infeasible  256               -  -41.00562      -   738 7624s
 298978 99694  -41.00562  240 1013          -  -41.00562      -   736 7675s
 301217 99902 infeasible  225               -  -41.00562      -   735 7724s
 302787 100160 infeasible  147               -  -41.00562      -   735 7783s
 304521 100762  -41.00562  209 1114          -  -41.00562      -   735 7837s
 306263 101739  -41.00562  138 1027          -  -41.00562      -   736 7893s
 307908 102493  -41.00562  182 1021          -  -41.00562      -   738 7952s
 309102 103526  -41.00562  126 1030          -  -41.00562      -   740 8023s
 310511 104733  -41.00562   93 1051          -  -41.00562      -   743 8089s
 312178 105993 infeasible  148               -  -41.00562      -   745 8159s
 313744 106710  -41.00562  100  960          -  -41.00562      -   748 8235s
 314699 108034  -41.00562  154 1043          -  -41.00562      -   751 8315s
 316547 109415  -41.00562   90  998          -  -41.00562      -   755 8399s
 318443 110779  -41.00562  174 1006          -  -41.00562      -   758 8483s
 320407 112215  -41.00562  133 1032          -  -41.00562      -   762 8576s
 322273 113459  -41.00562  219 1027          -  -41.00562      -   766 8668s
 324053 115050  -41.00562  112 1011          -  -41.00562      -   770 8764s
 326156 116604  -41.00562  175 1151          -  -41.00562      -   774 8868s
 328448 117774 infeasible  207               -  -41.00562      -   777 8973s
 330058 119597  -41.00562  148  997          -  -41.00562      -   780 9077s
 332529 121493  -41.00562   89 1024          -  -41.00562      -   784 9182s
 335171 123040  -41.00562  116 1002          -  -41.00562      -   788 9284s
 337377 124845  -41.00562   80  971          -  -41.00562      -   791 9388s
 339774 126511  -41.00562  199 1077          -  -41.00562      -   795 9500s
 342020 127766  -41.00562  132 1075          -  -41.00562      -   799 9602s
 343875 129480 infeasible   79               -  -41.00562      -   802 9708s
 346184 131432  -41.00562  204 1063          -  -41.00562      -   806 9816s
 348916 133149  -41.00562   46  988          -  -41.00562      -   809 9918s
 351229 134576  -41.00562  170 1012          -  -41.00562      -   812 10030s
 353232 136357  -41.00562  132  992          -  -41.00562      -   816 10136s
 355692 138025  -41.00562  135  981          -  -41.00562      -   820 10243s
 358080 139769  -41.00562  147  993          -  -41.00562      -   822 10350s
 360602 141463  -41.00562  128 1005          -  -41.00562      -   826 10454s
 362830 143173  -41.00562  137 1037          -  -41.00562      -   828 10558s
 365097 144572 infeasible  226               -  -41.00562      -   832 10660s
 366974 145746  -41.00262  179 1051          -  -41.00562      -   835 10769s
 368676 147468  -41.00262  240 1084          -  -41.00562      -   838 10883s
 371062 149133 infeasible  187               -  -41.00562      -   841 10997s
 373454 151218  -41.00562   92 1005          -  -41.00562      -   844 11110s
 376169 152993  -41.00562  149 1018          -  -41.00562      -   848 11221s
 378762 154854  -41.00562  176 1021          -  -41.00562      -   851 11328s
 381561 156102  -41.00562  116 1033          -  -41.00562      -   853 11434s
 383263 158054  -41.00562   61  971          -  -41.00562      -   855 11542s
 385889 159564  -41.00532  131 1027          -  -41.00562      -   858 11646s
 387993 161322  -41.00562   94 1127          -  -41.00562      -   861 11751s
 390326 163162  -41.00562   76  954          -  -41.00562      -   864 11855s
 392764 164903  -41.00562  125 1087          -  -41.00562      -   867 11961s
 395135 166253  -41.00562  125 1011          -  -41.00562      -   870 12071s
 397217 167886  -41.00562   51  999          -  -41.00562      -   872 12178s
 399356 169679  -41.00562  173 1055          -  -41.00562      -   875 12294s
 401523 171412  -41.00562  189 1048          -  -41.00562      -   878 12402s
 403812 173045  -41.00562   79  988          -  -41.00562      -   882 12515s
 405919 174883  -41.00562  108 1023          -  -41.00562      -   884 12628s
 408325 176740  -41.00562  104 1052          -  -41.00562      -   887 12740s
 410835 178382  -41.00562  114 1019          -  -41.00562      -   889 12851s
 413247 179774  -41.00562  118 1057          -  -41.00562      -   892 12961s
 414937 181662  -41.00562  210 1066          -  -41.00562      -   895 13075s
 417573 183523  -41.00562  125 1053          -  -41.00562      -   897 13186s
 420024 185190  -41.00562   93 1006          -  -41.00562      -   900 13295s
 422270 186385  -41.00562  141 1041          -  -41.00562      -   903 13406s
 423943 188013  -41.00562  110 1008          -  -41.00562      -   906 13521s
 426359 189803  -41.00562   67  961          -  -41.00562      -   909 13638s
 428746 191745  -41.00562  183 1032          -  -41.00562      -   911 13754s
 431529 192934  -41.00562  116 1030          -  -41.00562      -   913 13865s
 432930 194781  -41.00129  144 1052          -  -41.00562      -   916 13985s
 435569 196508  -41.00562  161 1022          -  -41.00562      -   918 14103s
 437810 198487  -41.00562  130  985          -  -41.00562      -   922 14224s
 440402 200346  -41.00562  125 1092          -  -41.00562      -   924 14336s
 442885 202220  -41.00562   82 1021          -  -41.00562      -   926 14446s
 445337 203439  -41.00562  130 1066          -  -41.00562      -   929 14557s
 446902 205122  -41.00562   97 1004          -  -41.00562      -   931 14673s
 449258 207131 infeasible  124               -  -41.00562      -   933 14790s
 451865 208919  -41.00562  175 1034          -  -41.00562      -   935 14903s
 454315 210705 infeasible  173               -  -41.00562      -   938 15013s
 456589 212370  -41.00562   83  972          -  -41.00562      -   941 15124s
 458814 213511  -41.00562  176 1083          -  -41.00562      -   943 15239s
 460403 215248  -41.00562  142 1028          -  -41.00562      -   945 15356s
 462608 217282  -41.00514  135 1069          -  -41.00562      -   948 15474s
 465182 219546  -41.00562  112 1003          -  -41.00562      -   951 15591s
 468119 221656  -41.00562  120 1003          -  -41.00562      -   952 15700s
 470809 223452  -41.00534  147 1047          -  -41.00562      -   954 15807s
 473231 225358  -41.00562  159 1032          -  -41.00562      -   955 15914s
 475937 227018  -41.00562  165 1007          -  -41.00562      -   957 16019s
 478173 228654  -41.00562  106 1051          -  -41.00562      -   958 16121s
 480421 230366  -41.00562  135 1021          -  -41.00562      -   960 16224s
 482713 231659  -41.00562  140 1042          -  -41.00562      -   962 16327s
 484370 233628  -41.00562  232 1075          -  -41.00562      -   963 16438s
 486887 235430  -41.00562  148 1011          -  -41.00562      -   965 16544s
 489403 237183  -41.00562  180 1098          -  -41.00562      -   966 16650s
 491735 239086 infeasible  110               -  -41.00562      -   968 16755s
 494160 240931  -41.00562  110 1008          -  -41.00562      -   970 16859s
 496606 242210  -41.00562  106 1056          -  -41.00562      -   971 16960s
 498273 243829  -41.00562  178 1002          -  -41.00562      -   973 17067s
 500516 245742  -41.00562   87  984          -  -41.00562      -   975 17179s
 503065 247104  -41.00562   97 1028          -  -41.00562      -   976 17280s
 504807 248784 infeasible  165               -  -41.00562      -   978 17389s
 506901 250859  -41.00562  142 1058          -  -41.00562      -   980 17501s
 509636 252238  -41.00489  141 1062          -  -41.00562      -   981 17610s
 511567 254057  -41.00562   94 1035          -  -41.00562      -   983 17724s
 514022 255806  -41.00562  125 1042          -  -41.00562      -   985 17839s
 516451 257708  -41.00562  118 1029          -  -41.00562      -   986 17955s
 518815 259295 infeasible  217               -  -41.00562      -   988 18060s
 521092 261034  -41.00562  103 1122          -  -41.00562      -   989 18169s
 523483 262511  -41.00562   66 1069          -  -41.00562      -   990 18279s
 525306 264149  -41.00562  182 1067          -  -41.00562      -   992 18389s
 527530 265846  -41.00562  148 1016          -  -41.00562      -   995 18502s
 529785 267798  -41.00562   63 1020          -  -41.00562      -   996 18614s
 532327 269284  -40.91189   43 1004          -  -41.00562      -   998 18722s
 534233 271163  -41.00562  136 1054          -  -41.00562      -  1000 18834s
 536576 272880  -41.00562  184  991          -  -41.00562      -  1002 18946s
 538689 274729 infeasible  198               -  -41.00562      -  1003 19057s
 540992 276345  -41.00562   95 1039          -  -41.00562      -  1005 19168s
 543136 278389  -41.00562   95 1036          -  -41.00562      -  1007 19282s
 545676 280003  -41.00562  166 1056          -  -41.00562      -  1009 19392s
 547890 281638  -41.00562  106 1039          -  -41.00562      -  1010 19501s
 549953 283049  -41.00562  122 1069          -  -41.00562      -  1012 19612s
 551930 285153  -41.00562  138 1030          -  -41.00562      -  1014 19729s
 554626 286675  -41.00562  131 1058          -  -41.00562      -  1015 19842s
 556746 288340  -41.00562  111 1013          -  -41.00562      -  1016 19960s
 559016 289927  -41.00562   78  999          -  -41.00562      -  1018 20072s
 561103 291879  -41.00512   85 1021          -  -41.00562      -  1020 20188s
 563597 293292  -41.00562   86 1019          -  -41.00562      -  1021 20307s
 565614 295057  -41.00562  142 1091          -  -41.00562      -  1022 20425s
 567915 296755  -41.00562   72 1028          -  -41.00562      -  1024 20541s
 570225 298664  -41.00562  123 1030          -  -41.00562      -  1026 20657s
 572836 299908  -41.00562  142 1036          -  -41.00562      -  1027 20771s
 574416 301625  -41.00562  105 1002          -  -41.00562      -  1029 20890s
 576677 303635  -41.00562  161  996          -  -41.00562      -  1031 21011s
 579445 305489  -41.00562   86  976          -  -41.00562      -  1032 21131s
 581946 307177  -41.00562   78 1035          -  -41.00562      -  1034 21245s
 584434 308706  -41.00562  144 1037          -  -41.00562      -  1035 21354s
 586375 310430  -41.00562  169 1106          -  -41.00562      -  1036 21466s
 588711 312241  -41.00562  148 1046          -  -41.00562      -  1038 21580s
 591270 313730  -41.00562  131 1016          -  -41.00562      -  1038 21687s
 593541 315403  -41.00562  116 1017          -  -41.00562      -  1040 21796s
 595812 317452 infeasible  214               -  -41.00562      -  1041 21906s
 598473 319041  -41.00562   87 1049          -  -41.00562      -  1042 22013s
 600535 320669  -41.00562   82 1042          -  -41.00562      -  1043 22122s
 602837 322526  -41.00562  138 1057          -  -41.00562      -  1044 22230s
 605362 323917  -41.00562   97 1061          -  -41.00562      -  1045 22336s
 607276 325730  -41.00562  104 1038          -  -41.00562      -  1046 22443s
 609877 327521  -41.00562   99 1009          -  -41.00562      -  1046 22548s
 612180 329219  -41.00562  107 1014          -  -41.00562      -  1048 22655s
 614486 330926  -41.00561  162 1008          -  -41.00562      -  1049 22759s
 616770 332704  -41.00562  120 1102          -  -41.00562      -  1050 22864s
 619330 333904  -41.00562   75  983          -  -41.00562      -  1051 22971s
 621072 335526  -41.00562   58  971          -  -41.00562      -  1052 23077s
 623283 337179  -41.00562  125 1045          -  -41.00562      -  1053 23182s
 625505 338885 infeasible  150               -  -41.00562      -  1054 23289s
 627619 339946  -41.00562   80 1071          -  -41.00562      -  1056 23395s
 628952 341661 infeasible  171               -  -41.00562      -  1057 23509s
 631571 343460  -41.00562   68  994          -  -41.00562      -  1058 23620s
 633936 345174  -41.00562  110  999          -  -41.00562      -  1059 23731s
 636290 346495  -41.00562  123 1008          -  -41.00562      -  1061 23840s
 638041 348169  -41.00562  119 1050          -  -41.00562      -  1062 23953s
 640312 350240  -41.00562  156 1068          -  -41.00562      -  1063 24067s
 643025 351781  -41.00562  135 1076          -  -41.00562      -  1064 24179s
 645581 353072  -41.00562   76  928          -  -41.00562      -  1064 24293s
 647244 354815  -41.00562  214  988          -  -41.00562      -  1065 24405s
 649737 356736  -41.00562   66 1014          -  -41.00562      -  1066 24515s
 652270 358438  -41.00562  135 1015          -  -41.00562      -  1067 24620s
 654352 360113  -41.00562  132  976          -  -41.00562      -  1068 24728s
 656627 361406  -41.00562   82 1004          -  -41.00562      -  1069 24837s
 658488 363149 infeasible  177               -  -41.00562      -  1070 24945s
 660835 364599 infeasible  162               -  -41.00562      -  1071 25055s
 662739 366258  -41.00562  111 1028          -  -41.00562      -  1073 25168s
 664978 367861  -41.00562   83  998          -  -41.00562      -  1074 25281s
 666983 369546  -41.00562   84  976          -  -41.00562      -  1075 25396s
 669196 371279  -41.00562  106 1004          -  -41.00562      -  1077 25510s
 671373 373154  -41.00562  120 1022          -  -41.00562      -  1078 25625s
 673760 374723  -41.00562  133 1048          -  -41.00562      -  1079 25740s
 675837 376638  -41.00562   75  978          -  -41.00562      -  1080 25855s
 678344 378287  -41.00562  164 1059          -  -41.00562      -  1082 25971s
 680433 380017 infeasible  144               -  -41.00562      -  1083 26096s
 682831 381262  -41.00436  147 1096          -  -41.00562      -  1084 26237s
 684574 382900 infeasible  149               -  -41.00562      -  1085 26370s
 686680 384675  -41.00562  150 1032          -  -41.00562      -  1087 26507s
 689226 386402  -41.00562   65 1072          -  -41.00562      -  1088 26634s
 691357 387730 infeasible  173               -  -41.00562      -  1090 26772s
 693181 389683  -41.00562  106 1004          -  -41.00562      -  1091 26908s
 695684 391291  -41.00562   69  993          -  -41.00562      -  1092 27042s
 697894 393094  -41.00562   47 1002          -  -41.00562      -  1093 27168s
 700415 394298  -41.00562   86 1045          -  -41.00562      -  1095 27301s
 701861 396144  -41.00562  164 1098          -  -41.00562      -  1096 27443s
 704279 397992  -41.00562  109 1014          -  -41.00562      -  1097 27582s
 706946 399814  -40.96314   62 1209          -  -41.00562      -  1098 27714s
 709238 401608  -41.00562  143 1001          -  -41.00562      -  1099 27840s
 711650 403288  -41.00562  169 1047          -  -41.00562      -  1100 27971s
 713853 405106  -41.00562  126 1041          -  -41.00562      -  1101 28105s
 716221 406500  -41.00562   86 1050          -  -41.00562      -  1102 28226s
 718225 408388  -41.00562  115 1002          -  -41.00562      -  1102 28354s
 720571 410174 infeasible  203               -  -41.00562      -  1104 28491s
 722893 412052  -41.00562  131 1040          -  -41.00562      -  1105 28629s
 725409 414012  -41.00562   94 1085          -  -41.00562      -  1105 28746s
 727837 415517  -41.00562  101 1036          -  -41.00562      -  1106 28865s
 729916 417549  -41.00562   52 1176          -  -41.00562      -  1107 28995s
 732840 419130 infeasible  189               -  -41.00562      -  1107 29117s
 734957 420754  -41.00562   77  982          -  -41.00562      -  1108 29231s
 737085 421975  -41.00562  150 1048          -  -41.00562      -  1109 29357s
 738882 423776  -41.00562  124  999          -  -41.00562      -  1110 29472s
 741318 425159  -41.00562  105 1052          -  -41.00562      -  1111 29584s
 743157 426934  -41.00562  136 1022          -  -41.00562      -  1112 29708s
 745790 428547  -41.00533  146 1036          -  -41.00562      -  1113 29840s
 747877 430202  -40.99921  115  945          -  -41.00562      -  1113 29966s
 750096 431739  -41.00562  168 1017          -  -41.00562      -  1115 30092s
 752048 433560  -41.00562   46  989          -  -41.00562      -  1116 30226s
 754437 435346  -41.00562   62  976          -  -41.00562      -  1117 30354s
 756703 437276  -41.00561   83 1000          -  -41.00562      -  1117 30484s
 759099 438673  -41.00561  187  998          -  -41.00562      -  1118 30615s
 761042 440399  -41.00561  170 1082          -  -41.00562      -  1119 30741s
 763340 442108  -41.00562   66 1048          -  -41.00562      -  1120 30878s
 765467 443760 infeasible  265               -  -41.00562      -  1121 31008s
 767541 445410 infeasible  182               -  -41.00562      -  1122 31141s
 769803 446875  -41.00561  179 1082          -  -41.00562      -  1123 31276s
 771770 448113 infeasible  194               -  -41.00562      -  1124 31403s
 773346 450141  -41.00562  130 1029          -  -41.00562      -  1125 31544s
 776036 451976  -41.00561  136 1080          -  -41.00562      -  1126 31681s
 778353 453579  -41.00562   78 1028          -  -41.00562      -  1127 31832s
 780447 455578  -41.00562   82 1018          -  -41.00562      -  1129 31972s
 783082 457107  -41.00562  237 1054          -  -41.00562      -  1129 32112s
 785273 458564 infeasible  158               -  -41.00562      -  1130 32246s
 787506 460108  -41.00562  145 1078          -  -41.00562      -  1131 32386s
 789638 461817  -41.00562  138 1031          -  -41.00562      -  1132 32521s
 791915 463102  -41.00562  134 1006          -  -41.00562      -  1133 32667s
 793672 465074  -41.00562   98  969          -  -41.00562      -  1134 32799s
 796330 466895  -41.00562   83 1010          -  -41.00562      -  1135 32936s
 798989 468476  -41.00562   89 1002          -  -41.00562      -  1135 33060s
 801114 469667  -41.00562  114 1018          -  -41.00562      -  1136 33194s
 802773 471410  -41.00561  113 1018          -  -41.00562      -  1137 33328s
 805330 473066  -41.00561  144 1049          -  -41.00562      -  1138 33460s
 807644 474664  -41.00562   89 1150          -  -41.00562      -  1139 33586s
 809756 476415  -41.00562  106 1035          -  -41.00562      -  1140 33711s
 812061 477973  -41.00562  144 1023          -  -41.00562      -  1141 33841s
 814133 479581  -41.00561  130 1041          -  -41.00562      -  1142 33961s
 816475 481129  -41.00562  105  998          -  -41.00562      -  1143 34087s
 818863 482635  -41.00562   65 1009          -  -41.00562      -  1143 34210s
 821144 484060  -41.00562  106 1007          -  -41.00562      -  1144 34333s
 822975 485753  -41.00562  115 1024          -  -41.00562      -  1145 34467s
 825332 487081 infeasible  191               -  -41.00562      -  1146 34599s
 827330 488755  -41.00561  205 1031          -  -41.00562      -  1146 34731s
 829878 489852  -41.00559  177 1070          -  -41.00562      -  1147 34867s
 831595 491515  -41.00562   88  993          -  -41.00562      -  1147 35001s
 833800 492962  -41.00562  102 1029          -  -41.00562      -  1148 35127s
 836037 494576  -41.00562   31  942          -  -41.00562      -  1149 35263s
 838343 496006  -41.00561  125 1035          -  -41.00562      -  1150 35399s
 840373 497464  -41.00562  158 1023          -  -41.00562      -  1151 35540s
 842499 499155  -41.00562  119 1043          -  -41.00562      -  1152 35676s
 844970 500718  -41.00562   73 1063          -  -41.00562      -  1152 35815s
 847187 502095  -41.00561  151 1009          -  -41.00562      -  1153 35950s
 849204 503748  -41.00561  158 1030          -  -41.00562      -  1154 36073s
 851955 505225  -41.00561   28 1022          -  -41.00562      -  1154 36201s
 854208 506807  -41.00562  173 1033          -  -41.00562      -  1155 36333s
 856567 507842  -41.00562  123 1082          -  -41.00562      -  1155 36457s
 857824 509178  -41.00562  105 1014          -  -41.00562      -  1156 36595s
 859686 510486  -41.00562  192 1078          -  -41.00562      -  1157 36738s
 861850 512176  -41.00562   67 1154          -  -41.00562      -  1158 36867s
 864256 513919 infeasible   48               -  -41.00562      -  1159 37001s
 866841 515231  -41.00561  109 1046          -  -41.00562      -  1160 37120s
 868727 516788  -41.00561  167 1024          -  -41.00562      -  1161 37252s
 870903 518101  -41.00561   94 1029          -  -41.00562      -  1162 37386s
 872828 519672  -41.00561  171 1116          -  -41.00562      -  1163 37512s
 874813 520893  -41.00527  142 1063          -  -41.00562      -  1164 37638s
 876686 522393  -41.00562   62  978          -  -41.00562      -  1165 37769s
 878768 523718  -41.00080   77 1094          -  -41.00562      -  1166 37909s
 880561 525686  -41.00562   72 1096          -  -41.00562      -  1167 38049s
 883141 527449  -41.00561  222 1045          -  -41.00562      -  1168 38195s
 885601 528685  -41.00561  170 1036          -  -41.00562      -  1169 38335s
 887602 530650  -40.89929   48 1073          -  -41.00562      -  1170 38468s
 890197 532223  -41.00561  169 1044          -  -41.00562      -  1170 38612s
 892064 533892  -41.00562  101 1006          -  -41.00562      -  1171 38750s
 894561 535481 infeasible   32               -  -41.00562      -  1172 38885s
 896790 536822  -41.00561   72 1013          -  -41.00562      -  1173 39016s
 898593 537889  -41.00561  148 1013          -  -41.00562      -  1174 39139s
 900102 539622  -41.00561   83  974          -  -41.00562      -  1175 39274s
 902377 541377  -41.00561  185 1045          -  -41.00562      -  1176 39408s
 904852 542937 infeasible  209               -  -41.00562      -  1177 39536s
 907078 544848  -41.00561  192 1048          -  -41.00562      -  1178 39679s
 909659 546512  -41.00561   61  946          -  -41.00562      -  1179 39817s
 911790 548332 infeasible  194               -  -41.00562      -  1179 39953s
 914003 549994  -41.00445  106 1029          -  -41.00562      -  1180 40090s
 916362 551560  -41.00561  122 1012          -  -41.00562      -  1181 40227s
 918482 552857  -41.00561  107 1050          -  -41.00562      -  1182 40361s
 920295 554733  -41.00561  103 1003          -  -41.00562      -  1183 40500s
 922829 556644  -41.00561  107 1034          -  -41.00562      -  1183 40636s
 925188 558182  -41.00561  142 1035          -  -41.00562      -  1184 40769s
 927300 559736  -41.00561   79  974          -  -41.00562      -  1185 40901s
 929378 561384  -41.00561  103 1017          -  -41.00562      -  1186 41035s
 931514 562937  -41.00149  212 1056          -  -41.00562      -  1187 41167s
 933855 564187  -41.00561   51  977          -  -41.00562      -  1188 41302s
 935581 565577  -41.00561  150 1028          -  -41.00562      -  1189 41449s
 937482 567175  -41.00561  102 1040          -  -41.00562      -  1190 41586s
 939786 568604  -41.00561  114 1051          -  -41.00562      -  1191 41725s
 941609 570249  -41.00561   82 1057          -  -41.00562      -  1192 41869s
 944193 571342 infeasible  184               -  -41.00562      -  1192 42015s
 946226 572888  -41.00561   75 1051          -  -41.00562      -  1193 42155s
 948544 574095  -41.00561  135 1024          -  -41.00562      -  1194 42292s
 950877 575744  -41.00561  131 1042          -  -41.00562      -  1195 42425s
 953086 576452  -41.00561   78 1034          -  -41.00562      -  1196 42562s
 954330 578309  -41.00561  148 1043          -  -41.00562      -  1196 42707s
 956773 579848  -41.00561  153 1037          -  -41.00562      -  1197 42844s
 958854 581652  -41.00561  133 1017          -  -41.00562      -  1198 42982s
 961182 583263 infeasible  118               -  -41.00562      -  1199 43119s
 963363 583944  -41.00561   73 1003          -  -41.00562      -  1200 43200s

Cutting planes:
  Learned: 156
  Gomory: 15
  Cover: 13
  Implied bound: 143
  MIR: 28
  Flow cover: 76
  Inf proof: 2
  RLT: 830
  Relax-and-lift: 15

Explored 964735 nodes (1158509759 simplex iterations) in 43200.03 seconds (75637.60 work units)
Thread count was 12 (of 12 available processors)

Solution count 0

Time limit reached
Best objective -, best bound -4.100561626885e+01, gap -
