
Gurobi 11.0.2 (win64) logging started Fri Nov  1 02:54:46 2024

Set parameter LogFile to value ".\Experiments\Verification_16\Logs\vit_6_2_6_12_i4_r2_c2.log"
Set parameter TimeLimit to value 43200
Gurobi Optimizer version 11.0.2 build v11.0.2rc0 (win64 - Windows 10.0 (19045.2))

CPU model: Intel(R) Core(TM) i7-10750H CPU @ 2.60GHz, instruction set [SSE2|AVX|AVX2]
Thread count: 6 physical cores, 12 logical processors, using up to 12 threads

Optimize a model with 2985 rows, 4537 columns and 10836 nonzeros
Model fingerprint: 0x1d30921f
Model has 1238 quadratic constraints
Model has 420 general constraints
Variable types: 4237 continuous, 300 integer (300 binary)
Coefficient statistics:
  Matrix range     [1e-05, 1e+02]
  QMatrix range    [1e+00, 1e+00]
  QLMatrix range   [1e+00, 1e+00]
  Objective range  [1e+00, 1e+00]
  Bounds range     [1e-05, 1e+01]
  RHS range        [2e-03, 1e+02]
  QRHS range       [1e-06, 1e-06]
Presolve removed 1704 rows and 1912 columns
Presolve time: 0.03s
Presolved: 7029 rows, 2626 columns, 20378 nonzeros
Presolved model has 1113 bilinear constraint(s)
Presolved model has 288 nonlinear constraint(s)

Solving non-convex MINLP

Variable types: 2357 continuous, 269 integer (269 binary)

Root relaxation: objective -4.100561e+01, 3290 iterations, 0.17 seconds (0.22 work units)

    Nodes    |    Current Node    |     Objective Bounds      |     Work
 Expl Unexpl |  Obj  Depth IntInf | Incumbent    BestBd   Gap | It/Node Time

     0     0  -41.00561    0 1200          -  -41.00561      -     -    0s
     0     0  -41.00561    0 1235          -  -41.00561      -     -    0s
     0     0  -41.00561    0 1188          -  -41.00561      -     -    1s
     0     0  -41.00561    0 1191          -  -41.00561      -     -    1s
     0     0  -41.00561    0 1236          -  -41.00561      -     -    1s
     0     0  -41.00561    0 1172          -  -41.00561      -     -    1s
     0     0  -41.00561    0 1158          -  -41.00561      -     -    1s
     0     0  -41.00561    0 1151          -  -41.00561      -     -    5s
     0     2  -41.00561    0 1149          -  -41.00561      -     -    6s
     1     2 infeasible    1               -  -41.00561      -   251   14s
     3     4  -41.00561    2 1144          -  -41.00561      -   293   15s
   204   361 infeasible   27               -  -41.00561      -   576   22s
   410   603  -41.00561    9 1132          -  -41.00561      -   519   26s
   684   834  -41.00561   36 1095          -  -41.00561      -   557   31s
   981  1022  -41.00561   62 1081          -  -41.00561      -   573   37s
  1180  1264  -41.00561   81 1075          -  -41.00561      -   615   43s
  1450  1266  -41.00561   50    3          -  -41.00561      -   659   45s
  1451  1266  -41.00561   82    5          -  -41.00561      -   658   50s
  1465  1279  -41.00561   12 1112          -  -41.00561      -   661   59s
  1471  1286  -41.00561   14 1097          -  -41.00561      -   662   60s
  1749  1536  -41.00561   39 1079          -  -41.00561      -   603   66s
  1908  1740  -41.00561   53 1093          -  -41.00561      -   588   72s
  2233  1896  -41.00561   71 1099          -  -41.00561      -   544   80s
  2547  2115  -41.00561   96 1101          -  -41.00561      -   529   87s
  2943  1989  -41.00561  110 1100          -  -41.00561      -   498   94s
  2949  2196  -41.00561  111 1110          -  -41.00561      -   498  100s
  3277  2325  -41.00561  133 1090          -  -41.00561      -   487  108s
  3677  2450  -41.00160  158 1071          -  -41.00561      -   484  115s
  4056  2778  -41.00086  177 1081          -  -41.00561      -   475  122s
  4613  2983  -41.00086  183 1046          -  -41.00561      -   450  129s
  5187  3152  -41.00086  243 1042          -  -41.00561      -   429  141s
  5675  3544 infeasible  271               -  -41.00561      -   423  149s
  6227  3899  -41.00561   35 1094          -  -41.00561      -   413  159s
  6778  4195  -41.00561  182 1152          -  -41.00561      -   404  168s
  7220  4668  -41.00561  188 1122          -  -41.00561      -   403  177s
  7886  5125  -41.00561  229 1126          -  -41.00561      -   394  186s
  8592  5461 infeasible  255               -  -41.00561      -   384  201s
  9204  5831 infeasible  258               -  -41.00561      -   381  210s
  9731  6172  -41.00561  217 1121          -  -41.00561      -   380  220s
 10289  6445  -41.00561  247 1103          -  -41.00561      -   379  229s
 10940  6832  -40.92017  204 1163          -  -41.00561      -   381  240s
 11509  6969  -41.00561  231 1103          -  -41.00561      -   385  250s
 11754  7379  -41.00561  248 1138          -  -41.00561      -   384  261s
 12528  7817  -41.00561  231 1108          -  -41.00561      -   378  273s
 13286  8293  -41.00561  181 1116          -  -41.00561      -   376  285s
 14006  8702  -41.00561  208 1102          -  -41.00561      -   377  298s
 14761  9116  -41.00561  243 1070          -  -41.00561      -   377  311s
 15525  9628 infeasible  236               -  -41.00561      -   379  324s
 16637  9908  -41.00561  219 1066          -  -41.00561      -   374  337s
 17499 10239  -41.00561  244 1019          -  -41.00561      -   382  352s
 18306 10643 infeasible  212               -  -41.00561      -   388  367s
 19214 11005  -41.00561  287 1048          -  -41.00561      -   385  383s
 19908 11160 infeasible  205               -  -41.00561      -   387  397s
 20315 11630  -41.00561  270 1064          -  -41.00561      -   385  418s
 21173 12165  -41.00561  303 1030          -  -41.00561      -   386  433s
 22108 12984 infeasible  151               -  -41.00561      -   383  452s
 23207 13576  -41.00561  231 1108          -  -41.00561      -   379  467s
 24116 13890  -40.99424  243 1123          -  -41.00561      -   376  483s
 24914 14255 infeasible  177               -  -41.00561      -   374  503s
 25719 14839 infeasible  219               -  -41.00561      -   374  522s
 26687 15650  -41.00561   77 1092          -  -41.00561      -   374  538s
 27868 15835  -41.00561  175 1123          -  -41.00561      -   370  553s
 28353 16415  -41.00561  180 1122          -  -41.00561      -   369  571s
 29333 17314  -41.00561  154 1076          -  -41.00561      -   369  588s
 30546 17846 infeasible  208               -  -41.00561      -   369  605s
 31402 18114 infeasible  245               -  -41.00561      -   370  633s
 32044 18351  -41.00561  268 1077          -  -41.00561      -   374  649s
 33017 18577 infeasible  215               -  -41.00561      -   373  666s
 33905 18711  -41.00561  239 1090          -  -41.00561      -   371  685s
 34487 19573 infeasible  254               -  -41.00561      -   372  705s
 35719 20367  -41.00561  135 1091          -  -41.00561      -   372  725s
 37573 20814 infeasible  213               -  -41.00561      -   367  741s
 38560 21574 infeasible  223               -  -41.00561      -   372  762s
 39816 21913 infeasible  234               -  -41.00561      -   371  780s
 40725 22388 infeasible  260               -  -41.00561      -   371  799s
 41536 22982  -41.00561  200 1081          -  -41.00561      -   369  817s
 42716 23301  -41.00561  196 1085          -  -41.00561      -   368  836s
 43733 23766  -41.00561   91 1073          -  -41.00561      -   367  852s
 44664 24539  -41.00561  166 1132          -  -41.00561      -   369  873s
 45941 25317  -41.00561  171 1100          -  -41.00561      -   367  892s
 47157 25768  -41.00561  218 1098          -  -41.00561      -   366  910s
 48026 26217  -41.00561  180 1088          -  -41.00561      -   367  929s
 48683 26932 infeasible  199               -  -41.00561      -   367  948s
 50124 27362 infeasible  213               -  -41.00561      -   365  971s
 51058 27830 infeasible  245               -  -41.00561      -   366  990s
 52206 28146  -41.00561  225 1076          -  -41.00561      -   366 1016s
 53122 28393 infeasible  249               -  -41.00561      -   367 1036s
 54121 28859 infeasible  188               -  -41.00561      -   368 1057s
 55043 29230  -41.00561  195 1064          -  -41.00561      -   368 1083s
 56030 29650  -41.00561  232 1108          -  -41.00561      -   368 1105s
 56968 30182  -41.00561  187 1091          -  -41.00561      -   369 1129s
 58183 30749 infeasible  222               -  -41.00561      -   369 1153s
 59664 30905 infeasible  254               -  -41.00561      -   369 1174s
 60688 31093  -41.00561  250 1166          -  -41.00561      -   372 1198s
 61576 31880 infeasible  203               -  -41.00561      -   372 1223s
 62784 32705  -41.00561  210 1020          -  -41.00561      -   373 1258s
 64247 33712  -41.00561  167 1098          -  -41.00561      -   373 1285s
 65770 34574  -41.00561  136 1139          -  -41.00561      -   373 1310s
 67486 35460 infeasible  214               -  -41.00561      -   371 1334s
 69078 35989 infeasible  223               -  -41.00561      -   371 1356s
 70281 36432 infeasible  135               -  -41.00561      -   371 1377s
 71445 37045 infeasible  232               -  -41.00561      -   376 1400s
 72734 37758 infeasible  221               -  -41.00561      -   376 1437s
 74145 39047  -41.00561  262 1114          -  -41.00561      -   376 1461s
 76183 39788  -41.00561  242 1091          -  -41.00561      -   372 1482s
 77732 40094 infeasible  202               -  -41.00561      -   370 1503s
 78604 40788  -41.00561  206 1079          -  -41.00561      -   370 1525s
 80074 41029  -41.00561  218 1129          -  -41.00561      -   368 1545s
 81289 41449  -41.00561  173 1098          -  -41.00561      -   368 1565s
 82587 41653 infeasible  237               -  -41.00561      -   367 1589s
 83913 42299  -41.00561  199 1080          -  -41.00561      -   366 1613s
 85429 43306  -41.00561  112 1093          -  -41.00561      -   365 1638s
 86977 43854 infeasible  213               -  -41.00561      -   363 1669s
 88427 44588 infeasible  233               -  -41.00561      -   363 1697s
 90285 44883  -41.00561  239 1099          -  -41.00561      -   360 1722s
 91643 45608  -41.00561  252 1159          -  -41.00561      -   360 1751s
 93340 46041 infeasible  236               -  -41.00561      -   360 1782s
 94831 46502  -41.00561  316 1119          -  -41.00561      -   360 1812s
 95740 47157  -41.00561  227 1093          -  -41.00561      -   359 1843s
 97365 48212  -41.00561  215 1095          -  -41.00561      -   359 1875s
 99256 48992  -41.00561  332 1101          -  -41.00561      -   359 1907s
 101051 49618  -41.00561  229 1090          -  -41.00561      -   358 1947s
 102861 50372 infeasible  259               -  -41.00561      -   358 1979s
 104449 51111 infeasible  237               -  -41.00561      -   358 2013s
 106298 51511  -41.00561  244 1110          -  -41.00561      -   358 2045s
 107955 52180  -41.00561  252 1131          -  -41.00561      -   358 2079s
 109451 53173  -41.00561  286 1111          -  -41.00561      -   358 2113s
 110920 53700 infeasible  244               -  -41.00561      -   360 2149s
 112441 54261  -41.00561  194 1075          -  -41.00561      -   361 2185s
 114196 54946  -41.00561  186 1168          -  -41.00561      -   362 2220s
 115555 55424 infeasible  295               -  -41.00561      -   362 2257s
 116991 55606  -41.00297  232 1166          -  -41.00561      -   364 2299s
 118323 55762  -41.00561  269 1082          -  -41.00561      -   366 2338s
 119631 55885  -41.00561  238 1128          -  -41.00561      -   368 2380s
 120684 56464  -41.00561  314 1114          -  -41.00561      -   370 2424s
 123233 56791 infeasible  268               -  -41.00561      -   370 2467s
 125409 57310 infeasible  206               -  -41.00561      -   370 2504s
 127550 57574  -41.00561  212 1094          -  -41.00561      -   369 2544s
 129718 57580 infeasible  233               -  -41.00561      -   369 2581s
 131780 58105 infeasible  281               -  -41.00561      -   368 2620s
 134188 59127  -41.00561  206 1100          -  -41.00561      -   368 2664s
 136526 59850 infeasible  265               -  -41.00561      -   368 2707s
 138633 60976  -41.00561  273 1069          -  -41.00561      -   369 2750s
 141286 61956 infeasible  281               -  -41.00561      -   369 2794s
 143774 63242  -41.00561  300 1098          -  -41.00561      -   369 2842s
 146534 64358  -41.00560  201 1065          -  -41.00561      -   367 2895s
 149246 65354 infeasible  170               -  -41.00561      -   367 2946s
 151241 66513  -41.00561  222 1117          -  -41.00561      -   366 2990s
 153608 67888 infeasible  250               -  -41.00561      -   365 3031s
 156313 68493 infeasible  267               -  -41.00561      -   364 3071s
 158286 68961  -41.00561  292 1097          -  -41.00561      -   364 3115s
 159548 70032  -41.00561  166 1123          -  -41.00561      -   364 3162s
 161941 71047 infeasible  295               -  -41.00561      -   364 3206s
 164370 71623 infeasible  234               -  -41.00561      -   363 3250s
 166766 71897  -41.00561  279 1113          -  -41.00561      -   363 3293s
 169480 71407  -41.00561  222 1122          -  -41.00561      -   362 3332s
 171749 71654 infeasible  255               -  -41.00561      -   363 3375s
 173686 72436  -41.00561  204 1029          -  -41.00561      -   366 3423s
 176689 72849 infeasible  263               -  -41.00561      -   365 3467s
 179064 73446 infeasible  247               -  -41.00561      -   365 3512s
 180979 73830  -41.00561  185 1083          -  -41.00561      -   366 3558s
 183076 74781  -41.00561  187 1127          -  -41.00561      -   367 3608s
 185871 76075 infeasible  208               -  -41.00561      -   367 3655s
 188475 77123  -41.00561  223 1050          -  -41.00561      -   366 3703s
 190997 78492  -41.00561  244 1098          -  -41.00561      -   366 3750s
 193676 79700 infeasible  164               -  -41.00561      -   366 3798s
 196112 81116  -41.00560  296 1104          -  -41.00561      -   366 3845s
 199060 82849  -41.00561  179 1103          -  -41.00561      -   366 3890s
 201819 84307 infeasible  181               -  -41.00561      -   366 3934s
 204242 86117  -41.00560  265 1105          -  -41.00561      -   365 3980s
 207235 87280  -41.00560  189 1116          -  -41.00561      -   365 4024s
 209726 88745 infeasible  233               -  -41.00561      -   365 4067s
 212301 90866  -41.00561  136 1087          -  -41.00561      -   364 4111s
 215300 91705 infeasible  243               -  -41.00561      -   364 4152s
 217749 93754  -41.00560  245 1111          -  -41.00561      -   364 4194s
 221160 94141  -41.00561  251 1105          -  -41.00561      -   362 4230s
 222789 94987 infeasible  182               -  -41.00561      -   362 4270s
 225862 96109 infeasible  228               -  -41.00561      -   361 4308s
 228650 96818 infeasible  198               -  -41.00561      -   360 4345s
 231405 97909 infeasible  183               -  -41.00561      -   359 4382s
 233962 99603  -41.00561  219 1089          -  -41.00561      -   359 4419s
 236794 100910 infeasible  188               -  -41.00561      -   358 4454s
 238907 102237 infeasible  226               -  -41.00561      -   358 4490s
 241020 104025  -41.00560  165 1111          -  -41.00561      -   358 4528s
 244036 105098 infeasible  290               -  -41.00561      -   357 4563s
 246453 106153  -41.00561  105 1080          -  -41.00561      -   356 4599s
 248784 106898  -41.00560  211 1098          -  -41.00561      -   356 4635s
 250049 108143  -41.00560   97 1071          -  -41.00561      -   356 4675s
 252676 109514  -41.00561   83 1116          -  -41.00561      -   356 4713s
 254945 111125  -41.00560  156 1098          -  -41.00561      -   356 4754s
 257624 112262 infeasible  243               -  -41.00561      -   355 4793s
 260015 113559 infeasible  167               -  -41.00561      -   355 4832s
 262346 114887  -41.00561  183 1099          -  -41.00561      -   355 4872s
 265072 116556  -41.00561  134 1115          -  -41.00561      -   355 4910s
 267605 117499  -41.00561  333 1113          -  -41.00561      -   354 4948s
 270010 119054 infeasible   79               -  -41.00561      -   354 4987s
 272339 120442  -41.00561   26 1104          -  -41.00561      -   354 5027s
 274537 121106 infeasible  186               -  -41.00561      -   354 5066s
 275833 122452  -41.00561  142 1117          -  -41.00561      -   355 5108s
 277921 123831  -41.00561  157 1137          -  -41.00561      -   355 5152s
 280550 125598  -41.00561  185 1105          -  -41.00561      -   356 5196s
 283261 127403 infeasible  345               -  -41.00561      -   356 5238s
 286112 128786  -41.00560  270 1147          -  -41.00561      -   355 5280s
 288581 129944  -41.00561  185 1087          -  -41.00561      -   355 5320s
 290533 131777  -41.00560  264 1086          -  -41.00561      -   356 5363s
 293332 133048  -41.00561  142 1125          -  -41.00561      -   356 5405s
 295467 134802  -41.00561  155 1127          -  -41.00561      -   356 5448s
 298123 135609 infeasible  171               -  -41.00561      -   356 5490s
 299743 137139 infeasible  294               -  -41.00561      -   356 5534s
 301879 137139  -41.00560  292 1094          -  -41.00561      -   357 5535s
 302441 138994  -41.00561  111 1125          -  -41.00561      -   357 5579s
 305292 140788 infeasible  173               -  -41.00561      -   357 5623s
 308290 142525  -41.00560  170 1034          -  -41.00561      -   356 5663s
 310673 144545  -41.00561  114 1081          -  -41.00561      -   357 5705s
 313469 146019  -41.00560  151 1186          -  -41.00561      -   357 5745s
 315853 147514  -41.00561   89 1093          -  -41.00561      -   356 5786s
 318358 148812  -41.00561  184 1074          -  -41.00561      -   356 5825s
 320686 150278  -41.00560  160 1113          -  -41.00561      -   356 5865s
 322820 151090  -41.00561  282 1120          -  -41.00561      -   357 5905s
 324265 152803  -41.00561   87 1080          -  -41.00561      -   357 5949s
 326942 154417  -41.00561  122 1085          -  -41.00561      -   357 5993s
 329536 155833  -41.00560  156 1055          -  -41.00561      -   357 6035s
 331856 157734 infeasible   95               -  -41.00561      -   358 6079s
 334717 159446  -41.00561  212 1134          -  -41.00561      -   358 6121s
 337252 160639 infeasible  262               -  -41.00561      -   358 6162s
 339089 162611  -41.00561  209 1110          -  -41.00561      -   358 6206s
 341961 164393  -41.00561  157 1119          -  -41.00561      -   358 6248s
 344579 166196 infeasible  178               -  -41.00561      -   358 6290s
 347312 167070  -41.00561  159 1086          -  -41.00561      -   358 6329s
 348801 169104  -41.00561   87 1108          -  -41.00561      -   358 6373s
 351741 171192  -41.00561   68 1132          -  -41.00561      -   358 6415s
 354695 172836 infeasible  186               -  -41.00561      -   358 6455s
 357006 174281  -41.00560  193 1111          -  -41.00561      -   358 6496s
 359221 175954  -41.00560  286 1122          -  -41.00561      -   358 6537s
 361720 177567 infeasible  203               -  -41.00561      -   359 6578s
 364083 179291  -41.00561  195 1090          -  -41.00561      -   358 6619s
 366795 180724  -41.00561  112 1070          -  -41.00561      -   358 6659s
 369206 182302  -41.00561  230 1100          -  -41.00561      -   358 6700s
 371540 183702  -41.00561  158 1111          -  -41.00561      -   359 6740s
 373414 185256  -41.00561  108 1117          -  -41.00561      -   358 6783s
 375806 186979 infeasible  192               -  -41.00561      -   359 6825s
 378235 188894  -41.00561   83 1119          -  -41.00561      -   359 6869s
 380978 190737  -41.00560  184 1086          -  -41.00561      -   359 6911s
 383633 193005  -41.00561   97 1106          -  -41.00561      -   359 6954s
 386695 194720  -41.00561  279 1123          -  -41.00561      -   359 6992s
 389034 195661 infeasible  273               -  -41.00561      -   359 7031s
 390377 197618  -41.00560  158 1153          -  -41.00561      -   359 7074s
 393331 199529  -41.00561   75 1088          -  -41.00561      -   359 7116s
 395968 201444  -41.00561   59 1098          -  -41.00561      -   359 7156s
 398501 203158  -41.00560  194 1103          -  -41.00561      -   359 7195s
 400839 204678  -41.00561  113 1104          -  -41.00561      -   359 7235s
 402915 206043  -41.00561  237 1073          -  -41.00561      -   360 7275s
 405041 207463  -41.00561  110 1123          -  -41.00561      -   360 7318s
 407495 208733 infeasible  194               -  -41.00561      -   360 7359s
 409599 210254  -41.00561  189 1061          -  -41.00561      -   360 7402s
 411763 211393 infeasible  214               -  -41.00561      -   361 7446s
 413438 212664  -41.00561  145 1079          -  -41.00561      -   361 7491s
 416116 214557  -41.00560  117 1124          -  -41.00561      -   361 7537s
 418793 216132  -41.00561  119 1065          -  -41.00561      -   361 7582s
 421324 217436  -41.00561  109 1084          -  -41.00561      -   361 7626s
 423498 218891  -41.00561   96 1098          -  -41.00561      -   362 7670s
 425771 220183  -41.00561  100 1094          -  -41.00561      -   363 7715s
 427569 221506  -41.00561  176 1075          -  -41.00561      -   363 7763s
 430000 223218 infeasible  195               -  -41.00561      -   363 7810s
 432720 224310  -41.00561  142 1130          -  -41.00561      -   363 7857s
 434836 225489  -41.00561   84 1107          -  -41.00561      -   364 7904s
 436967 227262  -41.00561  119 1075          -  -41.00561      -   365 7954s
 439644 228184  -41.00561   76 1089          -  -41.00561      -   365 8000s
 441456 230122  -41.00561  190 1127          -  -41.00561      -   365 8051s
 444424 232142  -40.90785  104 1125          -  -41.00561      -   365 8099s
 447652 233683  -41.00561  135 1107          -  -41.00561      -   365 8144s
 450125 235414  -41.00561  206 1107          -  -41.00561      -   366 8188s
 452684 236588  -41.00561  241 1112          -  -41.00561      -   366 8232s
 454856 237532  -41.00560  229 1060          -  -41.00561      -   366 8276s
 456661 239201  -41.00561  195 1101          -  -41.00561      -   366 8321s
 459171 240997  -41.00561  190 1143          -  -41.00561      -   366 8367s
 462057 242796  -41.00561  120 1135          -  -41.00561      -   366 8412s
 464641 244322  -41.00560  217 1057          -  -41.00561      -   367 8455s
 467023 245818  -41.00560  162 1125          -  -41.00561      -   367 8499s
 469214 247053  -41.00560  282 1114          -  -41.00561      -   367 8544s
 470889 249220  -41.00561  169 1077          -  -41.00561      -   368 8592s
 473820 250816  -41.00561  149 1082          -  -41.00561      -   368 8637s
 476206 252516  -41.00561   83 1093          -  -41.00561      -   368 8682s
 478695 254590 infeasible  230               -  -41.00561      -   368 8727s
 481429 255933  -41.00560  250 1125          -  -41.00561      -   368 8770s
 483440 257444 infeasible  218               -  -41.00561      -   369 8817s
 485471 259054  -41.00561  194 1073          -  -41.00561      -   369 8863s
 487973 260910  -41.00560  166 1113          -  -41.00561      -   369 8909s
 490471 262929 infeasible  167               -  -41.00561      -   369 8955s
 493192 264360 infeasible  207               -  -41.00561      -   370 8999s
 495711 265798  -41.00560  214 1103          -  -41.00561      -   370 9043s
 497941 266527  -41.00561  160 1116          -  -41.00561      -   370 9089s
 499186 267964  -40.73581  181 1130          -  -41.00561      -   371 9136s
 501374 269907 infeasible  120               -  -41.00561      -   371 9186s
 504339 271279  -41.00560  232 1065          -  -41.00561      -   371 9233s
 506963 273565  -41.00561  141 1080          -  -41.00561      -   372 9281s
 510052 275444  -41.00561  117 1078          -  -41.00561      -   372 9326s
 512947 276710  -41.00561  151 1066          -  -41.00561      -   371 9368s
 514881 277964  -41.00560  144 1120          -  -41.00561      -   371 9411s
 517479 278856  -41.00561  165 1109          -  -41.00561      -   371 9454s
 519442 280329 infeasible  200               -  -41.00561      -   372 9499s
 522175 281726  -41.00561  271 1082          -  -41.00561      -   372 9542s
 524694 283459  -41.00561  173 1138          -  -41.00561      -   372 9586s
 527165 284428  -40.96553  234 1122          -  -41.00561      -   372 9629s
 529410 285927  -41.00561  168 1062          -  -41.00561      -   372 9672s
 532061 287239  -41.00561  159 1108          -  -41.00561      -   372 9714s
 534619 288555 infeasible   40               -  -41.00561      -   372 9755s
 536547 289485  -41.00560  217 1078          -  -41.00561      -   372 9799s
 539001 291252  -41.00507   99 1076          -  -41.00561      -   372 9844s
 541417 292700  -41.00507  158 1025          -  -41.00561      -   373 9887s
 543701 294182  -41.00561  203 1110          -  -41.00561      -   373 9930s
 546002 295768  -41.00561  121 1125          -  -41.00561      -   373 9974s
 548836 296846  -41.00561  266 1075          -  -41.00561      -   373 10017s
 551525 297970  -41.00561  176 1137          -  -41.00561      -   373 10058s
 553976 298783  -40.99948  173 1133          -  -41.00561      -   373 10100s
 556393 300345  -40.97592  135 1130          -  -41.00561      -   373 10143s
 558849 301551  -41.00561  199 1097          -  -41.00561      -   373 10183s
 560627 303349  -41.00561   99 1090          -  -41.00561      -   373 10226s
 563355 304847  -41.00561   84 1035          -  -41.00561      -   373 10268s
 565645 305954  -40.77889   65 1164          -  -41.00561      -   373 10309s
 567602 307507 infeasible  154               -  -41.00561      -   373 10353s
 570043 309115  -41.00561  141 1088          -  -41.00561      -   373 10396s
 572457 310323  -41.00560  212 1087          -  -41.00561      -   374 10438s
 574736 311255  -41.00560  167 1066          -  -41.00561      -   374 10481s
 576310 313209  -41.00560  247 1113          -  -41.00561      -   374 10527s
 579228 315068  -41.00561   87 1112          -  -41.00561      -   374 10572s
 581733 316737  -41.00561  151 1080          -  -41.00561      -   374 10616s
 583994 318385 infeasible  247               -  -41.00561      -   375 10661s
 586326 319842 infeasible  214               -  -41.00561      -   375 10706s
 588349 321051  -41.00561  167 1103          -  -41.00561      -   375 10751s
 590264 323014  -41.00561   91 1100          -  -41.00561      -   375 10798s
 593067 324541  -41.00561  175 1070          -  -41.00561      -   375 10844s
 595414 326314  -41.00561  163 1082          -  -41.00561      -   376 10891s
 598095 328036  -41.00561  159 1077          -  -41.00561      -   376 10940s
 600623 329916  -41.00561  288 1090          -  -41.00561      -   376 10985s
 603209 331000  -41.00560  164 1101          -  -41.00561      -   376 11028s
 605055 332958  -41.00561  129 1087          -  -41.00561      -   376 11074s
 607679 334231  -41.00560  138 1114          -  -41.00561      -   376 11118s
 609617 335963  -41.00561  127 1083          -  -41.00561      -   377 11166s
 612073 337649  -41.00561  146 1078          -  -41.00561      -   377 11212s
 614474 339885  -41.00561  120 1076          -  -41.00561      -   377 11258s
 617400 341020  -41.00561  147 1142          -  -41.00561      -   377 11302s
 619167 342694  -41.00561  213 1057          -  -41.00561      -   377 11347s
 621592 344608  -41.00561  186 1117          -  -41.00561      -   377 11394s
 624306 346584  -41.00561  140 1075          -  -41.00561      -   378 11439s
 626907 348239  -41.00561  108 1091          -  -41.00561      -   378 11484s
 629194 349726 infeasible  177               -  -41.00561      -   378 11527s
 631429 351123  -41.00560  112 1098          -  -41.00561      -   378 11571s
 633226 352901  -41.00560  185 1064          -  -41.00561      -   378 11619s
 635854 354512 infeasible  154               -  -41.00561      -   378 11664s
 638163 356368  -41.00561  219 1111          -  -41.00561      -   379 11711s
 640773 358336  -41.00561  178 1031          -  -41.00561      -   379 11757s
 643642 360099  -41.00561   96 1092          -  -41.00561      -   379 11799s
 645975 361102  -41.00559  130 1088          -  -41.00561      -   379 11842s
 647506 362819  -41.00561   37 1090          -  -41.00561      -   379 11888s
 650078 364354  -41.00561  133 1146          -  -41.00561      -   379 11934s
 652729 366270 infeasible  143               -  -41.00561      -   379 11978s
 655313 367680  -41.00560  162 1086          -  -41.00561      -   380 12022s
 657646 369303  -41.00560  113 1178          -  -41.00561      -   380 12066s
 659843 370368  -41.00561  113 1111          -  -41.00561      -   380 12110s
 661378 371870  -41.00561  146 1076          -  -41.00561      -   380 12156s
 663529 373448  -41.00561  124 1131          -  -41.00561      -   381 12204s
 666009 375184  -41.00561  154 1087          -  -41.00561      -   381 12252s
 668619 377283  -41.00561  190 1039          -  -41.00561      -   381 12299s
 671566 378765  -41.00561  233 1110          -  -41.00561      -   381 12343s
 673914 379716  -41.00561  122 1078          -  -41.00561      -   381 12387s
 675519 381075 infeasible  219               -  -41.00561      -   381 12435s
 677856 382615  -41.00561   66 1087          -  -41.00561      -   381 12481s
 680328 383828  -41.00560  235 1096          -  -41.00561      -   382 12528s
 682679 385770  -41.00561  142 1097          -  -41.00561      -   382 12575s
 685521 387223  -41.00561   84 1108          -  -41.00561      -   382 12620s
 688256 388106  -41.00561   95 1072          -  -41.00561      -   382 12662s
 689667 389532 infeasible  166               -  -41.00561      -   382 12709s
 691944 391366  -41.00560  178 1087          -  -41.00561      -   382 12756s
 694984 392760  -41.00560  187 1090          -  -41.00561      -   382 12800s
 697490 394616  -41.00464  149 1040          -  -41.00561      -   382 12843s
 700132 396006  -41.00560  116 1052          -  -41.00561      -   382 12886s
 702544 397745   -9.87453  118 1147          -  -41.00561      -   383 12930s
 704851 399563  -41.00561  128 1154          -  -41.00561      -   383 12974s
 707589 401423  -41.00560  159 1044          -  -41.00561      -   383 13015s
 710265 402203  -41.00561  111 1083          -  -41.00561      -   383 13057s
 712564 403628  -41.00561   98 1065          -  -41.00561      -   382 13098s
 715219 405269  -41.00560  290 1082          -  -41.00561      -   382 13137s
 717567 406812  -41.00561  197 1094          -  -41.00561      -   382 13178s
 720310 407716  -40.99422  216 1087          -  -41.00561      -   382 13218s
 722004 409187  -40.97337  244 1107          -  -41.00561      -   382 13258s
 724591 410582  -41.00561  195 1069          -  -41.00561      -   382 13297s
 726818 412035  -41.00561   47 1056          -  -41.00561      -   382 13337s
 728879 413257  -41.00561  202 1090          -  -41.00561      -   382 13378s
 731583 415049  -41.00561   45 1073          -  -41.00561      -   382 13419s
 733847 416608  -41.00560  217 1099          -  -41.00561      -   382 13461s
 736644 417156  -41.00549  286 1086          -  -41.00561      -   382 13498s
 737900 418822  -41.00543  111 1093          -  -41.00561      -   382 13540s
 740432 419832  -41.00560   96 1091          -  -41.00561      -   382 13581s
 743014 420759  -41.00561   78 1114          -  -41.00561      -   382 13621s
 744701 422041  -41.00561   97 1056          -  -41.00561      -   382 13663s
 747341 422612 infeasible  229               -  -41.00561      -   382 13703s
 749758 423491  -41.00561  142 1121          -  -41.00561      -   382 13744s
 752051 423524  -41.00561   28 1110          -  -41.00561      -   382 13784s
 753592 424854  -41.00561  148 1147          -  -41.00561      -   382 13827s
 756072 425402 infeasible  167               -  -41.00561      -   382 13870s
 758458 425376  -41.00561  202 1114          -  -41.00561      -   381 13912s
 760898 426299 infeasible  329               -  -41.00561      -   381 13961s
 764105 427373  -41.00561  134 1072          -  -41.00561      -   381 14008s
 766815 428246  -41.00561  174 1096          -  -41.00561      -   381 14054s
 768900 429127  -41.00561  149 1096          -  -41.00561      -   381 14103s
 772055 429877  -41.00561  119 1077          -  -41.00561      -   381 14145s
 774665 431218  -41.00561  160 1044          -  -41.00561      -   382 14195s
 776592 432060  -41.00561  163 1004          -  -41.00561      -   383 14239s
 778611 433485  -41.00561  171 1004          -  -41.00561      -   384 14296s
 780672 434679  -41.00561  163  996          -  -41.00561      -   385 14347s
 782352 434765 infeasible  136               -  -41.00561      -   386 14400s
 785972 433330  -41.00561  164  977          -  -41.00561      -   387 14445s
 790057 431225 infeasible  180               -  -41.00561      -   387 14482s
 793206 428970 infeasible  230               -  -41.00561      -   386 14516s
 796636 428031 infeasible  208               -  -41.00561      -   386 14554s
 799725 427051 infeasible  158               -  -41.00561      -   386 14593s
 802649 427473  -41.00561  240 1075          -  -41.00561      -   386 14632s
 805241 427304  -41.00561  257 1087          -  -41.00561      -   386 14676s
 808319 425096  -41.00561  213 1077          -  -41.00561      -   386 14729s
 812361 422746 infeasible  182               -  -41.00561      -   386 14767s
 815619 421475  -41.00561  167 1072          -  -41.00561      -   385 14804s
 819086 420424  -41.00560  181 1031          -  -41.00561      -   385 14839s
 822113 418772 infeasible  256               -  -41.00561      -   385 14879s
 825411 419476  -41.00561  143 1029          -  -41.00561      -   385 14918s
 826865 419651 infeasible  192               -  -41.00561      -   386 14963s
 828797 420370  -41.00561  188 1062          -  -41.00561      -   387 15013s
 830834 420832  -41.00561  204 1066          -  -41.00561      -   388 15067s
 833894 420765  -41.00561  189 1051          -  -41.00561      -   389 15125s
 836585 421021 infeasible  260               -  -41.00561      -   390 15184s
 839653 422423  -41.00561  164 1088          -  -41.00561      -   391 15246s
 842853 422359  -41.00561  231 1090          -  -41.00561      -   392 15305s
 846177 422179  -41.00561  267 1107          -  -41.00561      -   393 15368s
 849237 422697  -41.00561  219 1067          -  -41.00561      -   394 15441s
 852701 422727  -41.00561  186 1009          -  -41.00561      -   395 15509s
 856349 423009  -41.00561  142 1050          -  -41.00561      -   396 15578s
 860467 422389 infeasible  138               -  -41.00561      -   397 15645s
 863585 423297 infeasible  166               -  -41.00561      -   398 15711s
 866667 425049  -41.00561  154 1012          -  -41.00561      -   399 15780s
 869303 426926  -41.00561  126 1026          -  -41.00561      -   401 15853s
 871978 428584  -41.00561  199 1030          -  -41.00561      -   403 15934s
 874654 430404  -41.00561   84 1054          -  -41.00561      -   405 16018s
 877246 432702  -41.00561  131 1037          -  -41.00561      -   407 16106s
 880420 434803  -41.00561  165 1025          -  -41.00561      -   409 16198s
 883329 436473  -41.00561   98 1050          -  -41.00561      -   411 16295s
 885665 438920  -41.00561  212 1069          -  -41.00561      -   413 16399s
 889264 441166  -41.00561   73 1118          -  -41.00561      -   416 16502s
 892504 443727  -41.00561  130 1026          -  -41.00561      -   419 16609s
 896621 445104  -41.00561  109 1076          -  -41.00561      -   421 16717s
 898950 447675 infeasible  148               -  -41.00561      -   423 16828s
 902616 450459  -41.00561  150 1047          -  -41.00561      -   426 16938s
 906510 452837  -41.00560  166  987          -  -41.00561      -   428 17045s
 910150 455604  -41.00561  117 1055          -  -41.00561      -   431 17152s
 914145 458335 infeasible  208               -  -41.00561      -   433 17258s
 917894 460495  -41.00561   78 1056          -  -41.00561      -   436 17363s
 921364 462833 infeasible  146               -  -41.00561      -   438 17467s
 925264 465199  -41.00561  102 1044          -  -41.00561      -   440 17569s
 929032 466624  -41.00561   95 1066          -  -41.00561      -   443 17672s
 931192 468833 infeasible  125               -  -41.00561      -   444 17781s
 934583 471435  -41.00561  141 1105          -  -41.00561      -   447 17893s
 938207 474127  -41.00561  119 1039          -  -41.00561      -   450 18002s
 942020 476418  -41.00561   90 1035          -  -41.00561      -   452 18111s
 945683 478401  -41.00561  133 1062          -  -41.00561      -   455 18222s
 948721 480927  -41.00561  171 1012          -  -41.00561      -   457 18337s
 952663 482981 infeasible  127               -  -41.00561      -   460 18448s
 955964 485595  -41.00561  105 1040          -  -41.00561      -   462 18559s
 959622 487360 infeasible  137               -  -41.00561      -   464 18671s
 962307 489906  -41.00561  111 1060          -  -41.00561      -   466 18791s
 966757 492465  -40.96882  200 1065          -  -41.00561      -   468 18905s
 970871 495017  -41.00561  143 1075          -  -41.00561      -   471 19014s
 973426 495017 infeasible  268               -  -41.00561      -   472 19015s
 974689 497238  -41.00561  165 1050          -  -41.00561      -   473 19120s
 978406 499623  -41.00561  148 1054          -  -41.00561      -   475 19224s
 981949 501621  -41.00561   67 1137          -  -41.00561      -   477 19327s
 985197 503870  -41.00561   76 1044          -  -41.00561      -   479 19433s
 988556 506463  -41.00561  132 1028          -  -41.00561      -   481 19541s
 992231 508314 infeasible   77               -  -41.00561      -   484 19651s
 994796 510759  -41.00561   70 1077          -  -41.00561      -   485 19766s
 998500 513686  -41.00561   56 1065          -  -41.00561      -   488 19880s
 1002481 516097  -41.00561  101 1058          -  -41.00561      -   490 19990s
 1006274 518729  -41.00561  112 1177          -  -41.00561      -   492 20098s
 1010090 521377  -41.00561  107 1033          -  -41.00561      -   494 20206s
 1013890 523468  -41.00561  100 1045          -  -41.00561      -   496 20314s
 1016881 525943  -41.00561   71 1024          -  -41.00561      -   498 20421s
 1020520 527817  -41.00561  131 1033          -  -41.00561      -   500 20530s
 1024336 529897  -41.00561   70 1043          -  -41.00561      -   502 20635s
 1028306 530886  -41.00561   48 1078          -  -41.00561      -   504 20740s
 1031082 532731  -41.00561  147 1036          -  -41.00561      -   505 20848s
 1035041 534760  -41.00561   38 1061          -  -41.00561      -   507 20954s
 1039425 536360 infeasible  185               -  -41.00561      -   509 21053s
 1043207 538236  -41.00561  110 1031          -  -41.00561      -   510 21152s
 1046996 540582 infeasible   30               -  -41.00561      -   512 21250s
 1050658 542539  -41.00561  117 1047          -  -41.00561      -   513 21349s
 1053856 544495  -41.00561   59 1051          -  -41.00561      -   515 21449s
 1056718 547065 infeasible  178               -  -41.00561      -   516 21555s
 1060559 549773  -41.00561   64 1096          -  -41.00561      -   518 21657s
 1064435 551918  -41.00561   65 1076          -  -41.00561      -   520 21754s
 1067722 554024  -41.00561  115 1045          -  -41.00561      -   522 21853s
 1071079 555302  -41.00561  127 1029          -  -41.00561      -   523 21958s
 1073497 557457  -41.00561   81 1048          -  -41.00561      -   525 22068s
 1077448 560135  -41.00561  146 1027          -  -41.00561      -   526 22175s
 1081475 562560 infeasible  135               -  -41.00561      -   528 22283s
 1085651 564678  -41.00561  106 1045          -  -41.00561      -   530 22382s
 1089063 566892  -41.00561  118 1083          -  -41.00561      -   531 22483s
 1092449 569240  -41.00561   99 1061          -  -41.00561      -   533 22585s
 1096175 570843  -41.00561  154 1006          -  -41.00561      -   534 22691s
 1099088 573280  -41.00561  153 1010          -  -41.00561      -   535 22795s
 1102953 576027  -41.00561   88 1061          -  -41.00561      -   537 22897s
 1107089 578380  -41.00561   57 1072          -  -41.00561      -   538 22995s
 1111146 580487  -41.00561   92 1062          -  -41.00561      -   540 23091s
 1114518 582726  -41.00561  198  970          -  -41.00561      -   541 23186s
 1118166 584570  -41.00561  186 1027          -  -41.00561      -   543 23283s
 1120906 587199  -41.00561  183 1052          -  -41.00561      -   544 23383s
 1125003 589321  -41.00561  166  995          -  -41.00561      -   545 23478s
 1128517 591517  -41.00561  126 1111          -  -41.00561      -   547 23573s
 1131570 593355  -41.00561  159  977          -  -41.00561      -   548 23672s
 1135136 595296  -41.00561   89 1024          -  -41.00561      -   550 23774s
 1138001 597503  -41.00560  115 1056          -  -41.00561      -   551 23881s
 1142200 599189  -41.00561  149 1084          -  -41.00561      -   552 23980s
 1146224 600625  -41.00481  142 1003          -  -41.00561      -   553 24076s
 1149611 602358  -40.98201  186 1017          -  -41.00561      -   555 24174s
 1153810 604026 infeasible  235               -  -41.00561      -   556 24269s
 1156376 606414  -41.00559  129 1035          -  -41.00561      -   556 24365s
 1159972 608809  -41.00561  101 1075          -  -41.00561      -   558 24465s
 1163318 611039  -41.00561   85 1056          -  -41.00561      -   559 24567s
 1167039 613081  -41.00561  129 1050          -  -41.00561      -   561 24664s
 1170515 614839  -41.00561  154 1090          -  -41.00561      -   562 24762s
 1174249 616545  -41.00561  194 1047          -  -41.00561      -   563 24863s
 1176673 618749  -41.00561  188  984          -  -41.00561      -   564 24968s
 1180621 621072  -41.00561   74 1057          -  -41.00561      -   566 25068s
 1184259 622971  -41.00561   94 1059          -  -41.00561      -   567 25170s
 1188022 625182  -41.00561  193  987          -  -41.00561      -   568 25268s
 1191649 626723  -41.00561  109 1055          -  -41.00561      -   570 25369s
 1193898 629064  -41.00561  116 1039          -  -41.00561      -   571 25476s
 1198062 631167  -41.00561  173  981          -  -41.00561      -   572 25579s
 1202365 633081  -41.00560  138 1037          -  -41.00561      -   573 25675s
 1206722 635396  -41.00561  101 1076          -  -41.00561      -   574 25766s
 1210426 636855  -41.00561  137 1025          -  -41.00561      -   575 25856s
 1213940 638200 infeasible  158               -  -41.00561      -   576 25950s
 1216483 640059  -41.00560  129 1073          -  -41.00561      -   577 26049s
 1218576 640059  -41.00496   89 1038          -  -41.00561      -   577 26050s
 1220038 641426  -41.00561  159 1025          -  -41.00561      -   578 26157s
 1224179 643655  -41.00561  101 1072          -  -41.00561      -   579 26257s
 1227580 645817  -41.00561  155 1024          -  -41.00561      -   580 26361s
 1230848 647670  -41.00561   90 1062          -  -41.00561      -   581 26471s
 1233473 649662  -41.00561  129 1044          -  -41.00561      -   583 26576s
 1236912 651984  -41.00561  173 1062          -  -41.00561      -   584 26680s
 1240428 653519  -41.00561  156  980          -  -41.00561      -   585 26782s
 1242691 655890  -41.00561  165 1064          -  -41.00561      -   586 26890s
 1246257 658573  -41.00561  127 1056          -  -41.00561      -   588 26998s
 1250424 660795  -41.00561   54 1076          -  -41.00561      -   589 27100s
 1254028 663336  -41.00561  101 1044          -  -41.00561      -   590 27206s
 1257939 665195 infeasible  181               -  -41.00561      -   592 27308s
 1261454 667449  -41.00561  160  984          -  -41.00561      -   593 27408s
 1265176 668934  -41.00561  132 1049          -  -41.00561      -   594 27510s
 1267690 671222 infeasible  155               -  -41.00561      -   595 27616s
 1271520 673583  -41.00561  169 1034          -  -41.00561      -   596 27720s
 1275341 675775 infeasible  250               -  -41.00561      -   597 27821s
 1279303 677999  -41.00561  158 1044          -  -41.00561      -   598 27919s
 1282736 680251  -41.00561   97 1056          -  -41.00561      -   600 28016s
 1286284 682448  -41.00561  138 1052          -  -41.00561      -   601 28113s
 1289401 683822  -41.00561  159 1027          -  -41.00561      -   602 28215s
 1291608 686416  -41.00561  128  978          -  -41.00561      -   603 28326s
 1295540 688975  -41.00561   98 1046          -  -41.00561      -   604 28431s
 1299301 691301  -41.00561  125 1058          -  -41.00561      -   606 28534s
 1302793 693726  -41.00561  141 1015          -  -41.00561      -   607 28637s
 1306629 696067  -41.00561  101 1054          -  -41.00561      -   608 28741s
 1310121 698503  -41.00561  132 1078          -  -41.00561      -   609 28843s
 1313619 700235  -41.00561  112 1063          -  -41.00561      -   610 28948s
 1316234 702918  -41.00561  115 1037          -  -41.00561      -   611 29055s
 1320373 705397  -41.00561   99 1076          -  -41.00561      -   612 29159s
 1324266 707698  -41.00561   86 1113          -  -41.00561      -   614 29260s
 1327660 710205  -41.00561   73 1045          -  -41.00561      -   615 29363s
 1331399 712230  -41.00561   94 1087          -  -41.00561      -   616 29464s
 1334483 714490  -41.00561  155 1031          -  -41.00561      -   617 29576s
 1338409 715931  -41.00561   46 1084          -  -41.00561      -   618 29692s
 1340846 718360  -41.00561  105 1060          -  -41.00561      -   619 29809s
 1344587 720732  -41.00561  162 1052          -  -41.00561      -   620 29916s
 1348403 723213  -41.00561  109 1065          -  -41.00561      -   622 30033s
 1352099 725459  -41.00561  138 1019          -  -41.00561      -   623 30133s
 1355795 727679  -41.00561  116 1055          -  -41.00561      -   624 30235s
 1359024 730207  -41.00561   99 1057          -  -41.00561      -   625 30340s
 1363056 731803  -41.00561  146 1043          -  -41.00561      -   626 30440s
 1365472 733857  -41.00561  112 1063          -  -41.00561      -   627 30553s
 1369223 736099  -41.00561  104 1013          -  -41.00561      -   628 30658s
 1372843 738373  -41.00561  139 1073          -  -41.00561      -   629 30765s
 1376823 740384 infeasible  185               -  -41.00561      -   630 30868s
 1380621 742455 infeasible   84               -  -41.00561      -   631 30968s
 1384308 744186  -41.00561  109 1135          -  -41.00561      -   632 31074s
 1387764 745732  -41.00561   94 1039          -  -41.00561      -   633 31176s
 1390154 748157  -41.00561   62 1053          -  -41.00561      -   634 31283s
 1393915 750415  -41.00561   79 1050          -  -41.00561      -   635 31388s
 1397803 752855  -41.00561   85 1063          -  -41.00561      -   636 31489s
 1401164 755317  -41.00561  143 1061          -  -41.00561      -   637 31591s
 1404754 757273 infeasible  126               -  -41.00561      -   638 31694s
 1407830 759982 infeasible  156               -  -41.00561      -   639 31798s
 1411723 761623  -41.00561  167  994          -  -41.00561      -   640 31901s
 1414002 763928 infeasible  173               -  -41.00561      -   641 32012s
 1417671 766342  -41.00561  157 1031          -  -41.00561      -   642 32120s
 1421199 768957  -41.00561  143 1010          -  -41.00561      -   643 32231s
 1424896 771655  -41.00561  103 1040          -  -41.00561      -   644 32339s
 1428748 773878  -41.00561  160 1080          -  -41.00561      -   645 32445s
 1431757 776626  -41.00561  167 1049          -  -41.00561      -   646 32552s
 1436025 778857  -41.00561  109 1043          -  -41.00561      -   647 32655s
 1439158 780766  -41.00561  138 1056          -  -41.00561      -   649 32762s
 1441935 783361  -41.00561  168 1040          -  -41.00561      -   649 32874s
 1445709 785986  -41.00561   88 1056          -  -41.00561      -   650 32983s
 1449151 788727  -41.00561  180 1024          -  -41.00561      -   651 33092s
 1453086 791077  -41.00561   45 1081          -  -41.00561      -   653 33196s
 1456351 793710  -41.00561  177 1048          -  -41.00561      -   654 33305s
 1460062 796268  -41.00561  113 1058          -  -41.00561      -   654 33411s
 1463842 798591  -41.00505   82 1053          -  -41.00561      -   655 33514s
 1467505 800228  -41.00561   65 1062          -  -41.00561      -   656 33619s
 1469737 802643  -41.00561   88 1082          -  -41.00561      -   657 33731s
 1473441 805336 infeasible  159               -  -41.00561      -   658 33840s
 1477268 807661  -41.00561  140 1070          -  -41.00561      -   659 33946s
 1480901 810187  -41.00561  126 1042          -  -41.00561      -   660 34050s
 1484599 812552  -41.00561  172 1005          -  -41.00561      -   661 34153s
 1488140 814947  -41.00561  133 1037          -  -41.00561      -   662 34256s
 1491615 817547  -41.00561   99 1062          -  -41.00561      -   663 34358s
 1495724 819132  -41.00561  180 1050          -  -41.00561      -   664 34460s
 1498305 821410  -41.00561  130 1069          -  -41.00561      -   665 34565s
 1502115 823555  -41.00561   91 1044          -  -41.00561      -   665 34666s
 1505830 826075 infeasible  143               -  -41.00561      -   666 34765s
 1509672 828160  -41.00561   94 1065          -  -41.00561      -   667 34864s
 1512580 828160  -41.00561  128 1057          -  -41.00561      -   667 34865s
 1513950 830501  -41.00561  124 1034          -  -41.00561      -   667 34957s
 1517612 832131  -41.00560  154 1002          -  -41.00561      -   668 35056s
 1520231 834488  -41.00560  185 1071          -  -41.00561      -   669 35152s
 1523676 836680  -41.00561   87 1096          -  -41.00561      -   669 35250s
 1527079 838846  -41.00561  144 1024          -  -41.00561      -   670 35346s
 1530883 841082  -41.00561   87 1080          -  -41.00561      -   671 35440s
 1534803 842060  -41.00561  148 1073          -  -41.00561      -   672 35534s
 1537401 844086  -41.00561   71 1078          -  -41.00561      -   672 35632s
 1541277 846146  -41.00561  134 1028          -  -41.00561      -   673 35729s
 1544723 848245 infeasible  182               -  -41.00561      -   673 35826s
 1548358 850051  -41.00561   96 1040          -  -41.00561      -   674 35921s
 1551913 851716  -41.00561  142 1044          -  -41.00561      -   675 36020s
 1555076 853365  -41.00561  121 1115          -  -41.00561      -   675 36120s
 1558421 855252  -41.00561  119 1032          -  -41.00561      -   676 36217s
 1562010 856875  -41.00561  173 1038          -  -41.00561      -   677 36312s
 1565821 858239  -41.00561  162 1062          -  -41.00561      -   677 36408s
 1568497 860118  -41.00561  115 1063          -  -41.00561      -   678 36507s
 1572526 861799  -41.00561  164  994          -  -41.00561      -   678 36601s
 1576568 863592  -41.00561  105 1028          -  -41.00561      -   679 36691s
 1580018 865742 infeasible  260               -  -41.00561      -   679 36783s
 1583976 867337  -41.00561  123 1031          -  -41.00561      -   680 36875s
 1586487 869730  -41.00561   97 1038          -  -41.00561      -   680 36969s
 1590419 871164 infeasible  192               -  -41.00561      -   681 37058s
 1593893 873093  -41.00561  144 1059          -  -41.00561      -   682 37148s
 1597666 874320 infeasible  178               -  -41.00561      -   682 37239s
 1600358 876429 infeasible  160               -  -41.00561      -   682 37333s
 1604393 878200 infeasible  169               -  -41.00561      -   683 37423s
 1609405 879665  -41.00561  220 1021          -  -41.00561      -   683 37502s
 1614214 881070  -41.00561  216 1042          -  -41.00561      -   682 37572s
 1617727 882382  -41.00561  210 1010          -  -41.00561      -   682 37647s
 1621283 883701  -41.00561  142 1055          -  -41.00561      -   682 37722s
 1623787 885006  -41.00561  192 1064          -  -41.00561      -   682 37794s
 1627374 885949  -41.00561  216 1094          -  -41.00561      -   682 37871s
 1629569 886983 infeasible  244               -  -41.00561      -   683 37952s
 1633904 887979  -41.00561  254 1029          -  -41.00561      -   682 38029s
 1638018 889002 infeasible  221               -  -41.00561      -   682 38100s
 1641991 890148  -41.00561  149 1023          -  -41.00561      -   682 38176s
 1645169 891044 infeasible  223               -  -41.00561      -   682 38246s
 1648573 891893 infeasible  213               -  -41.00561      -   682 38320s
 1651390 893149  -41.00561  204 1076          -  -41.00561      -   682 38398s
 1654660 894371  -41.00561  195 1196          -  -41.00561      -   683 38472s
 1658047 895266 infeasible  246               -  -41.00561      -   683 38547s
 1661728 896271  -41.00561  242 1075          -  -41.00561      -   683 38621s
 1665305 896800 infeasible  213               -  -41.00561      -   683 38697s
 1669056 897566 infeasible  165               -  -41.00561      -   682 38771s
 1672856 898439  -41.00561  217 1069          -  -41.00561      -   682 38841s
 1676590 899321  -41.00561  168 1081          -  -41.00561      -   682 38909s
 1680038 900334 infeasible  213               -  -41.00561      -   682 38980s
 1683275 901162 infeasible  178               -  -41.00561      -   682 39053s
 1685981 902349  -41.00560  204 1022          -  -41.00561      -   682 39126s
 1689547 903624  -41.00560  166 1055          -  -41.00561      -   682 39201s
 1693350 905177  -41.00560   93 1080          -  -41.00561      -   682 39273s
 1696693 906505 infeasible  161               -  -41.00561      -   682 39355s
 1699806 907521  -41.00560   88 1074          -  -41.00561      -   682 39442s
 1701948 909473  -41.00560   67 1050          -  -41.00561      -   683 39528s
 1705334 910970  -41.00560  222 1010          -  -41.00561      -   683 39626s
 1708979 912545  -41.00560  110 1032          -  -41.00561      -   684 39715s
 1712104 914436 infeasible  178               -  -41.00561      -   684 39808s
 1715917 915646  -41.00560  111 1058          -  -41.00561      -   684 39899s
 1718217 918025  -41.00560  120 1070          -  -41.00561      -   684 39996s
 1721948 920365  -41.00560  145 1010          -  -41.00561      -   685 40091s
 1726166 922164  -41.00560  182 1094          -  -41.00561      -   685 40175s
 1730045 924019  -41.00560  150 1034          -  -41.00561      -   685 40258s
 1733484 925511  -41.00560  221 1080          -  -41.00561      -   685 40349s
 1736610 927319  -41.00560  141 1076          -  -41.00561      -   686 40439s
 1739730 928627  -41.00560  160 1060          -  -41.00561      -   686 40533s
 1742197 930458  -41.00560  147 1051          -  -41.00561      -   687 40630s
 1745965 932052  -41.00560  186  994          -  -41.00561      -   687 40722s
 1748976 934198  -41.00560   42 1078          -  -41.00561      -   688 40816s
 1752903 935712  -41.00560  130 1105          -  -41.00561      -   688 40903s
 1755801 937990 infeasible  177               -  -41.00561      -   688 40998s
 1759576 939891 infeasible  189               -  -41.00561      -   689 41095s
 1763007 941262  -41.00560  118 1070          -  -41.00561      -   689 41197s
 1765557 943170  -41.00560  105 1055          -  -41.00561      -   689 41296s
 1769076 945727  -41.00560  115 1048          -  -41.00561      -   690 41394s
 1773415 947830  -41.00560  135 1055          -  -41.00561      -   690 41492s
 1776781 949501  -41.00560  103 1051          -  -41.00561      -   691 41589s
 1779406 951740 infeasible  188               -  -41.00561      -   691 41684s
 1781496 951740  -41.00560   96 1034          -  -41.00561      -   691 41685s
 1783142 953763 infeasible  142               -  -41.00561      -   691 41783s
 1786466 955728  -41.00560  155 1040          -  -41.00561      -   692 41885s
 1789563 957795  -41.00560  174 1052          -  -41.00561      -   693 41982s
 1793014 959977  -41.00560  169 1074          -  -41.00561      -   693 42077s
 1796973 962003  -41.00560  100 1083          -  -41.00561      -   693 42171s
 1800311 963635  -41.00560  222 1078          -  -41.00561      -   694 42268s
 1803213 966141  -41.00560  127 1051          -  -41.00561      -   694 42364s
 1807177 968147 infeasible  182               -  -41.00561      -   694 42454s
 1811417 969956  -41.00560  165 1015          -  -41.00561      -   695 42539s
 1814808 971754  -41.00560  153 1014          -  -41.00561      -   695 42625s
 1818038 973467 infeasible  178               -  -41.00561      -   695 42725s
 1821181 975356  -41.00560  263 1018          -  -41.00561      -   696 42821s
 1824921 976908 infeasible  147               -  -41.00561      -   696 42926s
 1827839 978253  -41.00560   84 1062          -  -41.00561      -   696 43024s
 1830949 979962  -41.00560  198 1044          -  -41.00561      -   697 43116s
 1834156 981426  -41.00560  187 1045          -  -41.00561      -   697 43200s

Cutting planes:
  Implied bound: 6
  RLT: 289

Explored 1837189 nodes (1282243705 simplex iterations) in 43200.13 seconds (76574.18 work units)
Thread count was 12 (of 12 available processors)

Solution count 0

Time limit reached
Best objective -, best bound -4.100560592112e+01, gap -
