
Gurobi 11.0.2 (win64) logging started Thu Oct 10 20:10:38 2024

Set parameter LogFile to value ".\Experiments\Reactor\Logs\Reactor_r1_c1.log"
Set parameter TimeLimit to value 86400
Gurobi Optimizer version 11.0.2 build v11.0.2rc0 (win64 - Windows 10.0 (19045.2))

CPU model: Intel(R) Core(TM) i7-10750H CPU @ 2.60GHz, instruction set [SSE2|AVX|AVX2]
Thread count: 6 physical cores, 12 logical processors, using up to 12 threads

Optimize a model with 8131 rows, 115682 columns and 181467 nonzeros
Model fingerprint: 0x095cb1b0
Model has 4044 quadratic constraints
Model has 108 general constraints
Variable types: 115682 continuous, 0 integer (0 binary)
Coefficient statistics:
  Matrix range     [1e-13, 6e+01]
  QMatrix range    [1e+00, 1e+00]
  QLMatrix range   [1e+00, 1e+00]
  Objective range  [1e+00, 1e+00]
  Bounds range     [1e-13, 9e+02]
  RHS range        [4e-11, 1e+00]
  QRHS range       [1e-05, 1e+00]
Presolve removed 1759 rows and 108901 columns
Presolve time: 0.06s
Presolved: 19248 rows, 6782 columns, 200497 nonzeros
Presolved model has 3276 bilinear constraint(s)
Presolved model has 108 nonlinear constraint(s)
Warning: Model contains variables with very large bounds participating
         in nonlinear terms.
         Presolve was not able to compute smaller bounds for these variables.
         Consider bounding these variables or reformulating the model.


Solving non-convex MINLP

Variable types: 6782 continuous, 0 integer (0 binary)

Root relaxation: objective 6.542643e-02, 3383 iterations, 0.51 seconds (1.26 work units)

    Nodes    |    Current Node    |     Objective Bounds      |     Work
 Expl Unexpl |  Obj  Depth IntInf | Incumbent    BestBd   Gap | It/Node Time

     0     0    0.06543    0 1853          -    0.06543      -     -    3s
     0     0    0.06543    0 1861          -    0.06543      -     -    3s
     0     0    0.06543    0 1861          -    0.06543      -     -    3s
     0     0    0.06543    0 1810          -    0.06543      -     -    3s
     0     0    0.06543    0 1810          -    0.06543      -     -    4s
     0     0    0.06543    0 1816          -    0.06543      -     -    4s
     0     0    0.06543    0 1818          -    0.06543      -     -    4s
     0     0    0.06543    0 1813          -    0.06543      -     -    4s
     0     0    0.06543    0 1806          -    0.06543      -     -    4s
     0     0    0.06543    0 1789          -    0.06543      -     -    8s
     0     2    0.06543    0 1789          -    0.06543      -     -   12s
    31    43    0.06543    5 1733          -    0.06543      -   446   19s
    51    63    0.06543    7 1717          -    0.06543      -   388   20s
   100   181    0.06543   11 1756          -    0.06543      -   306   36s
   182   298    0.06543   20 1693          -    0.06543      -   348   54s
   301   598    0.06543   29 1763          -    0.06543      -   371   95s
   609   803    0.06543   62 1776          -    0.06543      -   438  141s
   836   882    0.06543   89 1659          -    0.06543      -   520  228s
   939  1024    0.06543  116 1515          -    0.06543      -   626  287s
  1101  1102    0.06543  120 1468          -    0.06543      -   735  355s
  1235  1236    0.06543  133 1473          -    0.06543      -   861  422s
  1413  1306 infeasible  145               -    0.06543      -   976  521s
  1577  1398 infeasible  146               -    0.06543      -  1113  610s
  1772  1400    0.06543   66    0          -    0.06543      -  1204  631s
  1773  1401    0.06543   37    0          -    0.06543      -  1203  644s
  1774  1402    0.06543  105    0          -    0.06543      -  1202  651s
  1775  1402    0.06543   83    0          -    0.06543      -  1202  678s
H 1781  1335                       0.0654264    0.06543  0.00%  1198  684s

Cutting planes:
  RLT: 255

Explored 1781 nodes (2145566 simplex iterations) in 684.22 seconds (1106.39 work units)
Thread count was 12 (of 12 available processors)

Solution count 1: 0.0654264 
No other solutions better than 0.0654264

Optimal solution found (tolerance 1.00e-04)
Best objective 6.542642594398e-02, best bound 6.542642594398e-02, gap 0.0000%
