
Gurobi 11.0.2 (win64) logging started Fri Oct 11 20:22:24 2024

Set parameter LogFile to value ".\Experiments\Reactor\Logs\Reactor_r1_c3.log"
Set parameter TimeLimit to value 86400
Gurobi Optimizer version 11.0.2 build v11.0.2rc0 (win64 - Windows 10.0 (19045.2))

CPU model: Intel(R) Core(TM) i7-10750H CPU @ 2.60GHz, instruction set [SSE2|AVX|AVX2]
Thread count: 6 physical cores, 12 logical processors, using up to 12 threads

Optimize a model with 8119 rows, 115682 columns and 181455 nonzeros
Model fingerprint: 0xe3432270
Model has 4044 quadratic constraints
Model has 108 general constraints
Variable types: 115682 continuous, 0 integer (0 binary)
Coefficient statistics:
  Matrix range     [1e-13, 6e+01]
  QMatrix range    [1e+00, 1e+00]
  QLMatrix range   [1e+00, 1e+00]
  Objective range  [1e+00, 1e+00]
  Bounds range     [1e-13, 9e+02]
  RHS range        [4e-11, 1e+00]
  QRHS range       [1e-05, 1e+00]
Presolve removed 1747 rows and 108901 columns
Presolve time: 0.08s
Presolved: 19248 rows, 6782 columns, 201665 nonzeros
Presolved model has 3276 bilinear constraint(s)
Presolved model has 108 nonlinear constraint(s)
Warning: Model contains variables with very large bounds participating
         in nonlinear terms.
         Presolve was not able to compute smaller bounds for these variables.
         Consider bounding these variables or reformulating the model.


Solving non-convex MINLP

Variable types: 6782 continuous, 0 integer (0 binary)
Found heuristic solution: objective 0.0654264

Explored 1 nodes (0 simplex iterations) in 2.32 seconds (2.10 work units)
Thread count was 12 (of 12 available processors)

Solution count 1: 0.0654264 
No other solutions better than 0.0654264

Optimal solution found (tolerance 1.00e-04)
Best objective 6.542642594398e-02, best bound 6.542642594398e-02, gap 0.0000%
