
Gurobi 11.0.2 (win64) logging started Sat Oct 12 12:27:48 2024

Set parameter LogFile to value ".\Experiments\Reactor\Logs\Reactor_r2_c2.log"
Set parameter TimeLimit to value 86400
Gurobi Optimizer version 11.0.2 build v11.0.2rc0 (win64 - Windows 10.0 (19045.2))

CPU model: Intel(R) Core(TM) i7-10750H CPU @ 2.60GHz, instruction set [SSE2|AVX|AVX2]
Thread count: 6 physical cores, 12 logical processors, using up to 12 threads

Optimize a model with 8131 rows, 115682 columns and 181467 nonzeros
Model fingerprint: 0x9014d850
Model has 4044 quadratic constraints
Model has 108 general constraints
Variable types: 115682 continuous, 0 integer (0 binary)
Coefficient statistics:
  Matrix range     [1e-13, 6e+01]
  QMatrix range    [1e+00, 1e+00]
  QLMatrix range   [1e+00, 1e+00]
  Objective range  [1e+00, 1e+00]
  Bounds range     [1e-13, 9e+02]
  RHS range        [4e-11, 1e+00]
  QRHS range       [1e-05, 1e+00]
Presolve removed 1759 rows and 108901 columns
Presolve time: 0.05s
Presolved: 19248 rows, 6782 columns, 201581 nonzeros
Presolved model has 3276 bilinear constraint(s)
Presolved model has 108 nonlinear constraint(s)
Warning: Model contains variables with very large bounds participating
         in nonlinear terms.
         Presolve was not able to compute smaller bounds for these variables.
         Consider bounding these variables or reformulating the model.


Solving non-convex MINLP

Variable types: 6782 continuous, 0 integer (0 binary)

Root relaxation: objective 6.542643e-02, 3295 iterations, 0.46 seconds (1.28 work units)

    Nodes    |    Current Node    |     Objective Bounds      |     Work
 Expl Unexpl |  Obj  Depth IntInf | Incumbent    BestBd   Gap | It/Node Time

     0     0    0.06543    0 1846          -    0.06543      -     -    3s
     0     0    0.06543    0 1851          -    0.06543      -     -    3s
     0     0    0.06543    0 1851          -    0.06543      -     -    3s
     0     0    0.06543    0 1808          -    0.06543      -     -    3s
     0     0    0.06543    0 1807          -    0.06543      -     -    3s
     0     0    0.06543    0 1814          -    0.06543      -     -    3s
     0     0    0.06543    0 1821          -    0.06543      -     -    3s
     0     0    0.06543    0 1822          -    0.06543      -     -    3s
     0     0    0.06543    0 1814          -    0.06543      -     -    3s
     0     0    0.06543    0 1772          -    0.06543      -     -    7s
     0     2    0.06543    0 1772          -    0.06543      -     -   11s
     3     8    0.06543    2 1783          -    0.06543      -   155   15s
    81   140    0.06543   10 1714          -    0.06543      -   375   21s
   141   203    0.06543   17 1657          -    0.06543      -   319   50s
   206   521    0.06543   24 1628          -    0.06543      -   484   78s
   532   796    0.06543   59 1714          -    0.06543      -   409  114s
   823   838    0.06543   82 1606          -    0.06543      -   415  153s
   895   895    0.06543   87 1542          -    0.06543      -   542  204s
   978   907    0.06543  106 1563          -    0.06543      -   648  256s
  1042   926    0.06543  112 1549          -    0.06543      -   789  309s
  1099  1083  postponed  114               -    0.06543      -   919  361s
  1306  1226    0.06543   25 1877          -    0.06543      -   920  420s
  1517  1391 infeasible   77               -    0.06543      -   944  491s
  1774  1393    0.06543   65    0          -    0.06543      -   963  499s
  1775  1393    0.06543   37    0          -    0.06543      -   962  523s
  1776  1394    0.06543   51    0          -    0.06543      -   961  542s
  1777  1395    0.06543   28    0          -    0.06543      -   961  571s
  1785  1400    0.06543   31    0          -    0.06543      -   957  585s
  1816  1428    0.06543   18 1802          -    0.06543      -   951  590s
  1901  1532    0.06543   27 1670          -    0.06543      -   920  595s
  1955  1675    0.06543   29 1668          -    0.06543      -   904  616s
  2116  1920    0.06543   46 1666          -    0.06543      -   860  649s
  2418  1934    0.06543   89 1612          -    0.06543      -   819  701s
  2555  1898    0.06543  124 1628          -    0.06543      -   846  757s
  2601  1930 infeasible  126               -    0.06543      -   890  827s
  2684  1928    0.06543   46 1505          -    0.06543      -   941  880s
  2754  1917    0.06543   49 1506          -    0.06543      -   976  960s
  2800  2096    0.06543   51 1549          -    0.06543      -  1043 1035s
  3020  2166    0.06543   65 1459          -    0.06543      -  1047 1131s
  3212  2238    0.06543   74 1470          -    0.06543      -  1090 1236s
  3394  2224    0.06543   88 1427          -    0.06543      -  1147 1817s
  3474  2247    0.06543   92 1547          -    0.06543      -  1208 1936s
  3606  2251    0.06543   99 1543          -    0.06543      -  1290 2063s
  3694  2284 infeasible  106               -    0.06543      -  1389 2196s
  3888  2386    0.06543   87 1440          -    0.06543      -  1442 2674s
  4197  2570  postponed   90               -    0.06543      -  1456 3232s
  4674  2493 infeasible   92               -    0.06543      -  1431 4190s
  4924  2550  postponed  108               -    0.06543      -  1477 4420s
  5392  2600 infeasible  106               -    0.06543      -  1506 5373s
  5900  2530 infeasible  139               -    0.06543      -  1499 6076s
  6438  2675  postponed  140               -    0.06543      -  1507 6383s
  7167  2793 infeasible  143               -    0.06543      -  1511 7233s
  7707  3031 infeasible  143               -    0.06543      -  1515 7578s
  8429  3328 infeasible  139               -    0.06543      -  1525 7949s
  9308  3475    0.06543  142 1554          -    0.06543      -  1518 8319s
  9997  3593 infeasible  138               -    0.06543      -  1535 8681s
 10769  3669 infeasible  140               -    0.06543      -  1543 9069s
 11515  3746 infeasible  144               -    0.06543      -  1562 9454s
 12420  3838 infeasible  140               -    0.06543      -  1559 9853s
 13130  3930 infeasible  129               -    0.06543      -  1579 10281s
 13878  4014    0.06543  140 1574          -    0.06543      -  1601 10727s
 14660  4042 infeasible  144               -    0.06543      -  1623 11170s
 15426  4079 infeasible  135               -    0.06543      -  1645 11659s
 16369  4138 infeasible  140               -    0.06543      -  1659 12143s
 17242  4229 infeasible  143               -    0.06543      -  1672 12646s
 18255  4279    0.06543  138 1578          -    0.06543      -  1681 13149s
 19057  4253 infeasible  133               -    0.06543      -  1694 13655s
 19911  4283 infeasible  139               -    0.06543      -  1710 14159s
 20837  4315 infeasible  144               -    0.06543      -  1720 14667s
 21803  4307    0.06543  141 1549          -    0.06543      -  1723 15179s
 22555  4305 infeasible  138               -    0.06543      -  1743 15684s
 23447  4308 infeasible  144               -    0.06543      -  1750 16178s
 24358  4334    0.06543  141 1556          -    0.06543      -  1750 16707s
 25176  4312 infeasible  137               -    0.06543      -  1763 17240s
 26158  4310  postponed  142               -    0.06543      -  1768 17748s
 27058  4325    0.06543  138 1548          -    0.06543      -  1773 18268s
 28045  4342  postponed  142               -    0.06543      -  1775 18784s
 29098  4363    0.06543  138 1516          -    0.06543      -  1774 19288s
 29911  4378    0.06543  141 1527          -    0.06543      -  1786 19795s
 30830  4364 infeasible  134               -    0.06543      -  1791 20295s
 31694  4381    0.06543  136 1562          -    0.06543      -  1796 20803s
 32595  4418  postponed  138               -    0.06543      -  1801 21320s
 33458  4457 infeasible  136               -    0.06543      -  1806 22442s
 34277  4526    0.06543  137 1553          -    0.06543      -  1810 22991s
 35252  4573 infeasible  134               -    0.06543      -  1813 23526s
 36087  4616 infeasible  132               -    0.06543      -  1820 24064s
 37088  4621 infeasible  139               -    0.06543      -  1822 24994s
 37853  4669 infeasible  139               -    0.06543      -  1826 25554s
 38623  4666 infeasible  133               -    0.06543      -  1836 26117s
 39750  4714  postponed  136               -    0.06543      -  1834 27079s
 40656  4752 infeasible  138               -    0.06543      -  1835 27640s
 41688  4779 infeasible  136               -    0.06543      -  1839 28194s
 42635  4824 infeasible  139               -    0.06543      -  1842 28764s
 43584  4852    0.06543  141 1573          -    0.06543      -  1846 29333s
 44406  4858 infeasible  136               -    0.06543      -  1855 29892s
 45320  4876 infeasible  144               -    0.06543      -  1858 30452s
 46212  4926  postponed  138               -    0.06543      -  1862 31013s
 47260  4945 infeasible  144               -    0.06543      -  1864 31556s
 48135  4938 infeasible  143               -    0.06543      -  1868 32117s
 49076  4939 infeasible  145               -    0.06543      -  1873 32676s
 49967  4955 infeasible  143               -    0.06543      -  1877 33253s
 50851  4943 infeasible  140               -    0.06543      -  1883 37566s
 51911  4932  postponed  136               -    0.06543      -  1880 38148s
 52730  4935 infeasible  143               -    0.06543      -  1888 38734s
 53721  4958 infeasible  141               -    0.06543      -  1889 39310s
 54784  4951    0.06543  136 1569          -    0.06543      -  1890 39873s
 55547  5009 infeasible  144               -    0.06543      -  1898 40444s
 56581  5020 infeasible  143               -    0.06543      -  1900 41018s
 57760  4993  postponed  144               -    0.06543      -  1897 41603s
 58723  4992 infeasible  139               -    0.06543      -  1897 42204s
 59482  4997 infeasible  139               -    0.06543      -  1905 42769s
 60363  4991    0.06543  136 1554          -    0.06543      -  1908 43801s
 61061  4999 infeasible  137               -    0.06543      -  1913 44397s
 62163  5000 infeasible  139               -    0.06543      -  1912 44963s
 63112  4989 infeasible  138               -    0.06543      -  1915 45545s
 64041  5018 infeasible  138               -    0.06543      -  1917 46114s
 65062  5007 infeasible  138               -    0.06543      -  1917 46677s
 65861  5000 infeasible  139               -    0.06543      -  1921 47457s
 66660  4988 infeasible  139               -    0.06543      -  1923 48035s
 67598  5002    0.06543  134 1555          -    0.06543      -  1925 48617s
 68572  5021 infeasible  138               -    0.06543      -  1926 49196s
 69577  5008 infeasible  138               -    0.06543      -  1927 49773s
 70544  5007 infeasible  145               -    0.06543      -  1929 50349s
 71613  5012 infeasible  141               -    0.06543      -  1927 50905s
 72602  4998 infeasible  144               -    0.06543      -  1928 51460s
 73452  4989 infeasible  139               -    0.06543      -  1931 52015s
 74417  5002 infeasible  144               -    0.06543      -  1931 52566s
 75380  4968    0.06543  138 1578          -    0.06543      -  1932 53130s
 76304  4969    0.06543  140 1557          -    0.06543      -  1933 53688s
 77291  4942  postponed  142               -    0.06543      -  1933 54233s
 78130  4933 infeasible  144               -    0.06543      -  1936 54783s
 79113  4928    0.06543  136 1539          -    0.06543      -  1936 55338s
 79922  4921 infeasible  139               -    0.06543      -  1940 55889s
 80821  4913    0.06543  134 1557          -    0.06543      -  1943 56446s
 81721  4889 infeasible  139               -    0.06543      -  1946 57004s
 82561  4914 infeasible  144               -    0.06543      -  1947 57551s
 83362  4917    0.06543  139 1552          -    0.06543      -  1950 58110s
 84231  4942    0.06543  139 1538          -    0.06543      -  1951 58673s
 85214  4940    0.06543  132 1545          -    0.06543      -  1952 59464s
 86008  4960    0.06543  138 1565          -    0.06543      -  1955 60079s
 86850  4942  postponed  138               -    0.06543      -  1959 61042s
 87896  4956    0.06543  134 1509          -    0.06543      -  1958 61630s
 88892  4964    0.06543  136 1575          -    0.06543      -  1959 62207s
 89846  4947 infeasible  132               -    0.06543      -  1960 62810s
 90661  4931 infeasible  145               -    0.06543      -  1965 63395s
 91623  4901    0.06543  137 1534          -    0.06543      -  1966 63968s
 92501  4887 infeasible  139               -    0.06543      -  1968 64551s
 93499  4892 infeasible  141               -    0.06543      -  1969 65131s
 94416  4906 infeasible  138               -    0.06543      -  1968 65721s
 95358  4878 infeasible  141               -    0.06543      -  1971 66319s
 96200  4904 infeasible  141               -    0.06543      -  1974 67171s
 96900  4895    0.06543  135 1525          -    0.06543      -  1977 67815s
 97511  4871    0.06543  141 1542          -    0.06543      -  1982 68453s
 98487  4896  postponed  133               -    0.06543      -  1985 69384s
 99598  4892  postponed  138               -    0.06543      -  1982 70016s
 100726  4861    0.06543  142 1568          -    0.06543      -  1982 70639s
 101605  4862    0.06543  139 1570          -    0.06543      -  1985 71254s
 102510  4841  postponed  138               -    0.06543      -  1987 71857s
 103393  4837    0.06543  137 1523          -    0.06543      -  1990 72514s
 104341  4826    0.06543  143 1585          -    0.06543      -  1992 73121s
 105248  4866 infeasible  137               -    0.06543      -  1994 73744s
 106040  4845 infeasible  144               -    0.06543      -  1997 74365s
 107189  4821 infeasible  139               -    0.06543      -  1997 74979s
 108213  4841    0.06543  143 1493          -    0.06543      -  1997 75578s
 109049  4853  postponed  139               -    0.06543      -  2001 76183s
 109987  4856 infeasible  142               -    0.06543      -  2002 77532s
 110886  4831    0.06543  138 1500          -    0.06543      -  2002 78149s
 111909  4823  postponed  144               -    0.06543      -  2002 78775s
 112891  4837    0.06543  134 1505          -    0.06543      -  2004 79397s
 113917  4807  postponed  136               -    0.06543      -  2004 80003s
 114869  4808 infeasible  143               -    0.06543      -  2006 80605s
 115920  4783 infeasible  142               -    0.06543      -  2007 81650s
 116951  4796 infeasible  143               -    0.06543      -  2007 82260s
 117974  4783 infeasible  142               -    0.06543      -  2009 82864s
 118885  4791  postponed  137               -    0.06543      -  2010 83469s
 120015  4771 infeasible  143               -    0.06543      -  2009 84044s
 120945  4800 infeasible  140               -    0.06543      -  2010 84635s
 122004  4765 infeasible  139               -    0.06543      -  2009 85237s
 123075  4775 infeasible  139               -    0.06543      -  2009 85820s
 123965  4764    0.06543  138 1552          -    0.06543      -  2010 86394s
 125064  4766    0.06543  133 1575          -    0.06543      -  2010 86400s

Cutting planes:
  RLT: 523

Explored 125088 nodes (251337790 simplex iterations) in 86400.02 seconds (132837.73 work units)
Thread count was 12 (of 12 available processors)

Solution count 0

Time limit reached
Best objective -, best bound 6.542642594398e-02, gap -
