
Gurobi 11.0.2 (win64) logging started Tue Nov 26 08:53:43 2024

Set parameter LogFile to value ".\Experiments\Verification_16_eps0.0001_focus2\Logs\vit_6_2_6_12_i4_r1_c3.log"
Set parameter TimeLimit to value 16200
Gurobi Optimizer version 11.0.2 build v11.0.2rc0 (win64 - Windows 10.0 (19045.2))

CPU model: Intel(R) Core(TM) i7-10750H CPU @ 2.60GHz, instruction set [SSE2|AVX|AVX2]
Thread count: 6 physical cores, 12 logical processors, using up to 12 threads

Optimize a model with 2925 rows, 4537 columns and 10536 nonzeros
Model fingerprint: 0x4edab141
Model has 1238 quadratic constraints
Model has 420 general constraints
Variable types: 4237 continuous, 300 integer (300 binary)
Coefficient statistics:
  Matrix range     [1e-05, 1e+02]
  QMatrix range    [1e+00, 1e+00]
  QLMatrix range   [1e+00, 1e+00]
  Objective range  [1e+00, 1e+00]
  Bounds range     [1e-05, 1e+03]
  RHS range        [1e-04, 1e+02]
  QRHS range       [1e-06, 1e-06]
Presolve removed 1773 rows and 1996 columns
Presolve time: 0.04s
Presolved: 6825 rows, 2542 columns, 20075 nonzeros
Presolved model has 1113 bilinear constraint(s)
Presolved model has 273 nonlinear constraint(s)

Solving non-convex MINLP

Variable types: 2315 continuous, 227 integer (227 binary)

Root relaxation: objective 4.100561e+01, 3130 iterations, 0.17 seconds (0.22 work units)

    Nodes    |    Current Node    |     Objective Bounds      |     Work
 Expl Unexpl |  Obj  Depth IntInf | Incumbent    BestBd   Gap | It/Node Time

     0     0   41.00561    0  874          -   41.00561      -     -    0s
     0     0   41.00561    0  873          -   41.00561      -     -    0s
     0     0   41.00561    0  853          -   41.00561      -     -    0s
     0     0   41.00561    0  868          -   41.00561      -     -    0s
     0     0   41.00561    0  868          -   41.00561      -     -    1s
     0     0   41.00561    0  852          -   41.00561      -     -    1s
     0     0   41.00561    0  840          -   41.00561      -     -    1s
     0     0   41.00561    0  843          -   41.00561      -     -    1s
     0     0   41.00561    0  847          -   41.00561      -     -    1s
     0     0   41.00559    0  950          -   41.00559      -     -    5s
     0     2   41.00559    0  950          -   41.00559      -     -   16s
    55    96   41.00559   10  936          -   41.00559      -  1612   20s
   174   373   41.00559   16  959          -   41.00559      -  1189   25s
   428   622   41.00559   37  954          -   41.00559      -   846   31s
   789   754   41.00559   16  919          -   41.00559      -   751   43s
  1131   926 infeasible   27               -   41.00559      -   731   50s
  1713  1040 infeasible   54               -   41.00559      -   632   55s
  2125  1258   41.00559   51  979          -   41.00559      -   607   61s
  2460  1260   40.88180   40   19          -   40.88180      -   606   70s
  2473  1270   40.65483   40    8          -   40.65483      -   615   79s
  2476  1272   40.64821   33    8          -   40.64821      -   614   80s
  2486  1280   36.92457   58   17          -   36.92457      -   616   93s
  2498  1289   36.91094   36   27          -   36.91094      -   626   99s
  2511  1299   36.77763   26   26          -   36.77763      -   625  105s
  2524  1309   36.69769   42   24          -   36.69769      -   623  110s
  2537  1319   36.64405   60   25          -   36.64405      -   622  116s
  2550  1329   36.58262   24   19          -   36.58262      -   621  123s
  2563  1339   36.54901   76   15          -   36.54901      -   620  128s
  2573  1347   36.51012   40    0          -   36.51012      -   620  130s
  2577  1350   36.51011   68    7          -   36.51011      -   619  135s
  2589  1359   36.44787    9   11          -   36.44787      -   618  140s
  2597  1364   36.43795   46   11          -   36.43795      -   616  190s
  2600  1367   36.41060  136  955          -   36.41060      -   618  199s
  2618  1383   36.40462  139  940          -   36.41035      -   614  200s
  3441  1627   -1.83333  199  926          -   36.41035      -   506  205s
  4018  1719   34.34502  157  943          -   36.41035      -   463  210s
  4991  2039 infeasible  147               -   36.39303      -   407  215s
  5510  2234 infeasible  163               -   36.39303      -   394  220s
  6256  2419   34.40890  158  938          -   36.39154      -   375  225s
  7121  2886   -3.19548  215  933          -   36.39154      -   360  230s
  7264  2914   -3.88825  222  930          -   36.39154      -   358  249s
  7300  3016 infeasible  221               -   36.39154      -   358  250s
  8166  3535   31.60741  161  945          -   36.38696      -   345  255s
  9002  4035    6.15762  178  939          -   36.38696      -   338  260s
  9740  4485    1.69194  192  943          -   36.38696      -   332  265s
 10360  4792 infeasible  205               -   36.38696      -   331  271s
 10842  5465    0.69345  159  949          -   36.25280      -   331  275s
 12375  6437   34.59677  156  933          -   36.12498      -   307  281s
 13196  6864   25.46592  159  949          -   36.12498      -   301  286s
 14081  7571    3.31485  166  952          -   36.12498      -   294  291s
 15126  8360    6.61623  184  939          -   36.12498      -   286  303s
 15768  8776 infeasible  194               -   35.33997      -   282  306s
 17084  9618 infeasible  159               -   35.33844      -   273  312s
 17664 10123 infeasible  158               -   35.33841      -   271  315s
 19194 11007    8.73827  161  947          -   35.33699      -   261  321s
 20545 11776 infeasible  151               -   35.32424      -   255  327s
 21134 12269    2.27171  180  940          -   35.31815      -   253  330s
 21881 12513   -0.96786  165  933          -   35.31815      -   249  339s
 22367 12977   23.82946  153  944          -   35.31815      -   249  346s
 22961 13329   -0.95339  184  935          -   35.27285      -   249  355s
 24333 14404    0.00006  154  940          -   35.23881      -   244  366s
 25919 15410    6.00987  172  942          -   35.23380      -   238  372s
 26626 15752   31.58688  159  930          -   35.23380      -   236  375s
 27770 16568    7.23773  197  917          -   35.23191      -   236  382s
 28304 17046    6.04370  166  952          -   35.23128      -   236  385s
 29589 17881    5.88532  184  948          -   35.23077      -   234  391s
 30823 18648   31.68917  163  936          -   35.22996      -   233  397s
 31302 19147   34.66897  163  940          -   35.22895      -   233  400s
 32771 19996    1.52850  190  927          -   35.22721      -   230  407s
 33380 20311   10.20479  166  953          -   35.22582      -   229  410s
 34495 21046    4.84470  194  942          -   35.22444      -   228  416s
 35659 21975 infeasible  164               -   35.22067      -   227  423s
 36457 22408   13.34319  166  954          -   35.21923      -   225  427s
 37130 22876    5.02781  209  928          -   35.21868      -   225  430s
 38217 23710   31.59629  163  928          -   35.21782      -   225  437s
 39018 24216    5.40376  190  933          -   35.21782      -   224  442s
 39688 24705 infeasible  199               -   35.21782      -   223  446s
 41349 25763   34.92883  161  939          -   35.21642      -   220  452s
 41971 26242   35.06087  152  941          -   35.21629      -   220  455s
 42598 26641   11.19284  160  956          -   35.21629      -   219  465s
 43877 27412   32.56490  156  940          -   35.21503      -   218  471s
 45162 28289   11.38045  169  951          -   35.21404      -   218  478s
 45841 28796    6.04109  162  940          -   35.21386      -   217  481s
 47350 29858 infeasible  177               -   35.21356      -   215  486s
 48154 30151   35.07305  160  935          -   35.21296      -   214  493s
 48641 30459    7.72137  174  928          -   35.21248      -   214  497s
 49117 30720    4.89814  165  939          -   35.21107      -   214  502s
 49686 31116 infeasible  162               -   35.21107      -   214  508s
 50258 31388   -3.25692  220  916          -   35.21042      -   214  511s
 51315 32111    1.58160  193  935          -   35.20299      -   214  517s
 51773 32458 infeasible  166               -   35.20299      -   215  521s
 52732 33101    7.76569  165  933          -   35.20244      -   216  528s
 53255 33258 infeasible  203               -   35.20055      -   216  531s
 53544 33742    4.63535  167  943          -   35.20055      -   218  535s
 54842 34590 infeasible  161               -   35.19800      -   217  542s
 55582 35052 infeasible  192               -   35.19535      -   217  545s
 56258 35438    2.52760  178  949          -   35.19467      -   216  552s
 56922 35439   12.76614  161  945          -   35.19102      -   216  569s
 56935 35993   31.45901  161  928          -   35.19102      -   216  573s
 57685 36454    5.89463  178  924          -   35.19050      -   216  576s
 58412 36789    5.70654  168  948          -   35.18955      -   215  580s
 59692 37795   16.27133  166  943          -   35.18922      -   215  587s
 60409 38127   -0.39101  205  943          -   35.18858      -   215  590s
 61648 38894    0.88963  208  907          -   35.18767      -   214  600s
 62850 39824    0.61066  194  924          -   35.18640      -   214  607s
 63502 40199 infeasible  173               -   35.18617      -   214  611s
 64093 40657    4.70297  167  954          -   35.18617      -   214  615s
 65226 41315 infeasible  160               -   35.18417      -   214  622s
 65793 41732   24.81853  160  948          -   35.18287      -   214  627s
 66376 42098   13.52059  159  960          -   35.18287      -   214  631s
 67748 43074 infeasible  160               -   35.18270      -   214  638s
 68554 43526    1.51508  186  940          -   35.18227      -   213  641s
 69368 43937   14.07517  166  953          -   35.17517      -   212  645s
 70655 44751   27.64054  167  952          -   35.17258      -   212  652s
 71357 45339    0.39373  205  928          -   35.16889      -   211  655s
 72567 45909   32.63266  167  928          -   35.15733      -   211  662s
 73087 46212   32.60950  167  932          -   35.15733      -   211  665s
 74376 47080    4.67475  188  941          -   35.15372      -   211  676s
 75060 47583 infeasible  165               -   35.14493      -   211  680s
 76599 48507   32.63931  156  943          -   35.13137      -   210  693s
 77231 48961 infeasible  176               -   35.13137      -   210  696s
 77893 49462   34.39235  156  949          -   35.11965      -   210  700s
 79338 50326    4.95136  190  921          -   35.11902      -   209  706s
 79946 50677    2.74821  174  942          -   35.11503      -   209  714s
 80503 51108   28.95688  167  943          -   35.11503      -   209  718s
 81194 51588   -3.14657  220  920          -   35.10400      -   208  721s
 81912 51944   32.64705  165  921          -   35.10400      -   208  725s
 83195 52766 infeasible  203               -   35.10345      -   208  732s
 83918 53057 infeasible  189               -   35.10345      -   208  735s
 84988 53794    6.03202  179  914          -   35.10271      -   208  741s
 86311 54397   13.45332  162  949          -   35.10269      -   207  747s
 86859 54650   32.64084  161  929          -   35.10132      -   207  750s
 87978 55569   19.37429  170  948          -   35.09672      -   208  757s
 88775 56017   14.03349  161  957          -   35.09672      -   207  760s
 90209 56824    0.14462  197  950          -   35.09601      -   207  767s
 90914 57152    5.05099  171  945          -   35.09600      -   207  771s
 92225 57914    5.93427  189  918          -   35.09578      -   206  778s
 92798 58323 infeasible  174               -   35.09470      -   206  781s
 94206 59160 infeasible  213               -   35.09363      -   206  787s
 94876 59570   32.60402  161  929          -   35.09183      -   206  791s
 96226 60395   11.68721  164  945          -   35.08981      -   205  797s
 97019 60774    4.85497  185  924          -   35.08631      -   205  801s
 98240 61369   32.62299  163  930          -   35.08524      -   204  815s
 99438 62299   10.85327  170  952          -   35.08516      -   205  822s
 100101 62769 infeasible  211               -   35.08516      -   205  825s
 101319 63464 infeasible  176               -   35.08430      -   205  833s
 101984 64142    5.02379  196  931          -   35.08430      -   205  836s
 102932 64463   -0.67513  210  932          -   35.08375      -   204  840s
 104268 64968    0.90996  209  922          -   35.08375      -   204  879s
 104276 65423 infeasible  210               -   35.08264      -   204  882s
 104959 65680 infeasible  202               -   35.08264      -   204  885s
 106094 66583    0.90243  196  941          -   35.08264      -   204  891s
 107451 67496   32.61361  162  928          -   35.08230      -   203  897s
 108172 67853    5.86766  196  926          -   35.08226      -   203  900s
 109429 68548    6.02645  174  930          -   35.08109      -   203  911s
 109864 69019    5.82337  174  923          -   35.08109      -   203  920s
 110567 69412    0.82379  206  938          -   35.07848      -   203  927s
 111134 69841 infeasible  199               -   35.07844      -   203  936s
 111713 70174    0.92593  199  932          -   35.07844      -   203  944s
 112256 70882    5.76680  179  915          -   35.07823      -   204  947s
 113240 71105 infeasible  162               -   35.07823      -   203  951s
 114409 71719    7.74617  169  929          -   35.07618      -   203  957s
 115107 72116   32.51386  159  935          -   35.07618      -   203  960s
 116358 72939    4.69380  170  942          -   35.07511      -   203  966s
 117161 73275    6.30299  171  925          -   35.07507      -   203  970s
 118298 73924   32.48906  164  927          -   35.07417      -   203  982s
 118784 74403    7.58128  170  938          -   35.07417      -   203  985s
 119977 75126   19.37897  168  947          -   35.07320      -   204  992s
 120658 75516   14.03075  163  953          -   35.07305      -   204  995s
 121780 76339    7.69194  169  925          -   35.07262      -   204 1002s
 122543 76783   35.01402  160  936          -   35.07078      -   204 1005s
 124007 77796   11.03869  163  946          -   35.07023      -   204 1012s
 124974 78134   32.46603  164  926          -   35.07005      -   203 1015s
 125984 78739    4.05209  164  940          -   35.06886      -   204 1022s
 126691 79154    5.95517  166  934          -   35.06855      -   204 1026s
 128069 79870    4.61126  170  942          -   35.06804      -   203 1032s
 128582 80209 infeasible  172               -   35.06755      -   204 1036s
 129727 80998   32.63854  163  926          -   35.06653      -   204 1043s
 130500 81408    5.52172  178  928          -   35.06559      -   204 1046s
 131152 81857    5.89328  188  919          -   35.06538      -   204 1050s
 132595 82610    5.15557  188  937          -   35.06462      -   203 1056s
 133308 83098 infeasible  172               -   35.06433      -   203 1060s
 134809 83975   32.58165  167  938          -   35.06372      -   203 1067s
 135369 84341   14.06980  158  951          -   35.06369      -   203 1070s
 136480 85060   12.32424  163  946          -   35.06301      -   203 1077s
 137112 85499 infeasible  169               -   35.06301      -   203 1080s
 138387 86038 infeasible  179               -   35.06151      -   203 1088s
 138806 86333    7.66912  175  924          -   35.06151      -   204 1095s
 140215 87211   32.46458  169  913          -   35.06067      -   203 1103s
 140859 87604   11.67609  164  948          -   35.06035      -   203 1107s
 141548 87972    5.00935  193  931          -   35.06035      -   203 1111s
 142946 88848 infeasible  166               -   35.05810      -   203 1118s
 143562 89417 infeasible  175               -   35.05767      -   203 1122s
 144395 89868   -0.68537  218  934          -   35.05708      -   203 1126s
 145190 90477 infeasible  175               -   35.05685      -   203 1130s
 146799 91343 infeasible  187               -   35.05509      -   202 1136s
 147657 91661   32.57403  166  937          -   35.05491      -   202 1140s
 148850 92521    5.60347  185  916          -   35.05373      -   202 1146s
 150510 93743 infeasible  210               -   35.05231      -   201 1152s
 151365 93978 infeasible  192               -   35.05205      -   201 1155s
 152305 94674    5.78176  186  925          -   35.05087      -   201 1161s
 153522 95445    6.05951  195  914          -   35.05039      -   201 1167s
 154051 95912 infeasible  187               -   35.05039      -   201 1170s
 155341 96731   26.94571  165  952          -   35.04898      -   200 1177s
 156073 96992    0.69598  223  903          -   35.04845      -   200 1180s
 157072 97668   -0.45580  169  930          -   35.04678      -   201 1187s
 157726 97995 infeasible  200               -   35.04674      -   201 1190s
 158856 98639    4.50464  166  941          -   35.04560      -   201 1196s
 159313 99003 infeasible  167               -   35.04560      -   201 1200s
 160385 99651 infeasible  166               -   35.04378      -   201 1206s
 160937 100034    0.23604  204  918          -   35.04209      -   201 1210s
 162093 100703    6.28695  178  920          -   35.03798      -   201 1217s
 162699 101108    6.22814  181  910          -   35.03716      -   201 1221s
 164226 102247   32.54799  162  928          -   35.03661      -   201 1227s
 165113 102622    0.65453  212  919          -   35.03569      -   200 1230s
 166559 103679 infeasible  188               -   35.03534      -   200 1237s
 167209 104031   28.05886  163  951          -   35.03534      -   200 1240s
 168420 104739 infeasible  217               -   35.03474      -   200 1246s
 168909 105102   34.99702  160  936          -   35.03474      -   200 1250s
 169950 105703    7.95106  171  925          -   35.03327      -   200 1256s
 170557 105709   32.46582  162  939          -   35.03323      -   200 1287s
 170565 106216 infeasible  163               -   35.03200      -   200 1290s
 171999 106985    0.88463  171  950          -   35.02789      -   199 1296s
 173351 107800    0.58315  203  936          -   35.02628      -   199 1302s
 173952 108235    5.73323  174  922          -   35.02527      -   199 1305s
 175526 109091   -1.15756  216  927          -   35.02363      -   199 1312s
 176768 109933 infeasible  159               -   35.02214      -   199 1317s
 177365 110394    0.93020  193  939          -   35.01707      -   198 1320s
 178777 111091    4.34322  177  949          -   35.01547      -   198 1326s
 179911 111854    4.41673  172  952          -   35.01087      -   198 1332s
 180434 112052    0.03806  185  922          -   35.00843      -   198 1336s
 181306 112657   13.41941  162  956          -   35.00682      -   198 1342s
 181707 113070    5.69789  181  934          -   35.00485      -   198 1345s
 182372 113426 infeasible  174               -   35.00485      -   198 1356s
 183523 114224   -0.80183  165  931          -   35.00253      -   199 1364s
 184046 114384    0.66917  202  926          -   35.00119      -   199 1369s
 184386 114732   26.74925  166  935          -   35.00119      -   199 1378s
 185012 115127    5.76486  188  925          -   35.00112      -   199 1383s
 185941 115469   34.94778  164  923          -   35.00091      -   199 1386s
 186635 115971    5.26991  173  924          -   34.99910      -   199 1390s
 187445 116435   13.93261  165  945          -   34.99741      -   199 1397s
 188311 116854   -1.13697  217  922          -   34.99553      -   198 1400s
 189800 117812 infeasible  206               -   34.98749      -   198 1406s
 191512 118764 infeasible  170               -   34.97886      -   197 1411s
 193043 119391 infeasible  162               -   34.97689      -   197 1417s
 193829 119914    5.77234  177  930          -   34.97491      -   197 1420s
 195780 120860    0.61281  214  922          -   34.96894      -   196 1427s
 196882 121367   -2.42527  176  926          -   34.96750      -   195 1430s
 198559 121724 infeasible  191               -   34.96602      -   195 1435s
 199651 122323 infeasible  177               -   34.96334      -   195 1440s
 201072 123053 infeasible  193               -   34.95706      -   194 1446s
 202380 123763    6.07980  190  903          -   34.95494      -   194 1451s
 203904 124520 infeasible  184               -   34.94778      -   193 1456s
 205687 125437    6.07238  178  921          -   34.94655      -   193 1461s
 207552 126240 infeasible  199               -   34.94618      -   192 1466s
 209093 127171   13.85275  172  936          -   34.94513      -   191 1471s
 210867 128023   -0.67516  205  930          -   34.94513      -   190 1476s
 212599 128871 infeasible  205               -   34.94513      -   190 1482s
 214013 129650   -0.66273  209  914          -   34.94504      -   189 1486s
 215640 130453   11.04380  175  933          -   34.94504      -   189 1491s
 217350 131219   -1.01088  217  925          -   34.94504      -   188 1496s
 218915 132156 infeasible  195               -   34.94504      -   188 1501s
 220494 133008   13.60821  172  939          -   34.94504      -   187 1505s
 222069 133783   13.87423  172  934          -   34.94480      -   186 1510s
 223514 134602 infeasible  212               -   34.94480      -   186 1517s
 224990 135384 infeasible  215               -   34.94471      -   186 1522s
 225662 135760    0.79605  200  915          -   34.94471      -   185 1525s
 227061 136549 infeasible  158               -   34.94471      -   185 1531s
 228548 137393   32.27697  172  930          -   34.94471      -   185 1536s
 229918 138075 infeasible  173               -   34.94471      -   184 1540s
 231233 138801 infeasible  173               -   34.94471      -   184 1545s
 232772 139451    6.09303  190  903          -   34.94344      -   183 1550s
 234823 140515 infeasible  196               -   34.94307      -   183 1557s
 235555 140931 infeasible  183               -   34.94307      -   182 1560s
 237783 141785 infeasible  197               -   34.94304      -   182 1566s
 239133 142504   34.93743  166  923          -   34.94304      -   181 1571s
 240462 143092    5.19217  181  925          -   34.94273      -   181 1575s
 241811 143719    5.95808  194  913          -   34.94271      -   181 1580s
 243687 144650    0.66160  205  915          -   34.94271      -   180 1586s
 244977 145267    7.22544  174  923          -   34.94239      -   180 1590s
 246844 146160 infeasible  186               -   34.93717      -   179 1596s
 248017 146694 infeasible  191               -   34.93643      -   179 1600s
 250053 147717    6.01013  182  914          -   34.93348      -   178 1607s
 251379 148416    0.19149  197  907          -   34.93304      -   178 1611s
 252796 149115 infeasible  178               -   34.93303      -   178 1617s
 254409 149853    9.49408  179  929          -   34.93249      -   178 1621s
 255905 150567    0.81816  208  913          -   34.93240      -   177 1626s
 256623 150573   13.85621  168  947          -   34.93219      -   177 1649s
 256629 150993   32.29848  168  925          -   34.93219      -   177 1652s
 258136 151720    1.59825  181  917          -   34.93150      -   177 1656s
 259824 152514    0.68216  189  925          -   34.93015      -   176 1661s
 261229 153109 infeasible  179               -   34.92999      -   176 1666s
 262594 153793   26.26146  165  941          -   34.92927      -   176 1671s
 264006 154449    4.50008  176  930          -   34.92880      -   175 1676s
 265495 155134   17.27515  173  933          -   34.92863      -   175 1680s
 267023 155815 infeasible  204               -   34.92819      -   175 1685s
 268660 156662    1.60382  182  931          -   34.92686      -   175 1691s
 270046 157187    9.94003  170  940          -   34.92473      -   174 1696s
 271306 157641    6.00057  192  905          -   34.92446      -   174 1700s
 272577 158386   13.83085  166  935          -   34.92188      -   174 1705s
 273652 158966 infeasible  173               -   34.92188      -   174 1710s
 274930 159625 infeasible  175               -   34.91804      -   174 1715s
 276806 159128 infeasible  171               -   34.91074      -   173 1722s
 277544 159404   13.98182  158  945          -   34.89436      -   173 1727s
 278137 159780   12.19111  163  951          -   34.89436      -   174 1732s
 278464 160305    7.75239  172  923          -   34.89436      -   174 1735s
 279368 160751 infeasible  190               -   34.89401      -   174 1740s
 280590 161391 infeasible  171               -   34.89357      -   174 1745s
 281585 161848   32.02603  160  934          -   34.89236      -   174 1750s
 282468 162369   32.03267  158  945          -   34.89126      -   174 1755s
 283660 163027   12.16339  161  962          -   34.89102      -   174 1760s
 284784 163959    5.40234  174  958          -   34.87209      -   174 1765s
 286024 164432 infeasible  162               -   34.86745      -   174 1770s
 287257 165359 infeasible  176               -   34.86745      -   174 1776s
 288621 166043 infeasible  203               -   34.86736      -   173 1781s
 289853 166835 infeasible  159               -   34.86693      -   173 1787s
 290363 167198   -2.94894  182  939          -   34.86693      -   173 1790s
 291680 167990   -2.09067  162  934          -   34.86683      -   173 1795s
 292855 168613   -0.85692  230  934          -   34.86670      -   173 1800s
 293989 169404   34.82675  158  939          -   34.86431      -   173 1806s
 295084 170117    1.15503  191  928          -   34.86343      -   173 1812s
 295635 170468   27.77680  164  949          -   34.86298      -   173 1815s
 296739 171264    1.10743  199  921          -   34.86218      -   173 1821s
 297879 172139    2.49894  188  923          -   34.85779      -   173 1826s
 299093 172790   -0.08537  165  933          -   34.84516      -   173 1832s
 299778 173036   13.91017  157  933          -   34.84474      -   173 1835s
 300783 173816 infeasible  172               -   34.84474      -   173 1841s
 301933 174455 infeasible  172               -   34.84474      -   173 1847s
 302401 174975    6.11800  184  907          -   34.83418      -   173 1850s
 303870 175896    0.76000  205  944          -   34.83279      -   173 1856s
 305174 176619    6.50237  185  922          -   34.83105      -   173 1861s
 306263 177161   12.18816  164  955          -   34.83075      -   173 1867s
 306725 177679 infeasible  161               -   34.82935      -   173 1871s
 308088 178466   12.08002  163  961          -   34.82873      -   173 1879s
 308748 178926   27.91713  163  960          -   34.82854      -   173 1883s
 309418 179335    6.09930  175  919          -   34.82854      -   173 1886s
 310589 180125   34.82760  161  928          -   34.82812      -   173 1892s
 311243 180842 infeasible  174               -   34.82812      -   173 1895s
 312861 181859   12.15620  165  950          -   34.82757      -   173 1902s
 313991 182366   27.91335  164  946          -   34.82757      -   173 1908s
 314476 182741 infeasible  199               -   34.82698      -   173 1911s
 315512 183413   32.01102  164  931          -   34.82698      -   173 1917s
 316083 183830   32.01428  161  929          -   34.82698      -   173 1920s
 317354 184718   -0.65662  221  912          -   34.82594      -   173 1926s
 318800 185559    6.06491  188  908          -   34.82186      -   173 1932s
 319375 185891    6.12264  172  918          -   34.82109      -   173 1936s
 320644 186438 infeasible  164               -   34.82043      -   173 1954s
 320656 186881   27.86579  165  945          -   34.82043      -   173 1957s
 321309 187313 infeasible  203               -   34.81998      -   173 1960s
 322494 188175 infeasible  174               -   34.81708      -   173 1967s
 323255 188708   19.26880  168  951          -   34.81600      -   173 1970s
 324494 189499 infeasible  170               -   34.80250      -   173 1978s
 325255 189903   -2.87636  163  932          -   34.80190      -   173 1982s
 325917 190241    1.02753  207  923          -   34.80119      -   173 1986s
 327151 191129   -4.88078  199  939          -   34.80068      -   173 1991s
 327797 191428    1.26771  196  918          -   34.80020      -   173 1995s
 329232 192392   -0.32624  223  926          -   34.80017      -   173 2001s
 330334 193152    6.20797  173  921          -   34.79915      -   173 2007s
 330962 193550 infeasible  217               -   34.79696      -   173 2010s
 332155 194295   -4.70955  207  932          -   34.79609      -   173 2016s
 333391 195170   -0.03299  187  916          -   34.79526      -   173 2021s
 334716 196056 infeasible  160               -   34.79401      -   173 2027s
 335390 196458   31.94174  161  935          -   34.79356      -   173 2030s
 336494 197181    7.46986  170  922          -   34.79255      -   173 2037s
 337195 197545 infeasible  161               -   34.78638      -   173 2042s
 337821 197852 infeasible  162               -   34.77789      -   173 2046s
 339162 198789 infeasible  177               -   34.74608      -   173 2053s
 339967 199066   13.02904  160  933          -   34.74298      -   172 2056s
 341195 199961 infeasible  164               -   34.72748      -   172 2062s
 341859 200322    5.72422  178  949          -   34.72404      -   172 2065s
 343132 201213   24.89534  163  946          -   34.72004      -   172 2070s
 344412 201999    1.54283  188  944          -   34.70572      -   172 2076s
 345725 203013 infeasible  161               -   34.69100      -   172 2081s
 347130 203871    0.72746  194  911          -   34.68641      -   172 2087s
 347791 204277    1.52722  180  940          -   34.68072      -   172 2090s
 349118 205254    1.77334  186  938          -   34.68072      -   172 2095s
 350437 206069 infeasible  159               -   34.68038      -   172 2101s
 351809 206991    5.84912  172  943          -   34.67802      -   172 2107s
 352979 207714   31.44052  160  917          -   34.67794      -   172 2112s
 354081 208459    1.55898  189  945          -   34.67783      -   172 2117s
 354717 209024    2.77834  172  958          -   34.67541      -   172 2120s
 356075 209796   -0.62259  217  916          -   34.67541      -   172 2125s
 357228 210428 infeasible  179               -   34.67114      -   172 2130s
 358571 211258   31.43602  163  924          -   34.67035      -   171 2136s
 359875 212097   15.74155  166  948          -   34.66838      -   171 2141s
 361132 213103    5.57664  180  951          -   34.66835      -   171 2147s
 361885 213457 infeasible  188               -   34.66835      -   171 2150s
 363219 214442    5.65665  179  945          -   34.66807      -   171 2155s
 364661 215229   -0.66120  218  915          -   34.66789      -   171 2160s
 365672 215855    0.50181  193  938          -   34.66580      -   171 2165s
 366750 216755   31.49939  165  930          -   34.66490      -   171 2170s
 367978 217473   31.50879  165  929          -   34.66372      -   171 2176s
 369051 218220    0.70341  187  922          -   34.66052      -   171 2181s
 370431 219321    0.54049  211  930          -   34.65960      -   171 2187s
 371804 219997    0.74884  188  922          -   34.65825      -   171 2192s
 373128 220879    0.91525  185  919          -   34.65512      -   171 2197s
 373793 221261    5.75081  177  947          -   34.65512      -   171 2200s
 375040 222119    5.89756  175  949          -   34.65512      -   171 2205s
 376478 223192   16.43160  158  955          -   34.65381      -   171 2211s
 378021 224184    0.55469  180  946          -   34.65330      -   170 2216s
 379359 224953    2.79975  161  952          -   34.65200      -   170 2221s
 380517 225502   -0.71080  212  917          -   34.65160      -   170 2226s
 381683 226190 infeasible  185               -   34.65058      -   170 2232s
 382786 226857    2.22362  165  945          -   34.64899      -   170 2237s
 383259 226863    1.49898  177  929          -   34.64899      -   170 2255s
 383775 227463    0.54037  178  931          -   34.64899      -   170 2260s
 384988 228066 infeasible  166               -   34.64780      -   170 2265s
 386114 228881    2.03279  180  945          -   34.64631      -   170 2271s
 387245 229610   16.37211  166  942          -   34.64346      -   170 2277s
 388553 230608    5.67798  164  963          -   34.64206      -   170 2282s
 389360 230939    1.45299  179  935          -   34.64052      -   170 2285s
 390705 231910 infeasible  220               -   34.63896      -   170 2291s
 392215 232715 infeasible  187               -   34.63834      -   170 2296s
 393486 233619    5.18767  166  950          -   34.63651      -   170 2302s
 395076 234488    2.09202  169  957          -   34.63582      -   170 2307s
 395622 234904   31.49096  160  931          -   34.63560      -   170 2310s
 396957 235786    5.70655  164  960          -   34.63392      -   170 2315s
 398329 236527 infeasible  198               -   34.63324      -   169 2321s
 399651 237367    5.54431  169  949          -   34.63246      -   169 2326s
 401125 238223 infeasible  211               -   34.63229      -   169 2331s
 402614 239005 infeasible  195               -   34.63093      -   169 2336s
 403802 239903    2.28236  174  939          -   34.62962      -   169 2341s
 405263 240987    1.31311  196  929          -   34.62818      -   169 2347s
 406735 241791 infeasible  191               -   34.62780      -   169 2352s
 407219 242330    5.37626  175  928          -   34.62731      -   169 2355s
 408698 243083   24.82776  158  954          -   34.62620      -   169 2360s
 409783 244044    5.63971  184  949          -   34.62542      -   169 2366s
 410746 244389 infeasible  180               -   34.62520      -   168 2371s
 412041 245217   16.33624  158  949          -   34.62460      -   168 2377s
 412613 245799   24.83501  160  956          -   34.62428      -   168 2380s
 414105 246573 infeasible  206               -   34.62387      -   168 2385s
 415307 247465    5.70115  176  936          -   34.62214      -   168 2390s
 416679 248176 infeasible  177               -   34.62129      -   168 2395s
 417763 248857   24.81803  164  956          -   34.61947      -   168 2401s
 419073 249505 infeasible  184               -   34.61594      -   168 2406s
 420266 250291   -0.40479  199  928          -   34.61535      -   168 2412s
 421715 251239 infeasible  157               -   34.61220      -   168 2417s
 422457 251583    2.51104  166  948          -   34.61199      -   168 2420s
 423694 252393 infeasible  169               -   34.61074      -   168 2426s
 424917 253184    5.65692  174  964          -   34.61021      -   167 2430s

Cutting planes:
  Learned: 1
  Gomory: 3
  Implied bound: 4
  MIR: 1
  Flow cover: 8
  RLT: 201
  Relax-and-lift: 1

Explored 425464 nodes (71230647 simplex iterations) in 2430.58 seconds (4100.95 work units)
Thread count was 12 (of 12 available processors)

Solution count 0

Solve interrupted
Best objective -, best bound 3.460939691953e+01, gap -
