
Gurobi 11.0.2 (win64) logging started Tue Nov 26 04:23:43 2024

Set parameter LogFile to value ".\Experiments\Verification_16_eps0.0001_focus2\Logs\vit_12_2_6_12_i4_r1_c3.log"
Set parameter TimeLimit to value 16200
Gurobi Optimizer version 11.0.2 build v11.0.2rc0 (win64 - Windows 10.0 (19045.2))

CPU model: Intel(R) Core(TM) i7-10750H CPU @ 2.60GHz, instruction set [SSE2|AVX|AVX2]
Thread count: 6 physical cores, 12 logical processors, using up to 12 threads

Optimize a model with 3963 rows, 7591 columns and 19326 nonzeros
Model fingerprint: 0x3358e20c
Model has 2150 quadratic constraints
Model has 420 general constraints
Variable types: 7291 continuous, 300 integer (300 binary)
Coefficient statistics:
  Matrix range     [1e-05, 2e+02]
  QMatrix range    [1e+00, 1e+00]
  QLMatrix range   [1e+00, 1e+00]
  Objective range  [1e+00, 1e+00]
  Bounds range     [4e-05, 2e+03]
  RHS range        [4e-05, 2e+02]
  QRHS range       [1e-06, 1e-06]
Presolve removed 2448 rows and 3920 columns
Presolve time: 0.07s
Presolved: 10123 rows, 3672 columns, 34721 nonzeros
Presolved model has 1883 bilinear constraint(s)
Presolved model has 268 nonlinear constraint(s)

Solving non-convex MINLP

Variable types: 3445 continuous, 227 integer (226 binary)

Root relaxation: objective 7.456084e+01, 5247 iterations, 0.52 seconds (0.64 work units)

    Nodes    |    Current Node    |     Objective Bounds      |     Work
 Expl Unexpl |  Obj  Depth IntInf | Incumbent    BestBd   Gap | It/Node Time

     0     0   74.56084    0 1730          -   74.56084      -     -    2s
     0     0   74.56084    0 1699          -   74.56084      -     -    3s
     0     0   74.56084    0 1672          -   74.56084      -     -    3s
     0     0   74.56084    0 1695          -   74.56084      -     -    3s
     0     0   74.56084    0 1674          -   74.56084      -     -    3s
     0     0   74.56084    0 1692          -   74.56084      -     -    4s
     0     0   74.56084    0 1675          -   74.56084      -     -    4s
     0     0   74.56084    0 1651          -   74.56084      -     -    5s
     0     0   74.56084    0 1665          -   74.56084      -     -    5s
     0     0   74.56084    0 1642          -   74.56084      -     -   11s
     0     2   74.56084    0 1641          -   74.56084      -     -   47s
     7    12   74.56084    3 1618          -   74.56084      -  2747   52s
    19    20   74.56084    4 1619          -   74.56084      -  3015   55s
    50    47   74.56084    7 1619          -   74.56084      -  1915   63s
    56    55   74.56084    8 1630          -   74.56084      -  2679   66s
   137   248   74.56084   12 1619          -   74.56084      -  1726   85s
   267   499   74.56084   24 1605          -   74.56084      -  1346   98s
   538   647   74.56084   28 1588          -   74.56084      -  1170  123s
   694   800   74.56084   47 1501          -   74.56084      -  1342  146s
   877   993 infeasible   79               -   74.56084      -  1462  170s
  1122  1284   74.56084   27 1546          -   74.56084      -  1554  196s
  1444  1286   74.56065   50   56          -   74.56082      -  1562  212s
  1446  1288   74.56082   92   55          -   74.56082      -  1560  215s
  1450  1290   74.56082   20    2          -   74.56082      -  1556  220s
  1453  1292   74.56079   22    3          -   74.56082      -  1553  226s
  1454  1293   74.56065   68    3          -   74.56082      -  1552  567s
  1455  1297   74.56082   15 1633          -   74.56082      -  1598  747s
  1461  1303   74.56082   17 1617          -   74.56082      -  1621  752s
  1473  1311   74.56082   18 1610          -   74.56082      -  1649  757s
  1479  1315   74.56082   19 1608          -   74.56082      -  1656  760s
  1501  1328   74.56082   21 1594          -   74.56082      -  1673  766s
  1516  1337   74.56082   22 1589          -   74.56082      -  1686  770s
  1524  1364   74.56082   22 1593          -   74.56082      -  1691  775s
  1555  1425   74.56082   25 1603          -   74.56082      -  1694  783s
  1631  1563   74.56082   33 1591          -   74.56082      -  1706  801s
  1796  1804   74.56082   46 1580          -   74.56082      -  1725  842s
  2142  1910   74.55901   82 1562          -   74.56082      -  1745  896s
  2455  2245   74.56058   65 1590          -   74.56082      -  1793  947s
  3027  2340   74.56058   84 1570          -   74.56082      -  1697  984s
  3382  2509   74.56035  139 1643          -   74.56082      -  1727 1025s
  3760  3045   74.55901  200 1649          -   74.56082      -  1755 1073s
  4632  2994   74.49351  287 1641          -   74.56082      -  1600 1108s
  5077  3177 infeasible  301               -   74.56082      -  1602 1144s
  5517  3383   74.56082   89 1545          -   74.56082      -  1606 1183s
  5922  3558   74.56045   99 1579          -   74.56082      -  1623 1226s
  6171  3970   74.55962  108 1678          -   74.56082      -  1679 1267s
  6707  4194 infeasible  203               -   74.56082      -  1667 1316s
  7061  4413   74.55883  242 1693          -   74.56082      -  1699 1366s
  7384  4644 infeasible  263               -   74.56082      -  1738 1417s
  7695  4873   74.56082  146 1536          -   74.56082      -  1779 1469s
  8024  5320   74.56082  163 1544          -   74.56082      -  1817 1525s
  8575  5814   74.56051  186 1607          -   74.56082      -  1816 1578s
  9323  5825   74.56082  132 1542          -   74.56082      -  1790 1970s
  9334  6272   74.56082  132 1569          -   74.56082      -  1789 2024s
  9999  6806 infeasible  158               -   74.56082      -  1786 2082s
 10773  7278   74.56020  170 1604          -   74.56082      -  1765 2144s
 11463  7619   74.56003  186 1623          -   74.56082      -  1760 2210s
 11894  8046   74.55945  201 1652          -   74.56082      -  1798 2285s
 12583  8504   74.55948  250 1635          -   74.56082      -  1805 2353s
 13201  9028   74.55935  310 1626          -   74.56082      -  1817 2424s
 13821  9445   74.55904  347 1642          -   74.56082      -  1834 2499s
 14354  9701 infeasible  364               -   74.56082      -  1863 2578s
 14882 10225 infeasible  393               -   74.56082      -  1891 2660s
 15614 10545   74.56082  212 1588          -   74.56082      -  1900 2745s
 16114 10985 infeasible  223               -   74.56082      -  1937 2838s
 16750 11567   74.56082  132 1537          -   74.56082      -  1963 2934s
 17518 12134   74.56082  142 1553          -   74.56082      -  1979 3036s
 18403 12635   74.55986  122 1610          -   74.56082      -  1981 3132s
 19046 13105   74.55976  158 1625          -   74.56082      -  2008 3232s
 19692 13470   74.55975  197 1608          -   74.56082      -  2033 3332s
 20199 14157 infeasible  217               -   74.56082      -  2073 3440s
 21144 14893   74.55967  258 1625          -   74.56082      -  2071 3547s
 22346 15386 infeasible  308               -   74.56082      -  2048 3646s
 23203 15955   74.53397  342 1613          -   74.56082      -  2053 3749s
 23926 16491 infeasible  125               -   74.56082      -  2072 3858s
 24638 16995   74.55979  169 1638          -   74.56082      -  2081 3963s
 25326 17396   74.55938  181 1625          -   74.56082      -  2099 4078s
 25921 17918   74.55956  211 1630          -   74.56082      -  2124 4190s
 26565 18391   74.55952  234 1675          -   74.56082      -  2145 4300s
 27164 18946   74.55950  275 1668          -   74.56082      -  2174 4413s
 27841 19542   74.55947  297 1654          -   74.56082      -  2199 4526s
 28715 20202   74.56082  141 1545          -   74.56082      -  2199 4638s
 29557 20642   74.56082  179 1582          -   74.56082      -  2206 4771s
 30227 21301   74.56082  219 1596          -   74.56082      -  2226 4891s
 31104 21873   74.53621  239 1654          -   74.56082      -  2235 5010s
 32020 22776   74.53281  279 1614          -   74.56082      -  2240 5128s
 33235 23999   74.55923  156 1677          -   74.56082      -  2225 5238s
 34806 24538   74.55978  194 1640          -   74.56082      -  2189 5344s
 35575 25054   74.56082  117 1586          -   74.56082      -  2195 5450s
 36309 25874 infeasible  152               -   74.56082      -  2206 5557s
 37409 26419 infeasible  219               -   74.56082      -  2196 5661s
 38196 26860   74.56082  162 1571          -   74.56082      -  2203 5772s
 38811 27526   74.56082  196 1580          -   74.56082      -  2219 5893s
 39819 28319   74.54669  237 1647          -   74.56082      -  2212 6010s
 41004 28775   74.56082  141 1552          -   74.56082      -  2193 6118s
 41680 29239   74.56082  203 1560          -   74.56082      -  2206 6230s
 42412 29778   69.81209  233 1628          -   74.56082      -  2215 6347s
 43251 30145   74.56082  135 1558          -   74.56082      -  2218 6460s
 43852 30436 infeasible  204               -   74.56082      -  2233 6580s
 44341 30837   74.56082  195 1572          -   74.56082      -  2248 6706s
 44882 31422   74.56082  208 1608          -   74.56082      -  2268 6831s
 45787 32033   74.56078  221 1600          -   74.56082      -  2268 6963s
 46576 32471 infeasible  165               -   74.56082      -  2273 7087s
 47308 32780 infeasible  182               -   74.56082      -  2282 7212s
 47959 33405   74.56082  209 1635          -   74.56082      -  2295 7345s
 48972 33799   74.56082  219 1597          -   74.56082      -  2294 7478s
 49728 34435 infeasible  238               -   74.56082      -  2303 7610s
 50656 34492   74.56082  196 1572          -   74.56082      -  2305 7905s
 50717 35054   74.56082  198 1564          -   74.56082      -  2305 8034s
 51485 35349   74.55915  221 1610          -   74.56082      -  2314 8166s
 52158 35899   74.51516  241 1600          -   74.56082      -  2327 8300s
 52970 36448   74.56082  162 1583          -   74.56082      -  2335 8451s
 53787 36905   74.56082  219 1587          -   74.56082      -  2346 8588s
 54556 37425 infeasible  184               -   74.56082      -  2353 8721s
 55452 37892   74.55904  152 1592          -   74.56082      -  2357 8860s
 56265 38498   74.56055  187 1623          -   74.56082      -  2367 8992s
 57219 39149 infeasible  263               -   74.56082      -  2370 9121s
 58142 39557 infeasible  212               -   74.56082      -  2373 9253s
 58916 40359   74.55934  210 1597          -   74.56082      -  2382 9390s
 60120 40783   74.56033  206 1634          -   74.56082      -  2376 9522s
 60968 41237   74.56082  172 1551          -   74.56082      -  2381 9659s
 61530 41562   74.56082  206 1547          -   74.56082      -  2398 9804s
 61997 42059   74.56082  238 1562          -   74.56082      -  2416 9942s
 62734 42509   74.56082  250 1581          -   74.56082      -  2427 10080s
 63548 43253   74.55992  277 1667          -   74.56082      -  2435 10224s
 64722 43649   74.56082  195 1555          -   74.56082      -  2431 10366s
 65364 44257   74.56082  228 1611          -   74.56082      -  2442 10512s
 66268 44795   74.56082  253 1599          -   74.56082      -  2447 10665s
 67160 45427   74.55919  273 1636          -   74.56082      -  2452 10808s
 68314 45876   74.56082  221 1555          -   74.56082      -  2447 10959s
 68997 46147   74.56082  242 1591          -   74.56082      -  2457 11105s
 69606 46436   74.56082  270 1587          -   74.56082      -  2470 11259s
 70177 46851   74.56082  207 1589          -   74.56082      -  2485 11414s
 70868 47070   74.56082  237 1603          -   74.56082      -  2497 11578s
 71451 47511   74.56082  259 1563          -   74.56082      -  2511 11745s
 72224 47964 infeasible  288               -   74.56082      -  2520 11908s
 72925 48394   74.55750  246 1634          -   74.56082      -  2531 12073s
 73815 48644   74.56002  197 1649          -   74.56082      -  2539 12405s
 74171 48938   74.56002  197 1650          -   74.56082      -  2530 12613s
 74735 49705   74.55956  219 1659          -   74.56082      -  2539 12791s
 76242 50290   74.55822  265 1642          -   74.56082      -  2528 12953s
 77449 50700 infeasible  295               -   74.56082      -  2526 13112s
 78221 51103   74.56082  246 1578          -   74.56082      -  2535 13277s
 78954 51618 infeasible  271               -   74.56082      -  2543 13439s
 79805 51949   74.56082  234 1596          -   74.56082      -  2551 13597s
 80408 52344   74.55825  271 1616          -   74.56082      -  2565 13759s
 81165 52824   74.56082  209 1569          -   74.56082      -  2574 13923s
 81987 53206   74.56082  267 1591          -   74.56082      -  2583 14091s
 82627 53550   74.56082  241 1564          -   74.56082      -  2596 14264s
 83247 53856   74.56082  210 1572          -   74.56082      -  2610 14441s
 84041 54118   74.56082  242 1594          -   74.56082      -  2621 14628s
 84575 54533   74.55908  239 1608          -   74.56082      -  2638 14816s
 85260 55271   74.56082  234 1614          -   74.56082      -  2651 15000s
 86428 55834 infeasible  273               -   74.56082      -  2651 15169s
 87533 56146 infeasible  295               -   74.56082      -  2653 15352s
 88141 56540 infeasible  278               -   74.56082      -  2667 15538s
 88901 57083   74.56082  258 1610          -   74.56082      -  2677 15728s
 89946 57348 infeasible  232               -   74.56082      -  2679 15917s
 90621 58048   74.55853  201 1605          -   74.56082      -  2691 16106s
 91875 58373   74.56082  237 1594          -   74.56082      -  2687 16200s

Cutting planes:
  Learned: 48
  Implied bound: 31
  MIR: 1
  Flow cover: 7
  RLT: 1344
  Relax-and-lift: 4

Explored 92362 nodes (248328004 simplex iterations) in 16200.03 seconds (28587.85 work units)
Thread count was 12 (of 12 available processors)

Solution count 0

Time limit reached
Best objective -, best bound 7.456081995743e+01, gap -
