
Gurobi 11.0.2 (win64) logging started Tue Nov 26 04:20:27 2024

Set parameter LogFile to value ".\Experiments\Verification_16_eps0.0001_focus2\Logs\vit_12_1_6_12_i4_r1_c3.log"
Set parameter TimeLimit to value 16200
Gurobi Optimizer version 11.0.2 build v11.0.2rc0 (win64 - Windows 10.0 (19045.2))

CPU model: Intel(R) Core(TM) i7-10750H CPU @ 2.60GHz, instruction set [SSE2|AVX|AVX2]
Thread count: 6 physical cores, 12 logical processors, using up to 12 threads

Optimize a model with 2223 rows, 4269 columns and 10376 nonzeros
Model fingerprint: 0xa05d865c
Model has 1150 quadratic constraints
Model has 210 general constraints
Variable types: 4119 continuous, 150 integer (150 binary)
Coefficient statistics:
  Matrix range     [8e-04, 2e+02]
  QMatrix range    [1e+00, 1e+00]
  QLMatrix range   [1e+00, 1e+00]
  Objective range  [1e+00, 1e+00]
  Bounds range     [1e-04, 1e+03]
  RHS range        [1e-04, 2e+02]
  QRHS range       [1e-06, 1e-06]
Presolve removed 1615 rows and 2606 columns
Presolve time: 0.03s
Presolved: 4781 rows, 1664 columns, 16239 nonzeros
Presolved model has 928 bilinear constraint(s)
Presolved model has 119 nonlinear constraint(s)

Solving non-convex MINLP

Variable types: 1648 continuous, 16 integer (16 binary)

Root relaxation: objective 8.530878e+01, 2109 iterations, 0.07 seconds (0.11 work units)

    Nodes    |    Current Node    |     Objective Bounds      |     Work
 Expl Unexpl |  Obj  Depth IntInf | Incumbent    BestBd   Gap | It/Node Time

     0     0   85.30878    0  768          -   85.30878      -     -    0s
     0     0   85.30878    0  769          -   85.30878      -     -    0s
     0     0   85.23205    0  743          -   85.23205      -     -    0s
     0     0   85.16222    0  744          -   85.16222      -     -    0s
     0     0   85.16168    0  744          -   85.16168      -     -    0s
     0     0   85.13562    0  743          -   85.13562      -     -    0s
     0     0   85.13562    0  743          -   85.13562      -     -    0s
     0     0   85.12440    0  743          -   85.12440      -     -    0s
     0     0   85.12227    0  742          -   85.12227      -     -    0s
     0     0   74.39431    0  721          -   74.39431      -     -    4s
     0     2   74.39431    0  721          -   74.39431      -     -    9s
    75    28  -14.11961   16  706          -  -10.81390      -  84.7   10s
H 2150   582                     -15.7107203  -15.65760  0.34%  80.1   14s
  2152   583  -15.71072   13    1  -15.71072  -15.65760  0.34%  80.1   16s
  2500   589  -15.65760   28  529  -15.71072  -15.65760  0.34%  84.4   20s
  4498   460  -15.68980   34  523  -15.71072  -15.65760  0.34%  88.4   26s
  6583   796  -15.69184   47  503  -15.71072  -15.68401  0.17%  82.6   33s
  8097  1168  -15.69259   44  493  -15.71072  -15.68826  0.14%  78.9   35s
  9552  1513  -15.68911   43  500  -15.71072  -15.68894  0.14%  77.1   40s
 11169  1860  -15.68944   43  498  -15.71072  -15.68926  0.14%  74.6   47s
 12161  2123  -15.70047   61  502  -15.71072  -15.68944  0.14%  76.2   50s
 14142  2489  -15.69765   57  499  -15.71072  -15.69026  0.13%  73.7   55s
 16455  2937     cutoff   66       -15.71072  -15.69128  0.12%  71.5   61s
 19083  3228  -15.69986   51  513  -15.71072  -15.69335  0.11%  69.8   67s
 20872  3409 infeasible   56       -15.71072  -15.69411  0.11%  69.9   71s
 22843  3612  -15.69706   55  497  -15.71072  -15.69522  0.10%  69.9   75s
 25434  3839     cutoff   54       -15.71072  -15.69615  0.09%  70.7   80s
 28846  3708  -15.69955   53  500  -15.71072  -15.69718  0.09%  69.8   86s
 33364  3415     cutoff   62       -15.71072  -15.69846  0.08%  67.0   92s
 35642  3030     cutoff   66       -15.71072  -15.69879  0.08%  65.5   95s
 40280  2014  -15.70335   53  473  -15.71072  -15.69980  0.07%  62.2  102s
 42841  1505     cutoff   56       -15.71072  -15.69986  0.07%  60.5  105s
 46313  2066  -15.71033   86  421  -15.71072  -15.70149  0.06%  58.5  110s
 50823  3289  -15.71052   94  390  -15.71072  -15.70366  0.04%  56.7  116s
 53471  4032     cutoff   97       -15.71072  -15.70387  0.04%  55.7  120s
 56491  4670     cutoff   71       -15.71072  -15.70728  0.02%  54.5  126s
 57742  5029  -15.71026   97  400  -15.71072  -15.70779  0.02%  54.0  130s
 62915  6819  -15.70996   84  434  -15.71072  -15.70842  0.01%  52.3  140s
 65743  7760     cutoff   59       -15.71072  -15.70855  0.01%  51.3  145s
 71496  9579  -15.71059   70  453  -15.71072  -15.70881  0.01%  49.1  152s
 73725 10444     cutoff   77       -15.71072  -15.70884  0.01%  48.5  158s
 76046 11291     cutoff   84       -15.71072  -15.70886  0.01%  47.8  162s
 78799 12224     cutoff   83       -15.71072  -15.70888  0.01%  47.2  165s
 81604 13155  -15.70987   84  455  -15.71072  -15.70905  0.01%  46.4  171s
 84387 14125  -15.70946   68  467  -15.71072  -15.70907  0.01%  45.9  175s
 90013 15769  -15.70986   85  434  -15.71072  -15.70911  0.01%  44.9  182s
 92433 16470  -15.71043   76  444  -15.71072  -15.70911  0.01%  44.6  186s
 97335 18077     cutoff   79       -15.71072  -15.70914  0.01%  43.9  194s

Cutting planes:
  MIR: 3
  Flow cover: 1
  RLT: 10
  Relax-and-lift: 1

Explored 99939 nodes (4355662 simplex iterations) in 194.55 seconds (192.52 work units)
Thread count was 12 (of 12 available processors)

Solution count 1: -15.7107 

Optimal solution found (tolerance 1.00e-04)
Best objective -1.571072032825e+01, best bound -1.570915053674e+01, gap 0.0100%
